446  [main] INFO  test.java.LogTest - ______________________________________class test.java.LogTest______________________________________
636  [main] DEBUG main.Driver.WebDriverFactory - Requested driver: Capabilities [{browserName=firefox}]:null. Driver uses count = 1
5976 [main] INFO  m.Driver.MyWebDriverEventListener - WebDriver navigating to:'https://testun.com.ua/sys/sys/test_cookie_key'
7030 [main] INFO  m.Driver.MyWebDriverEventListener - WebDriver navigating to:'https://testun.com.ua/'
17048 [main] DEBUG m.Driver.MyWebDriverEventListener - Webdriver will click on element tag:a |id:  |text: ('English')
19264 [main] DEBUG m.Driver.MyWebDriverEventListener - hope Webdriver clicked on element tag:a |id:  |text: ('English')
19473 [main] INFO  test.java.LogTest - ------------------------waitForPageLoaded true
19516 [main] DEBUG m.Driver.MyWebDriverEventListener - Webdriver will click on element tag:a |id:  |text: ('Русский')
19737 [main] DEBUG m.Driver.MyWebDriverEventListener - hope Webdriver clicked on element tag:a |id:  |text: ('Русский')
20376 [main] INFO  test.java.LogTest - ------------------------waitForPageLoaded true
20391 [main] INFO  test.java.LogTest - _______________________________Test = googleValidLogin()_______________________________
23407 [main] INFO  m.Driver.MyWebDriverEventListener - WebDriver navigating to:'https://accounts.google.com'
24108 [main] INFO  m.Driver.MyWebDriverEventListener - WebDriver navigating to:'https://accounts.google.com'
27446 [main] DEBUG m.Driver.MyWebDriverEventListener - WebDriver changing value in element found By.id: Passwd from 'tag:input |id: Passwd |text: ('')
27966 [main] DEBUG m.Driver.MyWebDriverEventListener - WebDriver changing value in element found By.id: Passwd from 'tag:input |id: Passwd |text: ('')
27994 [main] DEBUG m.Driver.MyWebDriverEventListener - WebDriver changing value in element found By.id: Email from 'tag:input |id: Email |text: ('')
29302 [main] DEBUG m.Driver.MyWebDriverEventListener - WebDriver changing value in element found By.id: Email from 'tag:input |id: Email |text: ('')
29338 [main] DEBUG m.Driver.MyWebDriverEventListener - Webdriver will click on element tag:input |id: signIn |text: ('')
30467 [main] DEBUG m.Driver.MyWebDriverEventListener - hope Webdriver clicked on element tag:input |id: signIn |text: ('')
30967 [main] INFO  m.Driver.MyWebDriverEventListener - WebDriver navigating to:'https://testun.com.ua/'
31734 [main] DEBUG m.Driver.MyWebDriverEventListener - Webdriver will click on element tag:a |id: js_header_signin |text: ('Войти')
33381 [main] DEBUG m.Driver.MyWebDriverEventListener - hope Webdriver clicked on element tag:a |id: js_header_signin |text: ('Войти')
33488 [main] INFO  test.java.LogTest - ------------------------waitForPageLoaded true
33576 [main] DEBUG m.Driver.MyWebDriverEventListener - Webdriver will click on element tag:a |id:  |text: ('Вход через Google')
34827 [main] DEBUG m.Driver.MyWebDriverEventListener - hope Webdriver clicked on element tag:a |id:  |text: ('Вход через Google')
37866 [main] INFO  test.java.LogTest - ------------------------waitForPageLoaded true
39548 [main] DEBUG m.Driver.MyWebDriverEventListener - Webdriver will click on element tag:a |id: logout |text: ('Выйти')
40087 [main] DEBUG m.Driver.MyWebDriverEventListener - hope Webdriver clicked on element tag:a |id: logout |text: ('Выйти')
40903 [main] INFO  test.java.LogTest - ------------------------waitForPageLoaded true
40913 [main] INFO  m.Driver.MyWebDriverEventListener - WebDriver navigating to:'https://accounts.google.com'
42777 [main] INFO  test.java.LogTest - >>>>>>>>>>@AfterMethod<<<<<<<<<
45785 [main] ERROR test.java.LogTest - ----------------------------------------------------------------------js error----------------------------------------------------------------------
45785 [main] ERROR test.java.LogTest - javascript error 1.SyntaxError: Using //@ to indicate sourceURL pragmas is deprecated. Use //# instead [https://www.google.com/settings/_/scs/ac-static/_/js/k=ac.s2.ru.4d88A98JX5Q.O/m=b2,s2_p/am=QwDAAg/rt=j/d=1/rs=AItRSTMruvC_97ZjYQSbjFNC6pwSvg-GJQ:123]
45785 [main] ERROR test.java.LogTest - ----------------------------------------------------------------------js error----------------------------------------------------------------------
45807 [main] INFO  test.java.LogTest - ______________________________________class test.java.LogTest______________________________________
45807 [main] DEBUG main.Driver.WebDriverFactory - Requested driver: Capabilities [{browserName=firefox}]:null. Driver uses count = 2
45811 [main] DEBUG main.Driver.WebDriverFactory - getDriver: Current url: https://accounts.google.com/ServiceLogin?passive=1209600&continue=https://www.google.com/settings/personalinfo&followup=https://www.google.com/settings/personalinfo
45816 [main] INFO  m.Driver.MyWebDriverEventListener - WebDriver navigating to:'https://testun.com.ua/sys/sys/test_cookie_key'
45990 [main] INFO  m.Driver.MyWebDriverEventListener - WebDriver navigating to:'https://testun.com.ua/'
46809 [main] DEBUG m.Driver.MyWebDriverEventListener - Webdriver will click on element tag:a |id:  |text: ('Русский')
47548 [main] DEBUG m.Driver.MyWebDriverEventListener - hope Webdriver clicked on element tag:a |id:  |text: ('Русский')
47565 [main] INFO  test.java.LogTest - ------------------------waitForPageLoaded true
47636 [main] DEBUG m.Driver.MyWebDriverEventListener - Webdriver will click on element tag:a |id:  |text: ('Русский')
47813 [main] DEBUG m.Driver.MyWebDriverEventListener - hope Webdriver clicked on element tag:a |id:  |text: ('Русский')
47818 [main] INFO  test.java.LogTest - ------------------------waitForPageLoaded true
47828 [main] INFO  test.java.LogTest - _______________________Test = googleValidLoginPopup_______________________
50880 [main] DEBUG m.Driver.MyWebDriverEventListener - Webdriver will click on element tag:a |id: js_header_signin |text: ('Войти')
51634 [main] DEBUG m.Driver.MyWebDriverEventListener - hope Webdriver clicked on element tag:a |id: js_header_signin |text: ('Войти')
51641 [main] INFO  test.java.LogTest - ------------------------waitForPageLoaded true
51727 [main] DEBUG m.Driver.MyWebDriverEventListener - Webdriver will click on element tag:a |id:  |text: ('Вход через Google')
53357 [main] DEBUG m.Driver.MyWebDriverEventListener - hope Webdriver clicked on element tag:a |id:  |text: ('Вход через Google')
55027 [main] DEBUG m.Driver.MyWebDriverEventListener - WebDriver changing value in element found By.id: Passwd from 'tag:input |id: Passwd |text: ('')
55548 [main] DEBUG m.Driver.MyWebDriverEventListener - WebDriver changing value in element found By.id: Passwd from 'tag:input |id: Passwd |text: ('')
55575 [main] DEBUG m.Driver.MyWebDriverEventListener - WebDriver changing value in element found By.id: Email from 'tag:input |id: Email |text: ('')
56176 [main] DEBUG m.Driver.MyWebDriverEventListener - WebDriver changing value in element found By.id: Email from 'tag:input |id: Email |text: ('')
56210 [main] DEBUG m.Driver.MyWebDriverEventListener - Webdriver will click on element tag:input |id: signIn |text: ('')
57935 [main] DEBUG m.Driver.MyWebDriverEventListener - hope Webdriver clicked on element tag:input |id: signIn |text: ('')
59908 [main] INFO  test.java.LogTest - ------------------------waitForPageLoaded true
62681 [main] DEBUG m.Driver.MyWebDriverEventListener - Webdriver will click on element tag:a |id: logout |text: ('Выйти')
63218 [main] DEBUG m.Driver.MyWebDriverEventListener - hope Webdriver clicked on element tag:a |id: logout |text: ('Выйти')
63223 [main] INFO  test.java.LogTest - ------------------------waitForPageLoaded false
64728 [main] INFO  test.java.LogTest - ------------------------waitForPageLoaded true
64872 [main] INFO  m.Driver.MyWebDriverEventListener - WebDriver navigating to:'https://accounts.google.com'
67408 [main] INFO  test.java.LogTest - >>>>>>>>>>@AfterMethod<<<<<<<<<
70414 [main] ERROR test.java.LogTest - ----------------------------------------------------------------------js error----------------------------------------------------------------------
70414 [main] ERROR test.java.LogTest - javascript error 1.SyntaxError: Using //@ to indicate sourceURL pragmas is deprecated. Use //# instead [https://www.google.com/settings/_/scs/ac-static/_/js/k=ac.s2.ru.4d88A98JX5Q.O/m=b2,s2_p/am=QwDAAg/rt=j/d=1/rs=AItRSTMruvC_97ZjYQSbjFNC6pwSvg-GJQ:123]
70414 [main] ERROR test.java.LogTest - ----------------------------------------------------------------------js error----------------------------------------------------------------------
70435 [main] INFO  test.java.LogTest - ______________________________________class test.java.LogTest______________________________________
70435 [main] DEBUG main.Driver.WebDriverFactory - Requested driver: Capabilities [{browserName=firefox}]:null. Driver uses count = 3
70439 [main] DEBUG main.Driver.WebDriverFactory - getDriver: Current url: https://accounts.google.com/ServiceLogin?passive=1209600&continue=https://www.google.com/settings/personalinfo&followup=https://www.google.com/settings/personalinfo
70442 [main] INFO  m.Driver.MyWebDriverEventListener - WebDriver navigating to:'https://testun.com.ua/sys/sys/test_cookie_key'
70628 [main] INFO  m.Driver.MyWebDriverEventListener - WebDriver navigating to:'https://testun.com.ua/'
71428 [main] DEBUG m.Driver.MyWebDriverEventListener - Webdriver will click on element tag:a |id:  |text: ('Русский')
72167 [main] DEBUG m.Driver.MyWebDriverEventListener - hope Webdriver clicked on element tag:a |id:  |text: ('Русский')
72171 [main] INFO  test.java.LogTest - ------------------------waitForPageLoaded true
72242 [main] DEBUG m.Driver.MyWebDriverEventListener - Webdriver will click on element tag:a |id:  |text: ('Русский')
72400 [main] DEBUG m.Driver.MyWebDriverEventListener - hope Webdriver clicked on element tag:a |id:  |text: ('Русский')
72404 [main] INFO  test.java.LogTest - ------------------------waitForPageLoaded true
72412 [main] INFO  test.java.LogTest - _______________________________Test = facebookValidLogin()_______________________________
72412 [main] INFO  m.Driver.MyWebDriverEventListener - WebDriver navigating to:'https://www.facebook.com/'
74210 [main] DEBUG m.Driver.MyWebDriverEventListener - WebDriver changing value in element found By.id: email from 'tag:input |id: email |text: ('')
74816 [main] DEBUG m.Driver.MyWebDriverEventListener - WebDriver changing value in element found By.id: email from 'tag:input |id: email |text: ('')
74848 [main] DEBUG m.Driver.MyWebDriverEventListener - WebDriver changing value in element found By.id: pass from 'tag:input |id: pass |text: ('')
75244 [main] DEBUG m.Driver.MyWebDriverEventListener - WebDriver changing value in element found By.id: pass from 'tag:input |id: pass |text: ('')
75283 [main] DEBUG m.Driver.MyWebDriverEventListener - Webdriver will click on element tag:input |id: u_0_n |text: ('')
75809 [main] DEBUG m.Driver.MyWebDriverEventListener - hope Webdriver clicked on element tag:input |id: u_0_n |text: ('')
76309 [main] INFO  m.Driver.MyWebDriverEventListener - WebDriver navigating to:'https://testun.com.ua/'
77558 [main] DEBUG m.Driver.MyWebDriverEventListener - Webdriver will click on element tag:a |id: js_header_signin |text: ('Войти')
77962 [main] DEBUG m.Driver.MyWebDriverEventListener - hope Webdriver clicked on element tag:a |id: js_header_signin |text: ('Войти')
77967 [main] INFO  test.java.LogTest - ------------------------waitForPageLoaded true
78112 [main] DEBUG m.Driver.MyWebDriverEventListener - Webdriver will click on element tag:a |id:  |text: ('Вход через Facebook')
79407 [main] DEBUG m.Driver.MyWebDriverEventListener - hope Webdriver clicked on element tag:a |id:  |text: ('Вход через Facebook')
81247 [main] INFO  test.java.LogTest - ------------------------waitForPageLoaded true
82866 [main] DEBUG m.Driver.MyWebDriverEventListener - Webdriver will click on element tag:a |id: logout |text: ('Выйти')
83410 [main] DEBUG m.Driver.MyWebDriverEventListener - hope Webdriver clicked on element tag:a |id: logout |text: ('Выйти')
84274 [main] INFO  test.java.LogTest - ------------------------waitForPageLoaded true
84293 [main] INFO  m.Driver.MyWebDriverEventListener - WebDriver navigating to:'https://www.facebook.com/'
87491 [main] INFO  test.java.LogTest - >>>>>>>>>>@AfterMethod<<<<<<<<<
90518 [main] INFO  test.java.LogTest - ______________________________________class test.java.LogTest______________________________________
90518 [main] DEBUG main.Driver.WebDriverFactory - Requested driver: Capabilities [{browserName=firefox}]:null. Driver uses count = 4
90522 [main] DEBUG main.Driver.WebDriverFactory - getDriver: Current url: https://www.facebook.com/
90525 [main] INFO  m.Driver.MyWebDriverEventListener - WebDriver navigating to:'https://testun.com.ua/sys/sys/test_cookie_key'
90734 [main] INFO  m.Driver.MyWebDriverEventListener - WebDriver navigating to:'https://testun.com.ua/'
91858 [main] DEBUG m.Driver.MyWebDriverEventListener - Webdriver will click on element tag:a |id:  |text: ('Русский')
92614 [main] DEBUG m.Driver.MyWebDriverEventListener - hope Webdriver clicked on element tag:a |id:  |text: ('Русский')
92620 [main] INFO  test.java.LogTest - ------------------------waitForPageLoaded true
92690 [main] DEBUG m.Driver.MyWebDriverEventListener - Webdriver will click on element tag:a |id:  |text: ('Русский')
93019 [main] DEBUG m.Driver.MyWebDriverEventListener - hope Webdriver clicked on element tag:a |id:  |text: ('Русский')
93226 [main] INFO  test.java.LogTest - ------------------------waitForPageLoaded true
93246 [main] INFO  test.java.LogTest - _______________________________Test = facebookValidLoginPopup()_______________________________
96331 [main] DEBUG m.Driver.MyWebDriverEventListener - Webdriver will click on element tag:a |id: js_header_signin |text: ('Войти')
97117 [main] DEBUG m.Driver.MyWebDriverEventListener - hope Webdriver clicked on element tag:a |id: js_header_signin |text: ('Войти')
97123 [main] INFO  test.java.LogTest - ------------------------waitForPageLoaded true
97245 [main] DEBUG m.Driver.MyWebDriverEventListener - Webdriver will click on element tag:a |id:  |text: ('Вход через Facebook')
98723 [main] DEBUG m.Driver.MyWebDriverEventListener - hope Webdriver clicked on element tag:a |id:  |text: ('Вход через Facebook')
100002 [main] DEBUG m.Driver.MyWebDriverEventListener - WebDriver changing value in element found By.id: email from 'tag:input |id: email |text: ('')
100604 [main] DEBUG m.Driver.MyWebDriverEventListener - WebDriver changing value in element found By.id: email from 'tag:input |id: email |text: ('')
100636 [main] DEBUG m.Driver.MyWebDriverEventListener - WebDriver changing value in element found By.id: pass from 'tag:input |id: pass |text: ('')
101048 [main] DEBUG m.Driver.MyWebDriverEventListener - WebDriver changing value in element found By.id: pass from 'tag:input |id: pass |text: ('')
101085 [main] DEBUG m.Driver.MyWebDriverEventListener - Webdriver will click on element tag:input |id: u_0_1 |text: ('')
102700 [main] DEBUG m.Driver.MyWebDriverEventListener - hope Webdriver clicked on element tag:input |id: u_0_1 |text: ('')
105652 [main] INFO  test.java.LogTest - ------------------------waitForPageLoaded true
108294 [main] DEBUG m.Driver.MyWebDriverEventListener - Webdriver will click on element tag:a |id: logout |text: ('Выйти')
108829 [main] DEBUG m.Driver.MyWebDriverEventListener - hope Webdriver clicked on element tag:a |id: logout |text: ('Выйти')
108833 [main] INFO  test.java.LogTest - ------------------------waitForPageLoaded false
109706 [main] INFO  test.java.LogTest - ------------------------waitForPageLoaded true
109715 [main] INFO  m.Driver.MyWebDriverEventListener - WebDriver navigating to:'https://www.facebook.com/'
112695 [main] INFO  test.java.LogTest - >>>>>>>>>>@AfterMethod<<<<<<<<<
115727 [main] INFO  test.java.LogTest - ______________________________________class test.java.LogTest______________________________________
115727 [main] DEBUG main.Driver.WebDriverFactory - Requested driver: Capabilities [{browserName=firefox}]:null. Driver uses count = 5
115731 [main] DEBUG main.Driver.WebDriverFactory - getDriver: Current url: https://www.facebook.com/
115734 [main] INFO  m.Driver.MyWebDriverEventListener - WebDriver navigating to:'https://testun.com.ua/sys/sys/test_cookie_key'
115918 [main] INFO  m.Driver.MyWebDriverEventListener - WebDriver navigating to:'https://testun.com.ua/'
116949 [main] DEBUG m.Driver.MyWebDriverEventListener - Webdriver will click on element tag:a |id:  |text: ('Русский')
117712 [main] DEBUG m.Driver.MyWebDriverEventListener - hope Webdriver clicked on element tag:a |id:  |text: ('Русский')
117719 [main] INFO  test.java.LogTest - ------------------------waitForPageLoaded true
117944 [main] DEBUG m.Driver.MyWebDriverEventListener - Webdriver will click on element tag:a |id:  |text: ('Русский')
118097 [main] DEBUG m.Driver.MyWebDriverEventListener - hope Webdriver clicked on element tag:a |id:  |text: ('Русский')
118113 [main] INFO  test.java.LogTest - ------------------------waitForPageLoaded true
118124 [main] INFO  test.java.LogTest - _______________________Test = loginFromVideoPay _______________________
121133 [main] INFO  m.Driver.MyWebDriverEventListener - WebDriver navigating to:'https://testun.com.ua//search'
122966 [main] DEBUG m.Driver.MyWebDriverEventListener - Webdriver will click on element tag:a |id:  |text: ('Записи встреч
105')
124739 [main] DEBUG m.Driver.MyWebDriverEventListener - hope Webdriver clicked on element tag:a |id:  |text: ('Записи встреч
105')
125256 [main] INFO  test.java.LogTest - ------------------------waitForPageLoaded true
125382 [main] DEBUG m.Driver.MyWebDriverEventListener - Webdriver will click on element tag:a |id:  |text: ('00:02
22.05.14 в 12:57
dgf
Сергей Крылов
1 TBM')
126955 [main] DEBUG m.Driver.MyWebDriverEventListener - hope Webdriver clicked on element tag:a |id:  |text: ('00:02
22.05.14 в 12:57
dgf
Сергей Крылов
1 TBM')
127031 [main] ERROR test.java.LogTest - ------------------------> Ошибка на странице:"Поиск".Текст переменной:cebook_Message ***not defined***"
127480 [main] DEBUG m.Driver.MyWebDriverEventListener - Webdriver will click on element tag:a |id:  |text: ('Купить видео')
128295 [main] DEBUG m.Driver.MyWebDriverEventListener - hope Webdriver clicked on element tag:a |id:  |text: ('Купить видео')
128305 [main] INFO  test.java.LogTest - ------------------------waitForPageLoaded true
128395 [main] DEBUG m.Driver.MyWebDriverEventListener - Webdriver will click on element tag:a |id:  |text: ('войдите')
129125 [main] DEBUG m.Driver.MyWebDriverEventListener - hope Webdriver clicked on element tag:a |id:  |text: ('войдите')
129163 [main] DEBUG m.Driver.MyWebDriverEventListener - WebDriver changing value in element found By.id: login_email from 'tag:input |id: login_email |text: ('')
129751 [main] DEBUG m.Driver.MyWebDriverEventListener - WebDriver changing value in element found By.id: login_email from 'tag:input |id: login_email |text: ('')
129783 [main] DEBUG m.Driver.MyWebDriverEventListener - WebDriver changing value in element found By.id: login_password from 'tag:input |id: login_password |text: ('')
130368 [main] DEBUG m.Driver.MyWebDriverEventListener - WebDriver changing value in element found By.id: login_password from 'tag:input |id: login_password |text: ('')
130403 [main] DEBUG m.Driver.MyWebDriverEventListener - Webdriver will click on element tag:input |id: login_button |text: ('')
131180 [main] DEBUG m.Driver.MyWebDriverEventListener - hope Webdriver clicked on element tag:input |id: login_button |text: ('')
132172 [main] INFO  test.java.LogTest - ------------------------waitForPageLoaded true
134386 [main] DEBUG m.Driver.MyWebDriverEventListener - Webdriver will click on element tag:a |id: logout |text: ('Выйти')
134921 [main] DEBUG m.Driver.MyWebDriverEventListener - hope Webdriver clicked on element tag:a |id: logout |text: ('Выйти')
134925 [main] INFO  test.java.LogTest - ------------------------waitForPageLoaded false
135805 [main] INFO  test.java.LogTest - ------------------------waitForPageLoaded true
135814 [main] INFO  test.java.LogTest - >>>>>>>>>>@AfterMethod<<<<<<<<<
138897 [main] ERROR test.java.LogTest - ------------------------> Ошибка на странице:"Tutorsband".Текст переменной:cebook_Message ***not defined***"
138898 [main] INFO  test.java.LogTest - ______________________________________class test.java.LogTest______________________________________
138898 [main] DEBUG main.Driver.WebDriverFactory - Requested driver: Capabilities [{browserName=firefox}]:null. Driver uses count = 6
138901 [main] DEBUG main.Driver.WebDriverFactory - getDriver: Current url: https://testun.com.ua/
138927 [main] INFO  m.Driver.MyWebDriverEventListener - WebDriver navigating to:'https://testun.com.ua/sys/sys/test_cookie_key'
139042 [main] INFO  m.Driver.MyWebDriverEventListener - WebDriver navigating to:'https://testun.com.ua/'
139896 [main] DEBUG m.Driver.MyWebDriverEventListener - Webdriver will click on element tag:a |id:  |text: ('Русский')
140674 [main] DEBUG m.Driver.MyWebDriverEventListener - hope Webdriver clicked on element tag:a |id:  |text: ('Русский')
140707 [main] INFO  test.java.LogTest - ------------------------waitForPageLoaded true
140835 [main] DEBUG m.Driver.MyWebDriverEventListener - Webdriver will click on element tag:a |id:  |text: ('Русский')
141021 [main] DEBUG m.Driver.MyWebDriverEventListener - hope Webdriver clicked on element tag:a |id:  |text: ('Русский')
141026 [main] INFO  test.java.LogTest - ------------------------waitForPageLoaded true
141035 [main] INFO  test.java.LogTest - _______________________Test = invalidLoginNoEmail_______________________
141118 [main] DEBUG m.Driver.MyWebDriverEventListener - Webdriver will click on element tag:a |id: js_header_signin |text: ('Войти')
141992 [main] DEBUG m.Driver.MyWebDriverEventListener - hope Webdriver clicked on element tag:a |id: js_header_signin |text: ('Войти')
142024 [main] INFO  test.java.LogTest - ------------------------waitForPageLoaded true
142119 [main] DEBUG m.Driver.MyWebDriverEventListener - WebDriver changing value in element found By.id: login_email from 'tag:input |id: login_email |text: ('')
142204 [main] DEBUG m.Driver.MyWebDriverEventListener - WebDriver changing value in element found By.id: login_email from 'tag:input |id: login_email |text: ('')
142428 [main] DEBUG m.Driver.MyWebDriverEventListener - WebDriver changing value in element found By.id: login_password from 'tag:input |id: login_password |text: ('')
143129 [main] DEBUG m.Driver.MyWebDriverEventListener - WebDriver changing value in element found By.id: login_password from 'tag:input |id: login_password |text: ('')
143198 [main] DEBUG m.Driver.MyWebDriverEventListener - Webdriver will click on element tag:input |id: login_button |text: ('')
145394 [main] DEBUG m.Driver.MyWebDriverEventListener - hope Webdriver clicked on element tag:input |id: login_button |text: ('')
145632 [main] ERROR test.java.LogTest - ------------------------> Ошибка на странице:"Tutorsband".Текст переменной:cebook_Message ***not defined***"
145678 [main] INFO  test.java.LogTest - >>>>>>>>>>@AfterMethod<<<<<<<<<
148757 [main] ERROR test.java.LogTest - ------------------------> Ошибка на странице:"Tutorsband".Текст переменной:cebook_Message ***not defined***"
148757 [main] INFO  test.java.LogTest - ______________________________________class test.java.LogTest______________________________________
148757 [main] DEBUG main.Driver.WebDriverFactory - Requested driver: Capabilities [{browserName=firefox}]:null. Driver uses count = 7
148762 [main] DEBUG main.Driver.WebDriverFactory - getDriver: Current url: https://testun.com.ua/#signin
148766 [main] INFO  m.Driver.MyWebDriverEventListener - WebDriver navigating to:'https://testun.com.ua/sys/sys/test_cookie_key'
148924 [main] INFO  m.Driver.MyWebDriverEventListener - WebDriver navigating to:'https://testun.com.ua/'
149861 [main] DEBUG m.Driver.MyWebDriverEventListener - Webdriver will click on element tag:a |id:  |text: ('Русский')
151848 [main] DEBUG m.Driver.MyWebDriverEventListener - hope Webdriver clicked on element tag:a |id:  |text: ('Русский')
151855 [main] INFO  test.java.LogTest - ------------------------waitForPageLoaded true
151934 [main] DEBUG m.Driver.MyWebDriverEventListener - Webdriver will click on element tag:a |id:  |text: ('Русский')
152090 [main] DEBUG m.Driver.MyWebDriverEventListener - hope Webdriver clicked on element tag:a |id:  |text: ('Русский')
152097 [main] INFO  test.java.LogTest - ------------------------waitForPageLoaded true
152108 [main] INFO  test.java.LogTest - _______________________Test = invalidLoginNoPass_______________________
152170 [main] DEBUG m.Driver.MyWebDriverEventListener - Webdriver will click on element tag:a |id: js_header_signin |text: ('Войти')
153053 [main] DEBUG m.Driver.MyWebDriverEventListener - hope Webdriver clicked on element tag:a |id: js_header_signin |text: ('Войти')
153069 [main] INFO  test.java.LogTest - ------------------------waitForPageLoaded true
153151 [main] DEBUG m.Driver.MyWebDriverEventListener - WebDriver changing value in element found By.id: login_email from 'tag:input |id: login_email |text: ('')
153800 [main] DEBUG m.Driver.MyWebDriverEventListener - WebDriver changing value in element found By.id: login_email from 'tag:input |id: login_email |text: ('')
153882 [main] DEBUG m.Driver.MyWebDriverEventListener - WebDriver changing value in element found By.id: login_password from 'tag:input |id: login_password |text: ('')
153973 [main] DEBUG m.Driver.MyWebDriverEventListener - WebDriver changing value in element found By.id: login_password from 'tag:input |id: login_password |text: ('')
154058 [main] DEBUG m.Driver.MyWebDriverEventListener - Webdriver will click on element tag:input |id: login_button |text: ('')
156242 [main] DEBUG m.Driver.MyWebDriverEventListener - hope Webdriver clicked on element tag:input |id: login_button |text: ('')
156498 [main] INFO  test.java.LogTest - >>>>>>>>>>@AfterMethod<<<<<<<<<
159590 [main] ERROR test.java.LogTest - ------------------------> Ошибка на странице:"Tutorsband".Текст переменной:cebook_Message ***not defined***"
159591 [main] INFO  test.java.LogTest - ______________________________________class test.java.LogTest______________________________________
159591 [main] DEBUG main.Driver.WebDriverFactory - Requested driver: Capabilities [{browserName=firefox}]:null. Driver uses count = 8
159597 [main] DEBUG main.Driver.WebDriverFactory - getDriver: Current url: https://testun.com.ua/#signin
159602 [main] INFO  m.Driver.MyWebDriverEventListener - WebDriver navigating to:'https://testun.com.ua/sys/sys/test_cookie_key'
159737 [main] INFO  m.Driver.MyWebDriverEventListener - WebDriver navigating to:'https://testun.com.ua/'
160800 [main] DEBUG m.Driver.MyWebDriverEventListener - Webdriver will click on element tag:a |id:  |text: ('Русский')
162804 [main] DEBUG m.Driver.MyWebDriverEventListener - hope Webdriver clicked on element tag:a |id:  |text: ('Русский')
162867 [main] INFO  test.java.LogTest - ------------------------waitForPageLoaded true
162949 [main] DEBUG m.Driver.MyWebDriverEventListener - Webdriver will click on element tag:a |id:  |text: ('Русский')
163098 [main] DEBUG m.Driver.MyWebDriverEventListener - hope Webdriver clicked on element tag:a |id:  |text: ('Русский')
163103 [main] INFO  test.java.LogTest - ------------------------waitForPageLoaded true
163114 [main] INFO  test.java.LogTest - _______________________Test = invalidLoginWrongEmail_______________________
163232 [main] DEBUG m.Driver.MyWebDriverEventListener - Webdriver will click on element tag:a |id: js_header_signin |text: ('Войти')
164182 [main] DEBUG m.Driver.MyWebDriverEventListener - hope Webdriver clicked on element tag:a |id: js_header_signin |text: ('Войти')
164217 [main] INFO  test.java.LogTest - ------------------------waitForPageLoaded true
164325 [main] DEBUG m.Driver.MyWebDriverEventListener - WebDriver changing value in element found By.id: login_email from 'tag:input |id: login_email |text: ('')
164574 [main] DEBUG m.Driver.MyWebDriverEventListener - WebDriver changing value in element found By.id: login_email from 'tag:input |id: login_email |text: ('')
164691 [main] DEBUG m.Driver.MyWebDriverEventListener - WebDriver changing value in element found By.id: login_password from 'tag:input |id: login_password |text: ('')
165353 [main] DEBUG m.Driver.MyWebDriverEventListener - WebDriver changing value in element found By.id: login_password from 'tag:input |id: login_password |text: ('')
165475 [main] DEBUG m.Driver.MyWebDriverEventListener - Webdriver will click on element tag:input |id: login_button |text: ('')
167646 [main] DEBUG m.Driver.MyWebDriverEventListener - hope Webdriver clicked on element tag:input |id: login_button |text: ('')
167946 [main] INFO  test.java.LogTest - >>>>>>>>>>@AfterMethod<<<<<<<<<
171048 [main] ERROR test.java.LogTest - ------------------------> Ошибка на странице:"Tutorsband".Текст переменной:cebook_Message ***not defined***"
171049 [main] INFO  test.java.LogTest - ______________________________________class test.java.LogTest______________________________________
171049 [main] DEBUG main.Driver.WebDriverFactory - Requested driver: Capabilities [{browserName=firefox}]:null. Driver uses count = 9
171053 [main] DEBUG main.Driver.WebDriverFactory - getDriver: Current url: https://testun.com.ua/#signin
171058 [main] INFO  m.Driver.MyWebDriverEventListener - WebDriver navigating to:'https://testun.com.ua/sys/sys/test_cookie_key'
171166 [main] INFO  m.Driver.MyWebDriverEventListener - WebDriver navigating to:'https://testun.com.ua/'
172716 [main] DEBUG m.Driver.MyWebDriverEventListener - Webdriver will click on element tag:a |id:  |text: ('Русский')
174379 [main] DEBUG m.Driver.MyWebDriverEventListener - hope Webdriver clicked on element tag:a |id:  |text: ('Русский')
174427 [main] INFO  test.java.LogTest - ------------------------waitForPageLoaded true
174520 [main] DEBUG m.Driver.MyWebDriverEventListener - Webdriver will click on element tag:a |id:  |text: ('Русский')
174665 [main] DEBUG m.Driver.MyWebDriverEventListener - hope Webdriver clicked on element tag:a |id:  |text: ('Русский')
174672 [main] INFO  test.java.LogTest - ------------------------waitForPageLoaded true
174681 [main] INFO  test.java.LogTest - _______________________Test = invalidLoginWrongPass_______________________
174754 [main] DEBUG m.Driver.MyWebDriverEventListener - Webdriver will click on element tag:a |id: js_header_signin |text: ('Войти')
175607 [main] DEBUG m.Driver.MyWebDriverEventListener - hope Webdriver clicked on element tag:a |id: js_header_signin |text: ('Войти')
175620 [main] INFO  test.java.LogTest - ------------------------waitForPageLoaded true
175739 [main] DEBUG m.Driver.MyWebDriverEventListener - WebDriver changing value in element found By.id: login_email from 'tag:input |id: login_email |text: ('')
176357 [main] DEBUG m.Driver.MyWebDriverEventListener - WebDriver changing value in element found By.id: login_email from 'tag:input |id: login_email |text: ('')
176463 [main] DEBUG m.Driver.MyWebDriverEventListener - WebDriver changing value in element found By.id: login_password from 'tag:input |id: login_password |text: ('')
176800 [main] DEBUG m.Driver.MyWebDriverEventListener - WebDriver changing value in element found By.id: login_password from 'tag:input |id: login_password |text: ('')
176871 [main] DEBUG m.Driver.MyWebDriverEventListener - Webdriver will click on element tag:input |id: login_button |text: ('')
179053 [main] DEBUG m.Driver.MyWebDriverEventListener - hope Webdriver clicked on element tag:input |id: login_button |text: ('')
179237 [main] INFO  test.java.LogTest - >>>>>>>>>>@AfterMethod<<<<<<<<<
182323 [main] ERROR test.java.LogTest - ------------------------> Ошибка на странице:"Tutorsband".Текст переменной:cebook_Message ***not defined***"
182323 [main] INFO  test.java.LogTest - ______________________________________class test.java.LogTest______________________________________
182323 [main] DEBUG main.Driver.WebDriverFactory - Requested driver: Capabilities [{browserName=firefox}]:null. Driver uses count = 10
182327 [main] DEBUG main.Driver.WebDriverFactory - getDriver: Current url: https://testun.com.ua/#signin
182330 [main] INFO  m.Driver.MyWebDriverEventListener - WebDriver navigating to:'https://testun.com.ua/sys/sys/test_cookie_key'
182479 [main] INFO  m.Driver.MyWebDriverEventListener - WebDriver navigating to:'https://testun.com.ua/'
183458 [main] DEBUG m.Driver.MyWebDriverEventListener - Webdriver will click on element tag:a |id:  |text: ('Русский')
185271 [main] DEBUG m.Driver.MyWebDriverEventListener - hope Webdriver clicked on element tag:a |id:  |text: ('Русский')
185277 [main] INFO  test.java.LogTest - ------------------------waitForPageLoaded true
185333 [main] DEBUG m.Driver.MyWebDriverEventListener - Webdriver will click on element tag:a |id:  |text: ('Русский')
185487 [main] DEBUG m.Driver.MyWebDriverEventListener - hope Webdriver clicked on element tag:a |id:  |text: ('Русский')
185493 [main] INFO  test.java.LogTest - ------------------------waitForPageLoaded true
185501 [main] INFO  test.java.LogTest - _______________________Test = loginFBHangoutPopup_______________________
188530 [main] INFO  m.Driver.MyWebDriverEventListener - WebDriver navigating to:'https://testun.com.ua//search'
189921 [main] DEBUG m.Driver.MyWebDriverEventListener - Webdriver will click on element tag:a |id:  |text: ('Проходит сейчас
17.06.14 в 13:17
2
Aleksandr Samoymon
2
Бесплатно')
191201 [main] DEBUG m.Driver.MyWebDriverEventListener - hope Webdriver clicked on element tag:a |id:  |text: ('Проходит сейчас
17.06.14 в 13:17
2
Aleksandr Samoymon
2
Бесплатно')
191294 [main] ERROR test.java.LogTest - ------------------------> Ошибка на странице:"Поиск".Текст переменной:cebook_Message ***not defined***"
191653 [main] DEBUG m.Driver.MyWebDriverEventListener - Webdriver will click on element tag:a |id: original_subscribe |text: ('Принять участие')
193069 [main] DEBUG m.Driver.MyWebDriverEventListener - hope Webdriver clicked on element tag:a |id: original_subscribe |text: ('Принять участие')
193113 [main] DEBUG m.Driver.MyWebDriverEventListener - Webdriver will click on element tag:a |id:  |text: ('войдите')
194339 [main] DEBUG m.Driver.MyWebDriverEventListener - hope Webdriver clicked on element tag:a |id:  |text: ('войдите')
194393 [main] DEBUG m.Driver.MyWebDriverEventListener - Webdriver will click on element tag:a |id:  |text: ('Вход через Facebook')
195083 [main] DEBUG m.Driver.MyWebDriverEventListener - hope Webdriver clicked on element tag:a |id:  |text: ('Вход через Facebook')
195976 [main] DEBUG m.Driver.MyWebDriverEventListener - WebDriver changing value in element found By.id: email from 'tag:input |id: email |text: ('')
196583 [main] DEBUG m.Driver.MyWebDriverEventListener - WebDriver changing value in element found By.id: email from 'tag:input |id: email |text: ('')
196613 [main] DEBUG m.Driver.MyWebDriverEventListener - WebDriver changing value in element found By.id: pass from 'tag:input |id: pass |text: ('')
197015 [main] DEBUG m.Driver.MyWebDriverEventListener - WebDriver changing value in element found By.id: pass from 'tag:input |id: pass |text: ('')
197049 [main] DEBUG m.Driver.MyWebDriverEventListener - Webdriver will click on element tag:input |id: u_0_1 |text: ('')
198674 [main] DEBUG m.Driver.MyWebDriverEventListener - hope Webdriver clicked on element tag:input |id: u_0_1 |text: ('')
201440 [main] INFO  test.java.LogTest - ------------------------waitForPageLoaded true
201447 [main] INFO  test.java.LogTest - Assert that user Vaska Ivanov takes part in conference
201469 [main] INFO  test.java.LogTest - ------------------------waitForPageLoaded true
204146 [main] DEBUG m.Driver.MyWebDriverEventListener - Webdriver will click on element tag:a |id: logout |text: ('Выйти')
204690 [main] DEBUG m.Driver.MyWebDriverEventListener - hope Webdriver clicked on element tag:a |id: logout |text: ('Выйти')
205909 [main] INFO  test.java.LogTest - ------------------------waitForPageLoaded true
205935 [main] INFO  m.Driver.MyWebDriverEventListener - WebDriver navigating to:'https://www.facebook.com/'
210285 [main] INFO  test.java.LogTest - >>>>>>>>>>@AfterMethod<<<<<<<<<
213319 [main] INFO  test.java.LogTest - ______________________________________class test.java.LogTest______________________________________
213319 [main] DEBUG main.Driver.WebDriverFactory - Requested driver: Capabilities [{browserName=firefox}]:null. Driver uses count = 11
213323 [main] DEBUG main.Driver.WebDriverFactory - getDriver: Current url: https://www.facebook.com/
213326 [main] INFO  m.Driver.MyWebDriverEventListener - WebDriver navigating to:'https://testun.com.ua/sys/sys/test_cookie_key'
213523 [main] INFO  m.Driver.MyWebDriverEventListener - WebDriver navigating to:'https://testun.com.ua/'
214368 [main] DEBUG m.Driver.MyWebDriverEventListener - Webdriver will click on element tag:a |id:  |text: ('Русский')
215449 [main] DEBUG m.Driver.MyWebDriverEventListener - hope Webdriver clicked on element tag:a |id:  |text: ('Русский')
215454 [main] INFO  test.java.LogTest - ------------------------waitForPageLoaded true
215534 [main] DEBUG m.Driver.MyWebDriverEventListener - Webdriver will click on element tag:a |id:  |text: ('Русский')
215726 [main] DEBUG m.Driver.MyWebDriverEventListener - hope Webdriver clicked on element tag:a |id:  |text: ('Русский')
215732 [main] INFO  test.java.LogTest - ------------------------waitForPageLoaded true
215745 [main] INFO  test.java.LogTest - _______________________Test = loginFromHeaderHangCreate_______________________
218836 [main] DEBUG m.Driver.MyWebDriverEventListener - Webdriver will click on element tag:a |id: js_header_singcreate |text: ('Создать видеовстречу')
219492 [main] DEBUG m.Driver.MyWebDriverEventListener - hope Webdriver clicked on element tag:a |id: js_header_singcreate |text: ('Создать видеовстречу')
219556 [main] INFO  test.java.LogTest - ------------------------waitForPageLoaded true
219725 [main] DEBUG m.Driver.MyWebDriverEventListener - Webdriver will click on element tag:a |id:  |text: ('войдите')
221498 [main] DEBUG m.Driver.MyWebDriverEventListener - hope Webdriver clicked on element tag:a |id:  |text: ('войдите')
221671 [main] DEBUG m.Driver.MyWebDriverEventListener - Webdriver will click on element tag:a |id:  |text: ('Вход через Facebook')
222546 [main] DEBUG m.Driver.MyWebDriverEventListener - hope Webdriver clicked on element tag:a |id:  |text: ('Вход через Facebook')
223238 [main] DEBUG m.Driver.MyWebDriverEventListener - WebDriver changing value in element found By.id: email from 'tag:input |id: email |text: ('')
223895 [main] DEBUG m.Driver.MyWebDriverEventListener - WebDriver changing value in element found By.id: email from 'tag:input |id: email |text: ('')
223980 [main] DEBUG m.Driver.MyWebDriverEventListener - WebDriver changing value in element found By.id: pass from 'tag:input |id: pass |text: ('')
224455 [main] DEBUG m.Driver.MyWebDriverEventListener - WebDriver changing value in element found By.id: pass from 'tag:input |id: pass |text: ('')
224516 [main] DEBUG m.Driver.MyWebDriverEventListener - Webdriver will click on element tag:input |id: u_0_1 |text: ('')
226154 [main] DEBUG m.Driver.MyWebDriverEventListener - hope Webdriver clicked on element tag:input |id: u_0_1 |text: ('')
226782 [main] ERROR test.java.LogTest - ------------------------> Ошибка на странице:"Tutorsband".Текст переменной:cebook_Message ***not defined***"
229060 [main] INFO  test.java.LogTest - ------------------------waitForPageLoaded true
231600 [main] DEBUG m.Driver.MyWebDriverEventListener - Webdriver will click on element tag:a |id: logout |text: ('Выйти')
232181 [main] DEBUG m.Driver.MyWebDriverEventListener - hope Webdriver clicked on element tag:a |id: logout |text: ('Выйти')
233053 [main] INFO  test.java.LogTest - ------------------------waitForPageLoaded true
233061 [main] INFO  m.Driver.MyWebDriverEventListener - WebDriver navigating to:'https://www.facebook.com/'
237979 [main] INFO  test.java.LogTest - >>>>>>>>>>@AfterMethod<<<<<<<<<
241008 [main] INFO  test.java.LogTest - ______________________________________class test.java.LogTest______________________________________
241008 [main] DEBUG main.Driver.WebDriverFactory - Requested driver: Capabilities [{browserName=firefox}]:null. Driver uses count = 12
241012 [main] DEBUG main.Driver.WebDriverFactory - getDriver: Current url: https://www.facebook.com/
241015 [main] INFO  m.Driver.MyWebDriverEventListener - WebDriver navigating to:'https://testun.com.ua/sys/sys/test_cookie_key'
241201 [main] INFO  m.Driver.MyWebDriverEventListener - WebDriver navigating to:'https://testun.com.ua/'
242397 [main] DEBUG m.Driver.MyWebDriverEventListener - Webdriver will click on element tag:a |id:  |text: ('Русский')
243145 [main] DEBUG m.Driver.MyWebDriverEventListener - hope Webdriver clicked on element tag:a |id:  |text: ('Русский')
243150 [main] INFO  test.java.LogTest - ------------------------waitForPageLoaded true
243352 [main] DEBUG m.Driver.MyWebDriverEventListener - Webdriver will click on element tag:a |id:  |text: ('Русский')
243502 [main] DEBUG m.Driver.MyWebDriverEventListener - hope Webdriver clicked on element tag:a |id:  |text: ('Русский')
243507 [main] INFO  test.java.LogTest - ------------------------waitForPageLoaded true
243524 [main] INFO  test.java.LogTest - _______________________Test = loginFromChat_______________________
246530 [main] INFO  m.Driver.MyWebDriverEventListener - WebDriver navigating to:'https://testun.com.ua//chat'
249004 [main] DEBUG m.Driver.MyWebDriverEventListener - WebDriver changing value in element found By.id: login_email from 'tag:input |id: login_email |text: ('')
249587 [main] DEBUG m.Driver.MyWebDriverEventListener - WebDriver changing value in element found By.id: login_email from 'tag:input |id: login_email |text: ('')
249627 [main] DEBUG m.Driver.MyWebDriverEventListener - WebDriver changing value in element found By.id: login_password from 'tag:input |id: login_password |text: ('')
250355 [main] DEBUG m.Driver.MyWebDriverEventListener - WebDriver changing value in element found By.id: login_password from 'tag:input |id: login_password |text: ('')
250529 [main] DEBUG m.Driver.MyWebDriverEventListener - Webdriver will click on element tag:input |id: login_button |text: ('')
252116 [main] DEBUG m.Driver.MyWebDriverEventListener - hope Webdriver clicked on element tag:input |id: login_button |text: ('')
253208 [main] ERROR test.java.LogTest - ------------------------> Ошибка на странице:"Тех. поддержка - Чат".Текст переменной:cebook_Message ***not defined***"
253221 [main] INFO  test.java.LogTest - ------------------------waitForPageLoaded true
255348 [main] DEBUG m.Driver.MyWebDriverEventListener - Webdriver will click on element tag:a |id: logout |text: ('Выйти')
255883 [main] DEBUG m.Driver.MyWebDriverEventListener - hope Webdriver clicked on element tag:a |id: logout |text: ('Выйти')
255887 [main] INFO  test.java.LogTest - ------------------------waitForPageLoaded false
256785 [main] INFO  test.java.LogTest - >>>>>>>>>>@AfterMethod<<<<<<<<<
259897 [main] ERROR test.java.LogTest - ------------------------> Ошибка на странице:"Tutorsband".Текст переменной:cebook_Message ***not defined***"
259897 [main] INFO  test.java.LogTest - ______________________________________class test.java.LogTest______________________________________
259897 [main] DEBUG main.Driver.WebDriverFactory - Requested driver: Capabilities [{browserName=firefox}]:null. Driver uses count = 13
259902 [main] DEBUG main.Driver.WebDriverFactory - getDriver: Current url: https://testun.com.ua/
259906 [main] INFO  m.Driver.MyWebDriverEventListener - WebDriver navigating to:'https://testun.com.ua/sys/sys/test_cookie_key'
260031 [main] INFO  m.Driver.MyWebDriverEventListener - WebDriver navigating to:'https://testun.com.ua/'
261254 [main] DEBUG m.Driver.MyWebDriverEventListener - Webdriver will click on element tag:a |id:  |text: ('Русский')
262013 [main] DEBUG m.Driver.MyWebDriverEventListener - hope Webdriver clicked on element tag:a |id:  |text: ('Русский')
262020 [main] INFO  test.java.LogTest - ------------------------waitForPageLoaded true
262191 [main] DEBUG m.Driver.MyWebDriverEventListener - Webdriver will click on element tag:a |id:  |text: ('Русский')
262366 [main] DEBUG m.Driver.MyWebDriverEventListener - hope Webdriver clicked on element tag:a |id:  |text: ('Русский')
262482 [main] INFO  test.java.LogTest - ------------------------waitForPageLoaded true
262492 [main] INFO  test.java.LogTest - _______________________Test = loginFromComments_______________________
265502 [main] INFO  m.Driver.MyWebDriverEventListener - WebDriver navigating to:'https://testun.com.ua//search'
266494 [main] DEBUG m.Driver.MyWebDriverEventListener - Webdriver will click on element tag:a |id:  |text: ('Проходит сейчас
17.06.14 в 13:17
2
Aleksandr Samoymon
3
Бесплатно')
267842 [main] DEBUG m.Driver.MyWebDriverEventListener - hope Webdriver clicked on element tag:a |id:  |text: ('Проходит сейчас
17.06.14 в 13:17
2
Aleksandr Samoymon
3
Бесплатно')
268178 [main] ERROR test.java.LogTest - ------------------------> Ошибка на странице:"Видеовстреча "2"".Текст переменной:cebook_Message ***not defined***"
268263 [main] DEBUG m.Driver.MyWebDriverEventListener - Webdriver will click on element tag:a |id:  |text: ('Войти')
269790 [main] DEBUG m.Driver.MyWebDriverEventListener - hope Webdriver clicked on element tag:a |id:  |text: ('Войти')
270487 [main] DEBUG m.Driver.MyWebDriverEventListener - WebDriver changing value in element found By.id: login_email from 'tag:input |id: login_email |text: ('')
271072 [main] DEBUG m.Driver.MyWebDriverEventListener - WebDriver changing value in element found By.id: login_email from 'tag:input |id: login_email |text: ('')
271178 [main] DEBUG m.Driver.MyWebDriverEventListener - WebDriver changing value in element found By.id: login_password from 'tag:input |id: login_password |text: ('')
271768 [main] DEBUG m.Driver.MyWebDriverEventListener - WebDriver changing value in element found By.id: login_password from 'tag:input |id: login_password |text: ('')
271803 [main] DEBUG m.Driver.MyWebDriverEventListener - Webdriver will click on element tag:input |id: login_button |text: ('')
272862 [main] DEBUG m.Driver.MyWebDriverEventListener - hope Webdriver clicked on element tag:input |id: login_button |text: ('')
273906 [main] INFO  test.java.LogTest - ------------------------waitForPageLoaded false
274415 [main] INFO  test.java.LogTest - ------------------------waitForPageLoaded true
276591 [main] DEBUG m.Driver.MyWebDriverEventListener - Webdriver will click on element tag:a |id: logout |text: ('Выйти')
277143 [main] DEBUG m.Driver.MyWebDriverEventListener - hope Webdriver clicked on element tag:a |id: logout |text: ('Выйти')
278255 [main] INFO  test.java.LogTest - ------------------------waitForPageLoaded true
278282 [main] INFO  test.java.LogTest - >>>>>>>>>>@AfterMethod<<<<<<<<<
281376 [main] ERROR test.java.LogTest - ------------------------> Ошибка на странице:"Tutorsband".Текст переменной:cebook_Message ***not defined***"
281377 [main] INFO  test.java.LogTest - ______________________________________class test.java.LogTest______________________________________
281378 [main] DEBUG main.Driver.WebDriverFactory - Requested driver: Capabilities [{browserName=firefox}]:null. Driver uses count = 14
281383 [main] DEBUG main.Driver.WebDriverFactory - getDriver: Current url: https://testun.com.ua/
281386 [main] INFO  m.Driver.MyWebDriverEventListener - WebDriver navigating to:'https://testun.com.ua/sys/sys/test_cookie_key'
281490 [main] INFO  m.Driver.MyWebDriverEventListener - WebDriver navigating to:'https://testun.com.ua/'
282460 [main] DEBUG m.Driver.MyWebDriverEventListener - Webdriver will click on element tag:a |id:  |text: ('Русский')
283301 [main] DEBUG m.Driver.MyWebDriverEventListener - hope Webdriver clicked on element tag:a |id:  |text: ('Русский')
283307 [main] INFO  test.java.LogTest - ------------------------waitForPageLoaded true
283408 [main] DEBUG m.Driver.MyWebDriverEventListener - Webdriver will click on element tag:a |id:  |text: ('Русский')
283552 [main] DEBUG m.Driver.MyWebDriverEventListener - hope Webdriver clicked on element tag:a |id:  |text: ('Русский')
283564 [main] INFO  test.java.LogTest - ------------------------waitForPageLoaded true
283576 [main] INFO  test.java.LogTest - _______________________Test = loginFromFollowers_______________________
286601 [main] INFO  m.Driver.MyWebDriverEventListener - WebDriver navigating to:'https://testun.com.ua/contacts/15301/followers'
287589 [main] DEBUG m.Driver.MyWebDriverEventListener - WebDriver changing value in element found By.id: login_email from 'tag:input |id: login_email |text: ('')
288175 [main] DEBUG m.Driver.MyWebDriverEventListener - WebDriver changing value in element found By.id: login_email from 'tag:input |id: login_email |text: ('')
288214 [main] DEBUG m.Driver.MyWebDriverEventListener - WebDriver changing value in element found By.id: login_password from 'tag:input |id: login_password |text: ('')
288800 [main] DEBUG m.Driver.MyWebDriverEventListener - WebDriver changing value in element found By.id: login_password from 'tag:input |id: login_password |text: ('')
288840 [main] DEBUG m.Driver.MyWebDriverEventListener - Webdriver will click on element tag:input |id: login_button |text: ('')
290433 [main] DEBUG m.Driver.MyWebDriverEventListener - hope Webdriver clicked on element tag:input |id: login_button |text: ('')
291195 [main] ERROR test.java.LogTest - ------------------------> Ошибка на странице:"Подписчики".Текст переменной:cebook_Message ***not defined***"
291208 [main] INFO  test.java.LogTest - ------------------------waitForPageLoaded true
293330 [main] DEBUG m.Driver.MyWebDriverEventListener - Webdriver will click on element tag:a |id: logout |text: ('Выйти')
293864 [main] DEBUG m.Driver.MyWebDriverEventListener - hope Webdriver clicked on element tag:a |id: logout |text: ('Выйти')
293868 [main] INFO  test.java.LogTest - ------------------------waitForPageLoaded false
295056 [main] INFO  test.java.LogTest - ------------------------waitForPageLoaded true
295066 [main] INFO  test.java.LogTest - >>>>>>>>>>@AfterMethod<<<<<<<<<
298159 [main] ERROR test.java.LogTest - ------------------------> Ошибка на странице:"Tutorsband".Текст переменной:cebook_Message ***not defined***"
298159 [main] INFO  test.java.LogTest - ______________________________________class test.java.LogTest______________________________________
298159 [main] DEBUG main.Driver.WebDriverFactory - Requested driver: Capabilities [{browserName=firefox}]:null. Driver uses count = 15
298164 [main] DEBUG main.Driver.WebDriverFactory - getDriver: Current url: https://testun.com.ua/
298169 [main] INFO  m.Driver.MyWebDriverEventListener - WebDriver navigating to:'https://testun.com.ua/sys/sys/test_cookie_key'
298328 [main] INFO  m.Driver.MyWebDriverEventListener - WebDriver navigating to:'https://testun.com.ua/'
299260 [main] DEBUG m.Driver.MyWebDriverEventListener - Webdriver will click on element tag:a |id:  |text: ('Русский')
300111 [main] DEBUG m.Driver.MyWebDriverEventListener - hope Webdriver clicked on element tag:a |id:  |text: ('Русский')
300134 [main] INFO  test.java.LogTest - ------------------------waitForPageLoaded true
300217 [main] DEBUG m.Driver.MyWebDriverEventListener - Webdriver will click on element tag:a |id:  |text: ('Русский')
300392 [main] DEBUG m.Driver.MyWebDriverEventListener - hope Webdriver clicked on element tag:a |id:  |text: ('Русский')
300398 [main] INFO  test.java.LogTest - ------------------------waitForPageLoaded true
300422 [main] INFO  test.java.LogTest - _______________________Test = loginFromFollowing_______________________
303463 [main] INFO  m.Driver.MyWebDriverEventListener - WebDriver navigating to:'https://testun.com.ua/contacts/15301'
304208 [main] DEBUG m.Driver.MyWebDriverEventListener - WebDriver changing value in element found By.id: login_email from 'tag:input |id: login_email |text: ('')
304799 [main] DEBUG m.Driver.MyWebDriverEventListener - WebDriver changing value in element found By.id: login_email from 'tag:input |id: login_email |text: ('')
304838 [main] DEBUG m.Driver.MyWebDriverEventListener - WebDriver changing value in element found By.id: login_password from 'tag:input |id: login_password |text: ('')
305427 [main] DEBUG m.Driver.MyWebDriverEventListener - WebDriver changing value in element found By.id: login_password from 'tag:input |id: login_password |text: ('')
305466 [main] DEBUG m.Driver.MyWebDriverEventListener - Webdriver will click on element tag:input |id: login_button |text: ('')
307143 [main] DEBUG m.Driver.MyWebDriverEventListener - hope Webdriver clicked on element tag:input |id: login_button |text: ('')
307799 [main] ERROR test.java.LogTest - ------------------------> Ошибка на странице:"Подписки".Текст переменной:cebook_Message ***not defined***"
307811 [main] INFO  test.java.LogTest - ------------------------waitForPageLoaded true
309918 [main] DEBUG m.Driver.MyWebDriverEventListener - Webdriver will click on element tag:a |id: logout |text: ('Выйти')
310453 [main] DEBUG m.Driver.MyWebDriverEventListener - hope Webdriver clicked on element tag:a |id: logout |text: ('Выйти')
311386 [main] INFO  test.java.LogTest - ------------------------waitForPageLoaded true
311406 [main] INFO  test.java.LogTest - >>>>>>>>>>@AfterMethod<<<<<<<<<
314513 [main] ERROR test.java.LogTest - ------------------------> Ошибка на странице:"Tutorsband".Текст переменной:cebook_Message ***not defined***"
314514 [main] INFO  test.java.LogTest - ______________________________________class test.java.LogTest______________________________________
314514 [main] DEBUG main.Driver.WebDriverFactory - Requested driver: Capabilities [{browserName=firefox}]:null. Driver uses count = 16
314522 [main] DEBUG main.Driver.WebDriverFactory - getDriver: Current url: https://testun.com.ua/
314528 [main] INFO  m.Driver.MyWebDriverEventListener - WebDriver navigating to:'https://testun.com.ua/sys/sys/test_cookie_key'
314639 [main] INFO  m.Driver.MyWebDriverEventListener - WebDriver navigating to:'https://testun.com.ua/'
315522 [main] DEBUG m.Driver.MyWebDriverEventListener - Webdriver will click on element tag:a |id:  |text: ('Русский')
316455 [main] DEBUG m.Driver.MyWebDriverEventListener - hope Webdriver clicked on element tag:a |id:  |text: ('Русский')
316461 [main] INFO  test.java.LogTest - ------------------------waitForPageLoaded true
316543 [main] DEBUG m.Driver.MyWebDriverEventListener - Webdriver will click on element tag:a |id:  |text: ('Русский')
316693 [main] DEBUG m.Driver.MyWebDriverEventListener - hope Webdriver clicked on element tag:a |id:  |text: ('Русский')
316698 [main] INFO  test.java.LogTest - ------------------------waitForPageLoaded true
316708 [main] INFO  test.java.LogTest - _______________________Test = loginFromHangCreate_______________________
319713 [main] INFO  m.Driver.MyWebDriverEventListener - WebDriver navigating to:'https://testun.com.ua/hangout/create'
321098 [main] DEBUG m.Driver.MyWebDriverEventListener - WebDriver changing value in element found By.id: login_email from 'tag:input |id: login_email |text: ('')
321695 [main] DEBUG m.Driver.MyWebDriverEventListener - WebDriver changing value in element found By.id: login_email from 'tag:input |id: login_email |text: ('')
321821 [main] DEBUG m.Driver.MyWebDriverEventListener - WebDriver changing value in element found By.id: login_password from 'tag:input |id: login_password |text: ('')
322411 [main] DEBUG m.Driver.MyWebDriverEventListener - WebDriver changing value in element found By.id: login_password from 'tag:input |id: login_password |text: ('')
322447 [main] DEBUG m.Driver.MyWebDriverEventListener - Webdriver will click on element tag:input |id: login_button |text: ('')
324047 [main] DEBUG m.Driver.MyWebDriverEventListener - hope Webdriver clicked on element tag:input |id: login_button |text: ('')
325151 [main] ERROR test.java.LogTest - ------------------------> Ошибка на странице:"Новая видеовстреча".Текст переменной:cebook_Message ***not defined***"
325184 [main] INFO  test.java.LogTest - ------------------------waitForPageLoaded true
327339 [main] DEBUG m.Driver.MyWebDriverEventListener - Webdriver will click on element tag:a |id: logout |text: ('Выйти')
327881 [main] DEBUG m.Driver.MyWebDriverEventListener - hope Webdriver clicked on element tag:a |id: logout |text: ('Выйти')
328769 [main] INFO  test.java.LogTest - ------------------------waitForPageLoaded true
328780 [main] INFO  test.java.LogTest - >>>>>>>>>>@AfterMethod<<<<<<<<<
331910 [main] ERROR test.java.LogTest - ------------------------> Ошибка на странице:"Tutorsband".Текст переменной:cebook_Message ***not defined***"
331910 [main] INFO  test.java.LogTest - ______________________________________class test.java.LogTest______________________________________
331910 [main] DEBUG main.Driver.WebDriverFactory - Requested driver: Capabilities [{browserName=firefox}]:null. Driver uses count = 17
331915 [main] DEBUG main.Driver.WebDriverFactory - getDriver: Current url: https://testun.com.ua/
331919 [main] INFO  m.Driver.MyWebDriverEventListener - WebDriver navigating to:'https://testun.com.ua/sys/sys/test_cookie_key'
332046 [main] INFO  m.Driver.MyWebDriverEventListener - WebDriver navigating to:'https://testun.com.ua/'
333233 [main] DEBUG m.Driver.MyWebDriverEventListener - Webdriver will click on element tag:a |id:  |text: ('Русский')
334122 [main] DEBUG m.Driver.MyWebDriverEventListener - hope Webdriver clicked on element tag:a |id:  |text: ('Русский')
334140 [main] INFO  test.java.LogTest - ------------------------waitForPageLoaded true
334205 [main] DEBUG m.Driver.MyWebDriverEventListener - Webdriver will click on element tag:a |id:  |text: ('Русский')
334348 [main] DEBUG m.Driver.MyWebDriverEventListener - hope Webdriver clicked on element tag:a |id:  |text: ('Русский')
334471 [main] INFO  test.java.LogTest - ------------------------waitForPageLoaded true
334481 [main] INFO  test.java.LogTest - _______________________Test = loginFromHangoutHeader_______________________
337501 [main] INFO  m.Driver.MyWebDriverEventListener - WebDriver navigating to:'https://testun.com.ua//search'
338483 [main] DEBUG m.Driver.MyWebDriverEventListener - Webdriver will click on element tag:a |id:  |text: ('Проходит сейчас
17.06.14 в 13:17
2
Aleksandr Samoymon
3
Бесплатно')
340120 [main] DEBUG m.Driver.MyWebDriverEventListener - hope Webdriver clicked on element tag:a |id:  |text: ('Проходит сейчас
17.06.14 в 13:17
2
Aleksandr Samoymon
3
Бесплатно')
340212 [main] ERROR test.java.LogTest - ------------------------> Ошибка на странице:"Видеовстреча "2"".Текст переменной:cebook_Message ***not defined***"
340249 [main] DEBUG m.Driver.MyWebDriverEventListener - Webdriver will click on element tag:a |id: js_header_signin |text: ('Войти')
342133 [main] DEBUG m.Driver.MyWebDriverEventListener - hope Webdriver clicked on element tag:a |id: js_header_signin |text: ('Войти')
342138 [main] INFO  test.java.LogTest - ------------------------waitForPageLoaded true
342205 [main] DEBUG m.Driver.MyWebDriverEventListener - WebDriver changing value in element found By.id: login_email from 'tag:input |id: login_email |text: ('')
342793 [main] DEBUG m.Driver.MyWebDriverEventListener - WebDriver changing value in element found By.id: login_email from 'tag:input |id: login_email |text: ('')
342833 [main] DEBUG m.Driver.MyWebDriverEventListener - WebDriver changing value in element found By.id: login_password from 'tag:input |id: login_password |text: ('')
343421 [main] DEBUG m.Driver.MyWebDriverEventListener - WebDriver changing value in element found By.id: login_password from 'tag:input |id: login_password |text: ('')
343455 [main] DEBUG m.Driver.MyWebDriverEventListener - Webdriver will click on element tag:input |id: login_button |text: ('')
345547 [main] DEBUG m.Driver.MyWebDriverEventListener - hope Webdriver clicked on element tag:input |id: login_button |text: ('')
346374 [main] INFO  test.java.LogTest - ------------------------waitForPageLoaded true
348472 [main] DEBUG m.Driver.MyWebDriverEventListener - Webdriver will click on element tag:a |id: logout |text: ('Выйти')
349013 [main] DEBUG m.Driver.MyWebDriverEventListener - hope Webdriver clicked on element tag:a |id: logout |text: ('Выйти')
349884 [main] INFO  test.java.LogTest - ------------------------waitForPageLoaded true
349895 [main] INFO  test.java.LogTest - >>>>>>>>>>@AfterMethod<<<<<<<<<
353027 [main] ERROR test.java.LogTest - ------------------------> Ошибка на странице:"Tutorsband".Текст переменной:cebook_Message ***not defined***"
353027 [main] INFO  test.java.LogTest - ______________________________________class test.java.LogTest______________________________________
353027 [main] DEBUG main.Driver.WebDriverFactory - Requested driver: Capabilities [{browserName=firefox}]:null. Driver uses count = 18
353058 [main] DEBUG main.Driver.WebDriverFactory - getDriver: Current url: https://testun.com.ua/
353064 [main] INFO  m.Driver.MyWebDriverEventListener - WebDriver navigating to:'https://testun.com.ua/sys/sys/test_cookie_key'
353235 [main] INFO  m.Driver.MyWebDriverEventListener - WebDriver navigating to:'https://testun.com.ua/'
354153 [main] DEBUG m.Driver.MyWebDriverEventListener - Webdriver will click on element tag:a |id:  |text: ('Русский')
355000 [main] DEBUG m.Driver.MyWebDriverEventListener - hope Webdriver clicked on element tag:a |id:  |text: ('Русский')
355049 [main] INFO  test.java.LogTest - ------------------------waitForPageLoaded true
355231 [main] DEBUG m.Driver.MyWebDriverEventListener - Webdriver will click on element tag:a |id:  |text: ('Русский')
355386 [main] DEBUG m.Driver.MyWebDriverEventListener - hope Webdriver clicked on element tag:a |id:  |text: ('Русский')
355391 [main] INFO  test.java.LogTest - ------------------------waitForPageLoaded true
355404 [main] INFO  test.java.LogTest - _______________________Test = loginFromHangoutPopup_______________________
358429 [main] INFO  m.Driver.MyWebDriverEventListener - WebDriver navigating to:'https://testun.com.ua//search'
359475 [main] DEBUG m.Driver.MyWebDriverEventListener - Webdriver will click on element tag:a |id:  |text: ('Проходит сейчас
17.06.14 в 13:17
2
Aleksandr Samoymon
3
Бесплатно')
360745 [main] DEBUG m.Driver.MyWebDriverEventListener - hope Webdriver clicked on element tag:a |id:  |text: ('Проходит сейчас
17.06.14 в 13:17
2
Aleksandr Samoymon
3
Бесплатно')
360840 [main] ERROR test.java.LogTest - ------------------------> Ошибка на странице:"Поиск".Текст переменной:cebook_Message ***not defined***"
361432 [main] DEBUG m.Driver.MyWebDriverEventListener - Webdriver will click on element tag:a |id: original_subscribe |text: ('Принять участие')
362824 [main] DEBUG m.Driver.MyWebDriverEventListener - hope Webdriver clicked on element tag:a |id: original_subscribe |text: ('Принять участие')
362925 [main] DEBUG m.Driver.MyWebDriverEventListener - Webdriver will click on element tag:a |id:  |text: ('войдите')
364152 [main] DEBUG m.Driver.MyWebDriverEventListener - hope Webdriver clicked on element tag:a |id:  |text: ('войдите')
364194 [main] DEBUG m.Driver.MyWebDriverEventListener - WebDriver changing value in element found By.id: login_email from 'tag:input |id: login_email |text: ('')
364784 [main] DEBUG m.Driver.MyWebDriverEventListener - WebDriver changing value in element found By.id: login_email from 'tag:input |id: login_email |text: ('')
364821 [main] DEBUG m.Driver.MyWebDriverEventListener - WebDriver changing value in element found By.id: login_password from 'tag:input |id: login_password |text: ('')
365408 [main] DEBUG m.Driver.MyWebDriverEventListener - WebDriver changing value in element found By.id: login_password from 'tag:input |id: login_password |text: ('')
365443 [main] DEBUG m.Driver.MyWebDriverEventListener - Webdriver will click on element tag:input |id: login_button |text: ('')
366220 [main] DEBUG m.Driver.MyWebDriverEventListener - hope Webdriver clicked on element tag:input |id: login_button |text: ('')
367193 [main] INFO  test.java.LogTest - ------------------------waitForPageLoaded true
367197 [main] INFO  test.java.LogTest - Assert that user Petrikov Vasilii Ivanovich takes part in conference
367213 [main] INFO  test.java.LogTest - ------------------------waitForPageLoaded true
369373 [main] DEBUG m.Driver.MyWebDriverEventListener - Webdriver will click on element tag:a |id: logout |text: ('Выйти')
369910 [main] DEBUG m.Driver.MyWebDriverEventListener - hope Webdriver clicked on element tag:a |id: logout |text: ('Выйти')
370738 [main] INFO  test.java.LogTest - ------------------------waitForPageLoaded true
370793 [main] INFO  test.java.LogTest - >>>>>>>>>>@AfterMethod<<<<<<<<<
373889 [main] ERROR test.java.LogTest - ------------------------> Ошибка на странице:"Tutorsband".Текст переменной:cebook_Message ***not defined***"
373890 [main] INFO  test.java.LogTest - ______________________________________class test.java.LogTest______________________________________
373890 [main] DEBUG main.Driver.WebDriverFactory - Requested driver: Capabilities [{browserName=firefox}]:null. Driver uses count = 19
373896 [main] DEBUG main.Driver.WebDriverFactory - getDriver: Current url: https://testun.com.ua/
373900 [main] INFO  m.Driver.MyWebDriverEventListener - WebDriver navigating to:'https://testun.com.ua/sys/sys/test_cookie_key'
374053 [main] INFO  m.Driver.MyWebDriverEventListener - WebDriver navigating to:'https://testun.com.ua/'
374980 [main] DEBUG m.Driver.MyWebDriverEventListener - Webdriver will click on element tag:a |id:  |text: ('Русский')
376037 [main] DEBUG m.Driver.MyWebDriverEventListener - hope Webdriver clicked on element tag:a |id:  |text: ('Русский')
376069 [main] INFO  test.java.LogTest - ------------------------waitForPageLoaded true
376273 [main] DEBUG m.Driver.MyWebDriverEventListener - Webdriver will click on element tag:a |id:  |text: ('Русский')
376448 [main] DEBUG m.Driver.MyWebDriverEventListener - hope Webdriver clicked on element tag:a |id:  |text: ('Русский')
376455 [main] INFO  test.java.LogTest - ------------------------waitForPageLoaded true
376466 [main] INFO  test.java.LogTest - _______________________Test = loginFromHeaderHangCreate_______________________
379580 [main] DEBUG m.Driver.MyWebDriverEventListener - Webdriver will click on element tag:a |id: js_header_singcreate |text: ('Создать видеовстречу')
380207 [main] DEBUG m.Driver.MyWebDriverEventListener - hope Webdriver clicked on element tag:a |id: js_header_singcreate |text: ('Создать видеовстречу')
380226 [main] INFO  test.java.LogTest - ------------------------waitForPageLoaded true
380332 [main] DEBUG m.Driver.MyWebDriverEventListener - Webdriver will click on element tag:a |id:  |text: ('войдите')
382362 [main] DEBUG m.Driver.MyWebDriverEventListener - hope Webdriver clicked on element tag:a |id:  |text: ('войдите')
382748 [main] DEBUG m.Driver.MyWebDriverEventListener - WebDriver changing value in element found By.id: login_email from 'tag:input |id: login_email |text: ('')
383551 [main] DEBUG m.Driver.MyWebDriverEventListener - WebDriver changing value in element found By.id: login_email from 'tag:input |id: login_email |text: ('')
383769 [main] DEBUG m.Driver.MyWebDriverEventListener - WebDriver changing value in element found By.id: login_password from 'tag:input |id: login_password |text: ('')
384452 [main] DEBUG m.Driver.MyWebDriverEventListener - WebDriver changing value in element found By.id: login_password from 'tag:input |id: login_password |text: ('')
384541 [main] DEBUG m.Driver.MyWebDriverEventListener - Webdriver will click on element tag:input |id: login_button |text: ('')
385328 [main] DEBUG m.Driver.MyWebDriverEventListener - hope Webdriver clicked on element tag:input |id: login_button |text: ('')
386572 [main] ERROR test.java.LogTest - ------------------------> Ошибка на странице:"Новая видеовстреча".Текст переменной:cebook_Message ***not defined***"
386587 [main] INFO  test.java.LogTest - ------------------------waitForPageLoaded true
388721 [main] DEBUG m.Driver.MyWebDriverEventListener - Webdriver will click on element tag:a |id: logout |text: ('Выйти')
389266 [main] DEBUG m.Driver.MyWebDriverEventListener - hope Webdriver clicked on element tag:a |id: logout |text: ('Выйти')
390531 [main] INFO  test.java.LogTest - ------------------------waitForPageLoaded true
390541 [main] INFO  test.java.LogTest - >>>>>>>>>>@AfterMethod<<<<<<<<<
393638 [main] ERROR test.java.LogTest - ------------------------> Ошибка на странице:"Tutorsband".Текст переменной:cebook_Message ***not defined***"
393639 [main] INFO  test.java.LogTest - ______________________________________class test.java.LogTest______________________________________
393639 [main] DEBUG main.Driver.WebDriverFactory - Requested driver: Capabilities [{browserName=firefox}]:null. Driver uses count = 20
393644 [main] DEBUG main.Driver.WebDriverFactory - getDriver: Current url: https://testun.com.ua/
393648 [main] INFO  m.Driver.MyWebDriverEventListener - WebDriver navigating to:'https://testun.com.ua/sys/sys/test_cookie_key'
393779 [main] INFO  m.Driver.MyWebDriverEventListener - WebDriver navigating to:'https://testun.com.ua/'
394976 [main] DEBUG m.Driver.MyWebDriverEventListener - Webdriver will click on element tag:a |id:  |text: ('Русский')
395861 [main] DEBUG m.Driver.MyWebDriverEventListener - hope Webdriver clicked on element tag:a |id:  |text: ('Русский')
395866 [main] INFO  test.java.LogTest - ------------------------waitForPageLoaded true
395959 [main] DEBUG m.Driver.MyWebDriverEventListener - Webdriver will click on element tag:a |id:  |text: ('Русский')
396102 [main] DEBUG m.Driver.MyWebDriverEventListener - hope Webdriver clicked on element tag:a |id:  |text: ('Русский')
396219 [main] INFO  test.java.LogTest - ------------------------waitForPageLoaded true
396231 [main] INFO  test.java.LogTest - _______________________Test = loginFromMoney_______________________
399254 [main] INFO  m.Driver.MyWebDriverEventListener - WebDriver navigating to:'https://testun.com.ua//tmoney/history'
400434 [main] DEBUG m.Driver.MyWebDriverEventListener - WebDriver changing value in element found By.id: login_email from 'tag:input |id: login_email |text: ('')
401054 [main] DEBUG m.Driver.MyWebDriverEventListener - WebDriver changing value in element found By.id: login_email from 'tag:input |id: login_email |text: ('')
401135 [main] DEBUG m.Driver.MyWebDriverEventListener - WebDriver changing value in element found By.id: login_password from 'tag:input |id: login_password |text: ('')
401769 [main] DEBUG m.Driver.MyWebDriverEventListener - WebDriver changing value in element found By.id: login_password from 'tag:input |id: login_password |text: ('')
401804 [main] DEBUG m.Driver.MyWebDriverEventListener - Webdriver will click on element tag:input |id: login_button |text: ('')
403391 [main] DEBUG m.Driver.MyWebDriverEventListener - hope Webdriver clicked on element tag:input |id: login_button |text: ('')
404188 [main] ERROR test.java.LogTest - ------------------------> Ошибка на странице:"Личный счет".Текст переменной:cebook_Message ***not defined***"
404201 [main] INFO  test.java.LogTest - ------------------------waitForPageLoaded true
406351 [main] DEBUG m.Driver.MyWebDriverEventListener - Webdriver will click on element tag:a |id: logout |text: ('Выйти')
406898 [main] DEBUG m.Driver.MyWebDriverEventListener - hope Webdriver clicked on element tag:a |id: logout |text: ('Выйти')
408201 [main] INFO  test.java.LogTest - ------------------------waitForPageLoaded true
408214 [main] INFO  test.java.LogTest - >>>>>>>>>>@AfterMethod<<<<<<<<<
411347 [main] ERROR test.java.LogTest - ------------------------> Ошибка на странице:"Tutorsband".Текст переменной:cebook_Message ***not defined***"
411347 [main] INFO  test.java.LogTest - ______________________________________class test.java.LogTest______________________________________
411348 [main] DEBUG main.Driver.WebDriverFactory - Requested driver: Capabilities [{browserName=firefox}]:null. Driver uses count = 21
411374 [main] DEBUG main.Driver.WebDriverFactory - getDriver: Current url: https://testun.com.ua/
411380 [main] INFO  m.Driver.MyWebDriverEventListener - WebDriver navigating to:'https://testun.com.ua/sys/sys/test_cookie_key'
411501 [main] INFO  m.Driver.MyWebDriverEventListener - WebDriver navigating to:'https://testun.com.ua/'
412497 [main] DEBUG m.Driver.MyWebDriverEventListener - Webdriver will click on element tag:a |id:  |text: ('Русский')
413513 [main] DEBUG m.Driver.MyWebDriverEventListener - hope Webdriver clicked on element tag:a |id:  |text: ('Русский')
413519 [main] INFO  test.java.LogTest - ------------------------waitForPageLoaded true
413681 [main] DEBUG m.Driver.MyWebDriverEventListener - Webdriver will click on element tag:a |id:  |text: ('Русский')
413854 [main] DEBUG m.Driver.MyWebDriverEventListener - hope Webdriver clicked on element tag:a |id:  |text: ('Русский')
413960 [main] INFO  test.java.LogTest - ------------------------waitForPageLoaded true
413982 [main] INFO  test.java.LogTest - _______________________Test = loginFromNews_______________________
416991 [main] INFO  m.Driver.MyWebDriverEventListener - WebDriver navigating to:'https://testun.com.ua//news'
418371 [main] DEBUG m.Driver.MyWebDriverEventListener - WebDriver changing value in element found By.id: login_email from 'tag:input |id: login_email |text: ('')
418955 [main] DEBUG m.Driver.MyWebDriverEventListener - WebDriver changing value in element found By.id: login_email from 'tag:input |id: login_email |text: ('')
418997 [main] DEBUG m.Driver.MyWebDriverEventListener - WebDriver changing value in element found By.id: login_password from 'tag:input |id: login_password |text: ('')
419581 [main] DEBUG m.Driver.MyWebDriverEventListener - WebDriver changing value in element found By.id: login_password from 'tag:input |id: login_password |text: ('')
419622 [main] DEBUG m.Driver.MyWebDriverEventListener - Webdriver will click on element tag:input |id: login_button |text: ('')
421226 [main] DEBUG m.Driver.MyWebDriverEventListener - hope Webdriver clicked on element tag:input |id: login_button |text: ('')
422153 [main] ERROR test.java.LogTest - ------------------------> Ошибка на странице:"Новости".Текст переменной:cebook_Message ***not defined***"
422168 [main] INFO  test.java.LogTest - ------------------------waitForPageLoaded true
424372 [main] DEBUG m.Driver.MyWebDriverEventListener - Webdriver will click on element tag:a |id: logout |text: ('Выйти')
424906 [main] DEBUG m.Driver.MyWebDriverEventListener - hope Webdriver clicked on element tag:a |id: logout |text: ('Выйти')
424924 [main] INFO  test.java.LogTest - ------------------------waitForPageLoaded false
425867 [main] INFO  test.java.LogTest - >>>>>>>>>>@AfterMethod<<<<<<<<<
428979 [main] ERROR test.java.LogTest - ------------------------> Ошибка на странице:"Tutorsband".Текст переменной:cebook_Message ***not defined***"
428979 [main] INFO  test.java.LogTest - ______________________________________class test.java.LogTest______________________________________
428979 [main] DEBUG main.Driver.WebDriverFactory - Requested driver: Capabilities [{browserName=firefox}]:null. Driver uses count = 22
428988 [main] DEBUG main.Driver.WebDriverFactory - getDriver: Current url: https://testun.com.ua/
428994 [main] INFO  m.Driver.MyWebDriverEventListener - WebDriver navigating to:'https://testun.com.ua/sys/sys/test_cookie_key'
429123 [main] INFO  m.Driver.MyWebDriverEventListener - WebDriver navigating to:'https://testun.com.ua/'
430500 [main] DEBUG m.Driver.MyWebDriverEventListener - Webdriver will click on element tag:a |id:  |text: ('Русский')
431366 [main] DEBUG m.Driver.MyWebDriverEventListener - hope Webdriver clicked on element tag:a |id:  |text: ('Русский')
431374 [main] INFO  test.java.LogTest - ------------------------waitForPageLoaded true
431459 [main] DEBUG m.Driver.MyWebDriverEventListener - Webdriver will click on element tag:a |id:  |text: ('Русский')
431607 [main] DEBUG m.Driver.MyWebDriverEventListener - hope Webdriver clicked on element tag:a |id:  |text: ('Русский')
431613 [main] INFO  test.java.LogTest - ------------------------waitForPageLoaded true
431623 [main] INFO  test.java.LogTest - _______________________Test = loginFromSettAccount_______________________
434645 [main] INFO  m.Driver.MyWebDriverEventListener - WebDriver navigating to:'https://testun.com.ua//config/account'
435440 [main] DEBUG m.Driver.MyWebDriverEventListener - WebDriver changing value in element found By.id: login_email from 'tag:input |id: login_email |text: ('')
436037 [main] DEBUG m.Driver.MyWebDriverEventListener - WebDriver changing value in element found By.id: login_email from 'tag:input |id: login_email |text: ('')
436180 [main] DEBUG m.Driver.MyWebDriverEventListener - WebDriver changing value in element found By.id: login_password from 'tag:input |id: login_password |text: ('')
436768 [main] DEBUG m.Driver.MyWebDriverEventListener - WebDriver changing value in element found By.id: login_password from 'tag:input |id: login_password |text: ('')
436807 [main] DEBUG m.Driver.MyWebDriverEventListener - Webdriver will click on element tag:input |id: login_button |text: ('')
438435 [main] DEBUG m.Driver.MyWebDriverEventListener - hope Webdriver clicked on element tag:input |id: login_button |text: ('')
439197 [main] ERROR test.java.LogTest - ------------------------> Ошибка на странице:"Настройки".Текст переменной:cebook_Message ***not defined***"
439217 [main] INFO  test.java.LogTest - ------------------------waitForPageLoaded true
441337 [main] DEBUG m.Driver.MyWebDriverEventListener - Webdriver will click on element tag:a |id: logout |text: ('Выйти')
441879 [main] DEBUG m.Driver.MyWebDriverEventListener - hope Webdriver clicked on element tag:a |id: logout |text: ('Выйти')
442782 [main] INFO  test.java.LogTest - ------------------------waitForPageLoaded true
442794 [main] INFO  test.java.LogTest - >>>>>>>>>>@AfterMethod<<<<<<<<<
445880 [main] ERROR test.java.LogTest - ------------------------> Ошибка на странице:"Tutorsband".Текст переменной:cebook_Message ***not defined***"
445880 [main] INFO  test.java.LogTest - ______________________________________class test.java.LogTest______________________________________
445881 [main] DEBUG main.Driver.WebDriverFactory - Requested driver: Capabilities [{browserName=firefox}]:null. Driver uses count = 23
445885 [main] DEBUG main.Driver.WebDriverFactory - getDriver: Current url: https://testun.com.ua/
445889 [main] INFO  m.Driver.MyWebDriverEventListener - WebDriver navigating to:'https://testun.com.ua/sys/sys/test_cookie_key'
446025 [main] INFO  m.Driver.MyWebDriverEventListener - WebDriver navigating to:'https://testun.com.ua/'
447626 [main] DEBUG m.Driver.MyWebDriverEventListener - Webdriver will click on element tag:a |id:  |text: ('Русский')
448488 [main] DEBUG m.Driver.MyWebDriverEventListener - hope Webdriver clicked on element tag:a |id:  |text: ('Русский')
448497 [main] INFO  test.java.LogTest - ------------------------waitForPageLoaded true
448580 [main] DEBUG m.Driver.MyWebDriverEventListener - Webdriver will click on element tag:a |id:  |text: ('Русский')
448723 [main] DEBUG m.Driver.MyWebDriverEventListener - hope Webdriver clicked on element tag:a |id:  |text: ('Русский')
449047 [main] INFO  test.java.LogTest - ------------------------waitForPageLoaded true
449061 [main] INFO  test.java.LogTest - _______________________Test = loginFromSettings_______________________
452088 [main] INFO  m.Driver.MyWebDriverEventListener - WebDriver navigating to:'https://testun.com.ua//config'
452937 [main] DEBUG m.Driver.MyWebDriverEventListener - WebDriver changing value in element found By.id: login_email from 'tag:input |id: login_email |text: ('')
453524 [main] DEBUG m.Driver.MyWebDriverEventListener - WebDriver changing value in element found By.id: login_email from 'tag:input |id: login_email |text: ('')
453643 [main] DEBUG m.Driver.MyWebDriverEventListener - WebDriver changing value in element found By.id: login_password from 'tag:input |id: login_password |text: ('')
454400 [main] DEBUG m.Driver.MyWebDriverEventListener - WebDriver changing value in element found By.id: login_password from 'tag:input |id: login_password |text: ('')
454437 [main] DEBUG m.Driver.MyWebDriverEventListener - Webdriver will click on element tag:input |id: login_button |text: ('')
456023 [main] DEBUG m.Driver.MyWebDriverEventListener - hope Webdriver clicked on element tag:input |id: login_button |text: ('')
456947 [main] ERROR test.java.LogTest - ------------------------> Ошибка на странице:"Настройки".Текст переменной:cebook_Message ***not defined***"
456967 [main] INFO  test.java.LogTest - ------------------------waitForPageLoaded true
459021 [main] DEBUG m.Driver.MyWebDriverEventListener - Webdriver will click on element tag:a |id: logout |text: ('Выйти')
459568 [main] DEBUG m.Driver.MyWebDriverEventListener - hope Webdriver clicked on element tag:a |id: logout |text: ('Выйти')
459572 [main] INFO  test.java.LogTest - ------------------------waitForPageLoaded false
461119 [main] INFO  test.java.LogTest - ------------------------waitForPageLoaded true
461141 [main] INFO  test.java.LogTest - >>>>>>>>>>@AfterMethod<<<<<<<<<
464255 [main] ERROR test.java.LogTest - ------------------------> Ошибка на странице:"Tutorsband".Текст переменной:cebook_Message ***not defined***"
464255 [main] INFO  test.java.LogTest - ______________________________________class test.java.LogTest______________________________________
464255 [main] DEBUG main.Driver.WebDriverFactory - Requested driver: Capabilities [{browserName=firefox}]:null. Driver uses count = 24
464283 [main] DEBUG main.Driver.WebDriverFactory - getDriver: Current url: https://testun.com.ua/
464289 [main] INFO  m.Driver.MyWebDriverEventListener - WebDriver navigating to:'https://testun.com.ua/sys/sys/test_cookie_key'
464424 [main] INFO  m.Driver.MyWebDriverEventListener - WebDriver navigating to:'https://testun.com.ua/'
465415 [main] DEBUG m.Driver.MyWebDriverEventListener - Webdriver will click on element tag:a |id:  |text: ('Русский')
466345 [main] DEBUG m.Driver.MyWebDriverEventListener - hope Webdriver clicked on element tag:a |id:  |text: ('Русский')
466373 [main] INFO  test.java.LogTest - ------------------------waitForPageLoaded true
466459 [main] DEBUG m.Driver.MyWebDriverEventListener - Webdriver will click on element tag:a |id:  |text: ('Русский')
466614 [main] DEBUG m.Driver.MyWebDriverEventListener - hope Webdriver clicked on element tag:a |id:  |text: ('Русский')
466623 [main] INFO  test.java.LogTest - ------------------------waitForPageLoaded true
466632 [main] INFO  test.java.LogTest - _______________________Test = loginGMHangoutPopup_______________________
469649 [main] INFO  m.Driver.MyWebDriverEventListener - WebDriver navigating to:'https://testun.com.ua//search'
471083 [main] DEBUG m.Driver.MyWebDriverEventListener - Webdriver will click on element tag:a |id:  |text: ('Проходит сейчас
17.06.14 в 13:17
2
Aleksandr Samoymon
4
Бесплатно')
472435 [main] DEBUG m.Driver.MyWebDriverEventListener - hope Webdriver clicked on element tag:a |id:  |text: ('Проходит сейчас
17.06.14 в 13:17
2
Aleksandr Samoymon
4
Бесплатно')
472748 [main] ERROR test.java.LogTest - ------------------------> Ошибка на странице:"Видеовстреча "2"".Текст переменной:cebook_Message ***not defined***"
472792 [main] DEBUG m.Driver.MyWebDriverEventListener - Webdriver will click on element tag:a |id: original_subscribe |text: ('Принять участие')
474057 [main] DEBUG m.Driver.MyWebDriverEventListener - hope Webdriver clicked on element tag:a |id: original_subscribe |text: ('Принять участие')
474132 [main] DEBUG m.Driver.MyWebDriverEventListener - Webdriver will click on element tag:a |id:  |text: ('войдите')
475410 [main] DEBUG m.Driver.MyWebDriverEventListener - hope Webdriver clicked on element tag:a |id:  |text: ('войдите')
475465 [main] DEBUG m.Driver.MyWebDriverEventListener - Webdriver will click on element tag:a |id:  |text: ('Вход через Google')
476049 [main] DEBUG m.Driver.MyWebDriverEventListener - hope Webdriver clicked on element tag:a |id:  |text: ('Вход через Google')
476696 [main] DEBUG m.Driver.MyWebDriverEventListener - WebDriver changing value in element found By.id: Passwd from 'tag:input |id: Passwd |text: ('')
477217 [main] DEBUG m.Driver.MyWebDriverEventListener - WebDriver changing value in element found By.id: Passwd from 'tag:input |id: Passwd |text: ('')
477243 [main] DEBUG m.Driver.MyWebDriverEventListener - WebDriver changing value in element found By.id: Email from 'tag:input |id: Email |text: ('')
477845 [main] DEBUG m.Driver.MyWebDriverEventListener - WebDriver changing value in element found By.id: Email from 'tag:input |id: Email |text: ('')
477877 [main] DEBUG m.Driver.MyWebDriverEventListener - Webdriver will click on element tag:input |id: signIn |text: ('')
479615 [main] DEBUG m.Driver.MyWebDriverEventListener - hope Webdriver clicked on element tag:input |id: signIn |text: ('')
482286 [main] INFO  test.java.LogTest - ------------------------waitForPageLoaded true
482290 [main] INFO  test.java.LogTest - Assert that user Petrikov Vasilii (DONT CHANGE) takes part in conference
482307 [main] INFO  test.java.LogTest - ------------------------waitForPageLoaded true
485329 [main] DEBUG m.Driver.MyWebDriverEventListener - Webdriver will click on element tag:a |id: logout |text: ('Выйти')
485873 [main] DEBUG m.Driver.MyWebDriverEventListener - hope Webdriver clicked on element tag:a |id: logout |text: ('Выйти')
486843 [main] INFO  test.java.LogTest - ------------------------waitForPageLoaded true
486852 [main] INFO  m.Driver.MyWebDriverEventListener - WebDriver navigating to:'https://accounts.google.com'
489055 [main] INFO  test.java.LogTest - >>>>>>>>>>@AfterMethod<<<<<<<<<
492061 [main] ERROR test.java.LogTest - ----------------------------------------------------------------------js error----------------------------------------------------------------------
492061 [main] ERROR test.java.LogTest - javascript error 1.SyntaxError: Using //@ to indicate sourceURL pragmas is deprecated. Use //# instead [https://www.google.com/settings/_/scs/ac-static/_/js/k=ac.s2.ru.4d88A98JX5Q.O/m=b2,s2_p/am=QwDAAg/rt=j/d=1/rs=AItRSTMruvC_97ZjYQSbjFNC6pwSvg-GJQ:123]
492061 [main] ERROR test.java.LogTest - ----------------------------------------------------------------------js error----------------------------------------------------------------------
492083 [main] INFO  test.java.LogTest - ______________________________________class test.java.LogTest______________________________________
492083 [main] DEBUG main.Driver.WebDriverFactory - Requested driver: Capabilities [{browserName=firefox}]:null. Driver uses count = 25
492087 [main] DEBUG main.Driver.WebDriverFactory - getDriver: Current url: https://accounts.google.com/ServiceLogin?passive=1209600&continue=https://www.google.com/settings/personalinfo&followup=https://www.google.com/settings/personalinfo
492090 [main] INFO  m.Driver.MyWebDriverEventListener - WebDriver navigating to:'https://testun.com.ua/sys/sys/test_cookie_key'
492271 [main] INFO  m.Driver.MyWebDriverEventListener - WebDriver navigating to:'https://testun.com.ua/'
493285 [main] DEBUG m.Driver.MyWebDriverEventListener - Webdriver will click on element tag:a |id:  |text: ('Русский')
494026 [main] DEBUG m.Driver.MyWebDriverEventListener - hope Webdriver clicked on element tag:a |id:  |text: ('Русский')
494036 [main] INFO  test.java.LogTest - ------------------------waitForPageLoaded true
494233 [main] DEBUG m.Driver.MyWebDriverEventListener - Webdriver will click on element tag:a |id:  |text: ('Русский')
494389 [main] DEBUG m.Driver.MyWebDriverEventListener - hope Webdriver clicked on element tag:a |id:  |text: ('Русский')
494403 [main] INFO  test.java.LogTest - ------------------------waitForPageLoaded true
494427 [main] INFO  test.java.LogTest - _______________________Test = loginFromHeaderHangCreate_______________________
497530 [main] DEBUG m.Driver.MyWebDriverEventListener - Webdriver will click on element tag:a |id: js_header_singcreate |text: ('Создать видеовстречу')
498225 [main] DEBUG m.Driver.MyWebDriverEventListener - hope Webdriver clicked on element tag:a |id: js_header_singcreate |text: ('Создать видеовстречу')
498249 [main] INFO  test.java.LogTest - ------------------------waitForPageLoaded true
498327 [main] DEBUG m.Driver.MyWebDriverEventListener - Webdriver will click on element tag:a |id:  |text: ('войдите')
500105 [main] DEBUG m.Driver.MyWebDriverEventListener - hope Webdriver clicked on element tag:a |id:  |text: ('войдите')
500233 [main] DEBUG m.Driver.MyWebDriverEventListener - Webdriver will click on element tag:a |id:  |text: ('Вход через Google')
500987 [main] DEBUG m.Driver.MyWebDriverEventListener - hope Webdriver clicked on element tag:a |id:  |text: ('Вход через Google')
501845 [main] DEBUG m.Driver.MyWebDriverEventListener - WebDriver changing value in element found By.id: Passwd from 'tag:input |id: Passwd |text: ('')
502493 [main] DEBUG m.Driver.MyWebDriverEventListener - WebDriver changing value in element found By.id: Passwd from 'tag:input |id: Passwd |text: ('')
502749 [main] DEBUG m.Driver.MyWebDriverEventListener - WebDriver changing value in element found By.id: Email from 'tag:input |id: Email |text: ('')
503435 [main] DEBUG m.Driver.MyWebDriverEventListener - WebDriver changing value in element found By.id: Email from 'tag:input |id: Email |text: ('')
503493 [main] DEBUG m.Driver.MyWebDriverEventListener - Webdriver will click on element tag:input |id: signIn |text: ('')
505243 [main] DEBUG m.Driver.MyWebDriverEventListener - hope Webdriver clicked on element tag:input |id: signIn |text: ('')
505860 [main] ERROR test.java.LogTest - ------------------------> Ошибка на странице:"Tutorsband".Текст переменной:cebook_Message ***not defined***"
507714 [main] INFO  test.java.LogTest - ------------------------waitForPageLoaded true
510758 [main] DEBUG m.Driver.MyWebDriverEventListener - Webdriver will click on element tag:a |id: logout |text: ('Выйти')
511293 [main] DEBUG m.Driver.MyWebDriverEventListener - hope Webdriver clicked on element tag:a |id: logout |text: ('Выйти')
511297 [main] INFO  test.java.LogTest - ------------------------waitForPageLoaded false
512204 [main] INFO  m.Driver.MyWebDriverEventListener - WebDriver navigating to:'https://accounts.google.com'
514468 [main] INFO  test.java.LogTest - >>>>>>>>>>@AfterMethod<<<<<<<<<
517485 [main] ERROR test.java.LogTest - ----------------------------------------------------------------------js error----------------------------------------------------------------------
517485 [main] ERROR test.java.LogTest - javascript error 1.SyntaxError: Using //@ to indicate sourceURL pragmas is deprecated. Use //# instead [https://www.google.com/settings/_/scs/ac-static/_/js/k=ac.s2.ru.4d88A98JX5Q.O/m=b2,s2_p/am=QwDAAg/rt=j/d=1/rs=AItRSTMruvC_97ZjYQSbjFNC6pwSvg-GJQ:123]
517485 [main] ERROR test.java.LogTest - ----------------------------------------------------------------------js error----------------------------------------------------------------------
517507 [main] INFO  test.java.LogTest - ______________________________________class test.java.LogTest______________________________________
517507 [main] DEBUG main.Driver.WebDriverFactory - Requested driver: Capabilities [{browserName=firefox}]:null. Driver uses count = 26
517510 [main] DEBUG main.Driver.WebDriverFactory - getDriver: Current url: https://accounts.google.com/ServiceLogin?passive=1209600&continue=https://www.google.com/settings/personalinfo&followup=https://www.google.com/settings/personalinfo
517513 [main] INFO  m.Driver.MyWebDriverEventListener - WebDriver navigating to:'https://testun.com.ua/sys/sys/test_cookie_key'
517727 [main] INFO  m.Driver.MyWebDriverEventListener - WebDriver navigating to:'https://testun.com.ua/'
518716 [main] DEBUG m.Driver.MyWebDriverEventListener - Webdriver will click on element tag:a |id:  |text: ('Русский')
519460 [main] DEBUG m.Driver.MyWebDriverEventListener - hope Webdriver clicked on element tag:a |id:  |text: ('Русский')
519466 [main] INFO  test.java.LogTest - ------------------------waitForPageLoaded true
519668 [main] DEBUG m.Driver.MyWebDriverEventListener - Webdriver will click on element tag:a |id:  |text: ('Русский')
519810 [main] DEBUG m.Driver.MyWebDriverEventListener - hope Webdriver clicked on element tag:a |id:  |text: ('Русский')
519820 [main] INFO  test.java.LogTest - ------------------------waitForPageLoaded true
519832 [main] INFO  test.java.LogTest - _______________________Test = invalidLoginWrongPass_______________________
519976 [main] DEBUG m.Driver.MyWebDriverEventListener - Webdriver will click on element tag:a |id: js_header_signin |text: ('Войти')
520889 [main] DEBUG m.Driver.MyWebDriverEventListener - hope Webdriver clicked on element tag:a |id: js_header_signin |text: ('Войти')
521005 [main] INFO  test.java.LogTest - ------------------------waitForPageLoaded true
521101 [main] DEBUG m.Driver.MyWebDriverEventListener - Webdriver will click on element tag:a |id:  |text: ('Создайте свой аккаунт!')
523115 [main] DEBUG m.Driver.MyWebDriverEventListener - hope Webdriver clicked on element tag:a |id:  |text: ('Создайте свой аккаунт!')
523263 [main] DEBUG m.Driver.MyWebDriverEventListener - Webdriver will click on element tag:a |id:  |text: ('войдите')
523532 [main] DEBUG m.Driver.MyWebDriverEventListener - hope Webdriver clicked on element tag:a |id:  |text: ('войдите')
523602 [main] INFO  test.java.LogTest - >>>>>>>>>>@AfterMethod<<<<<<<<<
526691 [main] ERROR test.java.LogTest - ------------------------> Ошибка на странице:"Tutorsband".Текст переменной:cebook_Message ***not defined***"
526691 [main] INFO  test.java.LogTest - ______________________________________class test.java.LogTest______________________________________
526692 [main] DEBUG main.Driver.WebDriverFactory - Requested driver: Capabilities [{browserName=firefox}]:null. Driver uses count = 27
526698 [main] DEBUG main.Driver.WebDriverFactory - getDriver: Current url: https://testun.com.ua/#signin
526702 [main] INFO  m.Driver.MyWebDriverEventListener - WebDriver navigating to:'https://testun.com.ua/sys/sys/test_cookie_key'
526858 [main] INFO  m.Driver.MyWebDriverEventListener - WebDriver navigating to:'https://testun.com.ua/'
527858 [main] DEBUG m.Driver.MyWebDriverEventListener - Webdriver will click on element tag:a |id:  |text: ('Русский')
529453 [main] DEBUG m.Driver.MyWebDriverEventListener - hope Webdriver clicked on element tag:a |id:  |text: ('Русский')
529508 [main] INFO  test.java.LogTest - ------------------------waitForPageLoaded true
529598 [main] DEBUG m.Driver.MyWebDriverEventListener - Webdriver will click on element tag:a |id:  |text: ('Русский')
529754 [main] DEBUG m.Driver.MyWebDriverEventListener - hope Webdriver clicked on element tag:a |id:  |text: ('Русский')
529760 [main] INFO  test.java.LogTest - ------------------------waitForPageLoaded true
529781 [main] INFO  test.java.LogTest - _______________________________Test = validLoginPage_______________________________
529782 [main] INFO  m.Driver.MyWebDriverEventListener - WebDriver navigating to:'https://testun.com.ua/login'
530910 [main] DEBUG m.Driver.MyWebDriverEventListener - WebDriver changing value in element found By.id: login_email from 'tag:input |id: login_email |text: ('')
531495 [main] DEBUG m.Driver.MyWebDriverEventListener - WebDriver changing value in element found By.id: login_email from 'tag:input |id: login_email |text: ('')
531601 [main] DEBUG m.Driver.MyWebDriverEventListener - WebDriver changing value in element found By.id: login_password from 'tag:input |id: login_password |text: ('')
532189 [main] DEBUG m.Driver.MyWebDriverEventListener - WebDriver changing value in element found By.id: login_password from 'tag:input |id: login_password |text: ('')
532327 [main] DEBUG m.Driver.MyWebDriverEventListener - Webdriver will click on element tag:input |id: login_button |text: ('')
533915 [main] DEBUG m.Driver.MyWebDriverEventListener - hope Webdriver clicked on element tag:input |id: login_button |text: ('')
535568 [main] ERROR test.java.LogTest - ------------------------> Ошибка на странице:"Petrikov Vasilii Ivanovich - Видеовстречи".Текст переменной:cebook_Message ***not defined***"
535595 [main] INFO  test.java.LogTest - ------------------------waitForPageLoaded true
537723 [main] DEBUG m.Driver.MyWebDriverEventListener - Webdriver will click on element tag:a |id: logout |text: ('Выйти')
538269 [main] DEBUG m.Driver.MyWebDriverEventListener - hope Webdriver clicked on element tag:a |id: logout |text: ('Выйти')
539440 [main] INFO  test.java.LogTest - ------------------------waitForPageLoaded true
539473 [main] INFO  test.java.LogTest - >>>>>>>>>>@AfterMethod<<<<<<<<<
542572 [main] ERROR test.java.LogTest - ------------------------> Ошибка на странице:"Tutorsband".Текст переменной:cebook_Message ***not defined***"
542572 [main] INFO  test.java.LogTest - ______________________________________class test.java.LogTest______________________________________
542572 [main] DEBUG main.Driver.WebDriverFactory - Requested driver: Capabilities [{browserName=firefox}]:null. Driver uses count = 28
542581 [main] DEBUG main.Driver.WebDriverFactory - getDriver: Current url: https://testun.com.ua/
542585 [main] INFO  m.Driver.MyWebDriverEventListener - WebDriver navigating to:'https://testun.com.ua/sys/sys/test_cookie_key'
542827 [main] INFO  m.Driver.MyWebDriverEventListener - WebDriver navigating to:'https://testun.com.ua/'
543840 [main] DEBUG m.Driver.MyWebDriverEventListener - Webdriver will click on element tag:a |id:  |text: ('Русский')
544752 [main] DEBUG m.Driver.MyWebDriverEventListener - hope Webdriver clicked on element tag:a |id:  |text: ('Русский')
544757 [main] INFO  test.java.LogTest - ------------------------waitForPageLoaded true
544811 [main] DEBUG m.Driver.MyWebDriverEventListener - Webdriver will click on element tag:a |id:  |text: ('Русский')
544959 [main] DEBUG m.Driver.MyWebDriverEventListener - hope Webdriver clicked on element tag:a |id:  |text: ('Русский')
544964 [main] INFO  test.java.LogTest - ------------------------waitForPageLoaded true
544973 [main] INFO  test.java.LogTest - _______________________________Test = validLoginPopup_______________________________
545046 [main] DEBUG m.Driver.MyWebDriverEventListener - Webdriver will click on element tag:a |id: js_header_signin |text: ('Войти')
545837 [main] DEBUG m.Driver.MyWebDriverEventListener - hope Webdriver clicked on element tag:a |id: js_header_signin |text: ('Войти')
546162 [main] INFO  test.java.LogTest - ------------------------waitForPageLoaded true
546219 [main] DEBUG m.Driver.MyWebDriverEventListener - WebDriver changing value in element found By.id: login_email from 'tag:input |id: login_email |text: ('')
546848 [main] DEBUG m.Driver.MyWebDriverEventListener - WebDriver changing value in element found By.id: login_email from 'tag:input |id: login_email |text: ('')
546907 [main] DEBUG m.Driver.MyWebDriverEventListener - WebDriver changing value in element found By.id: login_password from 'tag:input |id: login_password |text: ('')
547543 [main] DEBUG m.Driver.MyWebDriverEventListener - WebDriver changing value in element found By.id: login_password from 'tag:input |id: login_password |text: ('')
547661 [main] DEBUG m.Driver.MyWebDriverEventListener - Webdriver will click on element tag:input |id: login_button |text: ('')
549928 [main] DEBUG m.Driver.MyWebDriverEventListener - hope Webdriver clicked on element tag:input |id: login_button |text: ('')
550994 [main] ERROR test.java.LogTest - ------------------------> Ошибка на странице:"Petrikov Vasilii Ivanovich - Видеовстречи".Текст переменной:cebook_Message ***not defined***"
551022 [main] INFO  test.java.LogTest - ------------------------waitForPageLoaded false
551531 [main] INFO  test.java.LogTest - ------------------------waitForPageLoaded true
553665 [main] DEBUG m.Driver.MyWebDriverEventListener - Webdriver will click on element tag:a |id: logout |text: ('Выйти')
554200 [main] DEBUG m.Driver.MyWebDriverEventListener - hope Webdriver clicked on element tag:a |id: logout |text: ('Выйти')
554205 [main] INFO  test.java.LogTest - ------------------------waitForPageLoaded false
555211 [main] INFO  test.java.LogTest - ------------------------waitForPageLoaded true
555248 [main] INFO  test.java.LogTest - >>>>>>>>>>@AfterMethod<<<<<<<<<
558364 [main] ERROR test.java.LogTest - ------------------------> Ошибка на странице:"Tutorsband".Текст переменной:cebook_Message ***not defined***"
558365 [main] INFO  test.java.LogTest - ______________________________________class test.java.LogTest______________________________________
558365 [main] DEBUG main.Driver.WebDriverFactory - Requested driver: Capabilities [{browserName=firefox}]:null. Driver uses count = 29
558369 [main] DEBUG main.Driver.WebDriverFactory - getDriver: Current url: https://testun.com.ua/
558374 [main] INFO  m.Driver.MyWebDriverEventListener - WebDriver navigating to:'https://testun.com.ua/sys/sys/test_cookie_key'
558537 [main] INFO  m.Driver.MyWebDriverEventListener - WebDriver navigating to:'https://testun.com.ua/'
559502 [main] DEBUG m.Driver.MyWebDriverEventListener - Webdriver will click on element tag:a |id:  |text: ('Русский')
560514 [main] DEBUG m.Driver.MyWebDriverEventListener - hope Webdriver clicked on element tag:a |id:  |text: ('Русский')
560541 [main] INFO  test.java.LogTest - ------------------------waitForPageLoaded true
560637 [main] DEBUG m.Driver.MyWebDriverEventListener - Webdriver will click on element tag:a |id:  |text: ('Русский')
560818 [main] DEBUG m.Driver.MyWebDriverEventListener - hope Webdriver clicked on element tag:a |id:  |text: ('Русский')
560838 [main] INFO  test.java.LogTest - ------------------------waitForPageLoaded true
560850 [main] INFO  test.java.LogTest - _______________________Test = captchaWrongPass_______________________
561038 [main] DEBUG m.Driver.MyWebDriverEventListener - Webdriver will click on element tag:a |id: js_header_signin |text: ('Войти')
561970 [main] DEBUG m.Driver.MyWebDriverEventListener - hope Webdriver clicked on element tag:a |id: js_header_signin |text: ('Войти')
561987 [main] INFO  test.java.LogTest - ------------------------waitForPageLoaded true
562077 [main] DEBUG m.Driver.MyWebDriverEventListener - WebDriver changing value in element found By.id: login_email from 'tag:input |id: login_email |text: ('')
562734 [main] DEBUG m.Driver.MyWebDriverEventListener - WebDriver changing value in element found By.id: login_email from 'tag:input |id: login_email |text: ('')
562791 [main] DEBUG m.Driver.MyWebDriverEventListener - WebDriver changing value in element found By.id: login_password from 'tag:input |id: login_password |text: ('')
563164 [main] DEBUG m.Driver.MyWebDriverEventListener - WebDriver changing value in element found By.id: login_password from 'tag:input |id: login_password |text: ('')
563232 [main] DEBUG m.Driver.MyWebDriverEventListener - Webdriver will click on element tag:input |id: login_button |text: ('')
565485 [main] DEBUG m.Driver.MyWebDriverEventListener - hope Webdriver clicked on element tag:input |id: login_button |text: ('')
565796 [main] DEBUG m.Driver.MyWebDriverEventListener - WebDriver changing value in element found By.id: login_email from 'tag:input |id: login_email |text: ('')
566473 [main] DEBUG m.Driver.MyWebDriverEventListener - WebDriver changing value in element found By.id: login_email from 'tag:input |id: login_email |text: ('')
566553 [main] DEBUG m.Driver.MyWebDriverEventListener - WebDriver changing value in element found By.id: login_password from 'tag:input |id: login_password |text: ('')
566944 [main] DEBUG m.Driver.MyWebDriverEventListener - WebDriver changing value in element found By.id: login_password from 'tag:input |id: login_password |text: ('')
567137 [main] DEBUG m.Driver.MyWebDriverEventListener - Webdriver will click on element tag:input |id: login_button |text: ('')
567293 [main] DEBUG m.Driver.MyWebDriverEventListener - hope Webdriver clicked on element tag:input |id: login_button |text: ('')
567487 [main] DEBUG m.Driver.MyWebDriverEventListener - WebDriver changing value in element found By.id: login_email from 'tag:input |id: login_email |text: ('')
568137 [main] DEBUG m.Driver.MyWebDriverEventListener - WebDriver changing value in element found By.id: login_email from 'tag:input |id: login_email |text: ('')
568196 [main] DEBUG m.Driver.MyWebDriverEventListener - WebDriver changing value in element found By.id: login_password from 'tag:input |id: login_password |text: ('')
568609 [main] DEBUG m.Driver.MyWebDriverEventListener - WebDriver changing value in element found By.id: login_password from 'tag:input |id: login_password |text: ('')
568748 [main] DEBUG m.Driver.MyWebDriverEventListener - Webdriver will click on element tag:input |id: login_button |text: ('')
568914 [main] DEBUG m.Driver.MyWebDriverEventListener - hope Webdriver clicked on element tag:input |id: login_button |text: ('')
569027 [main] DEBUG m.Driver.MyWebDriverEventListener - WebDriver changing value in element found By.id: login_email from 'tag:input |id: login_email |text: ('')
569836 [main] DEBUG m.Driver.MyWebDriverEventListener - WebDriver changing value in element found By.id: login_email from 'tag:input |id: login_email |text: ('')
570019 [main] DEBUG m.Driver.MyWebDriverEventListener - WebDriver changing value in element found By.id: login_password from 'tag:input |id: login_password |text: ('')
570328 [main] DEBUG m.Driver.MyWebDriverEventListener - WebDriver changing value in element found By.id: login_password from 'tag:input |id: login_password |text: ('')
570380 [main] DEBUG m.Driver.MyWebDriverEventListener - Webdriver will click on element tag:input |id: login_button |text: ('')
570524 [main] DEBUG m.Driver.MyWebDriverEventListener - hope Webdriver clicked on element tag:input |id: login_button |text: ('')
570609 [main] DEBUG m.Driver.MyWebDriverEventListener - WebDriver changing value in element found By.id: login_email from 'tag:input |id: login_email |text: ('')
571277 [main] DEBUG m.Driver.MyWebDriverEventListener - WebDriver changing value in element found By.id: login_email from 'tag:input |id: login_email |text: ('')
571357 [main] DEBUG m.Driver.MyWebDriverEventListener - WebDriver changing value in element found By.id: login_password from 'tag:input |id: login_password |text: ('')
571688 [main] DEBUG m.Driver.MyWebDriverEventListener - WebDriver changing value in element found By.id: login_password from 'tag:input |id: login_password |text: ('')
571732 [main] DEBUG m.Driver.MyWebDriverEventListener - Webdriver will click on element tag:input |id: login_button |text: ('')
571880 [main] DEBUG m.Driver.MyWebDriverEventListener - hope Webdriver clicked on element tag:input |id: login_button |text: ('')
572082 [main] DEBUG m.Driver.MyWebDriverEventListener - WebDriver changing value in element found By.id: login_email from 'tag:input |id: login_email |text: ('')
572748 [main] DEBUG m.Driver.MyWebDriverEventListener - WebDriver changing value in element found By.id: login_email from 'tag:input |id: login_email |text: ('')
572804 [main] DEBUG m.Driver.MyWebDriverEventListener - WebDriver changing value in element found By.id: login_password from 'tag:input |id: login_password |text: ('')
573271 [main] DEBUG m.Driver.MyWebDriverEventListener - WebDriver changing value in element found By.id: login_password from 'tag:input |id: login_password |text: ('')
573367 [main] DEBUG m.Driver.MyWebDriverEventListener - Webdriver will click on element tag:input |id: login_button |text: ('')
573707 [main] DEBUG m.Driver.MyWebDriverEventListener - hope Webdriver clicked on element tag:input |id: login_button |text: ('')
573713 [main] INFO  test.java.LogTest - >>>>>>>>>>@AfterMethod<<<<<<<<<
576847 [main] ERROR test.java.LogTest - ------------------------> Ошибка на странице:"Tutorsband".Текст переменной:cebook_Message ***not defined***"
577150 [Thread-0] DEBUG main.Driver.WebDriverFactory - Killing driver 
579463 [Thread-0] ERROR m.Driver.MyWebDriverEventListener - ________________________________________________________________________________________________________________
579491 [Thread-0] ERROR m.Driver.MyWebDriverEventListener - WebDriver error:
org.openqa.selenium.remote.UnreachableBrowserException: Error communicating with the remote browser. It may have died.
Build info: version: '2.42.2', revision: '6a6995d', time: '2014-06-03 17:42:03'
System info: host: 'alexandra-System-Product-Name', ip: '127.0.1.1', os.name: 'Linux', os.arch: 'amd64', os.version: '3.2.0-23-generic', java.version: '1.7.0_60'
Driver info: driver.version: EventFiringWebDriver
	at org.openqa.selenium.remote.RemoteWebDriver.execute(RemoteWebDriver.java:593) ~[selenium-server-standalone-2.42.2.jar:na]
	at org.openqa.selenium.remote.RemoteWebDriver.execute(RemoteWebDriver.java:614) ~[selenium-server-standalone-2.42.2.jar:na]
	at org.openqa.selenium.remote.RemoteWebDriver.quit(RemoteWebDriver.java:468) ~[selenium-server-standalone-2.42.2.jar:na]
	at sun.reflect.NativeMethodAccessorImpl.invoke0(Native Method) ~[na:1.7.0_60]
	at sun.reflect.NativeMethodAccessorImpl.invoke(NativeMethodAccessorImpl.java:57) ~[na:1.7.0_60]
	at sun.reflect.DelegatingMethodAccessorImpl.invoke(DelegatingMethodAccessorImpl.java:43) ~[na:1.7.0_60]
	at java.lang.reflect.Method.invoke(Method.java:606) ~[na:1.7.0_60]
	at org.openqa.selenium.support.events.EventFiringWebDriver$2.invoke(EventFiringWebDriver.java:101) ~[selenium-server-standalone-2.42.2.jar:na]
	at com.sun.proxy.$Proxy10.quit(Unknown Source) ~[na:na]
	at org.openqa.selenium.support.events.EventFiringWebDriver.quit(EventFiringWebDriver.java:198) ~[selenium-server-standalone-2.42.2.jar:na]
	at main.Driver.WebDriverFactory.dismissDriver(WebDriverFactory.java:98) ~[classes/:na]
	at main.Driver.WebDriverFactory$1.run(WebDriverFactory.java:164) ~[classes/:na]
Caused by: org.apache.http.NoHttpResponseException: The target server failed to respond
	at org.apache.http.impl.conn.DefaultHttpResponseParser.parseHead(DefaultHttpResponseParser.java:143) ~[selenium-server-standalone-2.42.2.jar:na]
	at org.apache.http.impl.conn.DefaultHttpResponseParser.parseHead(DefaultHttpResponseParser.java:57) ~[selenium-server-standalone-2.42.2.jar:na]
	at org.apache.http.impl.io.AbstractMessageParser.parse(AbstractMessageParser.java:260) ~[selenium-server-standalone-2.42.2.jar:na]
	at org.apache.http.impl.DefaultBHttpClientConnection.receiveResponseHeader(DefaultBHttpClientConnection.java:161) ~[selenium-server-standalone-2.42.2.jar:na]
	at sun.reflect.GeneratedMethodAccessor7.invoke(Unknown Source) ~[na:na]
	at sun.reflect.DelegatingMethodAccessorImpl.invoke(DelegatingMethodAccessorImpl.java:43) ~[na:1.7.0_60]
	at java.lang.reflect.Method.invoke(Method.java:606) ~[na:1.7.0_60]
	at org.apache.http.impl.conn.CPoolProxy.invoke(CPoolProxy.java:138) ~[selenium-server-standalone-2.42.2.jar:na]
	at com.sun.proxy.$Proxy7.receiveResponseHeader(Unknown Source) ~[na:na]
	at org.apache.http.protocol.HttpRequestExecutor.doReceiveResponse(HttpRequestExecutor.java:271) ~[selenium-server-standalone-2.42.2.jar:na]
	at org.apache.http.protocol.HttpRequestExecutor.execute(HttpRequestExecutor.java:123) ~[selenium-server-standalone-2.42.2.jar:na]
	at org.apache.http.impl.execchain.MainClientExec.execute(MainClientExec.java:254) ~[selenium-server-standalone-2.42.2.jar:na]
	at org.apache.http.impl.execchain.ProtocolExec.execute(ProtocolExec.java:195) ~[selenium-server-standalone-2.42.2.jar:na]
	at org.apache.http.impl.execchain.RetryExec.execute(RetryExec.java:85) ~[selenium-server-standalone-2.42.2.jar:na]
	at org.apache.http.impl.execchain.RedirectExec.execute(RedirectExec.java:108) ~[selenium-server-standalone-2.42.2.jar:na]
	at org.apache.http.impl.client.InternalHttpClient.doExecute(InternalHttpClient.java:186) ~[selenium-server-standalone-2.42.2.jar:na]
	at org.apache.http.impl.client.CloseableHttpClient.execute(CloseableHttpClient.java:72) ~[selenium-server-standalone-2.42.2.jar:na]
	at org.apache.http.impl.client.CloseableHttpClient.execute(CloseableHttpClient.java:57) ~[selenium-server-standalone-2.42.2.jar:na]
	at org.openqa.selenium.remote.HttpCommandExecutor.fallBackExecute(HttpCommandExecutor.java:222) ~[selenium-server-standalone-2.42.2.jar:na]
	at org.openqa.selenium.remote.HttpCommandExecutor.execute(HttpCommandExecutor.java:173) ~[selenium-server-standalone-2.42.2.jar:na]
	at org.openqa.selenium.firefox.internal.NewProfileExtensionConnection.execute(NewProfileExtensionConnection.java:165) ~[selenium-server-standalone-2.42.2.jar:na]
	at org.openqa.selenium.firefox.FirefoxDriver$LazyCommandExecutor.execute(FirefoxDriver.java:362) ~[selenium-server-standalone-2.42.2.jar:na]
	at org.openqa.selenium.remote.RemoteWebDriver.execute(RemoteWebDriver.java:572) ~[selenium-server-standalone-2.42.2.jar:na]
	... 11 common frames omitted
579491 [Thread-0] ERROR m.Driver.MyWebDriverEventListener - ________________________________________________________________________________________________________________
579492 [Thread-0] WARN  main.Driver.WebDriverFactory - Driver killing error
org.openqa.selenium.remote.SessionNotFoundException: The FirefoxDriver cannot be used after quit() was called.
Build info: version: '2.42.2', revision: '6a6995d', time: '2014-06-03 17:42:03'
System info: host: 'alexandra-System-Product-Name', ip: '127.0.1.1', os.name: 'Linux', os.arch: 'amd64', os.version: '3.2.0-23-generic', java.version: '1.7.0_60'
Driver info: driver.version: EventFiringWebDriver
	at org.openqa.selenium.firefox.FirefoxDriver$LazyCommandExecutor.execute(FirefoxDriver.java:359) ~[selenium-server-standalone-2.42.2.jar:na]
	at org.openqa.selenium.remote.RemoteWebDriver.execute(RemoteWebDriver.java:572) ~[selenium-server-standalone-2.42.2.jar:na]
	at org.openqa.selenium.remote.RemoteWebDriver.executeScript(RemoteWebDriver.java:508) ~[selenium-server-standalone-2.42.2.jar:na]
	at main.Driver.MyWebDriverEventListener.onException(MyWebDriverEventListener.java:65) ~[classes/:na]
	at sun.reflect.NativeMethodAccessorImpl.invoke0(Native Method) ~[na:1.7.0_60]
	at sun.reflect.NativeMethodAccessorImpl.invoke(NativeMethodAccessorImpl.java:57) ~[na:1.7.0_60]
	at sun.reflect.DelegatingMethodAccessorImpl.invoke(DelegatingMethodAccessorImpl.java:43) ~[na:1.7.0_60]
	at java.lang.reflect.Method.invoke(Method.java:606) ~[na:1.7.0_60]
	at org.openqa.selenium.support.events.EventFiringWebDriver$1.invoke(EventFiringWebDriver.java:78) ~[selenium-server-standalone-2.42.2.jar:na]
	at com.sun.proxy.$Proxy9.onException(Unknown Source) ~[na:na]
	at org.openqa.selenium.support.events.EventFiringWebDriver$2.invoke(EventFiringWebDriver.java:103) ~[selenium-server-standalone-2.42.2.jar:na]
	at com.sun.proxy.$Proxy10.quit(Unknown Source) ~[na:na]
	at org.openqa.selenium.support.events.EventFiringWebDriver.quit(EventFiringWebDriver.java:198) ~[selenium-server-standalone-2.42.2.jar:na]
	at main.Driver.WebDriverFactory.dismissDriver(WebDriverFactory.java:98) ~[classes/:na]
	at main.Driver.WebDriverFactory$1.run(WebDriverFactory.java:164) [classes/:na]
401  [main] INFO  test.java.LogTest - ______________________________________class test.java.LogTest______________________________________
411  [main] DEBUG main.Driver.WebDriverFactory - Requested driver: Capabilities [{browserName=firefox}]:null. Driver uses count = 1
4055 [main] INFO  m.Driver.MyWebDriverEventListener - WebDriver navigating to:'https://testun.com.ua/sys/sys/test_cookie_key'
4957 [main] INFO  m.Driver.MyWebDriverEventListener - WebDriver navigating to:'https://testun.com.ua/'
13598 [main] INFO  test.java.LogTest - _______________________________Test = validLoginPopup_______________________________
13671 [main] DEBUG m.Driver.MyWebDriverEventListener - Webdriver will click on element tag:a |id: js_header_signin |text: ('Log in')
16497 [main] DEBUG m.Driver.MyWebDriverEventListener - hope Webdriver clicked on element tag:a |id: js_header_signin |text: ('Log in')
16650 [main] INFO  test.java.LogTest - ------------------------waitForPageLoaded true
16698 [main] DEBUG m.Driver.MyWebDriverEventListener - WebDriver changing value in element found By.id: login_email from 'tag:input |id: login_email |text: ('')
17280 [main] DEBUG m.Driver.MyWebDriverEventListener - WebDriver changing value in element found By.id: login_email from 'tag:input |id: login_email |text: ('')
17313 [main] DEBUG m.Driver.MyWebDriverEventListener - WebDriver changing value in element found By.id: login_password from 'tag:input |id: login_password |text: ('')
17900 [main] DEBUG m.Driver.MyWebDriverEventListener - WebDriver changing value in element found By.id: login_password from 'tag:input |id: login_password |text: ('')
17936 [main] DEBUG m.Driver.MyWebDriverEventListener - Webdriver will click on element tag:input |id: login_button |text: ('')
19909 [main] DEBUG m.Driver.MyWebDriverEventListener - hope Webdriver clicked on element tag:input |id: login_button |text: ('')
22125 [main] ERROR test.java.LogTest - ------------------------> Ошибка на странице:"Petrikov Vasilii Ivanovich - Видеовстречи".Текст переменной:cebook_Message ***not defined***"
22162 [main] INFO  test.java.LogTest - ------------------------waitForPageLoaded true
28320 [main] DEBUG m.Driver.MyWebDriverEventListener - Webdriver will click on element tag:a |id: logout |text: ('Выйти')
28857 [main] DEBUG m.Driver.MyWebDriverEventListener - hope Webdriver clicked on element tag:a |id: logout |text: ('Выйти')
28861 [main] INFO  test.java.LogTest - ------------------------waitForPageLoaded false
29726 [main] INFO  test.java.LogTest - >>>>>>>>>>@AfterMethod<<<<<<<<<
32785 [main] ERROR test.java.LogTest - ------------------------> Ошибка на странице:"Tutorsband".Текст переменной:cebook_Message ***not defined***"
32837 [Thread-0] DEBUG main.Driver.WebDriverFactory - Killing driver 
34912 [Thread-0] ERROR m.Driver.MyWebDriverEventListener - ________________________________________________________________________________________________________________
34920 [Thread-0] ERROR m.Driver.MyWebDriverEventListener - WebDriver error:
org.openqa.selenium.remote.UnreachableBrowserException: Error communicating with the remote browser. It may have died.
Build info: version: '2.42.2', revision: '6a6995d', time: '2014-06-03 17:42:03'
System info: host: 'alexandra-System-Product-Name', ip: '127.0.1.1', os.name: 'Linux', os.arch: 'amd64', os.version: '3.2.0-23-generic', java.version: '1.7.0_60'
Driver info: driver.version: EventFiringWebDriver
	at org.openqa.selenium.remote.RemoteWebDriver.execute(RemoteWebDriver.java:593) ~[selenium-server-standalone-2.42.2.jar:na]
	at org.openqa.selenium.remote.RemoteWebDriver.execute(RemoteWebDriver.java:614) ~[selenium-server-standalone-2.42.2.jar:na]
	at org.openqa.selenium.remote.RemoteWebDriver.quit(RemoteWebDriver.java:468) ~[selenium-server-standalone-2.42.2.jar:na]
	at sun.reflect.NativeMethodAccessorImpl.invoke0(Native Method) ~[na:1.7.0_60]
	at sun.reflect.NativeMethodAccessorImpl.invoke(NativeMethodAccessorImpl.java:57) ~[na:1.7.0_60]
	at sun.reflect.DelegatingMethodAccessorImpl.invoke(DelegatingMethodAccessorImpl.java:43) ~[na:1.7.0_60]
	at java.lang.reflect.Method.invoke(Method.java:606) ~[na:1.7.0_60]
	at org.openqa.selenium.support.events.EventFiringWebDriver$2.invoke(EventFiringWebDriver.java:101) ~[selenium-server-standalone-2.42.2.jar:na]
	at com.sun.proxy.$Proxy10.quit(Unknown Source) ~[na:na]
	at org.openqa.selenium.support.events.EventFiringWebDriver.quit(EventFiringWebDriver.java:198) ~[selenium-server-standalone-2.42.2.jar:na]
	at main.Driver.WebDriverFactory.dismissDriver(WebDriverFactory.java:98) ~[classes/:na]
	at main.Driver.WebDriverFactory$1.run(WebDriverFactory.java:164) ~[classes/:na]
Caused by: org.apache.http.NoHttpResponseException: The target server failed to respond
	at org.apache.http.impl.conn.DefaultHttpResponseParser.parseHead(DefaultHttpResponseParser.java:143) ~[selenium-server-standalone-2.42.2.jar:na]
	at org.apache.http.impl.conn.DefaultHttpResponseParser.parseHead(DefaultHttpResponseParser.java:57) ~[selenium-server-standalone-2.42.2.jar:na]
	at org.apache.http.impl.io.AbstractMessageParser.parse(AbstractMessageParser.java:260) ~[selenium-server-standalone-2.42.2.jar:na]
	at org.apache.http.impl.DefaultBHttpClientConnection.receiveResponseHeader(DefaultBHttpClientConnection.java:161) ~[selenium-server-standalone-2.42.2.jar:na]
	at sun.reflect.GeneratedMethodAccessor7.invoke(Unknown Source) ~[na:na]
	at sun.reflect.DelegatingMethodAccessorImpl.invoke(DelegatingMethodAccessorImpl.java:43) ~[na:1.7.0_60]
	at java.lang.reflect.Method.invoke(Method.java:606) ~[na:1.7.0_60]
	at org.apache.http.impl.conn.CPoolProxy.invoke(CPoolProxy.java:138) ~[selenium-server-standalone-2.42.2.jar:na]
	at com.sun.proxy.$Proxy7.receiveResponseHeader(Unknown Source) ~[na:na]
	at org.apache.http.protocol.HttpRequestExecutor.doReceiveResponse(HttpRequestExecutor.java:271) ~[selenium-server-standalone-2.42.2.jar:na]
	at org.apache.http.protocol.HttpRequestExecutor.execute(HttpRequestExecutor.java:123) ~[selenium-server-standalone-2.42.2.jar:na]
	at org.apache.http.impl.execchain.MainClientExec.execute(MainClientExec.java:254) ~[selenium-server-standalone-2.42.2.jar:na]
	at org.apache.http.impl.execchain.ProtocolExec.execute(ProtocolExec.java:195) ~[selenium-server-standalone-2.42.2.jar:na]
	at org.apache.http.impl.execchain.RetryExec.execute(RetryExec.java:85) ~[selenium-server-standalone-2.42.2.jar:na]
	at org.apache.http.impl.execchain.RedirectExec.execute(RedirectExec.java:108) ~[selenium-server-standalone-2.42.2.jar:na]
	at org.apache.http.impl.client.InternalHttpClient.doExecute(InternalHttpClient.java:186) ~[selenium-server-standalone-2.42.2.jar:na]
	at org.apache.http.impl.client.CloseableHttpClient.execute(CloseableHttpClient.java:72) ~[selenium-server-standalone-2.42.2.jar:na]
	at org.apache.http.impl.client.CloseableHttpClient.execute(CloseableHttpClient.java:57) ~[selenium-server-standalone-2.42.2.jar:na]
	at org.openqa.selenium.remote.HttpCommandExecutor.fallBackExecute(HttpCommandExecutor.java:222) ~[selenium-server-standalone-2.42.2.jar:na]
	at org.openqa.selenium.remote.HttpCommandExecutor.execute(HttpCommandExecutor.java:173) ~[selenium-server-standalone-2.42.2.jar:na]
	at org.openqa.selenium.firefox.internal.NewProfileExtensionConnection.execute(NewProfileExtensionConnection.java:165) ~[selenium-server-standalone-2.42.2.jar:na]
	at org.openqa.selenium.firefox.FirefoxDriver$LazyCommandExecutor.execute(FirefoxDriver.java:362) ~[selenium-server-standalone-2.42.2.jar:na]
	at org.openqa.selenium.remote.RemoteWebDriver.execute(RemoteWebDriver.java:572) ~[selenium-server-standalone-2.42.2.jar:na]
	... 11 common frames omitted
34921 [Thread-0] ERROR m.Driver.MyWebDriverEventListener - ________________________________________________________________________________________________________________
34922 [Thread-0] WARN  main.Driver.WebDriverFactory - Driver killing error
org.openqa.selenium.remote.SessionNotFoundException: The FirefoxDriver cannot be used after quit() was called.
Build info: version: '2.42.2', revision: '6a6995d', time: '2014-06-03 17:42:03'
System info: host: 'alexandra-System-Product-Name', ip: '127.0.1.1', os.name: 'Linux', os.arch: 'amd64', os.version: '3.2.0-23-generic', java.version: '1.7.0_60'
Driver info: driver.version: EventFiringWebDriver
	at org.openqa.selenium.firefox.FirefoxDriver$LazyCommandExecutor.execute(FirefoxDriver.java:359) ~[selenium-server-standalone-2.42.2.jar:na]
	at org.openqa.selenium.remote.RemoteWebDriver.execute(RemoteWebDriver.java:572) ~[selenium-server-standalone-2.42.2.jar:na]
	at org.openqa.selenium.remote.RemoteWebDriver.executeScript(RemoteWebDriver.java:508) ~[selenium-server-standalone-2.42.2.jar:na]
	at main.Driver.MyWebDriverEventListener.onException(MyWebDriverEventListener.java:65) ~[classes/:na]
	at sun.reflect.NativeMethodAccessorImpl.invoke0(Native Method) ~[na:1.7.0_60]
	at sun.reflect.NativeMethodAccessorImpl.invoke(NativeMethodAccessorImpl.java:57) ~[na:1.7.0_60]
	at sun.reflect.DelegatingMethodAccessorImpl.invoke(DelegatingMethodAccessorImpl.java:43) ~[na:1.7.0_60]
	at java.lang.reflect.Method.invoke(Method.java:606) ~[na:1.7.0_60]
	at org.openqa.selenium.support.events.EventFiringWebDriver$1.invoke(EventFiringWebDriver.java:78) ~[selenium-server-standalone-2.42.2.jar:na]
	at com.sun.proxy.$Proxy9.onException(Unknown Source) ~[na:na]
	at org.openqa.selenium.support.events.EventFiringWebDriver$2.invoke(EventFiringWebDriver.java:103) ~[selenium-server-standalone-2.42.2.jar:na]
	at com.sun.proxy.$Proxy10.quit(Unknown Source) ~[na:na]
	at org.openqa.selenium.support.events.EventFiringWebDriver.quit(EventFiringWebDriver.java:198) ~[selenium-server-standalone-2.42.2.jar:na]
	at main.Driver.WebDriverFactory.dismissDriver(WebDriverFactory.java:98) ~[classes/:na]
	at main.Driver.WebDriverFactory$1.run(WebDriverFactory.java:164) [classes/:na]
364  [main] INFO  test.java.LogTest - ______________________________________class test.java.LogTest______________________________________
373  [main] DEBUG main.Driver.WebDriverFactory - Requested driver: Capabilities [{browserName=firefox}]:null. Driver uses count = 1
3310 [main] INFO  m.Driver.MyWebDriverEventListener - WebDriver navigating to:'https://testun.com.ua/sys/sys/test_cookie_key'
4035 [main] INFO  m.Driver.MyWebDriverEventListener - WebDriver navigating to:'https://testun.com.ua/'
20340 [main] INFO  test.java.LogTest - _______________________________Test = validLoginPopup_______________________________
20414 [main] DEBUG m.Driver.MyWebDriverEventListener - Webdriver will click on element tag:a |id: js_header_signin |text: ('Войти')
23266 [main] DEBUG m.Driver.MyWebDriverEventListener - hope Webdriver clicked on element tag:a |id: js_header_signin |text: ('Войти')
23476 [main] INFO  test.java.LogTest - ------------------------waitForPageLoaded true
23610 [main] DEBUG m.Driver.MyWebDriverEventListener - WebDriver changing value in element found By.id: login_email from 'tag:input |id: login_email |text: ('')
24193 [main] DEBUG m.Driver.MyWebDriverEventListener - WebDriver changing value in element found By.id: login_email from 'tag:input |id: login_email |text: ('')
24760 [main] DEBUG m.Driver.MyWebDriverEventListener - WebDriver changing value in element found By.id: login_password from 'tag:input |id: login_password |text: ('')
25342 [main] DEBUG m.Driver.MyWebDriverEventListener - WebDriver changing value in element found By.id: login_password from 'tag:input |id: login_password |text: ('')
25378 [main] DEBUG m.Driver.MyWebDriverEventListener - Webdriver will click on element tag:input |id: login_button |text: ('')
27331 [main] DEBUG m.Driver.MyWebDriverEventListener - hope Webdriver clicked on element tag:input |id: login_button |text: ('')
30239 [main] ERROR test.java.LogTest - ------------------------> Ошибка на странице:"Petrikov Vasilii Ivanovich - Видеовстречи".Текст переменной:cebook_Message ***not defined***"
30276 [main] INFO  test.java.LogTest - ------------------------waitForPageLoaded true
32622 [main] DEBUG m.Driver.MyWebDriverEventListener - Webdriver will click on element tag:a |id: logout |text: ('Выйти')
33290 [main] DEBUG m.Driver.MyWebDriverEventListener - hope Webdriver clicked on element tag:a |id: logout |text: ('Выйти')
34062 [main] INFO  test.java.LogTest - ------------------------waitForPageLoaded true
34072 [main] INFO  test.java.LogTest - >>>>>>>>>>@AfterMethod<<<<<<<<<
37120 [main] ERROR test.java.LogTest - ------------------------> Ошибка на странице:"Tutorsband".Текст переменной:cebook_Message ***not defined***"
37158 [Thread-0] DEBUG main.Driver.WebDriverFactory - Killing driver 
364  [main] INFO  test.java.LogTest - ______________________________________class test.java.LogTest______________________________________
374  [main] DEBUG main.Driver.WebDriverFactory - Requested driver: Capabilities [{browserName=firefox}]:null. Driver uses count = 1
3376 [main] INFO  m.Driver.MyWebDriverEventListener - WebDriver navigating to:'https://testun.com.ua/sys/sys/test_cookie_key'
4104 [main] INFO  m.Driver.MyWebDriverEventListener - WebDriver navigating to:'https://testun.com.ua/'
7989 [main] DEBUG m.Driver.MyWebDriverEventListener - Webdriver will click on element tag:a |id:  |text: ('English')
10247 [main] DEBUG m.Driver.MyWebDriverEventListener - hope Webdriver clicked on element tag:a |id:  |text: ('English')
10361 [main] INFO  test.java.LogTest - ------------------------waitForPageLoaded true
10426 [main] DEBUG m.Driver.MyWebDriverEventListener - Webdriver will click on element tag:a |id:  |text: ('Русский')
10653 [main] DEBUG m.Driver.MyWebDriverEventListener - hope Webdriver clicked on element tag:a |id:  |text: ('Русский')
11034 [main] ERROR m.Driver.MyWebDriverEventListener - ________________________________________________________________________________________________________________
11038 [main] ERROR m.Driver.MyWebDriverEventListener - WebDriver error:
org.openqa.selenium.WebDriverException: window.jQuery is undefined
Command duration or timeout: 378 milliseconds
Build info: version: '2.42.2', revision: '6a6995d', time: '2014-06-03 17:42:03'
System info: host: 'alexandra-System-Product-Name', ip: '127.0.1.1', os.name: 'Linux', os.arch: 'amd64', os.version: '3.2.0-23-generic', java.version: '1.7.0_60'
Session ID: f0fdaf2a-420c-4899-a853-17c125ae729c
Driver info: org.openqa.selenium.firefox.FirefoxDriver
Capabilities [{platform=LINUX, acceptSslCerts=true, javascriptEnabled=true, cssSelectorsEnabled=true, databaseEnabled=true, browserName=firefox, handlesAlerts=true, browserConnectionEnabled=true, webStorageEnabled=true, nativeEvents=true, rotatable=false, locationContextEnabled=true, applicationCacheEnabled=true, takesScreenshot=true, version=29.0}]
	at sun.reflect.NativeConstructorAccessorImpl.newInstance0(Native Method) ~[na:1.7.0_60]
	at sun.reflect.NativeConstructorAccessorImpl.newInstance(NativeConstructorAccessorImpl.java:57) ~[na:1.7.0_60]
	at sun.reflect.DelegatingConstructorAccessorImpl.newInstance(DelegatingConstructorAccessorImpl.java:45) ~[na:1.7.0_60]
	at java.lang.reflect.Constructor.newInstance(Constructor.java:526) ~[na:1.7.0_60]
	at org.openqa.selenium.remote.ErrorHandler.createThrowable(ErrorHandler.java:204) ~[selenium-server-standalone-2.42.2.jar:na]
	at org.openqa.selenium.remote.ErrorHandler.throwIfResponseFailed(ErrorHandler.java:156) ~[selenium-server-standalone-2.42.2.jar:na]
	at org.openqa.selenium.remote.RemoteWebDriver.execute(RemoteWebDriver.java:599) ~[selenium-server-standalone-2.42.2.jar:na]
	at org.openqa.selenium.remote.RemoteWebDriver.executeScript(RemoteWebDriver.java:508) ~[selenium-server-standalone-2.42.2.jar:na]
	at sun.reflect.NativeMethodAccessorImpl.invoke0(Native Method) ~[na:1.7.0_60]
	at sun.reflect.NativeMethodAccessorImpl.invoke(NativeMethodAccessorImpl.java:57) ~[na:1.7.0_60]
	at sun.reflect.DelegatingMethodAccessorImpl.invoke(DelegatingMethodAccessorImpl.java:43) ~[na:1.7.0_60]
	at java.lang.reflect.Method.invoke(Method.java:606) ~[na:1.7.0_60]
	at org.openqa.selenium.support.events.EventFiringWebDriver$2.invoke(EventFiringWebDriver.java:101) ~[selenium-server-standalone-2.42.2.jar:na]
	at com.sun.proxy.$Proxy10.executeScript(Unknown Source) ~[na:na]
	at org.openqa.selenium.support.events.EventFiringWebDriver.executeScript(EventFiringWebDriver.java:213) ~[selenium-server-standalone-2.42.2.jar:na]
	at main.pages.BaseClass$1.apply(BaseClass.java:90) ~[classes/:na]
	at main.pages.BaseClass$1.apply(BaseClass.java:1) ~[classes/:na]
	at org.openqa.selenium.support.ui.FluentWait.until(FluentWait.java:208) [selenium-server-standalone-2.42.2.jar:na]
	at main.pages.BaseClass.waitForPageLoaded(BaseClass.java:96) [classes/:na]
	at main.pages.BaseClass.selectLang(BaseClass.java:111) [classes/:na]
	at test.java.LogTest.setup(LogTest.java:48) [classes/:na]
	at sun.reflect.NativeMethodAccessorImpl.invoke0(Native Method) ~[na:1.7.0_60]
	at sun.reflect.NativeMethodAccessorImpl.invoke(NativeMethodAccessorImpl.java:57) ~[na:1.7.0_60]
	at sun.reflect.DelegatingMethodAccessorImpl.invoke(DelegatingMethodAccessorImpl.java:43) ~[na:1.7.0_60]
	at java.lang.reflect.Method.invoke(Method.java:606) ~[na:1.7.0_60]
	at org.testng.internal.MethodInvocationHelper.invokeMethod(MethodInvocationHelper.java:80) [testng.jar:6.9beta-201211201815]
	at org.testng.internal.Invoker.invokeConfigurationMethod(Invoker.java:564) [testng.jar:6.9beta-201211201815]
	at org.testng.internal.Invoker.invokeConfigurations(Invoker.java:213) [testng.jar:6.9beta-201211201815]
	at org.testng.internal.Invoker.invokeMethod(Invoker.java:653) [testng.jar:6.9beta-201211201815]
	at org.testng.internal.Invoker.invokeTestMethod(Invoker.java:901) [testng.jar:6.9beta-201211201815]
	at org.testng.internal.Invoker.invokeTestMethods(Invoker.java:1231) [testng.jar:6.9beta-201211201815]
	at org.testng.internal.TestMethodWorker.invokeTestMethods(TestMethodWorker.java:128) [testng.jar:6.9beta-201211201815]
	at org.testng.internal.TestMethodWorker.run(TestMethodWorker.java:111) [testng.jar:6.9beta-201211201815]
	at org.testng.TestRunner.privateRun(TestRunner.java:767) [testng.jar:6.9beta-201211201815]
	at org.testng.TestRunner.run(TestRunner.java:617) [testng.jar:6.9beta-201211201815]
	at org.testng.SuiteRunner.runTest(SuiteRunner.java:334) [testng.jar:6.9beta-201211201815]
	at org.testng.SuiteRunner.runSequentially(SuiteRunner.java:329) [testng.jar:6.9beta-201211201815]
	at org.testng.SuiteRunner.privateRun(SuiteRunner.java:291) [testng.jar:6.9beta-201211201815]
	at org.testng.SuiteRunner.run(SuiteRunner.java:240) [testng.jar:6.9beta-201211201815]
	at org.testng.SuiteRunnerWorker.runSuite(SuiteRunnerWorker.java:52) [testng.jar:6.9beta-201211201815]
	at org.testng.SuiteRunnerWorker.run(SuiteRunnerWorker.java:86) [testng.jar:6.9beta-201211201815]
	at org.testng.TestNG.runSuitesSequentially(TestNG.java:1203) [testng.jar:6.9beta-201211201815]
	at org.testng.TestNG.runSuitesLocally(TestNG.java:1128) [testng.jar:6.9beta-201211201815]
	at org.testng.TestNG.run(TestNG.java:1036) [testng.jar:6.9beta-201211201815]
	at org.testng.remote.RemoteTestNG.run(RemoteTestNG.java:111) [testng.jar:6.9beta-201211201815]
	at org.testng.remote.RemoteTestNG.initAndRun(RemoteTestNG.java:204) [testng.jar:6.9beta-201211201815]
	at org.testng.remote.RemoteTestNG.main(RemoteTestNG.java:175) [testng.jar:6.9beta-201211201815]
org.openqa.selenium.remote.ErrorHandler$UnknownServerException: window.jQuery is undefined
Build info: version: '2.42.2', revision: '6a6995d', time: '2014-06-03 17:42:03'
System info: host: 'alexandra-System-Product-Name', ip: '127.0.1.1', os.name: 'Linux', os.arch: 'amd64', os.version: '3.2.0-23-generic', java.version: '1.7.0_60'
Driver info: driver.version: unknown
	at <anonymous class>.anonymous(https://testun.com.ua/:68) ~[na:na]
	at <anonymous class>.handleEvaluateEvent(https://testun.com.ua/:68) ~[na:na]
11039 [main] ERROR m.Driver.MyWebDriverEventListener - ________________________________________________________________________________________________________________
11234 [main] INFO  test.java.LogTest - window.JSErrorCollector_errors is undefined
Command duration or timeout: 195 milliseconds
Build info: version: '2.42.2', revision: '6a6995d', time: '2014-06-03 17:42:03'
System info: host: 'alexandra-System-Product-Name', ip: '127.0.1.1', os.name: 'Linux', os.arch: 'amd64', os.version: '3.2.0-23-generic', java.version: '1.7.0_60'
Session ID: f0fdaf2a-420c-4899-a853-17c125ae729c
Driver info: org.openqa.selenium.firefox.FirefoxDriver
Capabilities [{platform=LINUX, acceptSslCerts=true, javascriptEnabled=true, cssSelectorsEnabled=true, databaseEnabled=true, browserName=firefox, handlesAlerts=true, browserConnectionEnabled=true, webStorageEnabled=true, nativeEvents=true, rotatable=false, locationContextEnabled=true, applicationCacheEnabled=true, takesScreenshot=true, version=29.0}]
11281 [main] INFO  test.java.LogTest - _______________________________Test = validLoginPopup_______________________________
11349 [main] DEBUG m.Driver.MyWebDriverEventListener - Webdriver will click on element tag:a |id: js_header_signin |text: ('Войти')
12169 [main] DEBUG m.Driver.MyWebDriverEventListener - hope Webdriver clicked on element tag:a |id: js_header_signin |text: ('Войти')
12174 [main] INFO  test.java.LogTest - ------------------------waitForPageLoaded true
12301 [main] DEBUG m.Driver.MyWebDriverEventListener - WebDriver changing value in element found By.id: login_email from 'tag:input |id: login_email |text: ('')
12981 [main] DEBUG m.Driver.MyWebDriverEventListener - WebDriver changing value in element found By.id: login_email from 'tag:input |id: login_email |text: ('')
13690 [main] DEBUG m.Driver.MyWebDriverEventListener - WebDriver changing value in element found By.id: login_password from 'tag:input |id: login_password |text: ('')
14307 [main] DEBUG m.Driver.MyWebDriverEventListener - WebDriver changing value in element found By.id: login_password from 'tag:input |id: login_password |text: ('')
14375 [main] DEBUG m.Driver.MyWebDriverEventListener - Webdriver will click on element tag:input |id: login_button |text: ('')
16382 [main] DEBUG m.Driver.MyWebDriverEventListener - hope Webdriver clicked on element tag:input |id: login_button |text: ('')
17760 [main] ERROR test.java.LogTest - ------------------------> Ошибка на странице:"Petrikov Vasilii Ivanovich - Видеовстречи".Текст переменной:cebook_Message ***not defined***"
17800 [main] INFO  test.java.LogTest - ------------------------waitForPageLoaded true
20307 [main] DEBUG m.Driver.MyWebDriverEventListener - Webdriver will click on element tag:a |id: logout |text: ('Выйти')
20841 [main] DEBUG m.Driver.MyWebDriverEventListener - hope Webdriver clicked on element tag:a |id: logout |text: ('Выйти')
20846 [main] INFO  test.java.LogTest - ------------------------waitForPageLoaded false
21713 [main] INFO  test.java.LogTest - ------------------------waitForPageLoaded true
21726 [main] INFO  test.java.LogTest - >>>>>>>>>>@AfterMethod<<<<<<<<<
24973 [main] ERROR test.java.LogTest - ------------------------> Ошибка на странице:"Tutorsband".Текст переменной:cebook_Message ***not defined***"
25119 [Thread-0] DEBUG main.Driver.WebDriverFactory - Killing driver 
361  [main] INFO  test.java.LogTest - ______________________________________class test.java.LogTest______________________________________
370  [main] DEBUG main.Driver.WebDriverFactory - Requested driver: Capabilities [{browserName=firefox}]:null. Driver uses count = 1
3305 [main] INFO  m.Driver.MyWebDriverEventListener - WebDriver navigating to:'https://testun.com.ua/sys/sys/test_cookie_key'
3986 [main] INFO  m.Driver.MyWebDriverEventListener - WebDriver navigating to:'https://testun.com.ua/'
7811 [main] DEBUG m.Driver.MyWebDriverEventListener - Webdriver will click on element tag:a |id:  |text: ('English')
10066 [main] DEBUG m.Driver.MyWebDriverEventListener - hope Webdriver clicked on element tag:a |id:  |text: ('English')
10275 [main] INFO  test.java.LogTest - ------------------------waitForPageLoaded true
10322 [main] DEBUG m.Driver.MyWebDriverEventListener - Webdriver will click on element tag:a |id:  |text: ('Русский')
10546 [main] DEBUG m.Driver.MyWebDriverEventListener - hope Webdriver clicked on element tag:a |id:  |text: ('Русский')
11086 [main] INFO  test.java.LogTest - ------------------------waitForPageLoaded true
11106 [main] INFO  test.java.LogTest - _______________________________Test = validLoginPopup_______________________________
11169 [main] DEBUG m.Driver.MyWebDriverEventListener - Webdriver will click on element tag:a |id: js_header_signin |text: ('Войти')
11901 [main] DEBUG m.Driver.MyWebDriverEventListener - hope Webdriver clicked on element tag:a |id: js_header_signin |text: ('Войти')
11916 [main] INFO  test.java.LogTest - ------------------------waitForPageLoaded true
12005 [main] DEBUG m.Driver.MyWebDriverEventListener - WebDriver changing value in element found By.id: login_email from 'tag:input |id: login_email |text: ('')
13291 [main] DEBUG m.Driver.MyWebDriverEventListener - WebDriver changing value in element found By.id: login_email from 'tag:input |id: login_email |text: ('')
13460 [main] DEBUG m.Driver.MyWebDriverEventListener - WebDriver changing value in element found By.id: login_password from 'tag:input |id: login_password |text: ('')
14124 [main] DEBUG m.Driver.MyWebDriverEventListener - WebDriver changing value in element found By.id: login_password from 'tag:input |id: login_password |text: ('')
14199 [main] DEBUG m.Driver.MyWebDriverEventListener - Webdriver will click on element tag:input |id: login_button |text: ('')
16190 [main] DEBUG m.Driver.MyWebDriverEventListener - hope Webdriver clicked on element tag:input |id: login_button |text: ('')
17473 [main] ERROR test.java.LogTest - ------------------------> Ошибка на странице:"Petrikov Vasilii Ivanovich - Видеовстречи".Текст переменной:cebook_Message ***not defined***"
17518 [main] INFO  test.java.LogTest - ------------------------waitForPageLoaded true
20074 [main] DEBUG m.Driver.MyWebDriverEventListener - Webdriver will click on element tag:a |id: logout |text: ('Выйти')
20616 [main] DEBUG m.Driver.MyWebDriverEventListener - hope Webdriver clicked on element tag:a |id: logout |text: ('Выйти')
21704 [main] INFO  test.java.LogTest - ------------------------waitForPageLoaded true
21778 [main] INFO  test.java.LogTest - >>>>>>>>>>@AfterMethod<<<<<<<<<
24942 [main] ERROR test.java.LogTest - ------------------------> Ошибка на странице:"Tutorsband".Текст переменной:cebook_Message ***not defined***"
25055 [Thread-0] DEBUG main.Driver.WebDriverFactory - Killing driver 
364  [main] INFO  test.java.LogTest - ______________________________________class test.java.LogTest______________________________________
374  [main] DEBUG main.Driver.WebDriverFactory - Requested driver: Capabilities [{browserName=firefox}]:null. Driver uses count = 1
3824 [main] INFO  m.Driver.MyWebDriverEventListener - WebDriver navigating to:'https://testun.com.ua/sys/sys/test_cookie_key'
4548 [main] INFO  m.Driver.MyWebDriverEventListener - WebDriver navigating to:'https://testun.com.ua/'
11403 [main] INFO  test.java.LogTest - _______________________________Test = validLoginPopup_______________________________
11502 [main] DEBUG m.Driver.MyWebDriverEventListener - Webdriver will click on element tag:a |id: js_header_signin |text: ('Войти')
14628 [main] DEBUG m.Driver.MyWebDriverEventListener - hope Webdriver clicked on element tag:a |id: js_header_signin |text: ('Войти')
14739 [main] INFO  test.java.LogTest - ------------------------waitForPageLoaded true
14897 [main] DEBUG m.Driver.MyWebDriverEventListener - WebDriver changing value in element found By.id: login_email from 'tag:input |id: login_email |text: ('')
16129 [main] DEBUG m.Driver.MyWebDriverEventListener - WebDriver changing value in element found By.id: login_email from 'tag:input |id: login_email |text: ('')
16175 [main] DEBUG m.Driver.MyWebDriverEventListener - WebDriver changing value in element found By.id: login_password from 'tag:input |id: login_password |text: ('')
16792 [main] DEBUG m.Driver.MyWebDriverEventListener - WebDriver changing value in element found By.id: login_password from 'tag:input |id: login_password |text: ('')
16845 [main] DEBUG m.Driver.MyWebDriverEventListener - Webdriver will click on element tag:input |id: login_button |text: ('')
18831 [main] DEBUG m.Driver.MyWebDriverEventListener - hope Webdriver clicked on element tag:input |id: login_button |text: ('')
20001 [main] ERROR test.java.LogTest - ------------------------> Ошибка на странице:"Petrikov Vasilii Ivanovich - Видеовстречи".Текст переменной:cebook_Message ***not defined***"
20069 [main] INFO  test.java.LogTest - ------------------------waitForPageLoaded true
22484 [main] DEBUG m.Driver.MyWebDriverEventListener - Webdriver will click on element tag:a |id: logout |text: ('Выйти')
23020 [main] DEBUG m.Driver.MyWebDriverEventListener - hope Webdriver clicked on element tag:a |id: logout |text: ('Выйти')
23785 [main] INFO  test.java.LogTest - ------------------------waitForPageLoaded true
23795 [main] INFO  test.java.LogTest - >>>>>>>>>>@AfterMethod<<<<<<<<<
26870 [main] ERROR test.java.LogTest - ------------------------> Ошибка на странице:"Tutorsband".Текст переменной:cebook_Message ***not defined***"
26923 [Thread-0] DEBUG main.Driver.WebDriverFactory - Killing driver 
360  [main] INFO  test.java.LogTest - ______________________________________class test.java.LogTest______________________________________
370  [main] DEBUG main.Driver.WebDriverFactory - Requested driver: Capabilities [{browserName=firefox}]:null. Driver uses count = 1
3174 [main] INFO  m.Driver.MyWebDriverEventListener - WebDriver navigating to:'https://testun.com.ua/sys/sys/test_cookie_key'
3835 [main] INFO  m.Driver.MyWebDriverEventListener - WebDriver navigating to:'https://testun.com.ua/'
10507 [main] INFO  test.java.LogTest - _______________________________Test = validLoginPopup_______________________________
10636 [main] DEBUG m.Driver.MyWebDriverEventListener - Webdriver will click on element tag:a |id: js_header_signin |text: ('Войти')
13710 [main] DEBUG m.Driver.MyWebDriverEventListener - hope Webdriver clicked on element tag:a |id: js_header_signin |text: ('Войти')
13738 [main] INFO  test.java.LogTest - ------------------------waitForPageLoaded true
13812 [main] DEBUG m.Driver.MyWebDriverEventListener - WebDriver changing value in element found By.id: login_email from 'tag:input |id: login_email |text: ('')
14986 [main] DEBUG m.Driver.MyWebDriverEventListener - WebDriver changing value in element found By.id: login_email from 'tag:input |id: login_email |text: ('')
15062 [main] DEBUG m.Driver.MyWebDriverEventListener - WebDriver changing value in element found By.id: login_password from 'tag:input |id: login_password |text: ('')
15724 [main] DEBUG m.Driver.MyWebDriverEventListener - WebDriver changing value in element found By.id: login_password from 'tag:input |id: login_password |text: ('')
15772 [main] DEBUG m.Driver.MyWebDriverEventListener - Webdriver will click on element tag:input |id: login_button |text: ('')
17781 [main] DEBUG m.Driver.MyWebDriverEventListener - hope Webdriver clicked on element tag:input |id: login_button |text: ('')
18933 [main] ERROR test.java.LogTest - ------------------------> Ошибка на странице:"Petrikov Vasilii Ivanovich - Видеовстречи".Текст переменной:cebook_Message ***not defined***"
18970 [main] INFO  test.java.LogTest - ------------------------waitForPageLoaded true
21410 [main] DEBUG m.Driver.MyWebDriverEventListener - Webdriver will click on element tag:a |id: logout |text: ('Выйти')
21945 [main] DEBUG m.Driver.MyWebDriverEventListener - hope Webdriver clicked on element tag:a |id: logout |text: ('Выйти')
22676 [main] INFO  test.java.LogTest - ------------------------waitForPageLoaded true
22746 [main] INFO  test.java.LogTest - >>>>>>>>>>@AfterMethod<<<<<<<<<
25839 [main] ERROR test.java.LogTest - ------------------------> Ошибка на странице:"Tutorsband".Текст переменной:cebook_Message ***not defined***"
25962 [Thread-0] DEBUG main.Driver.WebDriverFactory - Killing driver 
371  [main] INFO  test.java.LogTest - ______________________________________class test.java.LogTest______________________________________
380  [main] DEBUG main.Driver.WebDriverFactory - Requested driver: Capabilities [{browserName=firefox}]:null. Driver uses count = 1
3669 [main] INFO  m.Driver.MyWebDriverEventListener - WebDriver navigating to:'https://testun.com.ua/sys/sys/test_cookie_key'
4556 [main] INFO  m.Driver.MyWebDriverEventListener - WebDriver navigating to:'https://testun.com.ua/'
8285 [main] INFO  m.Driver.MyWebDriverEventListener - WebDriver navigating to:'https://testun.com.ua/'
8917 [main] INFO  test.java.LogTest - _______________________________Test = validLoginPopup_______________________________
9044 [main] DEBUG m.Driver.MyWebDriverEventListener - Webdriver will click on element tag:a |id: js_header_signin |text: ('Войти')
11964 [main] DEBUG m.Driver.MyWebDriverEventListener - hope Webdriver clicked on element tag:a |id: js_header_signin |text: ('Войти')
12077 [main] INFO  test.java.LogTest - ------------------------waitForPageLoaded true
12126 [main] DEBUG m.Driver.MyWebDriverEventListener - WebDriver changing value in element found By.id: login_email from 'tag:input |id: login_email |text: ('')
13480 [main] DEBUG m.Driver.MyWebDriverEventListener - WebDriver changing value in element found By.id: login_email from 'tag:input |id: login_email |text: ('')
13534 [main] DEBUG m.Driver.MyWebDriverEventListener - WebDriver changing value in element found By.id: login_password from 'tag:input |id: login_password |text: ('')
14162 [main] DEBUG m.Driver.MyWebDriverEventListener - WebDriver changing value in element found By.id: login_password from 'tag:input |id: login_password |text: ('')
14214 [main] DEBUG m.Driver.MyWebDriverEventListener - Webdriver will click on element tag:input |id: login_button |text: ('')
16227 [main] DEBUG m.Driver.MyWebDriverEventListener - hope Webdriver clicked on element tag:input |id: login_button |text: ('')
17481 [main] ERROR test.java.LogTest - ------------------------> Ошибка на странице:"Petrikov Vasilii Ivanovich - Видеовстречи".Текст переменной:cebook_Message ***not defined***"
17522 [main] INFO  test.java.LogTest - ------------------------waitForPageLoaded true
19985 [main] DEBUG m.Driver.MyWebDriverEventListener - Webdriver will click on element tag:a |id: logout |text: ('Выйти')
20520 [main] DEBUG m.Driver.MyWebDriverEventListener - hope Webdriver clicked on element tag:a |id: logout |text: ('Выйти')
21343 [main] INFO  test.java.LogTest - ------------------------waitForPageLoaded true
21376 [main] INFO  test.java.LogTest - >>>>>>>>>>@AfterMethod<<<<<<<<<
24452 [main] ERROR test.java.LogTest - ------------------------> Ошибка на странице:"Tutorsband".Текст переменной:cebook_Message ***not defined***"
24519 [Thread-0] DEBUG main.Driver.WebDriverFactory - Killing driver 
364  [main] INFO  test.java.LogTest - ______________________________________class test.java.LogTest______________________________________
373  [main] DEBUG main.Driver.WebDriverFactory - Requested driver: Capabilities [{browserName=firefox}]:null. Driver uses count = 1
3696 [main] INFO  m.Driver.MyWebDriverEventListener - WebDriver navigating to:'https://testun.com.ua/sys/sys/test_cookie_key'
4434 [main] INFO  m.Driver.MyWebDriverEventListener - WebDriver navigating to:'https://testun.com.ua/'
8027 [main] INFO  m.Driver.MyWebDriverEventListener - WebDriver navigating to:'https://testun.com.ua/'
8650 [main] INFO  test.java.LogTest - _______________________________Test = validLoginPopup_______________________________
8853 [main] DEBUG m.Driver.MyWebDriverEventListener - Webdriver will click on element tag:a |id: js_header_signin |text: ('Войти')
11727 [main] DEBUG m.Driver.MyWebDriverEventListener - hope Webdriver clicked on element tag:a |id: js_header_signin |text: ('Войти')
11839 [main] INFO  test.java.LogTest - ------------------------waitForPageLoaded true
11926 [main] DEBUG m.Driver.MyWebDriverEventListener - WebDriver changing value in element found By.id: login_email from 'tag:input |id: login_email |text: ('')
12522 [main] DEBUG m.Driver.MyWebDriverEventListener - WebDriver changing value in element found By.id: login_email from 'tag:input |id: login_email |text: ('')
13233 [main] DEBUG m.Driver.MyWebDriverEventListener - WebDriver changing value in element found By.id: login_password from 'tag:input |id: login_password |text: ('')
13833 [main] DEBUG m.Driver.MyWebDriverEventListener - WebDriver changing value in element found By.id: login_password from 'tag:input |id: login_password |text: ('')
13898 [main] DEBUG m.Driver.MyWebDriverEventListener - Webdriver will click on element tag:input |id: login_button |text: ('')
15899 [main] DEBUG m.Driver.MyWebDriverEventListener - hope Webdriver clicked on element tag:input |id: login_button |text: ('')
17132 [main] ERROR test.java.LogTest - ------------------------> Ошибка на странице:"Petrikov Vasilii Ivanovich - Видеовстречи".Текст переменной:cebook_Message ***not defined***"
17203 [main] INFO  test.java.LogTest - ------------------------waitForPageLoaded true
19634 [main] DEBUG m.Driver.MyWebDriverEventListener - Webdriver will click on element tag:a |id: logout |text: ('Выйти')
20169 [main] DEBUG m.Driver.MyWebDriverEventListener - hope Webdriver clicked on element tag:a |id: logout |text: ('Выйти')
20922 [main] INFO  test.java.LogTest - ------------------------waitForPageLoaded true
20959 [main] INFO  test.java.LogTest - >>>>>>>>>>@AfterMethod<<<<<<<<<
24025 [main] ERROR test.java.LogTest - ------------------------> Ошибка на странице:"Tutorsband".Текст переменной:cebook_Message ***not defined***"
24073 [Thread-0] DEBUG main.Driver.WebDriverFactory - Killing driver 
282  [main] INFO  test.java.LogTest - >>>>>>>>>>>>>>>>>>>>>>>>>>>>>>>>>>>>>class test.java.RegisterTest<<<<<<<<<<<<<<<<<<<<<<<<<<<<<<<<<<<<<<<
292  [main] DEBUG main.Driver.WebDriverFactory - Requested driver: Capabilities [{browserName=firefox}]:null. Driver uses count = 1
3334 [main] INFO  m.Driver.MyWebDriverEventListener - WebDriver navigating to:'https://testun.com.ua/sys/sys/test_cookie_key'
4044 [main] INFO  m.Driver.MyWebDriverEventListener - WebDriver navigating to:'https://testun.com.ua/'
7801 [main] DEBUG m.Driver.MyWebDriverEventListener - Webdriver will click on element tag:a |id:  |text: ('English')
10052 [main] DEBUG m.Driver.MyWebDriverEventListener - hope Webdriver clicked on element tag:a |id:  |text: ('English')
10265 [main] INFO  test.java.LogTest - ------------------------waitForPageLoaded true
10345 [main] DEBUG m.Driver.MyWebDriverEventListener - Webdriver will click on element tag:a |id:  |text: ('Русский')
10570 [main] DEBUG m.Driver.MyWebDriverEventListener - hope Webdriver clicked on element tag:a |id:  |text: ('Русский')
10951 [main] ERROR m.Driver.MyWebDriverEventListener - ________________________________________________________________________________________________________________
10956 [main] ERROR m.Driver.MyWebDriverEventListener - WebDriver error:
org.openqa.selenium.WebDriverException: window.jQuery is undefined
Command duration or timeout: 378 milliseconds
Build info: version: '2.42.2', revision: '6a6995d', time: '2014-06-03 17:42:03'
System info: host: 'alexandra-System-Product-Name', ip: '127.0.1.1', os.name: 'Linux', os.arch: 'amd64', os.version: '3.2.0-23-generic', java.version: '1.7.0_60'
Session ID: a46056a7-2690-4c47-ac1f-e2bc02c51dc1
Driver info: org.openqa.selenium.firefox.FirefoxDriver
Capabilities [{platform=LINUX, acceptSslCerts=true, javascriptEnabled=true, cssSelectorsEnabled=true, databaseEnabled=true, browserName=firefox, handlesAlerts=true, browserConnectionEnabled=true, webStorageEnabled=true, nativeEvents=true, rotatable=false, locationContextEnabled=true, applicationCacheEnabled=true, takesScreenshot=true, version=29.0}]
	at sun.reflect.NativeConstructorAccessorImpl.newInstance0(Native Method) ~[na:1.7.0_60]
	at sun.reflect.NativeConstructorAccessorImpl.newInstance(NativeConstructorAccessorImpl.java:57) ~[na:1.7.0_60]
	at sun.reflect.DelegatingConstructorAccessorImpl.newInstance(DelegatingConstructorAccessorImpl.java:45) ~[na:1.7.0_60]
	at java.lang.reflect.Constructor.newInstance(Constructor.java:526) ~[na:1.7.0_60]
	at org.openqa.selenium.remote.ErrorHandler.createThrowable(ErrorHandler.java:204) ~[selenium-server-standalone-2.42.2.jar:na]
	at org.openqa.selenium.remote.ErrorHandler.throwIfResponseFailed(ErrorHandler.java:156) ~[selenium-server-standalone-2.42.2.jar:na]
	at org.openqa.selenium.remote.RemoteWebDriver.execute(RemoteWebDriver.java:599) ~[selenium-server-standalone-2.42.2.jar:na]
	at org.openqa.selenium.remote.RemoteWebDriver.executeScript(RemoteWebDriver.java:508) ~[selenium-server-standalone-2.42.2.jar:na]
	at sun.reflect.NativeMethodAccessorImpl.invoke0(Native Method) ~[na:1.7.0_60]
	at sun.reflect.NativeMethodAccessorImpl.invoke(NativeMethodAccessorImpl.java:57) ~[na:1.7.0_60]
	at sun.reflect.DelegatingMethodAccessorImpl.invoke(DelegatingMethodAccessorImpl.java:43) ~[na:1.7.0_60]
	at java.lang.reflect.Method.invoke(Method.java:606) ~[na:1.7.0_60]
	at org.openqa.selenium.support.events.EventFiringWebDriver$2.invoke(EventFiringWebDriver.java:101) ~[selenium-server-standalone-2.42.2.jar:na]
	at com.sun.proxy.$Proxy11.executeScript(Unknown Source) ~[na:na]
	at org.openqa.selenium.support.events.EventFiringWebDriver.executeScript(EventFiringWebDriver.java:213) ~[selenium-server-standalone-2.42.2.jar:na]
	at main.pages.BaseClass$1.apply(BaseClass.java:90) ~[classes/:na]
	at main.pages.BaseClass$1.apply(BaseClass.java:1) ~[classes/:na]
	at org.openqa.selenium.support.ui.FluentWait.until(FluentWait.java:208) [selenium-server-standalone-2.42.2.jar:na]
	at main.pages.BaseClass.waitForPageLoaded(BaseClass.java:96) [classes/:na]
	at main.pages.BaseClass.selectLang(BaseClass.java:108) [classes/:na]
	at test.java.RegisterTest.setup(RegisterTest.java:53) [classes/:na]
	at sun.reflect.NativeMethodAccessorImpl.invoke0(Native Method) ~[na:1.7.0_60]
	at sun.reflect.NativeMethodAccessorImpl.invoke(NativeMethodAccessorImpl.java:57) ~[na:1.7.0_60]
	at sun.reflect.DelegatingMethodAccessorImpl.invoke(DelegatingMethodAccessorImpl.java:43) ~[na:1.7.0_60]
	at java.lang.reflect.Method.invoke(Method.java:606) ~[na:1.7.0_60]
	at org.testng.internal.MethodInvocationHelper.invokeMethod(MethodInvocationHelper.java:80) [testng.jar:6.9beta-201211201815]
	at org.testng.internal.Invoker.invokeConfigurationMethod(Invoker.java:564) [testng.jar:6.9beta-201211201815]
	at org.testng.internal.Invoker.invokeConfigurations(Invoker.java:213) [testng.jar:6.9beta-201211201815]
	at org.testng.internal.Invoker.invokeConfigurations(Invoker.java:138) [testng.jar:6.9beta-201211201815]
	at org.testng.internal.TestMethodWorker.invokeBeforeClassMethods(TestMethodWorker.java:175) [testng.jar:6.9beta-201211201815]
	at org.testng.internal.TestMethodWorker.run(TestMethodWorker.java:107) [testng.jar:6.9beta-201211201815]
	at org.testng.TestRunner.privateRun(TestRunner.java:767) [testng.jar:6.9beta-201211201815]
	at org.testng.TestRunner.run(TestRunner.java:617) [testng.jar:6.9beta-201211201815]
	at org.testng.SuiteRunner.runTest(SuiteRunner.java:334) [testng.jar:6.9beta-201211201815]
	at org.testng.SuiteRunner.runSequentially(SuiteRunner.java:329) [testng.jar:6.9beta-201211201815]
	at org.testng.SuiteRunner.privateRun(SuiteRunner.java:291) [testng.jar:6.9beta-201211201815]
	at org.testng.SuiteRunner.run(SuiteRunner.java:240) [testng.jar:6.9beta-201211201815]
	at org.testng.SuiteRunnerWorker.runSuite(SuiteRunnerWorker.java:52) [testng.jar:6.9beta-201211201815]
	at org.testng.SuiteRunnerWorker.run(SuiteRunnerWorker.java:86) [testng.jar:6.9beta-201211201815]
	at org.testng.TestNG.runSuitesSequentially(TestNG.java:1203) [testng.jar:6.9beta-201211201815]
	at org.testng.TestNG.runSuitesLocally(TestNG.java:1128) [testng.jar:6.9beta-201211201815]
	at org.testng.TestNG.run(TestNG.java:1036) [testng.jar:6.9beta-201211201815]
	at org.testng.remote.RemoteTestNG.run(RemoteTestNG.java:111) [testng.jar:6.9beta-201211201815]
	at org.testng.remote.RemoteTestNG.initAndRun(RemoteTestNG.java:204) [testng.jar:6.9beta-201211201815]
	at org.testng.remote.RemoteTestNG.main(RemoteTestNG.java:175) [testng.jar:6.9beta-201211201815]
org.openqa.selenium.remote.ErrorHandler$UnknownServerException: window.jQuery is undefined
Build info: version: '2.42.2', revision: '6a6995d', time: '2014-06-03 17:42:03'
System info: host: 'alexandra-System-Product-Name', ip: '127.0.1.1', os.name: 'Linux', os.arch: 'amd64', os.version: '3.2.0-23-generic', java.version: '1.7.0_60'
Driver info: driver.version: unknown
	at <anonymous class>.anonymous(https://testun.com.ua/:68) ~[na:na]
	at <anonymous class>.handleEvaluateEvent(https://testun.com.ua/:68) ~[na:na]
10956 [main] ERROR m.Driver.MyWebDriverEventListener - ________________________________________________________________________________________________________________
11222 [main] INFO  test.java.LogTest - window.JSErrorCollector_errors is undefined
Command duration or timeout: 266 milliseconds
Build info: version: '2.42.2', revision: '6a6995d', time: '2014-06-03 17:42:03'
System info: host: 'alexandra-System-Product-Name', ip: '127.0.1.1', os.name: 'Linux', os.arch: 'amd64', os.version: '3.2.0-23-generic', java.version: '1.7.0_60'
Session ID: a46056a7-2690-4c47-ac1f-e2bc02c51dc1
Driver info: org.openqa.selenium.firefox.FirefoxDriver
Capabilities [{platform=LINUX, acceptSslCerts=true, javascriptEnabled=true, cssSelectorsEnabled=true, databaseEnabled=true, browserName=firefox, handlesAlerts=true, browserConnectionEnabled=true, webStorageEnabled=true, nativeEvents=true, rotatable=false, locationContextEnabled=true, applicationCacheEnabled=true, takesScreenshot=true, version=29.0}]
11224 [main] INFO  test.java.LogTest - ______________________________________class test.java.RegisterTest______________________________________
11224 [main] INFO  m.Driver.MyWebDriverEventListener - WebDriver navigating to:'https://testun.com.ua/sys/sys/test_cookie_key'
11249 [main] INFO  m.Driver.MyWebDriverEventListener - WebDriver navigating to:'https://testun.com.ua/'
11982 [main] INFO  test.java.LogTest - _______________________Test = invalidRegEmail_______________________
22069 [main] DEBUG m.Driver.MyWebDriverEventListener - Webdriver will click on element tag:a |id: js_main_signup |text: ('Присоединиться')
23313 [main] DEBUG m.Driver.MyWebDriverEventListener - hope Webdriver clicked on element tag:a |id: js_main_signup |text: ('Присоединиться')
23357 [main] INFO  test.java.LogTest - ------------------------waitForPageLoaded true
23367 [main] INFO  test.java.LogTest - ------------------------waitForPageLoaded true
23434 [main] DEBUG m.Driver.MyWebDriverEventListener - WebDriver changing value in element found By.id: register_name from 'tag:input |id: register_name |text: ('')
24709 [main] DEBUG m.Driver.MyWebDriverEventListener - WebDriver changing value in element found By.id: register_name from 'tag:input |id: register_name |text: ('')
24786 [main] DEBUG m.Driver.MyWebDriverEventListener - WebDriver changing value in element found By.id: register_email from 'tag:input |id: register_email |text: ('')
24842 [main] DEBUG m.Driver.MyWebDriverEventListener - WebDriver changing value in element found By.id: register_email from 'tag:input |id: register_email |text: ('')
24910 [main] DEBUG m.Driver.MyWebDriverEventListener - WebDriver changing value in element found By.id: register_password from 'tag:input |id: register_password |text: ('')
25523 [main] DEBUG m.Driver.MyWebDriverEventListener - WebDriver changing value in element found By.id: register_password from 'tag:input |id: register_password |text: ('')
25575 [main] DEBUG m.Driver.MyWebDriverEventListener - Webdriver will click on element tag:input |id: register_button |text: ('')
26278 [main] DEBUG m.Driver.MyWebDriverEventListener - hope Webdriver clicked on element tag:input |id: register_button |text: ('')
30157 [main] INFO  test.java.LogTest - ------------------------waitForPageLoaded true
30237 [main] DEBUG m.Driver.MyWebDriverEventListener - WebDriver changing value in element found By.id: register_name from 'tag:input |id: register_name |text: ('')
31093 [main] DEBUG m.Driver.MyWebDriverEventListener - WebDriver changing value in element found By.id: register_name from 'tag:input |id: register_name |text: ('')
31198 [main] DEBUG m.Driver.MyWebDriverEventListener - WebDriver changing value in element found By.id: register_email from 'tag:input |id: register_email |text: ('')
31734 [main] DEBUG m.Driver.MyWebDriverEventListener - WebDriver changing value in element found By.id: register_email from 'tag:input |id: register_email |text: ('')
31809 [main] DEBUG m.Driver.MyWebDriverEventListener - WebDriver changing value in element found By.id: register_password from 'tag:input |id: register_password |text: ('')
32466 [main] DEBUG m.Driver.MyWebDriverEventListener - WebDriver changing value in element found By.id: register_password from 'tag:input |id: register_password |text: ('')
32540 [main] DEBUG m.Driver.MyWebDriverEventListener - Webdriver will click on element tag:input |id: register_button |text: ('')
32804 [main] DEBUG m.Driver.MyWebDriverEventListener - hope Webdriver clicked on element tag:input |id: register_button |text: ('')
36237 [main] INFO  test.java.LogTest - ------------------------waitForPageLoaded true
36321 [main] DEBUG m.Driver.MyWebDriverEventListener - WebDriver changing value in element found By.id: register_name from 'tag:input |id: register_name |text: ('')
37041 [main] DEBUG m.Driver.MyWebDriverEventListener - WebDriver changing value in element found By.id: register_name from 'tag:input |id: register_name |text: ('')
37126 [main] DEBUG m.Driver.MyWebDriverEventListener - WebDriver changing value in element found By.id: register_email from 'tag:input |id: register_email |text: ('')
37963 [main] DEBUG m.Driver.MyWebDriverEventListener - WebDriver changing value in element found By.id: register_email from 'tag:input |id: register_email |text: ('')
38202 [main] DEBUG m.Driver.MyWebDriverEventListener - WebDriver changing value in element found By.id: register_password from 'tag:input |id: register_password |text: ('')
38833 [main] DEBUG m.Driver.MyWebDriverEventListener - WebDriver changing value in element found By.id: register_password from 'tag:input |id: register_password |text: ('')
38890 [main] DEBUG m.Driver.MyWebDriverEventListener - Webdriver will click on element tag:input |id: register_button |text: ('')
39115 [main] DEBUG m.Driver.MyWebDriverEventListener - hope Webdriver clicked on element tag:input |id: register_button |text: ('')
39277 [main] INFO  test.java.LogTest - ------------------------waitForPageLoaded true
39360 [main] DEBUG m.Driver.MyWebDriverEventListener - Webdriver will click on element tag:a |id:  |text: ('')
40688 [main] DEBUG m.Driver.MyWebDriverEventListener - hope Webdriver clicked on element tag:a |id:  |text: ('')
40693 [main] INFO  test.java.LogTest - ------------------------waitForPageLoaded true
40713 [main] INFO  test.java.LogTest - >>>>>>>>>>@AfterMethod<<<<<<<<<
43832 [main] ERROR test.java.LogTest - ------------------------> Ошибка на странице:"Tutorsband".Текст переменной:cebook_Message ***not defined***"
43833 [main] INFO  test.java.LogTest - ______________________________________class test.java.RegisterTest______________________________________
43833 [main] INFO  m.Driver.MyWebDriverEventListener - WebDriver navigating to:'https://testun.com.ua/sys/sys/test_cookie_key'
43953 [main] INFO  m.Driver.MyWebDriverEventListener - WebDriver navigating to:'https://testun.com.ua/'
44804 [main] INFO  test.java.LogTest - >>>>>>>>>>>>>>>Test = invalidRegName()<<<<<<<<<<<<<<<
57872 [main] DEBUG m.Driver.MyWebDriverEventListener - Webdriver will click on element tag:a |id: js_main_signup |text: ('Присоединиться')
59028 [main] DEBUG m.Driver.MyWebDriverEventListener - hope Webdriver clicked on element tag:a |id: js_main_signup |text: ('Присоединиться')
59194 [main] INFO  test.java.LogTest - ------------------------waitForPageLoaded true
59228 [main] INFO  test.java.LogTest - ------------------------waitForPageLoaded true
59329 [main] DEBUG m.Driver.MyWebDriverEventListener - WebDriver changing value in element found By.id: register_name from 'tag:input |id: register_name |text: ('')
59510 [main] DEBUG m.Driver.MyWebDriverEventListener - WebDriver changing value in element found By.id: register_name from 'tag:input |id: register_name |text: ('')
59566 [main] DEBUG m.Driver.MyWebDriverEventListener - WebDriver changing value in element found By.id: register_email from 'tag:input |id: register_email |text: ('')
60022 [main] DEBUG m.Driver.MyWebDriverEventListener - WebDriver changing value in element found By.id: register_email from 'tag:input |id: register_email |text: ('')
60100 [main] DEBUG m.Driver.MyWebDriverEventListener - WebDriver changing value in element found By.id: register_password from 'tag:input |id: register_password |text: ('')
60780 [main] DEBUG m.Driver.MyWebDriverEventListener - WebDriver changing value in element found By.id: register_password from 'tag:input |id: register_password |text: ('')
60839 [main] DEBUG m.Driver.MyWebDriverEventListener - Webdriver will click on element tag:input |id: register_button |text: ('')
61540 [main] DEBUG m.Driver.MyWebDriverEventListener - hope Webdriver clicked on element tag:input |id: register_button |text: ('')
61731 [main] ERROR test.java.LogTest - ------------------------> Ошибка на странице:"Tutorsband".Текст переменной:cebook_Message ***not defined***"
61787 [main] INFO  test.java.LogTest - ------------------------waitForPageLoaded true
61873 [main] DEBUG m.Driver.MyWebDriverEventListener - Webdriver will click on element tag:a |id:  |text: ('')
63194 [main] DEBUG m.Driver.MyWebDriverEventListener - hope Webdriver clicked on element tag:a |id:  |text: ('')
63199 [main] INFO  test.java.LogTest - ------------------------waitForPageLoaded true
63226 [main] INFO  test.java.LogTest - >>>>>>>>>>@AfterMethod<<<<<<<<<
66298 [main] ERROR test.java.LogTest - ------------------------> Ошибка на странице:"Tutorsband".Текст переменной:cebook_Message ***not defined***"
66299 [main] INFO  test.java.LogTest - ______________________________________class test.java.RegisterTest______________________________________
66299 [main] INFO  m.Driver.MyWebDriverEventListener - WebDriver navigating to:'https://testun.com.ua/sys/sys/test_cookie_key'
66404 [main] INFO  m.Driver.MyWebDriverEventListener - WebDriver navigating to:'https://testun.com.ua/'
67393 [main] INFO  test.java.LogTest - _______________________Test = invalidRegPass_______________________
77509 [main] DEBUG m.Driver.MyWebDriverEventListener - Webdriver will click on element tag:a |id: js_main_signup |text: ('Присоединиться')
78516 [main] DEBUG m.Driver.MyWebDriverEventListener - hope Webdriver clicked on element tag:a |id: js_main_signup |text: ('Присоединиться')
78531 [main] INFO  test.java.LogTest - ------------------------waitForPageLoaded true
78544 [main] INFO  test.java.LogTest - ------------------------waitForPageLoaded true
78603 [main] DEBUG m.Driver.MyWebDriverEventListener - WebDriver changing value in element found By.id: register_name from 'tag:input |id: register_name |text: ('')
79290 [main] DEBUG m.Driver.MyWebDriverEventListener - WebDriver changing value in element found By.id: register_name from 'tag:input |id: register_name |text: ('')
79324 [main] DEBUG m.Driver.MyWebDriverEventListener - WebDriver changing value in element found By.id: register_email from 'tag:input |id: register_email |text: ('')
79694 [main] DEBUG m.Driver.MyWebDriverEventListener - WebDriver changing value in element found By.id: register_email from 'tag:input |id: register_email |text: ('')
79778 [main] DEBUG m.Driver.MyWebDriverEventListener - WebDriver changing value in element found By.id: register_password from 'tag:input |id: register_password |text: ('')
79820 [main] DEBUG m.Driver.MyWebDriverEventListener - WebDriver changing value in element found By.id: register_password from 'tag:input |id: register_password |text: ('')
79882 [main] DEBUG m.Driver.MyWebDriverEventListener - Webdriver will click on element tag:input |id: register_button |text: ('')
80553 [main] DEBUG m.Driver.MyWebDriverEventListener - hope Webdriver clicked on element tag:input |id: register_button |text: ('')
83600 [main] INFO  test.java.LogTest - ------------------------waitForPageLoaded true
83711 [main] DEBUG m.Driver.MyWebDriverEventListener - WebDriver changing value in element found By.id: register_name from 'tag:input |id: register_name |text: ('')
84463 [main] DEBUG m.Driver.MyWebDriverEventListener - WebDriver changing value in element found By.id: register_name from 'tag:input |id: register_name |text: ('')
84551 [main] DEBUG m.Driver.MyWebDriverEventListener - WebDriver changing value in element found By.id: register_email from 'tag:input |id: register_email |text: ('')
85242 [main] DEBUG m.Driver.MyWebDriverEventListener - WebDriver changing value in element found By.id: register_email from 'tag:input |id: register_email |text: ('')
85364 [main] DEBUG m.Driver.MyWebDriverEventListener - WebDriver changing value in element found By.id: register_password from 'tag:input |id: register_password |text: ('')
85717 [main] DEBUG m.Driver.MyWebDriverEventListener - WebDriver changing value in element found By.id: register_password from 'tag:input |id: register_password |text: ('')
85782 [main] DEBUG m.Driver.MyWebDriverEventListener - Webdriver will click on element tag:input |id: register_button |text: ('')
85956 [main] DEBUG m.Driver.MyWebDriverEventListener - hope Webdriver clicked on element tag:input |id: register_button |text: ('')
86191 [main] INFO  test.java.LogTest - ------------------------waitForPageLoaded true
86266 [main] DEBUG m.Driver.MyWebDriverEventListener - Webdriver will click on element tag:a |id:  |text: ('')
87584 [main] DEBUG m.Driver.MyWebDriverEventListener - hope Webdriver clicked on element tag:a |id:  |text: ('')
87589 [main] INFO  test.java.LogTest - ------------------------waitForPageLoaded true
87596 [main] INFO  test.java.LogTest - >>>>>>>>>>@AfterMethod<<<<<<<<<
90689 [main] ERROR test.java.LogTest - ------------------------> Ошибка на странице:"Tutorsband".Текст переменной:cebook_Message ***not defined***"
90690 [main] INFO  test.java.LogTest - ______________________________________class test.java.RegisterTest______________________________________
90690 [main] INFO  m.Driver.MyWebDriverEventListener - WebDriver navigating to:'https://testun.com.ua/sys/sys/test_cookie_key'
90838 [main] INFO  m.Driver.MyWebDriverEventListener - WebDriver navigating to:'https://testun.com.ua/'
91665 [main] INFO  test.java.LogTest - _______________________Test = registerFromHangoutPopup_______________________
91665 [main] INFO  m.Driver.MyWebDriverEventListener - WebDriver navigating to:'https://testun.com.ua//search'
92623 [main] INFO  test.java.LogTest - ------------------------waitForPageLoaded true
92792 [main] DEBUG m.Driver.MyWebDriverEventListener - Webdriver will click on element tag:a |id:  |text: ('Проходит сейчас
Сегодня в 14:45
test
Александр Худа
Бесплатно')
94028 [main] DEBUG m.Driver.MyWebDriverEventListener - hope Webdriver clicked on element tag:a |id:  |text: ('Проходит сейчас
Сегодня в 14:45
test
Александр Худа
Бесплатно')
94033 [main] INFO  test.java.LogTest - ------------------------waitForPageLoaded false
94542 [main] INFO  test.java.LogTest - ------------------------waitForPageLoaded true
94586 [main] DEBUG m.Driver.MyWebDriverEventListener - Webdriver will click on element tag:a |id: original_subscribe |text: ('Принять участие')
95835 [main] DEBUG m.Driver.MyWebDriverEventListener - hope Webdriver clicked on element tag:a |id: original_subscribe |text: ('Принять участие')
95842 [main] INFO  test.java.LogTest - ------------------------waitForPageLoaded true
95901 [main] DEBUG m.Driver.MyWebDriverEventListener - WebDriver changing value in element found By.id: register_name from 'tag:input |id: register_name |text: ('')
96627 [main] DEBUG m.Driver.MyWebDriverEventListener - WebDriver changing value in element found By.id: register_name from 'tag:input |id: register_name |text: ('')
96657 [main] DEBUG m.Driver.MyWebDriverEventListener - WebDriver changing value in element found By.id: register_email from 'tag:input |id: register_email |text: ('')
97016 [main] DEBUG m.Driver.MyWebDriverEventListener - WebDriver changing value in element found By.id: register_email from 'tag:input |id: register_email |text: ('')
97048 [main] DEBUG m.Driver.MyWebDriverEventListener - WebDriver changing value in element found By.id: register_password from 'tag:input |id: register_password |text: ('')
97632 [main] DEBUG m.Driver.MyWebDriverEventListener - WebDriver changing value in element found By.id: register_password from 'tag:input |id: register_password |text: ('')
97668 [main] DEBUG m.Driver.MyWebDriverEventListener - Webdriver will click on element tag:input |id: register_button |text: ('')
98909 [main] DEBUG m.Driver.MyWebDriverEventListener - hope Webdriver clicked on element tag:input |id: register_button |text: ('')
100394 [main] INFO  test.java.LogTest - ------------------------waitForPageLoaded true
100427 [main] INFO  test.java.LogTest - ------------------------waitForPageLoaded true
100431 [main] INFO  test.java.LogTest - Assert that user Ivanchuk Grigorii Test takes part in conference
100505 [main] INFO  test.java.LogTest - ------------------------waitForPageLoaded true
102977 [main] DEBUG m.Driver.MyWebDriverEventListener - Webdriver will click on element tag:a |id: logout |text: ('Выйти')
103523 [main] DEBUG m.Driver.MyWebDriverEventListener - hope Webdriver clicked on element tag:a |id: logout |text: ('Выйти')
104443 [main] INFO  test.java.LogTest - ------------------------waitForPageLoaded true
104478 [main] INFO  test.java.LogTest - >>>>>>>>>>@AfterMethod<<<<<<<<<
107581 [main] ERROR test.java.LogTest - ------------------------> Ошибка на странице:"Tutorsband".Текст переменной:cebook_Message ***not defined***"
107583 [main] INFO  test.java.LogTest - ______________________________________class test.java.RegisterTest______________________________________
107583 [main] INFO  m.Driver.MyWebDriverEventListener - WebDriver navigating to:'https://testun.com.ua/sys/sys/test_cookie_key'
107703 [main] INFO  m.Driver.MyWebDriverEventListener - WebDriver navigating to:'https://testun.com.ua/'
108608 [main] INFO  test.java.LogTest - _______________________________Test = registerNewPassWithFB()_______________________________
108730 [main] DEBUG m.Driver.MyWebDriverEventListener - Webdriver will click on element tag:a |id: js_main_signup |text: ('Присоединиться')
110391 [main] DEBUG m.Driver.MyWebDriverEventListener - hope Webdriver clicked on element tag:a |id: js_main_signup |text: ('Присоединиться')
110519 [main] INFO  test.java.LogTest - ------------------------waitForPageLoaded true
110760 [main] DEBUG m.Driver.MyWebDriverEventListener - Webdriver will click on element tag:a |id:  |text: ('Регистрация с Facebook')
111811 [main] DEBUG m.Driver.MyWebDriverEventListener - hope Webdriver clicked on element tag:a |id:  |text: ('Регистрация с Facebook')
113045 [main] DEBUG m.Driver.MyWebDriverEventListener - WebDriver changing value in element found By.id: email from 'tag:input |id: email |text: ('')
113710 [main] DEBUG m.Driver.MyWebDriverEventListener - WebDriver changing value in element found By.id: email from 'tag:input |id: email |text: ('')
113760 [main] DEBUG m.Driver.MyWebDriverEventListener - WebDriver changing value in element found By.id: pass from 'tag:input |id: pass |text: ('')
114189 [main] DEBUG m.Driver.MyWebDriverEventListener - WebDriver changing value in element found By.id: pass from 'tag:input |id: pass |text: ('')
114270 [main] DEBUG m.Driver.MyWebDriverEventListener - Webdriver will click on element tag:input |id: u_0_1 |text: ('')
116033 [main] DEBUG m.Driver.MyWebDriverEventListener - hope Webdriver clicked on element tag:input |id: u_0_1 |text: ('')
131356 [main] INFO  test.java.LogTest - Number of new messages = 17
131836 [main] INFO  test.java.LogTest - ------------------------waitForPageLoaded true
134243 [main] DEBUG m.Driver.MyWebDriverEventListener - Webdriver will click on element tag:a |id: logout |text: ('Выйти')
134871 [main] DEBUG m.Driver.MyWebDriverEventListener - hope Webdriver clicked on element tag:a |id: logout |text: ('Выйти')
136012 [main] INFO  test.java.LogTest - ------------------------waitForPageLoaded true
136075 [main] DEBUG m.Driver.MyWebDriverEventListener - Webdriver will click on element tag:a |id: js_header_signin |text: ('Войти')
136651 [main] DEBUG m.Driver.MyWebDriverEventListener - hope Webdriver clicked on element tag:a |id: js_header_signin |text: ('Войти')
136655 [main] INFO  test.java.LogTest - ------------------------waitForPageLoaded true
136706 [main] DEBUG m.Driver.MyWebDriverEventListener - WebDriver changing value in element found By.id: login_email from 'tag:input |id: login_email |text: ('')
137333 [main] DEBUG m.Driver.MyWebDriverEventListener - WebDriver changing value in element found By.id: login_email from 'tag:input |id: login_email |text: ('')
137505 [main] DEBUG m.Driver.MyWebDriverEventListener - WebDriver changing value in element found By.id: login_password from 'tag:input |id: login_password |text: ('')
137957 [main] DEBUG m.Driver.MyWebDriverEventListener - WebDriver changing value in element found By.id: login_password from 'tag:input |id: login_password |text: ('')
138009 [main] DEBUG m.Driver.MyWebDriverEventListener - Webdriver will click on element tag:input |id: login_button |text: ('')
140166 [main] DEBUG m.Driver.MyWebDriverEventListener - hope Webdriver clicked on element tag:input |id: login_button |text: ('')
150224 [main] ERROR m.Driver.MyWebDriverEventListener - ________________________________________________________________________________________________________________
150225 [main] ERROR m.Driver.MyWebDriverEventListener - WebDriver error: Element not found By.selector: .header__profile
150225 [main] ERROR m.Driver.MyWebDriverEventListener - ________________________________________________________________________________________________________________
150253 [main] INFO  test.java.LogTest - ------------------------waitForPageLoaded true
160275 [main] ERROR m.Driver.MyWebDriverEventListener - ________________________________________________________________________________________________________________
160275 [main] ERROR m.Driver.MyWebDriverEventListener - WebDriver error: Element not found By.selector: .header__profile
160275 [main] ERROR m.Driver.MyWebDriverEventListener - ________________________________________________________________________________________________________________
160278 [main] INFO  test.java.LogTest - >>>>>>>>>>@AfterMethod<<<<<<<<<
163399 [main] ERROR test.java.LogTest - ------------------------> Ошибка на странице:"Tutorsband".Текст переменной:cebook_Message ***not defined***"
163400 [main] INFO  test.java.LogTest - ______________________________________class test.java.RegisterTest______________________________________
163400 [main] INFO  m.Driver.MyWebDriverEventListener - WebDriver navigating to:'https://testun.com.ua/sys/sys/test_cookie_key'
163535 [main] INFO  m.Driver.MyWebDriverEventListener - WebDriver navigating to:'https://testun.com.ua/'
164470 [main] INFO  test.java.LogTest - _______________________________Test = registerWithFB_______________________________
164771 [main] DEBUG m.Driver.MyWebDriverEventListener - Webdriver will click on element tag:a |id: js_main_signup |text: ('Присоединиться')
165470 [main] DEBUG m.Driver.MyWebDriverEventListener - hope Webdriver clicked on element tag:a |id: js_main_signup |text: ('Присоединиться')
165519 [main] INFO  test.java.LogTest - ------------------------waitForPageLoaded true
165719 [main] DEBUG m.Driver.MyWebDriverEventListener - Webdriver will click on element tag:a |id:  |text: ('Регистрация с Facebook')
166510 [main] DEBUG m.Driver.MyWebDriverEventListener - hope Webdriver clicked on element tag:a |id:  |text: ('Регистрация с Facebook')
176847 [main] INFO  test.java.LogTest - ------------------------waitForPageLoaded true
178015 [main] DEBUG m.Driver.MyWebDriverEventListener - Webdriver will click on element tag:a |id:  |text: ('Настройки')
178507 [main] DEBUG m.Driver.MyWebDriverEventListener - hope Webdriver clicked on element tag:a |id:  |text: ('Настройки')
178618 [main] INFO  test.java.LogTest - ------------------------waitForPageLoaded true
178667 [main] DEBUG m.Driver.MyWebDriverEventListener - Webdriver will click on element tag:a |id:  |text: ('Эл. почта')
180839 [main] DEBUG m.Driver.MyWebDriverEventListener - hope Webdriver clicked on element tag:a |id:  |text: ('Эл. почта')
180855 [main] INFO  test.java.LogTest - ------------------------waitForPageLoaded false
181447 [main] INFO  test.java.LogTest - ------------------------waitForPageLoaded true
181490 [main] DEBUG m.Driver.MyWebDriverEventListener - WebDriver changing value in element found By.id: main_config_email from 'tag:input |id: main_config_email |text: ('')
181831 [main] DEBUG m.Driver.MyWebDriverEventListener - WebDriver changing value in element found By.id: main_config_email from 'tag:input |id: main_config_email |text: ('')
181873 [main] DEBUG m.Driver.MyWebDriverEventListener - Webdriver will click on element tag:input |id:  |text: ('')
182684 [main] DEBUG m.Driver.MyWebDriverEventListener - hope Webdriver clicked on element tag:input |id:  |text: ('')
182689 [main] INFO  test.java.LogTest - ------------------------waitForPageLoaded false
183217 [main] INFO  test.java.LogTest - ------------------------waitForPageLoaded true
183238 [main] INFO  test.java.LogTest - ------------------------waitForPageLoaded true
184931 [main] DEBUG m.Driver.MyWebDriverEventListener - Webdriver will click on element tag:a |id: logout |text: ('Выйти')
185478 [main] DEBUG m.Driver.MyWebDriverEventListener - hope Webdriver clicked on element tag:a |id: logout |text: ('Выйти')
186350 [main] INFO  test.java.LogTest - ------------------------waitForPageLoaded true
186362 [main] INFO  m.Driver.MyWebDriverEventListener - WebDriver navigating to:'https://www.facebook.com/'
188847 [main] INFO  test.java.LogTest - >>>>>>>>>>@AfterMethod<<<<<<<<<
192003 [main] INFO  test.java.LogTest - ______________________________________class test.java.RegisterTest______________________________________
192003 [main] INFO  m.Driver.MyWebDriverEventListener - WebDriver navigating to:'https://testun.com.ua/sys/sys/test_cookie_key'
192199 [main] INFO  m.Driver.MyWebDriverEventListener - WebDriver navigating to:'https://testun.com.ua/'
193041 [main] INFO  test.java.LogTest - _______________________________Test = registerWithGM_______________________________
193142 [main] DEBUG m.Driver.MyWebDriverEventListener - Webdriver will click on element tag:a |id: js_main_signup |text: ('Присоединиться')
194857 [main] DEBUG m.Driver.MyWebDriverEventListener - hope Webdriver clicked on element tag:a |id: js_main_signup |text: ('Присоединиться')
194888 [main] INFO  test.java.LogTest - ------------------------waitForPageLoaded true
194999 [main] DEBUG m.Driver.MyWebDriverEventListener - Webdriver will click on element tag:a |id:  |text: ('Регистрация с Google')
195843 [main] DEBUG m.Driver.MyWebDriverEventListener - hope Webdriver clicked on element tag:a |id:  |text: ('Регистрация с Google')
206349 [main] DEBUG m.Driver.MyWebDriverEventListener - WebDriver changing value in element found By.id: Passwd from 'tag:input |id: Passwd |text: ('')
206781 [main] DEBUG m.Driver.MyWebDriverEventListener - WebDriver changing value in element found By.id: Passwd from 'tag:input |id: Passwd |text: ('')
206838 [main] DEBUG m.Driver.MyWebDriverEventListener - WebDriver changing value in element found By.id: Email from 'tag:input |id: Email |text: ('')
207491 [main] DEBUG m.Driver.MyWebDriverEventListener - WebDriver changing value in element found By.id: Email from 'tag:input |id: Email |text: ('')
207547 [main] DEBUG m.Driver.MyWebDriverEventListener - Webdriver will click on element tag:input |id: signIn |text: ('')
209292 [main] DEBUG m.Driver.MyWebDriverEventListener - hope Webdriver clicked on element tag:input |id: signIn |text: ('')
222051 [main] ERROR m.Driver.MyWebDriverEventListener - ________________________________________________________________________________________________________________
222051 [main] ERROR m.Driver.MyWebDriverEventListener - WebDriver error: Element not found By.id: google_invite_submit
222051 [main] ERROR m.Driver.MyWebDriverEventListener - ________________________________________________________________________________________________________________
222062 [main] INFO  test.java.LogTest - ------------------------waitForPageLoaded true
224739 [main] DEBUG m.Driver.MyWebDriverEventListener - Webdriver will click on element tag:a |id:  |text: ('Настройки')
225071 [main] DEBUG m.Driver.MyWebDriverEventListener - hope Webdriver clicked on element tag:a |id:  |text: ('Настройки')
225276 [main] INFO  test.java.LogTest - ------------------------waitForPageLoaded false
225428 [main] DEBUG m.Driver.MyWebDriverEventListener - Webdriver will click on element tag:a |id:  |text: ('Эл. почта')
227560 [main] DEBUG m.Driver.MyWebDriverEventListener - hope Webdriver clicked on element tag:a |id:  |text: ('Эл. почта')
227568 [main] INFO  test.java.LogTest - ------------------------waitForPageLoaded false
228077 [main] INFO  test.java.LogTest - ------------------------waitForPageLoaded true
228122 [main] DEBUG m.Driver.MyWebDriverEventListener - WebDriver changing value in element found By.id: main_config_email from 'tag:input |id: main_config_email |text: ('')
228482 [main] DEBUG m.Driver.MyWebDriverEventListener - WebDriver changing value in element found By.id: main_config_email from 'tag:input |id: main_config_email |text: ('')
228526 [main] DEBUG m.Driver.MyWebDriverEventListener - Webdriver will click on element tag:input |id:  |text: ('')
229335 [main] DEBUG m.Driver.MyWebDriverEventListener - hope Webdriver clicked on element tag:input |id:  |text: ('')
229339 [main] INFO  test.java.LogTest - ------------------------waitForPageLoaded false
229869 [main] INFO  test.java.LogTest - ------------------------waitForPageLoaded true
229884 [main] INFO  test.java.LogTest - ------------------------waitForPageLoaded true
231578 [main] DEBUG m.Driver.MyWebDriverEventListener - Webdriver will click on element tag:a |id: logout |text: ('Выйти')
232123 [main] DEBUG m.Driver.MyWebDriverEventListener - hope Webdriver clicked on element tag:a |id: logout |text: ('Выйти')
232976 [main] INFO  test.java.LogTest - ------------------------waitForPageLoaded true
232986 [main] INFO  m.Driver.MyWebDriverEventListener - WebDriver navigating to:'https://accounts.google.com'
234342 [main] INFO  test.java.LogTest - >>>>>>>>>>@AfterMethod<<<<<<<<<
237348 [main] ERROR test.java.LogTest - ----------------------------------------------------------------------js error----------------------------------------------------------------------
237348 [main] ERROR test.java.LogTest - javascript error 1.SyntaxError: Using //@ to indicate sourceURL pragmas is deprecated. Use //# instead [https://www.google.com/settings/_/scs/ac-static/_/js/k=ac.s2.ru.4d88A98JX5Q.O/m=b2,s2_p/am=QwDAAg/rt=j/d=1/rs=AItRSTMruvC_97ZjYQSbjFNC6pwSvg-GJQ:123]
237349 [main] ERROR test.java.LogTest - ----------------------------------------------------------------------js error----------------------------------------------------------------------
237392 [main] INFO  test.java.LogTest - ______________________________________class test.java.RegisterTest______________________________________
237393 [main] INFO  m.Driver.MyWebDriverEventListener - WebDriver navigating to:'https://testun.com.ua/sys/sys/test_cookie_key'
237536 [main] INFO  m.Driver.MyWebDriverEventListener - WebDriver navigating to:'https://testun.com.ua/'
238256 [main] INFO  test.java.LogTest - _______________________Test = registration_______________________
248386 [main] DEBUG m.Driver.MyWebDriverEventListener - Webdriver will click on element tag:a |id: js_main_signup |text: ('Присоединиться')
249874 [main] DEBUG m.Driver.MyWebDriverEventListener - hope Webdriver clicked on element tag:a |id: js_main_signup |text: ('Присоединиться')
249894 [main] INFO  test.java.LogTest - ------------------------waitForPageLoaded true
249919 [main] INFO  test.java.LogTest - ------------------------waitForPageLoaded true
249961 [main] DEBUG m.Driver.MyWebDriverEventListener - WebDriver changing value in element found By.id: register_name from 'tag:input |id: register_name |text: ('')
250647 [main] DEBUG m.Driver.MyWebDriverEventListener - WebDriver changing value in element found By.id: register_name from 'tag:input |id: register_name |text: ('')
250681 [main] DEBUG m.Driver.MyWebDriverEventListener - WebDriver changing value in element found By.id: register_email from 'tag:input |id: register_email |text: ('')
251109 [main] DEBUG m.Driver.MyWebDriverEventListener - WebDriver changing value in element found By.id: register_email from 'tag:input |id: register_email |text: ('')
251172 [main] DEBUG m.Driver.MyWebDriverEventListener - WebDriver changing value in element found By.id: register_password from 'tag:input |id: register_password |text: ('')
251836 [main] DEBUG m.Driver.MyWebDriverEventListener - WebDriver changing value in element found By.id: register_password from 'tag:input |id: register_password |text: ('')
251921 [main] DEBUG m.Driver.MyWebDriverEventListener - Webdriver will click on element tag:input |id: register_button |text: ('')
252513 [main] DEBUG m.Driver.MyWebDriverEventListener - hope Webdriver clicked on element tag:input |id: register_button |text: ('')
254158 [main] INFO  test.java.LogTest - ------------------------waitForPageLoaded true
256391 [main] DEBUG m.Driver.MyWebDriverEventListener - Webdriver will click on element tag:a |id: logout |text: ('Выйти')
256940 [main] DEBUG m.Driver.MyWebDriverEventListener - hope Webdriver clicked on element tag:a |id: logout |text: ('Выйти')
257837 [main] INFO  test.java.LogTest - ------------------------waitForPageLoaded true
257953 [main] DEBUG m.Driver.MyWebDriverEventListener - Webdriver will click on element tag:a |id: js_main_signup |text: ('Присоединиться')
259669 [main] DEBUG m.Driver.MyWebDriverEventListener - hope Webdriver clicked on element tag:a |id: js_main_signup |text: ('Присоединиться')
259714 [main] INFO  test.java.LogTest - ------------------------waitForPageLoaded true
259727 [main] INFO  test.java.LogTest - ------------------------waitForPageLoaded true
259804 [main] DEBUG m.Driver.MyWebDriverEventListener - WebDriver changing value in element found By.id: register_name from 'tag:input |id: register_name |text: ('')
260546 [main] DEBUG m.Driver.MyWebDriverEventListener - WebDriver changing value in element found By.id: register_name from 'tag:input |id: register_name |text: ('')
260654 [main] DEBUG m.Driver.MyWebDriverEventListener - WebDriver changing value in element found By.id: register_email from 'tag:input |id: register_email |text: ('')
261065 [main] DEBUG m.Driver.MyWebDriverEventListener - WebDriver changing value in element found By.id: register_email from 'tag:input |id: register_email |text: ('')
261126 [main] DEBUG m.Driver.MyWebDriverEventListener - WebDriver changing value in element found By.id: register_password from 'tag:input |id: register_password |text: ('')
261860 [main] DEBUG m.Driver.MyWebDriverEventListener - WebDriver changing value in element found By.id: register_password from 'tag:input |id: register_password |text: ('')
261940 [main] DEBUG m.Driver.MyWebDriverEventListener - Webdriver will click on element tag:input |id: register_button |text: ('')
262499 [main] DEBUG m.Driver.MyWebDriverEventListener - hope Webdriver clicked on element tag:input |id: register_button |text: ('')
262509 [main] INFO  test.java.LogTest - >>>>>>>>>>@AfterMethod<<<<<<<<<
265617 [main] ERROR test.java.LogTest - ------------------------> Ошибка на странице:"Tutorsband".Текст переменной:cebook_Message ***not defined***"
265850 [Thread-0] DEBUG main.Driver.WebDriverFactory - Killing driver 
268160 [Thread-0] ERROR m.Driver.MyWebDriverEventListener - ________________________________________________________________________________________________________________
268161 [Thread-0] ERROR m.Driver.MyWebDriverEventListener - WebDriver error:
org.openqa.selenium.remote.UnreachableBrowserException: Error communicating with the remote browser. It may have died.
Build info: version: '2.42.2', revision: '6a6995d', time: '2014-06-03 17:42:03'
System info: host: 'alexandra-System-Product-Name', ip: '127.0.1.1', os.name: 'Linux', os.arch: 'amd64', os.version: '3.2.0-23-generic', java.version: '1.7.0_60'
Driver info: driver.version: EventFiringWebDriver
	at org.openqa.selenium.remote.RemoteWebDriver.execute(RemoteWebDriver.java:593) ~[selenium-server-standalone-2.42.2.jar:na]
	at org.openqa.selenium.remote.RemoteWebDriver.execute(RemoteWebDriver.java:614) ~[selenium-server-standalone-2.42.2.jar:na]
	at org.openqa.selenium.remote.RemoteWebDriver.quit(RemoteWebDriver.java:468) ~[selenium-server-standalone-2.42.2.jar:na]
	at sun.reflect.NativeMethodAccessorImpl.invoke0(Native Method) ~[na:1.7.0_60]
	at sun.reflect.NativeMethodAccessorImpl.invoke(NativeMethodAccessorImpl.java:57) ~[na:1.7.0_60]
	at sun.reflect.DelegatingMethodAccessorImpl.invoke(DelegatingMethodAccessorImpl.java:43) ~[na:1.7.0_60]
	at java.lang.reflect.Method.invoke(Method.java:606) ~[na:1.7.0_60]
	at org.openqa.selenium.support.events.EventFiringWebDriver$2.invoke(EventFiringWebDriver.java:101) ~[selenium-server-standalone-2.42.2.jar:na]
	at com.sun.proxy.$Proxy11.quit(Unknown Source) ~[na:na]
	at org.openqa.selenium.support.events.EventFiringWebDriver.quit(EventFiringWebDriver.java:198) ~[selenium-server-standalone-2.42.2.jar:na]
	at main.Driver.WebDriverFactory.dismissDriver(WebDriverFactory.java:98) ~[classes/:na]
	at main.Driver.WebDriverFactory$1.run(WebDriverFactory.java:164) ~[classes/:na]
Caused by: org.apache.http.NoHttpResponseException: The target server failed to respond
	at org.apache.http.impl.conn.DefaultHttpResponseParser.parseHead(DefaultHttpResponseParser.java:143) ~[selenium-server-standalone-2.42.2.jar:na]
	at org.apache.http.impl.conn.DefaultHttpResponseParser.parseHead(DefaultHttpResponseParser.java:57) ~[selenium-server-standalone-2.42.2.jar:na]
	at org.apache.http.impl.io.AbstractMessageParser.parse(AbstractMessageParser.java:260) ~[selenium-server-standalone-2.42.2.jar:na]
	at org.apache.http.impl.DefaultBHttpClientConnection.receiveResponseHeader(DefaultBHttpClientConnection.java:161) ~[selenium-server-standalone-2.42.2.jar:na]
	at sun.reflect.GeneratedMethodAccessor7.invoke(Unknown Source) ~[na:na]
	at sun.reflect.DelegatingMethodAccessorImpl.invoke(DelegatingMethodAccessorImpl.java:43) ~[na:1.7.0_60]
	at java.lang.reflect.Method.invoke(Method.java:606) ~[na:1.7.0_60]
	at org.apache.http.impl.conn.CPoolProxy.invoke(CPoolProxy.java:138) ~[selenium-server-standalone-2.42.2.jar:na]
	at com.sun.proxy.$Proxy8.receiveResponseHeader(Unknown Source) ~[na:na]
	at org.apache.http.protocol.HttpRequestExecutor.doReceiveResponse(HttpRequestExecutor.java:271) ~[selenium-server-standalone-2.42.2.jar:na]
	at org.apache.http.protocol.HttpRequestExecutor.execute(HttpRequestExecutor.java:123) ~[selenium-server-standalone-2.42.2.jar:na]
	at org.apache.http.impl.execchain.MainClientExec.execute(MainClientExec.java:254) ~[selenium-server-standalone-2.42.2.jar:na]
	at org.apache.http.impl.execchain.ProtocolExec.execute(ProtocolExec.java:195) ~[selenium-server-standalone-2.42.2.jar:na]
	at org.apache.http.impl.execchain.RetryExec.execute(RetryExec.java:85) ~[selenium-server-standalone-2.42.2.jar:na]
	at org.apache.http.impl.execchain.RedirectExec.execute(RedirectExec.java:108) ~[selenium-server-standalone-2.42.2.jar:na]
	at org.apache.http.impl.client.InternalHttpClient.doExecute(InternalHttpClient.java:186) ~[selenium-server-standalone-2.42.2.jar:na]
	at org.apache.http.impl.client.CloseableHttpClient.execute(CloseableHttpClient.java:72) ~[selenium-server-standalone-2.42.2.jar:na]
	at org.apache.http.impl.client.CloseableHttpClient.execute(CloseableHttpClient.java:57) ~[selenium-server-standalone-2.42.2.jar:na]
	at org.openqa.selenium.remote.HttpCommandExecutor.fallBackExecute(HttpCommandExecutor.java:222) ~[selenium-server-standalone-2.42.2.jar:na]
	at org.openqa.selenium.remote.HttpCommandExecutor.execute(HttpCommandExecutor.java:173) ~[selenium-server-standalone-2.42.2.jar:na]
	at org.openqa.selenium.firefox.internal.NewProfileExtensionConnection.execute(NewProfileExtensionConnection.java:165) ~[selenium-server-standalone-2.42.2.jar:na]
	at org.openqa.selenium.firefox.FirefoxDriver$LazyCommandExecutor.execute(FirefoxDriver.java:362) ~[selenium-server-standalone-2.42.2.jar:na]
	at org.openqa.selenium.remote.RemoteWebDriver.execute(RemoteWebDriver.java:572) ~[selenium-server-standalone-2.42.2.jar:na]
	... 11 common frames omitted
268161 [Thread-0] ERROR m.Driver.MyWebDriverEventListener - ________________________________________________________________________________________________________________
268162 [Thread-0] WARN  main.Driver.WebDriverFactory - Driver killing error
org.openqa.selenium.remote.SessionNotFoundException: The FirefoxDriver cannot be used after quit() was called.
Build info: version: '2.42.2', revision: '6a6995d', time: '2014-06-03 17:42:03'
System info: host: 'alexandra-System-Product-Name', ip: '127.0.1.1', os.name: 'Linux', os.arch: 'amd64', os.version: '3.2.0-23-generic', java.version: '1.7.0_60'
Driver info: driver.version: EventFiringWebDriver
	at org.openqa.selenium.firefox.FirefoxDriver$LazyCommandExecutor.execute(FirefoxDriver.java:359) ~[selenium-server-standalone-2.42.2.jar:na]
	at org.openqa.selenium.remote.RemoteWebDriver.execute(RemoteWebDriver.java:572) ~[selenium-server-standalone-2.42.2.jar:na]
	at org.openqa.selenium.remote.RemoteWebDriver.executeScript(RemoteWebDriver.java:508) ~[selenium-server-standalone-2.42.2.jar:na]
	at main.Driver.MyWebDriverEventListener.onException(MyWebDriverEventListener.java:65) ~[classes/:na]
	at sun.reflect.NativeMethodAccessorImpl.invoke0(Native Method) ~[na:1.7.0_60]
	at sun.reflect.NativeMethodAccessorImpl.invoke(NativeMethodAccessorImpl.java:57) ~[na:1.7.0_60]
	at sun.reflect.DelegatingMethodAccessorImpl.invoke(DelegatingMethodAccessorImpl.java:43) ~[na:1.7.0_60]
	at java.lang.reflect.Method.invoke(Method.java:606) ~[na:1.7.0_60]
	at org.openqa.selenium.support.events.EventFiringWebDriver$1.invoke(EventFiringWebDriver.java:78) ~[selenium-server-standalone-2.42.2.jar:na]
	at com.sun.proxy.$Proxy10.onException(Unknown Source) ~[na:na]
	at org.openqa.selenium.support.events.EventFiringWebDriver$2.invoke(EventFiringWebDriver.java:103) ~[selenium-server-standalone-2.42.2.jar:na]
	at com.sun.proxy.$Proxy11.quit(Unknown Source) ~[na:na]
	at org.openqa.selenium.support.events.EventFiringWebDriver.quit(EventFiringWebDriver.java:198) ~[selenium-server-standalone-2.42.2.jar:na]
	at main.Driver.WebDriverFactory.dismissDriver(WebDriverFactory.java:98) ~[classes/:na]
	at main.Driver.WebDriverFactory$1.run(WebDriverFactory.java:164) [classes/:na]
308  [main] INFO  test.java.LogTest - >>>>>>>>>>>>>>>>>>>>>>>>>>>>>>>>>>>>>class test.java.RegisterTest<<<<<<<<<<<<<<<<<<<<<<<<<<<<<<<<<<<<<<<
317  [main] DEBUG main.Driver.WebDriverFactory - Requested driver: Capabilities [{browserName=firefox}]:null. Driver uses count = 1
3244 [main] INFO  m.Driver.MyWebDriverEventListener - WebDriver navigating to:'https://testun.com.ua/sys/sys/test_cookie_key'
4139 [main] INFO  m.Driver.MyWebDriverEventListener - WebDriver navigating to:'https://testun.com.ua/'
8174 [main] ERROR m.Driver.MyWebDriverEventListener - ________________________________________________________________________________________________________________
8174 [main] ERROR m.Driver.MyWebDriverEventListener - WebDriver error: Element not found By.selector: .button.button_medium.js_main_lang
8174 [main] ERROR m.Driver.MyWebDriverEventListener - ________________________________________________________________________________________________________________
8681 [main] ERROR m.Driver.MyWebDriverEventListener - ________________________________________________________________________________________________________________
8682 [main] ERROR m.Driver.MyWebDriverEventListener - WebDriver error: Element not found By.selector: .button.button_medium.js_main_lang
8682 [main] ERROR m.Driver.MyWebDriverEventListener - ________________________________________________________________________________________________________________
9397 [main] ERROR m.Driver.MyWebDriverEventListener - ________________________________________________________________________________________________________________
9397 [main] ERROR m.Driver.MyWebDriverEventListener - WebDriver error: Element not found By.selector: .button.button_medium.js_main_lang
9397 [main] ERROR m.Driver.MyWebDriverEventListener - ________________________________________________________________________________________________________________
9903 [main] ERROR m.Driver.MyWebDriverEventListener - ________________________________________________________________________________________________________________
9903 [main] ERROR m.Driver.MyWebDriverEventListener - WebDriver error: Element not found By.selector: .button.button_medium.js_main_lang
9903 [main] ERROR m.Driver.MyWebDriverEventListener - ________________________________________________________________________________________________________________
10417 [main] ERROR m.Driver.MyWebDriverEventListener - ________________________________________________________________________________________________________________
10417 [main] ERROR m.Driver.MyWebDriverEventListener - WebDriver error: Element not found By.selector: .button.button_medium.js_main_lang
10417 [main] ERROR m.Driver.MyWebDriverEventListener - ________________________________________________________________________________________________________________
10923 [main] ERROR m.Driver.MyWebDriverEventListener - ________________________________________________________________________________________________________________
10923 [main] ERROR m.Driver.MyWebDriverEventListener - WebDriver error: Element not found By.selector: .button.button_medium.js_main_lang
10923 [main] ERROR m.Driver.MyWebDriverEventListener - ________________________________________________________________________________________________________________
11428 [main] ERROR m.Driver.MyWebDriverEventListener - ________________________________________________________________________________________________________________
11428 [main] ERROR m.Driver.MyWebDriverEventListener - WebDriver error: Element not found By.selector: .button.button_medium.js_main_lang
11428 [main] ERROR m.Driver.MyWebDriverEventListener - ________________________________________________________________________________________________________________
11937 [main] ERROR m.Driver.MyWebDriverEventListener - ________________________________________________________________________________________________________________
11937 [main] ERROR m.Driver.MyWebDriverEventListener - WebDriver error: Element not found By.selector: .button.button_medium.js_main_lang
11937 [main] ERROR m.Driver.MyWebDriverEventListener - ________________________________________________________________________________________________________________
12443 [main] ERROR m.Driver.MyWebDriverEventListener - ________________________________________________________________________________________________________________
12443 [main] ERROR m.Driver.MyWebDriverEventListener - WebDriver error: Element not found By.selector: .button.button_medium.js_main_lang
12443 [main] ERROR m.Driver.MyWebDriverEventListener - ________________________________________________________________________________________________________________
12950 [main] ERROR m.Driver.MyWebDriverEventListener - ________________________________________________________________________________________________________________
12950 [main] ERROR m.Driver.MyWebDriverEventListener - WebDriver error: Element not found By.selector: .button.button_medium.js_main_lang
12950 [main] ERROR m.Driver.MyWebDriverEventListener - ________________________________________________________________________________________________________________
13458 [main] ERROR m.Driver.MyWebDriverEventListener - ________________________________________________________________________________________________________________
13458 [main] ERROR m.Driver.MyWebDriverEventListener - WebDriver error: Element not found By.selector: .button.button_medium.js_main_lang
13459 [main] ERROR m.Driver.MyWebDriverEventListener - ________________________________________________________________________________________________________________
13976 [main] ERROR m.Driver.MyWebDriverEventListener - ________________________________________________________________________________________________________________
13976 [main] ERROR m.Driver.MyWebDriverEventListener - WebDriver error: Element not found By.selector: .button.button_medium.js_main_lang
13976 [main] ERROR m.Driver.MyWebDriverEventListener - ________________________________________________________________________________________________________________
14481 [main] ERROR m.Driver.MyWebDriverEventListener - ________________________________________________________________________________________________________________
14481 [main] ERROR m.Driver.MyWebDriverEventListener - WebDriver error: Element not found By.selector: .button.button_medium.js_main_lang
14481 [main] ERROR m.Driver.MyWebDriverEventListener - ________________________________________________________________________________________________________________
14987 [main] ERROR m.Driver.MyWebDriverEventListener - ________________________________________________________________________________________________________________
14987 [main] ERROR m.Driver.MyWebDriverEventListener - WebDriver error: Element not found By.selector: .button.button_medium.js_main_lang
14987 [main] ERROR m.Driver.MyWebDriverEventListener - ________________________________________________________________________________________________________________
15496 [main] ERROR m.Driver.MyWebDriverEventListener - ________________________________________________________________________________________________________________
15496 [main] ERROR m.Driver.MyWebDriverEventListener - WebDriver error: Element not found By.selector: .button.button_medium.js_main_lang
15496 [main] ERROR m.Driver.MyWebDriverEventListener - ________________________________________________________________________________________________________________
16002 [main] ERROR m.Driver.MyWebDriverEventListener - ________________________________________________________________________________________________________________
16003 [main] ERROR m.Driver.MyWebDriverEventListener - WebDriver error: Element not found By.selector: .button.button_medium.js_main_lang
16003 [main] ERROR m.Driver.MyWebDriverEventListener - ________________________________________________________________________________________________________________
16508 [main] ERROR m.Driver.MyWebDriverEventListener - ________________________________________________________________________________________________________________
16508 [main] ERROR m.Driver.MyWebDriverEventListener - WebDriver error: Element not found By.selector: .button.button_medium.js_main_lang
16508 [main] ERROR m.Driver.MyWebDriverEventListener - ________________________________________________________________________________________________________________
17018 [main] ERROR m.Driver.MyWebDriverEventListener - ________________________________________________________________________________________________________________
17018 [main] ERROR m.Driver.MyWebDriverEventListener - WebDriver error: Element not found By.selector: .button.button_medium.js_main_lang
17018 [main] ERROR m.Driver.MyWebDriverEventListener - ________________________________________________________________________________________________________________
17534 [main] ERROR m.Driver.MyWebDriverEventListener - ________________________________________________________________________________________________________________
17534 [main] ERROR m.Driver.MyWebDriverEventListener - WebDriver error: Element not found By.selector: .button.button_medium.js_main_lang
17534 [main] ERROR m.Driver.MyWebDriverEventListener - ________________________________________________________________________________________________________________
18039 [main] ERROR m.Driver.MyWebDriverEventListener - ________________________________________________________________________________________________________________
18039 [main] ERROR m.Driver.MyWebDriverEventListener - WebDriver error: Element not found By.selector: .button.button_medium.js_main_lang
18039 [main] ERROR m.Driver.MyWebDriverEventListener - ________________________________________________________________________________________________________________
18545 [main] ERROR m.Driver.MyWebDriverEventListener - ________________________________________________________________________________________________________________
18545 [main] ERROR m.Driver.MyWebDriverEventListener - WebDriver error: Element not found By.selector: .button.button_medium.js_main_lang
18545 [main] ERROR m.Driver.MyWebDriverEventListener - ________________________________________________________________________________________________________________
18556 [main] INFO  test.java.LogTest - >>>>>>>>>>@AfterMethod<<<<<<<<<
21673 [main] ERROR test.java.LogTest - ------------------------> Ошибка на странице:"Tutorsband".Текст переменной:cebook_Message ***not defined***"
21808 [Thread-0] DEBUG main.Driver.WebDriverFactory - Killing driver 
23969 [Thread-0] ERROR m.Driver.MyWebDriverEventListener - ________________________________________________________________________________________________________________
23973 [Thread-0] ERROR m.Driver.MyWebDriverEventListener - WebDriver error:
org.openqa.selenium.remote.UnreachableBrowserException: Error communicating with the remote browser. It may have died.
Build info: version: '2.42.2', revision: '6a6995d', time: '2014-06-03 17:42:03'
System info: host: 'alexandra-System-Product-Name', ip: '127.0.1.1', os.name: 'Linux', os.arch: 'amd64', os.version: '3.2.0-23-generic', java.version: '1.7.0_60'
Driver info: driver.version: EventFiringWebDriver
	at org.openqa.selenium.remote.RemoteWebDriver.execute(RemoteWebDriver.java:593) ~[selenium-server-standalone-2.42.2.jar:na]
	at org.openqa.selenium.remote.RemoteWebDriver.execute(RemoteWebDriver.java:614) ~[selenium-server-standalone-2.42.2.jar:na]
	at org.openqa.selenium.remote.RemoteWebDriver.quit(RemoteWebDriver.java:468) ~[selenium-server-standalone-2.42.2.jar:na]
	at sun.reflect.NativeMethodAccessorImpl.invoke0(Native Method) ~[na:1.7.0_60]
	at sun.reflect.NativeMethodAccessorImpl.invoke(NativeMethodAccessorImpl.java:57) ~[na:1.7.0_60]
	at sun.reflect.DelegatingMethodAccessorImpl.invoke(DelegatingMethodAccessorImpl.java:43) ~[na:1.7.0_60]
	at java.lang.reflect.Method.invoke(Method.java:606) ~[na:1.7.0_60]
	at org.openqa.selenium.support.events.EventFiringWebDriver$2.invoke(EventFiringWebDriver.java:101) ~[selenium-server-standalone-2.42.2.jar:na]
	at com.sun.proxy.$Proxy11.quit(Unknown Source) ~[na:na]
	at org.openqa.selenium.support.events.EventFiringWebDriver.quit(EventFiringWebDriver.java:198) ~[selenium-server-standalone-2.42.2.jar:na]
	at main.Driver.WebDriverFactory.dismissDriver(WebDriverFactory.java:98) ~[classes/:na]
	at main.Driver.WebDriverFactory$1.run(WebDriverFactory.java:164) [classes/:na]
Caused by: org.apache.http.NoHttpResponseException: The target server failed to respond
	at org.apache.http.impl.conn.DefaultHttpResponseParser.parseHead(DefaultHttpResponseParser.java:143) ~[selenium-server-standalone-2.42.2.jar:na]
	at org.apache.http.impl.conn.DefaultHttpResponseParser.parseHead(DefaultHttpResponseParser.java:57) ~[selenium-server-standalone-2.42.2.jar:na]
	at org.apache.http.impl.io.AbstractMessageParser.parse(AbstractMessageParser.java:260) ~[selenium-server-standalone-2.42.2.jar:na]
	at org.apache.http.impl.DefaultBHttpClientConnection.receiveResponseHeader(DefaultBHttpClientConnection.java:161) ~[selenium-server-standalone-2.42.2.jar:na]
	at sun.reflect.GeneratedMethodAccessor8.invoke(Unknown Source) ~[na:na]
	at sun.reflect.DelegatingMethodAccessorImpl.invoke(DelegatingMethodAccessorImpl.java:43) ~[na:1.7.0_60]
	at java.lang.reflect.Method.invoke(Method.java:606) ~[na:1.7.0_60]
	at org.apache.http.impl.conn.CPoolProxy.invoke(CPoolProxy.java:138) ~[selenium-server-standalone-2.42.2.jar:na]
	at com.sun.proxy.$Proxy8.receiveResponseHeader(Unknown Source) ~[na:na]
	at org.apache.http.protocol.HttpRequestExecutor.doReceiveResponse(HttpRequestExecutor.java:271) ~[selenium-server-standalone-2.42.2.jar:na]
	at org.apache.http.protocol.HttpRequestExecutor.execute(HttpRequestExecutor.java:123) ~[selenium-server-standalone-2.42.2.jar:na]
	at org.apache.http.impl.execchain.MainClientExec.execute(MainClientExec.java:254) ~[selenium-server-standalone-2.42.2.jar:na]
	at org.apache.http.impl.execchain.ProtocolExec.execute(ProtocolExec.java:195) ~[selenium-server-standalone-2.42.2.jar:na]
	at org.apache.http.impl.execchain.RetryExec.execute(RetryExec.java:85) ~[selenium-server-standalone-2.42.2.jar:na]
	at org.apache.http.impl.execchain.RedirectExec.execute(RedirectExec.java:108) ~[selenium-server-standalone-2.42.2.jar:na]
	at org.apache.http.impl.client.InternalHttpClient.doExecute(InternalHttpClient.java:186) ~[selenium-server-standalone-2.42.2.jar:na]
	at org.apache.http.impl.client.CloseableHttpClient.execute(CloseableHttpClient.java:72) ~[selenium-server-standalone-2.42.2.jar:na]
	at org.apache.http.impl.client.CloseableHttpClient.execute(CloseableHttpClient.java:57) ~[selenium-server-standalone-2.42.2.jar:na]
	at org.openqa.selenium.remote.HttpCommandExecutor.fallBackExecute(HttpCommandExecutor.java:222) ~[selenium-server-standalone-2.42.2.jar:na]
	at org.openqa.selenium.remote.HttpCommandExecutor.execute(HttpCommandExecutor.java:173) ~[selenium-server-standalone-2.42.2.jar:na]
	at org.openqa.selenium.firefox.internal.NewProfileExtensionConnection.execute(NewProfileExtensionConnection.java:165) ~[selenium-server-standalone-2.42.2.jar:na]
	at org.openqa.selenium.firefox.FirefoxDriver$LazyCommandExecutor.execute(FirefoxDriver.java:362) ~[selenium-server-standalone-2.42.2.jar:na]
	at org.openqa.selenium.remote.RemoteWebDriver.execute(RemoteWebDriver.java:572) ~[selenium-server-standalone-2.42.2.jar:na]
	... 11 common frames omitted
23973 [Thread-0] ERROR m.Driver.MyWebDriverEventListener - ________________________________________________________________________________________________________________
23974 [Thread-0] WARN  main.Driver.WebDriverFactory - Driver killing error
org.openqa.selenium.remote.SessionNotFoundException: The FirefoxDriver cannot be used after quit() was called.
Build info: version: '2.42.2', revision: '6a6995d', time: '2014-06-03 17:42:03'
System info: host: 'alexandra-System-Product-Name', ip: '127.0.1.1', os.name: 'Linux', os.arch: 'amd64', os.version: '3.2.0-23-generic', java.version: '1.7.0_60'
Driver info: driver.version: EventFiringWebDriver
	at org.openqa.selenium.firefox.FirefoxDriver$LazyCommandExecutor.execute(FirefoxDriver.java:359) ~[selenium-server-standalone-2.42.2.jar:na]
	at org.openqa.selenium.remote.RemoteWebDriver.execute(RemoteWebDriver.java:572) ~[selenium-server-standalone-2.42.2.jar:na]
	at org.openqa.selenium.remote.RemoteWebDriver.executeScript(RemoteWebDriver.java:508) ~[selenium-server-standalone-2.42.2.jar:na]
	at main.Driver.MyWebDriverEventListener.onException(MyWebDriverEventListener.java:65) ~[classes/:na]
	at sun.reflect.GeneratedMethodAccessor18.invoke(Unknown Source) ~[na:na]
	at sun.reflect.DelegatingMethodAccessorImpl.invoke(DelegatingMethodAccessorImpl.java:43) ~[na:1.7.0_60]
	at java.lang.reflect.Method.invoke(Method.java:606) ~[na:1.7.0_60]
	at org.openqa.selenium.support.events.EventFiringWebDriver$1.invoke(EventFiringWebDriver.java:78) ~[selenium-server-standalone-2.42.2.jar:na]
	at com.sun.proxy.$Proxy10.onException(Unknown Source) ~[na:na]
	at org.openqa.selenium.support.events.EventFiringWebDriver$2.invoke(EventFiringWebDriver.java:103) ~[selenium-server-standalone-2.42.2.jar:na]
	at com.sun.proxy.$Proxy11.quit(Unknown Source) ~[na:na]
	at org.openqa.selenium.support.events.EventFiringWebDriver.quit(EventFiringWebDriver.java:198) ~[selenium-server-standalone-2.42.2.jar:na]
	at main.Driver.WebDriverFactory.dismissDriver(WebDriverFactory.java:98) ~[classes/:na]
	at main.Driver.WebDriverFactory$1.run(WebDriverFactory.java:164) [classes/:na]
306  [main] INFO  test.java.LogTest - >>>>>>>>>>>>>>>>>>>>>>>>>>>>>>>>>>>>>class test.java.RegisterTest<<<<<<<<<<<<<<<<<<<<<<<<<<<<<<<<<<<<<<<
316  [main] DEBUG main.Driver.WebDriverFactory - Requested driver: Capabilities [{browserName=firefox}]:null. Driver uses count = 1
3406 [main] INFO  m.Driver.MyWebDriverEventListener - WebDriver navigating to:'https://testun.com.ua/sys/sys/test_cookie_key'
4098 [main] INFO  m.Driver.MyWebDriverEventListener - WebDriver navigating to:'https://testun.com.ua/'
8208 [main] ERROR m.Driver.MyWebDriverEventListener - ________________________________________________________________________________________________________________
8209 [main] ERROR m.Driver.MyWebDriverEventListener - WebDriver error: Element not found By.selector: .button.button_medium.js_main_lang
8209 [main] ERROR m.Driver.MyWebDriverEventListener - ________________________________________________________________________________________________________________
8715 [main] ERROR m.Driver.MyWebDriverEventListener - ________________________________________________________________________________________________________________
8715 [main] ERROR m.Driver.MyWebDriverEventListener - WebDriver error: Element not found By.selector: .button.button_medium.js_main_lang
8715 [main] ERROR m.Driver.MyWebDriverEventListener - ________________________________________________________________________________________________________________
9222 [main] ERROR m.Driver.MyWebDriverEventListener - ________________________________________________________________________________________________________________
9222 [main] ERROR m.Driver.MyWebDriverEventListener - WebDriver error: Element not found By.selector: .button.button_medium.js_main_lang
9222 [main] ERROR m.Driver.MyWebDriverEventListener - ________________________________________________________________________________________________________________
9728 [main] ERROR m.Driver.MyWebDriverEventListener - ________________________________________________________________________________________________________________
9728 [main] ERROR m.Driver.MyWebDriverEventListener - WebDriver error: Element not found By.selector: .button.button_medium.js_main_lang
9728 [main] ERROR m.Driver.MyWebDriverEventListener - ________________________________________________________________________________________________________________
10234 [main] ERROR m.Driver.MyWebDriverEventListener - ________________________________________________________________________________________________________________
10234 [main] ERROR m.Driver.MyWebDriverEventListener - WebDriver error: Element not found By.selector: .button.button_medium.js_main_lang
10234 [main] ERROR m.Driver.MyWebDriverEventListener - ________________________________________________________________________________________________________________
10739 [main] ERROR m.Driver.MyWebDriverEventListener - ________________________________________________________________________________________________________________
10739 [main] ERROR m.Driver.MyWebDriverEventListener - WebDriver error: Element not found By.selector: .button.button_medium.js_main_lang
10740 [main] ERROR m.Driver.MyWebDriverEventListener - ________________________________________________________________________________________________________________
11245 [main] ERROR m.Driver.MyWebDriverEventListener - ________________________________________________________________________________________________________________
11245 [main] ERROR m.Driver.MyWebDriverEventListener - WebDriver error: Element not found By.selector: .button.button_medium.js_main_lang
11246 [main] ERROR m.Driver.MyWebDriverEventListener - ________________________________________________________________________________________________________________
11751 [main] ERROR m.Driver.MyWebDriverEventListener - ________________________________________________________________________________________________________________
11752 [main] ERROR m.Driver.MyWebDriverEventListener - WebDriver error: Element not found By.selector: .button.button_medium.js_main_lang
11752 [main] ERROR m.Driver.MyWebDriverEventListener - ________________________________________________________________________________________________________________
12257 [main] ERROR m.Driver.MyWebDriverEventListener - ________________________________________________________________________________________________________________
12258 [main] ERROR m.Driver.MyWebDriverEventListener - WebDriver error: Element not found By.selector: .button.button_medium.js_main_lang
12258 [main] ERROR m.Driver.MyWebDriverEventListener - ________________________________________________________________________________________________________________
12764 [main] ERROR m.Driver.MyWebDriverEventListener - ________________________________________________________________________________________________________________
12764 [main] ERROR m.Driver.MyWebDriverEventListener - WebDriver error: Element not found By.selector: .button.button_medium.js_main_lang
12764 [main] ERROR m.Driver.MyWebDriverEventListener - ________________________________________________________________________________________________________________
13270 [main] ERROR m.Driver.MyWebDriverEventListener - ________________________________________________________________________________________________________________
13270 [main] ERROR m.Driver.MyWebDriverEventListener - WebDriver error: Element not found By.selector: .button.button_medium.js_main_lang
13270 [main] ERROR m.Driver.MyWebDriverEventListener - ________________________________________________________________________________________________________________
13778 [main] ERROR m.Driver.MyWebDriverEventListener - ________________________________________________________________________________________________________________
13778 [main] ERROR m.Driver.MyWebDriverEventListener - WebDriver error: Element not found By.selector: .button.button_medium.js_main_lang
13778 [main] ERROR m.Driver.MyWebDriverEventListener - ________________________________________________________________________________________________________________
14284 [main] ERROR m.Driver.MyWebDriverEventListener - ________________________________________________________________________________________________________________
14284 [main] ERROR m.Driver.MyWebDriverEventListener - WebDriver error: Element not found By.selector: .button.button_medium.js_main_lang
14284 [main] ERROR m.Driver.MyWebDriverEventListener - ________________________________________________________________________________________________________________
14792 [main] ERROR m.Driver.MyWebDriverEventListener - ________________________________________________________________________________________________________________
14792 [main] ERROR m.Driver.MyWebDriverEventListener - WebDriver error: Element not found By.selector: .button.button_medium.js_main_lang
14792 [main] ERROR m.Driver.MyWebDriverEventListener - ________________________________________________________________________________________________________________
15307 [main] ERROR m.Driver.MyWebDriverEventListener - ________________________________________________________________________________________________________________
15307 [main] ERROR m.Driver.MyWebDriverEventListener - WebDriver error: Element not found By.selector: .button.button_medium.js_main_lang
15307 [main] ERROR m.Driver.MyWebDriverEventListener - ________________________________________________________________________________________________________________
15813 [main] ERROR m.Driver.MyWebDriverEventListener - ________________________________________________________________________________________________________________
15813 [main] ERROR m.Driver.MyWebDriverEventListener - WebDriver error: Element not found By.selector: .button.button_medium.js_main_lang
15813 [main] ERROR m.Driver.MyWebDriverEventListener - ________________________________________________________________________________________________________________
16319 [main] ERROR m.Driver.MyWebDriverEventListener - ________________________________________________________________________________________________________________
16319 [main] ERROR m.Driver.MyWebDriverEventListener - WebDriver error: Element not found By.selector: .button.button_medium.js_main_lang
16319 [main] ERROR m.Driver.MyWebDriverEventListener - ________________________________________________________________________________________________________________
16831 [main] ERROR m.Driver.MyWebDriverEventListener - ________________________________________________________________________________________________________________
16831 [main] ERROR m.Driver.MyWebDriverEventListener - WebDriver error: Element not found By.selector: .button.button_medium.js_main_lang
16831 [main] ERROR m.Driver.MyWebDriverEventListener - ________________________________________________________________________________________________________________
17337 [main] ERROR m.Driver.MyWebDriverEventListener - ________________________________________________________________________________________________________________
17337 [main] ERROR m.Driver.MyWebDriverEventListener - WebDriver error: Element not found By.selector: .button.button_medium.js_main_lang
17337 [main] ERROR m.Driver.MyWebDriverEventListener - ________________________________________________________________________________________________________________
17843 [main] ERROR m.Driver.MyWebDriverEventListener - ________________________________________________________________________________________________________________
17843 [main] ERROR m.Driver.MyWebDriverEventListener - WebDriver error: Element not found By.selector: .button.button_medium.js_main_lang
17843 [main] ERROR m.Driver.MyWebDriverEventListener - ________________________________________________________________________________________________________________
18352 [main] ERROR m.Driver.MyWebDriverEventListener - ________________________________________________________________________________________________________________
18352 [main] ERROR m.Driver.MyWebDriverEventListener - WebDriver error: Element not found By.selector: .button.button_medium.js_main_lang
18352 [main] ERROR m.Driver.MyWebDriverEventListener - ________________________________________________________________________________________________________________
18364 [main] INFO  test.java.LogTest - >>>>>>>>>>@AfterMethod<<<<<<<<<
21465 [main] ERROR test.java.LogTest - ------------------------> Ошибка на странице:"Tutorsband".Текст переменной:cebook_Message ***not defined***"
21583 [Thread-0] DEBUG main.Driver.WebDriverFactory - Killing driver 
313  [main] INFO  test.java.LogTest - >>>>>>>>>>>>>>>>>>>>>>>>>>>>>>>>>>>>>class test.java.RegisterTest<<<<<<<<<<<<<<<<<<<<<<<<<<<<<<<<<<<<<<<
323  [main] DEBUG main.Driver.WebDriverFactory - Requested driver: Capabilities [{browserName=firefox}]:null. Driver uses count = 1
3358 [main] INFO  m.Driver.MyWebDriverEventListener - WebDriver navigating to:'https://testun.com.ua/sys/sys/test_cookie_key'
4117 [main] INFO  m.Driver.MyWebDriverEventListener - WebDriver navigating to:'https://testun.com.ua/'
8263 [main] ERROR m.Driver.MyWebDriverEventListener - ________________________________________________________________________________________________________________
8264 [main] ERROR m.Driver.MyWebDriverEventListener - WebDriver error: Element not found By.selector: .button.button_medium.js_main_lang
8264 [main] ERROR m.Driver.MyWebDriverEventListener - ________________________________________________________________________________________________________________
8771 [main] ERROR m.Driver.MyWebDriverEventListener - ________________________________________________________________________________________________________________
8771 [main] ERROR m.Driver.MyWebDriverEventListener - WebDriver error: Element not found By.selector: .button.button_medium.js_main_lang
8771 [main] ERROR m.Driver.MyWebDriverEventListener - ________________________________________________________________________________________________________________
9278 [main] ERROR m.Driver.MyWebDriverEventListener - ________________________________________________________________________________________________________________
9278 [main] ERROR m.Driver.MyWebDriverEventListener - WebDriver error: Element not found By.selector: .button.button_medium.js_main_lang
9278 [main] ERROR m.Driver.MyWebDriverEventListener - ________________________________________________________________________________________________________________
9784 [main] ERROR m.Driver.MyWebDriverEventListener - ________________________________________________________________________________________________________________
9784 [main] ERROR m.Driver.MyWebDriverEventListener - WebDriver error: Element not found By.selector: .button.button_medium.js_main_lang
9784 [main] ERROR m.Driver.MyWebDriverEventListener - ________________________________________________________________________________________________________________
10290 [main] ERROR m.Driver.MyWebDriverEventListener - ________________________________________________________________________________________________________________
10290 [main] ERROR m.Driver.MyWebDriverEventListener - WebDriver error: Element not found By.selector: .button.button_medium.js_main_lang
10290 [main] ERROR m.Driver.MyWebDriverEventListener - ________________________________________________________________________________________________________________
10796 [main] ERROR m.Driver.MyWebDriverEventListener - ________________________________________________________________________________________________________________
10796 [main] ERROR m.Driver.MyWebDriverEventListener - WebDriver error: Element not found By.selector: .button.button_medium.js_main_lang
10796 [main] ERROR m.Driver.MyWebDriverEventListener - ________________________________________________________________________________________________________________
11301 [main] ERROR m.Driver.MyWebDriverEventListener - ________________________________________________________________________________________________________________
11301 [main] ERROR m.Driver.MyWebDriverEventListener - WebDriver error: Element not found By.selector: .button.button_medium.js_main_lang
11302 [main] ERROR m.Driver.MyWebDriverEventListener - ________________________________________________________________________________________________________________
11807 [main] ERROR m.Driver.MyWebDriverEventListener - ________________________________________________________________________________________________________________
11807 [main] ERROR m.Driver.MyWebDriverEventListener - WebDriver error: Element not found By.selector: .button.button_medium.js_main_lang
11807 [main] ERROR m.Driver.MyWebDriverEventListener - ________________________________________________________________________________________________________________
12313 [main] ERROR m.Driver.MyWebDriverEventListener - ________________________________________________________________________________________________________________
12313 [main] ERROR m.Driver.MyWebDriverEventListener - WebDriver error: Element not found By.selector: .button.button_medium.js_main_lang
12314 [main] ERROR m.Driver.MyWebDriverEventListener - ________________________________________________________________________________________________________________
12820 [main] ERROR m.Driver.MyWebDriverEventListener - ________________________________________________________________________________________________________________
12820 [main] ERROR m.Driver.MyWebDriverEventListener - WebDriver error: Element not found By.selector: .button.button_medium.js_main_lang
12820 [main] ERROR m.Driver.MyWebDriverEventListener - ________________________________________________________________________________________________________________
13327 [main] ERROR m.Driver.MyWebDriverEventListener - ________________________________________________________________________________________________________________
13327 [main] ERROR m.Driver.MyWebDriverEventListener - WebDriver error: Element not found By.selector: .button.button_medium.js_main_lang
13327 [main] ERROR m.Driver.MyWebDriverEventListener - ________________________________________________________________________________________________________________
13835 [main] ERROR m.Driver.MyWebDriverEventListener - ________________________________________________________________________________________________________________
13835 [main] ERROR m.Driver.MyWebDriverEventListener - WebDriver error: Element not found By.selector: .button.button_medium.js_main_lang
13835 [main] ERROR m.Driver.MyWebDriverEventListener - ________________________________________________________________________________________________________________
14341 [main] ERROR m.Driver.MyWebDriverEventListener - ________________________________________________________________________________________________________________
14341 [main] ERROR m.Driver.MyWebDriverEventListener - WebDriver error: Element not found By.selector: .button.button_medium.js_main_lang
14341 [main] ERROR m.Driver.MyWebDriverEventListener - ________________________________________________________________________________________________________________
14848 [main] ERROR m.Driver.MyWebDriverEventListener - ________________________________________________________________________________________________________________
14848 [main] ERROR m.Driver.MyWebDriverEventListener - WebDriver error: Element not found By.selector: .button.button_medium.js_main_lang
14849 [main] ERROR m.Driver.MyWebDriverEventListener - ________________________________________________________________________________________________________________
15354 [main] ERROR m.Driver.MyWebDriverEventListener - ________________________________________________________________________________________________________________
15354 [main] ERROR m.Driver.MyWebDriverEventListener - WebDriver error: Element not found By.selector: .button.button_medium.js_main_lang
15354 [main] ERROR m.Driver.MyWebDriverEventListener - ________________________________________________________________________________________________________________
15861 [main] ERROR m.Driver.MyWebDriverEventListener - ________________________________________________________________________________________________________________
15861 [main] ERROR m.Driver.MyWebDriverEventListener - WebDriver error: Element not found By.selector: .button.button_medium.js_main_lang
15861 [main] ERROR m.Driver.MyWebDriverEventListener - ________________________________________________________________________________________________________________
16369 [main] ERROR m.Driver.MyWebDriverEventListener - ________________________________________________________________________________________________________________
16369 [main] ERROR m.Driver.MyWebDriverEventListener - WebDriver error: Element not found By.selector: .button.button_medium.js_main_lang
16369 [main] ERROR m.Driver.MyWebDriverEventListener - ________________________________________________________________________________________________________________
16884 [main] ERROR m.Driver.MyWebDriverEventListener - ________________________________________________________________________________________________________________
16884 [main] ERROR m.Driver.MyWebDriverEventListener - WebDriver error: Element not found By.selector: .button.button_medium.js_main_lang
16884 [main] ERROR m.Driver.MyWebDriverEventListener - ________________________________________________________________________________________________________________
17389 [main] ERROR m.Driver.MyWebDriverEventListener - ________________________________________________________________________________________________________________
17389 [main] ERROR m.Driver.MyWebDriverEventListener - WebDriver error: Element not found By.selector: .button.button_medium.js_main_lang
17390 [main] ERROR m.Driver.MyWebDriverEventListener - ________________________________________________________________________________________________________________
17895 [main] ERROR m.Driver.MyWebDriverEventListener - ________________________________________________________________________________________________________________
17895 [main] ERROR m.Driver.MyWebDriverEventListener - WebDriver error: Element not found By.selector: .button.button_medium.js_main_lang
17895 [main] ERROR m.Driver.MyWebDriverEventListener - ________________________________________________________________________________________________________________
18407 [main] ERROR m.Driver.MyWebDriverEventListener - ________________________________________________________________________________________________________________
18407 [main] ERROR m.Driver.MyWebDriverEventListener - WebDriver error: Element not found By.selector: .button.button_medium.js_main_lang
18407 [main] ERROR m.Driver.MyWebDriverEventListener - ________________________________________________________________________________________________________________
18418 [main] INFO  test.java.LogTest - >>>>>>>>>>@AfterMethod<<<<<<<<<
21550 [main] ERROR test.java.LogTest - ------------------------> Ошибка на странице:"Tutorsband".Текст переменной:cebook_Message ***not defined***"
21663 [Thread-0] DEBUG main.Driver.WebDriverFactory - Killing driver 
23839 [Thread-0] ERROR m.Driver.MyWebDriverEventListener - ________________________________________________________________________________________________________________
23844 [Thread-0] ERROR m.Driver.MyWebDriverEventListener - WebDriver error:
org.openqa.selenium.remote.UnreachableBrowserException: Error communicating with the remote browser. It may have died.
Build info: version: '2.42.2', revision: '6a6995d', time: '2014-06-03 17:42:03'
System info: host: 'alexandra-System-Product-Name', ip: '127.0.1.1', os.name: 'Linux', os.arch: 'amd64', os.version: '3.2.0-23-generic', java.version: '1.7.0_60'
Driver info: driver.version: EventFiringWebDriver
	at org.openqa.selenium.remote.RemoteWebDriver.execute(RemoteWebDriver.java:593) ~[selenium-server-standalone-2.42.2.jar:na]
	at org.openqa.selenium.remote.RemoteWebDriver.execute(RemoteWebDriver.java:614) ~[selenium-server-standalone-2.42.2.jar:na]
	at org.openqa.selenium.remote.RemoteWebDriver.quit(RemoteWebDriver.java:468) ~[selenium-server-standalone-2.42.2.jar:na]
	at sun.reflect.NativeMethodAccessorImpl.invoke0(Native Method) ~[na:1.7.0_60]
	at sun.reflect.NativeMethodAccessorImpl.invoke(NativeMethodAccessorImpl.java:57) ~[na:1.7.0_60]
	at sun.reflect.DelegatingMethodAccessorImpl.invoke(DelegatingMethodAccessorImpl.java:43) ~[na:1.7.0_60]
	at java.lang.reflect.Method.invoke(Method.java:606) ~[na:1.7.0_60]
	at org.openqa.selenium.support.events.EventFiringWebDriver$2.invoke(EventFiringWebDriver.java:101) ~[selenium-server-standalone-2.42.2.jar:na]
	at com.sun.proxy.$Proxy11.quit(Unknown Source) ~[na:na]
	at org.openqa.selenium.support.events.EventFiringWebDriver.quit(EventFiringWebDriver.java:198) ~[selenium-server-standalone-2.42.2.jar:na]
	at main.Driver.WebDriverFactory.dismissDriver(WebDriverFactory.java:98) ~[classes/:na]
	at main.Driver.WebDriverFactory$1.run(WebDriverFactory.java:164) [classes/:na]
Caused by: org.apache.http.NoHttpResponseException: The target server failed to respond
	at org.apache.http.impl.conn.DefaultHttpResponseParser.parseHead(DefaultHttpResponseParser.java:143) ~[selenium-server-standalone-2.42.2.jar:na]
	at org.apache.http.impl.conn.DefaultHttpResponseParser.parseHead(DefaultHttpResponseParser.java:57) ~[selenium-server-standalone-2.42.2.jar:na]
	at org.apache.http.impl.io.AbstractMessageParser.parse(AbstractMessageParser.java:260) ~[selenium-server-standalone-2.42.2.jar:na]
	at org.apache.http.impl.DefaultBHttpClientConnection.receiveResponseHeader(DefaultBHttpClientConnection.java:161) ~[selenium-server-standalone-2.42.2.jar:na]
	at sun.reflect.GeneratedMethodAccessor8.invoke(Unknown Source) ~[na:na]
	at sun.reflect.DelegatingMethodAccessorImpl.invoke(DelegatingMethodAccessorImpl.java:43) ~[na:1.7.0_60]
	at java.lang.reflect.Method.invoke(Method.java:606) ~[na:1.7.0_60]
	at org.apache.http.impl.conn.CPoolProxy.invoke(CPoolProxy.java:138) ~[selenium-server-standalone-2.42.2.jar:na]
	at com.sun.proxy.$Proxy8.receiveResponseHeader(Unknown Source) ~[na:na]
	at org.apache.http.protocol.HttpRequestExecutor.doReceiveResponse(HttpRequestExecutor.java:271) ~[selenium-server-standalone-2.42.2.jar:na]
	at org.apache.http.protocol.HttpRequestExecutor.execute(HttpRequestExecutor.java:123) ~[selenium-server-standalone-2.42.2.jar:na]
	at org.apache.http.impl.execchain.MainClientExec.execute(MainClientExec.java:254) ~[selenium-server-standalone-2.42.2.jar:na]
	at org.apache.http.impl.execchain.ProtocolExec.execute(ProtocolExec.java:195) ~[selenium-server-standalone-2.42.2.jar:na]
	at org.apache.http.impl.execchain.RetryExec.execute(RetryExec.java:85) ~[selenium-server-standalone-2.42.2.jar:na]
	at org.apache.http.impl.execchain.RedirectExec.execute(RedirectExec.java:108) ~[selenium-server-standalone-2.42.2.jar:na]
	at org.apache.http.impl.client.InternalHttpClient.doExecute(InternalHttpClient.java:186) ~[selenium-server-standalone-2.42.2.jar:na]
	at org.apache.http.impl.client.CloseableHttpClient.execute(CloseableHttpClient.java:72) ~[selenium-server-standalone-2.42.2.jar:na]
	at org.apache.http.impl.client.CloseableHttpClient.execute(CloseableHttpClient.java:57) ~[selenium-server-standalone-2.42.2.jar:na]
	at org.openqa.selenium.remote.HttpCommandExecutor.fallBackExecute(HttpCommandExecutor.java:222) ~[selenium-server-standalone-2.42.2.jar:na]
	at org.openqa.selenium.remote.HttpCommandExecutor.execute(HttpCommandExecutor.java:173) ~[selenium-server-standalone-2.42.2.jar:na]
	at org.openqa.selenium.firefox.internal.NewProfileExtensionConnection.execute(NewProfileExtensionConnection.java:165) ~[selenium-server-standalone-2.42.2.jar:na]
	at org.openqa.selenium.firefox.FirefoxDriver$LazyCommandExecutor.execute(FirefoxDriver.java:362) ~[selenium-server-standalone-2.42.2.jar:na]
	at org.openqa.selenium.remote.RemoteWebDriver.execute(RemoteWebDriver.java:572) ~[selenium-server-standalone-2.42.2.jar:na]
	... 11 common frames omitted
23844 [Thread-0] ERROR m.Driver.MyWebDriverEventListener - ________________________________________________________________________________________________________________
23845 [Thread-0] WARN  main.Driver.WebDriverFactory - Driver killing error
org.openqa.selenium.remote.SessionNotFoundException: The FirefoxDriver cannot be used after quit() was called.
Build info: version: '2.42.2', revision: '6a6995d', time: '2014-06-03 17:42:03'
System info: host: 'alexandra-System-Product-Name', ip: '127.0.1.1', os.name: 'Linux', os.arch: 'amd64', os.version: '3.2.0-23-generic', java.version: '1.7.0_60'
Driver info: driver.version: EventFiringWebDriver
	at org.openqa.selenium.firefox.FirefoxDriver$LazyCommandExecutor.execute(FirefoxDriver.java:359) ~[selenium-server-standalone-2.42.2.jar:na]
	at org.openqa.selenium.remote.RemoteWebDriver.execute(RemoteWebDriver.java:572) ~[selenium-server-standalone-2.42.2.jar:na]
	at org.openqa.selenium.remote.RemoteWebDriver.executeScript(RemoteWebDriver.java:508) ~[selenium-server-standalone-2.42.2.jar:na]
	at main.Driver.MyWebDriverEventListener.onException(MyWebDriverEventListener.java:65) ~[classes/:na]
	at sun.reflect.GeneratedMethodAccessor18.invoke(Unknown Source) ~[na:na]
	at sun.reflect.DelegatingMethodAccessorImpl.invoke(DelegatingMethodAccessorImpl.java:43) ~[na:1.7.0_60]
	at java.lang.reflect.Method.invoke(Method.java:606) ~[na:1.7.0_60]
	at org.openqa.selenium.support.events.EventFiringWebDriver$1.invoke(EventFiringWebDriver.java:78) ~[selenium-server-standalone-2.42.2.jar:na]
	at com.sun.proxy.$Proxy10.onException(Unknown Source) ~[na:na]
	at org.openqa.selenium.support.events.EventFiringWebDriver$2.invoke(EventFiringWebDriver.java:103) ~[selenium-server-standalone-2.42.2.jar:na]
	at com.sun.proxy.$Proxy11.quit(Unknown Source) ~[na:na]
	at org.openqa.selenium.support.events.EventFiringWebDriver.quit(EventFiringWebDriver.java:198) ~[selenium-server-standalone-2.42.2.jar:na]
	at main.Driver.WebDriverFactory.dismissDriver(WebDriverFactory.java:98) ~[classes/:na]
	at main.Driver.WebDriverFactory$1.run(WebDriverFactory.java:164) [classes/:na]
