481  [main] INFO  test.java.LogTest - ______________________________________class test.java.LogTest______________________________________
547  [main] DEBUG main.Driver.WebDriverFactory - Requested driver: Capabilities [{browserName=firefox}]:null. Driver uses count = 1
6259 [main] INFO  m.Driver.MyWebDriverEventListener - WebDriver navigating to:'https://testun.com.ua/sys/sys/test_cookie_key'
7074 [main] INFO  m.Driver.MyWebDriverEventListener - WebDriver navigating to:'https://testun.com.ua/'
12070 [main] DEBUG m.Driver.MyWebDriverEventListener - Webdriver will click on element tag:a |id:  |text: ('English')
14708 [main] DEBUG m.Driver.MyWebDriverEventListener - hope Webdriver clicked on element tag:a |id:  |text: ('English')
14772 [main] INFO  test.java.LogTest - ------------------------waitForPageLoaded true
14939 [main] DEBUG m.Driver.MyWebDriverEventListener - Webdriver will click on element tag:a |id:  |text: ('Русский')
15168 [main] DEBUG m.Driver.MyWebDriverEventListener - hope Webdriver clicked on element tag:a |id:  |text: ('Русский')
15174 [main] INFO  test.java.LogTest - ------------------------waitForPageLoaded false
15918 [main] INFO  test.java.LogTest - ------------------------waitForPageLoaded true
16007 [main] INFO  test.java.LogTest - _______________________________Test = googleValidLogin()_______________________________
16028 [main] INFO  m.Driver.MyWebDriverEventListener - WebDriver navigating to:'https://accounts.google.com'
16599 [main] INFO  m.Driver.MyWebDriverEventListener - WebDriver navigating to:'https://accounts.google.com'
19990 [main] DEBUG m.Driver.MyWebDriverEventListener - WebDriver changing value in element found By.id: Passwd from 'tag:input |id: Passwd |text: ('')
20557 [main] DEBUG m.Driver.MyWebDriverEventListener - WebDriver changing value in element found By.id: Passwd from 'tag:input |id: Passwd |text: ('')
20616 [main] DEBUG m.Driver.MyWebDriverEventListener - WebDriver changing value in element found By.id: Email from 'tag:input |id: Email |text: ('')
21779 [main] DEBUG m.Driver.MyWebDriverEventListener - WebDriver changing value in element found By.id: Email from 'tag:input |id: Email |text: ('')
21852 [main] DEBUG m.Driver.MyWebDriverEventListener - Webdriver will click on element tag:input |id: signIn |text: ('')
23137 [main] DEBUG m.Driver.MyWebDriverEventListener - hope Webdriver clicked on element tag:input |id: signIn |text: ('')
23637 [main] INFO  m.Driver.MyWebDriverEventListener - WebDriver navigating to:'https://testun.com.ua/'
24445 [main] DEBUG m.Driver.MyWebDriverEventListener - Webdriver will click on element tag:a |id: js_header_signin |text: ('Войти')
26454 [main] DEBUG m.Driver.MyWebDriverEventListener - hope Webdriver clicked on element tag:a |id: js_header_signin |text: ('Войти')
26496 [main] INFO  test.java.LogTest - ------------------------waitForPageLoaded true
26613 [main] DEBUG m.Driver.MyWebDriverEventListener - Webdriver will click on element tag:a |id:  |text: ('Вход через Google')
28820 [main] DEBUG m.Driver.MyWebDriverEventListener - hope Webdriver clicked on element tag:a |id:  |text: ('Вход через Google')
30754 [main] DEBUG m.Driver.MyWebDriverEventListener - Webdriver will click on element tag:a |id: js__menuTrigger |text: ('')
32285 [main] DEBUG m.Driver.MyWebDriverEventListener - hope Webdriver clicked on element tag:a |id: js__menuTrigger |text: ('')
32501 [main] DEBUG m.Driver.MyWebDriverEventListener - Webdriver will click on element tag:a |id:  |text: ('')
34060 [main] DEBUG m.Driver.MyWebDriverEventListener - hope Webdriver clicked on element tag:a |id:  |text: ('')
34103 [main] DEBUG m.Driver.MyWebDriverEventListener - Webdriver will click on element tag:span |id:  |text: ('Выйти')
34370 [main] DEBUG m.Driver.MyWebDriverEventListener - hope Webdriver clicked on element tag:span |id:  |text: ('Выйти')
35220 [main] INFO  test.java.LogTest - ------------------------waitForPageLoaded true
35306 [main] INFO  m.Driver.MyWebDriverEventListener - WebDriver navigating to:'https://accounts.google.com'
37307 [main] INFO  test.java.LogTest - >>>>>>>>>>@AfterMethod<<<<<<<<<
37318 [main] ERROR test.java.LogTest - ----------------------------------------------------------------------js error----------------------------------------------------------------------
37318 [main] ERROR test.java.LogTest - javascript error 1.SyntaxError: Using //@ to indicate sourceURL pragmas is deprecated. Use //# instead [https://www.google.com/settings/_/scs/ac-static/_/js/k=ac.s2.ru.Q8Ke1rtoIiY.O/m=b2,s2_p/rt=j/d=1/t=zcms/rs=AD6RtdO5RL09X96EHEUxRi9UBw8nntDkWA:64]
37318 [main] ERROR test.java.LogTest - ----------------------------------------------------------------------js error----------------------------------------------------------------------
37354 [main] INFO  test.java.LogTest - ______________________________________class test.java.LogTest______________________________________
37354 [main] DEBUG main.Driver.WebDriverFactory - Requested driver: Capabilities [{browserName=firefox}]:null. Driver uses count = 2
37357 [main] DEBUG main.Driver.WebDriverFactory - getDriver: Current url: https://accounts.google.com/ServiceLogin?passive=1209600&osid=1&continue=https://www.google.com/settings/personalinfo&followup=https://www.google.com/settings/personalinfo
37363 [main] INFO  m.Driver.MyWebDriverEventListener - WebDriver navigating to:'https://testun.com.ua/sys/sys/test_cookie_key'
37549 [main] INFO  m.Driver.MyWebDriverEventListener - WebDriver navigating to:'https://testun.com.ua/'
41581 [main] INFO  test.java.LogTest - _______________________Test = googleValidLoginPopup_______________________
41646 [main] DEBUG m.Driver.MyWebDriverEventListener - Webdriver will click on element tag:a |id: js_header_signin |text: ('Войти')
45056 [main] DEBUG m.Driver.MyWebDriverEventListener - hope Webdriver clicked on element tag:a |id: js_header_signin |text: ('Войти')
45067 [main] INFO  test.java.LogTest - ------------------------waitForPageLoaded true
45179 [main] DEBUG m.Driver.MyWebDriverEventListener - Webdriver will click on element tag:a |id:  |text: ('Вход через Google')
47408 [main] DEBUG m.Driver.MyWebDriverEventListener - hope Webdriver clicked on element tag:a |id:  |text: ('Вход через Google')
48117 [main] DEBUG m.Driver.MyWebDriverEventListener - WebDriver changing value in element found By.id: Passwd from 'tag:input |id: Passwd |text: ('')
48656 [main] DEBUG m.Driver.MyWebDriverEventListener - WebDriver changing value in element found By.id: Passwd from 'tag:input |id: Passwd |text: ('')
48731 [main] DEBUG m.Driver.MyWebDriverEventListener - WebDriver changing value in element found By.id: Email from 'tag:input |id: Email |text: ('')
49399 [main] DEBUG m.Driver.MyWebDriverEventListener - WebDriver changing value in element found By.id: Email from 'tag:input |id: Email |text: ('')
49467 [main] DEBUG m.Driver.MyWebDriverEventListener - Webdriver will click on element tag:input |id: signIn |text: ('')
50112 [main] DEBUG m.Driver.MyWebDriverEventListener - hope Webdriver clicked on element tag:input |id: signIn |text: ('')
52180 [main] DEBUG m.Driver.MyWebDriverEventListener - Webdriver will click on element tag:a |id: js__menuTrigger |text: ('')
53267 [main] DEBUG m.Driver.MyWebDriverEventListener - hope Webdriver clicked on element tag:a |id: js__menuTrigger |text: ('')
53410 [main] DEBUG m.Driver.MyWebDriverEventListener - Webdriver will click on element tag:a |id:  |text: ('')
55000 [main] DEBUG m.Driver.MyWebDriverEventListener - hope Webdriver clicked on element tag:a |id:  |text: ('')
55317 [main] DEBUG m.Driver.MyWebDriverEventListener - Webdriver will click on element tag:span |id:  |text: ('Выйти')
55573 [main] DEBUG m.Driver.MyWebDriverEventListener - hope Webdriver clicked on element tag:span |id:  |text: ('Выйти')
55583 [main] INFO  test.java.LogTest - ------------------------waitForPageLoaded false
56458 [main] INFO  test.java.LogTest - ------------------------waitForPageLoaded true
56537 [main] INFO  m.Driver.MyWebDriverEventListener - WebDriver navigating to:'https://accounts.google.com'
58239 [main] INFO  test.java.LogTest - >>>>>>>>>>@AfterMethod<<<<<<<<<
58255 [main] ERROR test.java.LogTest - ----------------------------------------------------------------------js error----------------------------------------------------------------------
58255 [main] ERROR test.java.LogTest - javascript error 1.SyntaxError: Using //@ to indicate sourceURL pragmas is deprecated. Use //# instead [https://www.google.com/settings/_/scs/ac-static/_/js/k=ac.s2.ru.Q8Ke1rtoIiY.O/m=b2,s2_p/rt=j/d=1/t=zcms/rs=AD6RtdO5RL09X96EHEUxRi9UBw8nntDkWA:64]
58255 [main] ERROR test.java.LogTest - ----------------------------------------------------------------------js error----------------------------------------------------------------------
58278 [main] INFO  test.java.LogTest - ______________________________________class test.java.LogTest______________________________________
58279 [main] DEBUG main.Driver.WebDriverFactory - Requested driver: Capabilities [{browserName=firefox}]:null. Driver uses count = 3
58286 [main] DEBUG main.Driver.WebDriverFactory - getDriver: Current url: https://accounts.google.com/ServiceLogin?passive=1209600&osid=1&continue=https://www.google.com/settings/personalinfo&followup=https://www.google.com/settings/personalinfo
58293 [main] INFO  m.Driver.MyWebDriverEventListener - WebDriver navigating to:'https://testun.com.ua/sys/sys/test_cookie_key'
58478 [main] INFO  m.Driver.MyWebDriverEventListener - WebDriver navigating to:'https://testun.com.ua/'
62554 [main] INFO  test.java.LogTest - _______________________________Test = facebookValidLogin()_______________________________
62554 [main] INFO  m.Driver.MyWebDriverEventListener - WebDriver navigating to:'https://www.facebook.com/'
64438 [main] DEBUG m.Driver.MyWebDriverEventListener - WebDriver changing value in element found By.id: email from 'tag:input |id: email |text: ('')
65108 [main] DEBUG m.Driver.MyWebDriverEventListener - WebDriver changing value in element found By.id: email from 'tag:input |id: email |text: ('')
65175 [main] DEBUG m.Driver.MyWebDriverEventListener - WebDriver changing value in element found By.id: pass from 'tag:input |id: pass |text: ('')
65618 [main] DEBUG m.Driver.MyWebDriverEventListener - WebDriver changing value in element found By.id: pass from 'tag:input |id: pass |text: ('')
65701 [main] DEBUG m.Driver.MyWebDriverEventListener - Webdriver will click on element tag:input |id: u_0_n |text: ('')
68601 [main] DEBUG m.Driver.MyWebDriverEventListener - hope Webdriver clicked on element tag:input |id: u_0_n |text: ('')
69601 [main] INFO  m.Driver.MyWebDriverEventListener - WebDriver navigating to:'https://testun.com.ua/'
70445 [main] DEBUG m.Driver.MyWebDriverEventListener - Webdriver will click on element tag:a |id: js_header_signin |text: ('Войти')
71055 [main] DEBUG m.Driver.MyWebDriverEventListener - hope Webdriver clicked on element tag:a |id: js_header_signin |text: ('Войти')
71062 [main] INFO  test.java.LogTest - ------------------------waitForPageLoaded true
71189 [main] DEBUG m.Driver.MyWebDriverEventListener - Webdriver will click on element tag:a |id:  |text: ('Вход через Facebook')
73380 [main] DEBUG m.Driver.MyWebDriverEventListener - hope Webdriver clicked on element tag:a |id:  |text: ('Вход через Facebook')
76438 [main] ERROR m.Driver.MyWebDriverEventListener - ________________________________________________________________________________________________________________
76438 [main] ERROR m.Driver.MyWebDriverEventListener - WebDriver error: Element not found By.xpath: //div[@class='header__create']/a
76438 [main] ERROR m.Driver.MyWebDriverEventListener - ________________________________________________________________________________________________________________
79983 [main] ERROR m.Driver.MyWebDriverEventListener - ________________________________________________________________________________________________________________
79984 [main] ERROR m.Driver.MyWebDriverEventListener - WebDriver error: Element not found By.xpath: //div[@class='header__create']/a
79984 [main] ERROR m.Driver.MyWebDriverEventListener - ________________________________________________________________________________________________________________
83024 [main] ERROR m.Driver.MyWebDriverEventListener - ________________________________________________________________________________________________________________
83024 [main] ERROR m.Driver.MyWebDriverEventListener - WebDriver error: Element not found By.xpath: //li[@class='menu-left-li menu-left-li_profile']//*[@class='userpic-user__name']
83024 [main] ERROR m.Driver.MyWebDriverEventListener - ________________________________________________________________________________________________________________
83028 [main] INFO  test.java.LogTest - >>>>>>>>>>@AfterMethod<<<<<<<<<
83066 [main] INFO  test.java.LogTest - ______________________________________class test.java.LogTest______________________________________
83066 [main] DEBUG main.Driver.WebDriverFactory - Requested driver: Capabilities [{browserName=firefox}]:null. Driver uses count = 4
83073 [main] DEBUG main.Driver.WebDriverFactory - getDriver: Current url: https://testun.com.ua/#signin
83080 [main] INFO  m.Driver.MyWebDriverEventListener - WebDriver navigating to:'https://testun.com.ua/sys/sys/test_cookie_key'
83200 [main] INFO  m.Driver.MyWebDriverEventListener - WebDriver navigating to:'https://testun.com.ua/'
87177 [main] INFO  test.java.LogTest - _______________________________Test = facebookValidLoginPopup()_______________________________
87264 [main] DEBUG m.Driver.MyWebDriverEventListener - Webdriver will click on element tag:a |id: js_header_signin |text: ('Войти')
89386 [main] DEBUG m.Driver.MyWebDriverEventListener - hope Webdriver clicked on element tag:a |id: js_header_signin |text: ('Войти')
89434 [main] INFO  test.java.LogTest - ------------------------waitForPageLoaded true
89503 [main] DEBUG m.Driver.MyWebDriverEventListener - Webdriver will click on element tag:a |id:  |text: ('Вход через Facebook')
91689 [main] DEBUG m.Driver.MyWebDriverEventListener - hope Webdriver clicked on element tag:a |id:  |text: ('Вход через Facebook')
92564 [main] DEBUG m.Driver.MyWebDriverEventListener - WebDriver changing value in element found By.id: email from 'tag:input |id: email |text: ('')
93203 [main] DEBUG m.Driver.MyWebDriverEventListener - WebDriver changing value in element found By.id: email from 'tag:input |id: email |text: ('')
93303 [main] DEBUG m.Driver.MyWebDriverEventListener - WebDriver changing value in element found By.id: pass from 'tag:input |id: pass |text: ('')
93731 [main] DEBUG m.Driver.MyWebDriverEventListener - WebDriver changing value in element found By.id: pass from 'tag:input |id: pass |text: ('')
93802 [main] DEBUG m.Driver.MyWebDriverEventListener - Webdriver will click on element tag:input |id: u_0_1 |text: ('')
94303 [main] DEBUG m.Driver.MyWebDriverEventListener - hope Webdriver clicked on element tag:input |id: u_0_1 |text: ('')
97429 [main] DEBUG m.Driver.MyWebDriverEventListener - Webdriver will click on element tag:a |id: js__menuTrigger |text: ('')
98509 [main] DEBUG m.Driver.MyWebDriverEventListener - hope Webdriver clicked on element tag:a |id: js__menuTrigger |text: ('')
98678 [main] DEBUG m.Driver.MyWebDriverEventListener - Webdriver will click on element tag:a |id:  |text: ('')
100291 [main] DEBUG m.Driver.MyWebDriverEventListener - hope Webdriver clicked on element tag:a |id:  |text: ('')
100499 [main] DEBUG m.Driver.MyWebDriverEventListener - Webdriver will click on element tag:span |id:  |text: ('Выйти')
100773 [main] DEBUG m.Driver.MyWebDriverEventListener - hope Webdriver clicked on element tag:span |id:  |text: ('Выйти')
100790 [main] INFO  test.java.LogTest - ------------------------waitForPageLoaded false
101588 [main] INFO  m.Driver.MyWebDriverEventListener - WebDriver navigating to:'https://www.facebook.com/'
103781 [main] INFO  test.java.LogTest - >>>>>>>>>>@AfterMethod<<<<<<<<<
106033 [main] INFO  test.java.LogTest - ______________________________________class test.java.LogTest______________________________________
106033 [main] DEBUG main.Driver.WebDriverFactory - Requested driver: Capabilities [{browserName=firefox}]:null. Driver uses count = 5
106041 [main] DEBUG main.Driver.WebDriverFactory - getDriver: Current url: https://www.facebook.com/
106048 [main] INFO  m.Driver.MyWebDriverEventListener - WebDriver navigating to:'https://testun.com.ua/sys/sys/test_cookie_key'
106240 [main] INFO  m.Driver.MyWebDriverEventListener - WebDriver navigating to:'https://testun.com.ua/'
110133 [main] INFO  test.java.LogTest - _______________________Test = loginFromVideoPay _______________________
110133 [main] INFO  m.Driver.MyWebDriverEventListener - WebDriver navigating to:'https://testun.com.ua//search'
110982 [main] DEBUG m.Driver.MyWebDriverEventListener - Webdriver will click on element tag:a |id:  |text: ('Видеозаписи
177')
112177 [main] DEBUG m.Driver.MyWebDriverEventListener - hope Webdriver clicked on element tag:a |id:  |text: ('Видеозаписи
177')
112187 [main] INFO  test.java.LogTest - ------------------------waitForPageLoaded false
112709 [main] INFO  test.java.LogTest - ------------------------waitForPageLoaded true
112873 [main] DEBUG m.Driver.MyWebDriverEventListener - Webdriver will click on element tag:a |id:  |text: ('00:01
19 сентября 2014 в 16:01
rg
AlexandraAlexandraAlexan
PRO
1 USD')
114098 [main] DEBUG m.Driver.MyWebDriverEventListener - hope Webdriver clicked on element tag:a |id:  |text: ('00:01
19 сентября 2014 в 16:01
rg
AlexandraAlexandraAlexan
PRO
1 USD')
114421 [main] DEBUG m.Driver.MyWebDriverEventListener - Webdriver will click on element tag:a |id:  |text: ('Купить видео')
115176 [main] DEBUG m.Driver.MyWebDriverEventListener - hope Webdriver clicked on element tag:a |id:  |text: ('Купить видео')
115182 [main] INFO  test.java.LogTest - ------------------------waitForPageLoaded true
115327 [main] DEBUG m.Driver.MyWebDriverEventListener - Webdriver will click on element tag:a |id:  |text: ('войдите')
116404 [main] DEBUG m.Driver.MyWebDriverEventListener - hope Webdriver clicked on element tag:a |id:  |text: ('войдите')
116497 [main] DEBUG m.Driver.MyWebDriverEventListener - WebDriver changing value in element found By.id: login_email from 'tag:input |id: login_email |text: ('')
117107 [main] DEBUG m.Driver.MyWebDriverEventListener - WebDriver changing value in element found By.id: login_email from 'tag:input |id: login_email |text: ('')
117142 [main] DEBUG m.Driver.MyWebDriverEventListener - WebDriver changing value in element found By.id: login_password from 'tag:input |id: login_password |text: ('')
117772 [main] DEBUG m.Driver.MyWebDriverEventListener - WebDriver changing value in element found By.id: login_password from 'tag:input |id: login_password |text: ('')
117850 [main] DEBUG m.Driver.MyWebDriverEventListener - Webdriver will click on element tag:input |id: login_button |text: ('')
118212 [main] DEBUG m.Driver.MyWebDriverEventListener - hope Webdriver clicked on element tag:input |id: login_button |text: ('')
119133 [main] INFO  test.java.LogTest - ------------------------waitForPageLoaded true
119270 [main] DEBUG m.Driver.MyWebDriverEventListener - Webdriver will click on element tag:a |id: popup_close |text: ('')
119978 [main] DEBUG m.Driver.MyWebDriverEventListener - hope Webdriver clicked on element tag:a |id: popup_close |text: ('')
119984 [main] INFO  test.java.LogTest - ------------------------waitForPageLoaded true
120067 [main] DEBUG m.Driver.MyWebDriverEventListener - Webdriver will click on element tag:a |id: js__menuTrigger |text: ('')
122322 [main] DEBUG m.Driver.MyWebDriverEventListener - hope Webdriver clicked on element tag:a |id: js__menuTrigger |text: ('')
122481 [main] DEBUG m.Driver.MyWebDriverEventListener - Webdriver will click on element tag:a |id:  |text: ('')
124047 [main] DEBUG m.Driver.MyWebDriverEventListener - hope Webdriver clicked on element tag:a |id:  |text: ('')
124118 [main] DEBUG m.Driver.MyWebDriverEventListener - Webdriver will click on element tag:span |id:  |text: ('Выйти')
124381 [main] DEBUG m.Driver.MyWebDriverEventListener - hope Webdriver clicked on element tag:span |id:  |text: ('Выйти')
125188 [main] INFO  test.java.LogTest - ------------------------waitForPageLoaded true
125209 [main] INFO  test.java.LogTest - >>>>>>>>>>@AfterMethod<<<<<<<<<
125247 [main] INFO  test.java.LogTest - ______________________________________class test.java.LogTest______________________________________
125247 [main] DEBUG main.Driver.WebDriverFactory - Requested driver: Capabilities [{browserName=firefox}]:null. Driver uses count = 6
125252 [main] DEBUG main.Driver.WebDriverFactory - getDriver: Current url: https://testun.com.ua/
125256 [main] INFO  m.Driver.MyWebDriverEventListener - WebDriver navigating to:'https://testun.com.ua/sys/sys/test_cookie_key'
125279 [main] INFO  m.Driver.MyWebDriverEventListener - WebDriver navigating to:'https://testun.com.ua/'
129089 [main] INFO  test.java.LogTest - _______________________Test = invalidLoginNoEmail_______________________
129179 [main] DEBUG m.Driver.MyWebDriverEventListener - Webdriver will click on element tag:a |id: js_header_signin |text: ('Войти')
132501 [main] DEBUG m.Driver.MyWebDriverEventListener - hope Webdriver clicked on element tag:a |id: js_header_signin |text: ('Войти')
132512 [main] INFO  test.java.LogTest - ------------------------waitForPageLoaded true
132695 [main] DEBUG m.Driver.MyWebDriverEventListener - WebDriver changing value in element found By.id: login_email from 'tag:input |id: login_email |text: ('')
132736 [main] DEBUG m.Driver.MyWebDriverEventListener - WebDriver changing value in element found By.id: login_email from 'tag:input |id: login_email |text: ('')
132782 [main] DEBUG m.Driver.MyWebDriverEventListener - WebDriver changing value in element found By.id: login_password from 'tag:input |id: login_password |text: ('')
133400 [main] DEBUG m.Driver.MyWebDriverEventListener - WebDriver changing value in element found By.id: login_password from 'tag:input |id: login_password |text: ('')
133506 [main] DEBUG m.Driver.MyWebDriverEventListener - Webdriver will click on element tag:input |id: login_button |text: ('')
135216 [main] DEBUG m.Driver.MyWebDriverEventListener - hope Webdriver clicked on element tag:input |id: login_button |text: ('')
135799 [main] INFO  test.java.LogTest - >>>>>>>>>>@AfterMethod<<<<<<<<<
135846 [main] INFO  test.java.LogTest - ______________________________________class test.java.LogTest______________________________________
135846 [main] DEBUG main.Driver.WebDriverFactory - Requested driver: Capabilities [{browserName=firefox}]:null. Driver uses count = 7
135850 [main] DEBUG main.Driver.WebDriverFactory - getDriver: Current url: https://testun.com.ua/#signin
135854 [main] INFO  m.Driver.MyWebDriverEventListener - WebDriver navigating to:'https://testun.com.ua/sys/sys/test_cookie_key'
135978 [main] INFO  m.Driver.MyWebDriverEventListener - WebDriver navigating to:'https://testun.com.ua/'
140012 [main] INFO  test.java.LogTest - _______________________Test = invalidLoginNoPass_______________________
140095 [main] DEBUG m.Driver.MyWebDriverEventListener - Webdriver will click on element tag:a |id: js_header_signin |text: ('Войти')
141856 [main] DEBUG m.Driver.MyWebDriverEventListener - hope Webdriver clicked on element tag:a |id: js_header_signin |text: ('Войти')
141892 [main] INFO  test.java.LogTest - ------------------------waitForPageLoaded true
142009 [main] DEBUG m.Driver.MyWebDriverEventListener - WebDriver changing value in element found By.id: login_email from 'tag:input |id: login_email |text: ('')
142616 [main] DEBUG m.Driver.MyWebDriverEventListener - WebDriver changing value in element found By.id: login_email from 'tag:input |id: login_email |text: ('')
142718 [main] DEBUG m.Driver.MyWebDriverEventListener - WebDriver changing value in element found By.id: login_password from 'tag:input |id: login_password |text: ('')
142803 [main] DEBUG m.Driver.MyWebDriverEventListener - WebDriver changing value in element found By.id: login_password from 'tag:input |id: login_password |text: ('')
142850 [main] DEBUG m.Driver.MyWebDriverEventListener - Webdriver will click on element tag:input |id: login_button |text: ('')
144551 [main] DEBUG m.Driver.MyWebDriverEventListener - hope Webdriver clicked on element tag:input |id: login_button |text: ('')
145098 [main] INFO  test.java.LogTest - >>>>>>>>>>@AfterMethod<<<<<<<<<
145141 [main] INFO  test.java.LogTest - ______________________________________class test.java.LogTest______________________________________
145142 [main] DEBUG main.Driver.WebDriverFactory - Requested driver: Capabilities [{browserName=firefox}]:null. Driver uses count = 8
145146 [main] DEBUG main.Driver.WebDriverFactory - getDriver: Current url: https://testun.com.ua/#signin
145150 [main] INFO  m.Driver.MyWebDriverEventListener - WebDriver navigating to:'https://testun.com.ua/sys/sys/test_cookie_key'
145265 [main] INFO  m.Driver.MyWebDriverEventListener - WebDriver navigating to:'https://testun.com.ua/'
149072 [main] INFO  test.java.LogTest - _______________________Test = invalidLoginWrongEmail_______________________
149155 [main] DEBUG m.Driver.MyWebDriverEventListener - Webdriver will click on element tag:a |id: js_header_signin |text: ('Войти')
150986 [main] DEBUG m.Driver.MyWebDriverEventListener - hope Webdriver clicked on element tag:a |id: js_header_signin |text: ('Войти')
151050 [main] INFO  test.java.LogTest - ------------------------waitForPageLoaded true
151097 [main] DEBUG m.Driver.MyWebDriverEventListener - WebDriver changing value in element found By.id: login_email from 'tag:input |id: login_email |text: ('')
151332 [main] DEBUG m.Driver.MyWebDriverEventListener - WebDriver changing value in element found By.id: login_email from 'tag:input |id: login_email |text: ('')
151405 [main] DEBUG m.Driver.MyWebDriverEventListener - WebDriver changing value in element found By.id: login_password from 'tag:input |id: login_password |text: ('')
152028 [main] DEBUG m.Driver.MyWebDriverEventListener - WebDriver changing value in element found By.id: login_password from 'tag:input |id: login_password |text: ('')
152110 [main] DEBUG m.Driver.MyWebDriverEventListener - Webdriver will click on element tag:input |id: login_button |text: ('')
153812 [main] DEBUG m.Driver.MyWebDriverEventListener - hope Webdriver clicked on element tag:input |id: login_button |text: ('')
154387 [main] INFO  test.java.LogTest - >>>>>>>>>>@AfterMethod<<<<<<<<<
154436 [main] INFO  test.java.LogTest - ______________________________________class test.java.LogTest______________________________________
154436 [main] DEBUG main.Driver.WebDriverFactory - Requested driver: Capabilities [{browserName=firefox}]:null. Driver uses count = 9
154442 [main] DEBUG main.Driver.WebDriverFactory - getDriver: Current url: https://testun.com.ua/#signin
154446 [main] INFO  m.Driver.MyWebDriverEventListener - WebDriver navigating to:'https://testun.com.ua/sys/sys/test_cookie_key'
154556 [main] INFO  m.Driver.MyWebDriverEventListener - WebDriver navigating to:'https://testun.com.ua/'
158417 [main] INFO  test.java.LogTest - _______________________Test = invalidLoginWrongPass_______________________
158505 [main] DEBUG m.Driver.MyWebDriverEventListener - Webdriver will click on element tag:a |id: js_header_signin |text: ('Войти')
160406 [main] DEBUG m.Driver.MyWebDriverEventListener - hope Webdriver clicked on element tag:a |id: js_header_signin |text: ('Войти')
160415 [main] INFO  test.java.LogTest - ------------------------waitForPageLoaded true
160461 [main] DEBUG m.Driver.MyWebDriverEventListener - WebDriver changing value in element found By.id: login_email from 'tag:input |id: login_email |text: ('')
161096 [main] DEBUG m.Driver.MyWebDriverEventListener - WebDriver changing value in element found By.id: login_email from 'tag:input |id: login_email |text: ('')
161171 [main] DEBUG m.Driver.MyWebDriverEventListener - WebDriver changing value in element found By.id: login_password from 'tag:input |id: login_password |text: ('')
161534 [main] DEBUG m.Driver.MyWebDriverEventListener - WebDriver changing value in element found By.id: login_password from 'tag:input |id: login_password |text: ('')
161602 [main] DEBUG m.Driver.MyWebDriverEventListener - Webdriver will click on element tag:input |id: login_button |text: ('')
163320 [main] DEBUG m.Driver.MyWebDriverEventListener - hope Webdriver clicked on element tag:input |id: login_button |text: ('')
163869 [main] INFO  test.java.LogTest - >>>>>>>>>>@AfterMethod<<<<<<<<<
163897 [main] INFO  test.java.LogTest - ______________________________________class test.java.LogTest______________________________________
163897 [main] DEBUG main.Driver.WebDriverFactory - Requested driver: Capabilities [{browserName=firefox}]:null. Driver uses count = 10
163901 [main] DEBUG main.Driver.WebDriverFactory - getDriver: Current url: https://testun.com.ua/#signin
163904 [main] INFO  m.Driver.MyWebDriverEventListener - WebDriver navigating to:'https://testun.com.ua/sys/sys/test_cookie_key'
164020 [main] INFO  m.Driver.MyWebDriverEventListener - WebDriver navigating to:'https://testun.com.ua/'
168012 [main] INFO  test.java.LogTest - _______________________Test = loginFBHangoutPopup_______________________
168012 [main] INFO  m.Driver.MyWebDriverEventListener - WebDriver navigating to:'https://testun.com.ua//search'
169284 [main] DEBUG m.Driver.MyWebDriverEventListener - Webdriver will click on element tag:a |id:  |text: ('23 октября 2014 в 12:48
2
Doctor Who
3
Бесплатно')
170238 [main] DEBUG m.Driver.MyWebDriverEventListener - hope Webdriver clicked on element tag:a |id:  |text: ('23 октября 2014 в 12:48
2
Doctor Who
3
Бесплатно')
170637 [main] DEBUG m.Driver.MyWebDriverEventListener - Webdriver will click on element tag:a |id: original_subscribe |text: ('Принять участие | Бесплатно')
171558 [main] DEBUG m.Driver.MyWebDriverEventListener - hope Webdriver clicked on element tag:a |id: original_subscribe |text: ('Принять участие | Бесплатно')
171660 [main] DEBUG m.Driver.MyWebDriverEventListener - Webdriver will click on element tag:a |id:  |text: ('войдите')
172094 [main] DEBUG m.Driver.MyWebDriverEventListener - hope Webdriver clicked on element tag:a |id:  |text: ('войдите')
172196 [main] DEBUG m.Driver.MyWebDriverEventListener - Webdriver will click on element tag:a |id:  |text: ('Вход через Facebook')
173193 [main] DEBUG m.Driver.MyWebDriverEventListener - hope Webdriver clicked on element tag:a |id:  |text: ('Вход через Facebook')
174250 [main] DEBUG m.Driver.MyWebDriverEventListener - WebDriver changing value in element found By.id: email from 'tag:input |id: email |text: ('')
174916 [main] DEBUG m.Driver.MyWebDriverEventListener - WebDriver changing value in element found By.id: email from 'tag:input |id: email |text: ('')
174981 [main] DEBUG m.Driver.MyWebDriverEventListener - WebDriver changing value in element found By.id: pass from 'tag:input |id: pass |text: ('')
175437 [main] DEBUG m.Driver.MyWebDriverEventListener - WebDriver changing value in element found By.id: pass from 'tag:input |id: pass |text: ('')
175511 [main] DEBUG m.Driver.MyWebDriverEventListener - Webdriver will click on element tag:input |id: u_0_1 |text: ('')
176035 [main] DEBUG m.Driver.MyWebDriverEventListener - hope Webdriver clicked on element tag:input |id: u_0_1 |text: ('')
180104 [main] ERROR m.Driver.MyWebDriverEventListener - ________________________________________________________________________________________________________________
180104 [main] ERROR m.Driver.MyWebDriverEventListener - WebDriver error: Element not found By.xpath: //li[@class='menu-left-li menu-left-li_profile']//*[@class='userpic-user__name']
180105 [main] ERROR m.Driver.MyWebDriverEventListener - ________________________________________________________________________________________________________________
180106 [main] INFO  test.java.LogTest - >>>>>>>>>>@AfterMethod<<<<<<<<<
180137 [main] INFO  test.java.LogTest - ______________________________________class test.java.LogTest______________________________________
180137 [main] DEBUG main.Driver.WebDriverFactory - Requested driver: Capabilities [{browserName=firefox}]:null. Driver uses count = 11
180142 [main] DEBUG main.Driver.WebDriverFactory - getDriver: Current url: https://testun.com.ua/conference/50822
180145 [main] INFO  m.Driver.MyWebDriverEventListener - WebDriver navigating to:'https://testun.com.ua/sys/sys/test_cookie_key'
180174 [main] INFO  m.Driver.MyWebDriverEventListener - WebDriver navigating to:'https://testun.com.ua/'
184083 [main] INFO  test.java.LogTest - _______________________Test = loginFromHeaderHangCreate_______________________
184170 [main] DEBUG m.Driver.MyWebDriverEventListener - Webdriver will click on element tag:a |id: js_header_singcreate |text: ('Создать трансляцию')
186319 [main] DEBUG m.Driver.MyWebDriverEventListener - hope Webdriver clicked on element tag:a |id: js_header_singcreate |text: ('Создать трансляцию')
186333 [main] INFO  test.java.LogTest - ------------------------waitForPageLoaded true
186466 [main] DEBUG m.Driver.MyWebDriverEventListener - Webdriver will click on element tag:a |id:  |text: ('войдите')
188150 [main] DEBUG m.Driver.MyWebDriverEventListener - hope Webdriver clicked on element tag:a |id:  |text: ('войдите')
188325 [main] DEBUG m.Driver.MyWebDriverEventListener - Webdriver will click on element tag:a |id:  |text: ('Вход через Facebook')
189184 [main] DEBUG m.Driver.MyWebDriverEventListener - hope Webdriver clicked on element tag:a |id:  |text: ('Вход через Facebook')
199578 [main] INFO  test.java.LogTest - >>>>>>>>>>@AfterMethod<<<<<<<<<
199611 [main] INFO  test.java.LogTest - ______________________________________class test.java.LogTest______________________________________
199611 [main] DEBUG main.Driver.WebDriverFactory - Requested driver: Capabilities [{browserName=firefox}]:null. Driver uses count = 12
199615 [main] DEBUG main.Driver.WebDriverFactory - getDriver: Current url: https://testun.com.ua/conference/create
199619 [main] INFO  m.Driver.MyWebDriverEventListener - WebDriver navigating to:'https://testun.com.ua/sys/sys/test_cookie_key'
199872 [main] INFO  m.Driver.MyWebDriverEventListener - WebDriver navigating to:'https://testun.com.ua/'
206980 [main] ERROR m.Driver.MyWebDriverEventListener - ________________________________________________________________________________________________________________
206981 [main] ERROR m.Driver.MyWebDriverEventListener - WebDriver error: Element not found By.selector: .button.js_main_lang
206981 [main] ERROR m.Driver.MyWebDriverEventListener - ________________________________________________________________________________________________________________
206984 [main] INFO  test.java.LogTest - >>>>>>>>>>@AfterMethod<<<<<<<<<
207019 [main] INFO  test.java.LogTest - >>>>>>>>>>@AfterMethod<<<<<<<<<
207041 [main] INFO  test.java.LogTest - >>>>>>>>>>@AfterMethod<<<<<<<<<
207062 [main] INFO  test.java.LogTest - >>>>>>>>>>@AfterMethod<<<<<<<<<
207092 [main] INFO  test.java.LogTest - >>>>>>>>>>@AfterMethod<<<<<<<<<
207124 [main] INFO  test.java.LogTest - >>>>>>>>>>@AfterMethod<<<<<<<<<
207153 [main] INFO  test.java.LogTest - >>>>>>>>>>@AfterMethod<<<<<<<<<
207186 [main] INFO  test.java.LogTest - >>>>>>>>>>@AfterMethod<<<<<<<<<
207208 [main] INFO  test.java.LogTest - >>>>>>>>>>@AfterMethod<<<<<<<<<
207243 [main] INFO  test.java.LogTest - >>>>>>>>>>@AfterMethod<<<<<<<<<
207274 [main] INFO  test.java.LogTest - >>>>>>>>>>@AfterMethod<<<<<<<<<
207302 [main] INFO  test.java.LogTest - >>>>>>>>>>@AfterMethod<<<<<<<<<
207332 [main] INFO  test.java.LogTest - >>>>>>>>>>@AfterMethod<<<<<<<<<
207365 [main] INFO  test.java.LogTest - >>>>>>>>>>@AfterMethod<<<<<<<<<
207401 [main] INFO  test.java.LogTest - >>>>>>>>>>@AfterMethod<<<<<<<<<
207428 [main] INFO  test.java.LogTest - >>>>>>>>>>@AfterMethod<<<<<<<<<
207453 [main] INFO  test.java.LogTest - >>>>>>>>>>@AfterMethod<<<<<<<<<
207473 [main] INFO  test.java.LogTest - >>>>>>>>>>@AfterMethod<<<<<<<<<
207500 [main] INFO  test.java.LogTest - >>>>>>>>>>@AfterMethod<<<<<<<<<
207526 [main] INFO  test.java.LogTest - >>>>>>>>>>@AfterMethod<<<<<<<<<
207547 [main] INFO  test.java.LogTest - >>>>>>>>>>@AfterMethod<<<<<<<<<
207582 [main] INFO  test.java.LogTest - >>>>>>>>>>@AfterMethod<<<<<<<<<
207791 [Thread-0] DEBUG main.Driver.WebDriverFactory - Killing driver 
362  [main] INFO  test.java.LogTest - ______________________________________class test.java.LogTest______________________________________
371  [main] DEBUG main.Driver.WebDriverFactory - Requested driver: Capabilities [{browserName=firefox}]:null. Driver uses count = 1
3655 [main] INFO  m.Driver.MyWebDriverEventListener - WebDriver navigating to:'https://testun.com.ua/sys/sys/test_cookie_key'
4373 [main] INFO  m.Driver.MyWebDriverEventListener - WebDriver navigating to:'https://testun.com.ua/'
8841 [main] DEBUG m.Driver.MyWebDriverEventListener - Webdriver will click on element tag:a |id:  |text: ('English')
11442 [main] DEBUG m.Driver.MyWebDriverEventListener - hope Webdriver clicked on element tag:a |id:  |text: ('English')
11551 [main] INFO  test.java.LogTest - ------------------------waitForPageLoaded true
11657 [main] DEBUG m.Driver.MyWebDriverEventListener - Webdriver will click on element tag:a |id:  |text: ('Русский')
11900 [main] DEBUG m.Driver.MyWebDriverEventListener - hope Webdriver clicked on element tag:a |id:  |text: ('Русский')
12702 [main] INFO  test.java.LogTest - ------------------------waitForPageLoaded true
12727 [main] INFO  test.java.LogTest - _______________________Test = loginFBHangoutPopup_______________________
12732 [main] INFO  m.Driver.MyWebDriverEventListener - WebDriver navigating to:'https://testun.com.ua//search'
13647 [main] DEBUG m.Driver.MyWebDriverEventListener - Webdriver will click on element tag:a |id:  |text: ('23 октября 2014 в 12:48
2
Doctor Who
4
Бесплатно')
14687 [main] DEBUG m.Driver.MyWebDriverEventListener - hope Webdriver clicked on element tag:a |id:  |text: ('23 октября 2014 в 12:48
2
Doctor Who
4
Бесплатно')
15066 [main] DEBUG m.Driver.MyWebDriverEventListener - Webdriver will click on element tag:a |id: original_subscribe |text: ('Принять участие | Бесплатно')
15992 [main] DEBUG m.Driver.MyWebDriverEventListener - hope Webdriver clicked on element tag:a |id: original_subscribe |text: ('Принять участие | Бесплатно')
16058 [main] DEBUG m.Driver.MyWebDriverEventListener - Webdriver will click on element tag:a |id:  |text: ('войдите')
16455 [main] DEBUG m.Driver.MyWebDriverEventListener - hope Webdriver clicked on element tag:a |id:  |text: ('войдите')
16556 [main] DEBUG m.Driver.MyWebDriverEventListener - Webdriver will click on element tag:a |id:  |text: ('Вход через Facebook')
17507 [main] DEBUG m.Driver.MyWebDriverEventListener - hope Webdriver clicked on element tag:a |id:  |text: ('Вход через Facebook')
19098 [main] DEBUG m.Driver.MyWebDriverEventListener - WebDriver changing value in element found By.id: email from 'tag:input |id: email |text: ('')
20315 [main] DEBUG m.Driver.MyWebDriverEventListener - WebDriver changing value in element found By.id: email from 'tag:input |id: email |text: ('')
20371 [main] DEBUG m.Driver.MyWebDriverEventListener - WebDriver changing value in element found By.id: pass from 'tag:input |id: pass |text: ('')
20811 [main] DEBUG m.Driver.MyWebDriverEventListener - WebDriver changing value in element found By.id: pass from 'tag:input |id: pass |text: ('')
20887 [main] DEBUG m.Driver.MyWebDriverEventListener - Webdriver will click on element tag:input |id: u_0_1 |text: ('')
21501 [main] DEBUG m.Driver.MyWebDriverEventListener - hope Webdriver clicked on element tag:input |id: u_0_1 |text: ('')
24602 [main] DEBUG m.Driver.MyWebDriverEventListener - Webdriver will click on element tag:a |id: js__menuTrigger |text: ('')
25684 [main] DEBUG m.Driver.MyWebDriverEventListener - hope Webdriver clicked on element tag:a |id: js__menuTrigger |text: ('')
25711 [main] INFO  test.java.LogTest - ------------------------waitForPageLoaded true
25716 [main] INFO  test.java.LogTest - Assert that user Vaska Ivanov takes part in conference
25861 [main] DEBUG m.Driver.MyWebDriverEventListener - Webdriver will click on element tag:a |id:  |text: ('')
27440 [main] DEBUG m.Driver.MyWebDriverEventListener - hope Webdriver clicked on element tag:a |id:  |text: ('')
27617 [main] DEBUG m.Driver.MyWebDriverEventListener - Webdriver will click on element tag:span |id:  |text: ('Выйти')
27880 [main] DEBUG m.Driver.MyWebDriverEventListener - hope Webdriver clicked on element tag:span |id:  |text: ('Выйти')
27888 [main] INFO  test.java.LogTest - ------------------------waitForPageLoaded false
30086 [main] INFO  m.Driver.MyWebDriverEventListener - WebDriver navigating to:'https://www.facebook.com/'
32631 [main] INFO  test.java.LogTest - >>>>>>>>>>@AfterMethod<<<<<<<<<
35154 [Thread-0] DEBUG main.Driver.WebDriverFactory - Killing driver 
364  [main] INFO  test.java.LogTest - ______________________________________class test.java.LogTest______________________________________
373  [main] DEBUG main.Driver.WebDriverFactory - Requested driver: Capabilities [{browserName=firefox}]:null. Driver uses count = 1
3581 [main] INFO  m.Driver.MyWebDriverEventListener - WebDriver navigating to:'https://testun.com.ua/sys/sys/test_cookie_key'
4269 [main] INFO  m.Driver.MyWebDriverEventListener - WebDriver navigating to:'https://testun.com.ua/'
8312 [main] DEBUG m.Driver.MyWebDriverEventListener - Webdriver will click on element tag:a |id:  |text: ('English')
10904 [main] DEBUG m.Driver.MyWebDriverEventListener - hope Webdriver clicked on element tag:a |id:  |text: ('English')
11019 [main] INFO  test.java.LogTest - ------------------------waitForPageLoaded true
11096 [main] DEBUG m.Driver.MyWebDriverEventListener - Webdriver will click on element tag:a |id:  |text: ('Русский')
11329 [main] DEBUG m.Driver.MyWebDriverEventListener - hope Webdriver clicked on element tag:a |id:  |text: ('Русский')
12055 [main] INFO  test.java.LogTest - ------------------------waitForPageLoaded true
12083 [main] INFO  test.java.LogTest - _______________________Test = loginFromVideoPay _______________________
12088 [main] INFO  m.Driver.MyWebDriverEventListener - WebDriver navigating to:'https://testun.com.ua//pricing'
15972 [main] ERROR m.Driver.MyWebDriverEventListener - ________________________________________________________________________________________________________________
15972 [main] ERROR m.Driver.MyWebDriverEventListener - WebDriver error: Element not found By.selector: .button.button_primary.button_block.button_big.js_no_link.js_this_signup.js_additional
15972 [main] ERROR m.Driver.MyWebDriverEventListener - ________________________________________________________________________________________________________________
15976 [main] INFO  test.java.LogTest - >>>>>>>>>>@AfterMethod<<<<<<<<<
16072 [Thread-0] DEBUG main.Driver.WebDriverFactory - Killing driver 
18157 [Thread-0] ERROR m.Driver.MyWebDriverEventListener - ________________________________________________________________________________________________________________
18162 [Thread-0] ERROR m.Driver.MyWebDriverEventListener - WebDriver error:
org.openqa.selenium.remote.UnreachableBrowserException: Error communicating with the remote browser. It may have died.
Build info: version: '2.42.2', revision: '6a6995d', time: '2014-06-03 17:42:03'
System info: host: 'alexandra-System-Product-Name', ip: '127.0.1.1', os.name: 'Linux', os.arch: 'amd64', os.version: '3.2.0-23-generic', java.version: '1.7.0_60'
Driver info: driver.version: EventFiringWebDriver
	at org.openqa.selenium.remote.RemoteWebDriver.execute(RemoteWebDriver.java:593) ~[selenium-server-standalone-2.42.2.jar:na]
	at org.openqa.selenium.remote.RemoteWebDriver.execute(RemoteWebDriver.java:614) ~[selenium-server-standalone-2.42.2.jar:na]
	at org.openqa.selenium.remote.RemoteWebDriver.quit(RemoteWebDriver.java:468) ~[selenium-server-standalone-2.42.2.jar:na]
	at sun.reflect.NativeMethodAccessorImpl.invoke0(Native Method) ~[na:1.7.0_60]
	at sun.reflect.NativeMethodAccessorImpl.invoke(NativeMethodAccessorImpl.java:57) ~[na:1.7.0_60]
	at sun.reflect.DelegatingMethodAccessorImpl.invoke(DelegatingMethodAccessorImpl.java:43) ~[na:1.7.0_60]
	at java.lang.reflect.Method.invoke(Method.java:606) ~[na:1.7.0_60]
	at org.openqa.selenium.support.events.EventFiringWebDriver$2.invoke(EventFiringWebDriver.java:101) ~[selenium-server-standalone-2.42.2.jar:na]
	at com.sun.proxy.$Proxy10.quit(Unknown Source) ~[na:na]
	at org.openqa.selenium.support.events.EventFiringWebDriver.quit(EventFiringWebDriver.java:198) ~[selenium-server-standalone-2.42.2.jar:na]
	at main.Driver.WebDriverFactory.dismissDriver(WebDriverFactory.java:98) ~[classes/:na]
	at main.Driver.WebDriverFactory$1.run(WebDriverFactory.java:164) ~[classes/:na]
Caused by: org.apache.http.NoHttpResponseException: The target server failed to respond
	at org.apache.http.impl.conn.DefaultHttpResponseParser.parseHead(DefaultHttpResponseParser.java:143) ~[selenium-server-standalone-2.42.2.jar:na]
	at org.apache.http.impl.conn.DefaultHttpResponseParser.parseHead(DefaultHttpResponseParser.java:57) ~[selenium-server-standalone-2.42.2.jar:na]
	at org.apache.http.impl.io.AbstractMessageParser.parse(AbstractMessageParser.java:260) ~[selenium-server-standalone-2.42.2.jar:na]
	at org.apache.http.impl.DefaultBHttpClientConnection.receiveResponseHeader(DefaultBHttpClientConnection.java:161) ~[selenium-server-standalone-2.42.2.jar:na]
	at sun.reflect.GeneratedMethodAccessor7.invoke(Unknown Source) ~[na:na]
	at sun.reflect.DelegatingMethodAccessorImpl.invoke(DelegatingMethodAccessorImpl.java:43) ~[na:1.7.0_60]
	at java.lang.reflect.Method.invoke(Method.java:606) ~[na:1.7.0_60]
	at org.apache.http.impl.conn.CPoolProxy.invoke(CPoolProxy.java:138) ~[selenium-server-standalone-2.42.2.jar:na]
	at com.sun.proxy.$Proxy7.receiveResponseHeader(Unknown Source) ~[na:na]
	at org.apache.http.protocol.HttpRequestExecutor.doReceiveResponse(HttpRequestExecutor.java:271) ~[selenium-server-standalone-2.42.2.jar:na]
	at org.apache.http.protocol.HttpRequestExecutor.execute(HttpRequestExecutor.java:123) ~[selenium-server-standalone-2.42.2.jar:na]
	at org.apache.http.impl.execchain.MainClientExec.execute(MainClientExec.java:254) ~[selenium-server-standalone-2.42.2.jar:na]
	at org.apache.http.impl.execchain.ProtocolExec.execute(ProtocolExec.java:195) ~[selenium-server-standalone-2.42.2.jar:na]
	at org.apache.http.impl.execchain.RetryExec.execute(RetryExec.java:85) ~[selenium-server-standalone-2.42.2.jar:na]
	at org.apache.http.impl.execchain.RedirectExec.execute(RedirectExec.java:108) ~[selenium-server-standalone-2.42.2.jar:na]
	at org.apache.http.impl.client.InternalHttpClient.doExecute(InternalHttpClient.java:186) ~[selenium-server-standalone-2.42.2.jar:na]
	at org.apache.http.impl.client.CloseableHttpClient.execute(CloseableHttpClient.java:72) ~[selenium-server-standalone-2.42.2.jar:na]
	at org.apache.http.impl.client.CloseableHttpClient.execute(CloseableHttpClient.java:57) ~[selenium-server-standalone-2.42.2.jar:na]
	at org.openqa.selenium.remote.HttpCommandExecutor.fallBackExecute(HttpCommandExecutor.java:222) ~[selenium-server-standalone-2.42.2.jar:na]
	at org.openqa.selenium.remote.HttpCommandExecutor.execute(HttpCommandExecutor.java:173) ~[selenium-server-standalone-2.42.2.jar:na]
	at org.openqa.selenium.firefox.internal.NewProfileExtensionConnection.execute(NewProfileExtensionConnection.java:165) ~[selenium-server-standalone-2.42.2.jar:na]
	at org.openqa.selenium.firefox.FirefoxDriver$LazyCommandExecutor.execute(FirefoxDriver.java:362) ~[selenium-server-standalone-2.42.2.jar:na]
	at org.openqa.selenium.remote.RemoteWebDriver.execute(RemoteWebDriver.java:572) ~[selenium-server-standalone-2.42.2.jar:na]
	... 11 common frames omitted
18162 [Thread-0] ERROR m.Driver.MyWebDriverEventListener - ________________________________________________________________________________________________________________
18163 [Thread-0] WARN  main.Driver.WebDriverFactory - Driver killing error
org.openqa.selenium.remote.SessionNotFoundException: The FirefoxDriver cannot be used after quit() was called.
Build info: version: '2.42.2', revision: '6a6995d', time: '2014-06-03 17:42:03'
System info: host: 'alexandra-System-Product-Name', ip: '127.0.1.1', os.name: 'Linux', os.arch: 'amd64', os.version: '3.2.0-23-generic', java.version: '1.7.0_60'
Driver info: driver.version: EventFiringWebDriver
	at org.openqa.selenium.firefox.FirefoxDriver$LazyCommandExecutor.execute(FirefoxDriver.java:359) ~[selenium-server-standalone-2.42.2.jar:na]
	at org.openqa.selenium.remote.RemoteWebDriver.execute(RemoteWebDriver.java:572) ~[selenium-server-standalone-2.42.2.jar:na]
	at org.openqa.selenium.remote.RemoteWebDriver.executeScript(RemoteWebDriver.java:508) ~[selenium-server-standalone-2.42.2.jar:na]
	at main.Driver.MyWebDriverEventListener.onException(MyWebDriverEventListener.java:65) ~[classes/:na]
	at sun.reflect.NativeMethodAccessorImpl.invoke0(Native Method) ~[na:1.7.0_60]
	at sun.reflect.NativeMethodAccessorImpl.invoke(NativeMethodAccessorImpl.java:57) ~[na:1.7.0_60]
	at sun.reflect.DelegatingMethodAccessorImpl.invoke(DelegatingMethodAccessorImpl.java:43) ~[na:1.7.0_60]
	at java.lang.reflect.Method.invoke(Method.java:606) ~[na:1.7.0_60]
	at org.openqa.selenium.support.events.EventFiringWebDriver$1.invoke(EventFiringWebDriver.java:78) ~[selenium-server-standalone-2.42.2.jar:na]
	at com.sun.proxy.$Proxy9.onException(Unknown Source) ~[na:na]
	at org.openqa.selenium.support.events.EventFiringWebDriver$2.invoke(EventFiringWebDriver.java:103) ~[selenium-server-standalone-2.42.2.jar:na]
	at com.sun.proxy.$Proxy10.quit(Unknown Source) ~[na:na]
	at org.openqa.selenium.support.events.EventFiringWebDriver.quit(EventFiringWebDriver.java:198) ~[selenium-server-standalone-2.42.2.jar:na]
	at main.Driver.WebDriverFactory.dismissDriver(WebDriverFactory.java:98) ~[classes/:na]
	at main.Driver.WebDriverFactory$1.run(WebDriverFactory.java:164) [classes/:na]
365  [main] INFO  test.java.LogTest - ______________________________________class test.java.LogTest______________________________________
374  [main] DEBUG main.Driver.WebDriverFactory - Requested driver: Capabilities [{browserName=firefox}]:null. Driver uses count = 1
3637 [main] INFO  m.Driver.MyWebDriverEventListener - WebDriver navigating to:'https://testun.com.ua/sys/sys/test_cookie_key'
4341 [main] INFO  m.Driver.MyWebDriverEventListener - WebDriver navigating to:'https://testun.com.ua/'
7572 [main] DEBUG m.Driver.MyWebDriverEventListener - Webdriver will click on element tag:a |id:  |text: ('English')
10187 [main] DEBUG m.Driver.MyWebDriverEventListener - hope Webdriver clicked on element tag:a |id:  |text: ('English')
10299 [main] INFO  test.java.LogTest - ------------------------waitForPageLoaded true
10400 [main] DEBUG m.Driver.MyWebDriverEventListener - Webdriver will click on element tag:a |id:  |text: ('Русский')
10640 [main] DEBUG m.Driver.MyWebDriverEventListener - hope Webdriver clicked on element tag:a |id:  |text: ('Русский')
11399 [main] INFO  test.java.LogTest - ------------------------waitForPageLoaded true
11527 [main] INFO  test.java.LogTest - _______________________Test = loginFromVideoPay _______________________
11533 [main] INFO  m.Driver.MyWebDriverEventListener - WebDriver navigating to:'https://testun.com.ua//pricing'
12646 [main] DEBUG m.Driver.MyWebDriverEventListener - Webdriver will click on element tag:a |id:  |text: ('ПОПРОБОВАТЬ')
14792 [main] DEBUG m.Driver.MyWebDriverEventListener - hope Webdriver clicked on element tag:a |id:  |text: ('ПОПРОБОВАТЬ')
14797 [main] INFO  test.java.LogTest - ------------------------waitForPageLoaded true
14903 [main] DEBUG m.Driver.MyWebDriverEventListener - Webdriver will click on element tag:a |id:  |text: ('войдите')
15979 [main] DEBUG m.Driver.MyWebDriverEventListener - hope Webdriver clicked on element tag:a |id:  |text: ('войдите')
16093 [main] DEBUG m.Driver.MyWebDriverEventListener - WebDriver changing value in element found By.id: login_email from 'tag:input |id: login_email |text: ('')
17262 [main] DEBUG m.Driver.MyWebDriverEventListener - WebDriver changing value in element found By.id: login_email from 'tag:input |id: login_email |text: ('')
17324 [main] DEBUG m.Driver.MyWebDriverEventListener - WebDriver changing value in element found By.id: login_password from 'tag:input |id: login_password |text: ('')
17966 [main] DEBUG m.Driver.MyWebDriverEventListener - WebDriver changing value in element found By.id: login_password from 'tag:input |id: login_password |text: ('')
18042 [main] DEBUG m.Driver.MyWebDriverEventListener - Webdriver will click on element tag:input |id: login_button |text: ('')
18411 [main] DEBUG m.Driver.MyWebDriverEventListener - hope Webdriver clicked on element tag:input |id: login_button |text: ('')
19333 [main] DEBUG m.Driver.MyWebDriverEventListener - Webdriver will click on element tag:a |id: js__menuTrigger |text: ('')
21366 [main] DEBUG m.Driver.MyWebDriverEventListener - hope Webdriver clicked on element tag:a |id: js__menuTrigger |text: ('')
21628 [main] DEBUG m.Driver.MyWebDriverEventListener - Webdriver will click on element tag:a |id:  |text: ('')
23255 [main] DEBUG m.Driver.MyWebDriverEventListener - hope Webdriver clicked on element tag:a |id:  |text: ('')
23348 [main] DEBUG m.Driver.MyWebDriverEventListener - Webdriver will click on element tag:span |id:  |text: ('Выйти')
23617 [main] DEBUG m.Driver.MyWebDriverEventListener - hope Webdriver clicked on element tag:span |id:  |text: ('Выйти')
24372 [main] INFO  test.java.LogTest - ------------------------waitForPageLoaded true
24637 [main] INFO  test.java.LogTest - >>>>>>>>>>@AfterMethod<<<<<<<<<
24714 [Thread-0] DEBUG main.Driver.WebDriverFactory - Killing driver 
26870 [Thread-0] ERROR m.Driver.MyWebDriverEventListener - ________________________________________________________________________________________________________________
26875 [Thread-0] ERROR m.Driver.MyWebDriverEventListener - WebDriver error:
org.openqa.selenium.remote.UnreachableBrowserException: Error communicating with the remote browser. It may have died.
Build info: version: '2.42.2', revision: '6a6995d', time: '2014-06-03 17:42:03'
System info: host: 'alexandra-System-Product-Name', ip: '127.0.1.1', os.name: 'Linux', os.arch: 'amd64', os.version: '3.2.0-23-generic', java.version: '1.7.0_60'
Driver info: driver.version: EventFiringWebDriver
	at org.openqa.selenium.remote.RemoteWebDriver.execute(RemoteWebDriver.java:593) ~[selenium-server-standalone-2.42.2.jar:na]
	at org.openqa.selenium.remote.RemoteWebDriver.execute(RemoteWebDriver.java:614) ~[selenium-server-standalone-2.42.2.jar:na]
	at org.openqa.selenium.remote.RemoteWebDriver.quit(RemoteWebDriver.java:468) ~[selenium-server-standalone-2.42.2.jar:na]
	at sun.reflect.NativeMethodAccessorImpl.invoke0(Native Method) ~[na:1.7.0_60]
	at sun.reflect.NativeMethodAccessorImpl.invoke(NativeMethodAccessorImpl.java:57) ~[na:1.7.0_60]
	at sun.reflect.DelegatingMethodAccessorImpl.invoke(DelegatingMethodAccessorImpl.java:43) ~[na:1.7.0_60]
	at java.lang.reflect.Method.invoke(Method.java:606) ~[na:1.7.0_60]
	at org.openqa.selenium.support.events.EventFiringWebDriver$2.invoke(EventFiringWebDriver.java:101) ~[selenium-server-standalone-2.42.2.jar:na]
	at com.sun.proxy.$Proxy10.quit(Unknown Source) ~[na:na]
	at org.openqa.selenium.support.events.EventFiringWebDriver.quit(EventFiringWebDriver.java:198) ~[selenium-server-standalone-2.42.2.jar:na]
	at main.Driver.WebDriverFactory.dismissDriver(WebDriverFactory.java:98) ~[classes/:na]
	at main.Driver.WebDriverFactory$1.run(WebDriverFactory.java:164) ~[classes/:na]
Caused by: org.apache.http.NoHttpResponseException: The target server failed to respond
	at org.apache.http.impl.conn.DefaultHttpResponseParser.parseHead(DefaultHttpResponseParser.java:143) ~[selenium-server-standalone-2.42.2.jar:na]
	at org.apache.http.impl.conn.DefaultHttpResponseParser.parseHead(DefaultHttpResponseParser.java:57) ~[selenium-server-standalone-2.42.2.jar:na]
	at org.apache.http.impl.io.AbstractMessageParser.parse(AbstractMessageParser.java:260) ~[selenium-server-standalone-2.42.2.jar:na]
	at org.apache.http.impl.DefaultBHttpClientConnection.receiveResponseHeader(DefaultBHttpClientConnection.java:161) ~[selenium-server-standalone-2.42.2.jar:na]
	at sun.reflect.GeneratedMethodAccessor7.invoke(Unknown Source) ~[na:na]
	at sun.reflect.DelegatingMethodAccessorImpl.invoke(DelegatingMethodAccessorImpl.java:43) ~[na:1.7.0_60]
	at java.lang.reflect.Method.invoke(Method.java:606) ~[na:1.7.0_60]
	at org.apache.http.impl.conn.CPoolProxy.invoke(CPoolProxy.java:138) ~[selenium-server-standalone-2.42.2.jar:na]
	at com.sun.proxy.$Proxy7.receiveResponseHeader(Unknown Source) ~[na:na]
	at org.apache.http.protocol.HttpRequestExecutor.doReceiveResponse(HttpRequestExecutor.java:271) ~[selenium-server-standalone-2.42.2.jar:na]
	at org.apache.http.protocol.HttpRequestExecutor.execute(HttpRequestExecutor.java:123) ~[selenium-server-standalone-2.42.2.jar:na]
	at org.apache.http.impl.execchain.MainClientExec.execute(MainClientExec.java:254) ~[selenium-server-standalone-2.42.2.jar:na]
	at org.apache.http.impl.execchain.ProtocolExec.execute(ProtocolExec.java:195) ~[selenium-server-standalone-2.42.2.jar:na]
	at org.apache.http.impl.execchain.RetryExec.execute(RetryExec.java:85) ~[selenium-server-standalone-2.42.2.jar:na]
	at org.apache.http.impl.execchain.RedirectExec.execute(RedirectExec.java:108) ~[selenium-server-standalone-2.42.2.jar:na]
	at org.apache.http.impl.client.InternalHttpClient.doExecute(InternalHttpClient.java:186) ~[selenium-server-standalone-2.42.2.jar:na]
	at org.apache.http.impl.client.CloseableHttpClient.execute(CloseableHttpClient.java:72) ~[selenium-server-standalone-2.42.2.jar:na]
	at org.apache.http.impl.client.CloseableHttpClient.execute(CloseableHttpClient.java:57) ~[selenium-server-standalone-2.42.2.jar:na]
	at org.openqa.selenium.remote.HttpCommandExecutor.fallBackExecute(HttpCommandExecutor.java:222) ~[selenium-server-standalone-2.42.2.jar:na]
	at org.openqa.selenium.remote.HttpCommandExecutor.execute(HttpCommandExecutor.java:173) ~[selenium-server-standalone-2.42.2.jar:na]
	at org.openqa.selenium.firefox.internal.NewProfileExtensionConnection.execute(NewProfileExtensionConnection.java:165) ~[selenium-server-standalone-2.42.2.jar:na]
	at org.openqa.selenium.firefox.FirefoxDriver$LazyCommandExecutor.execute(FirefoxDriver.java:362) ~[selenium-server-standalone-2.42.2.jar:na]
	at org.openqa.selenium.remote.RemoteWebDriver.execute(RemoteWebDriver.java:572) ~[selenium-server-standalone-2.42.2.jar:na]
	... 11 common frames omitted
26875 [Thread-0] ERROR m.Driver.MyWebDriverEventListener - ________________________________________________________________________________________________________________
26876 [Thread-0] WARN  main.Driver.WebDriverFactory - Driver killing error
org.openqa.selenium.remote.SessionNotFoundException: The FirefoxDriver cannot be used after quit() was called.
Build info: version: '2.42.2', revision: '6a6995d', time: '2014-06-03 17:42:03'
System info: host: 'alexandra-System-Product-Name', ip: '127.0.1.1', os.name: 'Linux', os.arch: 'amd64', os.version: '3.2.0-23-generic', java.version: '1.7.0_60'
Driver info: driver.version: EventFiringWebDriver
	at org.openqa.selenium.firefox.FirefoxDriver$LazyCommandExecutor.execute(FirefoxDriver.java:359) ~[selenium-server-standalone-2.42.2.jar:na]
	at org.openqa.selenium.remote.RemoteWebDriver.execute(RemoteWebDriver.java:572) ~[selenium-server-standalone-2.42.2.jar:na]
	at org.openqa.selenium.remote.RemoteWebDriver.executeScript(RemoteWebDriver.java:508) ~[selenium-server-standalone-2.42.2.jar:na]
	at main.Driver.MyWebDriverEventListener.onException(MyWebDriverEventListener.java:65) ~[classes/:na]
	at sun.reflect.NativeMethodAccessorImpl.invoke0(Native Method) ~[na:1.7.0_60]
	at sun.reflect.NativeMethodAccessorImpl.invoke(NativeMethodAccessorImpl.java:57) ~[na:1.7.0_60]
	at sun.reflect.DelegatingMethodAccessorImpl.invoke(DelegatingMethodAccessorImpl.java:43) ~[na:1.7.0_60]
	at java.lang.reflect.Method.invoke(Method.java:606) ~[na:1.7.0_60]
	at org.openqa.selenium.support.events.EventFiringWebDriver$1.invoke(EventFiringWebDriver.java:78) ~[selenium-server-standalone-2.42.2.jar:na]
	at com.sun.proxy.$Proxy9.onException(Unknown Source) ~[na:na]
	at org.openqa.selenium.support.events.EventFiringWebDriver$2.invoke(EventFiringWebDriver.java:103) ~[selenium-server-standalone-2.42.2.jar:na]
	at com.sun.proxy.$Proxy10.quit(Unknown Source) ~[na:na]
	at org.openqa.selenium.support.events.EventFiringWebDriver.quit(EventFiringWebDriver.java:198) ~[selenium-server-standalone-2.42.2.jar:na]
	at main.Driver.WebDriverFactory.dismissDriver(WebDriverFactory.java:98) ~[classes/:na]
	at main.Driver.WebDriverFactory$1.run(WebDriverFactory.java:164) [classes/:na]
364  [main] INFO  test.java.LogTest - ______________________________________class test.java.LogTest______________________________________
373  [main] DEBUG main.Driver.WebDriverFactory - Requested driver: Capabilities [{browserName=firefox}]:null. Driver uses count = 1
3688 [main] INFO  m.Driver.MyWebDriverEventListener - WebDriver navigating to:'https://testun.com.ua/sys/sys/test_cookie_key'
4446 [main] INFO  m.Driver.MyWebDriverEventListener - WebDriver navigating to:'https://testun.com.ua/'
8196 [main] INFO  test.java.LogTest - >>>>>>>>>>@AfterMethod<<<<<<<<<
8285 [Thread-0] DEBUG main.Driver.WebDriverFactory - Killing driver 
10365 [Thread-0] ERROR m.Driver.MyWebDriverEventListener - ________________________________________________________________________________________________________________
10370 [Thread-0] ERROR m.Driver.MyWebDriverEventListener - WebDriver error:
org.openqa.selenium.remote.UnreachableBrowserException: Error communicating with the remote browser. It may have died.
Build info: version: '2.42.2', revision: '6a6995d', time: '2014-06-03 17:42:03'
System info: host: 'alexandra-System-Product-Name', ip: '127.0.1.1', os.name: 'Linux', os.arch: 'amd64', os.version: '3.2.0-23-generic', java.version: '1.7.0_60'
Driver info: driver.version: EventFiringWebDriver
	at org.openqa.selenium.remote.RemoteWebDriver.execute(RemoteWebDriver.java:593) ~[selenium-server-standalone-2.42.2.jar:na]
	at org.openqa.selenium.remote.RemoteWebDriver.execute(RemoteWebDriver.java:614) ~[selenium-server-standalone-2.42.2.jar:na]
	at org.openqa.selenium.remote.RemoteWebDriver.quit(RemoteWebDriver.java:468) ~[selenium-server-standalone-2.42.2.jar:na]
	at sun.reflect.NativeMethodAccessorImpl.invoke0(Native Method) ~[na:1.7.0_60]
	at sun.reflect.NativeMethodAccessorImpl.invoke(NativeMethodAccessorImpl.java:57) ~[na:1.7.0_60]
	at sun.reflect.DelegatingMethodAccessorImpl.invoke(DelegatingMethodAccessorImpl.java:43) ~[na:1.7.0_60]
	at java.lang.reflect.Method.invoke(Method.java:606) ~[na:1.7.0_60]
	at org.openqa.selenium.support.events.EventFiringWebDriver$2.invoke(EventFiringWebDriver.java:101) ~[selenium-server-standalone-2.42.2.jar:na]
	at com.sun.proxy.$Proxy10.quit(Unknown Source) ~[na:na]
	at org.openqa.selenium.support.events.EventFiringWebDriver.quit(EventFiringWebDriver.java:198) ~[selenium-server-standalone-2.42.2.jar:na]
	at main.Driver.WebDriverFactory.dismissDriver(WebDriverFactory.java:98) ~[classes/:na]
	at main.Driver.WebDriverFactory$1.run(WebDriverFactory.java:164) ~[classes/:na]
Caused by: org.apache.http.NoHttpResponseException: The target server failed to respond
	at org.apache.http.impl.conn.DefaultHttpResponseParser.parseHead(DefaultHttpResponseParser.java:143) ~[selenium-server-standalone-2.42.2.jar:na]
	at org.apache.http.impl.conn.DefaultHttpResponseParser.parseHead(DefaultHttpResponseParser.java:57) ~[selenium-server-standalone-2.42.2.jar:na]
	at org.apache.http.impl.io.AbstractMessageParser.parse(AbstractMessageParser.java:260) ~[selenium-server-standalone-2.42.2.jar:na]
	at org.apache.http.impl.DefaultBHttpClientConnection.receiveResponseHeader(DefaultBHttpClientConnection.java:161) ~[selenium-server-standalone-2.42.2.jar:na]
	at sun.reflect.NativeMethodAccessorImpl.invoke0(Native Method) ~[na:1.7.0_60]
	at sun.reflect.NativeMethodAccessorImpl.invoke(NativeMethodAccessorImpl.java:57) ~[na:1.7.0_60]
	at sun.reflect.DelegatingMethodAccessorImpl.invoke(DelegatingMethodAccessorImpl.java:43) ~[na:1.7.0_60]
	at java.lang.reflect.Method.invoke(Method.java:606) ~[na:1.7.0_60]
	at org.apache.http.impl.conn.CPoolProxy.invoke(CPoolProxy.java:138) ~[selenium-server-standalone-2.42.2.jar:na]
	at com.sun.proxy.$Proxy7.receiveResponseHeader(Unknown Source) ~[na:na]
	at org.apache.http.protocol.HttpRequestExecutor.doReceiveResponse(HttpRequestExecutor.java:271) ~[selenium-server-standalone-2.42.2.jar:na]
	at org.apache.http.protocol.HttpRequestExecutor.execute(HttpRequestExecutor.java:123) ~[selenium-server-standalone-2.42.2.jar:na]
	at org.apache.http.impl.execchain.MainClientExec.execute(MainClientExec.java:254) ~[selenium-server-standalone-2.42.2.jar:na]
	at org.apache.http.impl.execchain.ProtocolExec.execute(ProtocolExec.java:195) ~[selenium-server-standalone-2.42.2.jar:na]
	at org.apache.http.impl.execchain.RetryExec.execute(RetryExec.java:85) ~[selenium-server-standalone-2.42.2.jar:na]
	at org.apache.http.impl.execchain.RedirectExec.execute(RedirectExec.java:108) ~[selenium-server-standalone-2.42.2.jar:na]
	at org.apache.http.impl.client.InternalHttpClient.doExecute(InternalHttpClient.java:186) ~[selenium-server-standalone-2.42.2.jar:na]
	at org.apache.http.impl.client.CloseableHttpClient.execute(CloseableHttpClient.java:72) ~[selenium-server-standalone-2.42.2.jar:na]
	at org.apache.http.impl.client.CloseableHttpClient.execute(CloseableHttpClient.java:57) ~[selenium-server-standalone-2.42.2.jar:na]
	at org.openqa.selenium.remote.HttpCommandExecutor.fallBackExecute(HttpCommandExecutor.java:222) ~[selenium-server-standalone-2.42.2.jar:na]
	at org.openqa.selenium.remote.HttpCommandExecutor.execute(HttpCommandExecutor.java:173) ~[selenium-server-standalone-2.42.2.jar:na]
	at org.openqa.selenium.firefox.internal.NewProfileExtensionConnection.execute(NewProfileExtensionConnection.java:165) ~[selenium-server-standalone-2.42.2.jar:na]
	at org.openqa.selenium.firefox.FirefoxDriver$LazyCommandExecutor.execute(FirefoxDriver.java:362) ~[selenium-server-standalone-2.42.2.jar:na]
	at org.openqa.selenium.remote.RemoteWebDriver.execute(RemoteWebDriver.java:572) ~[selenium-server-standalone-2.42.2.jar:na]
	... 11 common frames omitted
10370 [Thread-0] ERROR m.Driver.MyWebDriverEventListener - ________________________________________________________________________________________________________________
10371 [Thread-0] WARN  main.Driver.WebDriverFactory - Driver killing error
org.openqa.selenium.remote.SessionNotFoundException: The FirefoxDriver cannot be used after quit() was called.
Build info: version: '2.42.2', revision: '6a6995d', time: '2014-06-03 17:42:03'
System info: host: 'alexandra-System-Product-Name', ip: '127.0.1.1', os.name: 'Linux', os.arch: 'amd64', os.version: '3.2.0-23-generic', java.version: '1.7.0_60'
Driver info: driver.version: EventFiringWebDriver
	at org.openqa.selenium.firefox.FirefoxDriver$LazyCommandExecutor.execute(FirefoxDriver.java:359) ~[selenium-server-standalone-2.42.2.jar:na]
	at org.openqa.selenium.remote.RemoteWebDriver.execute(RemoteWebDriver.java:572) ~[selenium-server-standalone-2.42.2.jar:na]
	at org.openqa.selenium.remote.RemoteWebDriver.executeScript(RemoteWebDriver.java:508) ~[selenium-server-standalone-2.42.2.jar:na]
	at main.Driver.MyWebDriverEventListener.onException(MyWebDriverEventListener.java:65) ~[classes/:na]
	at sun.reflect.NativeMethodAccessorImpl.invoke0(Native Method) ~[na:1.7.0_60]
	at sun.reflect.NativeMethodAccessorImpl.invoke(NativeMethodAccessorImpl.java:57) ~[na:1.7.0_60]
	at sun.reflect.DelegatingMethodAccessorImpl.invoke(DelegatingMethodAccessorImpl.java:43) ~[na:1.7.0_60]
	at java.lang.reflect.Method.invoke(Method.java:606) ~[na:1.7.0_60]
	at org.openqa.selenium.support.events.EventFiringWebDriver$1.invoke(EventFiringWebDriver.java:78) ~[selenium-server-standalone-2.42.2.jar:na]
	at com.sun.proxy.$Proxy9.onException(Unknown Source) ~[na:na]
	at org.openqa.selenium.support.events.EventFiringWebDriver$2.invoke(EventFiringWebDriver.java:103) ~[selenium-server-standalone-2.42.2.jar:na]
	at com.sun.proxy.$Proxy10.quit(Unknown Source) ~[na:na]
	at org.openqa.selenium.support.events.EventFiringWebDriver.quit(EventFiringWebDriver.java:198) ~[selenium-server-standalone-2.42.2.jar:na]
	at main.Driver.WebDriverFactory.dismissDriver(WebDriverFactory.java:98) ~[classes/:na]
	at main.Driver.WebDriverFactory$1.run(WebDriverFactory.java:164) [classes/:na]
364  [main] INFO  test.java.LogTest - ______________________________________class test.java.LogTest______________________________________
373  [main] DEBUG main.Driver.WebDriverFactory - Requested driver: Capabilities [{browserName=firefox}]:null. Driver uses count = 1
3617 [main] INFO  m.Driver.MyWebDriverEventListener - WebDriver navigating to:'https://testun.com.ua/sys/sys/test_cookie_key'
4341 [main] INFO  m.Driver.MyWebDriverEventListener - WebDriver navigating to:'https://testun.com.ua/'
7041 [main] DEBUG m.Driver.MyWebDriverEventListener - Webdriver will click on element tag:a |id:  |text: ('English')
9647 [main] DEBUG m.Driver.MyWebDriverEventListener - hope Webdriver clicked on element tag:a |id:  |text: ('English')
9760 [main] INFO  test.java.LogTest - ------------------------waitForPageLoaded true
9825 [main] DEBUG m.Driver.MyWebDriverEventListener - Webdriver will click on element tag:a |id:  |text: ('Русский')
10056 [main] DEBUG m.Driver.MyWebDriverEventListener - hope Webdriver clicked on element tag:a |id:  |text: ('Русский')
10694 [main] INFO  test.java.LogTest - ------------------------waitForPageLoaded true
10720 [main] INFO  test.java.LogTest - _______________________Test = loginFromVideoPay _______________________
10726 [main] INFO  m.Driver.MyWebDriverEventListener - WebDriver navigating to:'https://testun.com.ua//pricing'
11570 [main] DEBUG m.Driver.MyWebDriverEventListener - Webdriver will click on element tag:a |id:  |text: ('Попробовать')
13107 [main] DEBUG m.Driver.MyWebDriverEventListener - hope Webdriver clicked on element tag:a |id:  |text: ('Попробовать')
13219 [main] INFO  test.java.LogTest - ------------------------waitForPageLoaded true
13328 [main] DEBUG m.Driver.MyWebDriverEventListener - Webdriver will click on element tag:a |id:  |text: ('войдите')
14034 [main] DEBUG m.Driver.MyWebDriverEventListener - hope Webdriver clicked on element tag:a |id:  |text: ('войдите')
14143 [main] DEBUG m.Driver.MyWebDriverEventListener - WebDriver changing value in element found By.id: login_email from 'tag:input |id: login_email |text: ('')
15286 [main] DEBUG m.Driver.MyWebDriverEventListener - WebDriver changing value in element found By.id: login_email from 'tag:input |id: login_email |text: ('')
15350 [main] DEBUG m.Driver.MyWebDriverEventListener - WebDriver changing value in element found By.id: login_password from 'tag:input |id: login_password |text: ('')
15994 [main] DEBUG m.Driver.MyWebDriverEventListener - WebDriver changing value in element found By.id: login_password from 'tag:input |id: login_password |text: ('')
16071 [main] DEBUG m.Driver.MyWebDriverEventListener - Webdriver will click on element tag:input |id: login_button |text: ('')
16444 [main] DEBUG m.Driver.MyWebDriverEventListener - hope Webdriver clicked on element tag:input |id: login_button |text: ('')
17400 [main] DEBUG m.Driver.MyWebDriverEventListener - Webdriver will click on element tag:a |id: js__menuTrigger |text: ('')
19486 [main] DEBUG m.Driver.MyWebDriverEventListener - hope Webdriver clicked on element tag:a |id: js__menuTrigger |text: ('')
19557 [main] DEBUG m.Driver.MyWebDriverEventListener - Webdriver will click on element tag:a |id:  |text: ('')
21139 [main] DEBUG m.Driver.MyWebDriverEventListener - hope Webdriver clicked on element tag:a |id:  |text: ('')
21208 [main] DEBUG m.Driver.MyWebDriverEventListener - Webdriver will click on element tag:span |id:  |text: ('Выйти')
21481 [main] DEBUG m.Driver.MyWebDriverEventListener - hope Webdriver clicked on element tag:span |id:  |text: ('Выйти')
22245 [main] INFO  test.java.LogTest - ------------------------waitForPageLoaded true
22265 [main] INFO  test.java.LogTest - >>>>>>>>>>@AfterMethod<<<<<<<<<
22349 [Thread-0] DEBUG main.Driver.WebDriverFactory - Killing driver 
24475 [Thread-0] ERROR m.Driver.MyWebDriverEventListener - ________________________________________________________________________________________________________________
24485 [Thread-0] ERROR m.Driver.MyWebDriverEventListener - WebDriver error:
org.openqa.selenium.remote.UnreachableBrowserException: Error communicating with the remote browser. It may have died.
Build info: version: '2.42.2', revision: '6a6995d', time: '2014-06-03 17:42:03'
System info: host: 'alexandra-System-Product-Name', ip: '127.0.1.1', os.name: 'Linux', os.arch: 'amd64', os.version: '3.2.0-23-generic', java.version: '1.7.0_60'
Driver info: driver.version: EventFiringWebDriver
	at org.openqa.selenium.remote.RemoteWebDriver.execute(RemoteWebDriver.java:593) ~[selenium-server-standalone-2.42.2.jar:na]
	at org.openqa.selenium.remote.RemoteWebDriver.execute(RemoteWebDriver.java:614) ~[selenium-server-standalone-2.42.2.jar:na]
	at org.openqa.selenium.remote.RemoteWebDriver.quit(RemoteWebDriver.java:468) ~[selenium-server-standalone-2.42.2.jar:na]
	at sun.reflect.NativeMethodAccessorImpl.invoke0(Native Method) ~[na:1.7.0_60]
	at sun.reflect.NativeMethodAccessorImpl.invoke(NativeMethodAccessorImpl.java:57) ~[na:1.7.0_60]
	at sun.reflect.DelegatingMethodAccessorImpl.invoke(DelegatingMethodAccessorImpl.java:43) ~[na:1.7.0_60]
	at java.lang.reflect.Method.invoke(Method.java:606) ~[na:1.7.0_60]
	at org.openqa.selenium.support.events.EventFiringWebDriver$2.invoke(EventFiringWebDriver.java:101) ~[selenium-server-standalone-2.42.2.jar:na]
	at com.sun.proxy.$Proxy10.quit(Unknown Source) ~[na:na]
	at org.openqa.selenium.support.events.EventFiringWebDriver.quit(EventFiringWebDriver.java:198) ~[selenium-server-standalone-2.42.2.jar:na]
	at main.Driver.WebDriverFactory.dismissDriver(WebDriverFactory.java:98) ~[classes/:na]
	at main.Driver.WebDriverFactory$1.run(WebDriverFactory.java:164) ~[classes/:na]
Caused by: org.apache.http.NoHttpResponseException: The target server failed to respond
	at org.apache.http.impl.conn.DefaultHttpResponseParser.parseHead(DefaultHttpResponseParser.java:143) ~[selenium-server-standalone-2.42.2.jar:na]
	at org.apache.http.impl.conn.DefaultHttpResponseParser.parseHead(DefaultHttpResponseParser.java:57) ~[selenium-server-standalone-2.42.2.jar:na]
	at org.apache.http.impl.io.AbstractMessageParser.parse(AbstractMessageParser.java:260) ~[selenium-server-standalone-2.42.2.jar:na]
	at org.apache.http.impl.DefaultBHttpClientConnection.receiveResponseHeader(DefaultBHttpClientConnection.java:161) ~[selenium-server-standalone-2.42.2.jar:na]
	at sun.reflect.GeneratedMethodAccessor7.invoke(Unknown Source) ~[na:na]
	at sun.reflect.DelegatingMethodAccessorImpl.invoke(DelegatingMethodAccessorImpl.java:43) ~[na:1.7.0_60]
	at java.lang.reflect.Method.invoke(Method.java:606) ~[na:1.7.0_60]
	at org.apache.http.impl.conn.CPoolProxy.invoke(CPoolProxy.java:138) ~[selenium-server-standalone-2.42.2.jar:na]
	at com.sun.proxy.$Proxy7.receiveResponseHeader(Unknown Source) ~[na:na]
	at org.apache.http.protocol.HttpRequestExecutor.doReceiveResponse(HttpRequestExecutor.java:271) ~[selenium-server-standalone-2.42.2.jar:na]
	at org.apache.http.protocol.HttpRequestExecutor.execute(HttpRequestExecutor.java:123) ~[selenium-server-standalone-2.42.2.jar:na]
	at org.apache.http.impl.execchain.MainClientExec.execute(MainClientExec.java:254) ~[selenium-server-standalone-2.42.2.jar:na]
	at org.apache.http.impl.execchain.ProtocolExec.execute(ProtocolExec.java:195) ~[selenium-server-standalone-2.42.2.jar:na]
	at org.apache.http.impl.execchain.RetryExec.execute(RetryExec.java:85) ~[selenium-server-standalone-2.42.2.jar:na]
	at org.apache.http.impl.execchain.RedirectExec.execute(RedirectExec.java:108) ~[selenium-server-standalone-2.42.2.jar:na]
	at org.apache.http.impl.client.InternalHttpClient.doExecute(InternalHttpClient.java:186) ~[selenium-server-standalone-2.42.2.jar:na]
	at org.apache.http.impl.client.CloseableHttpClient.execute(CloseableHttpClient.java:72) ~[selenium-server-standalone-2.42.2.jar:na]
	at org.apache.http.impl.client.CloseableHttpClient.execute(CloseableHttpClient.java:57) ~[selenium-server-standalone-2.42.2.jar:na]
	at org.openqa.selenium.remote.HttpCommandExecutor.fallBackExecute(HttpCommandExecutor.java:222) ~[selenium-server-standalone-2.42.2.jar:na]
	at org.openqa.selenium.remote.HttpCommandExecutor.execute(HttpCommandExecutor.java:173) ~[selenium-server-standalone-2.42.2.jar:na]
	at org.openqa.selenium.firefox.internal.NewProfileExtensionConnection.execute(NewProfileExtensionConnection.java:165) ~[selenium-server-standalone-2.42.2.jar:na]
	at org.openqa.selenium.firefox.FirefoxDriver$LazyCommandExecutor.execute(FirefoxDriver.java:362) ~[selenium-server-standalone-2.42.2.jar:na]
	at org.openqa.selenium.remote.RemoteWebDriver.execute(RemoteWebDriver.java:572) ~[selenium-server-standalone-2.42.2.jar:na]
	... 11 common frames omitted
24486 [Thread-0] ERROR m.Driver.MyWebDriverEventListener - ________________________________________________________________________________________________________________
24487 [Thread-0] WARN  main.Driver.WebDriverFactory - Driver killing error
org.openqa.selenium.remote.SessionNotFoundException: The FirefoxDriver cannot be used after quit() was called.
Build info: version: '2.42.2', revision: '6a6995d', time: '2014-06-03 17:42:03'
System info: host: 'alexandra-System-Product-Name', ip: '127.0.1.1', os.name: 'Linux', os.arch: 'amd64', os.version: '3.2.0-23-generic', java.version: '1.7.0_60'
Driver info: driver.version: EventFiringWebDriver
	at org.openqa.selenium.firefox.FirefoxDriver$LazyCommandExecutor.execute(FirefoxDriver.java:359) ~[selenium-server-standalone-2.42.2.jar:na]
	at org.openqa.selenium.remote.RemoteWebDriver.execute(RemoteWebDriver.java:572) ~[selenium-server-standalone-2.42.2.jar:na]
	at org.openqa.selenium.remote.RemoteWebDriver.executeScript(RemoteWebDriver.java:508) ~[selenium-server-standalone-2.42.2.jar:na]
	at main.Driver.MyWebDriverEventListener.onException(MyWebDriverEventListener.java:65) ~[classes/:na]
	at sun.reflect.NativeMethodAccessorImpl.invoke0(Native Method) ~[na:1.7.0_60]
	at sun.reflect.NativeMethodAccessorImpl.invoke(NativeMethodAccessorImpl.java:57) ~[na:1.7.0_60]
	at sun.reflect.DelegatingMethodAccessorImpl.invoke(DelegatingMethodAccessorImpl.java:43) ~[na:1.7.0_60]
	at java.lang.reflect.Method.invoke(Method.java:606) ~[na:1.7.0_60]
	at org.openqa.selenium.support.events.EventFiringWebDriver$1.invoke(EventFiringWebDriver.java:78) ~[selenium-server-standalone-2.42.2.jar:na]
	at com.sun.proxy.$Proxy9.onException(Unknown Source) ~[na:na]
	at org.openqa.selenium.support.events.EventFiringWebDriver$2.invoke(EventFiringWebDriver.java:103) ~[selenium-server-standalone-2.42.2.jar:na]
	at com.sun.proxy.$Proxy10.quit(Unknown Source) ~[na:na]
	at org.openqa.selenium.support.events.EventFiringWebDriver.quit(EventFiringWebDriver.java:198) ~[selenium-server-standalone-2.42.2.jar:na]
	at main.Driver.WebDriverFactory.dismissDriver(WebDriverFactory.java:98) ~[classes/:na]
	at main.Driver.WebDriverFactory$1.run(WebDriverFactory.java:164) [classes/:na]
330  [main] INFO  test.java.LogTest - ______________________________________class test.java.LogTest______________________________________
339  [main] DEBUG main.Driver.WebDriverFactory - Requested driver: Capabilities [{browserName=firefox}]:null. Driver uses count = 1
3634 [main] INFO  m.Driver.MyWebDriverEventListener - WebDriver navigating to:'https://testun.com.ua/sys/sys/test_cookie_key'
4419 [main] INFO  m.Driver.MyWebDriverEventListener - WebDriver navigating to:'https://testun.com.ua/'
7675 [main] DEBUG m.Driver.MyWebDriverEventListener - Webdriver will click on element tag:a |id:  |text: ('English')
10283 [main] DEBUG m.Driver.MyWebDriverEventListener - hope Webdriver clicked on element tag:a |id:  |text: ('English')
10396 [main] INFO  test.java.LogTest - ------------------------waitForPageLoaded true
10495 [main] DEBUG m.Driver.MyWebDriverEventListener - Webdriver will click on element tag:a |id:  |text: ('Русский')
10741 [main] DEBUG m.Driver.MyWebDriverEventListener - hope Webdriver clicked on element tag:a |id:  |text: ('Русский')
11181 [main] INFO  test.java.LogTest - ------------------------waitForPageLoaded true
11375 [main] INFO  test.java.LogTest - _______________________________Test = googleValidLogin()_______________________________
11380 [main] INFO  m.Driver.MyWebDriverEventListener - WebDriver navigating to:'https://accounts.google.com'
11787 [main] INFO  m.Driver.MyWebDriverEventListener - WebDriver navigating to:'https://accounts.google.com'
15107 [main] DEBUG m.Driver.MyWebDriverEventListener - WebDriver changing value in element found By.id: Passwd from 'tag:input |id: Passwd |text: ('')
15677 [main] DEBUG m.Driver.MyWebDriverEventListener - WebDriver changing value in element found By.id: Passwd from 'tag:input |id: Passwd |text: ('')
15735 [main] DEBUG m.Driver.MyWebDriverEventListener - WebDriver changing value in element found By.id: Email from 'tag:input |id: Email |text: ('')
16888 [main] DEBUG m.Driver.MyWebDriverEventListener - WebDriver changing value in element found By.id: Email from 'tag:input |id: Email |text: ('')
16957 [main] DEBUG m.Driver.MyWebDriverEventListener - Webdriver will click on element tag:input |id: signIn |text: ('')
18242 [main] DEBUG m.Driver.MyWebDriverEventListener - hope Webdriver clicked on element tag:input |id: signIn |text: ('')
18742 [main] INFO  m.Driver.MyWebDriverEventListener - WebDriver navigating to:'https://testun.com.ua/'
19524 [main] DEBUG m.Driver.MyWebDriverEventListener - Webdriver will click on element tag:a |id: js_header_signin |text: ('Войти')
21470 [main] DEBUG m.Driver.MyWebDriverEventListener - hope Webdriver clicked on element tag:a |id: js_header_signin |text: ('Войти')
21479 [main] INFO  test.java.LogTest - ------------------------waitForPageLoaded true
21565 [main] DEBUG m.Driver.MyWebDriverEventListener - Webdriver will click on element tag:a |id:  |text: ('Вход через Google')
23856 [main] DEBUG m.Driver.MyWebDriverEventListener - hope Webdriver clicked on element tag:a |id:  |text: ('Вход через Google')
25428 [main] DEBUG m.Driver.MyWebDriverEventListener - Webdriver will click on element tag:a |id: js__menuTrigger |text: ('')
26972 [main] DEBUG m.Driver.MyWebDriverEventListener - hope Webdriver clicked on element tag:a |id: js__menuTrigger |text: ('')
27198 [main] DEBUG m.Driver.MyWebDriverEventListener - Webdriver will click on element tag:a |id:  |text: ('')
28803 [main] DEBUG m.Driver.MyWebDriverEventListener - hope Webdriver clicked on element tag:a |id:  |text: ('')
28881 [main] DEBUG m.Driver.MyWebDriverEventListener - Webdriver will click on element tag:span |id:  |text: ('Выйти')
29153 [main] DEBUG m.Driver.MyWebDriverEventListener - hope Webdriver clicked on element tag:span |id:  |text: ('Выйти')
29158 [main] INFO  test.java.LogTest - ------------------------waitForPageLoaded false
30027 [main] INFO  test.java.LogTest - ------------------------waitForPageLoaded true
30049 [main] INFO  m.Driver.MyWebDriverEventListener - WebDriver navigating to:'https://accounts.google.com'
31958 [main] INFO  test.java.LogTest - >>>>>>>>>>@AfterMethod<<<<<<<<<
31979 [main] ERROR test.java.LogTest - ----------------------------------------------------------------------js error----------------------------------------------------------------------
31979 [main] ERROR test.java.LogTest - javascript error 1.SyntaxError: Using //@ to indicate sourceURL pragmas is deprecated. Use //# instead [https://www.google.com/settings/_/scs/ac-static/_/js/k=ac.s2.ru.Q8Ke1rtoIiY.O/m=b2,s2_p/rt=j/d=1/t=zcms/rs=AD6RtdO5RL09X96EHEUxRi9UBw8nntDkWA:64]
31979 [main] ERROR test.java.LogTest - ----------------------------------------------------------------------js error----------------------------------------------------------------------
31999 [main] INFO  test.java.LogTest - ______________________________________class test.java.LogTest______________________________________
32000 [main] DEBUG main.Driver.WebDriverFactory - Requested driver: Capabilities [{browserName=firefox}]:null. Driver uses count = 2
32003 [main] DEBUG main.Driver.WebDriverFactory - getDriver: Current url: https://accounts.google.com/ServiceLogin?passive=1209600&osid=1&continue=https://www.google.com/settings/personalinfo&followup=https://www.google.com/settings/personalinfo
32007 [main] INFO  m.Driver.MyWebDriverEventListener - WebDriver navigating to:'https://testun.com.ua/sys/sys/test_cookie_key'
32185 [main] INFO  m.Driver.MyWebDriverEventListener - WebDriver navigating to:'https://testun.com.ua/'
36465 [main] INFO  test.java.LogTest - _______________________Test = googleValidLoginPopup_______________________
36657 [main] DEBUG m.Driver.MyWebDriverEventListener - Webdriver will click on element tag:a |id: js_header_signin |text: ('Войти')
39999 [main] DEBUG m.Driver.MyWebDriverEventListener - hope Webdriver clicked on element tag:a |id: js_header_signin |text: ('Войти')
40005 [main] INFO  test.java.LogTest - ------------------------waitForPageLoaded true
40109 [main] DEBUG m.Driver.MyWebDriverEventListener - Webdriver will click on element tag:a |id:  |text: ('Вход через Google')
42388 [main] DEBUG m.Driver.MyWebDriverEventListener - hope Webdriver clicked on element tag:a |id:  |text: ('Вход через Google')
43172 [main] DEBUG m.Driver.MyWebDriverEventListener - WebDriver changing value in element found By.id: Passwd from 'tag:input |id: Passwd |text: ('')
43821 [main] DEBUG m.Driver.MyWebDriverEventListener - WebDriver changing value in element found By.id: Passwd from 'tag:input |id: Passwd |text: ('')
43883 [main] DEBUG m.Driver.MyWebDriverEventListener - WebDriver changing value in element found By.id: Email from 'tag:input |id: Email |text: ('')
44555 [main] DEBUG m.Driver.MyWebDriverEventListener - WebDriver changing value in element found By.id: Email from 'tag:input |id: Email |text: ('')
44598 [main] DEBUG m.Driver.MyWebDriverEventListener - Webdriver will click on element tag:input |id: signIn |text: ('')
45224 [main] DEBUG m.Driver.MyWebDriverEventListener - hope Webdriver clicked on element tag:input |id: signIn |text: ('')
47732 [main] DEBUG m.Driver.MyWebDriverEventListener - Webdriver will click on element tag:a |id: js__menuTrigger |text: ('')
48839 [main] DEBUG m.Driver.MyWebDriverEventListener - hope Webdriver clicked on element tag:a |id: js__menuTrigger |text: ('')
48980 [main] DEBUG m.Driver.MyWebDriverEventListener - Webdriver will click on element tag:a |id:  |text: ('')
50575 [main] DEBUG m.Driver.MyWebDriverEventListener - hope Webdriver clicked on element tag:a |id:  |text: ('')
50748 [main] DEBUG m.Driver.MyWebDriverEventListener - Webdriver will click on element tag:span |id:  |text: ('Выйти')
51012 [main] DEBUG m.Driver.MyWebDriverEventListener - hope Webdriver clicked on element tag:span |id:  |text: ('Выйти')
51022 [main] INFO  test.java.LogTest - ------------------------waitForPageLoaded false
51651 [main] ERROR m.Driver.MyWebDriverEventListener - ________________________________________________________________________________________________________________
51656 [main] ERROR m.Driver.MyWebDriverEventListener - WebDriver error:
org.openqa.selenium.WebDriverException: window.jQuery is undefined
Command duration or timeout: 626 milliseconds
Build info: version: '2.42.2', revision: '6a6995d', time: '2014-06-03 17:42:03'
System info: host: 'alexandra-System-Product-Name', ip: '127.0.1.1', os.name: 'Linux', os.arch: 'amd64', os.version: '3.2.0-23-generic', java.version: '1.7.0_60'
Session ID: 48ed196c-26c4-4339-98fa-e742062cb144
Driver info: org.openqa.selenium.firefox.FirefoxDriver
Capabilities [{platform=LINUX, acceptSslCerts=true, javascriptEnabled=true, cssSelectorsEnabled=true, databaseEnabled=true, browserName=firefox, handlesAlerts=true, browserConnectionEnabled=true, webStorageEnabled=true, nativeEvents=true, rotatable=false, locationContextEnabled=true, applicationCacheEnabled=true, takesScreenshot=true, version=29.0}]
	at sun.reflect.NativeConstructorAccessorImpl.newInstance0(Native Method) ~[na:1.7.0_60]
	at sun.reflect.NativeConstructorAccessorImpl.newInstance(NativeConstructorAccessorImpl.java:57) ~[na:1.7.0_60]
	at sun.reflect.DelegatingConstructorAccessorImpl.newInstance(DelegatingConstructorAccessorImpl.java:45) ~[na:1.7.0_60]
	at java.lang.reflect.Constructor.newInstance(Constructor.java:526) ~[na:1.7.0_60]
	at org.openqa.selenium.remote.ErrorHandler.createThrowable(ErrorHandler.java:204) ~[selenium-server-standalone-2.42.2.jar:na]
	at org.openqa.selenium.remote.ErrorHandler.throwIfResponseFailed(ErrorHandler.java:156) ~[selenium-server-standalone-2.42.2.jar:na]
	at org.openqa.selenium.remote.RemoteWebDriver.execute(RemoteWebDriver.java:599) ~[selenium-server-standalone-2.42.2.jar:na]
	at org.openqa.selenium.remote.RemoteWebDriver.executeScript(RemoteWebDriver.java:508) ~[selenium-server-standalone-2.42.2.jar:na]
	at sun.reflect.NativeMethodAccessorImpl.invoke0(Native Method) ~[na:1.7.0_60]
	at sun.reflect.NativeMethodAccessorImpl.invoke(NativeMethodAccessorImpl.java:57) ~[na:1.7.0_60]
	at sun.reflect.DelegatingMethodAccessorImpl.invoke(DelegatingMethodAccessorImpl.java:43) ~[na:1.7.0_60]
	at java.lang.reflect.Method.invoke(Method.java:606) ~[na:1.7.0_60]
	at org.openqa.selenium.support.events.EventFiringWebDriver$2.invoke(EventFiringWebDriver.java:101) ~[selenium-server-standalone-2.42.2.jar:na]
	at com.sun.proxy.$Proxy10.executeScript(Unknown Source) ~[na:na]
	at org.openqa.selenium.support.events.EventFiringWebDriver.executeScript(EventFiringWebDriver.java:213) ~[selenium-server-standalone-2.42.2.jar:na]
	at main.pages.BaseClass$1.apply(BaseClass.java:159) ~[classes/:na]
	at main.pages.BaseClass$1.apply(BaseClass.java:1) ~[classes/:na]
	at org.openqa.selenium.support.ui.FluentWait.until(FluentWait.java:208) [selenium-server-standalone-2.42.2.jar:na]
	at main.pages.BaseClass.waitForPageLoaded(BaseClass.java:164) [classes/:na]
	at main.pages.BaseClass.exit(BaseClass.java:77) [classes/:na]
	at test.java.LogTest.googleValidLoginPopup(LogTest.java:168) [classes/:na]
	at sun.reflect.NativeMethodAccessorImpl.invoke0(Native Method) ~[na:1.7.0_60]
	at sun.reflect.NativeMethodAccessorImpl.invoke(NativeMethodAccessorImpl.java:57) ~[na:1.7.0_60]
	at sun.reflect.DelegatingMethodAccessorImpl.invoke(DelegatingMethodAccessorImpl.java:43) ~[na:1.7.0_60]
	at java.lang.reflect.Method.invoke(Method.java:606) ~[na:1.7.0_60]
	at org.testng.internal.MethodInvocationHelper.invokeMethod(MethodInvocationHelper.java:80) [testng.jar:6.9beta-201211201815]
	at org.testng.internal.Invoker.invokeMethod(Invoker.java:714) [testng.jar:6.9beta-201211201815]
	at org.testng.internal.Invoker.invokeTestMethod(Invoker.java:901) [testng.jar:6.9beta-201211201815]
	at org.testng.internal.Invoker.invokeTestMethods(Invoker.java:1231) [testng.jar:6.9beta-201211201815]
	at org.testng.internal.TestMethodWorker.invokeTestMethods(TestMethodWorker.java:128) [testng.jar:6.9beta-201211201815]
	at org.testng.internal.TestMethodWorker.run(TestMethodWorker.java:111) [testng.jar:6.9beta-201211201815]
	at org.testng.TestRunner.privateRun(TestRunner.java:767) [testng.jar:6.9beta-201211201815]
	at org.testng.TestRunner.run(TestRunner.java:617) [testng.jar:6.9beta-201211201815]
	at org.testng.SuiteRunner.runTest(SuiteRunner.java:334) [testng.jar:6.9beta-201211201815]
	at org.testng.SuiteRunner.runSequentially(SuiteRunner.java:329) [testng.jar:6.9beta-201211201815]
	at org.testng.SuiteRunner.privateRun(SuiteRunner.java:291) [testng.jar:6.9beta-201211201815]
	at org.testng.SuiteRunner.run(SuiteRunner.java:240) [testng.jar:6.9beta-201211201815]
	at org.testng.SuiteRunnerWorker.runSuite(SuiteRunnerWorker.java:52) [testng.jar:6.9beta-201211201815]
	at org.testng.SuiteRunnerWorker.run(SuiteRunnerWorker.java:86) [testng.jar:6.9beta-201211201815]
	at org.testng.TestNG.runSuitesSequentially(TestNG.java:1203) [testng.jar:6.9beta-201211201815]
	at org.testng.TestNG.runSuitesLocally(TestNG.java:1128) [testng.jar:6.9beta-201211201815]
	at org.testng.TestNG.run(TestNG.java:1036) [testng.jar:6.9beta-201211201815]
	at org.testng.remote.RemoteTestNG.run(RemoteTestNG.java:111) [testng.jar:6.9beta-201211201815]
	at org.testng.remote.RemoteTestNG.initAndRun(RemoteTestNG.java:204) [testng.jar:6.9beta-201211201815]
	at org.testng.remote.RemoteTestNG.main(RemoteTestNG.java:175) [testng.jar:6.9beta-201211201815]
org.openqa.selenium.remote.ErrorHandler$UnknownServerException: window.jQuery is undefined
Build info: version: '2.42.2', revision: '6a6995d', time: '2014-06-03 17:42:03'
System info: host: 'alexandra-System-Product-Name', ip: '127.0.1.1', os.name: 'Linux', os.arch: 'amd64', os.version: '3.2.0-23-generic', java.version: '1.7.0_60'
Driver info: driver.version: unknown
	at <anonymous class>.anonymous(https://testun.com.ua/:68) ~[na:na]
	at <anonymous class>.handleEvaluateEvent(https://testun.com.ua/:68) ~[na:na]
51656 [main] ERROR m.Driver.MyWebDriverEventListener - ________________________________________________________________________________________________________________
51932 [main] INFO  test.java.LogTest - window.jQuery is undefined
Command duration or timeout: 626 milliseconds
Build info: version: '2.42.2', revision: '6a6995d', time: '2014-06-03 17:42:03'
System info: host: 'alexandra-System-Product-Name', ip: '127.0.1.1', os.name: 'Linux', os.arch: 'amd64', os.version: '3.2.0-23-generic', java.version: '1.7.0_60'
Session ID: 48ed196c-26c4-4339-98fa-e742062cb144
Driver info: org.openqa.selenium.firefox.FirefoxDriver
Capabilities [{platform=LINUX, acceptSslCerts=true, javascriptEnabled=true, cssSelectorsEnabled=true, databaseEnabled=true, browserName=firefox, handlesAlerts=true, browserConnectionEnabled=true, webStorageEnabled=true, nativeEvents=true, rotatable=false, locationContextEnabled=true, applicationCacheEnabled=true, takesScreenshot=true, version=29.0}]
51936 [main] INFO  m.Driver.MyWebDriverEventListener - WebDriver navigating to:'https://accounts.google.com'
54234 [main] INFO  test.java.LogTest - >>>>>>>>>>@AfterMethod<<<<<<<<<
54243 [main] ERROR test.java.LogTest - ----------------------------------------------------------------------js error----------------------------------------------------------------------
54243 [main] ERROR test.java.LogTest - javascript error 1.SyntaxError: Using //@ to indicate sourceURL pragmas is deprecated. Use //# instead [https://www.google.com/settings/_/scs/ac-static/_/js/k=ac.s2.ru.Q8Ke1rtoIiY.O/m=b2,s2_p/rt=j/d=1/t=zcms/rs=AD6RtdO5RL09X96EHEUxRi9UBw8nntDkWA:64]
54243 [main] ERROR test.java.LogTest - ----------------------------------------------------------------------js error----------------------------------------------------------------------
54268 [main] INFO  test.java.LogTest - ______________________________________class test.java.LogTest______________________________________
54268 [main] DEBUG main.Driver.WebDriverFactory - Requested driver: Capabilities [{browserName=firefox}]:null. Driver uses count = 3
54272 [main] DEBUG main.Driver.WebDriverFactory - getDriver: Current url: https://accounts.google.com/ServiceLogin?passive=1209600&osid=1&continue=https://www.google.com/settings/personalinfo&followup=https://www.google.com/settings/personalinfo
54280 [main] INFO  m.Driver.MyWebDriverEventListener - WebDriver navigating to:'https://testun.com.ua/sys/sys/test_cookie_key'
54473 [main] INFO  m.Driver.MyWebDriverEventListener - WebDriver navigating to:'https://testun.com.ua/'
58262 [main] INFO  test.java.LogTest - _______________________________Test = facebookValidLogin()_______________________________
58262 [main] INFO  m.Driver.MyWebDriverEventListener - WebDriver navigating to:'https://www.facebook.com/'
59932 [main] DEBUG m.Driver.MyWebDriverEventListener - WebDriver changing value in element found By.id: email from 'tag:input |id: email |text: ('')
60600 [main] DEBUG m.Driver.MyWebDriverEventListener - WebDriver changing value in element found By.id: email from 'tag:input |id: email |text: ('')
60669 [main] DEBUG m.Driver.MyWebDriverEventListener - WebDriver changing value in element found By.id: pass from 'tag:input |id: pass |text: ('')
61119 [main] DEBUG m.Driver.MyWebDriverEventListener - WebDriver changing value in element found By.id: pass from 'tag:input |id: pass |text: ('')
61171 [main] DEBUG m.Driver.MyWebDriverEventListener - Webdriver will click on element tag:input |id: u_0_n |text: ('')
64072 [main] DEBUG m.Driver.MyWebDriverEventListener - hope Webdriver clicked on element tag:input |id: u_0_n |text: ('')
65072 [main] INFO  m.Driver.MyWebDriverEventListener - WebDriver navigating to:'https://testun.com.ua/'
65873 [main] DEBUG m.Driver.MyWebDriverEventListener - Webdriver will click on element tag:a |id: js_header_signin |text: ('Войти')
66459 [main] DEBUG m.Driver.MyWebDriverEventListener - hope Webdriver clicked on element tag:a |id: js_header_signin |text: ('Войти')
66473 [main] INFO  test.java.LogTest - ------------------------waitForPageLoaded true
66617 [main] DEBUG m.Driver.MyWebDriverEventListener - Webdriver will click on element tag:a |id:  |text: ('Вход через Facebook')
68657 [main] DEBUG m.Driver.MyWebDriverEventListener - hope Webdriver clicked on element tag:a |id:  |text: ('Вход через Facebook')
69979 [main] DEBUG m.Driver.MyWebDriverEventListener - Webdriver will click on element tag:a |id: js__menuTrigger |text: ('')
71588 [main] DEBUG m.Driver.MyWebDriverEventListener - hope Webdriver clicked on element tag:a |id: js__menuTrigger |text: ('')
71825 [main] DEBUG m.Driver.MyWebDriverEventListener - Webdriver will click on element tag:a |id:  |text: ('')
73428 [main] DEBUG m.Driver.MyWebDriverEventListener - hope Webdriver clicked on element tag:a |id:  |text: ('')
73502 [main] DEBUG m.Driver.MyWebDriverEventListener - Webdriver will click on element tag:span |id:  |text: ('Выйти')
73766 [main] DEBUG m.Driver.MyWebDriverEventListener - hope Webdriver clicked on element tag:span |id:  |text: ('Выйти')
73775 [main] INFO  test.java.LogTest - ------------------------waitForPageLoaded false
74642 [main] INFO  test.java.LogTest - ------------------------waitForPageLoaded true
74661 [main] INFO  m.Driver.MyWebDriverEventListener - WebDriver navigating to:'https://www.facebook.com/'
79007 [main] INFO  test.java.LogTest - >>>>>>>>>>@AfterMethod<<<<<<<<<
79254 [main] INFO  test.java.LogTest - ______________________________________class test.java.LogTest______________________________________
79254 [main] DEBUG main.Driver.WebDriverFactory - Requested driver: Capabilities [{browserName=firefox}]:null. Driver uses count = 4
79258 [main] DEBUG main.Driver.WebDriverFactory - getDriver: Current url: https://www.facebook.com/
79265 [main] INFO  m.Driver.MyWebDriverEventListener - WebDriver navigating to:'https://testun.com.ua/sys/sys/test_cookie_key'
79466 [main] INFO  m.Driver.MyWebDriverEventListener - WebDriver navigating to:'https://testun.com.ua/'
83286 [main] INFO  test.java.LogTest - _______________________________Test = facebookValidLoginPopup()_______________________________
83335 [main] DEBUG m.Driver.MyWebDriverEventListener - Webdriver will click on element tag:a |id: js_header_signin |text: ('Войти')
86682 [main] DEBUG m.Driver.MyWebDriverEventListener - hope Webdriver clicked on element tag:a |id: js_header_signin |text: ('Войти')
86690 [main] INFO  test.java.LogTest - ------------------------waitForPageLoaded true
86794 [main] DEBUG m.Driver.MyWebDriverEventListener - Webdriver will click on element tag:a |id:  |text: ('Вход через Facebook')
89088 [main] DEBUG m.Driver.MyWebDriverEventListener - hope Webdriver clicked on element tag:a |id:  |text: ('Вход через Facebook')
90913 [main] DEBUG m.Driver.MyWebDriverEventListener - WebDriver changing value in element found By.id: email from 'tag:input |id: email |text: ('')
91595 [main] DEBUG m.Driver.MyWebDriverEventListener - WebDriver changing value in element found By.id: email from 'tag:input |id: email |text: ('')
91684 [main] DEBUG m.Driver.MyWebDriverEventListener - WebDriver changing value in element found By.id: pass from 'tag:input |id: pass |text: ('')
92103 [main] DEBUG m.Driver.MyWebDriverEventListener - WebDriver changing value in element found By.id: pass from 'tag:input |id: pass |text: ('')
92181 [main] DEBUG m.Driver.MyWebDriverEventListener - Webdriver will click on element tag:input |id: u_0_1 |text: ('')
92678 [main] DEBUG m.Driver.MyWebDriverEventListener - hope Webdriver clicked on element tag:input |id: u_0_1 |text: ('')
94886 [main] DEBUG m.Driver.MyWebDriverEventListener - Webdriver will click on element tag:a |id: js__menuTrigger |text: ('')
95939 [main] DEBUG m.Driver.MyWebDriverEventListener - hope Webdriver clicked on element tag:a |id: js__menuTrigger |text: ('')
96077 [main] DEBUG m.Driver.MyWebDriverEventListener - Webdriver will click on element tag:a |id:  |text: ('')
97721 [main] DEBUG m.Driver.MyWebDriverEventListener - hope Webdriver clicked on element tag:a |id:  |text: ('')
97793 [main] DEBUG m.Driver.MyWebDriverEventListener - Webdriver will click on element tag:span |id:  |text: ('Выйти')
98052 [main] DEBUG m.Driver.MyWebDriverEventListener - hope Webdriver clicked on element tag:span |id:  |text: ('Выйти')
98062 [main] INFO  test.java.LogTest - ------------------------waitForPageLoaded false
99032 [main] INFO  m.Driver.MyWebDriverEventListener - WebDriver navigating to:'https://www.facebook.com/'
103300 [main] INFO  test.java.LogTest - >>>>>>>>>>@AfterMethod<<<<<<<<<
103552 [main] INFO  test.java.LogTest - ______________________________________class test.java.LogTest______________________________________
103552 [main] DEBUG main.Driver.WebDriverFactory - Requested driver: Capabilities [{browserName=firefox}]:null. Driver uses count = 5
103556 [main] DEBUG main.Driver.WebDriverFactory - getDriver: Current url: https://www.facebook.com/
103563 [main] INFO  m.Driver.MyWebDriverEventListener - WebDriver navigating to:'https://testun.com.ua/sys/sys/test_cookie_key'
103759 [main] INFO  m.Driver.MyWebDriverEventListener - WebDriver navigating to:'https://testun.com.ua/'
108102 [main] INFO  test.java.LogTest - _______________________Test = loginFromVideoPay _______________________
108103 [main] INFO  m.Driver.MyWebDriverEventListener - WebDriver navigating to:'https://testun.com.ua//search'
109378 [main] DEBUG m.Driver.MyWebDriverEventListener - Webdriver will click on element tag:a |id:  |text: ('Видеозаписи
177')
110575 [main] DEBUG m.Driver.MyWebDriverEventListener - hope Webdriver clicked on element tag:a |id:  |text: ('Видеозаписи
177')
110810 [main] INFO  test.java.LogTest - ------------------------waitForPageLoaded true
110973 [main] DEBUG m.Driver.MyWebDriverEventListener - Webdriver will click on element tag:a |id:  |text: ('00:01
19 сентября 2014 в 16:01
rg
AlexandraAlexandraAlexan
PRO
1 USD')
112196 [main] DEBUG m.Driver.MyWebDriverEventListener - hope Webdriver clicked on element tag:a |id:  |text: ('00:01
19 сентября 2014 в 16:01
rg
AlexandraAlexandraAlexan
PRO
1 USD')
112556 [main] DEBUG m.Driver.MyWebDriverEventListener - Webdriver will click on element tag:a |id:  |text: ('Купить видео')
113330 [main] DEBUG m.Driver.MyWebDriverEventListener - hope Webdriver clicked on element tag:a |id:  |text: ('Купить видео')
113337 [main] INFO  test.java.LogTest - ------------------------waitForPageLoaded true
113411 [main] DEBUG m.Driver.MyWebDriverEventListener - Webdriver will click on element tag:a |id:  |text: ('войдите')
114434 [main] DEBUG m.Driver.MyWebDriverEventListener - hope Webdriver clicked on element tag:a |id:  |text: ('войдите')
114572 [main] DEBUG m.Driver.MyWebDriverEventListener - WebDriver changing value in element found By.id: login_email from 'tag:input |id: login_email |text: ('')
115186 [main] DEBUG m.Driver.MyWebDriverEventListener - WebDriver changing value in element found By.id: login_email from 'tag:input |id: login_email |text: ('')
115252 [main] DEBUG m.Driver.MyWebDriverEventListener - WebDriver changing value in element found By.id: login_password from 'tag:input |id: login_password |text: ('')
115901 [main] DEBUG m.Driver.MyWebDriverEventListener - WebDriver changing value in element found By.id: login_password from 'tag:input |id: login_password |text: ('')
115981 [main] DEBUG m.Driver.MyWebDriverEventListener - Webdriver will click on element tag:input |id: login_button |text: ('')
116348 [main] DEBUG m.Driver.MyWebDriverEventListener - hope Webdriver clicked on element tag:input |id: login_button |text: ('')
117289 [main] INFO  test.java.LogTest - ------------------------waitForPageLoaded true
117329 [main] DEBUG m.Driver.MyWebDriverEventListener - Webdriver will click on element tag:a |id: popup_close |text: ('')
118029 [main] DEBUG m.Driver.MyWebDriverEventListener - hope Webdriver clicked on element tag:a |id: popup_close |text: ('')
118044 [main] INFO  test.java.LogTest - ------------------------waitForPageLoaded true
118175 [main] DEBUG m.Driver.MyWebDriverEventListener - Webdriver will click on element tag:a |id: js__menuTrigger |text: ('')
120454 [main] DEBUG m.Driver.MyWebDriverEventListener - hope Webdriver clicked on element tag:a |id: js__menuTrigger |text: ('')
120623 [main] DEBUG m.Driver.MyWebDriverEventListener - Webdriver will click on element tag:a |id:  |text: ('')
122209 [main] DEBUG m.Driver.MyWebDriverEventListener - hope Webdriver clicked on element tag:a |id:  |text: ('')
122257 [main] DEBUG m.Driver.MyWebDriverEventListener - Webdriver will click on element tag:span |id:  |text: ('Выйти')
122581 [main] DEBUG m.Driver.MyWebDriverEventListener - hope Webdriver clicked on element tag:span |id:  |text: ('Выйти')
123387 [main] INFO  test.java.LogTest - ------------------------waitForPageLoaded true
123416 [main] INFO  test.java.LogTest - >>>>>>>>>>@AfterMethod<<<<<<<<<
123456 [main] INFO  test.java.LogTest - ______________________________________class test.java.LogTest______________________________________
123456 [main] DEBUG main.Driver.WebDriverFactory - Requested driver: Capabilities [{browserName=firefox}]:null. Driver uses count = 6
123464 [main] DEBUG main.Driver.WebDriverFactory - getDriver: Current url: https://testun.com.ua/
123471 [main] INFO  m.Driver.MyWebDriverEventListener - WebDriver navigating to:'https://testun.com.ua/sys/sys/test_cookie_key'
123505 [main] INFO  m.Driver.MyWebDriverEventListener - WebDriver navigating to:'https://testun.com.ua/'
127212 [main] INFO  test.java.LogTest - _______________________Test = invalidLoginNoEmail_______________________
127293 [main] DEBUG m.Driver.MyWebDriverEventListener - Webdriver will click on element tag:a |id: js_header_signin |text: ('Войти')
130671 [main] DEBUG m.Driver.MyWebDriverEventListener - hope Webdriver clicked on element tag:a |id: js_header_signin |text: ('Войти')
130696 [main] INFO  test.java.LogTest - ------------------------waitForPageLoaded true
130803 [main] DEBUG m.Driver.MyWebDriverEventListener - WebDriver changing value in element found By.id: login_email from 'tag:input |id: login_email |text: ('')
130849 [main] DEBUG m.Driver.MyWebDriverEventListener - WebDriver changing value in element found By.id: login_email from 'tag:input |id: login_email |text: ('')
130888 [main] DEBUG m.Driver.MyWebDriverEventListener - WebDriver changing value in element found By.id: login_password from 'tag:input |id: login_password |text: ('')
131504 [main] DEBUG m.Driver.MyWebDriverEventListener - WebDriver changing value in element found By.id: login_password from 'tag:input |id: login_password |text: ('')
131581 [main] DEBUG m.Driver.MyWebDriverEventListener - Webdriver will click on element tag:input |id: login_button |text: ('')
133299 [main] DEBUG m.Driver.MyWebDriverEventListener - hope Webdriver clicked on element tag:input |id: login_button |text: ('')
133888 [main] INFO  test.java.LogTest - >>>>>>>>>>@AfterMethod<<<<<<<<<
133934 [main] INFO  test.java.LogTest - ______________________________________class test.java.LogTest______________________________________
133934 [main] DEBUG main.Driver.WebDriverFactory - Requested driver: Capabilities [{browserName=firefox}]:null. Driver uses count = 7
133945 [main] DEBUG main.Driver.WebDriverFactory - getDriver: Current url: https://testun.com.ua/#signin
133952 [main] INFO  m.Driver.MyWebDriverEventListener - WebDriver navigating to:'https://testun.com.ua/sys/sys/test_cookie_key'
134060 [main] INFO  m.Driver.MyWebDriverEventListener - WebDriver navigating to:'https://testun.com.ua/'
138116 [main] INFO  test.java.LogTest - _______________________Test = invalidLoginNoPass_______________________
138192 [main] DEBUG m.Driver.MyWebDriverEventListener - Webdriver will click on element tag:a |id: js_header_signin |text: ('Войти')
139996 [main] DEBUG m.Driver.MyWebDriverEventListener - hope Webdriver clicked on element tag:a |id: js_header_signin |text: ('Войти')
140030 [main] INFO  test.java.LogTest - ------------------------waitForPageLoaded true
140070 [main] DEBUG m.Driver.MyWebDriverEventListener - WebDriver changing value in element found By.id: login_email from 'tag:input |id: login_email |text: ('')
140703 [main] DEBUG m.Driver.MyWebDriverEventListener - WebDriver changing value in element found By.id: login_email from 'tag:input |id: login_email |text: ('')
140799 [main] DEBUG m.Driver.MyWebDriverEventListener - WebDriver changing value in element found By.id: login_password from 'tag:input |id: login_password |text: ('')
140866 [main] DEBUG m.Driver.MyWebDriverEventListener - WebDriver changing value in element found By.id: login_password from 'tag:input |id: login_password |text: ('')
140912 [main] DEBUG m.Driver.MyWebDriverEventListener - Webdriver will click on element tag:input |id: login_button |text: ('')
142628 [main] DEBUG m.Driver.MyWebDriverEventListener - hope Webdriver clicked on element tag:input |id: login_button |text: ('')
143177 [main] INFO  test.java.LogTest - >>>>>>>>>>@AfterMethod<<<<<<<<<
143232 [main] INFO  test.java.LogTest - ______________________________________class test.java.LogTest______________________________________
143232 [main] DEBUG main.Driver.WebDriverFactory - Requested driver: Capabilities [{browserName=firefox}]:null. Driver uses count = 8
143238 [main] DEBUG main.Driver.WebDriverFactory - getDriver: Current url: https://testun.com.ua/#signin
143243 [main] INFO  m.Driver.MyWebDriverEventListener - WebDriver navigating to:'https://testun.com.ua/sys/sys/test_cookie_key'
143359 [main] INFO  m.Driver.MyWebDriverEventListener - WebDriver navigating to:'https://testun.com.ua/'
147162 [main] INFO  test.java.LogTest - _______________________Test = invalidLoginWrongEmail_______________________
147246 [main] DEBUG m.Driver.MyWebDriverEventListener - Webdriver will click on element tag:a |id: js_header_signin |text: ('Войти')
149122 [main] DEBUG m.Driver.MyWebDriverEventListener - hope Webdriver clicked on element tag:a |id: js_header_signin |text: ('Войти')
149130 [main] INFO  test.java.LogTest - ------------------------waitForPageLoaded true
149170 [main] DEBUG m.Driver.MyWebDriverEventListener - WebDriver changing value in element found By.id: login_email from 'tag:input |id: login_email |text: ('')
149405 [main] DEBUG m.Driver.MyWebDriverEventListener - WebDriver changing value in element found By.id: login_email from 'tag:input |id: login_email |text: ('')
149448 [main] DEBUG m.Driver.MyWebDriverEventListener - WebDriver changing value in element found By.id: login_password from 'tag:input |id: login_password |text: ('')
150069 [main] DEBUG m.Driver.MyWebDriverEventListener - WebDriver changing value in element found By.id: login_password from 'tag:input |id: login_password |text: ('')
150165 [main] DEBUG m.Driver.MyWebDriverEventListener - Webdriver will click on element tag:input |id: login_button |text: ('')
151865 [main] DEBUG m.Driver.MyWebDriverEventListener - hope Webdriver clicked on element tag:input |id: login_button |text: ('')
152430 [main] INFO  test.java.LogTest - >>>>>>>>>>@AfterMethod<<<<<<<<<
152485 [main] INFO  test.java.LogTest - ______________________________________class test.java.LogTest______________________________________
152486 [main] DEBUG main.Driver.WebDriverFactory - Requested driver: Capabilities [{browserName=firefox}]:null. Driver uses count = 9
152496 [main] DEBUG main.Driver.WebDriverFactory - getDriver: Current url: https://testun.com.ua/#signin
152500 [main] INFO  m.Driver.MyWebDriverEventListener - WebDriver navigating to:'https://testun.com.ua/sys/sys/test_cookie_key'
152613 [main] INFO  m.Driver.MyWebDriverEventListener - WebDriver navigating to:'https://testun.com.ua/'
156881 [main] INFO  test.java.LogTest - _______________________Test = invalidLoginWrongPass_______________________
156969 [main] DEBUG m.Driver.MyWebDriverEventListener - Webdriver will click on element tag:a |id: js_header_signin |text: ('Войти')
158850 [main] DEBUG m.Driver.MyWebDriverEventListener - hope Webdriver clicked on element tag:a |id: js_header_signin |text: ('Войти')
158860 [main] INFO  test.java.LogTest - ------------------------waitForPageLoaded true
158904 [main] DEBUG m.Driver.MyWebDriverEventListener - WebDriver changing value in element found By.id: login_email from 'tag:input |id: login_email |text: ('')
159519 [main] DEBUG m.Driver.MyWebDriverEventListener - WebDriver changing value in element found By.id: login_email from 'tag:input |id: login_email |text: ('')
159629 [main] DEBUG m.Driver.MyWebDriverEventListener - WebDriver changing value in element found By.id: login_password from 'tag:input |id: login_password |text: ('')
159954 [main] DEBUG m.Driver.MyWebDriverEventListener - WebDriver changing value in element found By.id: login_password from 'tag:input |id: login_password |text: ('')
160052 [main] DEBUG m.Driver.MyWebDriverEventListener - Webdriver will click on element tag:input |id: login_button |text: ('')
161764 [main] DEBUG m.Driver.MyWebDriverEventListener - hope Webdriver clicked on element tag:input |id: login_button |text: ('')
162331 [main] INFO  test.java.LogTest - >>>>>>>>>>@AfterMethod<<<<<<<<<
162369 [main] INFO  test.java.LogTest - ______________________________________class test.java.LogTest______________________________________
162369 [main] DEBUG main.Driver.WebDriverFactory - Requested driver: Capabilities [{browserName=firefox}]:null. Driver uses count = 10
162381 [main] DEBUG main.Driver.WebDriverFactory - getDriver: Current url: https://testun.com.ua/#signin
162393 [main] INFO  m.Driver.MyWebDriverEventListener - WebDriver navigating to:'https://testun.com.ua/sys/sys/test_cookie_key'
162505 [main] INFO  m.Driver.MyWebDriverEventListener - WebDriver navigating to:'https://testun.com.ua/'
166280 [main] INFO  test.java.LogTest - _______________________Test = loginFBHangoutPopup_______________________
166281 [main] INFO  m.Driver.MyWebDriverEventListener - WebDriver navigating to:'https://testun.com.ua//search'
167176 [main] DEBUG m.Driver.MyWebDriverEventListener - Webdriver will click on element tag:a |id:  |text: ('Сегодня в 19:00
The Parting of the Ways
Gregory M.
Бесплатно')
168386 [main] DEBUG m.Driver.MyWebDriverEventListener - hope Webdriver clicked on element tag:a |id:  |text: ('Сегодня в 19:00
The Parting of the Ways
Gregory M.
Бесплатно')
168570 [main] DEBUG m.Driver.MyWebDriverEventListener - Webdriver will click on element tag:a |id: original_subscribe |text: ('Принять участие | Бесплатно')
169467 [main] DEBUG m.Driver.MyWebDriverEventListener - hope Webdriver clicked on element tag:a |id: original_subscribe |text: ('Принять участие | Бесплатно')
169617 [main] DEBUG m.Driver.MyWebDriverEventListener - Webdriver will click on element tag:a |id:  |text: ('войдите')
170015 [main] DEBUG m.Driver.MyWebDriverEventListener - hope Webdriver clicked on element tag:a |id:  |text: ('войдите')
170122 [main] DEBUG m.Driver.MyWebDriverEventListener - Webdriver will click on element tag:a |id:  |text: ('Вход через Facebook')
171140 [main] DEBUG m.Driver.MyWebDriverEventListener - hope Webdriver clicked on element tag:a |id:  |text: ('Вход через Facebook')
171959 [main] DEBUG m.Driver.MyWebDriverEventListener - WebDriver changing value in element found By.id: email from 'tag:input |id: email |text: ('')
172630 [main] DEBUG m.Driver.MyWebDriverEventListener - WebDriver changing value in element found By.id: email from 'tag:input |id: email |text: ('')
172666 [main] DEBUG m.Driver.MyWebDriverEventListener - WebDriver changing value in element found By.id: pass from 'tag:input |id: pass |text: ('')
173086 [main] DEBUG m.Driver.MyWebDriverEventListener - WebDriver changing value in element found By.id: pass from 'tag:input |id: pass |text: ('')
173135 [main] DEBUG m.Driver.MyWebDriverEventListener - Webdriver will click on element tag:input |id: u_0_1 |text: ('')
173656 [main] DEBUG m.Driver.MyWebDriverEventListener - hope Webdriver clicked on element tag:input |id: u_0_1 |text: ('')
177124 [main] DEBUG m.Driver.MyWebDriverEventListener - Webdriver will click on element tag:a |id: js__menuTrigger |text: ('')
178301 [main] DEBUG m.Driver.MyWebDriverEventListener - hope Webdriver clicked on element tag:a |id: js__menuTrigger |text: ('')
178330 [main] INFO  test.java.LogTest - ------------------------waitForPageLoaded true
178334 [main] INFO  test.java.LogTest - Assert that user Vaska Ivanov takes part in conference
178385 [main] DEBUG m.Driver.MyWebDriverEventListener - Webdriver will click on element tag:a |id:  |text: ('')
180006 [main] DEBUG m.Driver.MyWebDriverEventListener - hope Webdriver clicked on element tag:a |id:  |text: ('')
180182 [main] DEBUG m.Driver.MyWebDriverEventListener - Webdriver will click on element tag:span |id:  |text: ('Выйти')
180446 [main] DEBUG m.Driver.MyWebDriverEventListener - hope Webdriver clicked on element tag:span |id:  |text: ('Выйти')
180473 [main] INFO  test.java.LogTest - ------------------------waitForPageLoaded false
181282 [main] INFO  m.Driver.MyWebDriverEventListener - WebDriver navigating to:'https://www.facebook.com/'
186596 [main] INFO  test.java.LogTest - >>>>>>>>>>@AfterMethod<<<<<<<<<
186832 [main] INFO  test.java.LogTest - ______________________________________class test.java.LogTest______________________________________
186832 [main] DEBUG main.Driver.WebDriverFactory - Requested driver: Capabilities [{browserName=firefox}]:null. Driver uses count = 11
186836 [main] DEBUG main.Driver.WebDriverFactory - getDriver: Current url: https://www.facebook.com/
186840 [main] INFO  m.Driver.MyWebDriverEventListener - WebDriver navigating to:'https://testun.com.ua/sys/sys/test_cookie_key'
187034 [main] INFO  m.Driver.MyWebDriverEventListener - WebDriver navigating to:'https://testun.com.ua/'
191185 [main] INFO  test.java.LogTest - _______________________Test = loginFromHeaderHangCreate_______________________
191274 [main] DEBUG m.Driver.MyWebDriverEventListener - Webdriver will click on element tag:a |id: js_header_singcreate |text: ('Создать трансляцию')
194493 [main] DEBUG m.Driver.MyWebDriverEventListener - hope Webdriver clicked on element tag:a |id: js_header_singcreate |text: ('Создать трансляцию')
194511 [main] INFO  test.java.LogTest - ------------------------waitForPageLoaded true
194571 [main] DEBUG m.Driver.MyWebDriverEventListener - Webdriver will click on element tag:a |id:  |text: ('войдите')
196376 [main] DEBUG m.Driver.MyWebDriverEventListener - hope Webdriver clicked on element tag:a |id:  |text: ('войдите')
196434 [main] DEBUG m.Driver.MyWebDriverEventListener - Webdriver will click on element tag:a |id:  |text: ('Вход через Facebook')
197427 [main] DEBUG m.Driver.MyWebDriverEventListener - hope Webdriver clicked on element tag:a |id:  |text: ('Вход через Facebook')
198470 [main] DEBUG m.Driver.MyWebDriverEventListener - WebDriver changing value in element found By.id: email from 'tag:input |id: email |text: ('')
199133 [main] DEBUG m.Driver.MyWebDriverEventListener - WebDriver changing value in element found By.id: email from 'tag:input |id: email |text: ('')
199221 [main] DEBUG m.Driver.MyWebDriverEventListener - WebDriver changing value in element found By.id: pass from 'tag:input |id: pass |text: ('')
199675 [main] DEBUG m.Driver.MyWebDriverEventListener - WebDriver changing value in element found By.id: pass from 'tag:input |id: pass |text: ('')
199771 [main] DEBUG m.Driver.MyWebDriverEventListener - Webdriver will click on element tag:input |id: u_0_1 |text: ('')
200293 [main] DEBUG m.Driver.MyWebDriverEventListener - hope Webdriver clicked on element tag:input |id: u_0_1 |text: ('')
203514 [main] DEBUG m.Driver.MyWebDriverEventListener - Webdriver will click on element tag:a |id: js__menuTrigger |text: ('')
204625 [main] DEBUG m.Driver.MyWebDriverEventListener - hope Webdriver clicked on element tag:a |id: js__menuTrigger |text: ('')
204748 [main] DEBUG m.Driver.MyWebDriverEventListener - Webdriver will click on element tag:a |id:  |text: ('')
206562 [main] DEBUG m.Driver.MyWebDriverEventListener - hope Webdriver clicked on element tag:a |id:  |text: ('')
206644 [main] DEBUG m.Driver.MyWebDriverEventListener - Webdriver will click on element tag:span |id:  |text: ('Выйти')
206946 [main] DEBUG m.Driver.MyWebDriverEventListener - hope Webdriver clicked on element tag:span |id:  |text: ('Выйти')
206956 [main] INFO  test.java.LogTest - ------------------------waitForPageLoaded false
207803 [main] INFO  test.java.LogTest - ------------------------waitForPageLoaded true
207824 [main] INFO  m.Driver.MyWebDriverEventListener - WebDriver navigating to:'https://www.facebook.com/'
214493 [main] INFO  test.java.LogTest - >>>>>>>>>>@AfterMethod<<<<<<<<<
214733 [main] INFO  test.java.LogTest - ______________________________________class test.java.LogTest______________________________________
214733 [main] DEBUG main.Driver.WebDriverFactory - Requested driver: Capabilities [{browserName=firefox}]:null. Driver uses count = 12
214737 [main] DEBUG main.Driver.WebDriverFactory - getDriver: Current url: https://www.facebook.com/
214744 [main] INFO  m.Driver.MyWebDriverEventListener - WebDriver navigating to:'https://testun.com.ua/sys/sys/test_cookie_key'
214945 [main] INFO  m.Driver.MyWebDriverEventListener - WebDriver navigating to:'https://testun.com.ua/'
219029 [main] INFO  test.java.LogTest - _______________________Test = loginFromChat_______________________
219029 [main] INFO  m.Driver.MyWebDriverEventListener - WebDriver navigating to:'https://testun.com.ua//chat'
220390 [main] DEBUG m.Driver.MyWebDriverEventListener - WebDriver changing value in element found By.id: login_email from 'tag:input |id: login_email |text: ('')
221017 [main] DEBUG m.Driver.MyWebDriverEventListener - WebDriver changing value in element found By.id: login_email from 'tag:input |id: login_email |text: ('')
221095 [main] DEBUG m.Driver.MyWebDriverEventListener - WebDriver changing value in element found By.id: login_password from 'tag:input |id: login_password |text: ('')
221768 [main] DEBUG m.Driver.MyWebDriverEventListener - WebDriver changing value in element found By.id: login_password from 'tag:input |id: login_password |text: ('')
221847 [main] DEBUG m.Driver.MyWebDriverEventListener - Webdriver will click on element tag:input |id: login_button |text: ('')
223580 [main] DEBUG m.Driver.MyWebDriverEventListener - hope Webdriver clicked on element tag:input |id: login_button |text: ('')
224808 [main] DEBUG m.Driver.MyWebDriverEventListener - Webdriver will click on element tag:a |id: js__menuTrigger |text: ('')
226915 [main] DEBUG m.Driver.MyWebDriverEventListener - hope Webdriver clicked on element tag:a |id: js__menuTrigger |text: ('')
227147 [main] DEBUG m.Driver.MyWebDriverEventListener - Webdriver will click on element tag:a |id:  |text: ('')
228725 [main] DEBUG m.Driver.MyWebDriverEventListener - hope Webdriver clicked on element tag:a |id:  |text: ('')
228765 [main] DEBUG m.Driver.MyWebDriverEventListener - Webdriver will click on element tag:span |id:  |text: ('Выйти')
229025 [main] DEBUG m.Driver.MyWebDriverEventListener - hope Webdriver clicked on element tag:span |id:  |text: ('Выйти')
229030 [main] INFO  test.java.LogTest - ------------------------waitForPageLoaded false
229943 [main] INFO  test.java.LogTest - ------------------------waitForPageLoaded true
229952 [main] INFO  test.java.LogTest - >>>>>>>>>>@AfterMethod<<<<<<<<<
229975 [main] INFO  test.java.LogTest - ______________________________________class test.java.LogTest______________________________________
229975 [main] DEBUG main.Driver.WebDriverFactory - Requested driver: Capabilities [{browserName=firefox}]:null. Driver uses count = 13
229978 [main] DEBUG main.Driver.WebDriverFactory - getDriver: Current url: https://testun.com.ua/
229982 [main] INFO  m.Driver.MyWebDriverEventListener - WebDriver navigating to:'https://testun.com.ua/sys/sys/test_cookie_key'
230007 [main] INFO  m.Driver.MyWebDriverEventListener - WebDriver navigating to:'https://testun.com.ua/'
233761 [main] INFO  test.java.LogTest - _______________________Test = loginFromComments_______________________
233762 [main] INFO  m.Driver.MyWebDriverEventListener - WebDriver navigating to:'https://testun.com.ua//search'
235014 [main] DEBUG m.Driver.MyWebDriverEventListener - Webdriver will click on element tag:a |id:  |text: ('Проходит сейчас
16 октября 2014 в 16:05
adsas
Андрей Суржинский
PRO
Бесплатно')
237077 [main] DEBUG m.Driver.MyWebDriverEventListener - hope Webdriver clicked on element tag:a |id:  |text: ('Проходит сейчас
16 октября 2014 в 16:05
adsas
Андрей Суржинский
PRO
Бесплатно')
237477 [main] DEBUG m.Driver.MyWebDriverEventListener - Webdriver will click on element tag:a |id:  |text: ('Войти')
238798 [main] DEBUG m.Driver.MyWebDriverEventListener - hope Webdriver clicked on element tag:a |id:  |text: ('Войти')
239538 [main] DEBUG m.Driver.MyWebDriverEventListener - WebDriver changing value in element found By.id: login_email from 'tag:input |id: login_email |text: ('')
240166 [main] DEBUG m.Driver.MyWebDriverEventListener - WebDriver changing value in element found By.id: login_email from 'tag:input |id: login_email |text: ('')
240273 [main] DEBUG m.Driver.MyWebDriverEventListener - WebDriver changing value in element found By.id: login_password from 'tag:input |id: login_password |text: ('')
240997 [main] DEBUG m.Driver.MyWebDriverEventListener - WebDriver changing value in element found By.id: login_password from 'tag:input |id: login_password |text: ('')
241076 [main] DEBUG m.Driver.MyWebDriverEventListener - Webdriver will click on element tag:input |id: login_button |text: ('')
242077 [main] DEBUG m.Driver.MyWebDriverEventListener - hope Webdriver clicked on element tag:input |id: login_button |text: ('')
242933 [main] DEBUG m.Driver.MyWebDriverEventListener - Webdriver will click on element tag:a |id: js__menuTrigger |text: ('')
244949 [main] DEBUG m.Driver.MyWebDriverEventListener - hope Webdriver clicked on element tag:a |id: js__menuTrigger |text: ('')
245132 [main] DEBUG m.Driver.MyWebDriverEventListener - Webdriver will click on element tag:a |id:  |text: ('')
246877 [main] DEBUG m.Driver.MyWebDriverEventListener - hope Webdriver clicked on element tag:a |id:  |text: ('')
246958 [main] DEBUG m.Driver.MyWebDriverEventListener - Webdriver will click on element tag:span |id:  |text: ('Выйти')
247241 [main] DEBUG m.Driver.MyWebDriverEventListener - hope Webdriver clicked on element tag:span |id:  |text: ('Выйти')
247250 [main] INFO  test.java.LogTest - ------------------------waitForPageLoaded false
248147 [main] INFO  test.java.LogTest - ------------------------waitForPageLoaded true
248167 [main] INFO  test.java.LogTest - >>>>>>>>>>@AfterMethod<<<<<<<<<
248206 [main] INFO  test.java.LogTest - ______________________________________class test.java.LogTest______________________________________
248206 [main] DEBUG main.Driver.WebDriverFactory - Requested driver: Capabilities [{browserName=firefox}]:null. Driver uses count = 14
248210 [main] DEBUG main.Driver.WebDriverFactory - getDriver: Current url: https://testun.com.ua/
248214 [main] INFO  m.Driver.MyWebDriverEventListener - WebDriver navigating to:'https://testun.com.ua/sys/sys/test_cookie_key'
248225 [main] INFO  m.Driver.MyWebDriverEventListener - WebDriver navigating to:'https://testun.com.ua/'
251963 [main] INFO  test.java.LogTest - _______________________Test = loginFromFollowers_______________________
251963 [main] INFO  m.Driver.MyWebDriverEventListener - WebDriver navigating to:'https://testun.com.ua/contacts/15301/followers'
252671 [main] DEBUG m.Driver.MyWebDriverEventListener - WebDriver changing value in element found By.id: login_email from 'tag:input |id: login_email |text: ('')
253351 [main] DEBUG m.Driver.MyWebDriverEventListener - WebDriver changing value in element found By.id: login_email from 'tag:input |id: login_email |text: ('')
253594 [main] DEBUG m.Driver.MyWebDriverEventListener - WebDriver changing value in element found By.id: login_password from 'tag:input |id: login_password |text: ('')
254285 [main] DEBUG m.Driver.MyWebDriverEventListener - WebDriver changing value in element found By.id: login_password from 'tag:input |id: login_password |text: ('')
254463 [main] DEBUG m.Driver.MyWebDriverEventListener - Webdriver will click on element tag:input |id: login_button |text: ('')
256187 [main] DEBUG m.Driver.MyWebDriverEventListener - hope Webdriver clicked on element tag:input |id: login_button |text: ('')
257069 [main] DEBUG m.Driver.MyWebDriverEventListener - Webdriver will click on element tag:a |id: js__menuTrigger |text: ('')
259234 [main] DEBUG m.Driver.MyWebDriverEventListener - hope Webdriver clicked on element tag:a |id: js__menuTrigger |text: ('')
259347 [main] DEBUG m.Driver.MyWebDriverEventListener - Webdriver will click on element tag:a |id:  |text: ('')
260937 [main] DEBUG m.Driver.MyWebDriverEventListener - hope Webdriver clicked on element tag:a |id:  |text: ('')
261013 [main] DEBUG m.Driver.MyWebDriverEventListener - Webdriver will click on element tag:span |id:  |text: ('Выйти')
261277 [main] DEBUG m.Driver.MyWebDriverEventListener - hope Webdriver clicked on element tag:span |id:  |text: ('Выйти')
261286 [main] INFO  test.java.LogTest - ------------------------waitForPageLoaded false
262141 [main] INFO  test.java.LogTest - >>>>>>>>>>@AfterMethod<<<<<<<<<
262181 [main] INFO  test.java.LogTest - ______________________________________class test.java.LogTest______________________________________
262182 [main] DEBUG main.Driver.WebDriverFactory - Requested driver: Capabilities [{browserName=firefox}]:null. Driver uses count = 15
262189 [main] DEBUG main.Driver.WebDriverFactory - getDriver: Current url: https://testun.com.ua/
262195 [main] INFO  m.Driver.MyWebDriverEventListener - WebDriver navigating to:'https://testun.com.ua/sys/sys/test_cookie_key'
262221 [main] INFO  m.Driver.MyWebDriverEventListener - WebDriver navigating to:'https://testun.com.ua/'
265967 [main] INFO  test.java.LogTest - _______________________Test = loginFromFollowing_______________________
265967 [main] INFO  m.Driver.MyWebDriverEventListener - WebDriver navigating to:'https://testun.com.ua/contacts/15301'
266714 [main] DEBUG m.Driver.MyWebDriverEventListener - WebDriver changing value in element found By.id: login_email from 'tag:input |id: login_email |text: ('')
267343 [main] DEBUG m.Driver.MyWebDriverEventListener - WebDriver changing value in element found By.id: login_email from 'tag:input |id: login_email |text: ('')
267413 [main] DEBUG m.Driver.MyWebDriverEventListener - WebDriver changing value in element found By.id: login_password from 'tag:input |id: login_password |text: ('')
268127 [main] DEBUG m.Driver.MyWebDriverEventListener - WebDriver changing value in element found By.id: login_password from 'tag:input |id: login_password |text: ('')
268205 [main] DEBUG m.Driver.MyWebDriverEventListener - Webdriver will click on element tag:input |id: login_button |text: ('')
269954 [main] DEBUG m.Driver.MyWebDriverEventListener - hope Webdriver clicked on element tag:input |id: login_button |text: ('')
270932 [main] DEBUG m.Driver.MyWebDriverEventListener - Webdriver will click on element tag:a |id: js__menuTrigger |text: ('')
273004 [main] DEBUG m.Driver.MyWebDriverEventListener - hope Webdriver clicked on element tag:a |id: js__menuTrigger |text: ('')
273177 [main] DEBUG m.Driver.MyWebDriverEventListener - Webdriver will click on element tag:a |id:  |text: ('')
274754 [main] DEBUG m.Driver.MyWebDriverEventListener - hope Webdriver clicked on element tag:a |id:  |text: ('')
274829 [main] DEBUG m.Driver.MyWebDriverEventListener - Webdriver will click on element tag:span |id:  |text: ('Выйти')
275104 [main] DEBUG m.Driver.MyWebDriverEventListener - hope Webdriver clicked on element tag:span |id:  |text: ('Выйти')
275947 [main] INFO  test.java.LogTest - ------------------------waitForPageLoaded true
275962 [main] INFO  test.java.LogTest - >>>>>>>>>>@AfterMethod<<<<<<<<<
276004 [main] INFO  test.java.LogTest - ______________________________________class test.java.LogTest______________________________________
276005 [main] DEBUG main.Driver.WebDriverFactory - Requested driver: Capabilities [{browserName=firefox}]:null. Driver uses count = 16
276010 [main] DEBUG main.Driver.WebDriverFactory - getDriver: Current url: https://testun.com.ua/
276018 [main] INFO  m.Driver.MyWebDriverEventListener - WebDriver navigating to:'https://testun.com.ua/sys/sys/test_cookie_key'
276039 [main] INFO  m.Driver.MyWebDriverEventListener - WebDriver navigating to:'https://testun.com.ua/'
279772 [main] INFO  test.java.LogTest - _______________________Test = loginFromHangCreate_______________________
279772 [main] INFO  m.Driver.MyWebDriverEventListener - WebDriver navigating to:'https://testun.com.ua/conference/create'
280514 [main] DEBUG m.Driver.MyWebDriverEventListener - WebDriver changing value in element found By.id: login_email from 'tag:input |id: login_email |text: ('')
281125 [main] DEBUG m.Driver.MyWebDriverEventListener - WebDriver changing value in element found By.id: login_email from 'tag:input |id: login_email |text: ('')
281204 [main] DEBUG m.Driver.MyWebDriverEventListener - WebDriver changing value in element found By.id: login_password from 'tag:input |id: login_password |text: ('')
281907 [main] DEBUG m.Driver.MyWebDriverEventListener - WebDriver changing value in element found By.id: login_password from 'tag:input |id: login_password |text: ('')
281984 [main] DEBUG m.Driver.MyWebDriverEventListener - Webdriver will click on element tag:input |id: login_button |text: ('')
283913 [main] DEBUG m.Driver.MyWebDriverEventListener - hope Webdriver clicked on element tag:input |id: login_button |text: ('')
284999 [main] DEBUG m.Driver.MyWebDriverEventListener - Webdriver will click on element tag:a |id: js__menuTrigger |text: ('')
287132 [main] DEBUG m.Driver.MyWebDriverEventListener - hope Webdriver clicked on element tag:a |id: js__menuTrigger |text: ('')
287174 [main] DEBUG m.Driver.MyWebDriverEventListener - Webdriver will click on element tag:a |id:  |text: ('')
288828 [main] DEBUG m.Driver.MyWebDriverEventListener - hope Webdriver clicked on element tag:a |id:  |text: ('')
288899 [main] DEBUG m.Driver.MyWebDriverEventListener - Webdriver will click on element tag:span |id:  |text: ('Выйти')
289187 [main] DEBUG m.Driver.MyWebDriverEventListener - hope Webdriver clicked on element tag:span |id:  |text: ('Выйти')
290036 [main] INFO  test.java.LogTest - ------------------------waitForPageLoaded true
290053 [main] INFO  test.java.LogTest - >>>>>>>>>>@AfterMethod<<<<<<<<<
290103 [main] INFO  test.java.LogTest - ______________________________________class test.java.LogTest______________________________________
290103 [main] DEBUG main.Driver.WebDriverFactory - Requested driver: Capabilities [{browserName=firefox}]:null. Driver uses count = 17
290110 [main] DEBUG main.Driver.WebDriverFactory - getDriver: Current url: https://testun.com.ua/
290116 [main] INFO  m.Driver.MyWebDriverEventListener - WebDriver navigating to:'https://testun.com.ua/sys/sys/test_cookie_key'
290139 [main] INFO  m.Driver.MyWebDriverEventListener - WebDriver navigating to:'https://testun.com.ua/'
293869 [main] INFO  test.java.LogTest - _______________________Test = loginFromHangoutHeader_______________________
293870 [main] INFO  m.Driver.MyWebDriverEventListener - WebDriver navigating to:'https://testun.com.ua//search'
294798 [main] DEBUG m.Driver.MyWebDriverEventListener - Webdriver will click on element tag:a |id:  |text: ('Проходит сейчас
16 октября 2014 в 16:05
adsas
Андрей Суржинский
PRO
Бесплатно')
296831 [main] DEBUG m.Driver.MyWebDriverEventListener - hope Webdriver clicked on element tag:a |id:  |text: ('Проходит сейчас
16 октября 2014 в 16:05
adsas
Андрей Суржинский
PRO
Бесплатно')
300325 [main] ERROR m.Driver.MyWebDriverEventListener - ________________________________________________________________________________________________________________
300329 [main] ERROR m.Driver.MyWebDriverEventListener - WebDriver error:
org.openqa.selenium.StaleElementReferenceException: Element not found in the cache - perhaps the page has changed since it was looked up
Command duration or timeout: 3.25 seconds
For documentation on this error, please visit: http://seleniumhq.org/exceptions/stale_element_reference.html
Build info: version: '2.42.2', revision: '6a6995d', time: '2014-06-03 17:42:03'
System info: host: 'alexandra-System-Product-Name', ip: '127.0.1.1', os.name: 'Linux', os.arch: 'amd64', os.version: '3.2.0-23-generic', java.version: '1.7.0_60'
Session ID: 48ed196c-26c4-4339-98fa-e742062cb144
Driver info: org.openqa.selenium.firefox.FirefoxDriver
Capabilities [{platform=LINUX, acceptSslCerts=true, javascriptEnabled=true, cssSelectorsEnabled=true, databaseEnabled=true, browserName=firefox, handlesAlerts=true, browserConnectionEnabled=true, webStorageEnabled=true, nativeEvents=true, rotatable=false, locationContextEnabled=true, applicationCacheEnabled=true, takesScreenshot=true, version=29.0}]
	at sun.reflect.NativeConstructorAccessorImpl.newInstance0(Native Method) ~[na:1.7.0_60]
	at sun.reflect.NativeConstructorAccessorImpl.newInstance(NativeConstructorAccessorImpl.java:57) ~[na:1.7.0_60]
	at sun.reflect.DelegatingConstructorAccessorImpl.newInstance(DelegatingConstructorAccessorImpl.java:45) ~[na:1.7.0_60]
	at java.lang.reflect.Constructor.newInstance(Constructor.java:526) ~[na:1.7.0_60]
	at org.openqa.selenium.remote.ErrorHandler.createThrowable(ErrorHandler.java:204) ~[selenium-server-standalone-2.42.2.jar:na]
	at org.openqa.selenium.remote.ErrorHandler.throwIfResponseFailed(ErrorHandler.java:156) ~[selenium-server-standalone-2.42.2.jar:na]
	at org.openqa.selenium.remote.RemoteWebDriver.execute(RemoteWebDriver.java:599) ~[selenium-server-standalone-2.42.2.jar:na]
	at org.openqa.selenium.remote.RemoteWebElement.execute(RemoteWebElement.java:268) ~[selenium-server-standalone-2.42.2.jar:na]
	at org.openqa.selenium.remote.RemoteWebElement.getTagName(RemoteWebElement.java:117) ~[selenium-server-standalone-2.42.2.jar:na]
	at sun.reflect.GeneratedMethodAccessor21.invoke(Unknown Source) ~[na:na]
	at sun.reflect.DelegatingMethodAccessorImpl.invoke(DelegatingMethodAccessorImpl.java:43) ~[na:1.7.0_60]
	at java.lang.reflect.Method.invoke(Method.java:606) ~[na:1.7.0_60]
	at org.openqa.selenium.support.events.EventFiringWebDriver$EventFiringWebElement$1.invoke(EventFiringWebDriver.java:331) ~[selenium-server-standalone-2.42.2.jar:na]
	at com.sun.proxy.$Proxy11.getTagName(Unknown Source) ~[na:na]
	at main.Driver.MyWebDriverEventListener.elementDescription(MyWebDriverEventListener.java:81) ~[classes/:na]
	at main.Driver.MyWebDriverEventListener.beforeClickOn(MyWebDriverEventListener.java:45) ~[classes/:na]
	at sun.reflect.GeneratedMethodAccessor25.invoke(Unknown Source) ~[na:na]
	at sun.reflect.DelegatingMethodAccessorImpl.invoke(DelegatingMethodAccessorImpl.java:43) ~[na:1.7.0_60]
	at java.lang.reflect.Method.invoke(Method.java:606) ~[na:1.7.0_60]
	at org.openqa.selenium.support.events.EventFiringWebDriver$1.invoke(EventFiringWebDriver.java:78) ~[selenium-server-standalone-2.42.2.jar:na]
	at com.sun.proxy.$Proxy9.beforeClickOn(Unknown Source) [na:na]
	at org.openqa.selenium.support.events.EventFiringWebDriver$EventFiringWebElement.click(EventFiringWebDriver.java:343) [selenium-server-standalone-2.42.2.jar:na]
	at main.pages.HomePage.loginClick(HomePage.java:91) [classes/:na]
	at test.java.LogTest.loginFromHangoutHeader(LogTest.java:326) [classes/:na]
	at sun.reflect.NativeMethodAccessorImpl.invoke0(Native Method) ~[na:1.7.0_60]
	at sun.reflect.NativeMethodAccessorImpl.invoke(NativeMethodAccessorImpl.java:57) ~[na:1.7.0_60]
	at sun.reflect.DelegatingMethodAccessorImpl.invoke(DelegatingMethodAccessorImpl.java:43) ~[na:1.7.0_60]
	at java.lang.reflect.Method.invoke(Method.java:606) ~[na:1.7.0_60]
	at org.testng.internal.MethodInvocationHelper.invokeMethod(MethodInvocationHelper.java:80) [testng.jar:6.9beta-201211201815]
	at org.testng.internal.Invoker.invokeMethod(Invoker.java:714) [testng.jar:6.9beta-201211201815]
	at org.testng.internal.Invoker.invokeTestMethod(Invoker.java:901) [testng.jar:6.9beta-201211201815]
	at org.testng.internal.Invoker.invokeTestMethods(Invoker.java:1231) [testng.jar:6.9beta-201211201815]
	at org.testng.internal.TestMethodWorker.invokeTestMethods(TestMethodWorker.java:128) [testng.jar:6.9beta-201211201815]
	at org.testng.internal.TestMethodWorker.run(TestMethodWorker.java:111) [testng.jar:6.9beta-201211201815]
	at org.testng.TestRunner.privateRun(TestRunner.java:767) [testng.jar:6.9beta-201211201815]
	at org.testng.TestRunner.run(TestRunner.java:617) [testng.jar:6.9beta-201211201815]
	at org.testng.SuiteRunner.runTest(SuiteRunner.java:334) [testng.jar:6.9beta-201211201815]
	at org.testng.SuiteRunner.runSequentially(SuiteRunner.java:329) [testng.jar:6.9beta-201211201815]
	at org.testng.SuiteRunner.privateRun(SuiteRunner.java:291) [testng.jar:6.9beta-201211201815]
	at org.testng.SuiteRunner.run(SuiteRunner.java:240) [testng.jar:6.9beta-201211201815]
	at org.testng.SuiteRunnerWorker.runSuite(SuiteRunnerWorker.java:52) [testng.jar:6.9beta-201211201815]
	at org.testng.SuiteRunnerWorker.run(SuiteRunnerWorker.java:86) [testng.jar:6.9beta-201211201815]
	at org.testng.TestNG.runSuitesSequentially(TestNG.java:1203) [testng.jar:6.9beta-201211201815]
	at org.testng.TestNG.runSuitesLocally(TestNG.java:1128) [testng.jar:6.9beta-201211201815]
	at org.testng.TestNG.run(TestNG.java:1036) [testng.jar:6.9beta-201211201815]
	at org.testng.remote.RemoteTestNG.run(RemoteTestNG.java:111) [testng.jar:6.9beta-201211201815]
	at org.testng.remote.RemoteTestNG.initAndRun(RemoteTestNG.java:204) [testng.jar:6.9beta-201211201815]
	at org.testng.remote.RemoteTestNG.main(RemoteTestNG.java:175) [testng.jar:6.9beta-201211201815]
org.openqa.selenium.remote.ErrorHandler$UnknownServerException: Element not found in the cache - perhaps the page has changed since it was looked up
Build info: version: '2.42.2', revision: '6a6995d', time: '2014-06-03 17:42:03'
System info: host: 'alexandra-System-Product-Name', ip: '127.0.1.1', os.name: 'Linux', os.arch: 'amd64', os.version: '3.2.0-23-generic', java.version: '1.7.0_60'
Driver info: driver.version: unknown
	at <anonymous class>.fxdriver.cache.getElementAt(resource://fxdriver/modules/web_element_cache.js:8180) ~[na:na]
	at <anonymous class>.Utils.getElementAt(file:///tmp/anonymous4064841170138645346webdriver-profile/extensions/fxdriver@googlecode.com/components/command_processor.js:7783) ~[na:na]
	at <anonymous class>.WebElement.getElementTagName(file:///tmp/anonymous4064841170138645346webdriver-profile/extensions/fxdriver@googlecode.com/components/command_processor.js:10930) ~[na:na]
	at <anonymous class>.DelayedCommand.prototype.executeInternal_/h(file:///tmp/anonymous4064841170138645346webdriver-profile/extensions/fxdriver@googlecode.com/components/command_processor.js:11455) ~[na:na]
	at <anonymous class>.fxdriver.Timer.prototype.setTimeout/<.notify(file:///tmp/anonymous4064841170138645346webdriver-profile/extensions/fxdriver@googlecode.com/components/command_processor.js:407) ~[na:na]
300329 [main] ERROR m.Driver.MyWebDriverEventListener - ________________________________________________________________________________________________________________
300345 [main] INFO  test.java.LogTest - >>>>>>>>>>@AfterMethod<<<<<<<<<
300391 [main] INFO  test.java.LogTest - ______________________________________class test.java.LogTest______________________________________
300391 [main] DEBUG main.Driver.WebDriverFactory - Requested driver: Capabilities [{browserName=firefox}]:null. Driver uses count = 18
300396 [main] DEBUG main.Driver.WebDriverFactory - getDriver: Current url: https://testun.com.ua/conference/50784
300402 [main] INFO  m.Driver.MyWebDriverEventListener - WebDriver navigating to:'https://testun.com.ua/sys/sys/test_cookie_key'
300527 [main] INFO  m.Driver.MyWebDriverEventListener - WebDriver navigating to:'https://testun.com.ua/'
304617 [main] INFO  test.java.LogTest - _______________________Test = loginFromHangoutPopup_______________________
304617 [main] INFO  m.Driver.MyWebDriverEventListener - WebDriver navigating to:'https://testun.com.ua//search'
305661 [main] DEBUG m.Driver.MyWebDriverEventListener - Webdriver will click on element tag:a |id:  |text: ('Сегодня в 19:00
The Parting of the Ways
Gregory M.
2
Бесплатно')
305983 [main] DEBUG m.Driver.MyWebDriverEventListener - hope Webdriver clicked on element tag:a |id:  |text: ('Сегодня в 19:00
The Parting of the Ways
Gregory M.
2
Бесплатно')
306313 [main] DEBUG m.Driver.MyWebDriverEventListener - Webdriver will click on element tag:a |id: original_subscribe |text: ('Принять участие | Бесплатно')
307250 [main] DEBUG m.Driver.MyWebDriverEventListener - hope Webdriver clicked on element tag:a |id: original_subscribe |text: ('Принять участие | Бесплатно')
307370 [main] DEBUG m.Driver.MyWebDriverEventListener - Webdriver will click on element tag:a |id:  |text: ('войдите')
307774 [main] DEBUG m.Driver.MyWebDriverEventListener - hope Webdriver clicked on element tag:a |id:  |text: ('войдите')
307880 [main] DEBUG m.Driver.MyWebDriverEventListener - WebDriver changing value in element found By.id: login_email from 'tag:input |id: login_email |text: ('')
308488 [main] DEBUG m.Driver.MyWebDriverEventListener - WebDriver changing value in element found By.id: login_email from 'tag:input |id: login_email |text: ('')
308562 [main] DEBUG m.Driver.MyWebDriverEventListener - WebDriver changing value in element found By.id: login_password from 'tag:input |id: login_password |text: ('')
309214 [main] DEBUG m.Driver.MyWebDriverEventListener - WebDriver changing value in element found By.id: login_password from 'tag:input |id: login_password |text: ('')
309278 [main] DEBUG m.Driver.MyWebDriverEventListener - Webdriver will click on element tag:input |id: login_button |text: ('')
309643 [main] DEBUG m.Driver.MyWebDriverEventListener - hope Webdriver clicked on element tag:input |id: login_button |text: ('')
310601 [main] DEBUG m.Driver.MyWebDriverEventListener - Webdriver will click on element tag:a |id: js__menuTrigger |text: ('')
312670 [main] DEBUG m.Driver.MyWebDriverEventListener - hope Webdriver clicked on element tag:a |id: js__menuTrigger |text: ('')
312834 [main] INFO  test.java.LogTest - ------------------------waitForPageLoaded true
312838 [main] INFO  test.java.LogTest - Assert that user Petrikov Vasilii Ivanovich takes part in conference
312903 [main] DEBUG m.Driver.MyWebDriverEventListener - Webdriver will click on element tag:a |id:  |text: ('')
314478 [main] DEBUG m.Driver.MyWebDriverEventListener - hope Webdriver clicked on element tag:a |id:  |text: ('')
314535 [main] DEBUG m.Driver.MyWebDriverEventListener - Webdriver will click on element tag:span |id:  |text: ('Выйти')
314788 [main] DEBUG m.Driver.MyWebDriverEventListener - hope Webdriver clicked on element tag:span |id:  |text: ('Выйти')
314793 [main] INFO  test.java.LogTest - ------------------------waitForPageLoaded false
315661 [main] INFO  test.java.LogTest - ------------------------waitForPageLoaded true
315678 [main] INFO  test.java.LogTest - >>>>>>>>>>@AfterMethod<<<<<<<<<
315716 [main] INFO  test.java.LogTest - ______________________________________class test.java.LogTest______________________________________
315716 [main] DEBUG main.Driver.WebDriverFactory - Requested driver: Capabilities [{browserName=firefox}]:null. Driver uses count = 19
315724 [main] DEBUG main.Driver.WebDriverFactory - getDriver: Current url: https://testun.com.ua/
315729 [main] INFO  m.Driver.MyWebDriverEventListener - WebDriver navigating to:'https://testun.com.ua/sys/sys/test_cookie_key'
315755 [main] INFO  m.Driver.MyWebDriverEventListener - WebDriver navigating to:'https://testun.com.ua/'
319478 [main] INFO  test.java.LogTest - _______________________Test = loginFromHeaderHangCreate_______________________
319551 [main] DEBUG m.Driver.MyWebDriverEventListener - Webdriver will click on element tag:a |id: js_header_singcreate |text: ('Создать трансляцию')
322634 [main] DEBUG m.Driver.MyWebDriverEventListener - hope Webdriver clicked on element tag:a |id: js_header_singcreate |text: ('Создать трансляцию')
322648 [main] INFO  test.java.LogTest - ------------------------waitForPageLoaded true
322757 [main] DEBUG m.Driver.MyWebDriverEventListener - Webdriver will click on element tag:a |id:  |text: ('войдите')
324453 [main] DEBUG m.Driver.MyWebDriverEventListener - hope Webdriver clicked on element tag:a |id:  |text: ('войдите')
324583 [main] DEBUG m.Driver.MyWebDriverEventListener - WebDriver changing value in element found By.id: login_email from 'tag:input |id: login_email |text: ('')
325316 [main] DEBUG m.Driver.MyWebDriverEventListener - WebDriver changing value in element found By.id: login_email from 'tag:input |id: login_email |text: ('')
325407 [main] DEBUG m.Driver.MyWebDriverEventListener - WebDriver changing value in element found By.id: login_password from 'tag:input |id: login_password |text: ('')
326069 [main] DEBUG m.Driver.MyWebDriverEventListener - WebDriver changing value in element found By.id: login_password from 'tag:input |id: login_password |text: ('')
326172 [main] DEBUG m.Driver.MyWebDriverEventListener - Webdriver will click on element tag:input |id: login_button |text: ('')
326547 [main] DEBUG m.Driver.MyWebDriverEventListener - hope Webdriver clicked on element tag:input |id: login_button |text: ('')
327519 [main] DEBUG m.Driver.MyWebDriverEventListener - Webdriver will click on element tag:a |id: js__menuTrigger |text: ('')
329757 [main] DEBUG m.Driver.MyWebDriverEventListener - hope Webdriver clicked on element tag:a |id: js__menuTrigger |text: ('')
329825 [main] DEBUG m.Driver.MyWebDriverEventListener - Webdriver will click on element tag:a |id:  |text: ('')
331474 [main] DEBUG m.Driver.MyWebDriverEventListener - hope Webdriver clicked on element tag:a |id:  |text: ('')
331558 [main] DEBUG m.Driver.MyWebDriverEventListener - Webdriver will click on element tag:span |id:  |text: ('Выйти')
331839 [main] DEBUG m.Driver.MyWebDriverEventListener - hope Webdriver clicked on element tag:span |id:  |text: ('Выйти')
332659 [main] INFO  test.java.LogTest - ------------------------waitForPageLoaded true
332681 [main] INFO  test.java.LogTest - >>>>>>>>>>@AfterMethod<<<<<<<<<
332719 [main] INFO  test.java.LogTest - ______________________________________class test.java.LogTest______________________________________
332719 [main] DEBUG main.Driver.WebDriverFactory - Requested driver: Capabilities [{browserName=firefox}]:null. Driver uses count = 20
332726 [main] DEBUG main.Driver.WebDriverFactory - getDriver: Current url: https://testun.com.ua/
332733 [main] INFO  m.Driver.MyWebDriverEventListener - WebDriver navigating to:'https://testun.com.ua/sys/sys/test_cookie_key'
332761 [main] INFO  m.Driver.MyWebDriverEventListener - WebDriver navigating to:'https://testun.com.ua/'
336507 [main] INFO  test.java.LogTest - _______________________Test = loginFromMoney_______________________
336508 [main] INFO  m.Driver.MyWebDriverEventListener - WebDriver navigating to:'https://testun.com.ua//tmoney/history'
337703 [main] DEBUG m.Driver.MyWebDriverEventListener - WebDriver changing value in element found By.id: login_email from 'tag:input |id: login_email |text: ('')
338318 [main] DEBUG m.Driver.MyWebDriverEventListener - WebDriver changing value in element found By.id: login_email from 'tag:input |id: login_email |text: ('')
338501 [main] DEBUG m.Driver.MyWebDriverEventListener - WebDriver changing value in element found By.id: login_password from 'tag:input |id: login_password |text: ('')
339127 [main] DEBUG m.Driver.MyWebDriverEventListener - WebDriver changing value in element found By.id: login_password from 'tag:input |id: login_password |text: ('')
339203 [main] DEBUG m.Driver.MyWebDriverEventListener - Webdriver will click on element tag:input |id: login_button |text: ('')
340916 [main] DEBUG m.Driver.MyWebDriverEventListener - hope Webdriver clicked on element tag:input |id: login_button |text: ('')
341767 [main] DEBUG m.Driver.MyWebDriverEventListener - Webdriver will click on element tag:a |id: js__menuTrigger |text: ('')
343815 [main] DEBUG m.Driver.MyWebDriverEventListener - hope Webdriver clicked on element tag:a |id: js__menuTrigger |text: ('')
343964 [main] DEBUG m.Driver.MyWebDriverEventListener - Webdriver will click on element tag:a |id:  |text: ('')
345604 [main] DEBUG m.Driver.MyWebDriverEventListener - hope Webdriver clicked on element tag:a |id:  |text: ('')
345641 [main] DEBUG m.Driver.MyWebDriverEventListener - Webdriver will click on element tag:span |id:  |text: ('Выйти')
345898 [main] DEBUG m.Driver.MyWebDriverEventListener - hope Webdriver clicked on element tag:span |id:  |text: ('Выйти')
345907 [main] INFO  test.java.LogTest - ------------------------waitForPageLoaded false
346738 [main] INFO  test.java.LogTest - >>>>>>>>>>@AfterMethod<<<<<<<<<
346791 [main] INFO  test.java.LogTest - ______________________________________class test.java.LogTest______________________________________
346791 [main] DEBUG main.Driver.WebDriverFactory - Requested driver: Capabilities [{browserName=firefox}]:null. Driver uses count = 21
346798 [main] DEBUG main.Driver.WebDriverFactory - getDriver: Current url: https://testun.com.ua/
346801 [main] INFO  m.Driver.MyWebDriverEventListener - WebDriver navigating to:'https://testun.com.ua/sys/sys/test_cookie_key'
346813 [main] INFO  m.Driver.MyWebDriverEventListener - WebDriver navigating to:'https://testun.com.ua/'
350581 [main] INFO  test.java.LogTest - _______________________Test = loginFromNews_______________________
350581 [main] INFO  m.Driver.MyWebDriverEventListener - WebDriver navigating to:'https://testun.com.ua//news'
351351 [main] DEBUG m.Driver.MyWebDriverEventListener - WebDriver changing value in element found By.id: login_email from 'tag:input |id: login_email |text: ('')
352027 [main] DEBUG m.Driver.MyWebDriverEventListener - WebDriver changing value in element found By.id: login_email from 'tag:input |id: login_email |text: ('')
352097 [main] DEBUG m.Driver.MyWebDriverEventListener - WebDriver changing value in element found By.id: login_password from 'tag:input |id: login_password |text: ('')
352964 [main] DEBUG m.Driver.MyWebDriverEventListener - WebDriver changing value in element found By.id: login_password from 'tag:input |id: login_password |text: ('')
353243 [main] DEBUG m.Driver.MyWebDriverEventListener - Webdriver will click on element tag:input |id: login_button |text: ('')
354969 [main] DEBUG m.Driver.MyWebDriverEventListener - hope Webdriver clicked on element tag:input |id: login_button |text: ('')
355908 [main] DEBUG m.Driver.MyWebDriverEventListener - Webdriver will click on element tag:a |id: js__menuTrigger |text: ('')
357996 [main] DEBUG m.Driver.MyWebDriverEventListener - hope Webdriver clicked on element tag:a |id: js__menuTrigger |text: ('')
358113 [main] DEBUG m.Driver.MyWebDriverEventListener - Webdriver will click on element tag:a |id:  |text: ('')
359761 [main] DEBUG m.Driver.MyWebDriverEventListener - hope Webdriver clicked on element tag:a |id:  |text: ('')
359805 [main] DEBUG m.Driver.MyWebDriverEventListener - Webdriver will click on element tag:span |id:  |text: ('Выйти')
360063 [main] DEBUG m.Driver.MyWebDriverEventListener - hope Webdriver clicked on element tag:span |id:  |text: ('Выйти')
360091 [main] INFO  test.java.LogTest - ------------------------waitForPageLoaded false
360920 [main] INFO  test.java.LogTest - >>>>>>>>>>@AfterMethod<<<<<<<<<
360967 [main] INFO  test.java.LogTest - ______________________________________class test.java.LogTest______________________________________
360967 [main] DEBUG main.Driver.WebDriverFactory - Requested driver: Capabilities [{browserName=firefox}]:null. Driver uses count = 22
360974 [main] DEBUG main.Driver.WebDriverFactory - getDriver: Current url: https://testun.com.ua/
360978 [main] INFO  m.Driver.MyWebDriverEventListener - WebDriver navigating to:'https://testun.com.ua/sys/sys/test_cookie_key'
361012 [main] INFO  m.Driver.MyWebDriverEventListener - WebDriver navigating to:'https://testun.com.ua/'
364747 [main] INFO  test.java.LogTest - _______________________Test = loginFromVideoPay _______________________
364748 [main] INFO  m.Driver.MyWebDriverEventListener - WebDriver navigating to:'https://testun.com.ua//pricing'
366353 [main] DEBUG m.Driver.MyWebDriverEventListener - Webdriver will click on element tag:a |id: login_chat |text: ('ПОДАТЬ ЗАЯВКУ')
368830 [main] DEBUG m.Driver.MyWebDriverEventListener - hope Webdriver clicked on element tag:a |id: login_chat |text: ('ПОДАТЬ ЗАЯВКУ')
368845 [main] INFO  test.java.LogTest - ------------------------waitForPageLoaded true
369010 [main] DEBUG m.Driver.MyWebDriverEventListener - Webdriver will click on element tag:a |id:  |text: ('войдите')
369780 [main] DEBUG m.Driver.MyWebDriverEventListener - hope Webdriver clicked on element tag:a |id:  |text: ('войдите')
369907 [main] DEBUG m.Driver.MyWebDriverEventListener - WebDriver changing value in element found By.id: login_email from 'tag:input |id: login_email |text: ('')
370524 [main] DEBUG m.Driver.MyWebDriverEventListener - WebDriver changing value in element found By.id: login_email from 'tag:input |id: login_email |text: ('')
370599 [main] DEBUG m.Driver.MyWebDriverEventListener - WebDriver changing value in element found By.id: login_password from 'tag:input |id: login_password |text: ('')
371364 [main] DEBUG m.Driver.MyWebDriverEventListener - WebDriver changing value in element found By.id: login_password from 'tag:input |id: login_password |text: ('')
371444 [main] DEBUG m.Driver.MyWebDriverEventListener - Webdriver will click on element tag:input |id: login_button |text: ('')
371811 [main] DEBUG m.Driver.MyWebDriverEventListener - hope Webdriver clicked on element tag:input |id: login_button |text: ('')
372793 [main] DEBUG m.Driver.MyWebDriverEventListener - Webdriver will click on element tag:a |id: js__menuTrigger |text: ('')
374896 [main] DEBUG m.Driver.MyWebDriverEventListener - hope Webdriver clicked on element tag:a |id: js__menuTrigger |text: ('')
375154 [main] DEBUG m.Driver.MyWebDriverEventListener - Webdriver will click on element tag:a |id:  |text: ('')
376775 [main] DEBUG m.Driver.MyWebDriverEventListener - hope Webdriver clicked on element tag:a |id:  |text: ('')
376958 [main] DEBUG m.Driver.MyWebDriverEventListener - Webdriver will click on element tag:span |id:  |text: ('Выйти')
377219 [main] DEBUG m.Driver.MyWebDriverEventListener - hope Webdriver clicked on element tag:span |id:  |text: ('Выйти')
377224 [main] INFO  test.java.LogTest - ------------------------waitForPageLoaded false
378121 [main] INFO  test.java.LogTest - ------------------------waitForPageLoaded true
378137 [main] INFO  test.java.LogTest - >>>>>>>>>>@AfterMethod<<<<<<<<<
378191 [main] INFO  test.java.LogTest - ______________________________________class test.java.LogTest______________________________________
378192 [main] DEBUG main.Driver.WebDriverFactory - Requested driver: Capabilities [{browserName=firefox}]:null. Driver uses count = 23
378199 [main] DEBUG main.Driver.WebDriverFactory - getDriver: Current url: https://testun.com.ua/
378206 [main] INFO  m.Driver.MyWebDriverEventListener - WebDriver navigating to:'https://testun.com.ua/sys/sys/test_cookie_key'
378225 [main] INFO  m.Driver.MyWebDriverEventListener - WebDriver navigating to:'https://testun.com.ua/'
381969 [main] INFO  test.java.LogTest - _______________________Test = loginFromVideoPay _______________________
381969 [main] INFO  m.Driver.MyWebDriverEventListener - WebDriver navigating to:'https://testun.com.ua//pricing'
382797 [main] DEBUG m.Driver.MyWebDriverEventListener - Webdriver will click on element tag:a |id: login_chat |text: ('Подать заявку')
385611 [main] DEBUG m.Driver.MyWebDriverEventListener - hope Webdriver clicked on element tag:a |id: login_chat |text: ('Подать заявку')
385618 [main] INFO  test.java.LogTest - ------------------------waitForPageLoaded true
385715 [main] DEBUG m.Driver.MyWebDriverEventListener - Webdriver will click on element tag:a |id:  |text: ('войдите')
386739 [main] DEBUG m.Driver.MyWebDriverEventListener - hope Webdriver clicked on element tag:a |id:  |text: ('войдите')
386846 [main] DEBUG m.Driver.MyWebDriverEventListener - WebDriver changing value in element found By.id: login_email from 'tag:input |id: login_email |text: ('')
387461 [main] DEBUG m.Driver.MyWebDriverEventListener - WebDriver changing value in element found By.id: login_email from 'tag:input |id: login_email |text: ('')
387543 [main] DEBUG m.Driver.MyWebDriverEventListener - WebDriver changing value in element found By.id: login_password from 'tag:input |id: login_password |text: ('')
388207 [main] DEBUG m.Driver.MyWebDriverEventListener - WebDriver changing value in element found By.id: login_password from 'tag:input |id: login_password |text: ('')
388280 [main] DEBUG m.Driver.MyWebDriverEventListener - Webdriver will click on element tag:input |id: login_button |text: ('')
388671 [main] DEBUG m.Driver.MyWebDriverEventListener - hope Webdriver clicked on element tag:input |id: login_button |text: ('')
389770 [main] DEBUG m.Driver.MyWebDriverEventListener - Webdriver will click on element tag:a |id: js__menuTrigger |text: ('')
391897 [main] DEBUG m.Driver.MyWebDriverEventListener - hope Webdriver clicked on element tag:a |id: js__menuTrigger |text: ('')
392240 [main] DEBUG m.Driver.MyWebDriverEventListener - Webdriver will click on element tag:a |id:  |text: ('')
393876 [main] DEBUG m.Driver.MyWebDriverEventListener - hope Webdriver clicked on element tag:a |id:  |text: ('')
394003 [main] DEBUG m.Driver.MyWebDriverEventListener - Webdriver will click on element tag:span |id:  |text: ('Выйти')
394313 [main] DEBUG m.Driver.MyWebDriverEventListener - hope Webdriver clicked on element tag:span |id:  |text: ('Выйти')
395122 [main] INFO  test.java.LogTest - ------------------------waitForPageLoaded true
395141 [main] INFO  test.java.LogTest - >>>>>>>>>>@AfterMethod<<<<<<<<<
395178 [main] INFO  test.java.LogTest - ______________________________________class test.java.LogTest______________________________________
395178 [main] DEBUG main.Driver.WebDriverFactory - Requested driver: Capabilities [{browserName=firefox}]:null. Driver uses count = 24
395185 [main] DEBUG main.Driver.WebDriverFactory - getDriver: Current url: https://testun.com.ua/
395192 [main] INFO  m.Driver.MyWebDriverEventListener - WebDriver navigating to:'https://testun.com.ua/sys/sys/test_cookie_key'
395224 [main] INFO  m.Driver.MyWebDriverEventListener - WebDriver navigating to:'https://testun.com.ua/'
398970 [main] INFO  test.java.LogTest - _______________________Test = loginFromVideoPay _______________________
398970 [main] INFO  m.Driver.MyWebDriverEventListener - WebDriver navigating to:'https://testun.com.ua//pricing'
399969 [main] DEBUG m.Driver.MyWebDriverEventListener - Webdriver will click on element tag:a |id:  |text: ('ПОПРОБОВАТЬ')
400998 [main] DEBUG m.Driver.MyWebDriverEventListener - hope Webdriver clicked on element tag:a |id:  |text: ('ПОПРОБОВАТЬ')
401015 [main] INFO  test.java.LogTest - ------------------------waitForPageLoaded true
401065 [main] DEBUG m.Driver.MyWebDriverEventListener - Webdriver will click on element tag:a |id:  |text: ('войдите')
402198 [main] DEBUG m.Driver.MyWebDriverEventListener - hope Webdriver clicked on element tag:a |id:  |text: ('войдите')
402277 [main] DEBUG m.Driver.MyWebDriverEventListener - WebDriver changing value in element found By.id: login_email from 'tag:input |id: login_email |text: ('')
402886 [main] DEBUG m.Driver.MyWebDriverEventListener - WebDriver changing value in element found By.id: login_email from 'tag:input |id: login_email |text: ('')
402964 [main] DEBUG m.Driver.MyWebDriverEventListener - WebDriver changing value in element found By.id: login_password from 'tag:input |id: login_password |text: ('')
403593 [main] DEBUG m.Driver.MyWebDriverEventListener - WebDriver changing value in element found By.id: login_password from 'tag:input |id: login_password |text: ('')
403660 [main] DEBUG m.Driver.MyWebDriverEventListener - Webdriver will click on element tag:input |id: login_button |text: ('')
404036 [main] DEBUG m.Driver.MyWebDriverEventListener - hope Webdriver clicked on element tag:input |id: login_button |text: ('')
404876 [main] DEBUG m.Driver.MyWebDriverEventListener - Webdriver will click on element tag:a |id: js__menuTrigger |text: ('')
406994 [main] DEBUG m.Driver.MyWebDriverEventListener - hope Webdriver clicked on element tag:a |id: js__menuTrigger |text: ('')
407119 [main] DEBUG m.Driver.MyWebDriverEventListener - Webdriver will click on element tag:a |id:  |text: ('')
408819 [main] DEBUG m.Driver.MyWebDriverEventListener - hope Webdriver clicked on element tag:a |id:  |text: ('')
408888 [main] DEBUG m.Driver.MyWebDriverEventListener - Webdriver will click on element tag:span |id:  |text: ('Выйти')
409151 [main] DEBUG m.Driver.MyWebDriverEventListener - hope Webdriver clicked on element tag:span |id:  |text: ('Выйти')
409160 [main] INFO  test.java.LogTest - ------------------------waitForPageLoaded false
409813 [main] ERROR m.Driver.MyWebDriverEventListener - ________________________________________________________________________________________________________________
409814 [main] ERROR m.Driver.MyWebDriverEventListener - WebDriver error:
org.openqa.selenium.WebDriverException: window.jQuery is undefined
Command duration or timeout: 653 milliseconds
Build info: version: '2.42.2', revision: '6a6995d', time: '2014-06-03 17:42:03'
System info: host: 'alexandra-System-Product-Name', ip: '127.0.1.1', os.name: 'Linux', os.arch: 'amd64', os.version: '3.2.0-23-generic', java.version: '1.7.0_60'
Session ID: 48ed196c-26c4-4339-98fa-e742062cb144
Driver info: org.openqa.selenium.firefox.FirefoxDriver
Capabilities [{platform=LINUX, acceptSslCerts=true, javascriptEnabled=true, cssSelectorsEnabled=true, databaseEnabled=true, browserName=firefox, handlesAlerts=true, browserConnectionEnabled=true, webStorageEnabled=true, nativeEvents=true, rotatable=false, locationContextEnabled=true, applicationCacheEnabled=true, takesScreenshot=true, version=29.0}]
	at sun.reflect.NativeConstructorAccessorImpl.newInstance0(Native Method) ~[na:1.7.0_60]
	at sun.reflect.NativeConstructorAccessorImpl.newInstance(NativeConstructorAccessorImpl.java:57) ~[na:1.7.0_60]
	at sun.reflect.DelegatingConstructorAccessorImpl.newInstance(DelegatingConstructorAccessorImpl.java:45) ~[na:1.7.0_60]
	at java.lang.reflect.Constructor.newInstance(Constructor.java:526) ~[na:1.7.0_60]
	at org.openqa.selenium.remote.ErrorHandler.createThrowable(ErrorHandler.java:204) ~[selenium-server-standalone-2.42.2.jar:na]
	at org.openqa.selenium.remote.ErrorHandler.throwIfResponseFailed(ErrorHandler.java:156) ~[selenium-server-standalone-2.42.2.jar:na]
	at org.openqa.selenium.remote.RemoteWebDriver.execute(RemoteWebDriver.java:599) ~[selenium-server-standalone-2.42.2.jar:na]
	at org.openqa.selenium.remote.RemoteWebDriver.executeScript(RemoteWebDriver.java:508) ~[selenium-server-standalone-2.42.2.jar:na]
	at sun.reflect.GeneratedMethodAccessor23.invoke(Unknown Source) ~[na:na]
	at sun.reflect.DelegatingMethodAccessorImpl.invoke(DelegatingMethodAccessorImpl.java:43) ~[na:1.7.0_60]
	at java.lang.reflect.Method.invoke(Method.java:606) ~[na:1.7.0_60]
	at org.openqa.selenium.support.events.EventFiringWebDriver$2.invoke(EventFiringWebDriver.java:101) ~[selenium-server-standalone-2.42.2.jar:na]
	at com.sun.proxy.$Proxy10.executeScript(Unknown Source) ~[na:na]
	at org.openqa.selenium.support.events.EventFiringWebDriver.executeScript(EventFiringWebDriver.java:213) ~[selenium-server-standalone-2.42.2.jar:na]
	at main.pages.BaseClass$1.apply(BaseClass.java:159) ~[classes/:na]
	at main.pages.BaseClass$1.apply(BaseClass.java:1) ~[classes/:na]
	at org.openqa.selenium.support.ui.FluentWait.until(FluentWait.java:208) [selenium-server-standalone-2.42.2.jar:na]
	at main.pages.BaseClass.waitForPageLoaded(BaseClass.java:164) [classes/:na]
	at main.pages.BaseClass.exit(BaseClass.java:77) [classes/:na]
	at test.java.LogTest.loginFromPricingFree(LogTest.java:556) [classes/:na]
	at sun.reflect.NativeMethodAccessorImpl.invoke0(Native Method) ~[na:1.7.0_60]
	at sun.reflect.NativeMethodAccessorImpl.invoke(NativeMethodAccessorImpl.java:57) ~[na:1.7.0_60]
	at sun.reflect.DelegatingMethodAccessorImpl.invoke(DelegatingMethodAccessorImpl.java:43) ~[na:1.7.0_60]
	at java.lang.reflect.Method.invoke(Method.java:606) ~[na:1.7.0_60]
	at org.testng.internal.MethodInvocationHelper.invokeMethod(MethodInvocationHelper.java:80) [testng.jar:6.9beta-201211201815]
	at org.testng.internal.Invoker.invokeMethod(Invoker.java:714) [testng.jar:6.9beta-201211201815]
	at org.testng.internal.Invoker.invokeTestMethod(Invoker.java:901) [testng.jar:6.9beta-201211201815]
	at org.testng.internal.Invoker.invokeTestMethods(Invoker.java:1231) [testng.jar:6.9beta-201211201815]
	at org.testng.internal.TestMethodWorker.invokeTestMethods(TestMethodWorker.java:128) [testng.jar:6.9beta-201211201815]
	at org.testng.internal.TestMethodWorker.run(TestMethodWorker.java:111) [testng.jar:6.9beta-201211201815]
	at org.testng.TestRunner.privateRun(TestRunner.java:767) [testng.jar:6.9beta-201211201815]
	at org.testng.TestRunner.run(TestRunner.java:617) [testng.jar:6.9beta-201211201815]
	at org.testng.SuiteRunner.runTest(SuiteRunner.java:334) [testng.jar:6.9beta-201211201815]
	at org.testng.SuiteRunner.runSequentially(SuiteRunner.java:329) [testng.jar:6.9beta-201211201815]
	at org.testng.SuiteRunner.privateRun(SuiteRunner.java:291) [testng.jar:6.9beta-201211201815]
	at org.testng.SuiteRunner.run(SuiteRunner.java:240) [testng.jar:6.9beta-201211201815]
	at org.testng.SuiteRunnerWorker.runSuite(SuiteRunnerWorker.java:52) [testng.jar:6.9beta-201211201815]
	at org.testng.SuiteRunnerWorker.run(SuiteRunnerWorker.java:86) [testng.jar:6.9beta-201211201815]
	at org.testng.TestNG.runSuitesSequentially(TestNG.java:1203) [testng.jar:6.9beta-201211201815]
	at org.testng.TestNG.runSuitesLocally(TestNG.java:1128) [testng.jar:6.9beta-201211201815]
	at org.testng.TestNG.run(TestNG.java:1036) [testng.jar:6.9beta-201211201815]
	at org.testng.remote.RemoteTestNG.run(RemoteTestNG.java:111) [testng.jar:6.9beta-201211201815]
	at org.testng.remote.RemoteTestNG.initAndRun(RemoteTestNG.java:204) [testng.jar:6.9beta-201211201815]
	at org.testng.remote.RemoteTestNG.main(RemoteTestNG.java:175) [testng.jar:6.9beta-201211201815]
org.openqa.selenium.remote.ErrorHandler$UnknownServerException: window.jQuery is undefined
Build info: version: '2.42.2', revision: '6a6995d', time: '2014-06-03 17:42:03'
System info: host: 'alexandra-System-Product-Name', ip: '127.0.1.1', os.name: 'Linux', os.arch: 'amd64', os.version: '3.2.0-23-generic', java.version: '1.7.0_60'
Driver info: driver.version: unknown
	at <anonymous class>.anonymous(https://testun.com.ua/:68) ~[na:na]
	at <anonymous class>.handleEvaluateEvent(https://testun.com.ua/:68) ~[na:na]
409815 [main] ERROR m.Driver.MyWebDriverEventListener - ________________________________________________________________________________________________________________
410065 [main] INFO  test.java.LogTest - window.JSErrorCollector_errors is undefined
Command duration or timeout: 250 milliseconds
Build info: version: '2.42.2', revision: '6a6995d', time: '2014-06-03 17:42:03'
System info: host: 'alexandra-System-Product-Name', ip: '127.0.1.1', os.name: 'Linux', os.arch: 'amd64', os.version: '3.2.0-23-generic', java.version: '1.7.0_60'
Session ID: 48ed196c-26c4-4339-98fa-e742062cb144
Driver info: org.openqa.selenium.firefox.FirefoxDriver
Capabilities [{platform=LINUX, acceptSslCerts=true, javascriptEnabled=true, cssSelectorsEnabled=true, databaseEnabled=true, browserName=firefox, handlesAlerts=true, browserConnectionEnabled=true, webStorageEnabled=true, nativeEvents=true, rotatable=false, locationContextEnabled=true, applicationCacheEnabled=true, takesScreenshot=true, version=29.0}]
410073 [main] INFO  test.java.LogTest - >>>>>>>>>>@AfterMethod<<<<<<<<<
410098 [main] INFO  test.java.LogTest - ______________________________________class test.java.LogTest______________________________________
410099 [main] DEBUG main.Driver.WebDriverFactory - Requested driver: Capabilities [{browserName=firefox}]:null. Driver uses count = 25
410103 [main] DEBUG main.Driver.WebDriverFactory - getDriver: Current url: https://testun.com.ua/
410106 [main] INFO  m.Driver.MyWebDriverEventListener - WebDriver navigating to:'https://testun.com.ua/sys/sys/test_cookie_key'
410131 [main] INFO  m.Driver.MyWebDriverEventListener - WebDriver navigating to:'https://testun.com.ua/'
413868 [main] INFO  test.java.LogTest - _______________________Test = loginFromVideoPay _______________________
413868 [main] INFO  m.Driver.MyWebDriverEventListener - WebDriver navigating to:'https://testun.com.ua//pricing'
415054 [main] DEBUG m.Driver.MyWebDriverEventListener - Webdriver will click on element tag:a |id:  |text: ('Попробовать')
416620 [main] DEBUG m.Driver.MyWebDriverEventListener - hope Webdriver clicked on element tag:a |id:  |text: ('Попробовать')
416633 [main] INFO  test.java.LogTest - ------------------------waitForPageLoaded true
416719 [main] DEBUG m.Driver.MyWebDriverEventListener - Webdriver will click on element tag:a |id:  |text: ('войдите')
417581 [main] DEBUG m.Driver.MyWebDriverEventListener - hope Webdriver clicked on element tag:a |id:  |text: ('войдите')
417620 [main] DEBUG m.Driver.MyWebDriverEventListener - WebDriver changing value in element found By.id: login_email from 'tag:input |id: login_email |text: ('')
418231 [main] DEBUG m.Driver.MyWebDriverEventListener - WebDriver changing value in element found By.id: login_email from 'tag:input |id: login_email |text: ('')
418316 [main] DEBUG m.Driver.MyWebDriverEventListener - WebDriver changing value in element found By.id: login_password from 'tag:input |id: login_password |text: ('')
418963 [main] DEBUG m.Driver.MyWebDriverEventListener - WebDriver changing value in element found By.id: login_password from 'tag:input |id: login_password |text: ('')
419037 [main] DEBUG m.Driver.MyWebDriverEventListener - Webdriver will click on element tag:input |id: login_button |text: ('')
419414 [main] DEBUG m.Driver.MyWebDriverEventListener - hope Webdriver clicked on element tag:input |id: login_button |text: ('')
420236 [main] DEBUG m.Driver.MyWebDriverEventListener - Webdriver will click on element tag:a |id: js__menuTrigger |text: ('')
422265 [main] DEBUG m.Driver.MyWebDriverEventListener - hope Webdriver clicked on element tag:a |id: js__menuTrigger |text: ('')
422494 [main] DEBUG m.Driver.MyWebDriverEventListener - Webdriver will click on element tag:a |id:  |text: ('')
424066 [main] DEBUG m.Driver.MyWebDriverEventListener - hope Webdriver clicked on element tag:a |id:  |text: ('')
424150 [main] DEBUG m.Driver.MyWebDriverEventListener - Webdriver will click on element tag:span |id:  |text: ('Выйти')
424413 [main] DEBUG m.Driver.MyWebDriverEventListener - hope Webdriver clicked on element tag:span |id:  |text: ('Выйти')
424444 [main] INFO  test.java.LogTest - ------------------------waitForPageLoaded false
425295 [main] INFO  test.java.LogTest - >>>>>>>>>>@AfterMethod<<<<<<<<<
425337 [main] INFO  test.java.LogTest - ______________________________________class test.java.LogTest______________________________________
425337 [main] DEBUG main.Driver.WebDriverFactory - Requested driver: Capabilities [{browserName=firefox}]:null. Driver uses count = 26
425344 [main] DEBUG main.Driver.WebDriverFactory - getDriver: Current url: https://testun.com.ua/
425348 [main] INFO  m.Driver.MyWebDriverEventListener - WebDriver navigating to:'https://testun.com.ua/sys/sys/test_cookie_key'
425369 [main] INFO  m.Driver.MyWebDriverEventListener - WebDriver navigating to:'https://testun.com.ua/'
429141 [main] INFO  test.java.LogTest - _______________________Test = loginFromVideoPay _______________________
429141 [main] INFO  m.Driver.MyWebDriverEventListener - WebDriver navigating to:'https://testun.com.ua//pricing'
429932 [main] DEBUG m.Driver.MyWebDriverEventListener - Webdriver will click on element tag:a |id:  |text: ('Купить')
431928 [main] DEBUG m.Driver.MyWebDriverEventListener - hope Webdriver clicked on element tag:a |id:  |text: ('Купить')
431933 [main] INFO  test.java.LogTest - ------------------------waitForPageLoaded true
431988 [main] DEBUG m.Driver.MyWebDriverEventListener - Webdriver will click on element tag:a |id:  |text: ('войдите')
432582 [main] DEBUG m.Driver.MyWebDriverEventListener - hope Webdriver clicked on element tag:a |id:  |text: ('войдите')
432683 [main] DEBUG m.Driver.MyWebDriverEventListener - WebDriver changing value in element found By.id: login_email from 'tag:input |id: login_email |text: ('')
433309 [main] DEBUG m.Driver.MyWebDriverEventListener - WebDriver changing value in element found By.id: login_email from 'tag:input |id: login_email |text: ('')
433377 [main] DEBUG m.Driver.MyWebDriverEventListener - WebDriver changing value in element found By.id: login_password from 'tag:input |id: login_password |text: ('')
434148 [main] DEBUG m.Driver.MyWebDriverEventListener - WebDriver changing value in element found By.id: login_password from 'tag:input |id: login_password |text: ('')
434225 [main] DEBUG m.Driver.MyWebDriverEventListener - Webdriver will click on element tag:input |id: login_button |text: ('')
434601 [main] DEBUG m.Driver.MyWebDriverEventListener - hope Webdriver clicked on element tag:input |id: login_button |text: ('')
435393 [main] INFO  test.java.LogTest - ------------------------waitForPageLoaded true
435435 [main] DEBUG m.Driver.MyWebDriverEventListener - Webdriver will click on element tag:a |id: popup_close |text: ('')
436052 [main] DEBUG m.Driver.MyWebDriverEventListener - hope Webdriver clicked on element tag:a |id: popup_close |text: ('')
436062 [main] INFO  test.java.LogTest - ------------------------waitForPageLoaded true
436222 [main] DEBUG m.Driver.MyWebDriverEventListener - Webdriver will click on element tag:a |id: js__menuTrigger |text: ('')
438481 [main] DEBUG m.Driver.MyWebDriverEventListener - hope Webdriver clicked on element tag:a |id: js__menuTrigger |text: ('')
438642 [main] DEBUG m.Driver.MyWebDriverEventListener - Webdriver will click on element tag:a |id:  |text: ('')
440305 [main] DEBUG m.Driver.MyWebDriverEventListener - hope Webdriver clicked on element tag:a |id:  |text: ('')
440385 [main] DEBUG m.Driver.MyWebDriverEventListener - Webdriver will click on element tag:span |id:  |text: ('Выйти')
440643 [main] DEBUG m.Driver.MyWebDriverEventListener - hope Webdriver clicked on element tag:span |id:  |text: ('Выйти')
440648 [main] INFO  test.java.LogTest - ------------------------waitForPageLoaded false
441513 [main] INFO  test.java.LogTest - ------------------------waitForPageLoaded true
441530 [main] INFO  test.java.LogTest - >>>>>>>>>>@AfterMethod<<<<<<<<<
441561 [main] INFO  test.java.LogTest - ______________________________________class test.java.LogTest______________________________________
441562 [main] DEBUG main.Driver.WebDriverFactory - Requested driver: Capabilities [{browserName=firefox}]:null. Driver uses count = 27
441565 [main] DEBUG main.Driver.WebDriverFactory - getDriver: Current url: https://testun.com.ua/
441570 [main] INFO  m.Driver.MyWebDriverEventListener - WebDriver navigating to:'https://testun.com.ua/sys/sys/test_cookie_key'
441598 [main] INFO  m.Driver.MyWebDriverEventListener - WebDriver navigating to:'https://testun.com.ua/'
445332 [main] INFO  test.java.LogTest - _______________________Test = loginFromVideoPay _______________________
445332 [main] INFO  m.Driver.MyWebDriverEventListener - WebDriver navigating to:'https://testun.com.ua//pricing'
446103 [main] DEBUG m.Driver.MyWebDriverEventListener - Webdriver will click on element tag:a |id:  |text: ('Купить')
448604 [main] DEBUG m.Driver.MyWebDriverEventListener - hope Webdriver clicked on element tag:a |id:  |text: ('Купить')
448609 [main] INFO  test.java.LogTest - ------------------------waitForPageLoaded true
448657 [main] DEBUG m.Driver.MyWebDriverEventListener - Webdriver will click on element tag:a |id:  |text: ('войдите')
449435 [main] DEBUG m.Driver.MyWebDriverEventListener - hope Webdriver clicked on element tag:a |id:  |text: ('войдите')
449502 [main] DEBUG m.Driver.MyWebDriverEventListener - WebDriver changing value in element found By.id: login_email from 'tag:input |id: login_email |text: ('')
450125 [main] DEBUG m.Driver.MyWebDriverEventListener - WebDriver changing value in element found By.id: login_email from 'tag:input |id: login_email |text: ('')
450184 [main] DEBUG m.Driver.MyWebDriverEventListener - WebDriver changing value in element found By.id: login_password from 'tag:input |id: login_password |text: ('')
450825 [main] DEBUG m.Driver.MyWebDriverEventListener - WebDriver changing value in element found By.id: login_password from 'tag:input |id: login_password |text: ('')
450898 [main] DEBUG m.Driver.MyWebDriverEventListener - Webdriver will click on element tag:input |id: login_button |text: ('')
451275 [main] DEBUG m.Driver.MyWebDriverEventListener - hope Webdriver clicked on element tag:input |id: login_button |text: ('')
452223 [main] INFO  test.java.LogTest - ------------------------waitForPageLoaded true
452293 [main] DEBUG m.Driver.MyWebDriverEventListener - Webdriver will click on element tag:a |id: popup_close |text: ('')
452995 [main] DEBUG m.Driver.MyWebDriverEventListener - hope Webdriver clicked on element tag:a |id: popup_close |text: ('')
453004 [main] INFO  test.java.LogTest - ------------------------waitForPageLoaded true
453104 [main] DEBUG m.Driver.MyWebDriverEventListener - Webdriver will click on element tag:a |id: js__menuTrigger |text: ('')
455371 [main] DEBUG m.Driver.MyWebDriverEventListener - hope Webdriver clicked on element tag:a |id: js__menuTrigger |text: ('')
455453 [main] DEBUG m.Driver.MyWebDriverEventListener - Webdriver will click on element tag:a |id:  |text: ('')
457076 [main] DEBUG m.Driver.MyWebDriverEventListener - hope Webdriver clicked on element tag:a |id:  |text: ('')
457189 [main] DEBUG m.Driver.MyWebDriverEventListener - Webdriver will click on element tag:span |id:  |text: ('Выйти')
457495 [main] DEBUG m.Driver.MyWebDriverEventListener - hope Webdriver clicked on element tag:span |id:  |text: ('Выйти')
458120 [main] INFO  test.java.LogTest - ------------------------waitForPageLoaded true
458338 [main] INFO  test.java.LogTest - >>>>>>>>>>@AfterMethod<<<<<<<<<
458362 [main] INFO  test.java.LogTest - ______________________________________class test.java.LogTest______________________________________
458362 [main] DEBUG main.Driver.WebDriverFactory - Requested driver: Capabilities [{browserName=firefox}]:null. Driver uses count = 28
458366 [main] DEBUG main.Driver.WebDriverFactory - getDriver: Current url: https://testun.com.ua/
458370 [main] INFO  m.Driver.MyWebDriverEventListener - WebDriver navigating to:'https://testun.com.ua/sys/sys/test_cookie_key'
458403 [main] INFO  m.Driver.MyWebDriverEventListener - WebDriver navigating to:'https://testun.com.ua/'
462209 [main] INFO  test.java.LogTest - _______________________Test = loginFromVideoPay _______________________
462209 [main] INFO  m.Driver.MyWebDriverEventListener - WebDriver navigating to:'https://testun.com.ua//pricing'
463192 [main] DEBUG m.Driver.MyWebDriverEventListener - Webdriver will click on element tag:a |id:  |text: ('КУПИТЬ')
464659 [main] DEBUG m.Driver.MyWebDriverEventListener - hope Webdriver clicked on element tag:a |id:  |text: ('КУПИТЬ')
464728 [main] INFO  test.java.LogTest - ------------------------waitForPageLoaded true
464782 [main] DEBUG m.Driver.MyWebDriverEventListener - Webdriver will click on element tag:a |id:  |text: ('войдите')
465347 [main] DEBUG m.Driver.MyWebDriverEventListener - hope Webdriver clicked on element tag:a |id:  |text: ('войдите')
465410 [main] DEBUG m.Driver.MyWebDriverEventListener - WebDriver changing value in element found By.id: login_email from 'tag:input |id: login_email |text: ('')
466019 [main] DEBUG m.Driver.MyWebDriverEventListener - WebDriver changing value in element found By.id: login_email from 'tag:input |id: login_email |text: ('')
466085 [main] DEBUG m.Driver.MyWebDriverEventListener - WebDriver changing value in element found By.id: login_password from 'tag:input |id: login_password |text: ('')
466736 [main] DEBUG m.Driver.MyWebDriverEventListener - WebDriver changing value in element found By.id: login_password from 'tag:input |id: login_password |text: ('')
466810 [main] DEBUG m.Driver.MyWebDriverEventListener - Webdriver will click on element tag:input |id: login_button |text: ('')
467188 [main] DEBUG m.Driver.MyWebDriverEventListener - hope Webdriver clicked on element tag:input |id: login_button |text: ('')
468135 [main] INFO  test.java.LogTest - ------------------------waitForPageLoaded false
468649 [main] INFO  test.java.LogTest - ------------------------waitForPageLoaded true
468733 [main] DEBUG m.Driver.MyWebDriverEventListener - Webdriver will click on element tag:a |id: popup_close |text: ('')
469337 [main] DEBUG m.Driver.MyWebDriverEventListener - hope Webdriver clicked on element tag:a |id: popup_close |text: ('')
469346 [main] INFO  test.java.LogTest - ------------------------waitForPageLoaded true
469472 [main] DEBUG m.Driver.MyWebDriverEventListener - Webdriver will click on element tag:a |id: js__menuTrigger |text: ('')
471706 [main] DEBUG m.Driver.MyWebDriverEventListener - hope Webdriver clicked on element tag:a |id: js__menuTrigger |text: ('')
471882 [main] DEBUG m.Driver.MyWebDriverEventListener - Webdriver will click on element tag:a |id:  |text: ('')
473563 [main] DEBUG m.Driver.MyWebDriverEventListener - hope Webdriver clicked on element tag:a |id:  |text: ('')
473641 [main] DEBUG m.Driver.MyWebDriverEventListener - Webdriver will click on element tag:span |id:  |text: ('Выйти')
473919 [main] DEBUG m.Driver.MyWebDriverEventListener - hope Webdriver clicked on element tag:span |id:  |text: ('Выйти')
474702 [main] INFO  test.java.LogTest - ------------------------waitForPageLoaded true
474710 [main] INFO  test.java.LogTest - >>>>>>>>>>@AfterMethod<<<<<<<<<
474734 [main] INFO  test.java.LogTest - ______________________________________class test.java.LogTest______________________________________
474734 [main] DEBUG main.Driver.WebDriverFactory - Requested driver: Capabilities [{browserName=firefox}]:null. Driver uses count = 29
474741 [main] DEBUG main.Driver.WebDriverFactory - getDriver: Current url: https://testun.com.ua/
474748 [main] INFO  m.Driver.MyWebDriverEventListener - WebDriver navigating to:'https://testun.com.ua/sys/sys/test_cookie_key'
474788 [main] INFO  m.Driver.MyWebDriverEventListener - WebDriver navigating to:'https://testun.com.ua/'
478502 [main] INFO  test.java.LogTest - _______________________Test = loginFromVideoPay _______________________
478503 [main] INFO  m.Driver.MyWebDriverEventListener - WebDriver navigating to:'https://testun.com.ua//pricing'
479537 [main] DEBUG m.Driver.MyWebDriverEventListener - Webdriver will click on element tag:a |id:  |text: ('КУПИТЬ')
481579 [main] DEBUG m.Driver.MyWebDriverEventListener - hope Webdriver clicked on element tag:a |id:  |text: ('КУПИТЬ')
481584 [main] INFO  test.java.LogTest - ------------------------waitForPageLoaded true
481733 [main] DEBUG m.Driver.MyWebDriverEventListener - Webdriver will click on element tag:a |id:  |text: ('войдите')
482038 [main] DEBUG m.Driver.MyWebDriverEventListener - hope Webdriver clicked on element tag:a |id:  |text: ('войдите')
482144 [main] DEBUG m.Driver.MyWebDriverEventListener - WebDriver changing value in element found By.id: login_email from 'tag:input |id: login_email |text: ('')
482763 [main] DEBUG m.Driver.MyWebDriverEventListener - WebDriver changing value in element found By.id: login_email from 'tag:input |id: login_email |text: ('')
482838 [main] DEBUG m.Driver.MyWebDriverEventListener - WebDriver changing value in element found By.id: login_password from 'tag:input |id: login_password |text: ('')
483491 [main] DEBUG m.Driver.MyWebDriverEventListener - WebDriver changing value in element found By.id: login_password from 'tag:input |id: login_password |text: ('')
483551 [main] DEBUG m.Driver.MyWebDriverEventListener - Webdriver will click on element tag:input |id: login_button |text: ('')
483927 [main] DEBUG m.Driver.MyWebDriverEventListener - hope Webdriver clicked on element tag:input |id: login_button |text: ('')
484760 [main] INFO  test.java.LogTest - ------------------------waitForPageLoaded true
484813 [main] DEBUG m.Driver.MyWebDriverEventListener - Webdriver will click on element tag:a |id: popup_close |text: ('')
485435 [main] DEBUG m.Driver.MyWebDriverEventListener - hope Webdriver clicked on element tag:a |id: popup_close |text: ('')
485445 [main] INFO  test.java.LogTest - ------------------------waitForPageLoaded true
485541 [main] DEBUG m.Driver.MyWebDriverEventListener - Webdriver will click on element tag:a |id: js__menuTrigger |text: ('')
487841 [main] DEBUG m.Driver.MyWebDriverEventListener - hope Webdriver clicked on element tag:a |id: js__menuTrigger |text: ('')
487911 [main] DEBUG m.Driver.MyWebDriverEventListener - Webdriver will click on element tag:a |id:  |text: ('')
489522 [main] DEBUG m.Driver.MyWebDriverEventListener - hope Webdriver clicked on element tag:a |id:  |text: ('')
489645 [main] DEBUG m.Driver.MyWebDriverEventListener - Webdriver will click on element tag:span |id:  |text: ('Выйти')
489904 [main] DEBUG m.Driver.MyWebDriverEventListener - hope Webdriver clicked on element tag:span |id:  |text: ('Выйти')
489913 [main] INFO  test.java.LogTest - ------------------------waitForPageLoaded false
490753 [main] INFO  test.java.LogTest - >>>>>>>>>>@AfterMethod<<<<<<<<<
490801 [main] INFO  test.java.LogTest - ______________________________________class test.java.LogTest______________________________________
490801 [main] DEBUG main.Driver.WebDriverFactory - Requested driver: Capabilities [{browserName=firefox}]:null. Driver uses count = 30
490805 [main] DEBUG main.Driver.WebDriverFactory - getDriver: Current url: https://testun.com.ua/
490812 [main] INFO  m.Driver.MyWebDriverEventListener - WebDriver navigating to:'https://testun.com.ua/sys/sys/test_cookie_key'
490852 [main] INFO  m.Driver.MyWebDriverEventListener - WebDriver navigating to:'https://testun.com.ua/'
494572 [main] INFO  test.java.LogTest - _______________________Test = loginFromSettAccount_______________________
494572 [main] INFO  m.Driver.MyWebDriverEventListener - WebDriver navigating to:'https://testun.com.ua//settings/account'
495599 [main] DEBUG m.Driver.MyWebDriverEventListener - WebDriver changing value in element found By.id: login_email from 'tag:input |id: login_email |text: ('')
496237 [main] DEBUG m.Driver.MyWebDriverEventListener - WebDriver changing value in element found By.id: login_email from 'tag:input |id: login_email |text: ('')
496377 [main] DEBUG m.Driver.MyWebDriverEventListener - WebDriver changing value in element found By.id: login_password from 'tag:input |id: login_password |text: ('')
497056 [main] DEBUG m.Driver.MyWebDriverEventListener - WebDriver changing value in element found By.id: login_password from 'tag:input |id: login_password |text: ('')
497230 [main] DEBUG m.Driver.MyWebDriverEventListener - Webdriver will click on element tag:input |id: login_button |text: ('')
498960 [main] DEBUG m.Driver.MyWebDriverEventListener - hope Webdriver clicked on element tag:input |id: login_button |text: ('')
499866 [main] DEBUG m.Driver.MyWebDriverEventListener - Webdriver will click on element tag:a |id: js__menuTrigger |text: ('')
501871 [main] DEBUG m.Driver.MyWebDriverEventListener - hope Webdriver clicked on element tag:a |id: js__menuTrigger |text: ('')
502126 [main] DEBUG m.Driver.MyWebDriverEventListener - Webdriver will click on element tag:a |id:  |text: ('')
503796 [main] DEBUG m.Driver.MyWebDriverEventListener - hope Webdriver clicked on element tag:a |id:  |text: ('')
503870 [main] DEBUG m.Driver.MyWebDriverEventListener - Webdriver will click on element tag:span |id:  |text: ('Выйти')
504149 [main] DEBUG m.Driver.MyWebDriverEventListener - hope Webdriver clicked on element tag:span |id:  |text: ('Выйти')
504761 [main] INFO  test.java.LogTest - ------------------------waitForPageLoaded true
505011 [main] INFO  test.java.LogTest - >>>>>>>>>>@AfterMethod<<<<<<<<<
505064 [main] INFO  test.java.LogTest - ______________________________________class test.java.LogTest______________________________________
505064 [main] DEBUG main.Driver.WebDriverFactory - Requested driver: Capabilities [{browserName=firefox}]:null. Driver uses count = 31
505070 [main] DEBUG main.Driver.WebDriverFactory - getDriver: Current url: https://testun.com.ua/
505077 [main] INFO  m.Driver.MyWebDriverEventListener - WebDriver navigating to:'https://testun.com.ua/sys/sys/test_cookie_key'
505121 [main] INFO  m.Driver.MyWebDriverEventListener - WebDriver navigating to:'https://testun.com.ua/'
508931 [main] INFO  test.java.LogTest - _______________________Test = loginFromSettings_______________________
508932 [main] INFO  m.Driver.MyWebDriverEventListener - WebDriver navigating to:'https://testun.com.ua//settings'
510280 [main] DEBUG m.Driver.MyWebDriverEventListener - WebDriver changing value in element found By.id: login_email from 'tag:input |id: login_email |text: ('')
510902 [main] DEBUG m.Driver.MyWebDriverEventListener - WebDriver changing value in element found By.id: login_email from 'tag:input |id: login_email |text: ('')
510968 [main] DEBUG m.Driver.MyWebDriverEventListener - WebDriver changing value in element found By.id: login_password from 'tag:input |id: login_password |text: ('')
511623 [main] DEBUG m.Driver.MyWebDriverEventListener - WebDriver changing value in element found By.id: login_password from 'tag:input |id: login_password |text: ('')
511700 [main] DEBUG m.Driver.MyWebDriverEventListener - Webdriver will click on element tag:input |id: login_button |text: ('')
513426 [main] DEBUG m.Driver.MyWebDriverEventListener - hope Webdriver clicked on element tag:input |id: login_button |text: ('')
514776 [main] DEBUG m.Driver.MyWebDriverEventListener - Webdriver will click on element tag:a |id: js__menuTrigger |text: ('')
516801 [main] DEBUG m.Driver.MyWebDriverEventListener - hope Webdriver clicked on element tag:a |id: js__menuTrigger |text: ('')
516992 [main] DEBUG m.Driver.MyWebDriverEventListener - Webdriver will click on element tag:a |id:  |text: ('')
518568 [main] DEBUG m.Driver.MyWebDriverEventListener - hope Webdriver clicked on element tag:a |id:  |text: ('')
518641 [main] DEBUG m.Driver.MyWebDriverEventListener - Webdriver will click on element tag:span |id:  |text: ('Выйти')
518921 [main] DEBUG m.Driver.MyWebDriverEventListener - hope Webdriver clicked on element tag:span |id:  |text: ('Выйти')
519744 [main] INFO  test.java.LogTest - ------------------------waitForPageLoaded true
519759 [main] INFO  test.java.LogTest - >>>>>>>>>>@AfterMethod<<<<<<<<<
519784 [main] INFO  test.java.LogTest - ______________________________________class test.java.LogTest______________________________________
519784 [main] DEBUG main.Driver.WebDriverFactory - Requested driver: Capabilities [{browserName=firefox}]:null. Driver uses count = 32
519789 [main] DEBUG main.Driver.WebDriverFactory - getDriver: Current url: https://testun.com.ua/
519792 [main] INFO  m.Driver.MyWebDriverEventListener - WebDriver navigating to:'https://testun.com.ua/sys/sys/test_cookie_key'
519818 [main] INFO  m.Driver.MyWebDriverEventListener - WebDriver navigating to:'https://testun.com.ua/'
523611 [main] INFO  test.java.LogTest - _______________________Test = loginGMHangoutPopup_______________________
523611 [main] INFO  m.Driver.MyWebDriverEventListener - WebDriver navigating to:'https://testun.com.ua//search'
524790 [main] DEBUG m.Driver.MyWebDriverEventListener - Webdriver will click on element tag:a |id:  |text: ('Сегодня в 19:00
The Parting of the Ways
Gregory M.
4
Бесплатно')
526860 [main] DEBUG m.Driver.MyWebDriverEventListener - hope Webdriver clicked on element tag:a |id:  |text: ('Сегодня в 19:00
The Parting of the Ways
Gregory M.
4
Бесплатно')
527422 [main] DEBUG m.Driver.MyWebDriverEventListener - Webdriver will click on element tag:a |id: original_subscribe |text: ('Принять участие | Бесплатно')
528374 [main] DEBUG m.Driver.MyWebDriverEventListener - hope Webdriver clicked on element tag:a |id: original_subscribe |text: ('Принять участие | Бесплатно')
528481 [main] DEBUG m.Driver.MyWebDriverEventListener - Webdriver will click on element tag:a |id:  |text: ('войдите')
528896 [main] DEBUG m.Driver.MyWebDriverEventListener - hope Webdriver clicked on element tag:a |id:  |text: ('войдите')
528995 [main] DEBUG m.Driver.MyWebDriverEventListener - Webdriver will click on element tag:a |id:  |text: ('Вход через Google')
529855 [main] DEBUG m.Driver.MyWebDriverEventListener - hope Webdriver clicked on element tag:a |id:  |text: ('Вход через Google')
530663 [main] DEBUG m.Driver.MyWebDriverEventListener - WebDriver changing value in element found By.id: Passwd from 'tag:input |id: Passwd |text: ('')
531231 [main] DEBUG m.Driver.MyWebDriverEventListener - WebDriver changing value in element found By.id: Passwd from 'tag:input |id: Passwd |text: ('')
531288 [main] DEBUG m.Driver.MyWebDriverEventListener - WebDriver changing value in element found By.id: Email from 'tag:input |id: Email |text: ('')
531944 [main] DEBUG m.Driver.MyWebDriverEventListener - WebDriver changing value in element found By.id: Email from 'tag:input |id: Email |text: ('')
532011 [main] DEBUG m.Driver.MyWebDriverEventListener - Webdriver will click on element tag:input |id: signIn |text: ('')
532713 [main] DEBUG m.Driver.MyWebDriverEventListener - hope Webdriver clicked on element tag:input |id: signIn |text: ('')
534930 [main] DEBUG m.Driver.MyWebDriverEventListener - Webdriver will click on element tag:a |id: js__menuTrigger |text: ('')
536048 [main] DEBUG m.Driver.MyWebDriverEventListener - hope Webdriver clicked on element tag:a |id: js__menuTrigger |text: ('')
536097 [main] INFO  test.java.LogTest - ------------------------waitForPageLoaded true
536106 [main] INFO  test.java.LogTest - Assert that user Petrikov Vasilii (DONT CHANGE) takes part in conference
536230 [main] DEBUG m.Driver.MyWebDriverEventListener - Webdriver will click on element tag:a |id:  |text: ('')
537833 [main] DEBUG m.Driver.MyWebDriverEventListener - hope Webdriver clicked on element tag:a |id:  |text: ('')
538006 [main] DEBUG m.Driver.MyWebDriverEventListener - Webdriver will click on element tag:span |id:  |text: ('Выйти')
538274 [main] DEBUG m.Driver.MyWebDriverEventListener - hope Webdriver clicked on element tag:span |id:  |text: ('Выйти')
538306 [main] INFO  test.java.LogTest - ------------------------waitForPageLoaded false
539498 [main] INFO  m.Driver.MyWebDriverEventListener - WebDriver navigating to:'https://accounts.google.com'
541764 [main] INFO  test.java.LogTest - >>>>>>>>>>@AfterMethod<<<<<<<<<
541774 [main] ERROR test.java.LogTest - ----------------------------------------------------------------------js error----------------------------------------------------------------------
541774 [main] ERROR test.java.LogTest - javascript error 1.SyntaxError: Using //@ to indicate sourceURL pragmas is deprecated. Use //# instead [https://www.google.com/settings/_/scs/ac-static/_/js/k=ac.s2.ru.Q8Ke1rtoIiY.O/m=b2,s2_p/rt=j/d=1/t=zcms/rs=AD6RtdO5RL09X96EHEUxRi9UBw8nntDkWA:64]
541775 [main] ERROR test.java.LogTest - ----------------------------------------------------------------------js error----------------------------------------------------------------------
541816 [main] INFO  test.java.LogTest - ______________________________________class test.java.LogTest______________________________________
541816 [main] DEBUG main.Driver.WebDriverFactory - Requested driver: Capabilities [{browserName=firefox}]:null. Driver uses count = 33
541822 [main] DEBUG main.Driver.WebDriverFactory - getDriver: Current url: https://accounts.google.com/ServiceLogin?passive=1209600&osid=1&continue=https://www.google.com/settings/personalinfo&followup=https://www.google.com/settings/personalinfo
541826 [main] INFO  m.Driver.MyWebDriverEventListener - WebDriver navigating to:'https://testun.com.ua/sys/sys/test_cookie_key'
542024 [main] INFO  m.Driver.MyWebDriverEventListener - WebDriver navigating to:'https://testun.com.ua/'
546039 [main] INFO  test.java.LogTest - _______________________Test = loginFromHeaderHangCreate_______________________
546125 [main] DEBUG m.Driver.MyWebDriverEventListener - Webdriver will click on element tag:a |id: js_header_singcreate |text: ('Создать трансляцию')
549205 [main] DEBUG m.Driver.MyWebDriverEventListener - hope Webdriver clicked on element tag:a |id: js_header_singcreate |text: ('Создать трансляцию')
549226 [main] INFO  test.java.LogTest - ------------------------waitForPageLoaded true
549321 [main] DEBUG m.Driver.MyWebDriverEventListener - Webdriver will click on element tag:a |id:  |text: ('войдите')
551026 [main] DEBUG m.Driver.MyWebDriverEventListener - hope Webdriver clicked on element tag:a |id:  |text: ('войдите')
551195 [main] DEBUG m.Driver.MyWebDriverEventListener - Webdriver will click on element tag:a |id:  |text: ('Вход через Google')
552236 [main] DEBUG m.Driver.MyWebDriverEventListener - hope Webdriver clicked on element tag:a |id:  |text: ('Вход через Google')
553059 [main] DEBUG m.Driver.MyWebDriverEventListener - WebDriver changing value in element found By.id: Passwd from 'tag:input |id: Passwd |text: ('')
553606 [main] DEBUG m.Driver.MyWebDriverEventListener - WebDriver changing value in element found By.id: Passwd from 'tag:input |id: Passwd |text: ('')
553677 [main] DEBUG m.Driver.MyWebDriverEventListener - WebDriver changing value in element found By.id: Email from 'tag:input |id: Email |text: ('')
554358 [main] DEBUG m.Driver.MyWebDriverEventListener - WebDriver changing value in element found By.id: Email from 'tag:input |id: Email |text: ('')
554427 [main] DEBUG m.Driver.MyWebDriverEventListener - Webdriver will click on element tag:input |id: signIn |text: ('')
555058 [main] DEBUG m.Driver.MyWebDriverEventListener - hope Webdriver clicked on element tag:input |id: signIn |text: ('')
557622 [main] DEBUG m.Driver.MyWebDriverEventListener - Webdriver will click on element tag:a |id: js__menuTrigger |text: ('')
558751 [main] DEBUG m.Driver.MyWebDriverEventListener - hope Webdriver clicked on element tag:a |id: js__menuTrigger |text: ('')
558841 [main] DEBUG m.Driver.MyWebDriverEventListener - Webdriver will click on element tag:a |id:  |text: ('')
560472 [main] DEBUG m.Driver.MyWebDriverEventListener - hope Webdriver clicked on element tag:a |id:  |text: ('')
560647 [main] DEBUG m.Driver.MyWebDriverEventListener - Webdriver will click on element tag:span |id:  |text: ('Выйти')
560914 [main] DEBUG m.Driver.MyWebDriverEventListener - hope Webdriver clicked on element tag:span |id:  |text: ('Выйти')
561812 [main] INFO  test.java.LogTest - ------------------------waitForPageLoaded true
561942 [main] INFO  m.Driver.MyWebDriverEventListener - WebDriver navigating to:'https://accounts.google.com'
563948 [main] INFO  test.java.LogTest - >>>>>>>>>>@AfterMethod<<<<<<<<<
563961 [main] ERROR test.java.LogTest - ----------------------------------------------------------------------js error----------------------------------------------------------------------
563961 [main] ERROR test.java.LogTest - javascript error 1.SyntaxError: Using //@ to indicate sourceURL pragmas is deprecated. Use //# instead [https://www.google.com/settings/_/scs/ac-static/_/js/k=ac.s2.ru.Q8Ke1rtoIiY.O/m=b2,s2_p/rt=j/d=1/t=zcms/rs=AD6RtdO5RL09X96EHEUxRi9UBw8nntDkWA:64]
563961 [main] ERROR test.java.LogTest - ----------------------------------------------------------------------js error----------------------------------------------------------------------
564011 [main] INFO  test.java.LogTest - ______________________________________class test.java.LogTest______________________________________
564011 [main] DEBUG main.Driver.WebDriverFactory - Requested driver: Capabilities [{browserName=firefox}]:null. Driver uses count = 34
564018 [main] DEBUG main.Driver.WebDriverFactory - getDriver: Current url: https://accounts.google.com/ServiceLogin?passive=1209600&osid=1&continue=https://www.google.com/settings/personalinfo&followup=https://www.google.com/settings/personalinfo
564025 [main] INFO  m.Driver.MyWebDriverEventListener - WebDriver navigating to:'https://testun.com.ua/sys/sys/test_cookie_key'
564224 [main] INFO  m.Driver.MyWebDriverEventListener - WebDriver navigating to:'https://testun.com.ua/'
568349 [main] INFO  test.java.LogTest - _______________________Test = invalidLoginWrongPass_______________________
568431 [main] DEBUG m.Driver.MyWebDriverEventListener - Webdriver will click on element tag:a |id: js_header_signin |text: ('Войти')
571924 [main] DEBUG m.Driver.MyWebDriverEventListener - hope Webdriver clicked on element tag:a |id: js_header_signin |text: ('Войти')
571937 [main] INFO  test.java.LogTest - ------------------------waitForPageLoaded true
571995 [main] DEBUG m.Driver.MyWebDriverEventListener - Webdriver will click on element tag:a |id:  |text: ('Создайте свой аккаунт!')
573747 [main] DEBUG m.Driver.MyWebDriverEventListener - hope Webdriver clicked on element tag:a |id:  |text: ('Создайте свой аккаунт!')
573948 [main] DEBUG m.Driver.MyWebDriverEventListener - Webdriver will click on element tag:a |id:  |text: ('войдите')
574179 [main] DEBUG m.Driver.MyWebDriverEventListener - hope Webdriver clicked on element tag:a |id:  |text: ('войдите')
574230 [main] INFO  test.java.LogTest - >>>>>>>>>>@AfterMethod<<<<<<<<<
574260 [main] INFO  test.java.LogTest - ______________________________________class test.java.LogTest______________________________________
574260 [main] DEBUG main.Driver.WebDriverFactory - Requested driver: Capabilities [{browserName=firefox}]:null. Driver uses count = 35
574264 [main] DEBUG main.Driver.WebDriverFactory - getDriver: Current url: https://testun.com.ua/#signin
574271 [main] INFO  m.Driver.MyWebDriverEventListener - WebDriver navigating to:'https://testun.com.ua/sys/sys/test_cookie_key'
574372 [main] INFO  m.Driver.MyWebDriverEventListener - WebDriver navigating to:'https://testun.com.ua/'
578357 [main] INFO  test.java.LogTest - _______________________________Test = validLoginPage_______________________________
578357 [main] INFO  m.Driver.MyWebDriverEventListener - WebDriver navigating to:'https://testun.com.ua/login'
579342 [main] DEBUG m.Driver.MyWebDriverEventListener - WebDriver changing value in element found By.id: login_email from 'tag:input |id: login_email |text: ('')
579957 [main] DEBUG m.Driver.MyWebDriverEventListener - WebDriver changing value in element found By.id: login_email from 'tag:input |id: login_email |text: ('')
580036 [main] DEBUG m.Driver.MyWebDriverEventListener - WebDriver changing value in element found By.id: login_password from 'tag:input |id: login_password |text: ('')
580671 [main] DEBUG m.Driver.MyWebDriverEventListener - WebDriver changing value in element found By.id: login_password from 'tag:input |id: login_password |text: ('')
580845 [main] DEBUG m.Driver.MyWebDriverEventListener - Webdriver will click on element tag:input |id: login_button |text: ('')
581217 [main] DEBUG m.Driver.MyWebDriverEventListener - hope Webdriver clicked on element tag:input |id: login_button |text: ('')
582471 [main] DEBUG m.Driver.MyWebDriverEventListener - Webdriver will click on element tag:a |id: js__menuTrigger |text: ('')
584499 [main] DEBUG m.Driver.MyWebDriverEventListener - hope Webdriver clicked on element tag:a |id: js__menuTrigger |text: ('')
584675 [main] DEBUG m.Driver.MyWebDriverEventListener - Webdriver will click on element tag:a |id:  |text: ('')
586248 [main] DEBUG m.Driver.MyWebDriverEventListener - hope Webdriver clicked on element tag:a |id:  |text: ('')
586311 [main] DEBUG m.Driver.MyWebDriverEventListener - Webdriver will click on element tag:span |id:  |text: ('Выйти')
586576 [main] DEBUG m.Driver.MyWebDriverEventListener - hope Webdriver clicked on element tag:span |id:  |text: ('Выйти')
586604 [main] INFO  test.java.LogTest - ------------------------waitForPageLoaded false
587518 [main] INFO  test.java.LogTest - >>>>>>>>>>@AfterMethod<<<<<<<<<
587543 [main] INFO  test.java.LogTest - ______________________________________class test.java.LogTest______________________________________
587543 [main] DEBUG main.Driver.WebDriverFactory - Requested driver: Capabilities [{browserName=firefox}]:null. Driver uses count = 36
587547 [main] DEBUG main.Driver.WebDriverFactory - getDriver: Current url: https://testun.com.ua/
587551 [main] INFO  m.Driver.MyWebDriverEventListener - WebDriver navigating to:'https://testun.com.ua/sys/sys/test_cookie_key'
587580 [main] INFO  m.Driver.MyWebDriverEventListener - WebDriver navigating to:'https://testun.com.ua/'
591509 [main] INFO  test.java.LogTest - _______________________________Test = validLoginPopup_______________________________
591548 [main] DEBUG m.Driver.MyWebDriverEventListener - Webdriver will click on element tag:a |id: js_header_signin |text: ('Войти')
594893 [main] DEBUG m.Driver.MyWebDriverEventListener - hope Webdriver clicked on element tag:a |id: js_header_signin |text: ('Войти')
594903 [main] INFO  test.java.LogTest - ------------------------waitForPageLoaded true
595026 [main] DEBUG m.Driver.MyWebDriverEventListener - WebDriver changing value in element found By.id: login_email from 'tag:input |id: login_email |text: ('')
595646 [main] DEBUG m.Driver.MyWebDriverEventListener - WebDriver changing value in element found By.id: login_email from 'tag:input |id: login_email |text: ('')
595753 [main] DEBUG m.Driver.MyWebDriverEventListener - WebDriver changing value in element found By.id: login_password from 'tag:input |id: login_password |text: ('')
596393 [main] DEBUG m.Driver.MyWebDriverEventListener - WebDriver changing value in element found By.id: login_password from 'tag:input |id: login_password |text: ('')
596488 [main] DEBUG m.Driver.MyWebDriverEventListener - Webdriver will click on element tag:input |id: login_button |text: ('')
598202 [main] DEBUG m.Driver.MyWebDriverEventListener - hope Webdriver clicked on element tag:input |id: login_button |text: ('')
599786 [main] DEBUG m.Driver.MyWebDriverEventListener - Webdriver will click on element tag:a |id: js__menuTrigger |text: ('')
601809 [main] DEBUG m.Driver.MyWebDriverEventListener - hope Webdriver clicked on element tag:a |id: js__menuTrigger |text: ('')
602032 [main] DEBUG m.Driver.MyWebDriverEventListener - Webdriver will click on element tag:a |id:  |text: ('')
603701 [main] DEBUG m.Driver.MyWebDriverEventListener - hope Webdriver clicked on element tag:a |id:  |text: ('')
603753 [main] DEBUG m.Driver.MyWebDriverEventListener - Webdriver will click on element tag:span |id:  |text: ('Выйти')
604076 [main] DEBUG m.Driver.MyWebDriverEventListener - hope Webdriver clicked on element tag:span |id:  |text: ('Выйти')
604932 [main] INFO  test.java.LogTest - ------------------------waitForPageLoaded true
604945 [main] INFO  test.java.LogTest - >>>>>>>>>>@AfterMethod<<<<<<<<<
604978 [main] INFO  test.java.LogTest - ______________________________________class test.java.LogTest______________________________________
604978 [main] DEBUG main.Driver.WebDriverFactory - Requested driver: Capabilities [{browserName=firefox}]:null. Driver uses count = 37
604986 [main] DEBUG main.Driver.WebDriverFactory - getDriver: Current url: https://testun.com.ua/
604989 [main] INFO  m.Driver.MyWebDriverEventListener - WebDriver navigating to:'https://testun.com.ua/sys/sys/test_cookie_key'
605017 [main] INFO  m.Driver.MyWebDriverEventListener - WebDriver navigating to:'https://testun.com.ua/'
608764 [main] INFO  test.java.LogTest - _______________________Test = captchaWrongPass_______________________
608844 [main] DEBUG m.Driver.MyWebDriverEventListener - Webdriver will click on element tag:a |id: js_header_signin |text: ('Войти')
612288 [main] DEBUG m.Driver.MyWebDriverEventListener - hope Webdriver clicked on element tag:a |id: js_header_signin |text: ('Войти')
612293 [main] INFO  test.java.LogTest - ------------------------waitForPageLoaded true
612400 [main] DEBUG m.Driver.MyWebDriverEventListener - WebDriver changing value in element found By.id: login_email from 'tag:input |id: login_email |text: ('')
613039 [main] DEBUG m.Driver.MyWebDriverEventListener - WebDriver changing value in element found By.id: login_email from 'tag:input |id: login_email |text: ('')
613120 [main] DEBUG m.Driver.MyWebDriverEventListener - WebDriver changing value in element found By.id: login_password from 'tag:input |id: login_password |text: ('')
613459 [main] DEBUG m.Driver.MyWebDriverEventListener - WebDriver changing value in element found By.id: login_password from 'tag:input |id: login_password |text: ('')
613557 [main] DEBUG m.Driver.MyWebDriverEventListener - Webdriver will click on element tag:input |id: login_button |text: ('')
615263 [main] DEBUG m.Driver.MyWebDriverEventListener - hope Webdriver clicked on element tag:input |id: login_button |text: ('')
615361 [main] DEBUG m.Driver.MyWebDriverEventListener - WebDriver changing value in element found By.id: login_email from 'tag:input |id: login_email |text: ('')
616039 [main] DEBUG m.Driver.MyWebDriverEventListener - WebDriver changing value in element found By.id: login_email from 'tag:input |id: login_email |text: ('')
616117 [main] DEBUG m.Driver.MyWebDriverEventListener - WebDriver changing value in element found By.id: login_password from 'tag:input |id: login_password |text: ('')
616459 [main] DEBUG m.Driver.MyWebDriverEventListener - WebDriver changing value in element found By.id: login_password from 'tag:input |id: login_password |text: ('')
616537 [main] DEBUG m.Driver.MyWebDriverEventListener - Webdriver will click on element tag:input |id: login_button |text: ('')
616680 [main] DEBUG m.Driver.MyWebDriverEventListener - hope Webdriver clicked on element tag:input |id: login_button |text: ('')
616738 [main] DEBUG m.Driver.MyWebDriverEventListener - WebDriver changing value in element found By.id: login_email from 'tag:input |id: login_email |text: ('')
617387 [main] DEBUG m.Driver.MyWebDriverEventListener - WebDriver changing value in element found By.id: login_email from 'tag:input |id: login_email |text: ('')
617470 [main] DEBUG m.Driver.MyWebDriverEventListener - WebDriver changing value in element found By.id: login_password from 'tag:input |id: login_password |text: ('')
617821 [main] DEBUG m.Driver.MyWebDriverEventListener - WebDriver changing value in element found By.id: login_password from 'tag:input |id: login_password |text: ('')
617924 [main] DEBUG m.Driver.MyWebDriverEventListener - Webdriver will click on element tag:input |id: login_button |text: ('')
618072 [main] DEBUG m.Driver.MyWebDriverEventListener - hope Webdriver clicked on element tag:input |id: login_button |text: ('')
618124 [main] DEBUG m.Driver.MyWebDriverEventListener - WebDriver changing value in element found By.id: login_email from 'tag:input |id: login_email |text: ('')
618778 [main] DEBUG m.Driver.MyWebDriverEventListener - WebDriver changing value in element found By.id: login_email from 'tag:input |id: login_email |text: ('')
618847 [main] DEBUG m.Driver.MyWebDriverEventListener - WebDriver changing value in element found By.id: login_password from 'tag:input |id: login_password |text: ('')
619210 [main] DEBUG m.Driver.MyWebDriverEventListener - WebDriver changing value in element found By.id: login_password from 'tag:input |id: login_password |text: ('')
619317 [main] DEBUG m.Driver.MyWebDriverEventListener - Webdriver will click on element tag:input |id: login_button |text: ('')
619460 [main] DEBUG m.Driver.MyWebDriverEventListener - hope Webdriver clicked on element tag:input |id: login_button |text: ('')
619511 [main] DEBUG m.Driver.MyWebDriverEventListener - WebDriver changing value in element found By.id: login_email from 'tag:input |id: login_email |text: ('')
620164 [main] DEBUG m.Driver.MyWebDriverEventListener - WebDriver changing value in element found By.id: login_email from 'tag:input |id: login_email |text: ('')
620206 [main] DEBUG m.Driver.MyWebDriverEventListener - WebDriver changing value in element found By.id: login_password from 'tag:input |id: login_password |text: ('')
620528 [main] DEBUG m.Driver.MyWebDriverEventListener - WebDriver changing value in element found By.id: login_password from 'tag:input |id: login_password |text: ('')
620589 [main] DEBUG m.Driver.MyWebDriverEventListener - Webdriver will click on element tag:input |id: login_button |text: ('')
620743 [main] DEBUG m.Driver.MyWebDriverEventListener - hope Webdriver clicked on element tag:input |id: login_button |text: ('')
620796 [main] DEBUG m.Driver.MyWebDriverEventListener - WebDriver changing value in element found By.id: login_email from 'tag:input |id: login_email |text: ('')
621455 [main] DEBUG m.Driver.MyWebDriverEventListener - WebDriver changing value in element found By.id: login_email from 'tag:input |id: login_email |text: ('')
621530 [main] DEBUG m.Driver.MyWebDriverEventListener - WebDriver changing value in element found By.id: login_password from 'tag:input |id: login_password |text: ('')
621985 [main] DEBUG m.Driver.MyWebDriverEventListener - WebDriver changing value in element found By.id: login_password from 'tag:input |id: login_password |text: ('')
622028 [main] DEBUG m.Driver.MyWebDriverEventListener - Webdriver will click on element tag:input |id: login_button |text: ('')
622184 [main] DEBUG m.Driver.MyWebDriverEventListener - hope Webdriver clicked on element tag:input |id: login_button |text: ('')
622228 [main] INFO  test.java.LogTest - >>>>>>>>>>@AfterMethod<<<<<<<<<
622587 [Thread-0] DEBUG main.Driver.WebDriverFactory - Killing driver 
371  [main] INFO  test.java.LogTest - ______________________________________class test.java.LogTest______________________________________
380  [main] DEBUG main.Driver.WebDriverFactory - Requested driver: Capabilities [{browserName=firefox}]:null. Driver uses count = 1
3666 [main] INFO  m.Driver.MyWebDriverEventListener - WebDriver navigating to:'https://testun.com.ua/sys/sys/test_cookie_key'
4417 [main] INFO  m.Driver.MyWebDriverEventListener - WebDriver navigating to:'https://testun.com.ua/'
9796 [main] DEBUG m.Driver.MyWebDriverEventListener - Webdriver will click on element tag:a |id:  |text: ('English')
12728 [main] DEBUG m.Driver.MyWebDriverEventListener - hope Webdriver clicked on element tag:a |id:  |text: ('English')
12739 [main] INFO  test.java.LogTest - ------------------------waitForPageLoaded true
12834 [main] DEBUG m.Driver.MyWebDriverEventListener - Webdriver will click on element tag:a |id:  |text: ('Русский')
13077 [main] DEBUG m.Driver.MyWebDriverEventListener - hope Webdriver clicked on element tag:a |id:  |text: ('Русский')
13793 [main] INFO  test.java.LogTest - ------------------------waitForPageLoaded true
13860 [main] INFO  test.java.LogTest - _______________________Test = loginFromHangoutHeader_______________________
13862 [main] INFO  m.Driver.MyWebDriverEventListener - WebDriver navigating to:'https://testun.com.ua//search'
14860 [main] DEBUG m.Driver.MyWebDriverEventListener - Webdriver will click on element tag:a |id:  |text: ('Проходит сейчас
16 октября 2014 в 16:05
gukmkgh
Бобр-Добр
Бесплатно')
15934 [main] DEBUG m.Driver.MyWebDriverEventListener - hope Webdriver clicked on element tag:a |id:  |text: ('Проходит сейчас
16 октября 2014 в 16:05
gukmkgh
Бобр-Добр
Бесплатно')
16029 [main] DEBUG m.Driver.MyWebDriverEventListener - Webdriver will click on element tag:a |id: js_header_signin |text: ('Войти')
17768 [main] DEBUG m.Driver.MyWebDriverEventListener - hope Webdriver clicked on element tag:a |id: js_header_signin |text: ('Войти')
17775 [main] INFO  test.java.LogTest - ------------------------waitForPageLoaded true
17853 [main] DEBUG m.Driver.MyWebDriverEventListener - WebDriver changing value in element found By.id: login_email from 'tag:input |id: login_email |text: ('')
18462 [main] DEBUG m.Driver.MyWebDriverEventListener - WebDriver changing value in element found By.id: login_email from 'tag:input |id: login_email |text: ('')
19174 [main] DEBUG m.Driver.MyWebDriverEventListener - WebDriver changing value in element found By.id: login_password from 'tag:input |id: login_password |text: ('')
19803 [main] DEBUG m.Driver.MyWebDriverEventListener - WebDriver changing value in element found By.id: login_password from 'tag:input |id: login_password |text: ('')
19881 [main] DEBUG m.Driver.MyWebDriverEventListener - Webdriver will click on element tag:input |id: login_button |text: ('')
21585 [main] DEBUG m.Driver.MyWebDriverEventListener - hope Webdriver clicked on element tag:input |id: login_button |text: ('')
22980 [main] DEBUG m.Driver.MyWebDriverEventListener - Webdriver will click on element tag:a |id: js__menuTrigger |text: ('')
25002 [main] DEBUG m.Driver.MyWebDriverEventListener - hope Webdriver clicked on element tag:a |id: js__menuTrigger |text: ('')
25192 [main] DEBUG m.Driver.MyWebDriverEventListener - Webdriver will click on element tag:a |id:  |text: ('')
26760 [main] DEBUG m.Driver.MyWebDriverEventListener - hope Webdriver clicked on element tag:a |id:  |text: ('')
26800 [main] DEBUG m.Driver.MyWebDriverEventListener - Webdriver will click on element tag:span |id:  |text: ('Выйти')
27055 [main] DEBUG m.Driver.MyWebDriverEventListener - hope Webdriver clicked on element tag:span |id:  |text: ('Выйти')
27062 [main] INFO  test.java.LogTest - ------------------------waitForPageLoaded false
27914 [main] INFO  test.java.LogTest - >>>>>>>>>>@AfterMethod<<<<<<<<<
27990 [Thread-0] DEBUG main.Driver.WebDriverFactory - Killing driver 
30107 [Thread-0] ERROR m.Driver.MyWebDriverEventListener - ________________________________________________________________________________________________________________
30115 [Thread-0] ERROR m.Driver.MyWebDriverEventListener - WebDriver error:
org.openqa.selenium.remote.UnreachableBrowserException: Error communicating with the remote browser. It may have died.
Build info: version: '2.42.2', revision: '6a6995d', time: '2014-06-03 17:42:03'
System info: host: 'alexandra-System-Product-Name', ip: '127.0.1.1', os.name: 'Linux', os.arch: 'amd64', os.version: '3.2.0-23-generic', java.version: '1.7.0_60'
Driver info: driver.version: EventFiringWebDriver
	at org.openqa.selenium.remote.RemoteWebDriver.execute(RemoteWebDriver.java:593) ~[selenium-server-standalone-2.42.2.jar:na]
	at org.openqa.selenium.remote.RemoteWebDriver.execute(RemoteWebDriver.java:614) ~[selenium-server-standalone-2.42.2.jar:na]
	at org.openqa.selenium.remote.RemoteWebDriver.quit(RemoteWebDriver.java:468) ~[selenium-server-standalone-2.42.2.jar:na]
	at sun.reflect.NativeMethodAccessorImpl.invoke0(Native Method) ~[na:1.7.0_60]
	at sun.reflect.NativeMethodAccessorImpl.invoke(NativeMethodAccessorImpl.java:57) ~[na:1.7.0_60]
	at sun.reflect.DelegatingMethodAccessorImpl.invoke(DelegatingMethodAccessorImpl.java:43) ~[na:1.7.0_60]
	at java.lang.reflect.Method.invoke(Method.java:606) ~[na:1.7.0_60]
	at org.openqa.selenium.support.events.EventFiringWebDriver$2.invoke(EventFiringWebDriver.java:101) ~[selenium-server-standalone-2.42.2.jar:na]
	at com.sun.proxy.$Proxy10.quit(Unknown Source) ~[na:na]
	at org.openqa.selenium.support.events.EventFiringWebDriver.quit(EventFiringWebDriver.java:198) ~[selenium-server-standalone-2.42.2.jar:na]
	at main.Driver.WebDriverFactory.dismissDriver(WebDriverFactory.java:98) ~[classes/:na]
	at main.Driver.WebDriverFactory$1.run(WebDriverFactory.java:164) ~[classes/:na]
Caused by: org.apache.http.NoHttpResponseException: The target server failed to respond
	at org.apache.http.impl.conn.DefaultHttpResponseParser.parseHead(DefaultHttpResponseParser.java:143) ~[selenium-server-standalone-2.42.2.jar:na]
	at org.apache.http.impl.conn.DefaultHttpResponseParser.parseHead(DefaultHttpResponseParser.java:57) ~[selenium-server-standalone-2.42.2.jar:na]
	at org.apache.http.impl.io.AbstractMessageParser.parse(AbstractMessageParser.java:260) ~[selenium-server-standalone-2.42.2.jar:na]
	at org.apache.http.impl.DefaultBHttpClientConnection.receiveResponseHeader(DefaultBHttpClientConnection.java:161) ~[selenium-server-standalone-2.42.2.jar:na]
	at sun.reflect.GeneratedMethodAccessor7.invoke(Unknown Source) ~[na:na]
	at sun.reflect.DelegatingMethodAccessorImpl.invoke(DelegatingMethodAccessorImpl.java:43) ~[na:1.7.0_60]
	at java.lang.reflect.Method.invoke(Method.java:606) ~[na:1.7.0_60]
	at org.apache.http.impl.conn.CPoolProxy.invoke(CPoolProxy.java:138) ~[selenium-server-standalone-2.42.2.jar:na]
	at com.sun.proxy.$Proxy7.receiveResponseHeader(Unknown Source) ~[na:na]
	at org.apache.http.protocol.HttpRequestExecutor.doReceiveResponse(HttpRequestExecutor.java:271) ~[selenium-server-standalone-2.42.2.jar:na]
	at org.apache.http.protocol.HttpRequestExecutor.execute(HttpRequestExecutor.java:123) ~[selenium-server-standalone-2.42.2.jar:na]
	at org.apache.http.impl.execchain.MainClientExec.execute(MainClientExec.java:254) ~[selenium-server-standalone-2.42.2.jar:na]
	at org.apache.http.impl.execchain.ProtocolExec.execute(ProtocolExec.java:195) ~[selenium-server-standalone-2.42.2.jar:na]
	at org.apache.http.impl.execchain.RetryExec.execute(RetryExec.java:85) ~[selenium-server-standalone-2.42.2.jar:na]
	at org.apache.http.impl.execchain.RedirectExec.execute(RedirectExec.java:108) ~[selenium-server-standalone-2.42.2.jar:na]
	at org.apache.http.impl.client.InternalHttpClient.doExecute(InternalHttpClient.java:186) ~[selenium-server-standalone-2.42.2.jar:na]
	at org.apache.http.impl.client.CloseableHttpClient.execute(CloseableHttpClient.java:72) ~[selenium-server-standalone-2.42.2.jar:na]
	at org.apache.http.impl.client.CloseableHttpClient.execute(CloseableHttpClient.java:57) ~[selenium-server-standalone-2.42.2.jar:na]
	at org.openqa.selenium.remote.HttpCommandExecutor.fallBackExecute(HttpCommandExecutor.java:222) ~[selenium-server-standalone-2.42.2.jar:na]
	at org.openqa.selenium.remote.HttpCommandExecutor.execute(HttpCommandExecutor.java:173) ~[selenium-server-standalone-2.42.2.jar:na]
	at org.openqa.selenium.firefox.internal.NewProfileExtensionConnection.execute(NewProfileExtensionConnection.java:165) ~[selenium-server-standalone-2.42.2.jar:na]
	at org.openqa.selenium.firefox.FirefoxDriver$LazyCommandExecutor.execute(FirefoxDriver.java:362) ~[selenium-server-standalone-2.42.2.jar:na]
	at org.openqa.selenium.remote.RemoteWebDriver.execute(RemoteWebDriver.java:572) ~[selenium-server-standalone-2.42.2.jar:na]
	... 11 common frames omitted
30115 [Thread-0] ERROR m.Driver.MyWebDriverEventListener - ________________________________________________________________________________________________________________
30116 [Thread-0] WARN  main.Driver.WebDriverFactory - Driver killing error
org.openqa.selenium.remote.SessionNotFoundException: The FirefoxDriver cannot be used after quit() was called.
Build info: version: '2.42.2', revision: '6a6995d', time: '2014-06-03 17:42:03'
System info: host: 'alexandra-System-Product-Name', ip: '127.0.1.1', os.name: 'Linux', os.arch: 'amd64', os.version: '3.2.0-23-generic', java.version: '1.7.0_60'
Driver info: driver.version: EventFiringWebDriver
	at org.openqa.selenium.firefox.FirefoxDriver$LazyCommandExecutor.execute(FirefoxDriver.java:359) ~[selenium-server-standalone-2.42.2.jar:na]
	at org.openqa.selenium.remote.RemoteWebDriver.execute(RemoteWebDriver.java:572) ~[selenium-server-standalone-2.42.2.jar:na]
	at org.openqa.selenium.remote.RemoteWebDriver.executeScript(RemoteWebDriver.java:508) ~[selenium-server-standalone-2.42.2.jar:na]
	at main.Driver.MyWebDriverEventListener.onException(MyWebDriverEventListener.java:65) ~[classes/:na]
	at sun.reflect.NativeMethodAccessorImpl.invoke0(Native Method) ~[na:1.7.0_60]
	at sun.reflect.NativeMethodAccessorImpl.invoke(NativeMethodAccessorImpl.java:57) ~[na:1.7.0_60]
	at sun.reflect.DelegatingMethodAccessorImpl.invoke(DelegatingMethodAccessorImpl.java:43) ~[na:1.7.0_60]
	at java.lang.reflect.Method.invoke(Method.java:606) ~[na:1.7.0_60]
	at org.openqa.selenium.support.events.EventFiringWebDriver$1.invoke(EventFiringWebDriver.java:78) ~[selenium-server-standalone-2.42.2.jar:na]
	at com.sun.proxy.$Proxy9.onException(Unknown Source) ~[na:na]
	at org.openqa.selenium.support.events.EventFiringWebDriver$2.invoke(EventFiringWebDriver.java:103) ~[selenium-server-standalone-2.42.2.jar:na]
	at com.sun.proxy.$Proxy10.quit(Unknown Source) ~[na:na]
	at org.openqa.selenium.support.events.EventFiringWebDriver.quit(EventFiringWebDriver.java:198) ~[selenium-server-standalone-2.42.2.jar:na]
	at main.Driver.WebDriverFactory.dismissDriver(WebDriverFactory.java:98) ~[classes/:na]
	at main.Driver.WebDriverFactory$1.run(WebDriverFactory.java:164) [classes/:na]
