431  [main] INFO  test.java.LogTest - >>>>>>>>>>>>>>>>>>>>>>>>>>>>>>>>>>>>>class test.java.RegisterTest<<<<<<<<<<<<<<<<<<<<<<<<<<<<<<<<<<<<<<<
27866 [main] DEBUG main.Driver.WebDriverFactory - Requested driver: Capabilities [{firefox_profile=org.openqa.selenium.firefox.FirefoxProfile@1beaed6, browserName=firefox, proxy=org.openqa.selenium.Proxy@dc8647f}]:null
32757 [main] INFO  m.Driver.MyWebDriverEventListener - WebDriver navigating to:'https://tutorsband.com/'
39950 [main] DEBUG m.Driver.MyWebDriverEventListener - Webdriver will click on element tag:li id:  ('Русский▼')
40046 [main] DEBUG m.Driver.MyWebDriverEventListener - Webdriver clicked on element tag:li id:  ('Русский')
40046 [main] INFO  test.java.LogTest - Get element by locator: By.xpath: //div[@class='select-lang open-lang sh']//a[text()='Русский']
40046 [main] INFO  test.java.LogTest - Locating remaining time: 90 seconds.
40113 [main] DEBUG m.Driver.MyWebDriverEventListener - Webdriver will click on element tag:a id:  ('Русский')
40206 [main] DEBUG m.Driver.MyWebDriverEventListener - Webdriver clicked on element tag:a id:  ('Русский')
40206 [main] INFO  test.java.LogTest - Finished finding after waiting for 160 milliseconds.
40237 [main] INFO  test.java.LogTest - _______________________Test = loginFromHangoutPopup_______________________
40238 [main] INFO  m.Driver.MyWebDriverEventListener - WebDriver navigating to:'https://tutorsband.com//hangout/13956'
41135 [main] ERROR test.java.LogTest - ============= > Ошибка на странице:"Видеовстреча "НЕ УДАЛЯТЬ!!! АВТ ТЕСТ!!!"".Текст переменной: Popup_TMError ***not defined***<
41182 [main] DEBUG m.Driver.MyWebDriverEventListener - Webdriver will click on element tag:a id:  ('Принять участие')
41430 [main] DEBUG m.Driver.MyWebDriverEventListener - Webdriver clicked on element tag:a id:  ('Принять участие')
41487 [main] DEBUG m.Driver.MyWebDriverEventListener - WebDriver changing value in element found By.id: register_name from 'tag:input id: register_name ('')' to 'tag:input id: register_name ('')'
41706 [main] DEBUG m.Driver.MyWebDriverEventListener - WebDriver changing value in element found By.id: register_name from 'tag:input id: register_name ('')' to 'tag:input id: register_name ('')'
41783 [main] DEBUG m.Driver.MyWebDriverEventListener - WebDriver changing value in element found By.id: register_email from 'tag:input id: register_email ('')' to 'tag:input id: register_email ('')'
41909 [main] DEBUG m.Driver.MyWebDriverEventListener - WebDriver changing value in element found By.id: register_email from 'tag:input id: register_email ('')' to 'tag:input id: register_email ('')'
42007 [main] DEBUG m.Driver.MyWebDriverEventListener - WebDriver changing value in element found By.id: register_password from 'tag:input id: register_password ('')' to 'tag:input id: register_password ('')'
42157 [main] DEBUG m.Driver.MyWebDriverEventListener - WebDriver changing value in element found By.id: register_password from 'tag:input id: register_password ('')' to 'tag:input id: register_password ('')'
42199 [main] DEBUG m.Driver.MyWebDriverEventListener - Webdriver will click on element tag:input id: register_button ('')
42339 [main] DEBUG m.Driver.MyWebDriverEventListener - Webdriver clicked on element tag:input id: register_button ('')
42541 [main] DEBUG m.Driver.MyWebDriverEventListener - Webdriver will click on element tag:a id:  ('It')
42729 [main] DEBUG m.Driver.MyWebDriverEventListener - Webdriver clicked on element tag:a id:  ('It')
42758 [main] DEBUG m.Driver.MyWebDriverEventListener - Webdriver will click on element tag:a id:  ('Лидерство')
42836 [main] DEBUG m.Driver.MyWebDriverEventListener - Webdriver clicked on element tag:a id:  ('Лидерство')
42878 [main] DEBUG m.Driver.MyWebDriverEventListener - Webdriver will click on element tag:a id:  ('Промышленность')
42960 [main] DEBUG m.Driver.MyWebDriverEventListener - Webdriver clicked on element tag:a id:  ('Промышленность')
42983 [main] DEBUG m.Driver.MyWebDriverEventListener - Webdriver will click on element tag:input id: register_tags_button ('')
43077 [main] DEBUG m.Driver.MyWebDriverEventListener - Webdriver clicked on element tag:input id: register_tags_button ('')
44215 [main] INFO  test.java.LogTest - Get element by locator: By.id: logout
44215 [main] INFO  test.java.LogTest - Locating remaining time: 90 seconds.
44282 [main] DEBUG m.Driver.MyWebDriverEventListener - Webdriver will click on element tag:a id: logout ('Выйти')
44398 [main] DEBUG m.Driver.MyWebDriverEventListener - Webdriver clicked on element tag:a id: logout ('Выйти')
44398 [main] INFO  test.java.LogTest - Finished finding after waiting for 183 milliseconds.
45318 [Thread-2] DEBUG main.Driver.WebDriverFactory - Killing driver 
45486 [Thread-2] ERROR m.Driver.MyWebDriverEventListener - WebDriver error:
java.lang.NullPointerException: null
	at org.openqa.selenium.io.FileHandler.delete(FileHandler.java:132) ~[selenium-server-standalone-2.33.0.jar:na]
	at org.openqa.selenium.io.FileHandler.delete(FileHandler.java:133) ~[selenium-server-standalone-2.33.0.jar:na]
	at org.openqa.selenium.io.FileHandler.delete(FileHandler.java:133) ~[selenium-server-standalone-2.33.0.jar:na]
	at org.openqa.selenium.io.FileHandler.delete(FileHandler.java:133) ~[selenium-server-standalone-2.33.0.jar:na]
	at org.openqa.selenium.io.TemporaryFilesystem.deleteTempDir(TemporaryFilesystem.java:115) ~[selenium-server-standalone-2.33.0.jar:na]
	at org.openqa.selenium.firefox.FirefoxProfile.clean(FirefoxProfile.java:409) ~[selenium-server-standalone-2.33.0.jar:na]
	at org.openqa.selenium.firefox.internal.NewProfileExtensionConnection.quit(NewProfileExtensionConnection.java:169) ~[selenium-server-standalone-2.33.0.jar:na]
	at org.openqa.selenium.firefox.FirefoxDriver$LazyCommandExecutor.quit(FirefoxDriver.java:339) ~[selenium-server-standalone-2.33.0.jar:na]
	at org.openqa.selenium.firefox.FirefoxDriver.stopClient(FirefoxDriver.java:285) ~[selenium-server-standalone-2.33.0.jar:na]
	at org.openqa.selenium.remote.RemoteWebDriver.quit(RemoteWebDriver.java:426) ~[selenium-server-standalone-2.33.0.jar:na]
	at sun.reflect.NativeMethodAccessorImpl.invoke0(Native Method) ~[na:1.7.0_25]
	at sun.reflect.NativeMethodAccessorImpl.invoke(NativeMethodAccessorImpl.java:57) ~[na:1.7.0_25]
	at sun.reflect.DelegatingMethodAccessorImpl.invoke(DelegatingMethodAccessorImpl.java:43) ~[na:1.7.0_25]
	at java.lang.reflect.Method.invoke(Method.java:606) ~[na:1.7.0_25]
	at org.openqa.selenium.support.events.EventFiringWebDriver$2.invoke(EventFiringWebDriver.java:101) ~[selenium-server-standalone-2.33.0.jar:na]
	at com.sun.proxy.$Proxy7.quit(Unknown Source) ~[na:na]
	at org.openqa.selenium.support.events.EventFiringWebDriver.quit(EventFiringWebDriver.java:194) ~[selenium-server-standalone-2.33.0.jar:na]
	at main.Driver.WebDriverFactory.dismissDriver(WebDriverFactory.java:103) ~[classes/:na]
	at main.Driver.WebDriverFactory$1.run(WebDriverFactory.java:169) [classes/:na]
45503 [Thread-2] WARN  main.Driver.WebDriverFactory - Driver killing error
org.openqa.selenium.remote.SessionNotFoundException: Session ID is null
Build info: version: '2.33.0', revision: '4e90c97', time: '2013-05-22 15:32:38'
System info: os.name: 'Linux', os.arch: 'amd64', os.version: '3.2.0-23-generic', java.version: '1.7.0_25'
Driver info: driver.version: EventFiringWebDriver
	at org.openqa.selenium.remote.HttpCommandExecutor.execute(HttpCommandExecutor.java:273) ~[selenium-server-standalone-2.33.0.jar:na]
	at org.openqa.selenium.firefox.internal.NewProfileExtensionConnection.execute(NewProfileExtensionConnection.java:133) ~[selenium-server-standalone-2.33.0.jar:na]
	at org.openqa.selenium.firefox.FirefoxDriver$LazyCommandExecutor.execute(FirefoxDriver.java:355) ~[selenium-server-standalone-2.33.0.jar:na]
	at org.openqa.selenium.remote.RemoteWebDriver.execute(RemoteWebDriver.java:527) ~[selenium-server-standalone-2.33.0.jar:na]
	at org.openqa.selenium.remote.RemoteWebDriver.executeScript(RemoteWebDriver.java:463) ~[selenium-server-standalone-2.33.0.jar:na]
	at main.Driver.MyWebDriverEventListener.onException(MyWebDriverEventListener.java:54) ~[classes/:na]
	at sun.reflect.NativeMethodAccessorImpl.invoke0(Native Method) ~[na:1.7.0_25]
	at sun.reflect.NativeMethodAccessorImpl.invoke(NativeMethodAccessorImpl.java:57) ~[na:1.7.0_25]
	at sun.reflect.DelegatingMethodAccessorImpl.invoke(DelegatingMethodAccessorImpl.java:43) ~[na:1.7.0_25]
	at java.lang.reflect.Method.invoke(Method.java:606) ~[na:1.7.0_25]
	at org.openqa.selenium.support.events.EventFiringWebDriver$1.invoke(EventFiringWebDriver.java:78) ~[selenium-server-standalone-2.33.0.jar:na]
	at com.sun.proxy.$Proxy6.onException(Unknown Source) ~[na:na]
	at org.openqa.selenium.support.events.EventFiringWebDriver$2.invoke(EventFiringWebDriver.java:103) ~[selenium-server-standalone-2.33.0.jar:na]
	at com.sun.proxy.$Proxy7.quit(Unknown Source) ~[na:na]
	at org.openqa.selenium.support.events.EventFiringWebDriver.quit(EventFiringWebDriver.java:194) ~[selenium-server-standalone-2.33.0.jar:na]
	at main.Driver.WebDriverFactory.dismissDriver(WebDriverFactory.java:103) ~[classes/:na]
	at main.Driver.WebDriverFactory$1.run(WebDriverFactory.java:169) ~[classes/:na]
268  [main] INFO  test.java.LogTest - >>>>>>>>>>>>>>>>>>>>>>>>>>>>>>>>>>>>>class test.java.PasswordRecoverTest<<<<<<<<<<<<<<<<<<<<<<<<<<<<<<<<<<<<<<<
632  [main] DEBUG main.Driver.WebDriverFactory - Requested driver: Capabilities [{firefox_profile=org.openqa.selenium.firefox.FirefoxProfile@1beaed6, browserName=firefox, proxy=org.openqa.selenium.Proxy@dc8647f}]:null
3051 [main] INFO  m.Driver.MyWebDriverEventListener - WebDriver navigating to:'https://tutorsband.com/'
10294 [main] INFO  m.Driver.MyWebDriverEventListener - WebDriver navigating to:'https://tutorsband.com/'
11047 [main] DEBUG m.Driver.MyWebDriverEventListener - Webdriver will click on element tag:li id:  ('Русский▼')
11223 [main] DEBUG m.Driver.MyWebDriverEventListener - Webdriver clicked on element tag:li id:  ('Русский')
11223 [main] INFO  test.java.LogTest - Get element by locator: By.xpath: //div[@class='select-lang open-lang sh']//a[text()='Русский']
11223 [main] INFO  test.java.LogTest - Locating remaining time: 90 seconds.
11283 [main] DEBUG m.Driver.MyWebDriverEventListener - Webdriver will click on element tag:a id:  ('Русский')
11361 [main] DEBUG m.Driver.MyWebDriverEventListener - Webdriver clicked on element tag:a id:  ('Русский')
11361 [main] INFO  test.java.LogTest - Finished finding after waiting for 138 milliseconds.
11368 [main] INFO  test.java.LogTest - _______________________Test = captchaDoubleRecover_______________________
11370 [main] INFO  test.java.LogTest - Get element by locator: By.id: js_header_signin
11370 [main] INFO  test.java.LogTest - Locating remaining time: 90 seconds.
11396 [main] DEBUG m.Driver.MyWebDriverEventListener - Webdriver will click on element tag:a id: js_header_signin ('Войти')
11520 [main] DEBUG m.Driver.MyWebDriverEventListener - Webdriver clicked on element tag:a id: js_header_signin ('Войти')
11521 [main] INFO  test.java.LogTest - Finished finding after waiting for 151 milliseconds.
11552 [main] DEBUG m.Driver.MyWebDriverEventListener - Webdriver will click on element tag:a id:  ('Забыли пароль?')
11657 [main] DEBUG m.Driver.MyWebDriverEventListener - Webdriver clicked on element tag:a id:  ('')
22466 [main] ERROR m.Driver.MyWebDriverEventListener - WebDriver error:
org.openqa.selenium.ElementNotVisibleException: Element is not currently visible and so may not be interacted with
Command duration or timeout: 10.05 seconds
Build info: version: '2.33.0', revision: '4e90c97', time: '2013-05-22 15:32:38'
System info: os.name: 'Linux', os.arch: 'amd64', os.version: '3.2.0-23-generic', java.version: '1.7.0_25'
Session ID: 6e8812cc-80fe-4481-a6a0-bd576fa17159
Driver info: org.openqa.selenium.firefox.FirefoxDriver
Capabilities [{platform=LINUX, databaseEnabled=true, cssSelectorsEnabled=true, javascriptEnabled=true, acceptSslCerts=true, handlesAlerts=true, browserName=firefox, browserConnectionEnabled=true, nativeEvents=false, webStorageEnabled=true, rotatable=false, locationContextEnabled=true, applicationCacheEnabled=true, takesScreenshot=true, version=19.0.2}]
	at sun.reflect.NativeConstructorAccessorImpl.newInstance0(Native Method) ~[na:1.7.0_25]
	at sun.reflect.NativeConstructorAccessorImpl.newInstance(NativeConstructorAccessorImpl.java:57) ~[na:1.7.0_25]
	at sun.reflect.DelegatingConstructorAccessorImpl.newInstance(DelegatingConstructorAccessorImpl.java:45) ~[na:1.7.0_25]
	at java.lang.reflect.Constructor.newInstance(Constructor.java:526) ~[na:1.7.0_25]
	at org.openqa.selenium.remote.ErrorHandler.createThrowable(ErrorHandler.java:191) ~[selenium-server-standalone-2.33.0.jar:na]
	at org.openqa.selenium.remote.ErrorHandler.throwIfResponseFailed(ErrorHandler.java:145) ~[selenium-server-standalone-2.33.0.jar:na]
	at org.openqa.selenium.remote.RemoteWebDriver.execute(RemoteWebDriver.java:554) ~[selenium-server-standalone-2.33.0.jar:na]
	at org.openqa.selenium.remote.RemoteWebElement.execute(RemoteWebElement.java:268) ~[selenium-server-standalone-2.33.0.jar:na]
	at org.openqa.selenium.remote.RemoteWebElement.clear(RemoteWebElement.java:113) ~[selenium-server-standalone-2.33.0.jar:na]
	at sun.reflect.NativeMethodAccessorImpl.invoke0(Native Method) ~[na:1.7.0_25]
	at sun.reflect.NativeMethodAccessorImpl.invoke(NativeMethodAccessorImpl.java:57) ~[na:1.7.0_25]
	at sun.reflect.DelegatingMethodAccessorImpl.invoke(DelegatingMethodAccessorImpl.java:43) ~[na:1.7.0_25]
	at java.lang.reflect.Method.invoke(Method.java:606) ~[na:1.7.0_25]
	at org.openqa.selenium.support.events.EventFiringWebDriver$EventFiringWebElement$1.invoke(EventFiringWebDriver.java:327) ~[selenium-server-standalone-2.33.0.jar:na]
	at com.sun.proxy.$Proxy8.clear(Unknown Source) ~[na:na]
	at org.openqa.selenium.support.events.EventFiringWebDriver$EventFiringWebElement.clear(EventFiringWebDriver.java:356) ~[selenium-server-standalone-2.33.0.jar:na]
	at main.pages.LoginPage.userFailLogin(LoginPage.java:78) ~[classes/:na]
	at test.java.PasswordRecoverTest.captchaDoubleRecover(PasswordRecoverTest.java:190) [classes/:na]
	at sun.reflect.NativeMethodAccessorImpl.invoke0(Native Method) ~[na:1.7.0_25]
	at sun.reflect.NativeMethodAccessorImpl.invoke(NativeMethodAccessorImpl.java:57) ~[na:1.7.0_25]
	at sun.reflect.DelegatingMethodAccessorImpl.invoke(DelegatingMethodAccessorImpl.java:43) ~[na:1.7.0_25]
	at java.lang.reflect.Method.invoke(Method.java:606) ~[na:1.7.0_25]
	at org.testng.internal.MethodInvocationHelper.invokeMethod(MethodInvocationHelper.java:80) [testng.jar:6.9beta-201211201815]
	at org.testng.internal.Invoker.invokeMethod(Invoker.java:714) [testng.jar:6.9beta-201211201815]
	at org.testng.internal.Invoker.invokeTestMethod(Invoker.java:901) [testng.jar:6.9beta-201211201815]
	at org.testng.internal.Invoker.invokeTestMethods(Invoker.java:1231) [testng.jar:6.9beta-201211201815]
	at org.testng.internal.TestMethodWorker.invokeTestMethods(TestMethodWorker.java:128) [testng.jar:6.9beta-201211201815]
	at org.testng.internal.TestMethodWorker.run(TestMethodWorker.java:111) [testng.jar:6.9beta-201211201815]
	at org.testng.TestRunner.privateRun(TestRunner.java:767) [testng.jar:6.9beta-201211201815]
	at org.testng.TestRunner.run(TestRunner.java:617) [testng.jar:6.9beta-201211201815]
	at org.testng.SuiteRunner.runTest(SuiteRunner.java:334) [testng.jar:6.9beta-201211201815]
	at org.testng.SuiteRunner.runSequentially(SuiteRunner.java:329) [testng.jar:6.9beta-201211201815]
	at org.testng.SuiteRunner.privateRun(SuiteRunner.java:291) [testng.jar:6.9beta-201211201815]
	at org.testng.SuiteRunner.run(SuiteRunner.java:240) [testng.jar:6.9beta-201211201815]
	at org.testng.SuiteRunnerWorker.runSuite(SuiteRunnerWorker.java:52) [testng.jar:6.9beta-201211201815]
	at org.testng.SuiteRunnerWorker.run(SuiteRunnerWorker.java:86) [testng.jar:6.9beta-201211201815]
	at org.testng.TestNG.runSuitesSequentially(TestNG.java:1203) [testng.jar:6.9beta-201211201815]
	at org.testng.TestNG.runSuitesLocally(TestNG.java:1128) [testng.jar:6.9beta-201211201815]
	at org.testng.TestNG.run(TestNG.java:1036) [testng.jar:6.9beta-201211201815]
	at org.testng.remote.RemoteTestNG.run(RemoteTestNG.java:111) [testng.jar:6.9beta-201211201815]
	at org.testng.remote.RemoteTestNG.initAndRun(RemoteTestNG.java:204) [testng.jar:6.9beta-201211201815]
	at org.testng.remote.RemoteTestNG.main(RemoteTestNG.java:175) [testng.jar:6.9beta-201211201815]
org.openqa.selenium.remote.ErrorHandler$UnknownServerException: Element is not currently visible and so may not be interacted with
Build info: version: '2.33.0', revision: '4e90c97', time: '2013-05-22 15:32:38'
System info: os.name: 'Linux', os.arch: 'amd64', os.version: '3.2.0-23-generic', java.version: '1.7.0_25'
Driver info: driver.version: unknown
	at <anonymous class>.fxdriver.preconditions.visible(file:///tmp/anonymous2563946842986429707webdriver-profile/extensions/fxdriver@googlecode.com/components/command_processor.js:7736) ~[na:na]
	at <anonymous class>.DelayedCommand.prototype.checkPreconditions_(file:///tmp/anonymous2563946842986429707webdriver-profile/extensions/fxdriver@googlecode.com/components/command_processor.js:10437) ~[na:na]
	at <anonymous class>.DelayedCommand.prototype.executeInternal_/h(file:///tmp/anonymous2563946842986429707webdriver-profile/extensions/fxdriver@googlecode.com/components/command_processor.js:10456) ~[na:na]
	at <anonymous class>.fxdriver.Timer.prototype.setTimeout/<.notify(file:///tmp/anonymous2563946842986429707webdriver-profile/extensions/fxdriver@googlecode.com/components/command_processor.js:386) ~[na:na]
22477 [main] ERROR m.Driver.MyWebDriverEventListener - WebDriver error:
org.openqa.selenium.WebDriverException: window.JSErrorCollector_errors is undefined
Command duration or timeout: 7 milliseconds
Build info: version: '2.33.0', revision: '4e90c97', time: '2013-05-22 15:32:38'
System info: os.name: 'Linux', os.arch: 'amd64', os.version: '3.2.0-23-generic', java.version: '1.7.0_25'
Session ID: 6e8812cc-80fe-4481-a6a0-bd576fa17159
Driver info: org.openqa.selenium.firefox.FirefoxDriver
Capabilities [{platform=LINUX, databaseEnabled=true, cssSelectorsEnabled=true, javascriptEnabled=true, acceptSslCerts=true, handlesAlerts=true, browserName=firefox, browserConnectionEnabled=true, nativeEvents=false, webStorageEnabled=true, rotatable=false, locationContextEnabled=true, applicationCacheEnabled=true, takesScreenshot=true, version=19.0.2}]
	at sun.reflect.NativeConstructorAccessorImpl.newInstance0(Native Method) ~[na:1.7.0_25]
	at sun.reflect.NativeConstructorAccessorImpl.newInstance(NativeConstructorAccessorImpl.java:57) ~[na:1.7.0_25]
	at sun.reflect.DelegatingConstructorAccessorImpl.newInstance(DelegatingConstructorAccessorImpl.java:45) ~[na:1.7.0_25]
	at java.lang.reflect.Constructor.newInstance(Constructor.java:526) ~[na:1.7.0_25]
	at org.openqa.selenium.remote.ErrorHandler.createThrowable(ErrorHandler.java:191) ~[selenium-server-standalone-2.33.0.jar:na]
	at org.openqa.selenium.remote.ErrorHandler.throwIfResponseFailed(ErrorHandler.java:145) ~[selenium-server-standalone-2.33.0.jar:na]
	at org.openqa.selenium.remote.RemoteWebDriver.execute(RemoteWebDriver.java:554) ~[selenium-server-standalone-2.33.0.jar:na]
	at org.openqa.selenium.remote.RemoteWebDriver.executeScript(RemoteWebDriver.java:463) ~[selenium-server-standalone-2.33.0.jar:na]
	at sun.reflect.NativeMethodAccessorImpl.invoke0(Native Method) ~[na:1.7.0_25]
	at sun.reflect.NativeMethodAccessorImpl.invoke(NativeMethodAccessorImpl.java:57) ~[na:1.7.0_25]
	at sun.reflect.DelegatingMethodAccessorImpl.invoke(DelegatingMethodAccessorImpl.java:43) ~[na:1.7.0_25]
	at java.lang.reflect.Method.invoke(Method.java:606) ~[na:1.7.0_25]
	at org.openqa.selenium.support.events.EventFiringWebDriver$2.invoke(EventFiringWebDriver.java:101) ~[selenium-server-standalone-2.33.0.jar:na]
	at com.sun.proxy.$Proxy7.executeScript(Unknown Source) ~[na:na]
	at main.Driver.MyWebDriverEventListener.onException(MyWebDriverEventListener.java:54) ~[classes/:na]
	at sun.reflect.NativeMethodAccessorImpl.invoke0(Native Method) ~[na:1.7.0_25]
	at sun.reflect.NativeMethodAccessorImpl.invoke(NativeMethodAccessorImpl.java:57) ~[na:1.7.0_25]
	at sun.reflect.DelegatingMethodAccessorImpl.invoke(DelegatingMethodAccessorImpl.java:43) ~[na:1.7.0_25]
	at java.lang.reflect.Method.invoke(Method.java:606) ~[na:1.7.0_25]
	at org.openqa.selenium.support.events.EventFiringWebDriver$1.invoke(EventFiringWebDriver.java:78) ~[selenium-server-standalone-2.33.0.jar:na]
	at com.sun.proxy.$Proxy6.onException(Unknown Source) [na:na]
	at org.openqa.selenium.support.events.EventFiringWebDriver$EventFiringWebElement$1.invoke(EventFiringWebDriver.java:329) [selenium-server-standalone-2.33.0.jar:na]
	at com.sun.proxy.$Proxy8.clear(Unknown Source) [na:na]
	at org.openqa.selenium.support.events.EventFiringWebDriver$EventFiringWebElement.clear(EventFiringWebDriver.java:356) [selenium-server-standalone-2.33.0.jar:na]
	at main.pages.LoginPage.userFailLogin(LoginPage.java:78) [classes/:na]
	at test.java.PasswordRecoverTest.captchaDoubleRecover(PasswordRecoverTest.java:190) [classes/:na]
	at sun.reflect.NativeMethodAccessorImpl.invoke0(Native Method) ~[na:1.7.0_25]
	at sun.reflect.NativeMethodAccessorImpl.invoke(NativeMethodAccessorImpl.java:57) ~[na:1.7.0_25]
	at sun.reflect.DelegatingMethodAccessorImpl.invoke(DelegatingMethodAccessorImpl.java:43) ~[na:1.7.0_25]
	at java.lang.reflect.Method.invoke(Method.java:606) ~[na:1.7.0_25]
	at org.testng.internal.MethodInvocationHelper.invokeMethod(MethodInvocationHelper.java:80) [testng.jar:6.9beta-201211201815]
	at org.testng.internal.Invoker.invokeMethod(Invoker.java:714) [testng.jar:6.9beta-201211201815]
	at org.testng.internal.Invoker.invokeTestMethod(Invoker.java:901) [testng.jar:6.9beta-201211201815]
	at org.testng.internal.Invoker.invokeTestMethods(Invoker.java:1231) [testng.jar:6.9beta-201211201815]
	at org.testng.internal.TestMethodWorker.invokeTestMethods(TestMethodWorker.java:128) [testng.jar:6.9beta-201211201815]
	at org.testng.internal.TestMethodWorker.run(TestMethodWorker.java:111) [testng.jar:6.9beta-201211201815]
	at org.testng.TestRunner.privateRun(TestRunner.java:767) [testng.jar:6.9beta-201211201815]
	at org.testng.TestRunner.run(TestRunner.java:617) [testng.jar:6.9beta-201211201815]
	at org.testng.SuiteRunner.runTest(SuiteRunner.java:334) [testng.jar:6.9beta-201211201815]
	at org.testng.SuiteRunner.runSequentially(SuiteRunner.java:329) [testng.jar:6.9beta-201211201815]
	at org.testng.SuiteRunner.privateRun(SuiteRunner.java:291) [testng.jar:6.9beta-201211201815]
	at org.testng.SuiteRunner.run(SuiteRunner.java:240) [testng.jar:6.9beta-201211201815]
	at org.testng.SuiteRunnerWorker.runSuite(SuiteRunnerWorker.java:52) [testng.jar:6.9beta-201211201815]
	at org.testng.SuiteRunnerWorker.run(SuiteRunnerWorker.java:86) [testng.jar:6.9beta-201211201815]
	at org.testng.TestNG.runSuitesSequentially(TestNG.java:1203) [testng.jar:6.9beta-201211201815]
	at org.testng.TestNG.runSuitesLocally(TestNG.java:1128) [testng.jar:6.9beta-201211201815]
	at org.testng.TestNG.run(TestNG.java:1036) [testng.jar:6.9beta-201211201815]
	at org.testng.remote.RemoteTestNG.run(RemoteTestNG.java:111) [testng.jar:6.9beta-201211201815]
	at org.testng.remote.RemoteTestNG.initAndRun(RemoteTestNG.java:204) [testng.jar:6.9beta-201211201815]
	at org.testng.remote.RemoteTestNG.main(RemoteTestNG.java:175) [testng.jar:6.9beta-201211201815]
org.openqa.selenium.remote.ErrorHandler$UnknownServerException: window.JSErrorCollector_errors is undefined
Build info: version: '2.33.0', revision: '4e90c97', time: '2013-05-22 15:32:38'
System info: os.name: 'Linux', os.arch: 'amd64', os.version: '3.2.0-23-generic', java.version: '1.7.0_25'
Driver info: driver.version: unknown
	at <anonymous class>.anonymous(https://tutorsband.com/#recover:60) ~[na:na]
	at <anonymous class>.handleEvaluateEvent(https://tutorsband.com/#recover:60) ~[na:na]
22538 [Thread-2] DEBUG main.Driver.WebDriverFactory - Killing driver 
269  [main] INFO  test.java.LogTest - >>>>>>>>>>>>>>>>>>>>>>>>>>>>>>>>>>>>>class test.java.PasswordRecoverTest<<<<<<<<<<<<<<<<<<<<<<<<<<<<<<<<<<<<<<<
631  [main] DEBUG main.Driver.WebDriverFactory - Requested driver: Capabilities [{firefox_profile=org.openqa.selenium.firefox.FirefoxProfile@dc8647f, browserName=firefox, proxy=org.openqa.selenium.Proxy@5f3dd4ea}]:null
4805 [main] INFO  m.Driver.MyWebDriverEventListener - WebDriver navigating to:'https://tutorsband.com/'
12637 [main] INFO  m.Driver.MyWebDriverEventListener - WebDriver navigating to:'https://tutorsband.com/'
13665 [main] DEBUG m.Driver.MyWebDriverEventListener - Webdriver will click on element tag:li id:  ('Русский▼')
13797 [main] DEBUG m.Driver.MyWebDriverEventListener - Webdriver clicked on element tag:li id:  ('Русский')
13797 [main] INFO  test.java.LogTest - Get element by locator: By.xpath: //div[@class='select-lang open-lang sh']//a[text()='Русский']
13798 [main] INFO  test.java.LogTest - Locating remaining time: 90 seconds.
13864 [main] DEBUG m.Driver.MyWebDriverEventListener - Webdriver will click on element tag:a id:  ('Русский')
13959 [main] DEBUG m.Driver.MyWebDriverEventListener - Webdriver clicked on element tag:a id:  ('Русский')
13959 [main] INFO  test.java.LogTest - Finished finding after waiting for 161 milliseconds.
13975 [main] INFO  test.java.LogTest - _______________________Test = captchaDoubleRecover_______________________
13978 [main] INFO  test.java.LogTest - Get element by locator: By.id: js_header_signin
13978 [main] INFO  test.java.LogTest - Locating remaining time: 90 seconds.
14022 [main] DEBUG m.Driver.MyWebDriverEventListener - Webdriver will click on element tag:a id: js_header_signin ('Войти')
14176 [main] DEBUG m.Driver.MyWebDriverEventListener - Webdriver clicked on element tag:a id: js_header_signin ('Войти')
14176 [main] INFO  test.java.LogTest - Finished finding after waiting for 198 milliseconds.
14249 [main] DEBUG m.Driver.MyWebDriverEventListener - Webdriver will click on element tag:a id:  ('Забыли пароль?')
14436 [main] DEBUG m.Driver.MyWebDriverEventListener - Webdriver clicked on element tag:a id:  ('')
14529 [main] DEBUG m.Driver.MyWebDriverEventListener - WebDriver changing value in element found By.id: recover_email from 'tag:input id: recover_email ('')' to 'tag:input id: recover_email ('')'
14657 [main] DEBUG m.Driver.MyWebDriverEventListener - WebDriver changing value in element found By.id: recover_email from 'tag:input id: recover_email ('')' to 'tag:input id: recover_email ('')'
14677 [main] DEBUG m.Driver.MyWebDriverEventListener - Webdriver will click on element tag:input id:  ('')
14878 [main] DEBUG m.Driver.MyWebDriverEventListener - Webdriver clicked on element tag:input id:  ('')
15105 [main] DEBUG m.Driver.MyWebDriverEventListener - WebDriver changing value in element found By.id: recover_email from 'tag:input id: recover_email ('')' to 'tag:input id: recover_email ('')'
15264 [main] DEBUG m.Driver.MyWebDriverEventListener - WebDriver changing value in element found By.id: recover_email from 'tag:input id: recover_email ('')' to 'tag:input id: recover_email ('')'
15312 [main] DEBUG m.Driver.MyWebDriverEventListener - Webdriver will click on element tag:input id:  ('')
15577 [main] DEBUG m.Driver.MyWebDriverEventListener - Webdriver clicked on element tag:input id:  ('')
15676 [Thread-2] DEBUG main.Driver.WebDriverFactory - Killing driver 
15858 [Thread-2] ERROR m.Driver.MyWebDriverEventListener - WebDriver error:
java.lang.NullPointerException: null
	at org.openqa.selenium.io.FileHandler.delete(FileHandler.java:132) ~[selenium-server-standalone-2.33.0.jar:na]
	at org.openqa.selenium.io.FileHandler.delete(FileHandler.java:133) ~[selenium-server-standalone-2.33.0.jar:na]
	at org.openqa.selenium.io.FileHandler.delete(FileHandler.java:133) ~[selenium-server-standalone-2.33.0.jar:na]
	at org.openqa.selenium.io.FileHandler.delete(FileHandler.java:133) ~[selenium-server-standalone-2.33.0.jar:na]
	at org.openqa.selenium.io.TemporaryFilesystem.deleteTempDir(TemporaryFilesystem.java:115) ~[selenium-server-standalone-2.33.0.jar:na]
	at org.openqa.selenium.firefox.FirefoxProfile.clean(FirefoxProfile.java:409) ~[selenium-server-standalone-2.33.0.jar:na]
	at org.openqa.selenium.firefox.internal.NewProfileExtensionConnection.quit(NewProfileExtensionConnection.java:169) ~[selenium-server-standalone-2.33.0.jar:na]
	at org.openqa.selenium.firefox.FirefoxDriver$LazyCommandExecutor.quit(FirefoxDriver.java:339) ~[selenium-server-standalone-2.33.0.jar:na]
	at org.openqa.selenium.firefox.FirefoxDriver.stopClient(FirefoxDriver.java:285) ~[selenium-server-standalone-2.33.0.jar:na]
	at org.openqa.selenium.remote.RemoteWebDriver.quit(RemoteWebDriver.java:426) ~[selenium-server-standalone-2.33.0.jar:na]
	at sun.reflect.NativeMethodAccessorImpl.invoke0(Native Method) ~[na:1.7.0_25]
	at sun.reflect.NativeMethodAccessorImpl.invoke(NativeMethodAccessorImpl.java:57) ~[na:1.7.0_25]
	at sun.reflect.DelegatingMethodAccessorImpl.invoke(DelegatingMethodAccessorImpl.java:43) ~[na:1.7.0_25]
	at java.lang.reflect.Method.invoke(Method.java:606) ~[na:1.7.0_25]
	at org.openqa.selenium.support.events.EventFiringWebDriver$2.invoke(EventFiringWebDriver.java:101) ~[selenium-server-standalone-2.33.0.jar:na]
	at com.sun.proxy.$Proxy7.quit(Unknown Source) ~[na:na]
	at org.openqa.selenium.support.events.EventFiringWebDriver.quit(EventFiringWebDriver.java:194) ~[selenium-server-standalone-2.33.0.jar:na]
	at main.Driver.WebDriverFactory.dismissDriver(WebDriverFactory.java:103) ~[classes/:na]
	at main.Driver.WebDriverFactory$1.run(WebDriverFactory.java:169) [classes/:na]
15861 [Thread-2] WARN  main.Driver.WebDriverFactory - Driver killing error
org.openqa.selenium.remote.SessionNotFoundException: Session ID is null
Build info: version: '2.33.0', revision: '4e90c97', time: '2013-05-22 15:32:38'
System info: os.name: 'Linux', os.arch: 'amd64', os.version: '3.2.0-23-generic', java.version: '1.7.0_25'
Driver info: driver.version: EventFiringWebDriver
	at org.openqa.selenium.remote.HttpCommandExecutor.execute(HttpCommandExecutor.java:273) ~[selenium-server-standalone-2.33.0.jar:na]
	at org.openqa.selenium.firefox.internal.NewProfileExtensionConnection.execute(NewProfileExtensionConnection.java:133) ~[selenium-server-standalone-2.33.0.jar:na]
	at org.openqa.selenium.firefox.FirefoxDriver$LazyCommandExecutor.execute(FirefoxDriver.java:355) ~[selenium-server-standalone-2.33.0.jar:na]
	at org.openqa.selenium.remote.RemoteWebDriver.execute(RemoteWebDriver.java:527) ~[selenium-server-standalone-2.33.0.jar:na]
	at org.openqa.selenium.remote.RemoteWebDriver.executeScript(RemoteWebDriver.java:463) ~[selenium-server-standalone-2.33.0.jar:na]
	at main.Driver.MyWebDriverEventListener.onException(MyWebDriverEventListener.java:54) ~[classes/:na]
	at sun.reflect.NativeMethodAccessorImpl.invoke0(Native Method) ~[na:1.7.0_25]
	at sun.reflect.NativeMethodAccessorImpl.invoke(NativeMethodAccessorImpl.java:57) ~[na:1.7.0_25]
	at sun.reflect.DelegatingMethodAccessorImpl.invoke(DelegatingMethodAccessorImpl.java:43) ~[na:1.7.0_25]
	at java.lang.reflect.Method.invoke(Method.java:606) ~[na:1.7.0_25]
	at org.openqa.selenium.support.events.EventFiringWebDriver$1.invoke(EventFiringWebDriver.java:78) ~[selenium-server-standalone-2.33.0.jar:na]
	at com.sun.proxy.$Proxy6.onException(Unknown Source) ~[na:na]
	at org.openqa.selenium.support.events.EventFiringWebDriver$2.invoke(EventFiringWebDriver.java:103) ~[selenium-server-standalone-2.33.0.jar:na]
	at com.sun.proxy.$Proxy7.quit(Unknown Source) ~[na:na]
	at org.openqa.selenium.support.events.EventFiringWebDriver.quit(EventFiringWebDriver.java:194) ~[selenium-server-standalone-2.33.0.jar:na]
	at main.Driver.WebDriverFactory.dismissDriver(WebDriverFactory.java:103) ~[classes/:na]
	at main.Driver.WebDriverFactory$1.run(WebDriverFactory.java:169) ~[classes/:na]
