483  [main] INFO  test.java.LogTest - ______________________________________class test.java.RecordTest______________________________________
541  [main] DEBUG main.Driver.WebDriverFactory - Requested driver: Capabilities [{browserName=firefox}]:null
4838 [main] INFO  m.Driver.MyWebDriverEventListener - WebDriver navigating to:'https://testun.com.ua/sys/sys/test_cookie_key'
5736 [main] INFO  m.Driver.MyWebDriverEventListener - WebDriver navigating to:'https://testun.com.ua/'
8613 [main] INFO  test.java.LogTest - ------------------------ true
8740 [main] DEBUG m.Driver.MyWebDriverEventListener - Webdriver will click on element tag:a |id:  |text: ('English')
12055 [main] DEBUG m.Driver.MyWebDriverEventListener - hope Webdriver clicked on element tag:a |id:  |text: ('English')
12174 [main] INFO  test.java.LogTest - ------------------------ true
12244 [main] DEBUG m.Driver.MyWebDriverEventListener - Webdriver will click on element tag:a |id: lang_ru |text: ('Русский')
12516 [main] DEBUG m.Driver.MyWebDriverEventListener - hope Webdriver clicked on element tag:a |id: lang_ru |text: ('Русский')
13184 [main] INFO  test.java.LogTest - ------------------------ true
13207 [main] INFO  test.java.LogTest - >>>>>>>>>>>>>>>Test = videoProcessing()<<<<<<<<<<<<<<<
13280 [main] DEBUG m.Driver.MyWebDriverEventListener - Webdriver will click on element tag:a |id: js_header_signin |text: ('Войти')
15109 [main] DEBUG m.Driver.MyWebDriverEventListener - hope Webdriver clicked on element tag:a |id: js_header_signin |text: ('Войти')
15221 [main] INFO  test.java.LogTest - ------------------------ true
15302 [main] DEBUG m.Driver.MyWebDriverEventListener - WebDriver changing value in element found By.id: login_email from 'tag:input |id: login_email |text: ('')
15923 [main] DEBUG m.Driver.MyWebDriverEventListener - WebDriver changing value in element found By.id: login_email from 'tag:input |id: login_email |text: ('')
16639 [main] DEBUG m.Driver.MyWebDriverEventListener - WebDriver changing value in element found By.id: login_password from 'tag:input |id: login_password |text: ('')
17275 [main] DEBUG m.Driver.MyWebDriverEventListener - WebDriver changing value in element found By.id: login_password from 'tag:input |id: login_password |text: ('')
17366 [main] DEBUG m.Driver.MyWebDriverEventListener - Webdriver will click on element tag:input |id: login_button |text: ('')
19448 [main] DEBUG m.Driver.MyWebDriverEventListener - hope Webdriver clicked on element tag:input |id: login_button |text: ('')
20472 [main] DEBUG m.Driver.MyWebDriverEventListener - Webdriver will click on element tag:a |id:  |text: ('Создать видеовстречу')
22209 [main] DEBUG m.Driver.MyWebDriverEventListener - hope Webdriver clicked on element tag:a |id:  |text: ('Создать видеовстречу')
22707 [main] DEBUG m.Driver.MyWebDriverEventListener - WebDriver changing value in element found By.id: hangout_title from 'tag:input |id: hangout_title |text: ('')
23313 [main] DEBUG m.Driver.MyWebDriverEventListener - WebDriver changing value in element found By.id: hangout_title from 'tag:input |id: hangout_title |text: ('')
23413 [main] DEBUG m.Driver.MyWebDriverEventListener - WebDriver changing value in element found By.id: hangout_date from 'tag:input |id: hangout_date |text: ('')
23785 [main] DEBUG m.Driver.MyWebDriverEventListener - WebDriver changing value in element found By.id: hangout_date from 'tag:input |id: hangout_date |text: ('')
23868 [main] DEBUG m.Driver.MyWebDriverEventListener - WebDriver changing value in element found By.id: hangout_time from 'tag:input |id: hangout_time |text: ('')
24194 [main] DEBUG m.Driver.MyWebDriverEventListener - WebDriver changing value in element found By.id: hangout_time from 'tag:input |id: hangout_time |text: ('')
34435 [main] DEBUG m.Driver.MyWebDriverEventListener - WebDriver changing value in element found By.id: hangout_text from 'tag:textarea |id: hangout_text |text: ('')
35199 [main] DEBUG m.Driver.MyWebDriverEventListener - WebDriver changing value in element found By.id: hangout_text from 'tag:textarea |id: hangout_text |text: ('')
35343 [main] DEBUG m.Driver.MyWebDriverEventListener - WebDriver changing value in element found By.id: hangout_image from 'tag:input |id: hangout_image |text: ('')
36068 [main] DEBUG m.Driver.MyWebDriverEventListener - Webdriver will click on element tag:a |id: preview_create |text: ('Сохранить')
38058 [main] DEBUG m.Driver.MyWebDriverEventListener - hope Webdriver clicked on element tag:a |id: preview_create |text: ('Сохранить')
38318 [main] DEBUG m.Driver.MyWebDriverEventListener - WebDriver changing value in element found By.id: tags-input from 'tag:textarea |id: tags-input |text: ('')
38923 [main] DEBUG m.Driver.MyWebDriverEventListener - WebDriver changing value in element found By.id: tags-input from 'tag:textarea |id: tags-input |text: ('')
39044 [main] DEBUG m.Driver.MyWebDriverEventListener - Webdriver will click on element tag:a |id: hangout_money_free |text: ('Бесплатная доступна для всех пользователей.')
39917 [main] DEBUG m.Driver.MyWebDriverEventListener - hope Webdriver clicked on element tag:a |id: hangout_money_free |text: ('Бесплатная доступна для всех пользователей.')
40062 [main] DEBUG m.Driver.MyWebDriverEventListener - Webdriver will click on element tag:input |id: create_hangout |text: ('')
40811 [main] DEBUG m.Driver.MyWebDriverEventListener - hope Webdriver clicked on element tag:input |id: create_hangout |text: ('')
40882 [main] INFO  test.java.LogTest - ------------------------ false
41881 [main] INFO  test.java.LogTest - ------------------------ false
42397 [main] INFO  test.java.LogTest - ------------------------ false
42919 [main] INFO  test.java.LogTest - ------------------------ false
43439 [main] INFO  test.java.LogTest - ------------------------ false
43961 [main] INFO  test.java.LogTest - ------------------------ false
44483 [main] INFO  test.java.LogTest - ------------------------ false
45003 [main] INFO  test.java.LogTest - ------------------------ false
45520 [main] INFO  test.java.LogTest - ------------------------ false
46044 [main] INFO  test.java.LogTest - ------------------------ false
46057 [main] INFO  test.java.LogTest - Timed out after 5 seconds waiting for main.pages.BaseClass$1@633eacab
Build info: version: '2.35.0', revision: 'c916b9d', time: '2013-08-12 15:42:01'
System info: os.name: 'Linux', os.arch: 'amd64', os.version: '3.2.0-23-generic', java.version: '1.7.0_25'
Driver info: driver.version: unknown
46148 [main] DEBUG m.Driver.MyWebDriverEventListener - Webdriver will click on element tag:a |id:  |text: ('Войти')
46972 [main] DEBUG m.Driver.MyWebDriverEventListener - hope Webdriver clicked on element tag:a |id:  |text: ('Войти')
53873 [main] INFO  test.java.LogTest - ------------------------ false
54395 [main] INFO  test.java.LogTest - ------------------------ false
54918 [main] INFO  test.java.LogTest - ------------------------ false
55442 [main] INFO  test.java.LogTest - ------------------------ false
55965 [main] INFO  test.java.LogTest - ------------------------ false
56497 [main] INFO  test.java.LogTest - ------------------------ false
57023 [main] INFO  test.java.LogTest - ------------------------ false
57549 [main] INFO  test.java.LogTest - ------------------------ false
58076 [main] INFO  test.java.LogTest - ------------------------ false
58600 [main] INFO  test.java.LogTest - ------------------------ false
59123 [main] INFO  test.java.LogTest - ------------------------ false
59137 [main] INFO  test.java.LogTest - Timed out after 5 seconds waiting for main.pages.BaseClass$1@28b6163d
Build info: version: '2.35.0', revision: 'c916b9d', time: '2013-08-12 15:42:01'
System info: os.name: 'Linux', os.arch: 'amd64', os.version: '3.2.0-23-generic', java.version: '1.7.0_25'
Driver info: driver.version: unknown
59204 [main] DEBUG m.Driver.MyWebDriverEventListener - Webdriver will click on element tag:a |id: client-exit |text: ('Завершить')
60940 [main] DEBUG m.Driver.MyWebDriverEventListener - hope Webdriver clicked on element tag:a |id: client-exit |text: ('Завершить')
60952 [main] INFO  test.java.LogTest - ------------------------ false
61468 [main] INFO  test.java.LogTest - ------------------------ false
61994 [main] INFO  test.java.LogTest - ------------------------ false
62521 [main] INFO  test.java.LogTest - ------------------------ false
63043 [main] INFO  test.java.LogTest - ------------------------ false
63572 [main] INFO  test.java.LogTest - ------------------------ false
64096 [main] INFO  test.java.LogTest - ------------------------ false
64619 [main] INFO  test.java.LogTest - ------------------------ false
65149 [main] INFO  test.java.LogTest - ------------------------ false
65679 [main] INFO  test.java.LogTest - ------------------------ false
66206 [main] INFO  test.java.LogTest - ------------------------ false
66219 [main] INFO  test.java.LogTest - Timed out after 5 seconds waiting for main.pages.BaseClass$1@4fc5690c
Build info: version: '2.35.0', revision: 'c916b9d', time: '2013-08-12 15:42:01'
System info: os.name: 'Linux', os.arch: 'amd64', os.version: '3.2.0-23-generic', java.version: '1.7.0_25'
Driver info: driver.version: unknown
66634 [main] DEBUG m.Driver.MyWebDriverEventListener - WebDriver changing value in element found By.id: client-exit from 'tag:a |id: client-exit |text: ('Завершить')
68238 [main] DEBUG m.Driver.MyWebDriverEventListener - Webdriver will click on element tag:a |id:  |text: ('Видеозаписи
18')
71087 [main] DEBUG m.Driver.MyWebDriverEventListener - hope Webdriver clicked on element tag:a |id:  |text: ('Видеозаписи
18')
71447 [main] INFO  test.java.LogTest - >>>>>>>>>>@AfterMethod<<<<<<<<<
74461 [main] ERROR test.java.LogTest - ----------------------------------------------------------------------js error----------------------------------------------------------------------
74461 [main] ERROR test.java.LogTest - javascript error 1.TypeError: e.moment(...) is null [https://static.testun.com.ua/js/main.js?v=1870:8888]
74461 [main] ERROR test.java.LogTest - ----------------------------------------------------------------------js error----------------------------------------------------------------------
77678 [main] DEBUG m.Driver.MyWebDriverEventListener - Webdriver will click on element tag:a |id: logout |text: ('Выйти')
78405 [main] DEBUG m.Driver.MyWebDriverEventListener - hope Webdriver clicked on element tag:a |id: logout |text: ('Выйти')
78410 [main] INFO  test.java.LogTest - ------------------------ false
79334 [main] INFO  test.java.LogTest - ------------------------ true
79401 [Thread-0] DEBUG main.Driver.WebDriverFactory - Killing driver 
306  [main] INFO  test.java.LogTest - ______________________________________class test.java.RecordTest______________________________________
310  [main] DEBUG main.Driver.WebDriverFactory - Requested driver: Capabilities [{browserName=firefox}]:null
4020 [main] INFO  m.Driver.MyWebDriverEventListener - WebDriver navigating to:'https://testun.com.ua/sys/sys/test_cookie_key'
4814 [main] INFO  m.Driver.MyWebDriverEventListener - WebDriver navigating to:'https://testun.com.ua/'
7448 [main] INFO  test.java.LogTest - ------------------------ true
7567 [main] DEBUG m.Driver.MyWebDriverEventListener - Webdriver will click on element tag:a |id:  |text: ('English')
10879 [main] DEBUG m.Driver.MyWebDriverEventListener - hope Webdriver clicked on element tag:a |id:  |text: ('English')
10885 [main] INFO  test.java.LogTest - ------------------------ true
10976 [main] DEBUG m.Driver.MyWebDriverEventListener - Webdriver will click on element tag:a |id: lang_ru |text: ('Русский')
11238 [main] DEBUG m.Driver.MyWebDriverEventListener - hope Webdriver clicked on element tag:a |id: lang_ru |text: ('Русский')
11726 [main] ERROR m.Driver.MyWebDriverEventListener - ________________________________________________________________________________________________________________
11731 [main] ERROR m.Driver.MyWebDriverEventListener - WebDriver error:
org.openqa.selenium.WebDriverException: window.jQuery is undefined
Command duration or timeout: 462 milliseconds
Build info: version: '2.35.0', revision: 'c916b9d', time: '2013-08-12 15:42:01'
System info: os.name: 'Linux', os.arch: 'amd64', os.version: '3.2.0-23-generic', java.version: '1.7.0_25'
Session ID: c4615f05-4678-4fd0-b78c-5a44729873b7
Driver info: org.openqa.selenium.firefox.FirefoxDriver
Capabilities [{platform=LINUX, databaseEnabled=true, cssSelectorsEnabled=true, javascriptEnabled=true, acceptSslCerts=true, handlesAlerts=true, browserName=firefox, browserConnectionEnabled=true, nativeEvents=true, webStorageEnabled=true, rotatable=false, locationContextEnabled=true, applicationCacheEnabled=true, takesScreenshot=true, version=23.0}]
	at sun.reflect.NativeConstructorAccessorImpl.newInstance0(Native Method) ~[na:1.7.0_25]
	at sun.reflect.NativeConstructorAccessorImpl.newInstance(NativeConstructorAccessorImpl.java:57) ~[na:1.7.0_25]
	at sun.reflect.DelegatingConstructorAccessorImpl.newInstance(DelegatingConstructorAccessorImpl.java:45) ~[na:1.7.0_25]
	at java.lang.reflect.Constructor.newInstance(Constructor.java:526) ~[na:1.7.0_25]
	at org.openqa.selenium.remote.ErrorHandler.createThrowable(ErrorHandler.java:191) ~[selenium-server-standalone-2.35.0.jar:na]
	at org.openqa.selenium.remote.ErrorHandler.throwIfResponseFailed(ErrorHandler.java:145) ~[selenium-server-standalone-2.35.0.jar:na]
	at org.openqa.selenium.remote.RemoteWebDriver.execute(RemoteWebDriver.java:554) ~[selenium-server-standalone-2.35.0.jar:na]
	at org.openqa.selenium.remote.RemoteWebDriver.executeScript(RemoteWebDriver.java:463) ~[selenium-server-standalone-2.35.0.jar:na]
	at sun.reflect.NativeMethodAccessorImpl.invoke0(Native Method) ~[na:1.7.0_25]
	at sun.reflect.NativeMethodAccessorImpl.invoke(NativeMethodAccessorImpl.java:57) ~[na:1.7.0_25]
	at sun.reflect.DelegatingMethodAccessorImpl.invoke(DelegatingMethodAccessorImpl.java:43) ~[na:1.7.0_25]
	at java.lang.reflect.Method.invoke(Method.java:606) ~[na:1.7.0_25]
	at org.openqa.selenium.support.events.EventFiringWebDriver$2.invoke(EventFiringWebDriver.java:101) ~[selenium-server-standalone-2.35.0.jar:na]
	at com.sun.proxy.$Proxy8.executeScript(Unknown Source) ~[na:na]
	at org.openqa.selenium.support.events.EventFiringWebDriver.executeScript(EventFiringWebDriver.java:209) ~[selenium-server-standalone-2.35.0.jar:na]
	at main.pages.BaseClass$1.apply(BaseClass.java:88) [classes/:na]
	at main.pages.BaseClass$1.apply(BaseClass.java:1) [classes/:na]
	at org.openqa.selenium.support.ui.FluentWait.until(FluentWait.java:208) [selenium-server-standalone-2.35.0.jar:na]
	at main.pages.BaseClass.waitForPageLoaded(BaseClass.java:94) [classes/:na]
	at main.pages.BaseClass.selectLang(BaseClass.java:107) [classes/:na]
	at test.java.RecordTest.setup(RecordTest.java:42) [classes/:na]
	at sun.reflect.NativeMethodAccessorImpl.invoke0(Native Method) ~[na:1.7.0_25]
	at sun.reflect.NativeMethodAccessorImpl.invoke(NativeMethodAccessorImpl.java:57) ~[na:1.7.0_25]
	at sun.reflect.DelegatingMethodAccessorImpl.invoke(DelegatingMethodAccessorImpl.java:43) ~[na:1.7.0_25]
	at java.lang.reflect.Method.invoke(Method.java:606) ~[na:1.7.0_25]
	at org.testng.internal.MethodInvocationHelper.invokeMethod(MethodInvocationHelper.java:80) [testng.jar:6.9beta-201211201815]
	at org.testng.internal.Invoker.invokeConfigurationMethod(Invoker.java:564) [testng.jar:6.9beta-201211201815]
	at org.testng.internal.Invoker.invokeConfigurations(Invoker.java:213) [testng.jar:6.9beta-201211201815]
	at org.testng.internal.Invoker.invokeMethod(Invoker.java:653) [testng.jar:6.9beta-201211201815]
	at org.testng.internal.Invoker.invokeTestMethod(Invoker.java:901) [testng.jar:6.9beta-201211201815]
	at org.testng.internal.Invoker.invokeTestMethods(Invoker.java:1231) [testng.jar:6.9beta-201211201815]
	at org.testng.internal.TestMethodWorker.invokeTestMethods(TestMethodWorker.java:128) [testng.jar:6.9beta-201211201815]
	at org.testng.internal.TestMethodWorker.run(TestMethodWorker.java:111) [testng.jar:6.9beta-201211201815]
	at org.testng.TestRunner.privateRun(TestRunner.java:767) [testng.jar:6.9beta-201211201815]
	at org.testng.TestRunner.run(TestRunner.java:617) [testng.jar:6.9beta-201211201815]
	at org.testng.SuiteRunner.runTest(SuiteRunner.java:334) [testng.jar:6.9beta-201211201815]
	at org.testng.SuiteRunner.runSequentially(SuiteRunner.java:329) [testng.jar:6.9beta-201211201815]
	at org.testng.SuiteRunner.privateRun(SuiteRunner.java:291) [testng.jar:6.9beta-201211201815]
	at org.testng.SuiteRunner.run(SuiteRunner.java:240) [testng.jar:6.9beta-201211201815]
	at org.testng.SuiteRunnerWorker.runSuite(SuiteRunnerWorker.java:52) [testng.jar:6.9beta-201211201815]
	at org.testng.SuiteRunnerWorker.run(SuiteRunnerWorker.java:86) [testng.jar:6.9beta-201211201815]
	at org.testng.TestNG.runSuitesSequentially(TestNG.java:1203) [testng.jar:6.9beta-201211201815]
	at org.testng.TestNG.runSuitesLocally(TestNG.java:1128) [testng.jar:6.9beta-201211201815]
	at org.testng.TestNG.run(TestNG.java:1036) [testng.jar:6.9beta-201211201815]
	at org.testng.remote.RemoteTestNG.run(RemoteTestNG.java:111) [testng.jar:6.9beta-201211201815]
	at org.testng.remote.RemoteTestNG.initAndRun(RemoteTestNG.java:204) [testng.jar:6.9beta-201211201815]
	at org.testng.remote.RemoteTestNG.main(RemoteTestNG.java:175) [testng.jar:6.9beta-201211201815]
org.openqa.selenium.remote.ErrorHandler$UnknownServerException: window.jQuery is undefined
Build info: version: '2.35.0', revision: 'c916b9d', time: '2013-08-12 15:42:01'
System info: os.name: 'Linux', os.arch: 'amd64', os.version: '3.2.0-23-generic', java.version: '1.7.0_25'
Driver info: driver.version: unknown
	at <anonymous class>.anonymous(https://testun.com.ua/:60) ~[na:na]
	at <anonymous class>.handleEvaluateEvent(https://testun.com.ua/:60) ~[na:na]
11732 [main] ERROR m.Driver.MyWebDriverEventListener - ________________________________________________________________________________________________________________
11900 [main] INFO  test.java.LogTest - window.jQuery is undefined
Command duration or timeout: 462 milliseconds
Build info: version: '2.35.0', revision: 'c916b9d', time: '2013-08-12 15:42:01'
System info: os.name: 'Linux', os.arch: 'amd64', os.version: '3.2.0-23-generic', java.version: '1.7.0_25'
Session ID: c4615f05-4678-4fd0-b78c-5a44729873b7
Driver info: org.openqa.selenium.firefox.FirefoxDriver
Capabilities [{platform=LINUX, databaseEnabled=true, cssSelectorsEnabled=true, javascriptEnabled=true, acceptSslCerts=true, handlesAlerts=true, browserName=firefox, browserConnectionEnabled=true, nativeEvents=true, webStorageEnabled=true, rotatable=false, locationContextEnabled=true, applicationCacheEnabled=true, takesScreenshot=true, version=23.0}]
11916 [main] INFO  test.java.LogTest - >>>>>>>>>>>>>>>Test = videoProcessing()<<<<<<<<<<<<<<<
11988 [main] DEBUG m.Driver.MyWebDriverEventListener - Webdriver will click on element tag:a |id: js_header_signin |text: ('Войти')
13446 [main] DEBUG m.Driver.MyWebDriverEventListener - hope Webdriver clicked on element tag:a |id: js_header_signin |text: ('Войти')
13456 [main] INFO  test.java.LogTest - ------------------------ true
13526 [main] DEBUG m.Driver.MyWebDriverEventListener - WebDriver changing value in element found By.id: login_email from 'tag:input |id: login_email |text: ('')
15057 [main] DEBUG m.Driver.MyWebDriverEventListener - WebDriver changing value in element found By.id: login_email from 'tag:input |id: login_email |text: ('')
15109 [main] DEBUG m.Driver.MyWebDriverEventListener - WebDriver changing value in element found By.id: login_password from 'tag:input |id: login_password |text: ('')
15723 [main] DEBUG m.Driver.MyWebDriverEventListener - WebDriver changing value in element found By.id: login_password from 'tag:input |id: login_password |text: ('')
15809 [main] DEBUG m.Driver.MyWebDriverEventListener - Webdriver will click on element tag:input |id: login_button |text: ('')
17863 [main] DEBUG m.Driver.MyWebDriverEventListener - hope Webdriver clicked on element tag:input |id: login_button |text: ('')
18903 [main] DEBUG m.Driver.MyWebDriverEventListener - Webdriver will click on element tag:a |id:  |text: ('Создать видеовстречу')
20642 [main] DEBUG m.Driver.MyWebDriverEventListener - hope Webdriver clicked on element tag:a |id:  |text: ('Создать видеовстречу')
20986 [main] DEBUG m.Driver.MyWebDriverEventListener - WebDriver changing value in element found By.id: hangout_title from 'tag:input |id: hangout_title |text: ('')
21636 [main] DEBUG m.Driver.MyWebDriverEventListener - WebDriver changing value in element found By.id: hangout_title from 'tag:input |id: hangout_title |text: ('')
21728 [main] DEBUG m.Driver.MyWebDriverEventListener - WebDriver changing value in element found By.id: hangout_date from 'tag:input |id: hangout_date |text: ('')
22151 [main] DEBUG m.Driver.MyWebDriverEventListener - WebDriver changing value in element found By.id: hangout_date from 'tag:input |id: hangout_date |text: ('')
22241 [main] DEBUG m.Driver.MyWebDriverEventListener - WebDriver changing value in element found By.id: hangout_time from 'tag:input |id: hangout_time |text: ('')
22542 [main] DEBUG m.Driver.MyWebDriverEventListener - WebDriver changing value in element found By.id: hangout_time from 'tag:input |id: hangout_time |text: ('')
32783 [main] DEBUG m.Driver.MyWebDriverEventListener - WebDriver changing value in element found By.id: hangout_text from 'tag:textarea |id: hangout_text |text: ('')
33509 [main] DEBUG m.Driver.MyWebDriverEventListener - WebDriver changing value in element found By.id: hangout_text from 'tag:textarea |id: hangout_text |text: ('')
33603 [main] DEBUG m.Driver.MyWebDriverEventListener - WebDriver changing value in element found By.id: hangout_image from 'tag:input |id: hangout_image |text: ('')
34313 [main] DEBUG m.Driver.MyWebDriverEventListener - Webdriver will click on element tag:a |id: preview_create |text: ('Сохранить')
36292 [main] DEBUG m.Driver.MyWebDriverEventListener - hope Webdriver clicked on element tag:a |id: preview_create |text: ('Сохранить')
36523 [main] DEBUG m.Driver.MyWebDriverEventListener - WebDriver changing value in element found By.id: tags-input from 'tag:textarea |id: tags-input |text: ('')
37147 [main] DEBUG m.Driver.MyWebDriverEventListener - WebDriver changing value in element found By.id: tags-input from 'tag:textarea |id: tags-input |text: ('')
37291 [main] DEBUG m.Driver.MyWebDriverEventListener - Webdriver will click on element tag:a |id: hangout_money_free |text: ('Бесплатная доступна для всех пользователей.')
38159 [main] DEBUG m.Driver.MyWebDriverEventListener - hope Webdriver clicked on element tag:a |id: hangout_money_free |text: ('Бесплатная доступна для всех пользователей.')
38287 [main] DEBUG m.Driver.MyWebDriverEventListener - Webdriver will click on element tag:input |id: create_hangout |text: ('')
39034 [main] DEBUG m.Driver.MyWebDriverEventListener - hope Webdriver clicked on element tag:input |id: create_hangout |text: ('')
39051 [main] INFO  test.java.LogTest - ------------------------ false
39566 [main] INFO  test.java.LogTest - ------------------------ false
40091 [main] INFO  test.java.LogTest - ------------------------ false
40611 [main] INFO  test.java.LogTest - ------------------------ false
41127 [main] INFO  test.java.LogTest - ------------------------ false
41644 [main] INFO  test.java.LogTest - ------------------------ false
42159 [main] INFO  test.java.LogTest - ------------------------ false
42675 [main] INFO  test.java.LogTest - ------------------------ false
43193 [main] INFO  test.java.LogTest - ------------------------ false
43714 [main] INFO  test.java.LogTest - ------------------------ false
44236 [main] INFO  test.java.LogTest - ------------------------ false
44243 [main] INFO  test.java.LogTest - Timed out after 5 seconds waiting for main.pages.BaseClass$1@4114c999
Build info: version: '2.35.0', revision: 'c916b9d', time: '2013-08-12 15:42:01'
System info: os.name: 'Linux', os.arch: 'amd64', os.version: '3.2.0-23-generic', java.version: '1.7.0_25'
Driver info: driver.version: unknown
44346 [main] DEBUG m.Driver.MyWebDriverEventListener - Webdriver will click on element tag:a |id:  |text: ('Войти')
45157 [main] DEBUG m.Driver.MyWebDriverEventListener - hope Webdriver clicked on element tag:a |id:  |text: ('Войти')
60111 [main] INFO  test.java.LogTest - ------------------------ false
60633 [main] INFO  test.java.LogTest - ------------------------ false
61156 [main] INFO  test.java.LogTest - ------------------------ false
61682 [main] INFO  test.java.LogTest - ------------------------ false
62208 [main] INFO  test.java.LogTest - ------------------------ false
62732 [main] INFO  test.java.LogTest - ------------------------ false
63256 [main] INFO  test.java.LogTest - ------------------------ false
63779 [main] INFO  test.java.LogTest - ------------------------ false
64308 [main] INFO  test.java.LogTest - ------------------------ false
64828 [main] INFO  test.java.LogTest - ------------------------ false
65345 [main] INFO  test.java.LogTest - ------------------------ false
65355 [main] INFO  test.java.LogTest - Timed out after 5 seconds waiting for main.pages.BaseClass$1@a3e667
Build info: version: '2.35.0', revision: 'c916b9d', time: '2013-08-12 15:42:01'
System info: os.name: 'Linux', os.arch: 'amd64', os.version: '3.2.0-23-generic', java.version: '1.7.0_25'
Driver info: driver.version: unknown
65443 [main] DEBUG m.Driver.MyWebDriverEventListener - Webdriver will click on element tag:a |id: client-exit |text: ('Завершить')
67166 [main] DEBUG m.Driver.MyWebDriverEventListener - hope Webdriver clicked on element tag:a |id: client-exit |text: ('Завершить')
67177 [main] INFO  test.java.LogTest - ------------------------ false
67697 [main] INFO  test.java.LogTest - ------------------------ false
68219 [main] INFO  test.java.LogTest - ------------------------ false
68748 [main] INFO  test.java.LogTest - ------------------------ false
69277 [main] INFO  test.java.LogTest - ------------------------ false
69807 [main] INFO  test.java.LogTest - ------------------------ false
70335 [main] INFO  test.java.LogTest - ------------------------ false
70854 [main] INFO  test.java.LogTest - ------------------------ false
71377 [main] INFO  test.java.LogTest - ------------------------ false
71907 [main] INFO  test.java.LogTest - ------------------------ false
72436 [main] INFO  test.java.LogTest - ------------------------ false
72449 [main] INFO  test.java.LogTest - Timed out after 5 seconds waiting for main.pages.BaseClass$1@43bd856
Build info: version: '2.35.0', revision: 'c916b9d', time: '2013-08-12 15:42:01'
System info: os.name: 'Linux', os.arch: 'amd64', os.version: '3.2.0-23-generic', java.version: '1.7.0_25'
Driver info: driver.version: unknown
72725 [main] DEBUG m.Driver.MyWebDriverEventListener - WebDriver changing value in element found By.id: client-exit from 'tag:a |id: client-exit |text: ('Завершить')
74432 [main] DEBUG m.Driver.MyWebDriverEventListener - Webdriver will click on element tag:a |id:  |text: ('Видеозаписи
19')
77302 [main] DEBUG m.Driver.MyWebDriverEventListener - hope Webdriver clicked on element tag:a |id:  |text: ('Видеозаписи
19')
77911 [main] INFO  test.java.LogTest - >>>>>>>>>>@AfterMethod<<<<<<<<<
80921 [main] ERROR test.java.LogTest - ----------------------------------------------------------------------js error----------------------------------------------------------------------
80921 [main] ERROR test.java.LogTest - javascript error 1.TypeError: e.moment(...) is null [https://static.testun.com.ua/js/main.js?v=1870:8888]
80921 [main] ERROR test.java.LogTest - ----------------------------------------------------------------------js error----------------------------------------------------------------------
84158 [main] DEBUG m.Driver.MyWebDriverEventListener - Webdriver will click on element tag:a |id: logout |text: ('Выйти')
84894 [main] DEBUG m.Driver.MyWebDriverEventListener - hope Webdriver clicked on element tag:a |id: logout |text: ('Выйти')
84900 [main] INFO  test.java.LogTest - ------------------------ false
85799 [main] INFO  test.java.LogTest - ------------------------ true
85868 [Thread-0] DEBUG main.Driver.WebDriverFactory - Killing driver 
87945 [Thread-0] ERROR m.Driver.MyWebDriverEventListener - ________________________________________________________________________________________________________________
87946 [Thread-0] ERROR m.Driver.MyWebDriverEventListener - WebDriver error:
org.openqa.selenium.remote.UnreachableBrowserException: Error communicating with the remote browser. It may have died.
Build info: version: '2.35.0', revision: 'c916b9d', time: '2013-08-12 15:42:01'
System info: os.name: 'Linux', os.arch: 'amd64', os.version: '3.2.0-23-generic', java.version: '1.7.0_25'
Driver info: driver.version: EventFiringWebDriver
	at org.openqa.selenium.remote.RemoteWebDriver.execute(RemoteWebDriver.java:548) ~[selenium-server-standalone-2.35.0.jar:na]
	at org.openqa.selenium.remote.RemoteWebDriver.execute(RemoteWebDriver.java:569) ~[selenium-server-standalone-2.35.0.jar:na]
	at org.openqa.selenium.remote.RemoteWebDriver.quit(RemoteWebDriver.java:423) ~[selenium-server-standalone-2.35.0.jar:na]
	at sun.reflect.NativeMethodAccessorImpl.invoke0(Native Method) ~[na:1.7.0_25]
	at sun.reflect.NativeMethodAccessorImpl.invoke(NativeMethodAccessorImpl.java:57) ~[na:1.7.0_25]
	at sun.reflect.DelegatingMethodAccessorImpl.invoke(DelegatingMethodAccessorImpl.java:43) ~[na:1.7.0_25]
	at java.lang.reflect.Method.invoke(Method.java:606) ~[na:1.7.0_25]
	at org.openqa.selenium.support.events.EventFiringWebDriver$2.invoke(EventFiringWebDriver.java:101) ~[selenium-server-standalone-2.35.0.jar:na]
	at com.sun.proxy.$Proxy8.quit(Unknown Source) ~[na:na]
	at org.openqa.selenium.support.events.EventFiringWebDriver.quit(EventFiringWebDriver.java:194) ~[selenium-server-standalone-2.35.0.jar:na]
	at main.Driver.WebDriverFactory.dismissDriver(WebDriverFactory.java:99) ~[classes/:na]
	at main.Driver.WebDriverFactory$1.run(WebDriverFactory.java:163) [classes/:na]
Caused by: org.apache.http.NoHttpResponseException: The target server failed to respond
	at org.apache.http.impl.conn.DefaultHttpResponseParser.parseHead(DefaultHttpResponseParser.java:95) ~[selenium-server-standalone-2.35.0.jar:na]
	at org.apache.http.impl.conn.DefaultHttpResponseParser.parseHead(DefaultHttpResponseParser.java:62) ~[selenium-server-standalone-2.35.0.jar:na]
	at org.apache.http.impl.io.AbstractMessageParser.parse(AbstractMessageParser.java:254) ~[selenium-server-standalone-2.35.0.jar:na]
	at org.apache.http.impl.AbstractHttpClientConnection.receiveResponseHeader(AbstractHttpClientConnection.java:289) ~[selenium-server-standalone-2.35.0.jar:na]
	at org.apache.http.impl.conn.DefaultClientConnection.receiveResponseHeader(DefaultClientConnection.java:252) ~[selenium-server-standalone-2.35.0.jar:na]
	at org.apache.http.impl.conn.AbstractClientConnAdapter.receiveResponseHeader(AbstractClientConnAdapter.java:219) ~[selenium-server-standalone-2.35.0.jar:na]
	at org.apache.http.protocol.HttpRequestExecutor.doReceiveResponse(HttpRequestExecutor.java:300) ~[selenium-server-standalone-2.35.0.jar:na]
	at org.apache.http.protocol.HttpRequestExecutor.execute(HttpRequestExecutor.java:127) ~[selenium-server-standalone-2.35.0.jar:na]
	at org.apache.http.impl.client.DefaultRequestDirector.tryExecute(DefaultRequestDirector.java:712) ~[selenium-server-standalone-2.35.0.jar:na]
	at org.apache.http.impl.client.DefaultRequestDirector.execute(DefaultRequestDirector.java:517) ~[selenium-server-standalone-2.35.0.jar:na]
	at org.apache.http.impl.client.AbstractHttpClient.execute(AbstractHttpClient.java:906) ~[selenium-server-standalone-2.35.0.jar:na]
	at org.openqa.selenium.remote.HttpCommandExecutor.fallBackExecute(HttpCommandExecutor.java:337) ~[selenium-server-standalone-2.35.0.jar:na]
	at org.openqa.selenium.remote.HttpCommandExecutor.execute(HttpCommandExecutor.java:298) ~[selenium-server-standalone-2.35.0.jar:na]
	at org.openqa.selenium.firefox.internal.NewProfileExtensionConnection.execute(NewProfileExtensionConnection.java:133) ~[selenium-server-standalone-2.35.0.jar:na]
	at org.openqa.selenium.firefox.FirefoxDriver$LazyCommandExecutor.execute(FirefoxDriver.java:367) ~[selenium-server-standalone-2.35.0.jar:na]
	at org.openqa.selenium.remote.RemoteWebDriver.execute(RemoteWebDriver.java:527) ~[selenium-server-standalone-2.35.0.jar:na]
	... 11 common frames omitted
87947 [Thread-0] ERROR m.Driver.MyWebDriverEventListener - ________________________________________________________________________________________________________________
87947 [Thread-0] WARN  main.Driver.WebDriverFactory - Driver killing error
org.openqa.selenium.remote.SessionNotFoundException: The FirefoxDriver cannot be used after quit() was called.
Build info: version: '2.35.0', revision: 'c916b9d', time: '2013-08-12 15:42:01'
System info: os.name: 'Linux', os.arch: 'amd64', os.version: '3.2.0-23-generic', java.version: '1.7.0_25'
Driver info: driver.version: EventFiringWebDriver
	at org.openqa.selenium.firefox.FirefoxDriver$LazyCommandExecutor.execute(FirefoxDriver.java:364) ~[selenium-server-standalone-2.35.0.jar:na]
	at org.openqa.selenium.remote.RemoteWebDriver.execute(RemoteWebDriver.java:527) ~[selenium-server-standalone-2.35.0.jar:na]
	at org.openqa.selenium.remote.RemoteWebDriver.executeScript(RemoteWebDriver.java:463) ~[selenium-server-standalone-2.35.0.jar:na]
	at main.Driver.MyWebDriverEventListener.onException(MyWebDriverEventListener.java:66) ~[classes/:na]
	at sun.reflect.NativeMethodAccessorImpl.invoke0(Native Method) ~[na:1.7.0_25]
	at sun.reflect.NativeMethodAccessorImpl.invoke(NativeMethodAccessorImpl.java:57) ~[na:1.7.0_25]
	at sun.reflect.DelegatingMethodAccessorImpl.invoke(DelegatingMethodAccessorImpl.java:43) ~[na:1.7.0_25]
	at java.lang.reflect.Method.invoke(Method.java:606) ~[na:1.7.0_25]
	at org.openqa.selenium.support.events.EventFiringWebDriver$1.invoke(EventFiringWebDriver.java:78) ~[selenium-server-standalone-2.35.0.jar:na]
	at com.sun.proxy.$Proxy7.onException(Unknown Source) ~[na:na]
	at org.openqa.selenium.support.events.EventFiringWebDriver$2.invoke(EventFiringWebDriver.java:103) ~[selenium-server-standalone-2.35.0.jar:na]
	at com.sun.proxy.$Proxy8.quit(Unknown Source) ~[na:na]
	at org.openqa.selenium.support.events.EventFiringWebDriver.quit(EventFiringWebDriver.java:194) ~[selenium-server-standalone-2.35.0.jar:na]
	at main.Driver.WebDriverFactory.dismissDriver(WebDriverFactory.java:99) ~[classes/:na]
	at main.Driver.WebDriverFactory$1.run(WebDriverFactory.java:163) ~[classes/:na]
306  [main] INFO  test.java.LogTest - ______________________________________class test.java.RecordTest______________________________________
310  [main] DEBUG main.Driver.WebDriverFactory - Requested driver: Capabilities [{browserName=firefox}]:null
3873 [main] INFO  m.Driver.MyWebDriverEventListener - WebDriver navigating to:'https://testun.com.ua/sys/sys/test_cookie_key'
4682 [main] INFO  m.Driver.MyWebDriverEventListener - WebDriver navigating to:'https://testun.com.ua/'
10404 [main] INFO  test.java.LogTest - ------------------------ true
10582 [main] DEBUG m.Driver.MyWebDriverEventListener - Webdriver will click on element tag:a |id:  |text: ('English')
14164 [main] DEBUG m.Driver.MyWebDriverEventListener - hope Webdriver clicked on element tag:a |id:  |text: ('English')
14174 [main] INFO  test.java.LogTest - ------------------------ true
14277 [main] DEBUG m.Driver.MyWebDriverEventListener - Webdriver will click on element tag:a |id: lang_ru |text: ('Русский')
14543 [main] DEBUG m.Driver.MyWebDriverEventListener - hope Webdriver clicked on element tag:a |id: lang_ru |text: ('Русский')
15228 [main] INFO  test.java.LogTest - ------------------------ true
15247 [main] INFO  test.java.LogTest - >>>>>>>>>>>>>>>Test = videoProcessing()<<<<<<<<<<<<<<<
15345 [main] DEBUG m.Driver.MyWebDriverEventListener - Webdriver will click on element tag:a |id: js_header_signin |text: ('Войти')
16744 [main] DEBUG m.Driver.MyWebDriverEventListener - hope Webdriver clicked on element tag:a |id: js_header_signin |text: ('Войти')
16749 [main] INFO  test.java.LogTest - ------------------------ true
16809 [main] DEBUG m.Driver.MyWebDriverEventListener - WebDriver changing value in element found By.id: login_email from 'tag:input |id: login_email |text: ('')
17414 [main] DEBUG m.Driver.MyWebDriverEventListener - WebDriver changing value in element found By.id: login_email from 'tag:input |id: login_email |text: ('')
18221 [main] DEBUG m.Driver.MyWebDriverEventListener - WebDriver changing value in element found By.id: login_password from 'tag:input |id: login_password |text: ('')
18833 [main] DEBUG m.Driver.MyWebDriverEventListener - WebDriver changing value in element found By.id: login_password from 'tag:input |id: login_password |text: ('')
18903 [main] DEBUG m.Driver.MyWebDriverEventListener - Webdriver will click on element tag:input |id: login_button |text: ('')
20950 [main] DEBUG m.Driver.MyWebDriverEventListener - hope Webdriver clicked on element tag:input |id: login_button |text: ('')
21932 [main] DEBUG m.Driver.MyWebDriverEventListener - Webdriver will click on element tag:a |id:  |text: ('Создать видеовстречу')
23676 [main] DEBUG m.Driver.MyWebDriverEventListener - hope Webdriver clicked on element tag:a |id:  |text: ('Создать видеовстречу')
24040 [main] DEBUG m.Driver.MyWebDriverEventListener - WebDriver changing value in element found By.id: hangout_title from 'tag:input |id: hangout_title |text: ('')
24659 [main] DEBUG m.Driver.MyWebDriverEventListener - WebDriver changing value in element found By.id: hangout_title from 'tag:input |id: hangout_title |text: ('')
24816 [main] DEBUG m.Driver.MyWebDriverEventListener - WebDriver changing value in element found By.id: hangout_date from 'tag:input |id: hangout_date |text: ('')
25207 [main] DEBUG m.Driver.MyWebDriverEventListener - WebDriver changing value in element found By.id: hangout_date from 'tag:input |id: hangout_date |text: ('')
25300 [main] DEBUG m.Driver.MyWebDriverEventListener - WebDriver changing value in element found By.id: hangout_time from 'tag:input |id: hangout_time |text: ('')
25616 [main] DEBUG m.Driver.MyWebDriverEventListener - WebDriver changing value in element found By.id: hangout_time from 'tag:input |id: hangout_time |text: ('')
35825 [main] DEBUG m.Driver.MyWebDriverEventListener - WebDriver changing value in element found By.id: hangout_text from 'tag:textarea |id: hangout_text |text: ('')
36549 [main] DEBUG m.Driver.MyWebDriverEventListener - WebDriver changing value in element found By.id: hangout_text from 'tag:textarea |id: hangout_text |text: ('')
36665 [main] DEBUG m.Driver.MyWebDriverEventListener - WebDriver changing value in element found By.id: hangout_image from 'tag:input |id: hangout_image |text: ('')
37320 [main] DEBUG m.Driver.MyWebDriverEventListener - Webdriver will click on element tag:a |id: preview_create |text: ('Сохранить')
39310 [main] DEBUG m.Driver.MyWebDriverEventListener - hope Webdriver clicked on element tag:a |id: preview_create |text: ('Сохранить')
39543 [main] DEBUG m.Driver.MyWebDriverEventListener - WebDriver changing value in element found By.id: tags-input from 'tag:textarea |id: tags-input |text: ('')
40078 [main] DEBUG m.Driver.MyWebDriverEventListener - WebDriver changing value in element found By.id: tags-input from 'tag:textarea |id: tags-input |text: ('')
40215 [main] DEBUG m.Driver.MyWebDriverEventListener - Webdriver will click on element tag:a |id: hangout_money_free |text: ('Бесплатная доступна для всех пользователей.')
41072 [main] DEBUG m.Driver.MyWebDriverEventListener - hope Webdriver clicked on element tag:a |id: hangout_money_free |text: ('Бесплатная доступна для всех пользователей.')
41219 [main] DEBUG m.Driver.MyWebDriverEventListener - Webdriver will click on element tag:input |id: create_hangout |text: ('')
41955 [main] DEBUG m.Driver.MyWebDriverEventListener - hope Webdriver clicked on element tag:input |id: create_hangout |text: ('')
41973 [main] INFO  test.java.LogTest - ------------------------ false
42495 [main] INFO  test.java.LogTest - ------------------------ false
43022 [main] INFO  test.java.LogTest - ------------------------ false
43545 [main] INFO  test.java.LogTest - ------------------------ false
44065 [main] INFO  test.java.LogTest - ------------------------ false
44588 [main] INFO  test.java.LogTest - ------------------------ false
45110 [main] INFO  test.java.LogTest - ------------------------ false
45631 [main] INFO  test.java.LogTest - ------------------------ false
46155 [main] INFO  test.java.LogTest - ------------------------ false
46678 [main] INFO  test.java.LogTest - ------------------------ false
47200 [main] INFO  test.java.LogTest - ------------------------ false
47215 [main] INFO  test.java.LogTest - Timed out after 5 seconds waiting for main.pages.BaseClass$1@43f66516
Build info: version: '2.35.0', revision: 'c916b9d', time: '2013-08-12 15:42:01'
System info: os.name: 'Linux', os.arch: 'amd64', os.version: '3.2.0-23-generic', java.version: '1.7.0_25'
Driver info: driver.version: unknown
47291 [main] DEBUG m.Driver.MyWebDriverEventListener - Webdriver will click on element tag:a |id:  |text: ('Войти')
48103 [main] DEBUG m.Driver.MyWebDriverEventListener - hope Webdriver clicked on element tag:a |id:  |text: ('Войти')
54113 [main] INFO  test.java.LogTest - ------------------------ false
54641 [main] INFO  test.java.LogTest - ------------------------ false
55162 [main] INFO  test.java.LogTest - ------------------------ false
55677 [main] INFO  test.java.LogTest - ------------------------ false
56195 [main] INFO  test.java.LogTest - ------------------------ false
56725 [main] INFO  test.java.LogTest - ------------------------ false
57249 [main] INFO  test.java.LogTest - ------------------------ false
57776 [main] INFO  test.java.LogTest - ------------------------ false
58301 [main] INFO  test.java.LogTest - ------------------------ false
58827 [main] INFO  test.java.LogTest - ------------------------ false
59357 [main] INFO  test.java.LogTest - ------------------------ false
59373 [main] INFO  test.java.LogTest - Timed out after 5 seconds waiting for main.pages.BaseClass$1@3d72d061
Build info: version: '2.35.0', revision: 'c916b9d', time: '2013-08-12 15:42:01'
System info: os.name: 'Linux', os.arch: 'amd64', os.version: '3.2.0-23-generic', java.version: '1.7.0_25'
Driver info: driver.version: unknown
59448 [main] DEBUG m.Driver.MyWebDriverEventListener - Webdriver will click on element tag:a |id: client-exit |text: ('Завершить')
61168 [main] DEBUG m.Driver.MyWebDriverEventListener - hope Webdriver clicked on element tag:a |id: client-exit |text: ('Завершить')
61176 [main] INFO  test.java.LogTest - ------------------------ false
61713 [main] INFO  test.java.LogTest - ------------------------ false
62238 [main] INFO  test.java.LogTest - ------------------------ false
62771 [main] INFO  test.java.LogTest - ------------------------ false
63302 [main] INFO  test.java.LogTest - ------------------------ false
63831 [main] INFO  test.java.LogTest - ------------------------ false
64355 [main] INFO  test.java.LogTest - ------------------------ false
64886 [main] INFO  test.java.LogTest - ------------------------ false
65412 [main] INFO  test.java.LogTest - ------------------------ false
65951 [main] INFO  test.java.LogTest - ------------------------ false
66488 [main] INFO  test.java.LogTest - ------------------------ false
66496 [main] INFO  test.java.LogTest - Timed out after 5 seconds waiting for main.pages.BaseClass$1@51ebdc1d
Build info: version: '2.35.0', revision: 'c916b9d', time: '2013-08-12 15:42:01'
System info: os.name: 'Linux', os.arch: 'amd64', os.version: '3.2.0-23-generic', java.version: '1.7.0_25'
Driver info: driver.version: unknown
67105 [main] DEBUG m.Driver.MyWebDriverEventListener - WebDriver changing value in element found By.id: client-exit from 'tag:a |id: client-exit |text: ('Завершить')
77196 [main] ERROR m.Driver.MyWebDriverEventListener - ________________________________________________________________________________________________________________
77196 [main] ERROR m.Driver.MyWebDriverEventListener - WebDriver error: Element not found By.selector: .paper__media-status__content
77196 [main] ERROR m.Driver.MyWebDriverEventListener - ________________________________________________________________________________________________________________
77201 [main] INFO  test.java.LogTest - >>>>>>>>>>@AfterMethod<<<<<<<<<
80215 [main] ERROR test.java.LogTest - ----------------------------------------------------------------------js error----------------------------------------------------------------------
80215 [main] ERROR test.java.LogTest - javascript error 1.TypeError: e.moment(...) is null [https://static.testun.com.ua/js/main.js?v=1870:8888]
80216 [main] ERROR test.java.LogTest - ----------------------------------------------------------------------js error----------------------------------------------------------------------
80744 [main] DEBUG m.Driver.MyWebDriverEventListener - Webdriver will click on element tag:a |id: logout |text: ('Выйти')
81502 [main] DEBUG m.Driver.MyWebDriverEventListener - hope Webdriver clicked on element tag:a |id: logout |text: ('Выйти')
81517 [main] INFO  test.java.LogTest - ------------------------ false
82293 [main] INFO  test.java.LogTest - ------------------------ true
82357 [Thread-0] DEBUG main.Driver.WebDriverFactory - Killing driver 
308  [main] INFO  test.java.LogTest - ______________________________________class test.java.RecordTest______________________________________
313  [main] DEBUG main.Driver.WebDriverFactory - Requested driver: Capabilities [{browserName=firefox}]:null
3753 [main] INFO  m.Driver.MyWebDriverEventListener - WebDriver navigating to:'https://testun.com.ua/sys/sys/test_cookie_key'
4793 [main] INFO  m.Driver.MyWebDriverEventListener - WebDriver navigating to:'https://testun.com.ua/'
7565 [main] INFO  test.java.LogTest - ------------------------ true
7669 [main] DEBUG m.Driver.MyWebDriverEventListener - Webdriver will click on element tag:a |id:  |text: ('English')
10903 [main] DEBUG m.Driver.MyWebDriverEventListener - hope Webdriver clicked on element tag:a |id:  |text: ('English')
10913 [main] INFO  test.java.LogTest - ------------------------ true
11012 [main] DEBUG m.Driver.MyWebDriverEventListener - Webdriver will click on element tag:a |id: lang_ru |text: ('Русский')
11273 [main] DEBUG m.Driver.MyWebDriverEventListener - hope Webdriver clicked on element tag:a |id: lang_ru |text: ('Русский')
11278 [main] INFO  test.java.LogTest - ------------------------ false
11954 [main] INFO  test.java.LogTest - >>>>>>>>>>>>>>>Test = videoProcessing()<<<<<<<<<<<<<<<
12053 [main] DEBUG m.Driver.MyWebDriverEventListener - Webdriver will click on element tag:a |id: js_header_signin |text: ('Войти')
13481 [main] DEBUG m.Driver.MyWebDriverEventListener - hope Webdriver clicked on element tag:a |id: js_header_signin |text: ('Войти')
13487 [main] INFO  test.java.LogTest - ------------------------ true
13547 [main] DEBUG m.Driver.MyWebDriverEventListener - WebDriver changing value in element found By.id: login_email from 'tag:input |id: login_email |text: ('')
14448 [main] DEBUG m.Driver.MyWebDriverEventListener - WebDriver changing value in element found By.id: login_email from 'tag:input |id: login_email |text: ('')
15087 [main] DEBUG m.Driver.MyWebDriverEventListener - WebDriver changing value in element found By.id: login_password from 'tag:input |id: login_password |text: ('')
15712 [main] DEBUG m.Driver.MyWebDriverEventListener - WebDriver changing value in element found By.id: login_password from 'tag:input |id: login_password |text: ('')
15775 [main] DEBUG m.Driver.MyWebDriverEventListener - Webdriver will click on element tag:input |id: login_button |text: ('')
17844 [main] DEBUG m.Driver.MyWebDriverEventListener - hope Webdriver clicked on element tag:input |id: login_button |text: ('')
19458 [main] DEBUG m.Driver.MyWebDriverEventListener - Webdriver will click on element tag:a |id:  |text: ('Создать видеовстречу')
21087 [main] DEBUG m.Driver.MyWebDriverEventListener - hope Webdriver clicked on element tag:a |id:  |text: ('Создать видеовстречу')
21443 [main] DEBUG m.Driver.MyWebDriverEventListener - WebDriver changing value in element found By.id: hangout_title from 'tag:input |id: hangout_title |text: ('')
22107 [main] DEBUG m.Driver.MyWebDriverEventListener - WebDriver changing value in element found By.id: hangout_title from 'tag:input |id: hangout_title |text: ('')
22201 [main] DEBUG m.Driver.MyWebDriverEventListener - WebDriver changing value in element found By.id: hangout_date from 'tag:input |id: hangout_date |text: ('')
22577 [main] DEBUG m.Driver.MyWebDriverEventListener - WebDriver changing value in element found By.id: hangout_date from 'tag:input |id: hangout_date |text: ('')
22647 [main] DEBUG m.Driver.MyWebDriverEventListener - WebDriver changing value in element found By.id: hangout_time from 'tag:input |id: hangout_time |text: ('')
22932 [main] DEBUG m.Driver.MyWebDriverEventListener - WebDriver changing value in element found By.id: hangout_time from 'tag:input |id: hangout_time |text: ('')
33143 [main] DEBUG m.Driver.MyWebDriverEventListener - WebDriver changing value in element found By.id: hangout_text from 'tag:textarea |id: hangout_text |text: ('')
33887 [main] DEBUG m.Driver.MyWebDriverEventListener - WebDriver changing value in element found By.id: hangout_text from 'tag:textarea |id: hangout_text |text: ('')
33966 [main] DEBUG m.Driver.MyWebDriverEventListener - WebDriver changing value in element found By.id: hangout_image from 'tag:input |id: hangout_image |text: ('')
34690 [main] DEBUG m.Driver.MyWebDriverEventListener - Webdriver will click on element tag:a |id: preview_create |text: ('Сохранить')
36523 [main] DEBUG m.Driver.MyWebDriverEventListener - hope Webdriver clicked on element tag:a |id: preview_create |text: ('Сохранить')
36752 [main] DEBUG m.Driver.MyWebDriverEventListener - WebDriver changing value in element found By.id: tags-input from 'tag:textarea |id: tags-input |text: ('')
37343 [main] DEBUG m.Driver.MyWebDriverEventListener - WebDriver changing value in element found By.id: tags-input from 'tag:textarea |id: tags-input |text: ('')
37438 [main] DEBUG m.Driver.MyWebDriverEventListener - Webdriver will click on element tag:a |id: hangout_money_free |text: ('Бесплатная доступна для всех пользователей.')
38271 [main] DEBUG m.Driver.MyWebDriverEventListener - hope Webdriver clicked on element tag:a |id: hangout_money_free |text: ('Бесплатная доступна для всех пользователей.')
38462 [main] DEBUG m.Driver.MyWebDriverEventListener - Webdriver will click on element tag:input |id: create_hangout |text: ('')
39192 [main] DEBUG m.Driver.MyWebDriverEventListener - hope Webdriver clicked on element tag:input |id: create_hangout |text: ('')
39209 [main] INFO  test.java.LogTest - ------------------------ false
39738 [main] INFO  test.java.LogTest - ------------------------ false
40255 [main] INFO  test.java.LogTest - ------------------------ false
40768 [main] INFO  test.java.LogTest - ------------------------ false
41278 [main] INFO  test.java.LogTest - ------------------------ false
41790 [main] INFO  test.java.LogTest - ------------------------ false
42301 [main] INFO  test.java.LogTest - ------------------------ false
42812 [main] INFO  test.java.LogTest - ------------------------ false
43328 [main] INFO  test.java.LogTest - ------------------------ false
43841 [main] INFO  test.java.LogTest - ------------------------ false
44352 [main] INFO  test.java.LogTest - ------------------------ false
44359 [main] INFO  test.java.LogTest - Timed out after 5 seconds waiting for main.pages.BaseClass$1@47763d58
Build info: version: '2.35.0', revision: 'c916b9d', time: '2013-08-12 15:42:01'
System info: os.name: 'Linux', os.arch: 'amd64', os.version: '3.2.0-23-generic', java.version: '1.7.0_25'
Driver info: driver.version: unknown
44410 [main] DEBUG m.Driver.MyWebDriverEventListener - Webdriver will click on element tag:a |id:  |text: ('Войти')
45212 [main] DEBUG m.Driver.MyWebDriverEventListener - hope Webdriver clicked on element tag:a |id:  |text: ('Войти')
54948 [main] INFO  test.java.LogTest - ------------------------ false
55470 [main] INFO  test.java.LogTest - ------------------------ false
55986 [main] INFO  test.java.LogTest - ------------------------ false
56503 [main] INFO  test.java.LogTest - ------------------------ false
57019 [main] INFO  test.java.LogTest - ------------------------ false
57547 [main] INFO  test.java.LogTest - ------------------------ false
58067 [main] INFO  test.java.LogTest - ------------------------ false
58591 [main] INFO  test.java.LogTest - ------------------------ false
59116 [main] INFO  test.java.LogTest - ------------------------ false
59643 [main] INFO  test.java.LogTest - ------------------------ false
60170 [main] INFO  test.java.LogTest - ------------------------ false
60185 [main] INFO  test.java.LogTest - Timed out after 5 seconds waiting for main.pages.BaseClass$1@195d9a85
Build info: version: '2.35.0', revision: 'c916b9d', time: '2013-08-12 15:42:01'
System info: os.name: 'Linux', os.arch: 'amd64', os.version: '3.2.0-23-generic', java.version: '1.7.0_25'
Driver info: driver.version: unknown
60283 [main] DEBUG m.Driver.MyWebDriverEventListener - Webdriver will click on element tag:a |id: client-exit |text: ('Завершить')
61988 [main] DEBUG m.Driver.MyWebDriverEventListener - hope Webdriver clicked on element tag:a |id: client-exit |text: ('Завершить')
62000 [main] INFO  test.java.LogTest - ------------------------ false
62521 [main] INFO  test.java.LogTest - ------------------------ false
63050 [main] INFO  test.java.LogTest - ------------------------ false
63579 [main] INFO  test.java.LogTest - ------------------------ false
64108 [main] INFO  test.java.LogTest - ------------------------ false
64630 [main] INFO  test.java.LogTest - ------------------------ false
65157 [main] INFO  test.java.LogTest - ------------------------ false
65687 [main] INFO  test.java.LogTest - ------------------------ false
66217 [main] INFO  test.java.LogTest - ------------------------ false
66748 [main] INFO  test.java.LogTest - ------------------------ false
67280 [main] INFO  test.java.LogTest - ------------------------ false
67295 [main] INFO  test.java.LogTest - Timed out after 5 seconds waiting for main.pages.BaseClass$1@56bb9fd9
Build info: version: '2.35.0', revision: 'c916b9d', time: '2013-08-12 15:42:01'
System info: os.name: 'Linux', os.arch: 'amd64', os.version: '3.2.0-23-generic', java.version: '1.7.0_25'
Driver info: driver.version: unknown
67585 [main] DEBUG m.Driver.MyWebDriverEventListener - WebDriver changing value in element found By.id: client-exit from 'tag:a |id: client-exit |text: ('Завершить')
69208 [main] DEBUG m.Driver.MyWebDriverEventListener - Webdriver will click on element tag:a |id:  |text: ('Видеозаписи
20')
72108 [main] DEBUG m.Driver.MyWebDriverEventListener - hope Webdriver clicked on element tag:a |id:  |text: ('Видеозаписи
20')
72492 [main] INFO  test.java.LogTest - >>>>>>>>>>@AfterMethod<<<<<<<<<
75504 [main] ERROR test.java.LogTest - ----------------------------------------------------------------------js error----------------------------------------------------------------------
75505 [main] ERROR test.java.LogTest - javascript error 1.TypeError: e.moment(...) is null [https://static.testun.com.ua/js/main.js?v=1870:8888]
75505 [main] ERROR test.java.LogTest - ----------------------------------------------------------------------js error----------------------------------------------------------------------
78786 [main] DEBUG m.Driver.MyWebDriverEventListener - Webdriver will click on element tag:a |id: logout |text: ('Выйти')
79520 [main] DEBUG m.Driver.MyWebDriverEventListener - hope Webdriver clicked on element tag:a |id: logout |text: ('Выйти')
79525 [main] INFO  test.java.LogTest - ------------------------ false
80371 [main] INFO  test.java.LogTest - ------------------------ true
80591 [Thread-0] DEBUG main.Driver.WebDriverFactory - Killing driver 
307  [main] INFO  test.java.LogTest - ______________________________________class test.java.RecordTest______________________________________
312  [main] DEBUG main.Driver.WebDriverFactory - Requested driver: Capabilities [{browserName=firefox}]:null
4009 [main] INFO  m.Driver.MyWebDriverEventListener - WebDriver navigating to:'https://testun.com.ua/sys/sys/test_cookie_key'
4926 [main] INFO  m.Driver.MyWebDriverEventListener - WebDriver navigating to:'https://testun.com.ua/'
9497 [main] INFO  test.java.LogTest - ------------------------ true
9622 [main] DEBUG m.Driver.MyWebDriverEventListener - Webdriver will click on element tag:a |id:  |text: ('English')
12927 [main] DEBUG m.Driver.MyWebDriverEventListener - hope Webdriver clicked on element tag:a |id:  |text: ('English')
13040 [main] INFO  test.java.LogTest - ------------------------ true
13149 [main] DEBUG m.Driver.MyWebDriverEventListener - Webdriver will click on element tag:a |id: lang_ru |text: ('Русский')
13415 [main] DEBUG m.Driver.MyWebDriverEventListener - hope Webdriver clicked on element tag:a |id: lang_ru |text: ('Русский')
13424 [main] INFO  test.java.LogTest - ------------------------ false
14505 [main] INFO  test.java.LogTest - ------------------------ true
14533 [main] INFO  test.java.LogTest - >>>>>>>>>>>>>>>Test = videoProcessing()<<<<<<<<<<<<<<<
14603 [main] DEBUG m.Driver.MyWebDriverEventListener - Webdriver will click on element tag:a |id: js_header_signin |text: ('Войти')
15984 [main] DEBUG m.Driver.MyWebDriverEventListener - hope Webdriver clicked on element tag:a |id: js_header_signin |text: ('Войти')
15989 [main] INFO  test.java.LogTest - ------------------------ true
16070 [main] DEBUG m.Driver.MyWebDriverEventListener - WebDriver changing value in element found By.id: login_email from 'tag:input |id: login_email |text: ('')
17274 [main] DEBUG m.Driver.MyWebDriverEventListener - WebDriver changing value in element found By.id: login_email from 'tag:input |id: login_email |text: ('')
17328 [main] DEBUG m.Driver.MyWebDriverEventListener - WebDriver changing value in element found By.id: login_password from 'tag:input |id: login_password |text: ('')
17971 [main] DEBUG m.Driver.MyWebDriverEventListener - WebDriver changing value in element found By.id: login_password from 'tag:input |id: login_password |text: ('')
18042 [main] DEBUG m.Driver.MyWebDriverEventListener - Webdriver will click on element tag:input |id: login_button |text: ('')
20125 [main] DEBUG m.Driver.MyWebDriverEventListener - hope Webdriver clicked on element tag:input |id: login_button |text: ('')
21195 [main] DEBUG m.Driver.MyWebDriverEventListener - Webdriver will click on element tag:a |id:  |text: ('Создать видеовстречу')
22950 [main] DEBUG m.Driver.MyWebDriverEventListener - hope Webdriver clicked on element tag:a |id:  |text: ('Создать видеовстречу')
23434 [main] DEBUG m.Driver.MyWebDriverEventListener - WebDriver changing value in element found By.id: hangout_title from 'tag:input |id: hangout_title |text: ('')
24050 [main] DEBUG m.Driver.MyWebDriverEventListener - WebDriver changing value in element found By.id: hangout_title from 'tag:input |id: hangout_title |text: ('')
24156 [main] DEBUG m.Driver.MyWebDriverEventListener - WebDriver changing value in element found By.id: hangout_date from 'tag:input |id: hangout_date |text: ('')
24536 [main] DEBUG m.Driver.MyWebDriverEventListener - WebDriver changing value in element found By.id: hangout_date from 'tag:input |id: hangout_date |text: ('')
24620 [main] DEBUG m.Driver.MyWebDriverEventListener - WebDriver changing value in element found By.id: hangout_time from 'tag:input |id: hangout_time |text: ('')
24919 [main] DEBUG m.Driver.MyWebDriverEventListener - WebDriver changing value in element found By.id: hangout_time from 'tag:input |id: hangout_time |text: ('')
35164 [main] DEBUG m.Driver.MyWebDriverEventListener - WebDriver changing value in element found By.id: hangout_text from 'tag:textarea |id: hangout_text |text: ('')
35887 [main] DEBUG m.Driver.MyWebDriverEventListener - WebDriver changing value in element found By.id: hangout_text from 'tag:textarea |id: hangout_text |text: ('')
36011 [main] DEBUG m.Driver.MyWebDriverEventListener - WebDriver changing value in element found By.id: hangout_image from 'tag:input |id: hangout_image |text: ('')
36647 [main] DEBUG m.Driver.MyWebDriverEventListener - Webdriver will click on element tag:a |id: preview_create |text: ('Сохранить')
38646 [main] DEBUG m.Driver.MyWebDriverEventListener - hope Webdriver clicked on element tag:a |id: preview_create |text: ('Сохранить')
38893 [main] DEBUG m.Driver.MyWebDriverEventListener - WebDriver changing value in element found By.id: tags-input from 'tag:textarea |id: tags-input |text: ('')
39536 [main] DEBUG m.Driver.MyWebDriverEventListener - WebDriver changing value in element found By.id: tags-input from 'tag:textarea |id: tags-input |text: ('')
39650 [main] DEBUG m.Driver.MyWebDriverEventListener - Webdriver will click on element tag:a |id: hangout_money_free |text: ('Бесплатная доступна для всех пользователей.')
40530 [main] DEBUG m.Driver.MyWebDriverEventListener - hope Webdriver clicked on element tag:a |id: hangout_money_free |text: ('Бесплатная доступна для всех пользователей.')
40644 [main] DEBUG m.Driver.MyWebDriverEventListener - Webdriver will click on element tag:input |id: create_hangout |text: ('')
41395 [main] DEBUG m.Driver.MyWebDriverEventListener - hope Webdriver clicked on element tag:input |id: create_hangout |text: ('')
41916 [main] DEBUG m.Driver.MyWebDriverEventListener - Webdriver will click on element tag:a |id:  |text: ('Войти')
42721 [main] DEBUG m.Driver.MyWebDriverEventListener - hope Webdriver clicked on element tag:a |id:  |text: ('Войти')
48891 [main] INFO  test.java.LogTest - ------------------------ false
49406 [main] INFO  test.java.LogTest - ------------------------ false
49927 [main] INFO  test.java.LogTest - ------------------------ false
50446 [main] INFO  test.java.LogTest - ------------------------ false
50963 [main] INFO  test.java.LogTest - ------------------------ false
51485 [main] INFO  test.java.LogTest - ------------------------ false
52007 [main] INFO  test.java.LogTest - ------------------------ false
52528 [main] INFO  test.java.LogTest - ------------------------ false
53051 [main] INFO  test.java.LogTest - ------------------------ false
53567 [main] INFO  test.java.LogTest - ------------------------ false
54089 [main] INFO  test.java.LogTest - ------------------------ false
54102 [main] INFO  test.java.LogTest - Timed out after 5 seconds waiting for main.pages.BaseClass$1@2af426a0
Build info: version: '2.35.0', revision: 'c916b9d', time: '2013-08-12 15:42:01'
System info: os.name: 'Linux', os.arch: 'amd64', os.version: '3.2.0-23-generic', java.version: '1.7.0_25'
Driver info: driver.version: unknown
54203 [main] DEBUG m.Driver.MyWebDriverEventListener - Webdriver will click on element tag:a |id: client-exit |text: ('Завершить')
55914 [main] DEBUG m.Driver.MyWebDriverEventListener - hope Webdriver clicked on element tag:a |id: client-exit |text: ('Завершить')
55924 [main] INFO  test.java.LogTest - ------------------------ false
56441 [main] INFO  test.java.LogTest - ------------------------ false
56960 [main] INFO  test.java.LogTest - ------------------------ false
57489 [main] INFO  test.java.LogTest - ------------------------ false
58015 [main] INFO  test.java.LogTest - ------------------------ false
58540 [main] INFO  test.java.LogTest - ------------------------ false
59064 [main] INFO  test.java.LogTest - ------------------------ false
59580 [main] INFO  test.java.LogTest - ------------------------ false
60104 [main] INFO  test.java.LogTest - ------------------------ false
60631 [main] INFO  test.java.LogTest - ------------------------ false
61158 [main] INFO  test.java.LogTest - ------------------------ false
61172 [main] INFO  test.java.LogTest - Timed out after 5 seconds waiting for main.pages.BaseClass$1@615eac87
Build info: version: '2.35.0', revision: 'c916b9d', time: '2013-08-12 15:42:01'
System info: os.name: 'Linux', os.arch: 'amd64', os.version: '3.2.0-23-generic', java.version: '1.7.0_25'
Driver info: driver.version: unknown
61431 [main] DEBUG m.Driver.MyWebDriverEventListener - WebDriver changing value in element found By.id: client-exit from 'tag:a |id: client-exit |text: ('Завершить')
62728 [main] DEBUG m.Driver.MyWebDriverEventListener - Webdriver will click on element tag:a |id:  |text: ('Видеозаписи
22')
65536 [main] DEBUG m.Driver.MyWebDriverEventListener - hope Webdriver clicked on element tag:a |id:  |text: ('Видеозаписи
22')
66016 [main] INFO  test.java.LogTest - >>>>>>>>>>@AfterMethod<<<<<<<<<
69028 [main] ERROR test.java.LogTest - ----------------------------------------------------------------------js error----------------------------------------------------------------------
69028 [main] ERROR test.java.LogTest - javascript error 1.TypeError: e.moment(...) is null [https://static.testun.com.ua/js/main.js?v=1870:8888]
69028 [main] ERROR test.java.LogTest - ----------------------------------------------------------------------js error----------------------------------------------------------------------
72337 [main] DEBUG m.Driver.MyWebDriverEventListener - Webdriver will click on element tag:a |id: logout |text: ('Выйти')
73072 [main] DEBUG m.Driver.MyWebDriverEventListener - hope Webdriver clicked on element tag:a |id: logout |text: ('Выйти')
73077 [main] INFO  test.java.LogTest - ------------------------ false
74031 [main] INFO  test.java.LogTest - ------------------------ true
74103 [Thread-0] DEBUG main.Driver.WebDriverFactory - Killing driver 
313  [main] INFO  test.java.LogTest - ______________________________________class test.java.RecordTest______________________________________
317  [main] DEBUG main.Driver.WebDriverFactory - Requested driver: Capabilities [{browserName=firefox}]:null
3780 [main] INFO  m.Driver.MyWebDriverEventListener - WebDriver navigating to:'https://testun.com.ua/sys/sys/test_cookie_key'
4589 [main] INFO  m.Driver.MyWebDriverEventListener - WebDriver navigating to:'https://testun.com.ua/'
8403 [main] INFO  test.java.LogTest - ------------------------ true
8518 [main] DEBUG m.Driver.MyWebDriverEventListener - Webdriver will click on element tag:a |id:  |text: ('English')
11802 [main] DEBUG m.Driver.MyWebDriverEventListener - hope Webdriver clicked on element tag:a |id:  |text: ('English')
11812 [main] INFO  test.java.LogTest - ------------------------ true
11922 [main] DEBUG m.Driver.MyWebDriverEventListener - Webdriver will click on element tag:a |id: lang_ru |text: ('Русский')
12195 [main] DEBUG m.Driver.MyWebDriverEventListener - hope Webdriver clicked on element tag:a |id: lang_ru |text: ('Русский')
12934 [main] INFO  test.java.LogTest - ------------------------ true
12964 [main] INFO  test.java.LogTest - >>>>>>>>>>>>>>>Test = videoProcessing()<<<<<<<<<<<<<<<
13037 [main] DEBUG m.Driver.MyWebDriverEventListener - Webdriver will click on element tag:a |id: js_header_signin |text: ('Войти')
14754 [main] DEBUG m.Driver.MyWebDriverEventListener - hope Webdriver clicked on element tag:a |id: js_header_signin |text: ('Войти')
14763 [main] INFO  test.java.LogTest - ------------------------ true
14823 [main] DEBUG m.Driver.MyWebDriverEventListener - WebDriver changing value in element found By.id: login_email from 'tag:input |id: login_email |text: ('')
15442 [main] DEBUG m.Driver.MyWebDriverEventListener - WebDriver changing value in element found By.id: login_email from 'tag:input |id: login_email |text: ('')
16093 [main] DEBUG m.Driver.MyWebDriverEventListener - WebDriver changing value in element found By.id: login_password from 'tag:input |id: login_password |text: ('')
16721 [main] DEBUG m.Driver.MyWebDriverEventListener - WebDriver changing value in element found By.id: login_password from 'tag:input |id: login_password |text: ('')
16791 [main] DEBUG m.Driver.MyWebDriverEventListener - Webdriver will click on element tag:input |id: login_button |text: ('')
18892 [main] DEBUG m.Driver.MyWebDriverEventListener - hope Webdriver clicked on element tag:input |id: login_button |text: ('')
19957 [main] DEBUG m.Driver.MyWebDriverEventListener - Webdriver will click on element tag:a |id:  |text: ('Создать видеовстречу')
21706 [main] DEBUG m.Driver.MyWebDriverEventListener - hope Webdriver clicked on element tag:a |id:  |text: ('Создать видеовстречу')
22096 [main] DEBUG m.Driver.MyWebDriverEventListener - WebDriver changing value in element found By.id: hangout_title from 'tag:input |id: hangout_title |text: ('')
22767 [main] DEBUG m.Driver.MyWebDriverEventListener - WebDriver changing value in element found By.id: hangout_title from 'tag:input |id: hangout_title |text: ('')
22867 [main] DEBUG m.Driver.MyWebDriverEventListener - WebDriver changing value in element found By.id: hangout_date from 'tag:input |id: hangout_date |text: ('')
23247 [main] DEBUG m.Driver.MyWebDriverEventListener - WebDriver changing value in element found By.id: hangout_date from 'tag:input |id: hangout_date |text: ('')
23329 [main] DEBUG m.Driver.MyWebDriverEventListener - WebDriver changing value in element found By.id: hangout_time from 'tag:input |id: hangout_time |text: ('')
23642 [main] DEBUG m.Driver.MyWebDriverEventListener - WebDriver changing value in element found By.id: hangout_time from 'tag:input |id: hangout_time |text: ('')
33927 [main] DEBUG m.Driver.MyWebDriverEventListener - WebDriver changing value in element found By.id: hangout_text from 'tag:textarea |id: hangout_text |text: ('')
34654 [main] DEBUG m.Driver.MyWebDriverEventListener - WebDriver changing value in element found By.id: hangout_text from 'tag:textarea |id: hangout_text |text: ('')
34809 [main] DEBUG m.Driver.MyWebDriverEventListener - WebDriver changing value in element found By.id: hangout_image from 'tag:input |id: hangout_image |text: ('')
35564 [main] DEBUG m.Driver.MyWebDriverEventListener - Webdriver will click on element tag:a |id: preview_create |text: ('Сохранить')
37536 [main] DEBUG m.Driver.MyWebDriverEventListener - hope Webdriver clicked on element tag:a |id: preview_create |text: ('Сохранить')
37773 [main] DEBUG m.Driver.MyWebDriverEventListener - WebDriver changing value in element found By.id: tags-input from 'tag:textarea |id: tags-input |text: ('')
38425 [main] DEBUG m.Driver.MyWebDriverEventListener - WebDriver changing value in element found By.id: tags-input from 'tag:textarea |id: tags-input |text: ('')
38575 [main] DEBUG m.Driver.MyWebDriverEventListener - Webdriver will click on element tag:a |id: hangout_money_free |text: ('Бесплатная доступна для всех пользователей.')
39470 [main] DEBUG m.Driver.MyWebDriverEventListener - hope Webdriver clicked on element tag:a |id: hangout_money_free |text: ('Бесплатная доступна для всех пользователей.')
39620 [main] DEBUG m.Driver.MyWebDriverEventListener - Webdriver will click on element tag:input |id: create_hangout |text: ('')
40377 [main] DEBUG m.Driver.MyWebDriverEventListener - hope Webdriver clicked on element tag:input |id: create_hangout |text: ('')
41048 [main] DEBUG m.Driver.MyWebDriverEventListener - Webdriver will click on element tag:a |id:  |text: ('Войти')
41882 [main] DEBUG m.Driver.MyWebDriverEventListener - hope Webdriver clicked on element tag:a |id:  |text: ('Войти')
51015 [main] INFO  test.java.LogTest - ------------------------ false
51538 [main] INFO  test.java.LogTest - ------------------------ false
52059 [main] INFO  test.java.LogTest - ------------------------ false
52577 [main] INFO  test.java.LogTest - ------------------------ false
53096 [main] INFO  test.java.LogTest - ------------------------ false
53618 [main] INFO  test.java.LogTest - ------------------------ false
54137 [main] INFO  test.java.LogTest - ------------------------ false
54658 [main] INFO  test.java.LogTest - ------------------------ false
55184 [main] INFO  test.java.LogTest - ------------------------ false
55707 [main] INFO  test.java.LogTest - ------------------------ false
56230 [main] INFO  test.java.LogTest - ------------------------ false
56245 [main] INFO  test.java.LogTest - Timed out after 5 seconds waiting for main.pages.BaseClass$1@1675bb28
Build info: version: '2.35.0', revision: 'c916b9d', time: '2013-08-12 15:42:01'
System info: os.name: 'Linux', os.arch: 'amd64', os.version: '3.2.0-23-generic', java.version: '1.7.0_25'
Driver info: driver.version: unknown
56351 [main] DEBUG m.Driver.MyWebDriverEventListener - Webdriver will click on element tag:a |id: client-exit |text: ('Завершить')
58066 [main] DEBUG m.Driver.MyWebDriverEventListener - hope Webdriver clicked on element tag:a |id: client-exit |text: ('Завершить')
58082 [main] INFO  test.java.LogTest - ------------------------ false
58602 [main] INFO  test.java.LogTest - ------------------------ false
59127 [main] INFO  test.java.LogTest - ------------------------ false
59651 [main] INFO  test.java.LogTest - ------------------------ false
60178 [main] INFO  test.java.LogTest - ------------------------ false
60701 [main] INFO  test.java.LogTest - ------------------------ false
61220 [main] INFO  test.java.LogTest - ------------------------ false
61746 [main] INFO  test.java.LogTest - ------------------------ false
62273 [main] INFO  test.java.LogTest - ------------------------ false
62799 [main] INFO  test.java.LogTest - ------------------------ false
63327 [main] INFO  test.java.LogTest - ------------------------ false
63340 [main] INFO  test.java.LogTest - Timed out after 5 seconds waiting for main.pages.BaseClass$1@767aa36c
Build info: version: '2.35.0', revision: 'c916b9d', time: '2013-08-12 15:42:01'
System info: os.name: 'Linux', os.arch: 'amd64', os.version: '3.2.0-23-generic', java.version: '1.7.0_25'
Driver info: driver.version: unknown
63630 [main] DEBUG m.Driver.MyWebDriverEventListener - WebDriver changing value in element found By.id: client-exit from 'tag:a |id: client-exit |text: ('Завершить')
65948 [main] DEBUG m.Driver.MyWebDriverEventListener - Webdriver will click on element tag:a |id:  |text: ('Видеозаписи
23')
68772 [main] DEBUG m.Driver.MyWebDriverEventListener - hope Webdriver clicked on element tag:a |id:  |text: ('Видеозаписи
23')
69140 [main] INFO  test.java.LogTest - >>>>>>>>>>@AfterMethod<<<<<<<<<
72173 [main] ERROR test.java.LogTest - ----------------------------------------------------------------------js error----------------------------------------------------------------------
72173 [main] ERROR test.java.LogTest - javascript error 1.TypeError: e.moment(...) is null [https://static.testun.com.ua/js/main.js?v=1870:8888]
72173 [main] ERROR test.java.LogTest - ----------------------------------------------------------------------js error----------------------------------------------------------------------
75593 [main] DEBUG m.Driver.MyWebDriverEventListener - Webdriver will click on element tag:a |id: logout |text: ('Выйти')
76336 [main] DEBUG m.Driver.MyWebDriverEventListener - hope Webdriver clicked on element tag:a |id: logout |text: ('Выйти')
76341 [main] INFO  test.java.LogTest - ------------------------ false
77259 [main] INFO  test.java.LogTest - ------------------------ true
77352 [Thread-0] DEBUG main.Driver.WebDriverFactory - Killing driver 
311  [main] INFO  test.java.LogTest - ______________________________________class test.java.RecordTest______________________________________
315  [main] DEBUG main.Driver.WebDriverFactory - Requested driver: Capabilities [{browserName=firefox}]:null
3839 [main] INFO  m.Driver.MyWebDriverEventListener - WebDriver navigating to:'https://testun.com.ua/sys/sys/test_cookie_key'
9788 [main] INFO  m.Driver.MyWebDriverEventListener - WebDriver navigating to:'https://testun.com.ua/'
313  [main] INFO  test.java.LogTest - ______________________________________class test.java.RecordTest______________________________________
317  [main] DEBUG main.Driver.WebDriverFactory - Requested driver: Capabilities [{browserName=firefox}]:null
3897 [main] INFO  m.Driver.MyWebDriverEventListener - WebDriver navigating to:'https://testun.com.ua/sys/sys/test_cookie_key'
5009 [main] INFO  m.Driver.MyWebDriverEventListener - WebDriver navigating to:'https://testun.com.ua/'
12893 [main] INFO  test.java.LogTest - ------------------------ true
12991 [main] DEBUG m.Driver.MyWebDriverEventListener - Webdriver will click on element tag:a |id:  |text: ('English')
16605 [main] DEBUG m.Driver.MyWebDriverEventListener - hope Webdriver clicked on element tag:a |id:  |text: ('English')
16614 [main] INFO  test.java.LogTest - ------------------------ true
16690 [main] DEBUG m.Driver.MyWebDriverEventListener - Webdriver will click on element tag:a |id: lang_ru |text: ('Русский')
16956 [main] DEBUG m.Driver.MyWebDriverEventListener - hope Webdriver clicked on element tag:a |id: lang_ru |text: ('Русский')
16966 [main] INFO  test.java.LogTest - ------------------------ false
17771 [main] INFO  test.java.LogTest - ------------------------ true
17794 [main] INFO  test.java.LogTest - >>>>>>>>>>>>>>>Test = videoProcessing()<<<<<<<<<<<<<<<
17853 [main] DEBUG m.Driver.MyWebDriverEventListener - Webdriver will click on element tag:a |id: js_header_signin |text: ('Войти')
19308 [main] DEBUG m.Driver.MyWebDriverEventListener - hope Webdriver clicked on element tag:a |id: js_header_signin |text: ('Войти')
19317 [main] INFO  test.java.LogTest - ------------------------ true
19396 [main] DEBUG m.Driver.MyWebDriverEventListener - WebDriver changing value in element found By.id: login_email from 'tag:input |id: login_email |text: ('')
20722 [main] DEBUG m.Driver.MyWebDriverEventListener - WebDriver changing value in element found By.id: login_email from 'tag:input |id: login_email |text: ('')
20772 [main] DEBUG m.Driver.MyWebDriverEventListener - WebDriver changing value in element found By.id: login_password from 'tag:input |id: login_password |text: ('')
21411 [main] DEBUG m.Driver.MyWebDriverEventListener - WebDriver changing value in element found By.id: login_password from 'tag:input |id: login_password |text: ('')
21481 [main] DEBUG m.Driver.MyWebDriverEventListener - Webdriver will click on element tag:input |id: login_button |text: ('')
23553 [main] DEBUG m.Driver.MyWebDriverEventListener - hope Webdriver clicked on element tag:input |id: login_button |text: ('')
25534 [main] DEBUG m.Driver.MyWebDriverEventListener - Webdriver will click on element tag:a |id:  |text: ('Создать видеовстречу')
27180 [main] DEBUG m.Driver.MyWebDriverEventListener - hope Webdriver clicked on element tag:a |id:  |text: ('Создать видеовстречу')
27703 [main] DEBUG m.Driver.MyWebDriverEventListener - WebDriver changing value in element found By.id: hangout_title from 'tag:input |id: hangout_title |text: ('')
28361 [main] DEBUG m.Driver.MyWebDriverEventListener - WebDriver changing value in element found By.id: hangout_title from 'tag:input |id: hangout_title |text: ('')
28477 [main] DEBUG m.Driver.MyWebDriverEventListener - WebDriver changing value in element found By.id: hangout_date from 'tag:input |id: hangout_date |text: ('')
28861 [main] DEBUG m.Driver.MyWebDriverEventListener - WebDriver changing value in element found By.id: hangout_date from 'tag:input |id: hangout_date |text: ('')
28963 [main] DEBUG m.Driver.MyWebDriverEventListener - WebDriver changing value in element found By.id: hangout_time from 'tag:input |id: hangout_time |text: ('')
29278 [main] DEBUG m.Driver.MyWebDriverEventListener - WebDriver changing value in element found By.id: hangout_time from 'tag:input |id: hangout_time |text: ('')
39533 [main] DEBUG m.Driver.MyWebDriverEventListener - WebDriver changing value in element found By.id: hangout_text from 'tag:textarea |id: hangout_text |text: ('')
40232 [main] DEBUG m.Driver.MyWebDriverEventListener - WebDriver changing value in element found By.id: hangout_text from 'tag:textarea |id: hangout_text |text: ('')
40418 [main] DEBUG m.Driver.MyWebDriverEventListener - WebDriver changing value in element found By.id: hangout_image from 'tag:input |id: hangout_image |text: ('')
42043 [main] DEBUG m.Driver.MyWebDriverEventListener - Webdriver will click on element tag:a |id: preview_create |text: ('Сохранить')
44052 [main] DEBUG m.Driver.MyWebDriverEventListener - hope Webdriver clicked on element tag:a |id: preview_create |text: ('Сохранить')
44294 [main] DEBUG m.Driver.MyWebDriverEventListener - WebDriver changing value in element found By.id: tags-input from 'tag:textarea |id: tags-input |text: ('')
44945 [main] DEBUG m.Driver.MyWebDriverEventListener - WebDriver changing value in element found By.id: tags-input from 'tag:textarea |id: tags-input |text: ('')
45050 [main] DEBUG m.Driver.MyWebDriverEventListener - Webdriver will click on element tag:a |id: hangout_money_free |text: ('Бесплатная доступна для всех пользователей.')
45900 [main] DEBUG m.Driver.MyWebDriverEventListener - hope Webdriver clicked on element tag:a |id: hangout_money_free |text: ('Бесплатная доступна для всех пользователей.')
45979 [main] DEBUG m.Driver.MyWebDriverEventListener - Webdriver will click on element tag:input |id: create_hangout |text: ('')
46729 [main] DEBUG m.Driver.MyWebDriverEventListener - hope Webdriver clicked on element tag:input |id: create_hangout |text: ('')
47376 [main] DEBUG m.Driver.MyWebDriverEventListener - Webdriver will click on element tag:a |id:  |text: ('Войти')
48201 [main] DEBUG m.Driver.MyWebDriverEventListener - hope Webdriver clicked on element tag:a |id:  |text: ('Войти')
63408 [main] INFO  test.java.LogTest - >>>>>>>>>>@AfterMethod<<<<<<<<<
66419 [main] ERROR test.java.LogTest - ----------------------------------------------------------------------js error----------------------------------------------------------------------
66419 [main] ERROR test.java.LogTest - javascript error 1.TypeError: e.moment(...) is null [https://static.testun.com.ua/js/main.js?v=1870:8888]
66419 [main] ERROR test.java.LogTest - ----------------------------------------------------------------------js error----------------------------------------------------------------------
76602 [main] ERROR m.Driver.MyWebDriverEventListener - ________________________________________________________________________________________________________________
76602 [main] ERROR m.Driver.MyWebDriverEventListener - WebDriver error: Element not found By.selector: .header__profile
76602 [main] ERROR m.Driver.MyWebDriverEventListener - ________________________________________________________________________________________________________________
76665 [Thread-0] DEBUG main.Driver.WebDriverFactory - Killing driver 
78742 [Thread-0] ERROR m.Driver.MyWebDriverEventListener - ________________________________________________________________________________________________________________
78754 [Thread-0] ERROR m.Driver.MyWebDriverEventListener - WebDriver error:
org.openqa.selenium.remote.UnreachableBrowserException: Error communicating with the remote browser. It may have died.
Build info: version: '2.35.0', revision: 'c916b9d', time: '2013-08-12 15:42:01'
System info: os.name: 'Linux', os.arch: 'amd64', os.version: '3.2.0-23-generic', java.version: '1.7.0_25'
Driver info: driver.version: EventFiringWebDriver
	at org.openqa.selenium.remote.RemoteWebDriver.execute(RemoteWebDriver.java:548) ~[selenium-server-standalone-2.35.0.jar:na]
	at org.openqa.selenium.remote.RemoteWebDriver.execute(RemoteWebDriver.java:569) ~[selenium-server-standalone-2.35.0.jar:na]
	at org.openqa.selenium.remote.RemoteWebDriver.quit(RemoteWebDriver.java:423) ~[selenium-server-standalone-2.35.0.jar:na]
	at sun.reflect.NativeMethodAccessorImpl.invoke0(Native Method) ~[na:1.7.0_25]
	at sun.reflect.NativeMethodAccessorImpl.invoke(NativeMethodAccessorImpl.java:57) ~[na:1.7.0_25]
	at sun.reflect.DelegatingMethodAccessorImpl.invoke(DelegatingMethodAccessorImpl.java:43) ~[na:1.7.0_25]
	at java.lang.reflect.Method.invoke(Method.java:606) ~[na:1.7.0_25]
	at org.openqa.selenium.support.events.EventFiringWebDriver$2.invoke(EventFiringWebDriver.java:101) ~[selenium-server-standalone-2.35.0.jar:na]
	at com.sun.proxy.$Proxy8.quit(Unknown Source) ~[na:na]
	at org.openqa.selenium.support.events.EventFiringWebDriver.quit(EventFiringWebDriver.java:194) ~[selenium-server-standalone-2.35.0.jar:na]
	at main.Driver.WebDriverFactory.dismissDriver(WebDriverFactory.java:99) ~[classes/:na]
	at main.Driver.WebDriverFactory$1.run(WebDriverFactory.java:163) [classes/:na]
Caused by: org.apache.http.NoHttpResponseException: The target server failed to respond
	at org.apache.http.impl.conn.DefaultHttpResponseParser.parseHead(DefaultHttpResponseParser.java:95) ~[selenium-server-standalone-2.35.0.jar:na]
	at org.apache.http.impl.conn.DefaultHttpResponseParser.parseHead(DefaultHttpResponseParser.java:62) ~[selenium-server-standalone-2.35.0.jar:na]
	at org.apache.http.impl.io.AbstractMessageParser.parse(AbstractMessageParser.java:254) ~[selenium-server-standalone-2.35.0.jar:na]
	at org.apache.http.impl.AbstractHttpClientConnection.receiveResponseHeader(AbstractHttpClientConnection.java:289) ~[selenium-server-standalone-2.35.0.jar:na]
	at org.apache.http.impl.conn.DefaultClientConnection.receiveResponseHeader(DefaultClientConnection.java:252) ~[selenium-server-standalone-2.35.0.jar:na]
	at org.apache.http.impl.conn.AbstractClientConnAdapter.receiveResponseHeader(AbstractClientConnAdapter.java:219) ~[selenium-server-standalone-2.35.0.jar:na]
	at org.apache.http.protocol.HttpRequestExecutor.doReceiveResponse(HttpRequestExecutor.java:300) ~[selenium-server-standalone-2.35.0.jar:na]
	at org.apache.http.protocol.HttpRequestExecutor.execute(HttpRequestExecutor.java:127) ~[selenium-server-standalone-2.35.0.jar:na]
	at org.apache.http.impl.client.DefaultRequestDirector.tryExecute(DefaultRequestDirector.java:712) ~[selenium-server-standalone-2.35.0.jar:na]
	at org.apache.http.impl.client.DefaultRequestDirector.execute(DefaultRequestDirector.java:517) ~[selenium-server-standalone-2.35.0.jar:na]
	at org.apache.http.impl.client.AbstractHttpClient.execute(AbstractHttpClient.java:906) ~[selenium-server-standalone-2.35.0.jar:na]
	at org.openqa.selenium.remote.HttpCommandExecutor.fallBackExecute(HttpCommandExecutor.java:337) ~[selenium-server-standalone-2.35.0.jar:na]
	at org.openqa.selenium.remote.HttpCommandExecutor.execute(HttpCommandExecutor.java:298) ~[selenium-server-standalone-2.35.0.jar:na]
	at org.openqa.selenium.firefox.internal.NewProfileExtensionConnection.execute(NewProfileExtensionConnection.java:133) ~[selenium-server-standalone-2.35.0.jar:na]
	at org.openqa.selenium.firefox.FirefoxDriver$LazyCommandExecutor.execute(FirefoxDriver.java:367) ~[selenium-server-standalone-2.35.0.jar:na]
	at org.openqa.selenium.remote.RemoteWebDriver.execute(RemoteWebDriver.java:527) ~[selenium-server-standalone-2.35.0.jar:na]
	... 11 common frames omitted
78755 [Thread-0] ERROR m.Driver.MyWebDriverEventListener - ________________________________________________________________________________________________________________
78755 [Thread-0] WARN  main.Driver.WebDriverFactory - Driver killing error
org.openqa.selenium.remote.SessionNotFoundException: The FirefoxDriver cannot be used after quit() was called.
Build info: version: '2.35.0', revision: 'c916b9d', time: '2013-08-12 15:42:01'
System info: os.name: 'Linux', os.arch: 'amd64', os.version: '3.2.0-23-generic', java.version: '1.7.0_25'
Driver info: driver.version: EventFiringWebDriver
	at org.openqa.selenium.firefox.FirefoxDriver$LazyCommandExecutor.execute(FirefoxDriver.java:364) ~[selenium-server-standalone-2.35.0.jar:na]
	at org.openqa.selenium.remote.RemoteWebDriver.execute(RemoteWebDriver.java:527) ~[selenium-server-standalone-2.35.0.jar:na]
	at org.openqa.selenium.remote.RemoteWebDriver.executeScript(RemoteWebDriver.java:463) ~[selenium-server-standalone-2.35.0.jar:na]
	at main.Driver.MyWebDriverEventListener.onException(MyWebDriverEventListener.java:66) ~[classes/:na]
	at sun.reflect.NativeMethodAccessorImpl.invoke0(Native Method) ~[na:1.7.0_25]
	at sun.reflect.NativeMethodAccessorImpl.invoke(NativeMethodAccessorImpl.java:57) ~[na:1.7.0_25]
	at sun.reflect.DelegatingMethodAccessorImpl.invoke(DelegatingMethodAccessorImpl.java:43) ~[na:1.7.0_25]
	at java.lang.reflect.Method.invoke(Method.java:606) ~[na:1.7.0_25]
	at org.openqa.selenium.support.events.EventFiringWebDriver$1.invoke(EventFiringWebDriver.java:78) ~[selenium-server-standalone-2.35.0.jar:na]
	at com.sun.proxy.$Proxy7.onException(Unknown Source) ~[na:na]
	at org.openqa.selenium.support.events.EventFiringWebDriver$2.invoke(EventFiringWebDriver.java:103) ~[selenium-server-standalone-2.35.0.jar:na]
	at com.sun.proxy.$Proxy8.quit(Unknown Source) ~[na:na]
	at org.openqa.selenium.support.events.EventFiringWebDriver.quit(EventFiringWebDriver.java:194) ~[selenium-server-standalone-2.35.0.jar:na]
	at main.Driver.WebDriverFactory.dismissDriver(WebDriverFactory.java:99) ~[classes/:na]
	at main.Driver.WebDriverFactory$1.run(WebDriverFactory.java:163) ~[classes/:na]
313  [main] INFO  test.java.LogTest - ______________________________________class test.java.RecordTest______________________________________
318  [main] DEBUG main.Driver.WebDriverFactory - Requested driver: Capabilities [{browserName=firefox}]:null
3808 [main] INFO  m.Driver.MyWebDriverEventListener - WebDriver navigating to:'https://testun.com.ua/sys/sys/test_cookie_key'
4635 [main] INFO  m.Driver.MyWebDriverEventListener - WebDriver navigating to:'https://testun.com.ua/'
7536 [main] INFO  test.java.LogTest - ------------------------ true
7657 [main] DEBUG m.Driver.MyWebDriverEventListener - Webdriver will click on element tag:a |id:  |text: ('English')
10973 [main] DEBUG m.Driver.MyWebDriverEventListener - hope Webdriver clicked on element tag:a |id:  |text: ('English')
10982 [main] INFO  test.java.LogTest - ------------------------ true
11080 [main] DEBUG m.Driver.MyWebDriverEventListener - Webdriver will click on element tag:a |id: lang_ru |text: ('Русский')
11348 [main] DEBUG m.Driver.MyWebDriverEventListener - hope Webdriver clicked on element tag:a |id: lang_ru |text: ('Русский')
12012 [main] INFO  test.java.LogTest - ------------------------ true
12042 [main] INFO  test.java.LogTest - >>>>>>>>>>>>>>>Test = videoProcessing()<<<<<<<<<<<<<<<
12120 [main] DEBUG m.Driver.MyWebDriverEventListener - Webdriver will click on element tag:a |id: js_header_signin |text: ('Войти')
13571 [main] DEBUG m.Driver.MyWebDriverEventListener - hope Webdriver clicked on element tag:a |id: js_header_signin |text: ('Войти')
13582 [main] INFO  test.java.LogTest - ------------------------ true
13692 [main] DEBUG m.Driver.MyWebDriverEventListener - WebDriver changing value in element found By.id: login_email from 'tag:input |id: login_email |text: ('')
15319 [main] DEBUG m.Driver.MyWebDriverEventListener - WebDriver changing value in element found By.id: login_email from 'tag:input |id: login_email |text: ('')
15370 [main] DEBUG m.Driver.MyWebDriverEventListener - WebDriver changing value in element found By.id: login_password from 'tag:input |id: login_password |text: ('')
16006 [main] DEBUG m.Driver.MyWebDriverEventListener - WebDriver changing value in element found By.id: login_password from 'tag:input |id: login_password |text: ('')
16083 [main] DEBUG m.Driver.MyWebDriverEventListener - Webdriver will click on element tag:input |id: login_button |text: ('')
18170 [main] DEBUG m.Driver.MyWebDriverEventListener - hope Webdriver clicked on element tag:input |id: login_button |text: ('')
19387 [main] DEBUG m.Driver.MyWebDriverEventListener - Webdriver will click on element tag:a |id:  |text: ('Создать видеовстречу')
21129 [main] DEBUG m.Driver.MyWebDriverEventListener - hope Webdriver clicked on element tag:a |id:  |text: ('Создать видеовстречу')
21575 [main] DEBUG m.Driver.MyWebDriverEventListener - WebDriver changing value in element found By.id: hangout_title from 'tag:input |id: hangout_title |text: ('')
22201 [main] DEBUG m.Driver.MyWebDriverEventListener - WebDriver changing value in element found By.id: hangout_title from 'tag:input |id: hangout_title |text: ('')
22316 [main] DEBUG m.Driver.MyWebDriverEventListener - WebDriver changing value in element found By.id: hangout_date from 'tag:input |id: hangout_date |text: ('')
22701 [main] DEBUG m.Driver.MyWebDriverEventListener - WebDriver changing value in element found By.id: hangout_date from 'tag:input |id: hangout_date |text: ('')
22789 [main] DEBUG m.Driver.MyWebDriverEventListener - WebDriver changing value in element found By.id: hangout_time from 'tag:input |id: hangout_time |text: ('')
23125 [main] DEBUG m.Driver.MyWebDriverEventListener - WebDriver changing value in element found By.id: hangout_time from 'tag:input |id: hangout_time |text: ('')
33357 [main] DEBUG m.Driver.MyWebDriverEventListener - WebDriver changing value in element found By.id: hangout_text from 'tag:textarea |id: hangout_text |text: ('')
34121 [main] DEBUG m.Driver.MyWebDriverEventListener - WebDriver changing value in element found By.id: hangout_text from 'tag:textarea |id: hangout_text |text: ('')
34256 [main] DEBUG m.Driver.MyWebDriverEventListener - WebDriver changing value in element found By.id: hangout_image from 'tag:input |id: hangout_image |text: ('')
34975 [main] DEBUG m.Driver.MyWebDriverEventListener - Webdriver will click on element tag:a |id: preview_create |text: ('Сохранить')
36960 [main] DEBUG m.Driver.MyWebDriverEventListener - hope Webdriver clicked on element tag:a |id: preview_create |text: ('Сохранить')
37213 [main] DEBUG m.Driver.MyWebDriverEventListener - WebDriver changing value in element found By.id: tags-input from 'tag:textarea |id: tags-input |text: ('')
37849 [main] DEBUG m.Driver.MyWebDriverEventListener - WebDriver changing value in element found By.id: tags-input from 'tag:textarea |id: tags-input |text: ('')
37983 [main] DEBUG m.Driver.MyWebDriverEventListener - Webdriver will click on element tag:a |id: hangout_money_free |text: ('Бесплатная доступна для всех пользователей.')
38862 [main] DEBUG m.Driver.MyWebDriverEventListener - hope Webdriver clicked on element tag:a |id: hangout_money_free |text: ('Бесплатная доступна для всех пользователей.')
38994 [main] DEBUG m.Driver.MyWebDriverEventListener - Webdriver will click on element tag:input |id: create_hangout |text: ('')
39739 [main] DEBUG m.Driver.MyWebDriverEventListener - hope Webdriver clicked on element tag:input |id: create_hangout |text: ('')
40261 [main] DEBUG m.Driver.MyWebDriverEventListener - Webdriver will click on element tag:a |id:  |text: ('Войти')
41084 [main] DEBUG m.Driver.MyWebDriverEventListener - hope Webdriver clicked on element tag:a |id:  |text: ('Войти')
43900 [main] INFO  test.java.LogTest - ------------------------ false
44414 [main] INFO  test.java.LogTest - ------------------------ false
44929 [main] INFO  test.java.LogTest - ------------------------ false
45451 [main] INFO  test.java.LogTest - ------------------------ false
45972 [main] INFO  test.java.LogTest - ------------------------ false
46493 [main] INFO  test.java.LogTest - ------------------------ false
47011 [main] INFO  test.java.LogTest - ------------------------ false
47532 [main] INFO  test.java.LogTest - ------------------------ false
48052 [main] INFO  test.java.LogTest - ------------------------ false
48576 [main] INFO  test.java.LogTest - ------------------------ false
49092 [main] INFO  test.java.LogTest - ------------------------ false
49100 [main] INFO  test.java.LogTest - Timed out after 5 seconds waiting for main.pages.BaseClass$1@3efe45d3
Build info: version: '2.35.0', revision: 'c916b9d', time: '2013-08-12 15:42:01'
System info: os.name: 'Linux', os.arch: 'amd64', os.version: '3.2.0-23-generic', java.version: '1.7.0_25'
Driver info: driver.version: unknown
49184 [main] DEBUG m.Driver.MyWebDriverEventListener - Webdriver will click on element tag:a |id: client-exit |text: ('')
59257 [main] ERROR m.Driver.MyWebDriverEventListener - ________________________________________________________________________________________________________________
59261 [main] ERROR m.Driver.MyWebDriverEventListener - WebDriver error:
org.openqa.selenium.ElementNotVisibleException: Element is not currently visible and so may not be interacted with
Command duration or timeout: 10.07 seconds
Build info: version: '2.35.0', revision: 'c916b9d', time: '2013-08-12 15:42:01'
System info: os.name: 'Linux', os.arch: 'amd64', os.version: '3.2.0-23-generic', java.version: '1.7.0_25'
Session ID: 5b8af3be-1d7d-477c-a125-05c04039e23a
Driver info: org.openqa.selenium.firefox.FirefoxDriver
Capabilities [{platform=LINUX, databaseEnabled=true, cssSelectorsEnabled=true, javascriptEnabled=true, acceptSslCerts=true, handlesAlerts=true, browserName=firefox, browserConnectionEnabled=true, nativeEvents=true, webStorageEnabled=true, rotatable=false, locationContextEnabled=true, applicationCacheEnabled=true, takesScreenshot=true, version=23.0}]
	at sun.reflect.NativeConstructorAccessorImpl.newInstance0(Native Method) ~[na:1.7.0_25]
	at sun.reflect.NativeConstructorAccessorImpl.newInstance(NativeConstructorAccessorImpl.java:57) ~[na:1.7.0_25]
	at sun.reflect.DelegatingConstructorAccessorImpl.newInstance(DelegatingConstructorAccessorImpl.java:45) ~[na:1.7.0_25]
	at java.lang.reflect.Constructor.newInstance(Constructor.java:526) ~[na:1.7.0_25]
	at org.openqa.selenium.remote.ErrorHandler.createThrowable(ErrorHandler.java:191) ~[selenium-server-standalone-2.35.0.jar:na]
	at org.openqa.selenium.remote.ErrorHandler.throwIfResponseFailed(ErrorHandler.java:145) ~[selenium-server-standalone-2.35.0.jar:na]
	at org.openqa.selenium.remote.RemoteWebDriver.execute(RemoteWebDriver.java:554) ~[selenium-server-standalone-2.35.0.jar:na]
	at org.openqa.selenium.remote.RemoteWebElement.execute(RemoteWebElement.java:268) ~[selenium-server-standalone-2.35.0.jar:na]
	at org.openqa.selenium.remote.RemoteWebElement.click(RemoteWebElement.java:79) ~[selenium-server-standalone-2.35.0.jar:na]
	at sun.reflect.NativeMethodAccessorImpl.invoke0(Native Method) ~[na:1.7.0_25]
	at sun.reflect.NativeMethodAccessorImpl.invoke(NativeMethodAccessorImpl.java:57) ~[na:1.7.0_25]
	at sun.reflect.DelegatingMethodAccessorImpl.invoke(DelegatingMethodAccessorImpl.java:43) ~[na:1.7.0_25]
	at java.lang.reflect.Method.invoke(Method.java:606) ~[na:1.7.0_25]
	at org.openqa.selenium.support.events.EventFiringWebDriver$EventFiringWebElement$1.invoke(EventFiringWebDriver.java:327) ~[selenium-server-standalone-2.35.0.jar:na]
	at com.sun.proxy.$Proxy9.click(Unknown Source) ~[na:na]
	at org.openqa.selenium.support.events.EventFiringWebDriver$EventFiringWebElement.click(EventFiringWebDriver.java:340) ~[selenium-server-standalone-2.35.0.jar:na]
	at main.pages.HangoutPage.finishHangout(HangoutPage.java:313) ~[classes/:na]
	at test.java.RecordTest.avideoProcessing(RecordTest.java:73) [classes/:na]
	at sun.reflect.NativeMethodAccessorImpl.invoke0(Native Method) ~[na:1.7.0_25]
	at sun.reflect.NativeMethodAccessorImpl.invoke(NativeMethodAccessorImpl.java:57) ~[na:1.7.0_25]
	at sun.reflect.DelegatingMethodAccessorImpl.invoke(DelegatingMethodAccessorImpl.java:43) ~[na:1.7.0_25]
	at java.lang.reflect.Method.invoke(Method.java:606) ~[na:1.7.0_25]
	at org.testng.internal.MethodInvocationHelper.invokeMethod(MethodInvocationHelper.java:80) [testng.jar:6.9beta-201211201815]
	at org.testng.internal.Invoker.invokeMethod(Invoker.java:714) [testng.jar:6.9beta-201211201815]
	at org.testng.internal.Invoker.invokeTestMethod(Invoker.java:901) [testng.jar:6.9beta-201211201815]
	at org.testng.internal.Invoker.invokeTestMethods(Invoker.java:1231) [testng.jar:6.9beta-201211201815]
	at org.testng.internal.TestMethodWorker.invokeTestMethods(TestMethodWorker.java:128) [testng.jar:6.9beta-201211201815]
	at org.testng.internal.TestMethodWorker.run(TestMethodWorker.java:111) [testng.jar:6.9beta-201211201815]
	at org.testng.TestRunner.privateRun(TestRunner.java:767) [testng.jar:6.9beta-201211201815]
	at org.testng.TestRunner.run(TestRunner.java:617) [testng.jar:6.9beta-201211201815]
	at org.testng.SuiteRunner.runTest(SuiteRunner.java:334) [testng.jar:6.9beta-201211201815]
	at org.testng.SuiteRunner.runSequentially(SuiteRunner.java:329) [testng.jar:6.9beta-201211201815]
	at org.testng.SuiteRunner.privateRun(SuiteRunner.java:291) [testng.jar:6.9beta-201211201815]
	at org.testng.SuiteRunner.run(SuiteRunner.java:240) [testng.jar:6.9beta-201211201815]
	at org.testng.SuiteRunnerWorker.runSuite(SuiteRunnerWorker.java:52) [testng.jar:6.9beta-201211201815]
	at org.testng.SuiteRunnerWorker.run(SuiteRunnerWorker.java:86) [testng.jar:6.9beta-201211201815]
	at org.testng.TestNG.runSuitesSequentially(TestNG.java:1203) [testng.jar:6.9beta-201211201815]
	at org.testng.TestNG.runSuitesLocally(TestNG.java:1128) [testng.jar:6.9beta-201211201815]
	at org.testng.TestNG.run(TestNG.java:1036) [testng.jar:6.9beta-201211201815]
	at org.testng.remote.RemoteTestNG.run(RemoteTestNG.java:111) [testng.jar:6.9beta-201211201815]
	at org.testng.remote.RemoteTestNG.initAndRun(RemoteTestNG.java:204) [testng.jar:6.9beta-201211201815]
	at org.testng.remote.RemoteTestNG.main(RemoteTestNG.java:175) [testng.jar:6.9beta-201211201815]
org.openqa.selenium.remote.ErrorHandler$UnknownServerException: Element is not currently visible and so may not be interacted with
Build info: version: '2.35.0', revision: 'c916b9d', time: '2013-08-12 15:42:01'
System info: os.name: 'Linux', os.arch: 'amd64', os.version: '3.2.0-23-generic', java.version: '1.7.0_25'
Driver info: driver.version: unknown
	at <anonymous class>.fxdriver.preconditions.visible(file:///tmp/anonymous2374956881232036529webdriver-profile/extensions/fxdriver@googlecode.com/components/command_processor.js:8231) ~[na:na]
	at <anonymous class>.DelayedCommand.prototype.checkPreconditions_(file:///tmp/anonymous2374956881232036529webdriver-profile/extensions/fxdriver@googlecode.com/components/command_processor.js:10800) ~[na:na]
	at <anonymous class>.DelayedCommand.prototype.executeInternal_/h(file:///tmp/anonymous2374956881232036529webdriver-profile/extensions/fxdriver@googlecode.com/components/command_processor.js:10817) ~[na:na]
	at <anonymous class>.fxdriver.Timer.prototype.setTimeout/<.notify(file:///tmp/anonymous2374956881232036529webdriver-profile/extensions/fxdriver@googlecode.com/components/command_processor.js:396) ~[na:na]
59261 [main] ERROR m.Driver.MyWebDriverEventListener - ________________________________________________________________________________________________________________
59275 [main] ERROR m.Driver.MyWebDriverEventListener - ------------------------js error--------------------
59276 [main] ERROR m.Driver.MyWebDriverEventListener - javascript error 1.{errorMessage=TypeError: e.moment(...) is null, console=null, sourceName=https://static.testun.com.ua/js/main.js?v=1870, lineNumber=8888, __fxdriver_unwrapped=true}
59276 [main] ERROR m.Driver.MyWebDriverEventListener - ________________________________________________________________________________________________________________
59280 [main] INFO  test.java.LogTest - >>>>>>>>>>@AfterMethod<<<<<<<<<
81207 [Thread-0] DEBUG main.Driver.WebDriverFactory - Killing driver 
83283 [Thread-0] ERROR m.Driver.MyWebDriverEventListener - ________________________________________________________________________________________________________________
83284 [Thread-0] ERROR m.Driver.MyWebDriverEventListener - WebDriver error:
org.openqa.selenium.remote.UnreachableBrowserException: Error communicating with the remote browser. It may have died.
Build info: version: '2.35.0', revision: 'c916b9d', time: '2013-08-12 15:42:01'
System info: os.name: 'Linux', os.arch: 'amd64', os.version: '3.2.0-23-generic', java.version: '1.7.0_25'
Driver info: driver.version: EventFiringWebDriver
	at org.openqa.selenium.remote.RemoteWebDriver.execute(RemoteWebDriver.java:548) ~[selenium-server-standalone-2.35.0.jar:na]
	at org.openqa.selenium.remote.RemoteWebDriver.execute(RemoteWebDriver.java:569) ~[selenium-server-standalone-2.35.0.jar:na]
	at org.openqa.selenium.remote.RemoteWebDriver.quit(RemoteWebDriver.java:423) ~[selenium-server-standalone-2.35.0.jar:na]
	at sun.reflect.NativeMethodAccessorImpl.invoke0(Native Method) ~[na:1.7.0_25]
	at sun.reflect.NativeMethodAccessorImpl.invoke(NativeMethodAccessorImpl.java:57) ~[na:1.7.0_25]
	at sun.reflect.DelegatingMethodAccessorImpl.invoke(DelegatingMethodAccessorImpl.java:43) ~[na:1.7.0_25]
	at java.lang.reflect.Method.invoke(Method.java:606) ~[na:1.7.0_25]
	at org.openqa.selenium.support.events.EventFiringWebDriver$2.invoke(EventFiringWebDriver.java:101) ~[selenium-server-standalone-2.35.0.jar:na]
	at com.sun.proxy.$Proxy8.quit(Unknown Source) ~[na:na]
	at org.openqa.selenium.support.events.EventFiringWebDriver.quit(EventFiringWebDriver.java:194) ~[selenium-server-standalone-2.35.0.jar:na]
	at main.Driver.WebDriverFactory.dismissDriver(WebDriverFactory.java:99) ~[classes/:na]
	at main.Driver.WebDriverFactory$1.run(WebDriverFactory.java:163) [classes/:na]
Caused by: org.apache.http.NoHttpResponseException: The target server failed to respond
	at org.apache.http.impl.conn.DefaultHttpResponseParser.parseHead(DefaultHttpResponseParser.java:95) ~[selenium-server-standalone-2.35.0.jar:na]
	at org.apache.http.impl.conn.DefaultHttpResponseParser.parseHead(DefaultHttpResponseParser.java:62) ~[selenium-server-standalone-2.35.0.jar:na]
	at org.apache.http.impl.io.AbstractMessageParser.parse(AbstractMessageParser.java:254) ~[selenium-server-standalone-2.35.0.jar:na]
	at org.apache.http.impl.AbstractHttpClientConnection.receiveResponseHeader(AbstractHttpClientConnection.java:289) ~[selenium-server-standalone-2.35.0.jar:na]
	at org.apache.http.impl.conn.DefaultClientConnection.receiveResponseHeader(DefaultClientConnection.java:252) ~[selenium-server-standalone-2.35.0.jar:na]
	at org.apache.http.impl.conn.AbstractClientConnAdapter.receiveResponseHeader(AbstractClientConnAdapter.java:219) ~[selenium-server-standalone-2.35.0.jar:na]
	at org.apache.http.protocol.HttpRequestExecutor.doReceiveResponse(HttpRequestExecutor.java:300) ~[selenium-server-standalone-2.35.0.jar:na]
	at org.apache.http.protocol.HttpRequestExecutor.execute(HttpRequestExecutor.java:127) ~[selenium-server-standalone-2.35.0.jar:na]
	at org.apache.http.impl.client.DefaultRequestDirector.tryExecute(DefaultRequestDirector.java:712) ~[selenium-server-standalone-2.35.0.jar:na]
	at org.apache.http.impl.client.DefaultRequestDirector.execute(DefaultRequestDirector.java:517) ~[selenium-server-standalone-2.35.0.jar:na]
	at org.apache.http.impl.client.AbstractHttpClient.execute(AbstractHttpClient.java:906) ~[selenium-server-standalone-2.35.0.jar:na]
	at org.openqa.selenium.remote.HttpCommandExecutor.fallBackExecute(HttpCommandExecutor.java:337) ~[selenium-server-standalone-2.35.0.jar:na]
	at org.openqa.selenium.remote.HttpCommandExecutor.execute(HttpCommandExecutor.java:298) ~[selenium-server-standalone-2.35.0.jar:na]
	at org.openqa.selenium.firefox.internal.NewProfileExtensionConnection.execute(NewProfileExtensionConnection.java:133) ~[selenium-server-standalone-2.35.0.jar:na]
	at org.openqa.selenium.firefox.FirefoxDriver$LazyCommandExecutor.execute(FirefoxDriver.java:367) ~[selenium-server-standalone-2.35.0.jar:na]
	at org.openqa.selenium.remote.RemoteWebDriver.execute(RemoteWebDriver.java:527) ~[selenium-server-standalone-2.35.0.jar:na]
	... 11 common frames omitted
83284 [Thread-0] ERROR m.Driver.MyWebDriverEventListener - ________________________________________________________________________________________________________________
83285 [Thread-0] WARN  main.Driver.WebDriverFactory - Driver killing error
org.openqa.selenium.remote.SessionNotFoundException: The FirefoxDriver cannot be used after quit() was called.
Build info: version: '2.35.0', revision: 'c916b9d', time: '2013-08-12 15:42:01'
System info: os.name: 'Linux', os.arch: 'amd64', os.version: '3.2.0-23-generic', java.version: '1.7.0_25'
Driver info: driver.version: EventFiringWebDriver
	at org.openqa.selenium.firefox.FirefoxDriver$LazyCommandExecutor.execute(FirefoxDriver.java:364) ~[selenium-server-standalone-2.35.0.jar:na]
	at org.openqa.selenium.remote.RemoteWebDriver.execute(RemoteWebDriver.java:527) ~[selenium-server-standalone-2.35.0.jar:na]
	at org.openqa.selenium.remote.RemoteWebDriver.executeScript(RemoteWebDriver.java:463) ~[selenium-server-standalone-2.35.0.jar:na]
	at main.Driver.MyWebDriverEventListener.onException(MyWebDriverEventListener.java:66) ~[classes/:na]
	at sun.reflect.NativeMethodAccessorImpl.invoke0(Native Method) ~[na:1.7.0_25]
	at sun.reflect.NativeMethodAccessorImpl.invoke(NativeMethodAccessorImpl.java:57) ~[na:1.7.0_25]
	at sun.reflect.DelegatingMethodAccessorImpl.invoke(DelegatingMethodAccessorImpl.java:43) ~[na:1.7.0_25]
	at java.lang.reflect.Method.invoke(Method.java:606) ~[na:1.7.0_25]
	at org.openqa.selenium.support.events.EventFiringWebDriver$1.invoke(EventFiringWebDriver.java:78) ~[selenium-server-standalone-2.35.0.jar:na]
	at com.sun.proxy.$Proxy7.onException(Unknown Source) ~[na:na]
	at org.openqa.selenium.support.events.EventFiringWebDriver$2.invoke(EventFiringWebDriver.java:103) ~[selenium-server-standalone-2.35.0.jar:na]
	at com.sun.proxy.$Proxy8.quit(Unknown Source) ~[na:na]
	at org.openqa.selenium.support.events.EventFiringWebDriver.quit(EventFiringWebDriver.java:194) ~[selenium-server-standalone-2.35.0.jar:na]
	at main.Driver.WebDriverFactory.dismissDriver(WebDriverFactory.java:99) ~[classes/:na]
	at main.Driver.WebDriverFactory$1.run(WebDriverFactory.java:163) ~[classes/:na]
510898 [main] ERROR m.Driver.MyWebDriverEventListener - ________________________________________________________________________________________________________________
510907 [main] ERROR m.Driver.MyWebDriverEventListener - WebDriver error:
org.openqa.selenium.remote.UnreachableBrowserException: Error communicating with the remote browser. It may have died.
Build info: version: '2.35.0', revision: 'c916b9d', time: '2013-08-12 15:42:01'
System info: os.name: 'Linux', os.arch: 'amd64', os.version: '3.2.0-23-generic', java.version: '1.7.0_25'
Driver info: driver.version: EventFiringWebDriver
	at org.openqa.selenium.remote.RemoteWebDriver.execute(RemoteWebDriver.java:548) ~[selenium-server-standalone-2.35.0.jar:na]
	at org.openqa.selenium.remote.RemoteWebDriver.get(RemoteWebDriver.java:276) ~[selenium-server-standalone-2.35.0.jar:na]
	at sun.reflect.NativeMethodAccessorImpl.invoke0(Native Method) ~[na:1.7.0_25]
	at sun.reflect.NativeMethodAccessorImpl.invoke(NativeMethodAccessorImpl.java:57) ~[na:1.7.0_25]
	at sun.reflect.DelegatingMethodAccessorImpl.invoke(DelegatingMethodAccessorImpl.java:43) ~[na:1.7.0_25]
	at java.lang.reflect.Method.invoke(Method.java:606) ~[na:1.7.0_25]
	at org.openqa.selenium.support.events.EventFiringWebDriver$2.invoke(EventFiringWebDriver.java:101) ~[selenium-server-standalone-2.35.0.jar:na]
	at com.sun.proxy.$Proxy8.get(Unknown Source) ~[na:na]
	at org.openqa.selenium.support.events.EventFiringWebDriver.get(EventFiringWebDriver.java:155) ~[selenium-server-standalone-2.35.0.jar:na]
	at test.java.RecordTest.setup(RecordTest.java:41) ~[classes/:na]
	at sun.reflect.NativeMethodAccessorImpl.invoke0(Native Method) ~[na:1.7.0_25]
	at sun.reflect.NativeMethodAccessorImpl.invoke(NativeMethodAccessorImpl.java:57) ~[na:1.7.0_25]
	at sun.reflect.DelegatingMethodAccessorImpl.invoke(DelegatingMethodAccessorImpl.java:43) ~[na:1.7.0_25]
	at java.lang.reflect.Method.invoke(Method.java:606) ~[na:1.7.0_25]
	at org.testng.internal.MethodInvocationHelper.invokeMethod(MethodInvocationHelper.java:80) [testng.jar:6.9beta-201211201815]
	at org.testng.internal.Invoker.invokeConfigurationMethod(Invoker.java:564) [testng.jar:6.9beta-201211201815]
	at org.testng.internal.Invoker.invokeConfigurations(Invoker.java:213) [testng.jar:6.9beta-201211201815]
	at org.testng.internal.Invoker.invokeMethod(Invoker.java:653) [testng.jar:6.9beta-201211201815]
	at org.testng.internal.Invoker.invokeTestMethod(Invoker.java:901) [testng.jar:6.9beta-201211201815]
	at org.testng.internal.Invoker.invokeTestMethods(Invoker.java:1231) [testng.jar:6.9beta-201211201815]
	at org.testng.internal.TestMethodWorker.invokeTestMethods(TestMethodWorker.java:128) [testng.jar:6.9beta-201211201815]
	at org.testng.internal.TestMethodWorker.run(TestMethodWorker.java:111) [testng.jar:6.9beta-201211201815]
	at org.testng.TestRunner.privateRun(TestRunner.java:767) [testng.jar:6.9beta-201211201815]
	at org.testng.TestRunner.run(TestRunner.java:617) [testng.jar:6.9beta-201211201815]
	at org.testng.SuiteRunner.runTest(SuiteRunner.java:334) [testng.jar:6.9beta-201211201815]
	at org.testng.SuiteRunner.runSequentially(SuiteRunner.java:329) [testng.jar:6.9beta-201211201815]
	at org.testng.SuiteRunner.privateRun(SuiteRunner.java:291) [testng.jar:6.9beta-201211201815]
	at org.testng.SuiteRunner.run(SuiteRunner.java:240) [testng.jar:6.9beta-201211201815]
	at org.testng.SuiteRunnerWorker.runSuite(SuiteRunnerWorker.java:52) [testng.jar:6.9beta-201211201815]
	at org.testng.SuiteRunnerWorker.run(SuiteRunnerWorker.java:86) [testng.jar:6.9beta-201211201815]
	at org.testng.TestNG.runSuitesSequentially(TestNG.java:1203) [testng.jar:6.9beta-201211201815]
	at org.testng.TestNG.runSuitesLocally(TestNG.java:1128) [testng.jar:6.9beta-201211201815]
	at org.testng.TestNG.run(TestNG.java:1036) [testng.jar:6.9beta-201211201815]
	at org.testng.remote.RemoteTestNG.run(RemoteTestNG.java:111) [testng.jar:6.9beta-201211201815]
	at org.testng.remote.RemoteTestNG.initAndRun(RemoteTestNG.java:204) [testng.jar:6.9beta-201211201815]
	at org.testng.remote.RemoteTestNG.main(RemoteTestNG.java:175) [testng.jar:6.9beta-201211201815]
Caused by: org.apache.http.conn.HttpHostConnectException: Connection to http://127.0.0.1:7055 refused
	at org.apache.http.impl.conn.DefaultClientConnectionOperator.openConnection(DefaultClientConnectionOperator.java:190) ~[selenium-server-standalone-2.35.0.jar:na]
	at org.apache.http.impl.conn.AbstractPoolEntry.open(AbstractPoolEntry.java:151) ~[selenium-server-standalone-2.35.0.jar:na]
	at org.apache.http.impl.conn.AbstractPooledConnAdapter.open(AbstractPooledConnAdapter.java:125) ~[selenium-server-standalone-2.35.0.jar:na]
	at org.apache.http.impl.client.DefaultRequestDirector.tryConnect(DefaultRequestDirector.java:640) ~[selenium-server-standalone-2.35.0.jar:na]
	at org.apache.http.impl.client.DefaultRequestDirector.execute(DefaultRequestDirector.java:479) ~[selenium-server-standalone-2.35.0.jar:na]
	at org.apache.http.impl.client.AbstractHttpClient.execute(AbstractHttpClient.java:906) ~[selenium-server-standalone-2.35.0.jar:na]
	at org.openqa.selenium.remote.HttpCommandExecutor.fallBackExecute(HttpCommandExecutor.java:337) ~[selenium-server-standalone-2.35.0.jar:na]
	at org.openqa.selenium.remote.HttpCommandExecutor.execute(HttpCommandExecutor.java:298) ~[selenium-server-standalone-2.35.0.jar:na]
	at org.openqa.selenium.firefox.internal.NewProfileExtensionConnection.execute(NewProfileExtensionConnection.java:133) ~[selenium-server-standalone-2.35.0.jar:na]
	at org.openqa.selenium.firefox.FirefoxDriver$LazyCommandExecutor.execute(FirefoxDriver.java:367) ~[selenium-server-standalone-2.35.0.jar:na]
	at org.openqa.selenium.remote.RemoteWebDriver.execute(RemoteWebDriver.java:527) ~[selenium-server-standalone-2.35.0.jar:na]
	... 35 common frames omitted
Caused by: java.net.ConnectException: Connection refused
	at java.net.PlainSocketImpl.socketConnect(Native Method) ~[na:1.7.0_25]
	at java.net.AbstractPlainSocketImpl.doConnect(AbstractPlainSocketImpl.java:339) ~[na:1.7.0_25]
	at java.net.AbstractPlainSocketImpl.connectToAddress(AbstractPlainSocketImpl.java:200) ~[na:1.7.0_25]
	at java.net.AbstractPlainSocketImpl.connect(AbstractPlainSocketImpl.java:182) ~[na:1.7.0_25]
	at java.net.SocksSocketImpl.connect(SocksSocketImpl.java:392) ~[na:1.7.0_25]
	at java.net.Socket.connect(Socket.java:579) ~[na:1.7.0_25]
	at org.apache.http.conn.scheme.PlainSocketFactory.connectSocket(PlainSocketFactory.java:127) ~[selenium-server-standalone-2.35.0.jar:na]
	at org.apache.http.impl.conn.DefaultClientConnectionOperator.openConnection(DefaultClientConnectionOperator.java:180) ~[selenium-server-standalone-2.35.0.jar:na]
	... 45 common frames omitted
510908 [main] ERROR m.Driver.MyWebDriverEventListener - ________________________________________________________________________________________________________________
510917 [main] INFO  test.java.LogTest - >>>>>>>>>>@AfterMethod<<<<<<<<<
513922 [main] ERROR m.Driver.MyWebDriverEventListener - ________________________________________________________________________________________________________________
513925 [main] ERROR m.Driver.MyWebDriverEventListener - WebDriver error:
org.openqa.selenium.remote.UnreachableBrowserException: Error communicating with the remote browser. It may have died.
Build info: version: '2.35.0', revision: 'c916b9d', time: '2013-08-12 15:42:01'
System info: os.name: 'Linux', os.arch: 'amd64', os.version: '3.2.0-23-generic', java.version: '1.7.0_25'
Driver info: driver.version: EventFiringWebDriver
	at org.openqa.selenium.remote.RemoteWebDriver.execute(RemoteWebDriver.java:548) ~[selenium-server-standalone-2.35.0.jar:na]
	at org.openqa.selenium.remote.RemoteWebDriver.executeScript(RemoteWebDriver.java:463) ~[selenium-server-standalone-2.35.0.jar:na]
	at sun.reflect.NativeMethodAccessorImpl.invoke0(Native Method) ~[na:1.7.0_25]
	at sun.reflect.NativeMethodAccessorImpl.invoke(NativeMethodAccessorImpl.java:57) ~[na:1.7.0_25]
	at sun.reflect.DelegatingMethodAccessorImpl.invoke(DelegatingMethodAccessorImpl.java:43) ~[na:1.7.0_25]
	at java.lang.reflect.Method.invoke(Method.java:606) ~[na:1.7.0_25]
	at org.openqa.selenium.support.events.EventFiringWebDriver$2.invoke(EventFiringWebDriver.java:101) ~[selenium-server-standalone-2.35.0.jar:na]
	at com.sun.proxy.$Proxy8.executeScript(Unknown Source) ~[na:na]
	at org.openqa.selenium.support.events.EventFiringWebDriver.executeScript(EventFiringWebDriver.java:209) ~[selenium-server-standalone-2.35.0.jar:na]
	at net.jsourcerer.webdriver.jserrorcollector.JavaScriptError.readErrors(JavaScriptError.java:135) ~[JSErrorCollector-0.5.jar:na]
	at main.pages.HomePage.jsErrorExist(HomePage.java:336) [classes/:na]
	at test.java.RecordTest.unLogin(RecordTest.java:51) [classes/:na]
	at sun.reflect.NativeMethodAccessorImpl.invoke0(Native Method) ~[na:1.7.0_25]
	at sun.reflect.NativeMethodAccessorImpl.invoke(NativeMethodAccessorImpl.java:57) ~[na:1.7.0_25]
	at sun.reflect.DelegatingMethodAccessorImpl.invoke(DelegatingMethodAccessorImpl.java:43) ~[na:1.7.0_25]
	at java.lang.reflect.Method.invoke(Method.java:606) ~[na:1.7.0_25]
	at org.testng.internal.MethodInvocationHelper.invokeMethod(MethodInvocationHelper.java:80) [testng.jar:6.9beta-201211201815]
	at org.testng.internal.Invoker.invokeConfigurationMethod(Invoker.java:564) [testng.jar:6.9beta-201211201815]
	at org.testng.internal.Invoker.invokeConfigurations(Invoker.java:213) [testng.jar:6.9beta-201211201815]
	at org.testng.internal.Invoker.invokeMethod(Invoker.java:786) [testng.jar:6.9beta-201211201815]
	at org.testng.internal.Invoker.invokeTestMethod(Invoker.java:901) [testng.jar:6.9beta-201211201815]
	at org.testng.internal.Invoker.invokeTestMethods(Invoker.java:1231) [testng.jar:6.9beta-201211201815]
	at org.testng.internal.TestMethodWorker.invokeTestMethods(TestMethodWorker.java:128) [testng.jar:6.9beta-201211201815]
	at org.testng.internal.TestMethodWorker.run(TestMethodWorker.java:111) [testng.jar:6.9beta-201211201815]
	at org.testng.TestRunner.privateRun(TestRunner.java:767) [testng.jar:6.9beta-201211201815]
	at org.testng.TestRunner.run(TestRunner.java:617) [testng.jar:6.9beta-201211201815]
	at org.testng.SuiteRunner.runTest(SuiteRunner.java:334) [testng.jar:6.9beta-201211201815]
	at org.testng.SuiteRunner.runSequentially(SuiteRunner.java:329) [testng.jar:6.9beta-201211201815]
	at org.testng.SuiteRunner.privateRun(SuiteRunner.java:291) [testng.jar:6.9beta-201211201815]
	at org.testng.SuiteRunner.run(SuiteRunner.java:240) [testng.jar:6.9beta-201211201815]
	at org.testng.SuiteRunnerWorker.runSuite(SuiteRunnerWorker.java:52) [testng.jar:6.9beta-201211201815]
	at org.testng.SuiteRunnerWorker.run(SuiteRunnerWorker.java:86) [testng.jar:6.9beta-201211201815]
	at org.testng.TestNG.runSuitesSequentially(TestNG.java:1203) [testng.jar:6.9beta-201211201815]
	at org.testng.TestNG.runSuitesLocally(TestNG.java:1128) [testng.jar:6.9beta-201211201815]
	at org.testng.TestNG.run(TestNG.java:1036) [testng.jar:6.9beta-201211201815]
	at org.testng.remote.RemoteTestNG.run(RemoteTestNG.java:111) [testng.jar:6.9beta-201211201815]
	at org.testng.remote.RemoteTestNG.initAndRun(RemoteTestNG.java:204) [testng.jar:6.9beta-201211201815]
	at org.testng.remote.RemoteTestNG.main(RemoteTestNG.java:175) [testng.jar:6.9beta-201211201815]
Caused by: org.apache.http.conn.HttpHostConnectException: Connection to http://127.0.0.1:7055 refused
	at org.apache.http.impl.conn.DefaultClientConnectionOperator.openConnection(DefaultClientConnectionOperator.java:190) ~[selenium-server-standalone-2.35.0.jar:na]
	at org.apache.http.impl.conn.AbstractPoolEntry.open(AbstractPoolEntry.java:151) ~[selenium-server-standalone-2.35.0.jar:na]
	at org.apache.http.impl.conn.AbstractPooledConnAdapter.open(AbstractPooledConnAdapter.java:125) ~[selenium-server-standalone-2.35.0.jar:na]
	at org.apache.http.impl.client.DefaultRequestDirector.tryConnect(DefaultRequestDirector.java:640) ~[selenium-server-standalone-2.35.0.jar:na]
	at org.apache.http.impl.client.DefaultRequestDirector.execute(DefaultRequestDirector.java:479) ~[selenium-server-standalone-2.35.0.jar:na]
	at org.apache.http.impl.client.AbstractHttpClient.execute(AbstractHttpClient.java:906) ~[selenium-server-standalone-2.35.0.jar:na]
	at org.openqa.selenium.remote.HttpCommandExecutor.fallBackExecute(HttpCommandExecutor.java:319) ~[selenium-server-standalone-2.35.0.jar:na]
	at org.openqa.selenium.remote.HttpCommandExecutor.execute(HttpCommandExecutor.java:298) ~[selenium-server-standalone-2.35.0.jar:na]
	at org.openqa.selenium.firefox.internal.NewProfileExtensionConnection.execute(NewProfileExtensionConnection.java:133) ~[selenium-server-standalone-2.35.0.jar:na]
	at org.openqa.selenium.firefox.FirefoxDriver$LazyCommandExecutor.execute(FirefoxDriver.java:367) ~[selenium-server-standalone-2.35.0.jar:na]
	at org.openqa.selenium.remote.RemoteWebDriver.execute(RemoteWebDriver.java:527) ~[selenium-server-standalone-2.35.0.jar:na]
	... 37 common frames omitted
Caused by: java.net.ConnectException: Connection refused
	at java.net.PlainSocketImpl.socketConnect(Native Method) ~[na:1.7.0_25]
	at java.net.AbstractPlainSocketImpl.doConnect(AbstractPlainSocketImpl.java:339) ~[na:1.7.0_25]
	at java.net.AbstractPlainSocketImpl.connectToAddress(AbstractPlainSocketImpl.java:200) ~[na:1.7.0_25]
	at java.net.AbstractPlainSocketImpl.connect(AbstractPlainSocketImpl.java:182) ~[na:1.7.0_25]
	at java.net.SocksSocketImpl.connect(SocksSocketImpl.java:392) ~[na:1.7.0_25]
	at java.net.Socket.connect(Socket.java:579) ~[na:1.7.0_25]
	at org.apache.http.conn.scheme.PlainSocketFactory.connectSocket(PlainSocketFactory.java:127) ~[selenium-server-standalone-2.35.0.jar:na]
	at org.apache.http.impl.conn.DefaultClientConnectionOperator.openConnection(DefaultClientConnectionOperator.java:180) ~[selenium-server-standalone-2.35.0.jar:na]
	... 47 common frames omitted
513926 [main] ERROR m.Driver.MyWebDriverEventListener - ________________________________________________________________________________________________________________
513998 [Thread-0] DEBUG main.Driver.WebDriverFactory - Killing driver 
514005 [Thread-0] ERROR m.Driver.MyWebDriverEventListener - ________________________________________________________________________________________________________________
514007 [Thread-0] ERROR m.Driver.MyWebDriverEventListener - WebDriver error:
org.openqa.selenium.remote.UnreachableBrowserException: Error communicating with the remote browser. It may have died.
Build info: version: '2.35.0', revision: 'c916b9d', time: '2013-08-12 15:42:01'
System info: os.name: 'Linux', os.arch: 'amd64', os.version: '3.2.0-23-generic', java.version: '1.7.0_25'
Driver info: driver.version: EventFiringWebDriver
	at org.openqa.selenium.remote.RemoteWebDriver.execute(RemoteWebDriver.java:548) ~[selenium-server-standalone-2.35.0.jar:na]
	at org.openqa.selenium.remote.RemoteWebDriver.execute(RemoteWebDriver.java:569) ~[selenium-server-standalone-2.35.0.jar:na]
	at org.openqa.selenium.remote.RemoteWebDriver.quit(RemoteWebDriver.java:423) ~[selenium-server-standalone-2.35.0.jar:na]
	at sun.reflect.NativeMethodAccessorImpl.invoke0(Native Method) ~[na:1.7.0_25]
	at sun.reflect.NativeMethodAccessorImpl.invoke(NativeMethodAccessorImpl.java:57) ~[na:1.7.0_25]
	at sun.reflect.DelegatingMethodAccessorImpl.invoke(DelegatingMethodAccessorImpl.java:43) ~[na:1.7.0_25]
	at java.lang.reflect.Method.invoke(Method.java:606) ~[na:1.7.0_25]
	at org.openqa.selenium.support.events.EventFiringWebDriver$2.invoke(EventFiringWebDriver.java:101) ~[selenium-server-standalone-2.35.0.jar:na]
	at com.sun.proxy.$Proxy8.quit(Unknown Source) ~[na:na]
	at org.openqa.selenium.support.events.EventFiringWebDriver.quit(EventFiringWebDriver.java:194) ~[selenium-server-standalone-2.35.0.jar:na]
	at main.Driver.WebDriverFactory.dismissDriver(WebDriverFactory.java:99) ~[classes/:na]
	at main.Driver.WebDriverFactory$1.run(WebDriverFactory.java:163) [classes/:na]
Caused by: org.apache.http.conn.HttpHostConnectException: Connection to http://127.0.0.1:7055 refused
	at org.apache.http.impl.conn.DefaultClientConnectionOperator.openConnection(DefaultClientConnectionOperator.java:190) ~[selenium-server-standalone-2.35.0.jar:na]
	at org.apache.http.impl.conn.AbstractPoolEntry.open(AbstractPoolEntry.java:151) ~[selenium-server-standalone-2.35.0.jar:na]
	at org.apache.http.impl.conn.AbstractPooledConnAdapter.open(AbstractPooledConnAdapter.java:125) ~[selenium-server-standalone-2.35.0.jar:na]
	at org.apache.http.impl.client.DefaultRequestDirector.tryConnect(DefaultRequestDirector.java:640) ~[selenium-server-standalone-2.35.0.jar:na]
	at org.apache.http.impl.client.DefaultRequestDirector.execute(DefaultRequestDirector.java:479) ~[selenium-server-standalone-2.35.0.jar:na]
	at org.apache.http.impl.client.AbstractHttpClient.execute(AbstractHttpClient.java:906) ~[selenium-server-standalone-2.35.0.jar:na]
	at org.openqa.selenium.remote.HttpCommandExecutor.fallBackExecute(HttpCommandExecutor.java:319) ~[selenium-server-standalone-2.35.0.jar:na]
	at org.openqa.selenium.remote.HttpCommandExecutor.execute(HttpCommandExecutor.java:298) ~[selenium-server-standalone-2.35.0.jar:na]
	at org.openqa.selenium.firefox.internal.NewProfileExtensionConnection.execute(NewProfileExtensionConnection.java:133) ~[selenium-server-standalone-2.35.0.jar:na]
	at org.openqa.selenium.firefox.FirefoxDriver$LazyCommandExecutor.execute(FirefoxDriver.java:367) ~[selenium-server-standalone-2.35.0.jar:na]
	at org.openqa.selenium.remote.RemoteWebDriver.execute(RemoteWebDriver.java:527) ~[selenium-server-standalone-2.35.0.jar:na]
	... 11 common frames omitted
Caused by: java.net.ConnectException: Connection refused
	at java.net.PlainSocketImpl.socketConnect(Native Method) ~[na:1.7.0_25]
	at java.net.AbstractPlainSocketImpl.doConnect(AbstractPlainSocketImpl.java:339) ~[na:1.7.0_25]
	at java.net.AbstractPlainSocketImpl.connectToAddress(AbstractPlainSocketImpl.java:200) ~[na:1.7.0_25]
	at java.net.AbstractPlainSocketImpl.connect(AbstractPlainSocketImpl.java:182) ~[na:1.7.0_25]
	at java.net.SocksSocketImpl.connect(SocksSocketImpl.java:392) ~[na:1.7.0_25]
	at java.net.Socket.connect(Socket.java:579) ~[na:1.7.0_25]
	at org.apache.http.conn.scheme.PlainSocketFactory.connectSocket(PlainSocketFactory.java:127) ~[selenium-server-standalone-2.35.0.jar:na]
	at org.apache.http.impl.conn.DefaultClientConnectionOperator.openConnection(DefaultClientConnectionOperator.java:180) ~[selenium-server-standalone-2.35.0.jar:na]
	... 21 common frames omitted
514007 [Thread-0] ERROR m.Driver.MyWebDriverEventListener - ________________________________________________________________________________________________________________
514007 [Thread-0] WARN  main.Driver.WebDriverFactory - Driver killing error
org.openqa.selenium.remote.SessionNotFoundException: The FirefoxDriver cannot be used after quit() was called.
Build info: version: '2.35.0', revision: 'c916b9d', time: '2013-08-12 15:42:01'
System info: os.name: 'Linux', os.arch: 'amd64', os.version: '3.2.0-23-generic', java.version: '1.7.0_25'
Driver info: driver.version: EventFiringWebDriver
	at org.openqa.selenium.firefox.FirefoxDriver$LazyCommandExecutor.execute(FirefoxDriver.java:364) ~[selenium-server-standalone-2.35.0.jar:na]
	at org.openqa.selenium.remote.RemoteWebDriver.execute(RemoteWebDriver.java:527) ~[selenium-server-standalone-2.35.0.jar:na]
	at org.openqa.selenium.remote.RemoteWebDriver.executeScript(RemoteWebDriver.java:463) ~[selenium-server-standalone-2.35.0.jar:na]
	at main.Driver.MyWebDriverEventListener.onException(MyWebDriverEventListener.java:66) ~[classes/:na]
	at sun.reflect.NativeMethodAccessorImpl.invoke0(Native Method) ~[na:1.7.0_25]
	at sun.reflect.NativeMethodAccessorImpl.invoke(NativeMethodAccessorImpl.java:57) ~[na:1.7.0_25]
	at sun.reflect.DelegatingMethodAccessorImpl.invoke(DelegatingMethodAccessorImpl.java:43) ~[na:1.7.0_25]
	at java.lang.reflect.Method.invoke(Method.java:606) ~[na:1.7.0_25]
	at org.openqa.selenium.support.events.EventFiringWebDriver$1.invoke(EventFiringWebDriver.java:78) ~[selenium-server-standalone-2.35.0.jar:na]
	at com.sun.proxy.$Proxy7.onException(Unknown Source) ~[na:na]
	at org.openqa.selenium.support.events.EventFiringWebDriver$2.invoke(EventFiringWebDriver.java:103) ~[selenium-server-standalone-2.35.0.jar:na]
	at com.sun.proxy.$Proxy8.quit(Unknown Source) ~[na:na]
	at org.openqa.selenium.support.events.EventFiringWebDriver.quit(EventFiringWebDriver.java:194) ~[selenium-server-standalone-2.35.0.jar:na]
	at main.Driver.WebDriverFactory.dismissDriver(WebDriverFactory.java:99) ~[classes/:na]
	at main.Driver.WebDriverFactory$1.run(WebDriverFactory.java:163) ~[classes/:na]
312  [main] INFO  test.java.LogTest - ______________________________________class test.java.RecordTest______________________________________
316  [main] DEBUG main.Driver.WebDriverFactory - Requested driver: Capabilities [{browserName=firefox}]:null
3670 [main] INFO  m.Driver.MyWebDriverEventListener - WebDriver navigating to:'https://testun.com.ua/sys/sys/test_cookie_key'
4522 [main] INFO  m.Driver.MyWebDriverEventListener - WebDriver navigating to:'https://testun.com.ua/'
6678 [main] INFO  test.java.LogTest - ------------------------ true
6812 [main] DEBUG m.Driver.MyWebDriverEventListener - Webdriver will click on element tag:a |id:  |text: ('English')
10078 [main] DEBUG m.Driver.MyWebDriverEventListener - hope Webdriver clicked on element tag:a |id:  |text: ('English')
10187 [main] INFO  test.java.LogTest - ------------------------ true
10293 [main] DEBUG m.Driver.MyWebDriverEventListener - Webdriver will click on element tag:a |id: lang_ru |text: ('Русский')
10554 [main] DEBUG m.Driver.MyWebDriverEventListener - hope Webdriver clicked on element tag:a |id: lang_ru |text: ('Русский')
11283 [main] INFO  test.java.LogTest - ------------------------ true
11309 [main] INFO  test.java.LogTest - >>>>>>>>>>>>>>>Test = videoProcessing()<<<<<<<<<<<<<<<
11397 [main] DEBUG m.Driver.MyWebDriverEventListener - Webdriver will click on element tag:a |id: js_header_signin |text: ('Войти')
12853 [main] DEBUG m.Driver.MyWebDriverEventListener - hope Webdriver clicked on element tag:a |id: js_header_signin |text: ('Войти')
12859 [main] INFO  test.java.LogTest - ------------------------ true
12946 [main] DEBUG m.Driver.MyWebDriverEventListener - WebDriver changing value in element found By.id: login_email from 'tag:input |id: login_email |text: ('')
14531 [main] DEBUG m.Driver.MyWebDriverEventListener - WebDriver changing value in element found By.id: login_email from 'tag:input |id: login_email |text: ('')
14579 [main] DEBUG m.Driver.MyWebDriverEventListener - WebDriver changing value in element found By.id: login_password from 'tag:input |id: login_password |text: ('')
15193 [main] DEBUG m.Driver.MyWebDriverEventListener - WebDriver changing value in element found By.id: login_password from 'tag:input |id: login_password |text: ('')
15260 [main] DEBUG m.Driver.MyWebDriverEventListener - Webdriver will click on element tag:input |id: login_button |text: ('')
17355 [main] DEBUG m.Driver.MyWebDriverEventListener - hope Webdriver clicked on element tag:input |id: login_button |text: ('')
18357 [main] DEBUG m.Driver.MyWebDriverEventListener - Webdriver will click on element tag:a |id:  |text: ('Создать видеовстречу')
20097 [main] DEBUG m.Driver.MyWebDriverEventListener - hope Webdriver clicked on element tag:a |id:  |text: ('Создать видеовстречу')
20512 [main] DEBUG m.Driver.MyWebDriverEventListener - WebDriver changing value in element found By.id: hangout_title from 'tag:input |id: hangout_title |text: ('')
21149 [main] DEBUG m.Driver.MyWebDriverEventListener - WebDriver changing value in element found By.id: hangout_title from 'tag:input |id: hangout_title |text: ('')
21273 [main] DEBUG m.Driver.MyWebDriverEventListener - WebDriver changing value in element found By.id: hangout_date from 'tag:input |id: hangout_date |text: ('')
21669 [main] DEBUG m.Driver.MyWebDriverEventListener - WebDriver changing value in element found By.id: hangout_date from 'tag:input |id: hangout_date |text: ('')
21762 [main] DEBUG m.Driver.MyWebDriverEventListener - WebDriver changing value in element found By.id: hangout_time from 'tag:input |id: hangout_time |text: ('')
22063 [main] DEBUG m.Driver.MyWebDriverEventListener - WebDriver changing value in element found By.id: hangout_time from 'tag:input |id: hangout_time |text: ('')
32306 [main] DEBUG m.Driver.MyWebDriverEventListener - WebDriver changing value in element found By.id: hangout_text from 'tag:textarea |id: hangout_text |text: ('')
33023 [main] DEBUG m.Driver.MyWebDriverEventListener - WebDriver changing value in element found By.id: hangout_text from 'tag:textarea |id: hangout_text |text: ('')
33168 [main] DEBUG m.Driver.MyWebDriverEventListener - WebDriver changing value in element found By.id: hangout_image from 'tag:input |id: hangout_image |text: ('')
33934 [main] DEBUG m.Driver.MyWebDriverEventListener - Webdriver will click on element tag:a |id: preview_create |text: ('Сохранить')
35938 [main] DEBUG m.Driver.MyWebDriverEventListener - hope Webdriver clicked on element tag:a |id: preview_create |text: ('Сохранить')
36188 [main] DEBUG m.Driver.MyWebDriverEventListener - WebDriver changing value in element found By.id: tags-input from 'tag:textarea |id: tags-input |text: ('')
36719 [main] DEBUG m.Driver.MyWebDriverEventListener - WebDriver changing value in element found By.id: tags-input from 'tag:textarea |id: tags-input |text: ('')
36856 [main] DEBUG m.Driver.MyWebDriverEventListener - Webdriver will click on element tag:a |id: hangout_money_free |text: ('Бесплатная доступна для всех пользователей.')
37743 [main] DEBUG m.Driver.MyWebDriverEventListener - hope Webdriver clicked on element tag:a |id: hangout_money_free |text: ('Бесплатная доступна для всех пользователей.')
37873 [main] DEBUG m.Driver.MyWebDriverEventListener - Webdriver will click on element tag:input |id: create_hangout |text: ('')
38640 [main] DEBUG m.Driver.MyWebDriverEventListener - hope Webdriver clicked on element tag:input |id: create_hangout |text: ('')
39165 [main] DEBUG m.Driver.MyWebDriverEventListener - Webdriver will click on element tag:a |id:  |text: ('Войти')
39991 [main] DEBUG m.Driver.MyWebDriverEventListener - hope Webdriver clicked on element tag:a |id:  |text: ('Войти')
42726 [main] INFO  test.java.LogTest - ------------------------ false
43244 [main] INFO  test.java.LogTest - ------------------------ false
43760 [main] INFO  test.java.LogTest - ------------------------ false
44290 [main] INFO  test.java.LogTest - ------------------------ false
44808 [main] INFO  test.java.LogTest - ------------------------ false
45328 [main] INFO  test.java.LogTest - ------------------------ false
45848 [main] INFO  test.java.LogTest - ------------------------ false
46364 [main] INFO  test.java.LogTest - ------------------------ false
46885 [main] INFO  test.java.LogTest - ------------------------ false
47410 [main] INFO  test.java.LogTest - ------------------------ false
47933 [main] INFO  test.java.LogTest - ------------------------ false
47947 [main] INFO  test.java.LogTest - Timed out after 5 seconds waiting for main.pages.BaseClass$1@5b988d3f
Build info: version: '2.35.0', revision: 'c916b9d', time: '2013-08-12 15:42:01'
System info: os.name: 'Linux', os.arch: 'amd64', os.version: '3.2.0-23-generic', java.version: '1.7.0_25'
Driver info: driver.version: unknown
48018 [main] DEBUG m.Driver.MyWebDriverEventListener - Webdriver will click on element tag:a |id: client-exit |text: ('')
58111 [main] ERROR m.Driver.MyWebDriverEventListener - ________________________________________________________________________________________________________________
58119 [main] ERROR m.Driver.MyWebDriverEventListener - WebDriver error:
org.openqa.selenium.StaleElementReferenceException: Element not found in the cache - perhaps the page has changed since it was looked up
Command duration or timeout: 10.09 seconds
For documentation on this error, please visit: http://seleniumhq.org/exceptions/stale_element_reference.html
Build info: version: '2.35.0', revision: 'c916b9d', time: '2013-08-12 15:42:01'
System info: os.name: 'Linux', os.arch: 'amd64', os.version: '3.2.0-23-generic', java.version: '1.7.0_25'
Session ID: d00faa6d-9d28-4242-9b3e-57e88576dac6
Driver info: org.openqa.selenium.firefox.FirefoxDriver
Capabilities [{platform=LINUX, databaseEnabled=true, cssSelectorsEnabled=true, javascriptEnabled=true, acceptSslCerts=true, handlesAlerts=true, browserName=firefox, browserConnectionEnabled=true, nativeEvents=true, webStorageEnabled=true, rotatable=false, locationContextEnabled=true, applicationCacheEnabled=true, takesScreenshot=true, version=23.0}]
	at sun.reflect.NativeConstructorAccessorImpl.newInstance0(Native Method) ~[na:1.7.0_25]
	at sun.reflect.NativeConstructorAccessorImpl.newInstance(NativeConstructorAccessorImpl.java:57) ~[na:1.7.0_25]
	at sun.reflect.DelegatingConstructorAccessorImpl.newInstance(DelegatingConstructorAccessorImpl.java:45) ~[na:1.7.0_25]
	at java.lang.reflect.Constructor.newInstance(Constructor.java:526) ~[na:1.7.0_25]
	at org.openqa.selenium.remote.ErrorHandler.createThrowable(ErrorHandler.java:191) ~[selenium-server-standalone-2.35.0.jar:na]
	at org.openqa.selenium.remote.ErrorHandler.throwIfResponseFailed(ErrorHandler.java:145) ~[selenium-server-standalone-2.35.0.jar:na]
	at org.openqa.selenium.remote.RemoteWebDriver.execute(RemoteWebDriver.java:554) ~[selenium-server-standalone-2.35.0.jar:na]
	at org.openqa.selenium.remote.RemoteWebElement.execute(RemoteWebElement.java:268) ~[selenium-server-standalone-2.35.0.jar:na]
	at org.openqa.selenium.remote.RemoteWebElement.click(RemoteWebElement.java:79) ~[selenium-server-standalone-2.35.0.jar:na]
	at sun.reflect.NativeMethodAccessorImpl.invoke0(Native Method) ~[na:1.7.0_25]
	at sun.reflect.NativeMethodAccessorImpl.invoke(NativeMethodAccessorImpl.java:57) ~[na:1.7.0_25]
	at sun.reflect.DelegatingMethodAccessorImpl.invoke(DelegatingMethodAccessorImpl.java:43) ~[na:1.7.0_25]
	at java.lang.reflect.Method.invoke(Method.java:606) ~[na:1.7.0_25]
	at org.openqa.selenium.support.events.EventFiringWebDriver$EventFiringWebElement$1.invoke(EventFiringWebDriver.java:327) ~[selenium-server-standalone-2.35.0.jar:na]
	at com.sun.proxy.$Proxy9.click(Unknown Source) ~[na:na]
	at org.openqa.selenium.support.events.EventFiringWebDriver$EventFiringWebElement.click(EventFiringWebDriver.java:340) ~[selenium-server-standalone-2.35.0.jar:na]
	at main.pages.HangoutPage.finishHangout(HangoutPage.java:313) ~[classes/:na]
	at test.java.RecordTest.avideoProcessing(RecordTest.java:73) [classes/:na]
	at sun.reflect.NativeMethodAccessorImpl.invoke0(Native Method) ~[na:1.7.0_25]
	at sun.reflect.NativeMethodAccessorImpl.invoke(NativeMethodAccessorImpl.java:57) ~[na:1.7.0_25]
	at sun.reflect.DelegatingMethodAccessorImpl.invoke(DelegatingMethodAccessorImpl.java:43) ~[na:1.7.0_25]
	at java.lang.reflect.Method.invoke(Method.java:606) ~[na:1.7.0_25]
	at org.testng.internal.MethodInvocationHelper.invokeMethod(MethodInvocationHelper.java:80) [testng.jar:6.9beta-201211201815]
	at org.testng.internal.Invoker.invokeMethod(Invoker.java:714) [testng.jar:6.9beta-201211201815]
	at org.testng.internal.Invoker.invokeTestMethod(Invoker.java:901) [testng.jar:6.9beta-201211201815]
	at org.testng.internal.Invoker.invokeTestMethods(Invoker.java:1231) [testng.jar:6.9beta-201211201815]
	at org.testng.internal.TestMethodWorker.invokeTestMethods(TestMethodWorker.java:128) [testng.jar:6.9beta-201211201815]
	at org.testng.internal.TestMethodWorker.run(TestMethodWorker.java:111) [testng.jar:6.9beta-201211201815]
	at org.testng.TestRunner.privateRun(TestRunner.java:767) [testng.jar:6.9beta-201211201815]
	at org.testng.TestRunner.run(TestRunner.java:617) [testng.jar:6.9beta-201211201815]
	at org.testng.SuiteRunner.runTest(SuiteRunner.java:334) [testng.jar:6.9beta-201211201815]
	at org.testng.SuiteRunner.runSequentially(SuiteRunner.java:329) [testng.jar:6.9beta-201211201815]
	at org.testng.SuiteRunner.privateRun(SuiteRunner.java:291) [testng.jar:6.9beta-201211201815]
	at org.testng.SuiteRunner.run(SuiteRunner.java:240) [testng.jar:6.9beta-201211201815]
	at org.testng.SuiteRunnerWorker.runSuite(SuiteRunnerWorker.java:52) [testng.jar:6.9beta-201211201815]
	at org.testng.SuiteRunnerWorker.run(SuiteRunnerWorker.java:86) [testng.jar:6.9beta-201211201815]
	at org.testng.TestNG.runSuitesSequentially(TestNG.java:1203) [testng.jar:6.9beta-201211201815]
	at org.testng.TestNG.runSuitesLocally(TestNG.java:1128) [testng.jar:6.9beta-201211201815]
	at org.testng.TestNG.run(TestNG.java:1036) [testng.jar:6.9beta-201211201815]
	at org.testng.remote.RemoteTestNG.run(RemoteTestNG.java:111) [testng.jar:6.9beta-201211201815]
	at org.testng.remote.RemoteTestNG.initAndRun(RemoteTestNG.java:204) [testng.jar:6.9beta-201211201815]
	at org.testng.remote.RemoteTestNG.main(RemoteTestNG.java:175) [testng.jar:6.9beta-201211201815]
org.openqa.selenium.remote.ErrorHandler$UnknownServerException: Element not found in the cache - perhaps the page has changed since it was looked up
Build info: version: '2.35.0', revision: 'c916b9d', time: '2013-08-12 15:42:01'
System info: os.name: 'Linux', os.arch: 'amd64', os.version: '3.2.0-23-generic', java.version: '1.7.0_25'
Driver info: driver.version: unknown
	at <anonymous class>.fxdriver.cache.getElementAt(resource://fxdriver/modules/web_element_cache.js:7643) ~[na:na]
	at <anonymous class>.Utils.getElementAt(file:///tmp/anonymous6774562441159696535webdriver-profile/extensions/fxdriver@googlecode.com/components/command_processor.js:7232) ~[na:na]
	at <anonymous class>.fxdriver.preconditions.visible(file:///tmp/anonymous6774562441159696535webdriver-profile/extensions/fxdriver@googlecode.com/components/command_processor.js:8229) ~[na:na]
	at <anonymous class>.DelayedCommand.prototype.checkPreconditions_(file:///tmp/anonymous6774562441159696535webdriver-profile/extensions/fxdriver@googlecode.com/components/command_processor.js:10800) ~[na:na]
	at <anonymous class>.DelayedCommand.prototype.executeInternal_/h(file:///tmp/anonymous6774562441159696535webdriver-profile/extensions/fxdriver@googlecode.com/components/command_processor.js:10817) ~[na:na]
	at <anonymous class>.fxdriver.Timer.prototype.setTimeout/<.notify(file:///tmp/anonymous6774562441159696535webdriver-profile/extensions/fxdriver@googlecode.com/components/command_processor.js:396) ~[na:na]
58120 [main] ERROR m.Driver.MyWebDriverEventListener - ________________________________________________________________________________________________________________
58132 [main] ERROR m.Driver.MyWebDriverEventListener - ------------------------js error--------------------
58132 [main] ERROR m.Driver.MyWebDriverEventListener - javascript error 1.{errorMessage=TypeError: e.moment(...) is null, console=null, sourceName=https://static.testun.com.ua/js/main.js?v=1870, lineNumber=8888, __fxdriver_unwrapped=true}
58132 [main] ERROR m.Driver.MyWebDriverEventListener - ________________________________________________________________________________________________________________
58137 [main] INFO  test.java.LogTest - >>>>>>>>>>@AfterMethod<<<<<<<<<
63369 [main] DEBUG m.Driver.MyWebDriverEventListener - Webdriver will click on element tag:a |id: logout |text: ('Выйти')
64103 [main] DEBUG m.Driver.MyWebDriverEventListener - hope Webdriver clicked on element tag:a |id: logout |text: ('Выйти')
64108 [main] INFO  test.java.LogTest - ------------------------ false
65024 [main] INFO  test.java.LogTest - ------------------------ true
65105 [Thread-0] DEBUG main.Driver.WebDriverFactory - Killing driver 
306  [main] INFO  test.java.LogTest - ______________________________________class test.java.RecordTest______________________________________
311  [main] DEBUG main.Driver.WebDriverFactory - Requested driver: Capabilities [{browserName=firefox}]:null
4210 [main] INFO  m.Driver.MyWebDriverEventListener - WebDriver navigating to:'https://testun.com.ua/sys/sys/test_cookie_key'
5067 [main] INFO  m.Driver.MyWebDriverEventListener - WebDriver navigating to:'https://testun.com.ua/'
8922 [main] INFO  test.java.LogTest - ------------------------ true
9008 [main] DEBUG m.Driver.MyWebDriverEventListener - Webdriver will click on element tag:a |id:  |text: ('English')
12267 [main] DEBUG m.Driver.MyWebDriverEventListener - hope Webdriver clicked on element tag:a |id:  |text: ('English')
12375 [main] INFO  test.java.LogTest - ------------------------ true
12493 [main] DEBUG m.Driver.MyWebDriverEventListener - Webdriver will click on element tag:a |id: lang_ru |text: ('Русский')
12761 [main] DEBUG m.Driver.MyWebDriverEventListener - hope Webdriver clicked on element tag:a |id: lang_ru |text: ('Русский')
12771 [main] INFO  test.java.LogTest - ------------------------ false
13494 [main] INFO  test.java.LogTest - >>>>>>>>>>>>>>>Test = videoProcessing()<<<<<<<<<<<<<<<
13575 [main] DEBUG m.Driver.MyWebDriverEventListener - Webdriver will click on element tag:a |id: js_header_signin |text: ('Войти')
15284 [main] DEBUG m.Driver.MyWebDriverEventListener - hope Webdriver clicked on element tag:a |id: js_header_signin |text: ('Войти')
15291 [main] INFO  test.java.LogTest - ------------------------ true
15349 [main] DEBUG m.Driver.MyWebDriverEventListener - WebDriver changing value in element found By.id: login_email from 'tag:input |id: login_email |text: ('')
15955 [main] DEBUG m.Driver.MyWebDriverEventListener - WebDriver changing value in element found By.id: login_email from 'tag:input |id: login_email |text: ('')
16728 [main] DEBUG m.Driver.MyWebDriverEventListener - WebDriver changing value in element found By.id: login_password from 'tag:input |id: login_password |text: ('')
17338 [main] DEBUG m.Driver.MyWebDriverEventListener - WebDriver changing value in element found By.id: login_password from 'tag:input |id: login_password |text: ('')
17456 [main] DEBUG m.Driver.MyWebDriverEventListener - Webdriver will click on element tag:input |id: login_button |text: ('')
19538 [main] DEBUG m.Driver.MyWebDriverEventListener - hope Webdriver clicked on element tag:input |id: login_button |text: ('')
20560 [main] DEBUG m.Driver.MyWebDriverEventListener - Webdriver will click on element tag:a |id:  |text: ('Создать видеовстречу')
22301 [main] DEBUG m.Driver.MyWebDriverEventListener - hope Webdriver clicked on element tag:a |id:  |text: ('Создать видеовстречу')
22717 [main] DEBUG m.Driver.MyWebDriverEventListener - WebDriver changing value in element found By.id: hangout_title from 'tag:input |id: hangout_title |text: ('')
23300 [main] DEBUG m.Driver.MyWebDriverEventListener - WebDriver changing value in element found By.id: hangout_title from 'tag:input |id: hangout_title |text: ('')
23427 [main] DEBUG m.Driver.MyWebDriverEventListener - WebDriver changing value in element found By.id: hangout_date from 'tag:input |id: hangout_date |text: ('')
23810 [main] DEBUG m.Driver.MyWebDriverEventListener - WebDriver changing value in element found By.id: hangout_date from 'tag:input |id: hangout_date |text: ('')
23908 [main] DEBUG m.Driver.MyWebDriverEventListener - WebDriver changing value in element found By.id: hangout_time from 'tag:input |id: hangout_time |text: ('')
24218 [main] DEBUG m.Driver.MyWebDriverEventListener - WebDriver changing value in element found By.id: hangout_time from 'tag:input |id: hangout_time |text: ('')
34486 [main] DEBUG m.Driver.MyWebDriverEventListener - WebDriver changing value in element found By.id: hangout_text from 'tag:textarea |id: hangout_text |text: ('')
35205 [main] DEBUG m.Driver.MyWebDriverEventListener - WebDriver changing value in element found By.id: hangout_text from 'tag:textarea |id: hangout_text |text: ('')
35329 [main] DEBUG m.Driver.MyWebDriverEventListener - WebDriver changing value in element found By.id: hangout_image from 'tag:input |id: hangout_image |text: ('')
35911 [main] DEBUG m.Driver.MyWebDriverEventListener - Webdriver will click on element tag:a |id: preview_create |text: ('Сохранить')
37895 [main] DEBUG m.Driver.MyWebDriverEventListener - hope Webdriver clicked on element tag:a |id: preview_create |text: ('Сохранить')
38179 [main] DEBUG m.Driver.MyWebDriverEventListener - WebDriver changing value in element found By.id: tags-input from 'tag:textarea |id: tags-input |text: ('')
38713 [main] DEBUG m.Driver.MyWebDriverEventListener - WebDriver changing value in element found By.id: tags-input from 'tag:textarea |id: tags-input |text: ('')
38815 [main] DEBUG m.Driver.MyWebDriverEventListener - Webdriver will click on element tag:a |id: hangout_money_free |text: ('Бесплатная доступна для всех пользователей.')
39675 [main] DEBUG m.Driver.MyWebDriverEventListener - hope Webdriver clicked on element tag:a |id: hangout_money_free |text: ('Бесплатная доступна для всех пользователей.')
39784 [main] DEBUG m.Driver.MyWebDriverEventListener - Webdriver will click on element tag:input |id: create_hangout |text: ('')
40514 [main] DEBUG m.Driver.MyWebDriverEventListener - hope Webdriver clicked on element tag:input |id: create_hangout |text: ('')
41033 [main] DEBUG m.Driver.MyWebDriverEventListener - Webdriver will click on element tag:a |id:  |text: ('Войти')
41860 [main] DEBUG m.Driver.MyWebDriverEventListener - hope Webdriver clicked on element tag:a |id:  |text: ('Войти')
49233 [main] INFO  test.java.LogTest - ------------------------ false
49754 [main] INFO  test.java.LogTest - ------------------------ false
50270 [main] INFO  test.java.LogTest - ------------------------ false
50791 [main] INFO  test.java.LogTest - ------------------------ false
51307 [main] INFO  test.java.LogTest - ------------------------ false
51827 [main] INFO  test.java.LogTest - ------------------------ false
52349 [main] INFO  test.java.LogTest - ------------------------ false
52872 [main] INFO  test.java.LogTest - ------------------------ false
53393 [main] INFO  test.java.LogTest - ------------------------ false
54501 [main] INFO  test.java.LogTest - ------------------------ true
64599 [main] ERROR m.Driver.MyWebDriverEventListener - ________________________________________________________________________________________________________________
64599 [main] ERROR m.Driver.MyWebDriverEventListener - WebDriver error: Element not found By.id: client-exit
64599 [main] ERROR m.Driver.MyWebDriverEventListener - ________________________________________________________________________________________________________________
64604 [main] INFO  test.java.LogTest - >>>>>>>>>>@AfterMethod<<<<<<<<<
67618 [main] ERROR test.java.LogTest - ----------------------------------------------------------------------js error----------------------------------------------------------------------
67619 [main] ERROR test.java.LogTest - javascript error 1.TypeError: e.moment(...) is null [https://static.testun.com.ua/js/main.js?v=1870:8888]
67619 [main] ERROR test.java.LogTest - ----------------------------------------------------------------------js error----------------------------------------------------------------------
69901 [main] DEBUG m.Driver.MyWebDriverEventListener - Webdriver will click on element tag:a |id: logout |text: ('Выйти')
70634 [main] DEBUG m.Driver.MyWebDriverEventListener - hope Webdriver clicked on element tag:a |id: logout |text: ('Выйти')
70639 [main] INFO  test.java.LogTest - ------------------------ false
71625 [main] INFO  test.java.LogTest - ------------------------ true
71732 [Thread-0] DEBUG main.Driver.WebDriverFactory - Killing driver 
73814 [Thread-0] ERROR m.Driver.MyWebDriverEventListener - ________________________________________________________________________________________________________________
73821 [Thread-0] ERROR m.Driver.MyWebDriverEventListener - WebDriver error:
org.openqa.selenium.remote.UnreachableBrowserException: Error communicating with the remote browser. It may have died.
Build info: version: '2.35.0', revision: 'c916b9d', time: '2013-08-12 15:42:01'
System info: os.name: 'Linux', os.arch: 'amd64', os.version: '3.2.0-23-generic', java.version: '1.7.0_25'
Driver info: driver.version: EventFiringWebDriver
	at org.openqa.selenium.remote.RemoteWebDriver.execute(RemoteWebDriver.java:548) ~[selenium-server-standalone-2.35.0.jar:na]
	at org.openqa.selenium.remote.RemoteWebDriver.execute(RemoteWebDriver.java:569) ~[selenium-server-standalone-2.35.0.jar:na]
	at org.openqa.selenium.remote.RemoteWebDriver.quit(RemoteWebDriver.java:423) ~[selenium-server-standalone-2.35.0.jar:na]
	at sun.reflect.NativeMethodAccessorImpl.invoke0(Native Method) ~[na:1.7.0_25]
	at sun.reflect.NativeMethodAccessorImpl.invoke(NativeMethodAccessorImpl.java:57) ~[na:1.7.0_25]
	at sun.reflect.DelegatingMethodAccessorImpl.invoke(DelegatingMethodAccessorImpl.java:43) ~[na:1.7.0_25]
	at java.lang.reflect.Method.invoke(Method.java:606) ~[na:1.7.0_25]
	at org.openqa.selenium.support.events.EventFiringWebDriver$2.invoke(EventFiringWebDriver.java:101) ~[selenium-server-standalone-2.35.0.jar:na]
	at com.sun.proxy.$Proxy8.quit(Unknown Source) ~[na:na]
	at org.openqa.selenium.support.events.EventFiringWebDriver.quit(EventFiringWebDriver.java:194) ~[selenium-server-standalone-2.35.0.jar:na]
	at main.Driver.WebDriverFactory.dismissDriver(WebDriverFactory.java:99) ~[classes/:na]
	at main.Driver.WebDriverFactory$1.run(WebDriverFactory.java:163) [classes/:na]
Caused by: org.apache.http.NoHttpResponseException: The target server failed to respond
	at org.apache.http.impl.conn.DefaultHttpResponseParser.parseHead(DefaultHttpResponseParser.java:95) ~[selenium-server-standalone-2.35.0.jar:na]
	at org.apache.http.impl.conn.DefaultHttpResponseParser.parseHead(DefaultHttpResponseParser.java:62) ~[selenium-server-standalone-2.35.0.jar:na]
	at org.apache.http.impl.io.AbstractMessageParser.parse(AbstractMessageParser.java:254) ~[selenium-server-standalone-2.35.0.jar:na]
	at org.apache.http.impl.AbstractHttpClientConnection.receiveResponseHeader(AbstractHttpClientConnection.java:289) ~[selenium-server-standalone-2.35.0.jar:na]
	at org.apache.http.impl.conn.DefaultClientConnection.receiveResponseHeader(DefaultClientConnection.java:252) ~[selenium-server-standalone-2.35.0.jar:na]
	at org.apache.http.impl.conn.AbstractClientConnAdapter.receiveResponseHeader(AbstractClientConnAdapter.java:219) ~[selenium-server-standalone-2.35.0.jar:na]
	at org.apache.http.protocol.HttpRequestExecutor.doReceiveResponse(HttpRequestExecutor.java:300) ~[selenium-server-standalone-2.35.0.jar:na]
	at org.apache.http.protocol.HttpRequestExecutor.execute(HttpRequestExecutor.java:127) ~[selenium-server-standalone-2.35.0.jar:na]
	at org.apache.http.impl.client.DefaultRequestDirector.tryExecute(DefaultRequestDirector.java:712) ~[selenium-server-standalone-2.35.0.jar:na]
	at org.apache.http.impl.client.DefaultRequestDirector.execute(DefaultRequestDirector.java:517) ~[selenium-server-standalone-2.35.0.jar:na]
	at org.apache.http.impl.client.AbstractHttpClient.execute(AbstractHttpClient.java:906) ~[selenium-server-standalone-2.35.0.jar:na]
	at org.openqa.selenium.remote.HttpCommandExecutor.fallBackExecute(HttpCommandExecutor.java:337) ~[selenium-server-standalone-2.35.0.jar:na]
	at org.openqa.selenium.remote.HttpCommandExecutor.execute(HttpCommandExecutor.java:298) ~[selenium-server-standalone-2.35.0.jar:na]
	at org.openqa.selenium.firefox.internal.NewProfileExtensionConnection.execute(NewProfileExtensionConnection.java:133) ~[selenium-server-standalone-2.35.0.jar:na]
	at org.openqa.selenium.firefox.FirefoxDriver$LazyCommandExecutor.execute(FirefoxDriver.java:367) ~[selenium-server-standalone-2.35.0.jar:na]
	at org.openqa.selenium.remote.RemoteWebDriver.execute(RemoteWebDriver.java:527) ~[selenium-server-standalone-2.35.0.jar:na]
	... 11 common frames omitted
73821 [Thread-0] ERROR m.Driver.MyWebDriverEventListener - ________________________________________________________________________________________________________________
73822 [Thread-0] WARN  main.Driver.WebDriverFactory - Driver killing error
org.openqa.selenium.remote.SessionNotFoundException: The FirefoxDriver cannot be used after quit() was called.
Build info: version: '2.35.0', revision: 'c916b9d', time: '2013-08-12 15:42:01'
System info: os.name: 'Linux', os.arch: 'amd64', os.version: '3.2.0-23-generic', java.version: '1.7.0_25'
Driver info: driver.version: EventFiringWebDriver
	at org.openqa.selenium.firefox.FirefoxDriver$LazyCommandExecutor.execute(FirefoxDriver.java:364) ~[selenium-server-standalone-2.35.0.jar:na]
	at org.openqa.selenium.remote.RemoteWebDriver.execute(RemoteWebDriver.java:527) ~[selenium-server-standalone-2.35.0.jar:na]
	at org.openqa.selenium.remote.RemoteWebDriver.executeScript(RemoteWebDriver.java:463) ~[selenium-server-standalone-2.35.0.jar:na]
	at main.Driver.MyWebDriverEventListener.onException(MyWebDriverEventListener.java:66) ~[classes/:na]
	at sun.reflect.NativeMethodAccessorImpl.invoke0(Native Method) ~[na:1.7.0_25]
	at sun.reflect.NativeMethodAccessorImpl.invoke(NativeMethodAccessorImpl.java:57) ~[na:1.7.0_25]
	at sun.reflect.DelegatingMethodAccessorImpl.invoke(DelegatingMethodAccessorImpl.java:43) ~[na:1.7.0_25]
	at java.lang.reflect.Method.invoke(Method.java:606) ~[na:1.7.0_25]
	at org.openqa.selenium.support.events.EventFiringWebDriver$1.invoke(EventFiringWebDriver.java:78) ~[selenium-server-standalone-2.35.0.jar:na]
	at com.sun.proxy.$Proxy7.onException(Unknown Source) ~[na:na]
	at org.openqa.selenium.support.events.EventFiringWebDriver$2.invoke(EventFiringWebDriver.java:103) ~[selenium-server-standalone-2.35.0.jar:na]
	at com.sun.proxy.$Proxy8.quit(Unknown Source) ~[na:na]
	at org.openqa.selenium.support.events.EventFiringWebDriver.quit(EventFiringWebDriver.java:194) ~[selenium-server-standalone-2.35.0.jar:na]
	at main.Driver.WebDriverFactory.dismissDriver(WebDriverFactory.java:99) ~[classes/:na]
	at main.Driver.WebDriverFactory$1.run(WebDriverFactory.java:163) ~[classes/:na]
309  [main] INFO  test.java.LogTest - ______________________________________class test.java.RecordTest______________________________________
313  [main] DEBUG main.Driver.WebDriverFactory - Requested driver: Capabilities [{browserName=firefox}]:null
3717 [main] INFO  m.Driver.MyWebDriverEventListener - WebDriver navigating to:'https://testun.com.ua/sys/sys/test_cookie_key'
4516 [main] INFO  m.Driver.MyWebDriverEventListener - WebDriver navigating to:'https://testun.com.ua/'
8711 [main] INFO  test.java.LogTest - ------------------------ true
8963 [main] DEBUG m.Driver.MyWebDriverEventListener - Webdriver will click on element tag:a |id:  |text: ('English')
12302 [main] DEBUG m.Driver.MyWebDriverEventListener - hope Webdriver clicked on element tag:a |id:  |text: ('English')
12307 [main] INFO  test.java.LogTest - ------------------------ true
12372 [main] DEBUG m.Driver.MyWebDriverEventListener - Webdriver will click on element tag:a |id: lang_ru |text: ('Русский')
12633 [main] DEBUG m.Driver.MyWebDriverEventListener - hope Webdriver clicked on element tag:a |id: lang_ru |text: ('Русский')
13311 [main] INFO  test.java.LogTest - ------------------------ true
13329 [main] INFO  test.java.LogTest - >>>>>>>>>>>>>>>Test = videoProcessing()<<<<<<<<<<<<<<<
13420 [main] DEBUG m.Driver.MyWebDriverEventListener - Webdriver will click on element tag:a |id: js_header_signin |text: ('Войти')
15070 [main] DEBUG m.Driver.MyWebDriverEventListener - hope Webdriver clicked on element tag:a |id: js_header_signin |text: ('Войти')
15180 [main] INFO  test.java.LogTest - ------------------------ true
15281 [main] DEBUG m.Driver.MyWebDriverEventListener - WebDriver changing value in element found By.id: login_email from 'tag:input |id: login_email |text: ('')
15920 [main] DEBUG m.Driver.MyWebDriverEventListener - WebDriver changing value in element found By.id: login_email from 'tag:input |id: login_email |text: ('')
16608 [main] DEBUG m.Driver.MyWebDriverEventListener - WebDriver changing value in element found By.id: login_password from 'tag:input |id: login_password |text: ('')
17215 [main] DEBUG m.Driver.MyWebDriverEventListener - WebDriver changing value in element found By.id: login_password from 'tag:input |id: login_password |text: ('')
17291 [main] DEBUG m.Driver.MyWebDriverEventListener - Webdriver will click on element tag:input |id: login_button |text: ('')
19370 [main] DEBUG m.Driver.MyWebDriverEventListener - hope Webdriver clicked on element tag:input |id: login_button |text: ('')
20365 [main] DEBUG m.Driver.MyWebDriverEventListener - Webdriver will click on element tag:a |id:  |text: ('Создать видеовстречу')
22113 [main] DEBUG m.Driver.MyWebDriverEventListener - hope Webdriver clicked on element tag:a |id:  |text: ('Создать видеовстречу')
22549 [main] DEBUG m.Driver.MyWebDriverEventListener - WebDriver changing value in element found By.id: hangout_title from 'tag:input |id: hangout_title |text: ('')
23165 [main] DEBUG m.Driver.MyWebDriverEventListener - WebDriver changing value in element found By.id: hangout_title from 'tag:input |id: hangout_title |text: ('')
23255 [main] DEBUG m.Driver.MyWebDriverEventListener - WebDriver changing value in element found By.id: hangout_date from 'tag:input |id: hangout_date |text: ('')
23637 [main] DEBUG m.Driver.MyWebDriverEventListener - WebDriver changing value in element found By.id: hangout_date from 'tag:input |id: hangout_date |text: ('')
23705 [main] DEBUG m.Driver.MyWebDriverEventListener - WebDriver changing value in element found By.id: hangout_time from 'tag:input |id: hangout_time |text: ('')
24022 [main] DEBUG m.Driver.MyWebDriverEventListener - WebDriver changing value in element found By.id: hangout_time from 'tag:input |id: hangout_time |text: ('')
34270 [main] DEBUG m.Driver.MyWebDriverEventListener - WebDriver changing value in element found By.id: hangout_text from 'tag:textarea |id: hangout_text |text: ('')
35009 [main] DEBUG m.Driver.MyWebDriverEventListener - WebDriver changing value in element found By.id: hangout_text from 'tag:textarea |id: hangout_text |text: ('')
35137 [main] DEBUG m.Driver.MyWebDriverEventListener - WebDriver changing value in element found By.id: hangout_image from 'tag:input |id: hangout_image |text: ('')
35796 [main] DEBUG m.Driver.MyWebDriverEventListener - Webdriver will click on element tag:a |id: preview_create |text: ('Сохранить')
37741 [main] DEBUG m.Driver.MyWebDriverEventListener - hope Webdriver clicked on element tag:a |id: preview_create |text: ('Сохранить')
37992 [main] DEBUG m.Driver.MyWebDriverEventListener - WebDriver changing value in element found By.id: tags-input from 'tag:textarea |id: tags-input |text: ('')
38629 [main] DEBUG m.Driver.MyWebDriverEventListener - WebDriver changing value in element found By.id: tags-input from 'tag:textarea |id: tags-input |text: ('')
38762 [main] DEBUG m.Driver.MyWebDriverEventListener - Webdriver will click on element tag:a |id: hangout_money_free |text: ('Бесплатная доступна для всех пользователей.')
39637 [main] DEBUG m.Driver.MyWebDriverEventListener - hope Webdriver clicked on element tag:a |id: hangout_money_free |text: ('Бесплатная доступна для всех пользователей.')
39785 [main] DEBUG m.Driver.MyWebDriverEventListener - Webdriver will click on element tag:input |id: create_hangout |text: ('')
40536 [main] DEBUG m.Driver.MyWebDriverEventListener - hope Webdriver clicked on element tag:input |id: create_hangout |text: ('')
41163 [main] DEBUG m.Driver.MyWebDriverEventListener - Webdriver will click on element tag:a |id:  |text: ('Войти')
41988 [main] DEBUG m.Driver.MyWebDriverEventListener - hope Webdriver clicked on element tag:a |id:  |text: ('Войти')
45001 [main] INFO  test.java.LogTest - ------------------------ false
45520 [main] INFO  test.java.LogTest - ------------------------ false
46040 [main] INFO  test.java.LogTest - ------------------------ false
46561 [main] INFO  test.java.LogTest - ------------------------ false
47076 [main] INFO  test.java.LogTest - ------------------------ false
47596 [main] INFO  test.java.LogTest - ------------------------ false
48115 [main] INFO  test.java.LogTest - ------------------------ false
48635 [main] INFO  test.java.LogTest - ------------------------ false
49160 [main] INFO  test.java.LogTest - ------------------------ false
49681 [main] INFO  test.java.LogTest - ------------------------ false
50197 [main] INFO  test.java.LogTest - ------------------------ false
50206 [main] INFO  test.java.LogTest - Timed out after 5 seconds waiting for main.pages.BaseClass$1@a10a9cd
Build info: version: '2.35.0', revision: 'c916b9d', time: '2013-08-12 15:42:01'
System info: os.name: 'Linux', os.arch: 'amd64', os.version: '3.2.0-23-generic', java.version: '1.7.0_25'
Driver info: driver.version: unknown
50277 [main] DEBUG m.Driver.MyWebDriverEventListener - Webdriver will click on element tag:a |id: client-exit |text: ('')
60368 [main] ERROR m.Driver.MyWebDriverEventListener - ________________________________________________________________________________________________________________
60374 [main] ERROR m.Driver.MyWebDriverEventListener - WebDriver error:
org.openqa.selenium.StaleElementReferenceException: Element not found in the cache - perhaps the page has changed since it was looked up
Command duration or timeout: 10.08 seconds
For documentation on this error, please visit: http://seleniumhq.org/exceptions/stale_element_reference.html
Build info: version: '2.35.0', revision: 'c916b9d', time: '2013-08-12 15:42:01'
System info: os.name: 'Linux', os.arch: 'amd64', os.version: '3.2.0-23-generic', java.version: '1.7.0_25'
Session ID: bb8a6048-461b-4a9e-bf74-203c9298ebe4
Driver info: org.openqa.selenium.firefox.FirefoxDriver
Capabilities [{platform=LINUX, databaseEnabled=true, cssSelectorsEnabled=true, javascriptEnabled=true, acceptSslCerts=true, handlesAlerts=true, browserName=firefox, browserConnectionEnabled=true, nativeEvents=true, webStorageEnabled=true, rotatable=false, locationContextEnabled=true, applicationCacheEnabled=true, takesScreenshot=true, version=23.0}]
	at sun.reflect.NativeConstructorAccessorImpl.newInstance0(Native Method) ~[na:1.7.0_25]
	at sun.reflect.NativeConstructorAccessorImpl.newInstance(NativeConstructorAccessorImpl.java:57) ~[na:1.7.0_25]
	at sun.reflect.DelegatingConstructorAccessorImpl.newInstance(DelegatingConstructorAccessorImpl.java:45) ~[na:1.7.0_25]
	at java.lang.reflect.Constructor.newInstance(Constructor.java:526) ~[na:1.7.0_25]
	at org.openqa.selenium.remote.ErrorHandler.createThrowable(ErrorHandler.java:191) ~[selenium-server-standalone-2.35.0.jar:na]
	at org.openqa.selenium.remote.ErrorHandler.throwIfResponseFailed(ErrorHandler.java:145) ~[selenium-server-standalone-2.35.0.jar:na]
	at org.openqa.selenium.remote.RemoteWebDriver.execute(RemoteWebDriver.java:554) ~[selenium-server-standalone-2.35.0.jar:na]
	at org.openqa.selenium.remote.RemoteWebElement.execute(RemoteWebElement.java:268) ~[selenium-server-standalone-2.35.0.jar:na]
	at org.openqa.selenium.remote.RemoteWebElement.click(RemoteWebElement.java:79) ~[selenium-server-standalone-2.35.0.jar:na]
	at sun.reflect.NativeMethodAccessorImpl.invoke0(Native Method) ~[na:1.7.0_25]
	at sun.reflect.NativeMethodAccessorImpl.invoke(NativeMethodAccessorImpl.java:57) ~[na:1.7.0_25]
	at sun.reflect.DelegatingMethodAccessorImpl.invoke(DelegatingMethodAccessorImpl.java:43) ~[na:1.7.0_25]
	at java.lang.reflect.Method.invoke(Method.java:606) ~[na:1.7.0_25]
	at org.openqa.selenium.support.events.EventFiringWebDriver$EventFiringWebElement$1.invoke(EventFiringWebDriver.java:327) ~[selenium-server-standalone-2.35.0.jar:na]
	at com.sun.proxy.$Proxy9.click(Unknown Source) ~[na:na]
	at org.openqa.selenium.support.events.EventFiringWebDriver$EventFiringWebElement.click(EventFiringWebDriver.java:340) ~[selenium-server-standalone-2.35.0.jar:na]
	at main.pages.HangoutPage.finishHangout(HangoutPage.java:313) ~[classes/:na]
	at test.java.RecordTest.avideoProcessing(RecordTest.java:73) [classes/:na]
	at sun.reflect.NativeMethodAccessorImpl.invoke0(Native Method) ~[na:1.7.0_25]
	at sun.reflect.NativeMethodAccessorImpl.invoke(NativeMethodAccessorImpl.java:57) ~[na:1.7.0_25]
	at sun.reflect.DelegatingMethodAccessorImpl.invoke(DelegatingMethodAccessorImpl.java:43) ~[na:1.7.0_25]
	at java.lang.reflect.Method.invoke(Method.java:606) ~[na:1.7.0_25]
	at org.testng.internal.MethodInvocationHelper.invokeMethod(MethodInvocationHelper.java:80) [testng.jar:6.9beta-201211201815]
	at org.testng.internal.Invoker.invokeMethod(Invoker.java:714) [testng.jar:6.9beta-201211201815]
	at org.testng.internal.Invoker.invokeTestMethod(Invoker.java:901) [testng.jar:6.9beta-201211201815]
	at org.testng.internal.Invoker.invokeTestMethods(Invoker.java:1231) [testng.jar:6.9beta-201211201815]
	at org.testng.internal.TestMethodWorker.invokeTestMethods(TestMethodWorker.java:128) [testng.jar:6.9beta-201211201815]
	at org.testng.internal.TestMethodWorker.run(TestMethodWorker.java:111) [testng.jar:6.9beta-201211201815]
	at org.testng.TestRunner.privateRun(TestRunner.java:767) [testng.jar:6.9beta-201211201815]
	at org.testng.TestRunner.run(TestRunner.java:617) [testng.jar:6.9beta-201211201815]
	at org.testng.SuiteRunner.runTest(SuiteRunner.java:334) [testng.jar:6.9beta-201211201815]
	at org.testng.SuiteRunner.runSequentially(SuiteRunner.java:329) [testng.jar:6.9beta-201211201815]
	at org.testng.SuiteRunner.privateRun(SuiteRunner.java:291) [testng.jar:6.9beta-201211201815]
	at org.testng.SuiteRunner.run(SuiteRunner.java:240) [testng.jar:6.9beta-201211201815]
	at org.testng.SuiteRunnerWorker.runSuite(SuiteRunnerWorker.java:52) [testng.jar:6.9beta-201211201815]
	at org.testng.SuiteRunnerWorker.run(SuiteRunnerWorker.java:86) [testng.jar:6.9beta-201211201815]
	at org.testng.TestNG.runSuitesSequentially(TestNG.java:1203) [testng.jar:6.9beta-201211201815]
	at org.testng.TestNG.runSuitesLocally(TestNG.java:1128) [testng.jar:6.9beta-201211201815]
	at org.testng.TestNG.run(TestNG.java:1036) [testng.jar:6.9beta-201211201815]
	at org.testng.remote.RemoteTestNG.run(RemoteTestNG.java:111) [testng.jar:6.9beta-201211201815]
	at org.testng.remote.RemoteTestNG.initAndRun(RemoteTestNG.java:204) [testng.jar:6.9beta-201211201815]
	at org.testng.remote.RemoteTestNG.main(RemoteTestNG.java:175) [testng.jar:6.9beta-201211201815]
org.openqa.selenium.remote.ErrorHandler$UnknownServerException: Element not found in the cache - perhaps the page has changed since it was looked up
Build info: version: '2.35.0', revision: 'c916b9d', time: '2013-08-12 15:42:01'
System info: os.name: 'Linux', os.arch: 'amd64', os.version: '3.2.0-23-generic', java.version: '1.7.0_25'
Driver info: driver.version: unknown
	at <anonymous class>.fxdriver.cache.getElementAt(resource://fxdriver/modules/web_element_cache.js:7643) ~[na:na]
	at <anonymous class>.Utils.getElementAt(file:///tmp/anonymous1176223765159925089webdriver-profile/extensions/fxdriver@googlecode.com/components/command_processor.js:7232) ~[na:na]
	at <anonymous class>.fxdriver.preconditions.visible(file:///tmp/anonymous1176223765159925089webdriver-profile/extensions/fxdriver@googlecode.com/components/command_processor.js:8229) ~[na:na]
	at <anonymous class>.DelayedCommand.prototype.checkPreconditions_(file:///tmp/anonymous1176223765159925089webdriver-profile/extensions/fxdriver@googlecode.com/components/command_processor.js:10800) ~[na:na]
	at <anonymous class>.DelayedCommand.prototype.executeInternal_/h(file:///tmp/anonymous1176223765159925089webdriver-profile/extensions/fxdriver@googlecode.com/components/command_processor.js:10817) ~[na:na]
	at <anonymous class>.fxdriver.Timer.prototype.setTimeout/<.notify(file:///tmp/anonymous1176223765159925089webdriver-profile/extensions/fxdriver@googlecode.com/components/command_processor.js:396) ~[na:na]
60374 [main] ERROR m.Driver.MyWebDriverEventListener - ________________________________________________________________________________________________________________
60381 [main] ERROR m.Driver.MyWebDriverEventListener - ------------------------js error--------------------
60381 [main] ERROR m.Driver.MyWebDriverEventListener - javascript error 1.{errorMessage=TypeError: e.moment(...) is null, console=null, sourceName=https://static.testun.com.ua/js/main.js?v=1870, lineNumber=8888, __fxdriver_unwrapped=true}
60381 [main] ERROR m.Driver.MyWebDriverEventListener - ________________________________________________________________________________________________________________
60385 [main] INFO  test.java.LogTest - >>>>>>>>>>@AfterMethod<<<<<<<<<
65587 [main] DEBUG m.Driver.MyWebDriverEventListener - Webdriver will click on element tag:a |id: logout |text: ('Выйти')
66350 [main] DEBUG m.Driver.MyWebDriverEventListener - hope Webdriver clicked on element tag:a |id: logout |text: ('Выйти')
66361 [main] INFO  test.java.LogTest - ------------------------ false
67332 [main] INFO  test.java.LogTest - ------------------------ true
67404 [Thread-0] DEBUG main.Driver.WebDriverFactory - Killing driver 
301  [main] INFO  test.java.LogTest - ______________________________________class test.java.RecordTest______________________________________
305  [main] DEBUG main.Driver.WebDriverFactory - Requested driver: Capabilities [{browserName=firefox}]:null
3634 [main] INFO  m.Driver.MyWebDriverEventListener - WebDriver navigating to:'https://testun.com.ua/sys/sys/test_cookie_key'
4712 [main] INFO  m.Driver.MyWebDriverEventListener - WebDriver navigating to:'https://testun.com.ua/'
8109 [main] INFO  test.java.LogTest - ------------------------ true
8233 [main] DEBUG m.Driver.MyWebDriverEventListener - Webdriver will click on element tag:a |id:  |text: ('English')
11527 [main] DEBUG m.Driver.MyWebDriverEventListener - hope Webdriver clicked on element tag:a |id:  |text: ('English')
11536 [main] INFO  test.java.LogTest - ------------------------ true
11632 [main] DEBUG m.Driver.MyWebDriverEventListener - Webdriver will click on element tag:a |id: lang_ru |text: ('Русский')
11907 [main] DEBUG m.Driver.MyWebDriverEventListener - hope Webdriver clicked on element tag:a |id: lang_ru |text: ('Русский')
11913 [main] INFO  test.java.LogTest - ------------------------ false
12711 [main] INFO  test.java.LogTest - ------------------------ true
12733 [main] INFO  test.java.LogTest - >>>>>>>>>>>>>>>Test = videoProcessing()<<<<<<<<<<<<<<<
12812 [main] DEBUG m.Driver.MyWebDriverEventListener - Webdriver will click on element tag:a |id: js_header_signin |text: ('Войти')
14598 [main] DEBUG m.Driver.MyWebDriverEventListener - hope Webdriver clicked on element tag:a |id: js_header_signin |text: ('Войти')
14606 [main] INFO  test.java.LogTest - ------------------------ true
14679 [main] DEBUG m.Driver.MyWebDriverEventListener - WebDriver changing value in element found By.id: login_email from 'tag:input |id: login_email |text: ('')
15288 [main] DEBUG m.Driver.MyWebDriverEventListener - WebDriver changing value in element found By.id: login_email from 'tag:input |id: login_email |text: ('')
15953 [main] DEBUG m.Driver.MyWebDriverEventListener - WebDriver changing value in element found By.id: login_password from 'tag:input |id: login_password |text: ('')
16563 [main] DEBUG m.Driver.MyWebDriverEventListener - WebDriver changing value in element found By.id: login_password from 'tag:input |id: login_password |text: ('')
16642 [main] DEBUG m.Driver.MyWebDriverEventListener - Webdriver will click on element tag:input |id: login_button |text: ('')
18771 [main] DEBUG m.Driver.MyWebDriverEventListener - hope Webdriver clicked on element tag:input |id: login_button |text: ('')
19762 [main] DEBUG m.Driver.MyWebDriverEventListener - Webdriver will click on element tag:a |id:  |text: ('Создать видеовстречу')
21402 [main] DEBUG m.Driver.MyWebDriverEventListener - hope Webdriver clicked on element tag:a |id:  |text: ('Создать видеовстречу')
21837 [main] DEBUG m.Driver.MyWebDriverEventListener - WebDriver changing value in element found By.id: hangout_title from 'tag:input |id: hangout_title |text: ('')
22549 [main] DEBUG m.Driver.MyWebDriverEventListener - WebDriver changing value in element found By.id: hangout_title from 'tag:input |id: hangout_title |text: ('')
22676 [main] DEBUG m.Driver.MyWebDriverEventListener - WebDriver changing value in element found By.id: hangout_date from 'tag:input |id: hangout_date |text: ('')
23074 [main] DEBUG m.Driver.MyWebDriverEventListener - WebDriver changing value in element found By.id: hangout_date from 'tag:input |id: hangout_date |text: ('')
23173 [main] DEBUG m.Driver.MyWebDriverEventListener - WebDriver changing value in element found By.id: hangout_time from 'tag:input |id: hangout_time |text: ('')
23475 [main] DEBUG m.Driver.MyWebDriverEventListener - WebDriver changing value in element found By.id: hangout_time from 'tag:input |id: hangout_time |text: ('')
34014 [main] DEBUG m.Driver.MyWebDriverEventListener - WebDriver changing value in element found By.id: hangout_text from 'tag:textarea |id: hangout_text |text: ('')
34749 [main] DEBUG m.Driver.MyWebDriverEventListener - WebDriver changing value in element found By.id: hangout_text from 'tag:textarea |id: hangout_text |text: ('')
34854 [main] DEBUG m.Driver.MyWebDriverEventListener - WebDriver changing value in element found By.id: hangout_image from 'tag:input |id: hangout_image |text: ('')
35597 [main] DEBUG m.Driver.MyWebDriverEventListener - Webdriver will click on element tag:a |id: preview_create |text: ('Сохранить')
37573 [main] DEBUG m.Driver.MyWebDriverEventListener - hope Webdriver clicked on element tag:a |id: preview_create |text: ('Сохранить')
37814 [main] DEBUG m.Driver.MyWebDriverEventListener - WebDriver changing value in element found By.id: tags-input from 'tag:textarea |id: tags-input |text: ('')
38445 [main] DEBUG m.Driver.MyWebDriverEventListener - WebDriver changing value in element found By.id: tags-input from 'tag:textarea |id: tags-input |text: ('')
38554 [main] DEBUG m.Driver.MyWebDriverEventListener - Webdriver will click on element tag:a |id: hangout_money_free |text: ('Бесплатная доступна для всех пользователей.')
39423 [main] DEBUG m.Driver.MyWebDriverEventListener - hope Webdriver clicked on element tag:a |id: hangout_money_free |text: ('Бесплатная доступна для всех пользователей.')
39547 [main] DEBUG m.Driver.MyWebDriverEventListener - Webdriver will click on element tag:input |id: create_hangout |text: ('')
40304 [main] DEBUG m.Driver.MyWebDriverEventListener - hope Webdriver clicked on element tag:input |id: create_hangout |text: ('')
40841 [main] DEBUG m.Driver.MyWebDriverEventListener - Webdriver will click on element tag:a |id:  |text: ('Войти')
41656 [main] DEBUG m.Driver.MyWebDriverEventListener - hope Webdriver clicked on element tag:a |id:  |text: ('Войти')
49936 [main] INFO  test.java.LogTest - ------------------------ false
50451 [main] INFO  test.java.LogTest - ------------------------ false
50967 [main] INFO  test.java.LogTest - ------------------------ false
51488 [main] INFO  test.java.LogTest - ------------------------ false
52009 [main] INFO  test.java.LogTest - ------------------------ false
52532 [main] INFO  test.java.LogTest - ------------------------ false
53053 [main] INFO  test.java.LogTest - ------------------------ false
53574 [main] INFO  test.java.LogTest - ------------------------ false
54095 [main] INFO  test.java.LogTest - ------------------------ false
54617 [main] INFO  test.java.LogTest - ------------------------ false
55144 [main] INFO  test.java.LogTest - ------------------------ false
55153 [main] INFO  test.java.LogTest - Timed out after 5 seconds waiting for main.pages.BaseClass$1@3ff93f03
Build info: version: '2.35.0', revision: 'c916b9d', time: '2013-08-12 15:42:01'
System info: os.name: 'Linux', os.arch: 'amd64', os.version: '3.2.0-23-generic', java.version: '1.7.0_25'
Driver info: driver.version: unknown
55241 [main] DEBUG m.Driver.MyWebDriverEventListener - Webdriver will click on element tag:a |id: client-exit |text: ('Завершить')
56964 [main] DEBUG m.Driver.MyWebDriverEventListener - hope Webdriver clicked on element tag:a |id: client-exit |text: ('Завершить')
56972 [main] INFO  test.java.LogTest - ------------------------ false
57490 [main] INFO  test.java.LogTest - ------------------------ false
58015 [main] INFO  test.java.LogTest - ------------------------ false
58539 [main] INFO  test.java.LogTest - ------------------------ false
59064 [main] INFO  test.java.LogTest - ------------------------ false
59589 [main] INFO  test.java.LogTest - ------------------------ false
60113 [main] INFO  test.java.LogTest - ------------------------ false
60640 [main] INFO  test.java.LogTest - ------------------------ false
61167 [main] INFO  test.java.LogTest - ------------------------ false
61692 [main] INFO  test.java.LogTest - ------------------------ false
62237 [main] INFO  test.java.LogTest - ------------------------ false
62250 [main] INFO  test.java.LogTest - Timed out after 5 seconds waiting for main.pages.BaseClass$1@504b9ec5
Build info: version: '2.35.0', revision: 'c916b9d', time: '2013-08-12 15:42:01'
System info: os.name: 'Linux', os.arch: 'amd64', os.version: '3.2.0-23-generic', java.version: '1.7.0_25'
Driver info: driver.version: unknown
62537 [main] DEBUG m.Driver.MyWebDriverEventListener - WebDriver changing value in element found By.id: client-exit from 'tag:a |id: client-exit |text: ('Завершить')
64711 [main] DEBUG m.Driver.MyWebDriverEventListener - Webdriver will click on element tag:a |id:  |text: ('Видеозаписи
29')
67522 [main] DEBUG m.Driver.MyWebDriverEventListener - hope Webdriver clicked on element tag:a |id:  |text: ('Видеозаписи
29')
67893 [main] INFO  test.java.LogTest - >>>>>>>>>>@AfterMethod<<<<<<<<<
70905 [main] ERROR test.java.LogTest - ----------------------------------------------------------------------js error----------------------------------------------------------------------
70906 [main] ERROR test.java.LogTest - javascript error 1.TypeError: e.moment(...) is null [https://static.testun.com.ua/js/main.js?v=1870:8888]
70906 [main] ERROR test.java.LogTest - ----------------------------------------------------------------------js error----------------------------------------------------------------------
74197 [main] DEBUG m.Driver.MyWebDriverEventListener - Webdriver will click on element tag:a |id: logout |text: ('Выйти')
74954 [main] DEBUG m.Driver.MyWebDriverEventListener - hope Webdriver clicked on element tag:a |id: logout |text: ('Выйти')
74960 [main] INFO  test.java.LogTest - ------------------------ false
75845 [main] INFO  test.java.LogTest - ------------------------ true
75944 [Thread-0] DEBUG main.Driver.WebDriverFactory - Killing driver 
