424  [main] INFO  test.java.LogTest - >>>>>>>>>>>>>>>>>>>>>>>>>>>>>>>>>>>>>class test.java.RegisterTest<<<<<<<<<<<<<<<<<<<<<<<<<<<<<<<<<<<<<<<
1301 [main] DEBUG main.Driver.WebDriverFactory - Requested driver: Capabilities [{firefox_profile=org.openqa.selenium.firefox.FirefoxProfile@3014af22, browserName=firefox, proxy=org.openqa.selenium.Proxy@1df5f9d7}]:null
5040 [main] INFO  m.Driver.MyWebDriverEventListener - WebDriver navigating to:'https://tutorsband.com/'
13307 [main] INFO  test.java.LogTest - ------------------------ true
13397 [main] DEBUG m.Driver.MyWebDriverEventListener - Webdriver will click on element tag:a |id:  |text: ('Русский')
17747 [main] DEBUG m.Driver.MyWebDriverEventListener - hope Webdriver clicked on element tag:a |id:  |text: ('Русский')
17855 [main] INFO  test.java.LogTest - ------------------------ true
17903 [main] DEBUG m.Driver.MyWebDriverEventListener - Webdriver will click on element tag:a |id:  |text: ('Русский')
18072 [main] DEBUG m.Driver.MyWebDriverEventListener - hope Webdriver clicked on element tag:a |id:  |text: ('Русский')
18082 [main] INFO  test.java.LogTest - ------------------------ true
18112 [main] INFO  test.java.LogTest - _______________________________Test = registerWithGM_______________________________
18204 [main] DEBUG m.Driver.MyWebDriverEventListener - Webdriver will click on element tag:a |id: js_header_signup |text: ('Регистрация')
20496 [main] DEBUG m.Driver.MyWebDriverEventListener - hope Webdriver clicked on element tag:a |id: js_header_signup |text: ('Регистрация')
20809 [main] INFO  test.java.LogTest - ------------------------ true
20931 [main] DEBUG m.Driver.MyWebDriverEventListener - Webdriver will click on element tag:a |id:  |text: ('Регистрация с Google')
22391 [main] DEBUG m.Driver.MyWebDriverEventListener - hope Webdriver clicked on element tag:a |id:  |text: ('Регистрация с Google')
23039 [main] ERROR m.Driver.MyWebDriverEventListener - ________________________________________________________________________________________________________________
23046 [main] ERROR m.Driver.MyWebDriverEventListener - WebDriver error:
org.openqa.selenium.WebDriverException: window.jQuery is undefined
Command duration or timeout: 537 milliseconds
Build info: version: '2.35.0', revision: 'c916b9d', time: '2013-08-12 15:42:01'
System info: os.name: 'Linux', os.arch: 'amd64', os.version: '3.2.0-23-generic', java.version: '1.7.0_25'
Session ID: 1bc2e11e-bf30-403b-a72d-98d834f09416
Driver info: org.openqa.selenium.firefox.FirefoxDriver
Capabilities [{platform=LINUX, databaseEnabled=true, cssSelectorsEnabled=true, javascriptEnabled=true, acceptSslCerts=true, handlesAlerts=true, browserName=firefox, browserConnectionEnabled=true, nativeEvents=true, webStorageEnabled=true, rotatable=false, locationContextEnabled=true, applicationCacheEnabled=true, takesScreenshot=true, version=23.0}]
	at sun.reflect.NativeConstructorAccessorImpl.newInstance0(Native Method) ~[na:1.7.0_25]
	at sun.reflect.NativeConstructorAccessorImpl.newInstance(NativeConstructorAccessorImpl.java:57) ~[na:1.7.0_25]
	at sun.reflect.DelegatingConstructorAccessorImpl.newInstance(DelegatingConstructorAccessorImpl.java:45) ~[na:1.7.0_25]
	at java.lang.reflect.Constructor.newInstance(Constructor.java:526) ~[na:1.7.0_25]
	at org.openqa.selenium.remote.ErrorHandler.createThrowable(ErrorHandler.java:191) ~[selenium-server-standalone-2.35.0.jar:na]
	at org.openqa.selenium.remote.ErrorHandler.throwIfResponseFailed(ErrorHandler.java:145) ~[selenium-server-standalone-2.35.0.jar:na]
	at org.openqa.selenium.remote.RemoteWebDriver.execute(RemoteWebDriver.java:554) ~[selenium-server-standalone-2.35.0.jar:na]
	at org.openqa.selenium.remote.RemoteWebDriver.executeScript(RemoteWebDriver.java:463) ~[selenium-server-standalone-2.35.0.jar:na]
	at sun.reflect.NativeMethodAccessorImpl.invoke0(Native Method) ~[na:1.7.0_25]
	at sun.reflect.NativeMethodAccessorImpl.invoke(NativeMethodAccessorImpl.java:57) ~[na:1.7.0_25]
	at sun.reflect.DelegatingMethodAccessorImpl.invoke(DelegatingMethodAccessorImpl.java:43) ~[na:1.7.0_25]
	at java.lang.reflect.Method.invoke(Method.java:606) ~[na:1.7.0_25]
	at org.openqa.selenium.support.events.EventFiringWebDriver$2.invoke(EventFiringWebDriver.java:101) ~[selenium-server-standalone-2.35.0.jar:na]
	at com.sun.proxy.$Proxy8.executeScript(Unknown Source) ~[na:na]
	at org.openqa.selenium.support.events.EventFiringWebDriver.executeScript(EventFiringWebDriver.java:209) ~[selenium-server-standalone-2.35.0.jar:na]
	at main.pages.BaseClass$1.apply(BaseClass.java:88) [classes/:na]
	at main.pages.BaseClass$1.apply(BaseClass.java:1) [classes/:na]
	at org.openqa.selenium.support.ui.FluentWait.until(FluentWait.java:208) [selenium-server-standalone-2.35.0.jar:na]
	at main.pages.BaseClass.waitForPageLoaded(BaseClass.java:94) [classes/:na]
	at main.pages.HomePage.switchToNewWindow(HomePage.java:300) [classes/:na]
	at test.java.RegisterTest.registerWithGM(RegisterTest.java:200) [classes/:na]
	at sun.reflect.NativeMethodAccessorImpl.invoke0(Native Method) ~[na:1.7.0_25]
	at sun.reflect.NativeMethodAccessorImpl.invoke(NativeMethodAccessorImpl.java:57) ~[na:1.7.0_25]
	at sun.reflect.DelegatingMethodAccessorImpl.invoke(DelegatingMethodAccessorImpl.java:43) ~[na:1.7.0_25]
	at java.lang.reflect.Method.invoke(Method.java:606) ~[na:1.7.0_25]
	at org.testng.internal.MethodInvocationHelper.invokeMethod(MethodInvocationHelper.java:80) [testng.jar:6.9beta-201211201815]
	at org.testng.internal.Invoker.invokeMethod(Invoker.java:714) [testng.jar:6.9beta-201211201815]
	at org.testng.internal.Invoker.invokeTestMethod(Invoker.java:901) [testng.jar:6.9beta-201211201815]
	at org.testng.internal.Invoker.invokeTestMethods(Invoker.java:1231) [testng.jar:6.9beta-201211201815]
	at org.testng.internal.TestMethodWorker.invokeTestMethods(TestMethodWorker.java:128) [testng.jar:6.9beta-201211201815]
	at org.testng.internal.TestMethodWorker.run(TestMethodWorker.java:111) [testng.jar:6.9beta-201211201815]
	at org.testng.TestRunner.privateRun(TestRunner.java:767) [testng.jar:6.9beta-201211201815]
	at org.testng.TestRunner.run(TestRunner.java:617) [testng.jar:6.9beta-201211201815]
	at org.testng.SuiteRunner.runTest(SuiteRunner.java:334) [testng.jar:6.9beta-201211201815]
	at org.testng.SuiteRunner.runSequentially(SuiteRunner.java:329) [testng.jar:6.9beta-201211201815]
	at org.testng.SuiteRunner.privateRun(SuiteRunner.java:291) [testng.jar:6.9beta-201211201815]
	at org.testng.SuiteRunner.run(SuiteRunner.java:240) [testng.jar:6.9beta-201211201815]
	at org.testng.SuiteRunnerWorker.runSuite(SuiteRunnerWorker.java:52) [testng.jar:6.9beta-201211201815]
	at org.testng.SuiteRunnerWorker.run(SuiteRunnerWorker.java:86) [testng.jar:6.9beta-201211201815]
	at org.testng.TestNG.runSuitesSequentially(TestNG.java:1203) [testng.jar:6.9beta-201211201815]
	at org.testng.TestNG.runSuitesLocally(TestNG.java:1128) [testng.jar:6.9beta-201211201815]
	at org.testng.TestNG.run(TestNG.java:1036) [testng.jar:6.9beta-201211201815]
	at org.testng.remote.RemoteTestNG.run(RemoteTestNG.java:111) [testng.jar:6.9beta-201211201815]
	at org.testng.remote.RemoteTestNG.initAndRun(RemoteTestNG.java:204) [testng.jar:6.9beta-201211201815]
	at org.testng.remote.RemoteTestNG.main(RemoteTestNG.java:175) [testng.jar:6.9beta-201211201815]
org.openqa.selenium.remote.ErrorHandler$UnknownServerException: window.jQuery is undefined
Build info: version: '2.35.0', revision: 'c916b9d', time: '2013-08-12 15:42:01'
System info: os.name: 'Linux', os.arch: 'amd64', os.version: '3.2.0-23-generic', java.version: '1.7.0_25'
Driver info: driver.version: unknown
	at <anonymous class>.anonymous(https://accounts.google.com/ServiceLogin?service=lso&passive=1209600&continue=https://accounts.google.com/o/oauth2/auth?immediate%3Dfalse%26response_type%3Dtoken%26scope%3Dhttps://www.googleapis.com/auth/userinfo.profile%2Bhttps://www.googleapis.com/auth/userinfo.email%2Bhttps://www.google.com/m8/feeds/%26redirect_uri%3Dpostmessage%26proxy%3Doauth2relay586099251%26state%3D717655954%257C0.1060740639%26origin%3Dhttps://tutorsband.com%26client_id%3D622895371274-8pltgf556tb3fcmcg8tduusot8oqoihp.apps.googleusercontent.com%26authuser%3D0%26hl%3Dru%26from_login%3D1%26as%3D-75ae2ddacf9d82e1&ltmpl=popup&shdf=CrYCCxIRdGhpcmRQYXJ0eUxvZ29VcmwawQEvL2ltYWdlcy1sc28tb3BlbnNvY2lhbC5nb29nbGV1c2VyY29udGVudC5jb20vZ2FkZ2V0cy9wcm94eT91cmw9aHR0cHM6Ly90dXRvcnNiYW5kLmNvbS9zdGF0aWMvaW1nL3NhZmVfaW1hZ2UucG5nJmNvbnRhaW5lcj1sc28mZ2FkZ2V0PWEmcmV3cml0ZU1pbWU9aW1hZ2UvKiZyZXNpemVfaD0xMjAmcmVzaXplX3c9MTIwJm5vX2V4cGFuZD0xDAsSFXRoaXJkUGFydHlEaXNwbGF5TmFtZRoKVHV0b3JzYmFuZAwLEgZkb21haW4aClR1dG9yc2JhbmQMCxIVdGhpcmRQYXJ0eURpc3BsYXlUeXBlGgdERUZBVUxUDBIDbHNvIhSj_QXZJ4B960iyQ3WVnI4ShBIqsigBMhQuSk5Ebifv_St9Iz2dMMlPhaZ5WA&hl=ru&sarp=1&scc=1:60) ~[na:na]
	at <anonymous class>.handleEvaluateEvent(https://accounts.google.com/ServiceLogin?service=lso&passive=1209600&continue=https://accounts.google.com/o/oauth2/auth?immediate%3Dfalse%26response_type%3Dtoken%26scope%3Dhttps://www.googleapis.com/auth/userinfo.profile%2Bhttps://www.googleapis.com/auth/userinfo.email%2Bhttps://www.google.com/m8/feeds/%26redirect_uri%3Dpostmessage%26proxy%3Doauth2relay586099251%26state%3D717655954%257C0.1060740639%26origin%3Dhttps://tutorsband.com%26client_id%3D622895371274-8pltgf556tb3fcmcg8tduusot8oqoihp.apps.googleusercontent.com%26authuser%3D0%26hl%3Dru%26from_login%3D1%26as%3D-75ae2ddacf9d82e1&ltmpl=popup&shdf=CrYCCxIRdGhpcmRQYXJ0eUxvZ29VcmwawQEvL2ltYWdlcy1sc28tb3BlbnNvY2lhbC5nb29nbGV1c2VyY29udGVudC5jb20vZ2FkZ2V0cy9wcm94eT91cmw9aHR0cHM6Ly90dXRvcnNiYW5kLmNvbS9zdGF0aWMvaW1nL3NhZmVfaW1hZ2UucG5nJmNvbnRhaW5lcj1sc28mZ2FkZ2V0PWEmcmV3cml0ZU1pbWU9aW1hZ2UvKiZyZXNpemVfaD0xMjAmcmVzaXplX3c9MTIwJm5vX2V4cGFuZD0xDAsSFXRoaXJkUGFydHlEaXNwbGF5TmFtZRoKVHV0b3JzYmFuZAwLEgZkb21haW4aClR1dG9yc2JhbmQMCxIVdGhpcmRQYXJ0eURpc3BsYXlUeXBlGgdERUZBVUxUDBIDbHNvIhSj_QXZJ4B960iyQ3WVnI4ShBIqsigBMhQuSk5Ebifv_St9Iz2dMMlPhaZ5WA&hl=ru&sarp=1&scc=1:60) ~[na:na]
23046 [main] ERROR m.Driver.MyWebDriverEventListener - ________________________________________________________________________________________________________________
23057 [main] INFO  test.java.LogTest - window.JSErrorCollector_errors is undefined
Command duration or timeout: 11 milliseconds
Build info: version: '2.35.0', revision: 'c916b9d', time: '2013-08-12 15:42:01'
System info: os.name: 'Linux', os.arch: 'amd64', os.version: '3.2.0-23-generic', java.version: '1.7.0_25'
Session ID: 1bc2e11e-bf30-403b-a72d-98d834f09416
Driver info: org.openqa.selenium.firefox.FirefoxDriver
Capabilities [{platform=LINUX, databaseEnabled=true, cssSelectorsEnabled=true, javascriptEnabled=true, acceptSslCerts=true, handlesAlerts=true, browserName=firefox, browserConnectionEnabled=true, nativeEvents=true, webStorageEnabled=true, rotatable=false, locationContextEnabled=true, applicationCacheEnabled=true, takesScreenshot=true, version=23.0}]
23132 [main] DEBUG m.Driver.MyWebDriverEventListener - WebDriver changing value in element found By.id: Passwd from 'tag:input |id: Passwd |text: ('')
23560 [main] DEBUG m.Driver.MyWebDriverEventListener - WebDriver changing value in element found By.id: Passwd from 'tag:input |id: Passwd |text: ('')
23615 [main] DEBUG m.Driver.MyWebDriverEventListener - WebDriver changing value in element found By.id: Email from 'tag:input |id: Email |text: ('')
24280 [main] DEBUG m.Driver.MyWebDriverEventListener - WebDriver changing value in element found By.id: Email from 'tag:input |id: Email |text: ('')
24346 [main] DEBUG m.Driver.MyWebDriverEventListener - Webdriver will click on element tag:input |id: signIn |text: ('')
26591 [main] DEBUG m.Driver.MyWebDriverEventListener - hope Webdriver clicked on element tag:input |id: signIn |text: ('')
28758 [main] DEBUG m.Driver.MyWebDriverEventListener - Webdriver will click on element tag:a |id: google_invite_submit |text: ('Пригласить и продолжить')
30787 [main] DEBUG m.Driver.MyWebDriverEventListener - hope Webdriver clicked on element tag:a |id: google_invite_submit |text: ('Пригласить и продолжить')
31182 [main] INFO  test.java.LogTest - ------------------------ true
31388 [main] DEBUG m.Driver.MyWebDriverEventListener - Webdriver will click on element tag:a |id:  |text: ('It')
32375 [main] DEBUG m.Driver.MyWebDriverEventListener - hope Webdriver clicked on element tag:a |id:  |text: ('It')
32560 [main] DEBUG m.Driver.MyWebDriverEventListener - Webdriver will click on element tag:a |id:  |text: ('Лидерство')
33300 [main] DEBUG m.Driver.MyWebDriverEventListener - hope Webdriver clicked on element tag:a |id:  |text: ('Лидерство')
33472 [main] DEBUG m.Driver.MyWebDriverEventListener - Webdriver will click on element tag:a |id:  |text: ('Промышленность')
34205 [main] DEBUG m.Driver.MyWebDriverEventListener - hope Webdriver clicked on element tag:a |id:  |text: ('Промышленность')
34384 [main] DEBUG m.Driver.MyWebDriverEventListener - Webdriver will click on element tag:input |id: register_tags_button |text: ('')
35652 [main] DEBUG m.Driver.MyWebDriverEventListener - hope Webdriver clicked on element tag:input |id: register_tags_button |text: ('')
50997 [main] DEBUG m.Driver.MyWebDriverEventListener - Webdriver will click on element tag:a |id: logout |text: ('Выйти')
51725 [main] DEBUG m.Driver.MyWebDriverEventListener - hope Webdriver clicked on element tag:a |id: logout |text: ('Выйти')
52495 [main] INFO  test.java.LogTest - ------------------------ true
52714 [main] DEBUG m.Driver.MyWebDriverEventListener - Webdriver will click on element tag:a |id: js_header_signin |text: ('Войти')
53603 [main] DEBUG m.Driver.MyWebDriverEventListener - hope Webdriver clicked on element tag:a |id: js_header_signin |text: ('Войти')
53710 [main] INFO  test.java.LogTest - ------------------------ true
53794 [main] DEBUG m.Driver.MyWebDriverEventListener - WebDriver changing value in element found By.id: login_email from 'tag:input |id: login_email |text: ('')
54434 [main] DEBUG m.Driver.MyWebDriverEventListener - WebDriver changing value in element found By.id: login_email from 'tag:input |id: login_email |text: ('')
54502 [main] DEBUG m.Driver.MyWebDriverEventListener - WebDriver changing value in element found By.id: login_password from 'tag:input |id: login_password |text: ('')
55003 [main] DEBUG m.Driver.MyWebDriverEventListener - WebDriver changing value in element found By.id: login_password from 'tag:input |id: login_password |text: ('')
55086 [main] DEBUG m.Driver.MyWebDriverEventListener - Webdriver will click on element tag:input |id: login_button |text: ('')
57298 [main] DEBUG m.Driver.MyWebDriverEventListener - hope Webdriver clicked on element tag:input |id: login_button |text: ('')
62821 [main] DEBUG m.Driver.MyWebDriverEventListener - Webdriver will click on element tag:a |id:  |text: ('Настройки')
63409 [main] DEBUG m.Driver.MyWebDriverEventListener - hope Webdriver clicked on element tag:a |id:  |text: ('Настройки')
63735 [main] INFO  test.java.LogTest - ------------------------ true
63804 [main] DEBUG m.Driver.MyWebDriverEventListener - Webdriver will click on element tag:a |id:  |text: ('Мой аккаунт')
66195 [main] DEBUG m.Driver.MyWebDriverEventListener - hope Webdriver clicked on element tag:a |id:  |text: ('Мой аккаунт')
66435 [main] INFO  test.java.LogTest - ------------------------ true
66532 [main] DEBUG m.Driver.MyWebDriverEventListener - WebDriver changing value in element found By.id: main_config_email from 'tag:input |id: main_config_email |text: ('')
66917 [main] DEBUG m.Driver.MyWebDriverEventListener - WebDriver changing value in element found By.id: main_config_email from 'tag:input |id: main_config_email |text: ('')
67055 [main] DEBUG m.Driver.MyWebDriverEventListener - Webdriver will click on element tag:input |id:  |text: ('')
67686 [main] DEBUG m.Driver.MyWebDriverEventListener - hope Webdriver clicked on element tag:input |id:  |text: ('')
67795 [main] INFO  test.java.LogTest - ------------------------ false
68316 [main] INFO  test.java.LogTest - ------------------------ true
70303 [main] DEBUG m.Driver.MyWebDriverEventListener - Webdriver will click on element tag:a |id: logout |text: ('Выйти')
71048 [main] DEBUG m.Driver.MyWebDriverEventListener - hope Webdriver clicked on element tag:a |id: logout |text: ('Выйти')
71929 [main] INFO  test.java.LogTest - ------------------------ true
72098 [main] INFO  test.java.LogTest - >>>>>>>>>>@AfterMethod<<<<<<<<<
75231 [Thread-2] DEBUG main.Driver.WebDriverFactory - Killing driver 
289  [main] INFO  test.java.LogTest - >>>>>>>>>>>>>>>>>>>>>>>>>>>>>>>>>>>>>class test.java.RegisterTest<<<<<<<<<<<<<<<<<<<<<<<<<<<<<<<<<<<<<<<
352  [main] DEBUG main.Driver.WebDriverFactory - Requested driver: Capabilities [{firefox_profile=org.openqa.selenium.firefox.FirefoxProfile@3f2249c4, browserName=firefox, proxy=org.openqa.selenium.Proxy@6419033d}]:null
2101 [main] INFO  m.Driver.MyWebDriverEventListener - WebDriver navigating to:'https://tutorsband.com/'
10323 [main] INFO  test.java.LogTest - ------------------------ true
10447 [main] DEBUG m.Driver.MyWebDriverEventListener - Webdriver will click on element tag:a |id:  |text: ('Русский')
14596 [main] DEBUG m.Driver.MyWebDriverEventListener - hope Webdriver clicked on element tag:a |id:  |text: ('Русский')
14704 [main] INFO  test.java.LogTest - ------------------------ true
14761 [main] DEBUG m.Driver.MyWebDriverEventListener - Webdriver will click on element tag:a |id:  |text: ('Русский')
14941 [main] DEBUG m.Driver.MyWebDriverEventListener - hope Webdriver clicked on element tag:a |id:  |text: ('Русский')
14947 [main] INFO  test.java.LogTest - ------------------------ true
14968 [main] INFO  test.java.LogTest - _______________________________Test = registerWithGM_______________________________
15039 [main] DEBUG m.Driver.MyWebDriverEventListener - Webdriver will click on element tag:a |id: js_header_signup |text: ('Регистрация')
17340 [main] DEBUG m.Driver.MyWebDriverEventListener - hope Webdriver clicked on element tag:a |id: js_header_signup |text: ('Регистрация')
17557 [main] INFO  test.java.LogTest - ------------------------ true
17666 [main] DEBUG m.Driver.MyWebDriverEventListener - Webdriver will click on element tag:a |id:  |text: ('Регистрация с Google')
19177 [main] DEBUG m.Driver.MyWebDriverEventListener - hope Webdriver clicked on element tag:a |id:  |text: ('Регистрация с Google')
19653 [main] ERROR m.Driver.MyWebDriverEventListener - ________________________________________________________________________________________________________________
19658 [main] ERROR m.Driver.MyWebDriverEventListener - WebDriver error:
org.openqa.selenium.WebDriverException: window.jQuery is undefined
Command duration or timeout: 456 milliseconds
Build info: version: '2.35.0', revision: 'c916b9d', time: '2013-08-12 15:42:01'
System info: os.name: 'Linux', os.arch: 'amd64', os.version: '3.2.0-23-generic', java.version: '1.7.0_25'
Session ID: fe691444-ac73-4180-8834-40a5e7ce1030
Driver info: org.openqa.selenium.firefox.FirefoxDriver
Capabilities [{platform=LINUX, databaseEnabled=true, cssSelectorsEnabled=true, javascriptEnabled=true, acceptSslCerts=true, handlesAlerts=true, browserName=firefox, browserConnectionEnabled=true, nativeEvents=true, webStorageEnabled=true, rotatable=false, locationContextEnabled=true, applicationCacheEnabled=true, takesScreenshot=true, version=23.0}]
	at sun.reflect.NativeConstructorAccessorImpl.newInstance0(Native Method) ~[na:1.7.0_25]
	at sun.reflect.NativeConstructorAccessorImpl.newInstance(NativeConstructorAccessorImpl.java:57) ~[na:1.7.0_25]
	at sun.reflect.DelegatingConstructorAccessorImpl.newInstance(DelegatingConstructorAccessorImpl.java:45) ~[na:1.7.0_25]
	at java.lang.reflect.Constructor.newInstance(Constructor.java:526) ~[na:1.7.0_25]
	at org.openqa.selenium.remote.ErrorHandler.createThrowable(ErrorHandler.java:191) ~[selenium-server-standalone-2.35.0.jar:na]
	at org.openqa.selenium.remote.ErrorHandler.throwIfResponseFailed(ErrorHandler.java:145) ~[selenium-server-standalone-2.35.0.jar:na]
	at org.openqa.selenium.remote.RemoteWebDriver.execute(RemoteWebDriver.java:554) ~[selenium-server-standalone-2.35.0.jar:na]
	at org.openqa.selenium.remote.RemoteWebDriver.executeScript(RemoteWebDriver.java:463) ~[selenium-server-standalone-2.35.0.jar:na]
	at sun.reflect.NativeMethodAccessorImpl.invoke0(Native Method) ~[na:1.7.0_25]
	at sun.reflect.NativeMethodAccessorImpl.invoke(NativeMethodAccessorImpl.java:57) ~[na:1.7.0_25]
	at sun.reflect.DelegatingMethodAccessorImpl.invoke(DelegatingMethodAccessorImpl.java:43) ~[na:1.7.0_25]
	at java.lang.reflect.Method.invoke(Method.java:606) ~[na:1.7.0_25]
	at org.openqa.selenium.support.events.EventFiringWebDriver$2.invoke(EventFiringWebDriver.java:101) ~[selenium-server-standalone-2.35.0.jar:na]
	at com.sun.proxy.$Proxy8.executeScript(Unknown Source) ~[na:na]
	at org.openqa.selenium.support.events.EventFiringWebDriver.executeScript(EventFiringWebDriver.java:209) ~[selenium-server-standalone-2.35.0.jar:na]
	at main.pages.BaseClass$1.apply(BaseClass.java:88) [classes/:na]
	at main.pages.BaseClass$1.apply(BaseClass.java:1) [classes/:na]
	at org.openqa.selenium.support.ui.FluentWait.until(FluentWait.java:208) [selenium-server-standalone-2.35.0.jar:na]
	at main.pages.BaseClass.waitForPageLoaded(BaseClass.java:94) [classes/:na]
	at main.pages.HomePage.switchToNewWindow(HomePage.java:300) [classes/:na]
	at test.java.RegisterTest.registerWithGM(RegisterTest.java:200) [classes/:na]
	at sun.reflect.NativeMethodAccessorImpl.invoke0(Native Method) ~[na:1.7.0_25]
	at sun.reflect.NativeMethodAccessorImpl.invoke(NativeMethodAccessorImpl.java:57) ~[na:1.7.0_25]
	at sun.reflect.DelegatingMethodAccessorImpl.invoke(DelegatingMethodAccessorImpl.java:43) ~[na:1.7.0_25]
	at java.lang.reflect.Method.invoke(Method.java:606) ~[na:1.7.0_25]
	at org.testng.internal.MethodInvocationHelper.invokeMethod(MethodInvocationHelper.java:80) [testng.jar:6.9beta-201211201815]
	at org.testng.internal.Invoker.invokeMethod(Invoker.java:714) [testng.jar:6.9beta-201211201815]
	at org.testng.internal.Invoker.invokeTestMethod(Invoker.java:901) [testng.jar:6.9beta-201211201815]
	at org.testng.internal.Invoker.invokeTestMethods(Invoker.java:1231) [testng.jar:6.9beta-201211201815]
	at org.testng.internal.TestMethodWorker.invokeTestMethods(TestMethodWorker.java:128) [testng.jar:6.9beta-201211201815]
	at org.testng.internal.TestMethodWorker.run(TestMethodWorker.java:111) [testng.jar:6.9beta-201211201815]
	at org.testng.TestRunner.privateRun(TestRunner.java:767) [testng.jar:6.9beta-201211201815]
	at org.testng.TestRunner.run(TestRunner.java:617) [testng.jar:6.9beta-201211201815]
	at org.testng.SuiteRunner.runTest(SuiteRunner.java:334) [testng.jar:6.9beta-201211201815]
	at org.testng.SuiteRunner.runSequentially(SuiteRunner.java:329) [testng.jar:6.9beta-201211201815]
	at org.testng.SuiteRunner.privateRun(SuiteRunner.java:291) [testng.jar:6.9beta-201211201815]
	at org.testng.SuiteRunner.run(SuiteRunner.java:240) [testng.jar:6.9beta-201211201815]
	at org.testng.SuiteRunnerWorker.runSuite(SuiteRunnerWorker.java:52) [testng.jar:6.9beta-201211201815]
	at org.testng.SuiteRunnerWorker.run(SuiteRunnerWorker.java:86) [testng.jar:6.9beta-201211201815]
	at org.testng.TestNG.runSuitesSequentially(TestNG.java:1203) [testng.jar:6.9beta-201211201815]
	at org.testng.TestNG.runSuitesLocally(TestNG.java:1128) [testng.jar:6.9beta-201211201815]
	at org.testng.TestNG.run(TestNG.java:1036) [testng.jar:6.9beta-201211201815]
	at org.testng.remote.RemoteTestNG.run(RemoteTestNG.java:111) [testng.jar:6.9beta-201211201815]
	at org.testng.remote.RemoteTestNG.initAndRun(RemoteTestNG.java:204) [testng.jar:6.9beta-201211201815]
	at org.testng.remote.RemoteTestNG.main(RemoteTestNG.java:175) [testng.jar:6.9beta-201211201815]
org.openqa.selenium.remote.ErrorHandler$UnknownServerException: window.jQuery is undefined
Build info: version: '2.35.0', revision: 'c916b9d', time: '2013-08-12 15:42:01'
System info: os.name: 'Linux', os.arch: 'amd64', os.version: '3.2.0-23-generic', java.version: '1.7.0_25'
Driver info: driver.version: unknown
	at <anonymous class>.anonymous(https://accounts.google.com/ServiceLogin?service=lso&passive=1209600&continue=https://accounts.google.com/o/oauth2/auth?immediate%3Dfalse%26response_type%3Dtoken%26scope%3Dhttps://www.googleapis.com/auth/userinfo.profile%2Bhttps://www.googleapis.com/auth/userinfo.email%2Bhttps://www.google.com/m8/feeds/%26redirect_uri%3Dpostmessage%26proxy%3Doauth2relay606008003%26state%3D350699925%257C0.2143684863%26origin%3Dhttps://tutorsband.com%26client_id%3D622895371274-8pltgf556tb3fcmcg8tduusot8oqoihp.apps.googleusercontent.com%26authuser%3D0%26hl%3Dru%26from_login%3D1%26as%3D58e91e4a0c2482fe&ltmpl=popup&shdf=CrYCCxIRdGhpcmRQYXJ0eUxvZ29VcmwawQEvL2ltYWdlcy1sc28tb3BlbnNvY2lhbC5nb29nbGV1c2VyY29udGVudC5jb20vZ2FkZ2V0cy9wcm94eT91cmw9aHR0cHM6Ly90dXRvcnNiYW5kLmNvbS9zdGF0aWMvaW1nL3NhZmVfaW1hZ2UucG5nJmNvbnRhaW5lcj1sc28mZ2FkZ2V0PWEmcmV3cml0ZU1pbWU9aW1hZ2UvKiZyZXNpemVfaD0xMjAmcmVzaXplX3c9MTIwJm5vX2V4cGFuZD0xDAsSFXRoaXJkUGFydHlEaXNwbGF5TmFtZRoKVHV0b3JzYmFuZAwLEgZkb21haW4aClR1dG9yc2JhbmQMCxIVdGhpcmRQYXJ0eURpc3BsYXlUeXBlGgdERUZBVUxUDBIDbHNvIhQ8fbzLdb3GbdqdAWM7dduUSgoLbigBMhQ2JaFEcluNS3r9O4DQXR0dpTOwVA&hl=ru&sarp=1&scc=1:60) ~[na:na]
	at <anonymous class>.handleEvaluateEvent(https://accounts.google.com/ServiceLogin?service=lso&passive=1209600&continue=https://accounts.google.com/o/oauth2/auth?immediate%3Dfalse%26response_type%3Dtoken%26scope%3Dhttps://www.googleapis.com/auth/userinfo.profile%2Bhttps://www.googleapis.com/auth/userinfo.email%2Bhttps://www.google.com/m8/feeds/%26redirect_uri%3Dpostmessage%26proxy%3Doauth2relay606008003%26state%3D350699925%257C0.2143684863%26origin%3Dhttps://tutorsband.com%26client_id%3D622895371274-8pltgf556tb3fcmcg8tduusot8oqoihp.apps.googleusercontent.com%26authuser%3D0%26hl%3Dru%26from_login%3D1%26as%3D58e91e4a0c2482fe&ltmpl=popup&shdf=CrYCCxIRdGhpcmRQYXJ0eUxvZ29VcmwawQEvL2ltYWdlcy1sc28tb3BlbnNvY2lhbC5nb29nbGV1c2VyY29udGVudC5jb20vZ2FkZ2V0cy9wcm94eT91cmw9aHR0cHM6Ly90dXRvcnNiYW5kLmNvbS9zdGF0aWMvaW1nL3NhZmVfaW1hZ2UucG5nJmNvbnRhaW5lcj1sc28mZ2FkZ2V0PWEmcmV3cml0ZU1pbWU9aW1hZ2UvKiZyZXNpemVfaD0xMjAmcmVzaXplX3c9MTIwJm5vX2V4cGFuZD0xDAsSFXRoaXJkUGFydHlEaXNwbGF5TmFtZRoKVHV0b3JzYmFuZAwLEgZkb21haW4aClR1dG9yc2JhbmQMCxIVdGhpcmRQYXJ0eURpc3BsYXlUeXBlGgdERUZBVUxUDBIDbHNvIhQ8fbzLdb3GbdqdAWM7dduUSgoLbigBMhQ2JaFEcluNS3r9O4DQXR0dpTOwVA&hl=ru&sarp=1&scc=1:60) ~[na:na]
19658 [main] ERROR m.Driver.MyWebDriverEventListener - ________________________________________________________________________________________________________________
19667 [main] INFO  test.java.LogTest - window.JSErrorCollector_errors is undefined
Command duration or timeout: 8 milliseconds
Build info: version: '2.35.0', revision: 'c916b9d', time: '2013-08-12 15:42:01'
System info: os.name: 'Linux', os.arch: 'amd64', os.version: '3.2.0-23-generic', java.version: '1.7.0_25'
Session ID: fe691444-ac73-4180-8834-40a5e7ce1030
Driver info: org.openqa.selenium.firefox.FirefoxDriver
Capabilities [{platform=LINUX, databaseEnabled=true, cssSelectorsEnabled=true, javascriptEnabled=true, acceptSslCerts=true, handlesAlerts=true, browserName=firefox, browserConnectionEnabled=true, nativeEvents=true, webStorageEnabled=true, rotatable=false, locationContextEnabled=true, applicationCacheEnabled=true, takesScreenshot=true, version=23.0}]
19744 [main] DEBUG m.Driver.MyWebDriverEventListener - WebDriver changing value in element found By.id: Passwd from 'tag:input |id: Passwd |text: ('')
20169 [main] DEBUG m.Driver.MyWebDriverEventListener - WebDriver changing value in element found By.id: Passwd from 'tag:input |id: Passwd |text: ('')
20221 [main] DEBUG m.Driver.MyWebDriverEventListener - WebDriver changing value in element found By.id: Email from 'tag:input |id: Email |text: ('')
20867 [main] DEBUG m.Driver.MyWebDriverEventListener - WebDriver changing value in element found By.id: Email from 'tag:input |id: Email |text: ('')
20950 [main] DEBUG m.Driver.MyWebDriverEventListener - Webdriver will click on element tag:input |id: signIn |text: ('')
23210 [main] DEBUG m.Driver.MyWebDriverEventListener - hope Webdriver clicked on element tag:input |id: signIn |text: ('')
25369 [main] DEBUG m.Driver.MyWebDriverEventListener - Webdriver will click on element tag:a |id: google_invite_submit |text: ('Пригласить и продолжить')
27437 [main] DEBUG m.Driver.MyWebDriverEventListener - hope Webdriver clicked on element tag:a |id: google_invite_submit |text: ('Пригласить и продолжить')
27549 [main] INFO  test.java.LogTest - ------------------------ false
28066 [main] INFO  test.java.LogTest - ------------------------ true
28116 [main] DEBUG m.Driver.MyWebDriverEventListener - Webdriver will click on element tag:a |id:  |text: ('It')
29113 [main] DEBUG m.Driver.MyWebDriverEventListener - hope Webdriver clicked on element tag:a |id:  |text: ('It')
29296 [main] DEBUG m.Driver.MyWebDriverEventListener - Webdriver will click on element tag:a |id:  |text: ('Лидерство')
30032 [main] DEBUG m.Driver.MyWebDriverEventListener - hope Webdriver clicked on element tag:a |id:  |text: ('Лидерство')
30206 [main] DEBUG m.Driver.MyWebDriverEventListener - Webdriver will click on element tag:a |id:  |text: ('Промышленность')
30950 [main] DEBUG m.Driver.MyWebDriverEventListener - hope Webdriver clicked on element tag:a |id:  |text: ('Промышленность')
31138 [main] DEBUG m.Driver.MyWebDriverEventListener - Webdriver will click on element tag:input |id: register_tags_button |text: ('')
32420 [main] DEBUG m.Driver.MyWebDriverEventListener - hope Webdriver clicked on element tag:input |id: register_tags_button |text: ('')
46734 [main] DEBUG m.Driver.MyWebDriverEventListener - Webdriver will click on element tag:a |id: logout |text: ('Выйти')
47477 [main] DEBUG m.Driver.MyWebDriverEventListener - hope Webdriver clicked on element tag:a |id: logout |text: ('Выйти')
48218 [main] INFO  test.java.LogTest - ------------------------ true
48470 [main] DEBUG m.Driver.MyWebDriverEventListener - Webdriver will click on element tag:a |id: js_header_signin |text: ('Войти')
49387 [main] DEBUG m.Driver.MyWebDriverEventListener - hope Webdriver clicked on element tag:a |id: js_header_signin |text: ('Войти')
49498 [main] INFO  test.java.LogTest - ------------------------ true
49594 [main] DEBUG m.Driver.MyWebDriverEventListener - WebDriver changing value in element found By.id: login_email from 'tag:input |id: login_email |text: ('')
50267 [main] DEBUG m.Driver.MyWebDriverEventListener - WebDriver changing value in element found By.id: login_email from 'tag:input |id: login_email |text: ('')
50363 [main] DEBUG m.Driver.MyWebDriverEventListener - WebDriver changing value in element found By.id: login_password from 'tag:input |id: login_password |text: ('')
50742 [main] DEBUG m.Driver.MyWebDriverEventListener - WebDriver changing value in element found By.id: login_password from 'tag:input |id: login_password |text: ('')
50830 [main] DEBUG m.Driver.MyWebDriverEventListener - Webdriver will click on element tag:input |id: login_button |text: ('')
53056 [main] DEBUG m.Driver.MyWebDriverEventListener - hope Webdriver clicked on element tag:input |id: login_button |text: ('')
58471 [main] DEBUG m.Driver.MyWebDriverEventListener - Webdriver will click on element tag:a |id:  |text: ('Настройки')
59060 [main] DEBUG m.Driver.MyWebDriverEventListener - hope Webdriver clicked on element tag:a |id:  |text: ('Настройки')
59336 [main] INFO  test.java.LogTest - ------------------------ true
59437 [main] DEBUG m.Driver.MyWebDriverEventListener - Webdriver will click on element tag:a |id:  |text: ('Мой аккаунт')
61856 [main] DEBUG m.Driver.MyWebDriverEventListener - hope Webdriver clicked on element tag:a |id:  |text: ('Мой аккаунт')
62094 [main] INFO  test.java.LogTest - ------------------------ true
62182 [main] DEBUG m.Driver.MyWebDriverEventListener - WebDriver changing value in element found By.id: main_config_email from 'tag:input |id: main_config_email |text: ('')
62550 [main] DEBUG m.Driver.MyWebDriverEventListener - WebDriver changing value in element found By.id: main_config_email from 'tag:input |id: main_config_email |text: ('')
62641 [main] DEBUG m.Driver.MyWebDriverEventListener - Webdriver will click on element tag:input |id:  |text: ('')
63274 [main] DEBUG m.Driver.MyWebDriverEventListener - hope Webdriver clicked on element tag:input |id:  |text: ('')
63386 [main] INFO  test.java.LogTest - ------------------------ false
63906 [main] INFO  test.java.LogTest - ------------------------ true
65939 [main] DEBUG m.Driver.MyWebDriverEventListener - Webdriver will click on element tag:a |id: logout |text: ('Выйти')
66696 [main] DEBUG m.Driver.MyWebDriverEventListener - hope Webdriver clicked on element tag:a |id: logout |text: ('Выйти')
67414 [main] INFO  test.java.LogTest - ------------------------ true
67614 [main] INFO  test.java.LogTest - >>>>>>>>>>@AfterMethod<<<<<<<<<
70721 [Thread-2] DEBUG main.Driver.WebDriverFactory - Killing driver 
293  [main] INFO  test.java.LogTest - >>>>>>>>>>>>>>>>>>>>>>>>>>>>>>>>>>>>>class test.java.RegisterTest<<<<<<<<<<<<<<<<<<<<<<<<<<<<<<<<<<<<<<<
349  [main] DEBUG main.Driver.WebDriverFactory - Requested driver: Capabilities [{firefox_profile=org.openqa.selenium.firefox.FirefoxProfile@2623cd22, browserName=firefox, proxy=org.openqa.selenium.Proxy@787086bd}]:null
2202 [main] INFO  m.Driver.MyWebDriverEventListener - WebDriver navigating to:'https://tutorsband.com/'
30500 [Thread-2] DEBUG main.Driver.WebDriverFactory - Killing driver 
