1008 [main] INFO  test.java.LogTest - >>>>>>>>>>>>>>>>>>>>>>>>>>>>>>>>>>>>>class test.java.LogTest<<<<<<<<<<<<<<<<<<<<<<<<<<<<<<<<<<<<<<<
1016 [main] DEBUG main.Driver.WebDriverFactory - Requested driver: Capabilities [{platform=ANY, browserName=firefox, version=}]:null
24915 [main] INFO  m.Driver.MyWebDriverEventListener - WebDriver navigating to:'https://plush.com.ua/'
34274 [main] DEBUG m.Driver.MyWebDriverEventListener - Webdriver will click on element tag:li id:  ('English▼')
34404 [main] DEBUG m.Driver.MyWebDriverEventListener - Webdriver clicked on element tag:li id:  ('English')
34451 [main] DEBUG m.Driver.MyWebDriverEventListener - Webdriver will click on element tag:a id: lang_ru ('Русский')
34539 [main] DEBUG m.Driver.MyWebDriverEventListener - Webdriver clicked on element tag:a id: lang_ru ('')
35608 [main] INFO  test.java.LogTest - >>>>>>>>>>>>>>>Test = facebookValidLogin()<<<<<<<<<<<<<<<
35612 [main] INFO  m.Driver.MyWebDriverEventListener - WebDriver navigating to:'https://www.facebook.com/'
38354 [main] DEBUG m.Driver.MyWebDriverEventListener - WebDriver changing value in element found By.id: email from 'tag:input id: email ('')' to 'tag:input id: email ('')'
38537 [main] DEBUG m.Driver.MyWebDriverEventListener - WebDriver changing value in element found By.id: email from 'tag:input id: email ('')' to 'tag:input id: email ('')'
39223 [main] DEBUG m.Driver.MyWebDriverEventListener - WebDriver changing value in element found By.id: pass from 'tag:input id: pass ('')' to 'tag:input id: pass ('')'
39356 [main] DEBUG m.Driver.MyWebDriverEventListener - WebDriver changing value in element found By.id: pass from 'tag:input id: pass ('')' to 'tag:input id: pass ('')'
43788 [main] INFO  m.Driver.MyWebDriverEventListener - WebDriver navigating to:'https://plush.com.ua/'
44839 [main] DEBUG m.Driver.MyWebDriverEventListener - Webdriver will click on element tag:a id: js_header_signin ('Войти')
44989 [main] DEBUG m.Driver.MyWebDriverEventListener - Webdriver clicked on element tag:a id: js_header_signin ('Войти')
45107 [main] DEBUG m.Driver.MyWebDriverEventListener - Webdriver will click on element tag:a id:  ('Вход через Facebook')
45183 [main] DEBUG m.Driver.MyWebDriverEventListener - Webdriver clicked on element tag:a id:  ('Вход через Facebook')
47019 [main] DEBUG m.Driver.MyWebDriverEventListener - Webdriver will click on element tag:a id: logout ('Выйти')
47113 [main] DEBUG m.Driver.MyWebDriverEventListener - Webdriver clicked on element tag:a id: logout ('Выйти')
47843 [main] INFO  m.Driver.MyWebDriverEventListener - WebDriver navigating to:'https://www.facebook.com/'
51092 [main] DEBUG m.Driver.MyWebDriverEventListener - Webdriver will click on element tag:a id: navAccountLink ('Настройки аккаунта')
51239 [main] DEBUG m.Driver.MyWebDriverEventListener - Webdriver clicked on element tag:a id: navAccountLink ('Настройки аккаунта')
51289 [main] DEBUG m.Driver.MyWebDriverEventListener - Webdriver will click on element tag:input id:  ('')
62392 [main] ERROR m.Driver.MyWebDriverEventListener - WebDriver error:
org.openqa.selenium.StaleElementReferenceException: Element not found in the cache - perhaps the page has changed since it was looked up
Command duration or timeout: 10.95 seconds
For documentation on this error, please visit: http://seleniumhq.org/exceptions/stale_element_reference.html
Build info: version: '2.31.0', revision: '1bd294d', time: '2013-02-27 20:52:59'
System info: os.name: 'Linux', os.arch: 'amd64', os.version: '3.2.0-23-generic', java.version: '1.7.0_17'
Session ID: 64c48daa-2510-4957-82a1-a4b06faafe16
Driver info: org.openqa.selenium.firefox.FirefoxDriver
Capabilities [{platform=LINUX, databaseEnabled=true, cssSelectorsEnabled=true, javascriptEnabled=true, acceptSslCerts=true, handlesAlerts=true, browserName=firefox, browserConnectionEnabled=true, nativeEvents=false, webStorageEnabled=true, rotatable=false, locationContextEnabled=true, applicationCacheEnabled=true, takesScreenshot=true, version=19.0.2}]
	at sun.reflect.NativeConstructorAccessorImpl.newInstance0(Native Method) ~[na:1.7.0_17]
	at sun.reflect.NativeConstructorAccessorImpl.newInstance(NativeConstructorAccessorImpl.java:57) ~[na:1.7.0_17]
	at sun.reflect.DelegatingConstructorAccessorImpl.newInstance(DelegatingConstructorAccessorImpl.java:45) ~[na:1.7.0_17]
	at java.lang.reflect.Constructor.newInstance(Constructor.java:525) ~[na:1.7.0_17]
	at org.openqa.selenium.remote.ErrorHandler.createThrowable(ErrorHandler.java:187) ~[selenium-server-standalone-2.31.0.jar:na]
	at org.openqa.selenium.remote.ErrorHandler.throwIfResponseFailed(ErrorHandler.java:145) ~[selenium-server-standalone-2.31.0.jar:na]
	at org.openqa.selenium.remote.RemoteWebDriver.execute(RemoteWebDriver.java:554) ~[selenium-server-standalone-2.31.0.jar:na]
	at org.openqa.selenium.remote.RemoteWebElement.execute(RemoteWebElement.java:268) ~[selenium-server-standalone-2.31.0.jar:na]
	at org.openqa.selenium.remote.RemoteWebElement.getTagName(RemoteWebElement.java:117) ~[selenium-server-standalone-2.31.0.jar:na]
	at sun.reflect.GeneratedMethodAccessor7.invoke(Unknown Source) ~[na:na]
	at sun.reflect.DelegatingMethodAccessorImpl.invoke(DelegatingMethodAccessorImpl.java:43) ~[na:1.7.0_17]
	at java.lang.reflect.Method.invoke(Method.java:601) ~[na:1.7.0_17]
	at org.openqa.selenium.support.events.EventFiringWebDriver$EventFiringWebElement$1.invoke(EventFiringWebDriver.java:327) ~[selenium-server-standalone-2.31.0.jar:na]
	at com.sun.proxy.$Proxy8.getTagName(Unknown Source) ~[na:na]
	at main.Driver.MyWebDriverEventListener.elementDescription(MyWebDriverEventListener.java:55) ~[classes/:na]
	at main.Driver.MyWebDriverEventListener.afterClickOn(MyWebDriverEventListener.java:41) ~[classes/:na]
	at sun.reflect.NativeMethodAccessorImpl.invoke0(Native Method) ~[na:1.7.0_17]
	at sun.reflect.NativeMethodAccessorImpl.invoke(NativeMethodAccessorImpl.java:57) ~[na:1.7.0_17]
	at sun.reflect.DelegatingMethodAccessorImpl.invoke(DelegatingMethodAccessorImpl.java:43) ~[na:1.7.0_17]
	at java.lang.reflect.Method.invoke(Method.java:601) ~[na:1.7.0_17]
	at org.openqa.selenium.support.events.EventFiringWebDriver$1.invoke(EventFiringWebDriver.java:78) ~[selenium-server-standalone-2.31.0.jar:na]
	at com.sun.proxy.$Proxy6.afterClickOn(Unknown Source) [na:na]
	at org.openqa.selenium.support.events.EventFiringWebDriver$EventFiringWebElement.click(EventFiringWebDriver.java:341) [selenium-server-standalone-2.31.0.jar:na]
	at main.pages.HomePage.facebookExit(HomePage.java:199) [classes/:na]
	at test.java.LogTest.facebookValidLogin(LogTest.java:89) [classes/:na]
	at sun.reflect.NativeMethodAccessorImpl.invoke0(Native Method) ~[na:1.7.0_17]
	at sun.reflect.NativeMethodAccessorImpl.invoke(NativeMethodAccessorImpl.java:57) ~[na:1.7.0_17]
	at sun.reflect.DelegatingMethodAccessorImpl.invoke(DelegatingMethodAccessorImpl.java:43) ~[na:1.7.0_17]
	at java.lang.reflect.Method.invoke(Method.java:601) ~[na:1.7.0_17]
	at org.testng.internal.MethodInvocationHelper.invokeMethod(MethodInvocationHelper.java:80) [testng.jar:6.9beta-201211201815]
	at org.testng.internal.Invoker.invokeMethod(Invoker.java:714) [testng.jar:6.9beta-201211201815]
	at org.testng.internal.Invoker.invokeTestMethod(Invoker.java:901) [testng.jar:6.9beta-201211201815]
	at org.testng.internal.Invoker.invokeTestMethods(Invoker.java:1231) [testng.jar:6.9beta-201211201815]
	at org.testng.internal.TestMethodWorker.invokeTestMethods(TestMethodWorker.java:128) [testng.jar:6.9beta-201211201815]
	at org.testng.internal.TestMethodWorker.run(TestMethodWorker.java:111) [testng.jar:6.9beta-201211201815]
	at org.testng.TestRunner.privateRun(TestRunner.java:767) [testng.jar:6.9beta-201211201815]
	at org.testng.TestRunner.run(TestRunner.java:617) [testng.jar:6.9beta-201211201815]
	at org.testng.SuiteRunner.runTest(SuiteRunner.java:334) [testng.jar:6.9beta-201211201815]
	at org.testng.SuiteRunner.runSequentially(SuiteRunner.java:329) [testng.jar:6.9beta-201211201815]
	at org.testng.SuiteRunner.privateRun(SuiteRunner.java:291) [testng.jar:6.9beta-201211201815]
	at org.testng.SuiteRunner.run(SuiteRunner.java:240) [testng.jar:6.9beta-201211201815]
	at org.testng.SuiteRunnerWorker.runSuite(SuiteRunnerWorker.java:52) [testng.jar:6.9beta-201211201815]
	at org.testng.SuiteRunnerWorker.run(SuiteRunnerWorker.java:86) [testng.jar:6.9beta-201211201815]
	at org.testng.TestNG.runSuitesSequentially(TestNG.java:1203) [testng.jar:6.9beta-201211201815]
	at org.testng.TestNG.runSuitesLocally(TestNG.java:1128) [testng.jar:6.9beta-201211201815]
	at org.testng.TestNG.run(TestNG.java:1036) [testng.jar:6.9beta-201211201815]
	at org.testng.remote.RemoteTestNG.run(RemoteTestNG.java:111) [testng.jar:6.9beta-201211201815]
	at org.testng.remote.RemoteTestNG.initAndRun(RemoteTestNG.java:204) [testng.jar:6.9beta-201211201815]
	at org.testng.remote.RemoteTestNG.main(RemoteTestNG.java:175) [testng.jar:6.9beta-201211201815]
org.openqa.selenium.remote.ErrorHandler$UnknownServerException: Element not found in the cache - perhaps the page has changed since it was looked up
Build info: version: '2.31.0', revision: '1bd294d', time: '2013-02-27 20:52:59'
System info: os.name: 'Linux', os.arch: 'amd64', os.version: '3.2.0-23-generic', java.version: '1.7.0_17'
Driver info: driver.version: unknown
	at <anonymous class>.fxdriver.cache.getElementAt(resource://fxdriver/modules/web_element_cache.js:7234) ~[na:na]
	at <anonymous class>.Utils.getElementAt(file:///tmp/anonymous7937050943894253011webdriver-profile/extensions/fxdriver@googlecode.com/components/command_processor.js:6839) ~[na:na]
	at <anonymous class>.WebElement.getElementTagName(file:///tmp/anonymous7937050943894253011webdriver-profile/extensions/fxdriver@googlecode.com/components/command_processor.js:9745) ~[na:na]
	at <anonymous class>.DelayedCommand.prototype.executeInternal_/h(file:///tmp/anonymous7937050943894253011webdriver-profile/extensions/fxdriver@googlecode.com/components/command_processor.js:10272) ~[na:na]
	at <anonymous class>.fxdriver.Timer.prototype.setTimeout/<.notify(file:///tmp/anonymous7937050943894253011webdriver-profile/extensions/fxdriver@googlecode.com/components/command_processor.js:382) ~[na:na]
62393 [main] INFO  test.java.LogTest - >>>>>>>>>>>>>>>>>>>>>>>>>>>>>>>>>>>>>class test.java.LogTest<<<<<<<<<<<<<<<<<<<<<<<<<<<<<<<<<<<<<<<
62393 [main] DEBUG main.Driver.WebDriverFactory - Requested driver: Capabilities [{platform=ANY, browserName=firefox, version=}]:null
62406 [main] INFO  m.Driver.MyWebDriverEventListener - WebDriver navigating to:'https://plush.com.ua/'
63585 [main] DEBUG m.Driver.MyWebDriverEventListener - Webdriver will click on element tag:li id:  ('Русский▼')
63706 [main] DEBUG m.Driver.MyWebDriverEventListener - Webdriver clicked on element tag:li id:  ('Русский')
63772 [main] DEBUG m.Driver.MyWebDriverEventListener - Webdriver will click on element tag:a id:  ('Русский')
63869 [main] DEBUG m.Driver.MyWebDriverEventListener - Webdriver clicked on element tag:a id:  ('Русский')
63890 [main] INFO  test.java.LogTest - >>>>>>>>>>>>>>>Test = facebookValidLoginPopup()<<<<<<<<<<<<<<<
63942 [main] DEBUG m.Driver.MyWebDriverEventListener - Webdriver will click on element tag:a id: js_header_signin ('Войти')
64075 [main] DEBUG m.Driver.MyWebDriverEventListener - Webdriver clicked on element tag:a id: js_header_signin ('Войти')
64140 [main] DEBUG m.Driver.MyWebDriverEventListener - Webdriver will click on element tag:a id:  ('Вход через Facebook')
64373 [main] DEBUG m.Driver.MyWebDriverEventListener - Webdriver clicked on element tag:a id:  ('Вход через Facebook')
65596 [main] DEBUG m.Driver.MyWebDriverEventListener - WebDriver changing value in element found By.id: email from 'tag:input id: email ('')' to 'tag:input id: email ('')'
65711 [main] DEBUG m.Driver.MyWebDriverEventListener - WebDriver changing value in element found By.id: email from 'tag:input id: email ('')' to 'tag:input id: email ('')'
65822 [main] DEBUG m.Driver.MyWebDriverEventListener - WebDriver changing value in element found By.id: pass from 'tag:input id: pass ('')' to 'tag:input id: pass ('')'
65911 [main] DEBUG m.Driver.MyWebDriverEventListener - WebDriver changing value in element found By.id: pass from 'tag:input id: pass ('')' to 'tag:input id: pass ('')'
70341 [main] DEBUG m.Driver.MyWebDriverEventListener - Webdriver will click on element tag:a id: logout ('Выйти')
70426 [main] DEBUG m.Driver.MyWebDriverEventListener - Webdriver clicked on element tag:a id: logout ('Выйти')
71541 [main] INFO  m.Driver.MyWebDriverEventListener - WebDriver navigating to:'https://www.facebook.com/'
77123 [main] DEBUG m.Driver.MyWebDriverEventListener - Webdriver will click on element tag:a id: navAccountLink ('Настройки аккаунта')
77239 [main] DEBUG m.Driver.MyWebDriverEventListener - Webdriver clicked on element tag:a id: navAccountLink ('Настройки аккаунта')
77289 [main] DEBUG m.Driver.MyWebDriverEventListener - Webdriver will click on element tag:input id:  ('')
89121 [main] ERROR m.Driver.MyWebDriverEventListener - WebDriver error:
org.openqa.selenium.StaleElementReferenceException: Element not found in the cache - perhaps the page has changed since it was looked up
Command duration or timeout: 11.74 seconds
For documentation on this error, please visit: http://seleniumhq.org/exceptions/stale_element_reference.html
Build info: version: '2.31.0', revision: '1bd294d', time: '2013-02-27 20:52:59'
System info: os.name: 'Linux', os.arch: 'amd64', os.version: '3.2.0-23-generic', java.version: '1.7.0_17'
Session ID: 64c48daa-2510-4957-82a1-a4b06faafe16
Driver info: org.openqa.selenium.firefox.FirefoxDriver
Capabilities [{platform=LINUX, databaseEnabled=true, cssSelectorsEnabled=true, javascriptEnabled=true, acceptSslCerts=true, handlesAlerts=true, browserName=firefox, browserConnectionEnabled=true, nativeEvents=false, webStorageEnabled=true, rotatable=false, locationContextEnabled=true, applicationCacheEnabled=true, takesScreenshot=true, version=19.0.2}]
	at sun.reflect.NativeConstructorAccessorImpl.newInstance0(Native Method) ~[na:1.7.0_17]
	at sun.reflect.NativeConstructorAccessorImpl.newInstance(NativeConstructorAccessorImpl.java:57) ~[na:1.7.0_17]
	at sun.reflect.DelegatingConstructorAccessorImpl.newInstance(DelegatingConstructorAccessorImpl.java:45) ~[na:1.7.0_17]
	at java.lang.reflect.Constructor.newInstance(Constructor.java:525) ~[na:1.7.0_17]
	at org.openqa.selenium.remote.ErrorHandler.createThrowable(ErrorHandler.java:187) ~[selenium-server-standalone-2.31.0.jar:na]
	at org.openqa.selenium.remote.ErrorHandler.throwIfResponseFailed(ErrorHandler.java:145) ~[selenium-server-standalone-2.31.0.jar:na]
	at org.openqa.selenium.remote.RemoteWebDriver.execute(RemoteWebDriver.java:554) ~[selenium-server-standalone-2.31.0.jar:na]
	at org.openqa.selenium.remote.RemoteWebElement.execute(RemoteWebElement.java:268) ~[selenium-server-standalone-2.31.0.jar:na]
	at org.openqa.selenium.remote.RemoteWebElement.getTagName(RemoteWebElement.java:117) ~[selenium-server-standalone-2.31.0.jar:na]
	at sun.reflect.GeneratedMethodAccessor7.invoke(Unknown Source) ~[na:na]
	at sun.reflect.DelegatingMethodAccessorImpl.invoke(DelegatingMethodAccessorImpl.java:43) ~[na:1.7.0_17]
	at java.lang.reflect.Method.invoke(Method.java:601) ~[na:1.7.0_17]
	at org.openqa.selenium.support.events.EventFiringWebDriver$EventFiringWebElement$1.invoke(EventFiringWebDriver.java:327) ~[selenium-server-standalone-2.31.0.jar:na]
	at com.sun.proxy.$Proxy8.getTagName(Unknown Source) ~[na:na]
	at main.Driver.MyWebDriverEventListener.elementDescription(MyWebDriverEventListener.java:55) ~[classes/:na]
	at main.Driver.MyWebDriverEventListener.afterClickOn(MyWebDriverEventListener.java:41) ~[classes/:na]
	at sun.reflect.NativeMethodAccessorImpl.invoke0(Native Method) ~[na:1.7.0_17]
	at sun.reflect.NativeMethodAccessorImpl.invoke(NativeMethodAccessorImpl.java:57) ~[na:1.7.0_17]
	at sun.reflect.DelegatingMethodAccessorImpl.invoke(DelegatingMethodAccessorImpl.java:43) ~[na:1.7.0_17]
	at java.lang.reflect.Method.invoke(Method.java:601) ~[na:1.7.0_17]
	at org.openqa.selenium.support.events.EventFiringWebDriver$1.invoke(EventFiringWebDriver.java:78) ~[selenium-server-standalone-2.31.0.jar:na]
	at com.sun.proxy.$Proxy6.afterClickOn(Unknown Source) [na:na]
	at org.openqa.selenium.support.events.EventFiringWebDriver$EventFiringWebElement.click(EventFiringWebDriver.java:341) [selenium-server-standalone-2.31.0.jar:na]
	at main.pages.HomePage.facebookExit(HomePage.java:199) [classes/:na]
	at test.java.LogTest.facebookValidLoginPopup(LogTest.java:115) [classes/:na]
	at sun.reflect.NativeMethodAccessorImpl.invoke0(Native Method) ~[na:1.7.0_17]
	at sun.reflect.NativeMethodAccessorImpl.invoke(NativeMethodAccessorImpl.java:57) ~[na:1.7.0_17]
	at sun.reflect.DelegatingMethodAccessorImpl.invoke(DelegatingMethodAccessorImpl.java:43) ~[na:1.7.0_17]
	at java.lang.reflect.Method.invoke(Method.java:601) ~[na:1.7.0_17]
	at org.testng.internal.MethodInvocationHelper.invokeMethod(MethodInvocationHelper.java:80) [testng.jar:6.9beta-201211201815]
	at org.testng.internal.Invoker.invokeMethod(Invoker.java:714) [testng.jar:6.9beta-201211201815]
	at org.testng.internal.Invoker.invokeTestMethod(Invoker.java:901) [testng.jar:6.9beta-201211201815]
	at org.testng.internal.Invoker.invokeTestMethods(Invoker.java:1231) [testng.jar:6.9beta-201211201815]
	at org.testng.internal.TestMethodWorker.invokeTestMethods(TestMethodWorker.java:128) [testng.jar:6.9beta-201211201815]
	at org.testng.internal.TestMethodWorker.run(TestMethodWorker.java:111) [testng.jar:6.9beta-201211201815]
	at org.testng.TestRunner.privateRun(TestRunner.java:767) [testng.jar:6.9beta-201211201815]
	at org.testng.TestRunner.run(TestRunner.java:617) [testng.jar:6.9beta-201211201815]
	at org.testng.SuiteRunner.runTest(SuiteRunner.java:334) [testng.jar:6.9beta-201211201815]
	at org.testng.SuiteRunner.runSequentially(SuiteRunner.java:329) [testng.jar:6.9beta-201211201815]
	at org.testng.SuiteRunner.privateRun(SuiteRunner.java:291) [testng.jar:6.9beta-201211201815]
	at org.testng.SuiteRunner.run(SuiteRunner.java:240) [testng.jar:6.9beta-201211201815]
	at org.testng.SuiteRunnerWorker.runSuite(SuiteRunnerWorker.java:52) [testng.jar:6.9beta-201211201815]
	at org.testng.SuiteRunnerWorker.run(SuiteRunnerWorker.java:86) [testng.jar:6.9beta-201211201815]
	at org.testng.TestNG.runSuitesSequentially(TestNG.java:1203) [testng.jar:6.9beta-201211201815]
	at org.testng.TestNG.runSuitesLocally(TestNG.java:1128) [testng.jar:6.9beta-201211201815]
	at org.testng.TestNG.run(TestNG.java:1036) [testng.jar:6.9beta-201211201815]
	at org.testng.remote.RemoteTestNG.run(RemoteTestNG.java:111) [testng.jar:6.9beta-201211201815]
	at org.testng.remote.RemoteTestNG.initAndRun(RemoteTestNG.java:204) [testng.jar:6.9beta-201211201815]
	at org.testng.remote.RemoteTestNG.main(RemoteTestNG.java:175) [testng.jar:6.9beta-201211201815]
org.openqa.selenium.remote.ErrorHandler$UnknownServerException: Element not found in the cache - perhaps the page has changed since it was looked up
Build info: version: '2.31.0', revision: '1bd294d', time: '2013-02-27 20:52:59'
System info: os.name: 'Linux', os.arch: 'amd64', os.version: '3.2.0-23-generic', java.version: '1.7.0_17'
Driver info: driver.version: unknown
	at <anonymous class>.fxdriver.cache.getElementAt(resource://fxdriver/modules/web_element_cache.js:7234) ~[na:na]
	at <anonymous class>.Utils.getElementAt(file:///tmp/anonymous7937050943894253011webdriver-profile/extensions/fxdriver@googlecode.com/components/command_processor.js:6839) ~[na:na]
	at <anonymous class>.WebElement.getElementTagName(file:///tmp/anonymous7937050943894253011webdriver-profile/extensions/fxdriver@googlecode.com/components/command_processor.js:9745) ~[na:na]
	at <anonymous class>.DelayedCommand.prototype.executeInternal_/h(file:///tmp/anonymous7937050943894253011webdriver-profile/extensions/fxdriver@googlecode.com/components/command_processor.js:10272) ~[na:na]
	at <anonymous class>.fxdriver.Timer.prototype.setTimeout/<.notify(file:///tmp/anonymous7937050943894253011webdriver-profile/extensions/fxdriver@googlecode.com/components/command_processor.js:382) ~[na:na]
89124 [main] INFO  test.java.LogTest - >>>>>>>>>>>>>>>>>>>>>>>>>>>>>>>>>>>>>class test.java.LogTest<<<<<<<<<<<<<<<<<<<<<<<<<<<<<<<<<<<<<<<
89124 [main] DEBUG main.Driver.WebDriverFactory - Requested driver: Capabilities [{platform=ANY, browserName=firefox, version=}]:null
89148 [main] INFO  m.Driver.MyWebDriverEventListener - WebDriver navigating to:'https://plush.com.ua/'
90052 [main] DEBUG m.Driver.MyWebDriverEventListener - Webdriver will click on element tag:li id:  ('Русский▼')
90140 [main] DEBUG m.Driver.MyWebDriverEventListener - Webdriver clicked on element tag:li id:  ('Русский')
90229 [main] DEBUG m.Driver.MyWebDriverEventListener - Webdriver will click on element tag:a id:  ('Русский')
90333 [main] DEBUG m.Driver.MyWebDriverEventListener - Webdriver clicked on element tag:a id:  ('Русский')
90362 [main] INFO  test.java.LogTest - >>>>>>>>>>>>>>>Test = googleValidLogin()<<<<<<<<<<<<<<<
90363 [main] INFO  m.Driver.MyWebDriverEventListener - WebDriver navigating to:'https://www.gmail.com/'
91597 [main] DEBUG m.Driver.MyWebDriverEventListener - WebDriver changing value in element found By.id: Email from 'tag:input id: Email ('')' to 'tag:input id: Email ('')'
91708 [main] DEBUG m.Driver.MyWebDriverEventListener - WebDriver changing value in element found By.id: Email from 'tag:input id: Email ('')' to 'tag:input id: Email ('')'
91979 [main] DEBUG m.Driver.MyWebDriverEventListener - WebDriver changing value in element found By.id: Passwd from 'tag:input id: Passwd ('')' to 'tag:input id: Passwd ('')'
92091 [main] DEBUG m.Driver.MyWebDriverEventListener - WebDriver changing value in element found By.id: Passwd from 'tag:input id: Passwd ('')' to 'tag:input id: Passwd ('')'
97338 [main] INFO  m.Driver.MyWebDriverEventListener - WebDriver navigating to:'https://tutorsband.com/'
109785 [main] DEBUG m.Driver.MyWebDriverEventListener - Webdriver will click on element tag:a id: js_header_signin ('Login')
109934 [main] DEBUG m.Driver.MyWebDriverEventListener - Webdriver clicked on element tag:a id: js_header_signin ('Login')
109983 [main] DEBUG m.Driver.MyWebDriverEventListener - Webdriver will click on element tag:a id:  ('Login with Google')
110092 [main] DEBUG m.Driver.MyWebDriverEventListener - Webdriver clicked on element tag:a id:  ('Login with Google')
112260 [main] DEBUG m.Driver.MyWebDriverEventListener - Webdriver will click on element tag:a id: logout ('Exit')
112363 [main] DEBUG m.Driver.MyWebDriverEventListener - Webdriver clicked on element tag:a id: logout ('Exit')
113047 [main] INFO  m.Driver.MyWebDriverEventListener - WebDriver navigating to:'https://www.gmail.com/'
114280 [main] DEBUG m.Driver.MyWebDriverEventListener - Webdriver will click on element tag:a id: gbg4 ('')
114459 [main] DEBUG m.Driver.MyWebDriverEventListener - Webdriver clicked on element tag:a id: gbg4 ('')
114969 [main] DEBUG m.Driver.MyWebDriverEventListener - Webdriver will click on element tag:a id: gb_71 ('Выйти')
126792 [main] ERROR m.Driver.MyWebDriverEventListener - WebDriver error:
org.openqa.selenium.StaleElementReferenceException: Element not found in the cache - perhaps the page has changed since it was looked up
Command duration or timeout: 11.68 seconds
For documentation on this error, please visit: http://seleniumhq.org/exceptions/stale_element_reference.html
Build info: version: '2.31.0', revision: '1bd294d', time: '2013-02-27 20:52:59'
System info: os.name: 'Linux', os.arch: 'amd64', os.version: '3.2.0-23-generic', java.version: '1.7.0_17'
Session ID: 64c48daa-2510-4957-82a1-a4b06faafe16
Driver info: org.openqa.selenium.firefox.FirefoxDriver
Capabilities [{platform=LINUX, databaseEnabled=true, cssSelectorsEnabled=true, javascriptEnabled=true, acceptSslCerts=true, handlesAlerts=true, browserName=firefox, browserConnectionEnabled=true, nativeEvents=false, webStorageEnabled=true, rotatable=false, locationContextEnabled=true, applicationCacheEnabled=true, takesScreenshot=true, version=19.0.2}]
	at sun.reflect.NativeConstructorAccessorImpl.newInstance0(Native Method) ~[na:1.7.0_17]
	at sun.reflect.NativeConstructorAccessorImpl.newInstance(NativeConstructorAccessorImpl.java:57) ~[na:1.7.0_17]
	at sun.reflect.DelegatingConstructorAccessorImpl.newInstance(DelegatingConstructorAccessorImpl.java:45) ~[na:1.7.0_17]
	at java.lang.reflect.Constructor.newInstance(Constructor.java:525) ~[na:1.7.0_17]
	at org.openqa.selenium.remote.ErrorHandler.createThrowable(ErrorHandler.java:187) ~[selenium-server-standalone-2.31.0.jar:na]
	at org.openqa.selenium.remote.ErrorHandler.throwIfResponseFailed(ErrorHandler.java:145) ~[selenium-server-standalone-2.31.0.jar:na]
	at org.openqa.selenium.remote.RemoteWebDriver.execute(RemoteWebDriver.java:554) ~[selenium-server-standalone-2.31.0.jar:na]
	at org.openqa.selenium.remote.RemoteWebElement.execute(RemoteWebElement.java:268) ~[selenium-server-standalone-2.31.0.jar:na]
	at org.openqa.selenium.remote.RemoteWebElement.getTagName(RemoteWebElement.java:117) ~[selenium-server-standalone-2.31.0.jar:na]
	at sun.reflect.GeneratedMethodAccessor7.invoke(Unknown Source) ~[na:na]
	at sun.reflect.DelegatingMethodAccessorImpl.invoke(DelegatingMethodAccessorImpl.java:43) ~[na:1.7.0_17]
	at java.lang.reflect.Method.invoke(Method.java:601) ~[na:1.7.0_17]
	at org.openqa.selenium.support.events.EventFiringWebDriver$EventFiringWebElement$1.invoke(EventFiringWebDriver.java:327) ~[selenium-server-standalone-2.31.0.jar:na]
	at com.sun.proxy.$Proxy8.getTagName(Unknown Source) ~[na:na]
	at main.Driver.MyWebDriverEventListener.elementDescription(MyWebDriverEventListener.java:55) ~[classes/:na]
	at main.Driver.MyWebDriverEventListener.afterClickOn(MyWebDriverEventListener.java:41) ~[classes/:na]
	at sun.reflect.GeneratedMethodAccessor13.invoke(Unknown Source) ~[na:na]
	at sun.reflect.DelegatingMethodAccessorImpl.invoke(DelegatingMethodAccessorImpl.java:43) ~[na:1.7.0_17]
	at java.lang.reflect.Method.invoke(Method.java:601) ~[na:1.7.0_17]
	at org.openqa.selenium.support.events.EventFiringWebDriver$1.invoke(EventFiringWebDriver.java:78) ~[selenium-server-standalone-2.31.0.jar:na]
	at com.sun.proxy.$Proxy6.afterClickOn(Unknown Source) [na:na]
	at org.openqa.selenium.support.events.EventFiringWebDriver$EventFiringWebElement.click(EventFiringWebDriver.java:341) [selenium-server-standalone-2.31.0.jar:na]
	at main.pages.HomePage.googleExit(HomePage.java:228) [classes/:na]
	at test.java.LogTest.googleValidLogin(LogTest.java:140) [classes/:na]
	at sun.reflect.NativeMethodAccessorImpl.invoke0(Native Method) ~[na:1.7.0_17]
	at sun.reflect.NativeMethodAccessorImpl.invoke(NativeMethodAccessorImpl.java:57) ~[na:1.7.0_17]
	at sun.reflect.DelegatingMethodAccessorImpl.invoke(DelegatingMethodAccessorImpl.java:43) ~[na:1.7.0_17]
	at java.lang.reflect.Method.invoke(Method.java:601) ~[na:1.7.0_17]
	at org.testng.internal.MethodInvocationHelper.invokeMethod(MethodInvocationHelper.java:80) [testng.jar:6.9beta-201211201815]
	at org.testng.internal.Invoker.invokeMethod(Invoker.java:714) [testng.jar:6.9beta-201211201815]
	at org.testng.internal.Invoker.invokeTestMethod(Invoker.java:901) [testng.jar:6.9beta-201211201815]
	at org.testng.internal.Invoker.invokeTestMethods(Invoker.java:1231) [testng.jar:6.9beta-201211201815]
	at org.testng.internal.TestMethodWorker.invokeTestMethods(TestMethodWorker.java:128) [testng.jar:6.9beta-201211201815]
	at org.testng.internal.TestMethodWorker.run(TestMethodWorker.java:111) [testng.jar:6.9beta-201211201815]
	at org.testng.TestRunner.privateRun(TestRunner.java:767) [testng.jar:6.9beta-201211201815]
	at org.testng.TestRunner.run(TestRunner.java:617) [testng.jar:6.9beta-201211201815]
	at org.testng.SuiteRunner.runTest(SuiteRunner.java:334) [testng.jar:6.9beta-201211201815]
	at org.testng.SuiteRunner.runSequentially(SuiteRunner.java:329) [testng.jar:6.9beta-201211201815]
	at org.testng.SuiteRunner.privateRun(SuiteRunner.java:291) [testng.jar:6.9beta-201211201815]
	at org.testng.SuiteRunner.run(SuiteRunner.java:240) [testng.jar:6.9beta-201211201815]
	at org.testng.SuiteRunnerWorker.runSuite(SuiteRunnerWorker.java:52) [testng.jar:6.9beta-201211201815]
	at org.testng.SuiteRunnerWorker.run(SuiteRunnerWorker.java:86) [testng.jar:6.9beta-201211201815]
	at org.testng.TestNG.runSuitesSequentially(TestNG.java:1203) [testng.jar:6.9beta-201211201815]
	at org.testng.TestNG.runSuitesLocally(TestNG.java:1128) [testng.jar:6.9beta-201211201815]
	at org.testng.TestNG.run(TestNG.java:1036) [testng.jar:6.9beta-201211201815]
	at org.testng.remote.RemoteTestNG.run(RemoteTestNG.java:111) [testng.jar:6.9beta-201211201815]
	at org.testng.remote.RemoteTestNG.initAndRun(RemoteTestNG.java:204) [testng.jar:6.9beta-201211201815]
	at org.testng.remote.RemoteTestNG.main(RemoteTestNG.java:175) [testng.jar:6.9beta-201211201815]
org.openqa.selenium.remote.ErrorHandler$UnknownServerException: Element not found in the cache - perhaps the page has changed since it was looked up
Build info: version: '2.31.0', revision: '1bd294d', time: '2013-02-27 20:52:59'
System info: os.name: 'Linux', os.arch: 'amd64', os.version: '3.2.0-23-generic', java.version: '1.7.0_17'
Driver info: driver.version: unknown
	at <anonymous class>.fxdriver.cache.getElementAt(resource://fxdriver/modules/web_element_cache.js:7234) ~[na:na]
	at <anonymous class>.Utils.getElementAt(file:///tmp/anonymous7937050943894253011webdriver-profile/extensions/fxdriver@googlecode.com/components/command_processor.js:6839) ~[na:na]
	at <anonymous class>.WebElement.getElementTagName(file:///tmp/anonymous7937050943894253011webdriver-profile/extensions/fxdriver@googlecode.com/components/command_processor.js:9745) ~[na:na]
	at <anonymous class>.DelayedCommand.prototype.executeInternal_/h(file:///tmp/anonymous7937050943894253011webdriver-profile/extensions/fxdriver@googlecode.com/components/command_processor.js:10272) ~[na:na]
	at <anonymous class>.fxdriver.Timer.prototype.setTimeout/<.notify(file:///tmp/anonymous7937050943894253011webdriver-profile/extensions/fxdriver@googlecode.com/components/command_processor.js:382) ~[na:na]
126795 [main] INFO  test.java.LogTest - >>>>>>>>>>>>>>>>>>>>>>>>>>>>>>>>>>>>>class test.java.LogTest<<<<<<<<<<<<<<<<<<<<<<<<<<<<<<<<<<<<<<<
126795 [main] DEBUG main.Driver.WebDriverFactory - Requested driver: Capabilities [{platform=ANY, browserName=firefox, version=}]:null
126820 [main] INFO  m.Driver.MyWebDriverEventListener - WebDriver navigating to:'https://plush.com.ua/'
127829 [main] DEBUG m.Driver.MyWebDriverEventListener - Webdriver will click on element tag:li id:  ('Русский▼')
127913 [main] DEBUG m.Driver.MyWebDriverEventListener - Webdriver clicked on element tag:li id:  ('Русский')
127994 [main] DEBUG m.Driver.MyWebDriverEventListener - Webdriver will click on element tag:a id:  ('Русский')
128124 [main] DEBUG m.Driver.MyWebDriverEventListener - Webdriver clicked on element tag:a id:  ('Русский')
128143 [main] INFO  test.java.LogTest - >>>>>>>>>>>>>>>Test = invalidLoginNoEmail<<<<<<<<<<<<<<<
128177 [main] DEBUG m.Driver.MyWebDriverEventListener - Webdriver will click on element tag:a id: js_header_signin ('Войти')
128305 [main] DEBUG m.Driver.MyWebDriverEventListener - Webdriver clicked on element tag:a id: js_header_signin ('Войти')
128366 [main] DEBUG m.Driver.MyWebDriverEventListener - WebDriver changing value in element found By.id: login_email from 'tag:input id: login_email ('')' to 'tag:input id: login_email ('')'
128473 [main] DEBUG m.Driver.MyWebDriverEventListener - WebDriver changing value in element found By.id: login_email from 'tag:input id: login_email ('')' to 'tag:input id: login_email ('')'
128571 [main] DEBUG m.Driver.MyWebDriverEventListener - WebDriver changing value in element found By.id: login_password from 'tag:input id: login_password ('')' to 'tag:input id: login_password ('')'
128716 [main] DEBUG m.Driver.MyWebDriverEventListener - WebDriver changing value in element found By.id: login_password from 'tag:input id: login_password ('')' to 'tag:input id: login_password ('')'
128763 [main] DEBUG m.Driver.MyWebDriverEventListener - Webdriver will click on element tag:input id: login_button ('')
128860 [main] DEBUG m.Driver.MyWebDriverEventListener - Webdriver clicked on element tag:input id: login_button ('')
129483 [main] INFO  test.java.LogTest - >>>>>>>>>>>>>>>>>>>>>>>>>>>>>>>>>>>>>class test.java.LogTest<<<<<<<<<<<<<<<<<<<<<<<<<<<<<<<<<<<<<<<
129483 [main] DEBUG main.Driver.WebDriverFactory - Requested driver: Capabilities [{platform=ANY, browserName=firefox, version=}]:null
129510 [main] INFO  m.Driver.MyWebDriverEventListener - WebDriver navigating to:'https://plush.com.ua/'
130298 [main] DEBUG m.Driver.MyWebDriverEventListener - Webdriver will click on element tag:li id:  ('Русский▼')
130384 [main] DEBUG m.Driver.MyWebDriverEventListener - Webdriver clicked on element tag:li id:  ('Русский')
130442 [main] DEBUG m.Driver.MyWebDriverEventListener - Webdriver will click on element tag:a id:  ('Русский')
130552 [main] DEBUG m.Driver.MyWebDriverEventListener - Webdriver clicked on element tag:a id:  ('Русский')
130583 [main] INFO  test.java.LogTest - >>>>>>>>>>>>>>>Test = invalidLoginNoPass<<<<<<<<<<<<<<<
130623 [main] DEBUG m.Driver.MyWebDriverEventListener - Webdriver will click on element tag:a id: js_header_signin ('Войти')
130783 [main] DEBUG m.Driver.MyWebDriverEventListener - Webdriver clicked on element tag:a id: js_header_signin ('Войти')
130888 [main] DEBUG m.Driver.MyWebDriverEventListener - WebDriver changing value in element found By.id: login_email from 'tag:input id: login_email ('')' to 'tag:input id: login_email ('')'
131004 [main] DEBUG m.Driver.MyWebDriverEventListener - WebDriver changing value in element found By.id: login_email from 'tag:input id: login_email ('')' to 'tag:input id: login_email ('')'
131082 [main] DEBUG m.Driver.MyWebDriverEventListener - WebDriver changing value in element found By.id: login_password from 'tag:input id: login_password ('')' to 'tag:input id: login_password ('')'
131191 [main] DEBUG m.Driver.MyWebDriverEventListener - WebDriver changing value in element found By.id: login_password from 'tag:input id: login_password ('')' to 'tag:input id: login_password ('')'
131238 [main] DEBUG m.Driver.MyWebDriverEventListener - Webdriver will click on element tag:input id: login_button ('')
131356 [main] DEBUG m.Driver.MyWebDriverEventListener - Webdriver clicked on element tag:input id: login_button ('')
132333 [main] INFO  test.java.LogTest - >>>>>>>>>>>>>>>>>>>>>>>>>>>>>>>>>>>>>class test.java.LogTest<<<<<<<<<<<<<<<<<<<<<<<<<<<<<<<<<<<<<<<
132333 [main] DEBUG main.Driver.WebDriverFactory - Requested driver: Capabilities [{platform=ANY, browserName=firefox, version=}]:null
132359 [main] INFO  m.Driver.MyWebDriverEventListener - WebDriver navigating to:'https://plush.com.ua/'
133516 [main] DEBUG m.Driver.MyWebDriverEventListener - Webdriver will click on element tag:li id:  ('Русский▼')
133613 [main] DEBUG m.Driver.MyWebDriverEventListener - Webdriver clicked on element tag:li id:  ('Русский')
133652 [main] DEBUG m.Driver.MyWebDriverEventListener - Webdriver will click on element tag:a id:  ('Русский')
133750 [main] DEBUG m.Driver.MyWebDriverEventListener - Webdriver clicked on element tag:a id:  ('Русский')
133798 [main] INFO  test.java.LogTest - >>>>>>>>>>>>>>>Test = invalidLoginWrongEmail<<<<<<<<<<<<<<<
133834 [main] DEBUG m.Driver.MyWebDriverEventListener - Webdriver will click on element tag:a id: js_header_signin ('Войти')
134006 [main] DEBUG m.Driver.MyWebDriverEventListener - Webdriver clicked on element tag:a id: js_header_signin ('Войти')
134138 [main] DEBUG m.Driver.MyWebDriverEventListener - WebDriver changing value in element found By.id: login_email from 'tag:input id: login_email ('')' to 'tag:input id: login_email ('')'
134266 [main] DEBUG m.Driver.MyWebDriverEventListener - WebDriver changing value in element found By.id: login_email from 'tag:input id: login_email ('')' to 'tag:input id: login_email ('')'
134375 [main] DEBUG m.Driver.MyWebDriverEventListener - WebDriver changing value in element found By.id: login_password from 'tag:input id: login_password ('')' to 'tag:input id: login_password ('')'
134521 [main] DEBUG m.Driver.MyWebDriverEventListener - WebDriver changing value in element found By.id: login_password from 'tag:input id: login_password ('')' to 'tag:input id: login_password ('')'
134559 [main] DEBUG m.Driver.MyWebDriverEventListener - Webdriver will click on element tag:input id: login_button ('')
134651 [main] DEBUG m.Driver.MyWebDriverEventListener - Webdriver clicked on element tag:input id: login_button ('')
135257 [main] INFO  test.java.LogTest - >>>>>>>>>>>>>>>>>>>>>>>>>>>>>>>>>>>>>class test.java.LogTest<<<<<<<<<<<<<<<<<<<<<<<<<<<<<<<<<<<<<<<
135257 [main] DEBUG main.Driver.WebDriverFactory - Requested driver: Capabilities [{platform=ANY, browserName=firefox, version=}]:null
135269 [main] INFO  m.Driver.MyWebDriverEventListener - WebDriver navigating to:'https://plush.com.ua/'
136050 [main] DEBUG m.Driver.MyWebDriverEventListener - Webdriver will click on element tag:li id:  ('Русский▼')
136146 [main] DEBUG m.Driver.MyWebDriverEventListener - Webdriver clicked on element tag:li id:  ('Русский')
136202 [main] DEBUG m.Driver.MyWebDriverEventListener - Webdriver will click on element tag:a id:  ('Русский')
136289 [main] DEBUG m.Driver.MyWebDriverEventListener - Webdriver clicked on element tag:a id:  ('Русский')
136303 [main] INFO  test.java.LogTest - >>>>>>>>>>>>>>>Test = invalidLoginWrongPass<<<<<<<<<<<<<<<
136329 [main] DEBUG m.Driver.MyWebDriverEventListener - Webdriver will click on element tag:a id: js_header_signin ('Войти')
136478 [main] DEBUG m.Driver.MyWebDriverEventListener - Webdriver clicked on element tag:a id: js_header_signin ('Войти')
136542 [main] DEBUG m.Driver.MyWebDriverEventListener - WebDriver changing value in element found By.id: login_email from 'tag:input id: login_email ('')' to 'tag:input id: login_email ('')'
136666 [main] DEBUG m.Driver.MyWebDriverEventListener - WebDriver changing value in element found By.id: login_email from 'tag:input id: login_email ('')' to 'tag:input id: login_email ('')'
136754 [main] DEBUG m.Driver.MyWebDriverEventListener - WebDriver changing value in element found By.id: login_password from 'tag:input id: login_password ('')' to 'tag:input id: login_password ('')'
136877 [main] DEBUG m.Driver.MyWebDriverEventListener - WebDriver changing value in element found By.id: login_password from 'tag:input id: login_password ('')' to 'tag:input id: login_password ('')'
136920 [main] DEBUG m.Driver.MyWebDriverEventListener - Webdriver will click on element tag:input id: login_button ('')
137016 [main] DEBUG m.Driver.MyWebDriverEventListener - Webdriver clicked on element tag:input id: login_button ('')
137583 [main] INFO  test.java.LogTest - >>>>>>>>>>>>>>>>>>>>>>>>>>>>>>>>>>>>>class test.java.LogTest<<<<<<<<<<<<<<<<<<<<<<<<<<<<<<<<<<<<<<<
137583 [main] DEBUG main.Driver.WebDriverFactory - Requested driver: Capabilities [{platform=ANY, browserName=firefox, version=}]:null
137707 [main] INFO  m.Driver.MyWebDriverEventListener - WebDriver navigating to:'https://plush.com.ua/'
138471 [main] DEBUG m.Driver.MyWebDriverEventListener - Webdriver will click on element tag:li id:  ('Русский▼')
138561 [main] DEBUG m.Driver.MyWebDriverEventListener - Webdriver clicked on element tag:li id:  ('Русский')
138599 [main] DEBUG m.Driver.MyWebDriverEventListener - Webdriver will click on element tag:a id:  ('Русский')
138726 [main] DEBUG m.Driver.MyWebDriverEventListener - Webdriver clicked on element tag:a id:  ('Русский')
138776 [main] INFO  test.java.LogTest - >>>>>>>>>>>>>>>Test = invalidLoginWrongPass<<<<<<<<<<<<<<<
138819 [main] DEBUG m.Driver.MyWebDriverEventListener - Webdriver will click on element tag:a id: js_header_signin ('Войти')
138979 [main] DEBUG m.Driver.MyWebDriverEventListener - Webdriver clicked on element tag:a id: js_header_signin ('Войти')
139022 [main] DEBUG m.Driver.MyWebDriverEventListener - Webdriver will click on element tag:a id:  ('Создайте свой аккаунт!')
139105 [main] DEBUG m.Driver.MyWebDriverEventListener - Webdriver clicked on element tag:a id:  ('')
139207 [main] DEBUG m.Driver.MyWebDriverEventListener - Webdriver will click on element tag:a id:  ('войдите в систему')
139291 [main] DEBUG m.Driver.MyWebDriverEventListener - Webdriver clicked on element tag:a id:  ('')
139316 [main] INFO  test.java.LogTest - >>>>>>>>>>>>>>>>>>>>>>>>>>>>>>>>>>>>>class test.java.LogTest<<<<<<<<<<<<<<<<<<<<<<<<<<<<<<<<<<<<<<<
139316 [main] DEBUG main.Driver.WebDriverFactory - Requested driver: Capabilities [{platform=ANY, browserName=firefox, version=}]:null
139335 [main] INFO  m.Driver.MyWebDriverEventListener - WebDriver navigating to:'https://plush.com.ua/'
140260 [main] DEBUG m.Driver.MyWebDriverEventListener - Webdriver will click on element tag:li id:  ('Русский▼')
140407 [main] DEBUG m.Driver.MyWebDriverEventListener - Webdriver clicked on element tag:li id:  ('Русский')
140455 [main] DEBUG m.Driver.MyWebDriverEventListener - Webdriver will click on element tag:a id:  ('Русский')
140563 [main] DEBUG m.Driver.MyWebDriverEventListener - Webdriver clicked on element tag:a id:  ('Русский')
140594 [main] INFO  test.java.LogTest - >>>>>>>>>>>>>>>Test = validLogin()<<<<<<<<<<<<<<<
140642 [main] DEBUG m.Driver.MyWebDriverEventListener - Webdriver will click on element tag:a id: js_header_signin ('Войти')
140771 [main] DEBUG m.Driver.MyWebDriverEventListener - Webdriver clicked on element tag:a id: js_header_signin ('Войти')
140851 [main] DEBUG m.Driver.MyWebDriverEventListener - WebDriver changing value in element found By.id: login_email from 'tag:input id: login_email ('')' to 'tag:input id: login_email ('')'
141019 [main] DEBUG m.Driver.MyWebDriverEventListener - WebDriver changing value in element found By.id: login_email from 'tag:input id: login_email ('')' to 'tag:input id: login_email ('')'
141122 [main] DEBUG m.Driver.MyWebDriverEventListener - WebDriver changing value in element found By.id: login_password from 'tag:input id: login_password ('')' to 'tag:input id: login_password ('')'
141258 [main] DEBUG m.Driver.MyWebDriverEventListener - WebDriver changing value in element found By.id: login_password from 'tag:input id: login_password ('')' to 'tag:input id: login_password ('')'
141351 [main] DEBUG m.Driver.MyWebDriverEventListener - WebDriver changing value in element found By.id: login_password from 'tag:input id: login_password ('')' to 'tag:input id: login_password ('')'
142807 [main] DEBUG m.Driver.MyWebDriverEventListener - Webdriver will click on element tag:a id: logout ('Выйти')
153135 [main] ERROR m.Driver.MyWebDriverEventListener - WebDriver error:
org.openqa.selenium.StaleElementReferenceException: Element not found in the cache - perhaps the page has changed since it was looked up
Command duration or timeout: 10.21 seconds
For documentation on this error, please visit: http://seleniumhq.org/exceptions/stale_element_reference.html
Build info: version: '2.31.0', revision: '1bd294d', time: '2013-02-27 20:52:59'
System info: os.name: 'Linux', os.arch: 'amd64', os.version: '3.2.0-23-generic', java.version: '1.7.0_17'
Session ID: 64c48daa-2510-4957-82a1-a4b06faafe16
Driver info: org.openqa.selenium.firefox.FirefoxDriver
Capabilities [{platform=LINUX, databaseEnabled=true, cssSelectorsEnabled=true, javascriptEnabled=true, acceptSslCerts=true, handlesAlerts=true, browserName=firefox, browserConnectionEnabled=true, nativeEvents=false, webStorageEnabled=true, rotatable=false, locationContextEnabled=true, applicationCacheEnabled=true, takesScreenshot=true, version=19.0.2}]
	at sun.reflect.NativeConstructorAccessorImpl.newInstance0(Native Method) ~[na:1.7.0_17]
	at sun.reflect.NativeConstructorAccessorImpl.newInstance(NativeConstructorAccessorImpl.java:57) ~[na:1.7.0_17]
	at sun.reflect.DelegatingConstructorAccessorImpl.newInstance(DelegatingConstructorAccessorImpl.java:45) ~[na:1.7.0_17]
	at java.lang.reflect.Constructor.newInstance(Constructor.java:525) ~[na:1.7.0_17]
	at org.openqa.selenium.remote.ErrorHandler.createThrowable(ErrorHandler.java:187) ~[selenium-server-standalone-2.31.0.jar:na]
	at org.openqa.selenium.remote.ErrorHandler.throwIfResponseFailed(ErrorHandler.java:145) ~[selenium-server-standalone-2.31.0.jar:na]
	at org.openqa.selenium.remote.RemoteWebDriver.execute(RemoteWebDriver.java:554) ~[selenium-server-standalone-2.31.0.jar:na]
	at org.openqa.selenium.remote.RemoteWebElement.execute(RemoteWebElement.java:268) ~[selenium-server-standalone-2.31.0.jar:na]
	at org.openqa.selenium.remote.RemoteWebElement.getText(RemoteWebElement.java:152) ~[selenium-server-standalone-2.31.0.jar:na]
	at sun.reflect.GeneratedMethodAccessor6.invoke(Unknown Source) ~[na:na]
	at sun.reflect.DelegatingMethodAccessorImpl.invoke(DelegatingMethodAccessorImpl.java:43) ~[na:1.7.0_17]
	at java.lang.reflect.Method.invoke(Method.java:601) ~[na:1.7.0_17]
	at org.openqa.selenium.support.events.EventFiringWebDriver$EventFiringWebElement$1.invoke(EventFiringWebDriver.java:327) ~[selenium-server-standalone-2.31.0.jar:na]
	at com.sun.proxy.$Proxy8.getText(Unknown Source) ~[na:na]
	at main.Driver.MyWebDriverEventListener.elementDescription(MyWebDriverEventListener.java:63) ~[classes/:na]
	at main.Driver.MyWebDriverEventListener.afterClickOn(MyWebDriverEventListener.java:41) ~[classes/:na]
	at sun.reflect.GeneratedMethodAccessor13.invoke(Unknown Source) ~[na:na]
	at sun.reflect.DelegatingMethodAccessorImpl.invoke(DelegatingMethodAccessorImpl.java:43) ~[na:1.7.0_17]
	at java.lang.reflect.Method.invoke(Method.java:601) ~[na:1.7.0_17]
	at org.openqa.selenium.support.events.EventFiringWebDriver$1.invoke(EventFiringWebDriver.java:78) ~[selenium-server-standalone-2.31.0.jar:na]
	at com.sun.proxy.$Proxy6.afterClickOn(Unknown Source) [na:na]
	at org.openqa.selenium.support.events.EventFiringWebDriver$EventFiringWebElement.click(EventFiringWebDriver.java:341) [selenium-server-standalone-2.31.0.jar:na]
	at main.pages.MyPage.exit(MyPage.java:194) [classes/:na]
	at test.java.LogTest.validLogin(LogTest.java:64) [classes/:na]
	at sun.reflect.NativeMethodAccessorImpl.invoke0(Native Method) ~[na:1.7.0_17]
	at sun.reflect.NativeMethodAccessorImpl.invoke(NativeMethodAccessorImpl.java:57) ~[na:1.7.0_17]
	at sun.reflect.DelegatingMethodAccessorImpl.invoke(DelegatingMethodAccessorImpl.java:43) ~[na:1.7.0_17]
	at java.lang.reflect.Method.invoke(Method.java:601) ~[na:1.7.0_17]
	at org.testng.internal.MethodInvocationHelper.invokeMethod(MethodInvocationHelper.java:80) [testng.jar:6.9beta-201211201815]
	at org.testng.internal.Invoker.invokeMethod(Invoker.java:714) [testng.jar:6.9beta-201211201815]
	at org.testng.internal.Invoker.invokeTestMethod(Invoker.java:901) [testng.jar:6.9beta-201211201815]
	at org.testng.internal.Invoker.invokeTestMethods(Invoker.java:1231) [testng.jar:6.9beta-201211201815]
	at org.testng.internal.TestMethodWorker.invokeTestMethods(TestMethodWorker.java:128) [testng.jar:6.9beta-201211201815]
	at org.testng.internal.TestMethodWorker.run(TestMethodWorker.java:111) [testng.jar:6.9beta-201211201815]
	at org.testng.TestRunner.privateRun(TestRunner.java:767) [testng.jar:6.9beta-201211201815]
	at org.testng.TestRunner.run(TestRunner.java:617) [testng.jar:6.9beta-201211201815]
	at org.testng.SuiteRunner.runTest(SuiteRunner.java:334) [testng.jar:6.9beta-201211201815]
	at org.testng.SuiteRunner.runSequentially(SuiteRunner.java:329) [testng.jar:6.9beta-201211201815]
	at org.testng.SuiteRunner.privateRun(SuiteRunner.java:291) [testng.jar:6.9beta-201211201815]
	at org.testng.SuiteRunner.run(SuiteRunner.java:240) [testng.jar:6.9beta-201211201815]
	at org.testng.SuiteRunnerWorker.runSuite(SuiteRunnerWorker.java:52) [testng.jar:6.9beta-201211201815]
	at org.testng.SuiteRunnerWorker.run(SuiteRunnerWorker.java:86) [testng.jar:6.9beta-201211201815]
	at org.testng.TestNG.runSuitesSequentially(TestNG.java:1203) [testng.jar:6.9beta-201211201815]
	at org.testng.TestNG.runSuitesLocally(TestNG.java:1128) [testng.jar:6.9beta-201211201815]
	at org.testng.TestNG.run(TestNG.java:1036) [testng.jar:6.9beta-201211201815]
	at org.testng.remote.RemoteTestNG.run(RemoteTestNG.java:111) [testng.jar:6.9beta-201211201815]
	at org.testng.remote.RemoteTestNG.initAndRun(RemoteTestNG.java:204) [testng.jar:6.9beta-201211201815]
	at org.testng.remote.RemoteTestNG.main(RemoteTestNG.java:175) [testng.jar:6.9beta-201211201815]
org.openqa.selenium.remote.ErrorHandler$UnknownServerException: Element not found in the cache - perhaps the page has changed since it was looked up
Build info: version: '2.31.0', revision: '1bd294d', time: '2013-02-27 20:52:59'
System info: os.name: 'Linux', os.arch: 'amd64', os.version: '3.2.0-23-generic', java.version: '1.7.0_17'
Driver info: driver.version: unknown
	at <anonymous class>.fxdriver.cache.getElementAt(resource://fxdriver/modules/web_element_cache.js:7234) ~[na:na]
	at <anonymous class>.Utils.getElementAt(file:///tmp/anonymous7937050943894253011webdriver-profile/extensions/fxdriver@googlecode.com/components/command_processor.js:6839) ~[na:na]
	at <anonymous class>.WebElement.getElementText(file:///tmp/anonymous7937050943894253011webdriver-profile/extensions/fxdriver@googlecode.com/components/command_processor.js:9711) ~[na:na]
	at <anonymous class>.DelayedCommand.prototype.executeInternal_/h(file:///tmp/anonymous7937050943894253011webdriver-profile/extensions/fxdriver@googlecode.com/components/command_processor.js:10272) ~[na:na]
	at <anonymous class>.fxdriver.Timer.prototype.setTimeout/<.notify(file:///tmp/anonymous7937050943894253011webdriver-profile/extensions/fxdriver@googlecode.com/components/command_processor.js:382) ~[na:na]
153208 [Thread-0] DEBUG main.Driver.WebDriverFactory - Killing driver 
