365  [main] INFO  test.java.LogTest - >>>>>>>>>>>>>>>>>>>>>>>>>>>>>>>>>>>>>class test.java.MoneyTest<<<<<<<<<<<<<<<<<<<<<<<<<<<<<<<<<<<<<<<
397  [main] DEBUG main.Driver.WebDriverFactory - Requested driver: Capabilities [{platform=ANY, browserName=firefox, version=}]:null
5911 [main] INFO  m.Driver.MyWebDriverEventListener - WebDriver navigating to:'https://plush.com.ua/'
9020 [main] DEBUG m.Driver.MyWebDriverEventListener - Webdriver will click on element tag:li id:  ('English▼')
9124 [main] DEBUG m.Driver.MyWebDriverEventListener - Webdriver clicked on element tag:li id:  ('English')
9194 [main] DEBUG m.Driver.MyWebDriverEventListener - Webdriver will click on element tag:a id: lang_ru ('Русский')
9307 [main] DEBUG m.Driver.MyWebDriverEventListener - Webdriver clicked on element tag:a id: lang_ru ('')
10807 [main] INFO  test.java.LogTest - >>>>>>>>>>>>>>>Test = payForHangout()<<<<<<<<<<<<<<<
10851 [main] DEBUG m.Driver.MyWebDriverEventListener - Webdriver will click on element tag:a id: js_header_signin ('Войти')
10956 [main] DEBUG m.Driver.MyWebDriverEventListener - Webdriver clicked on element tag:a id: js_header_signin ('Войти')
11140 [main] DEBUG m.Driver.MyWebDriverEventListener - WebDriver changing value in element found By.id: login_email from 'tag:input id: login_email ('')' to 'tag:input id: login_email ('')'
12175 [main] DEBUG m.Driver.MyWebDriverEventListener - WebDriver changing value in element found By.id: login_email from 'tag:input id: login_email ('')' to 'tag:input id: login_email ('')'
12296 [main] DEBUG m.Driver.MyWebDriverEventListener - WebDriver changing value in element found By.id: login_password from 'tag:input id: login_password ('')' to 'tag:input id: login_password ('')'
12875 [main] DEBUG m.Driver.MyWebDriverEventListener - WebDriver changing value in element found By.id: login_password from 'tag:input id: login_password ('')' to 'tag:input id: login_password ('')'
12995 [main] DEBUG m.Driver.MyWebDriverEventListener - WebDriver changing value in element found By.id: login_password from 'tag:input id: login_password ('')' to 'tag:input id: login_password ('')'
14143 [main] DEBUG m.Driver.MyWebDriverEventListener - Webdriver will click on element tag:a id:  ('0 TBM')
14268 [main] DEBUG m.Driver.MyWebDriverEventListener - Webdriver clicked on element tag:a id:  ('0 TBM')
14574 [main] DEBUG m.Driver.MyWebDriverEventListener - Webdriver will click on element tag:a id:  ('')
14702 [main] DEBUG m.Driver.MyWebDriverEventListener - Webdriver clicked on element tag:a id:  ('')
15063 [main] DEBUG m.Driver.MyWebDriverEventListener - Webdriver will click on element tag:a id:  ('Рекомендации')
15188 [main] DEBUG m.Driver.MyWebDriverEventListener - Webdriver clicked on element tag:a id:  ('Рекомендации')
25336 [main] INFO  test.java.LogTest - >>>>>>>>>>@AfterMethod<<<<<<<<<
25691 [main] DEBUG m.Driver.MyWebDriverEventListener - Webdriver will click on element tag:a id: logout ('Выйти')
25799 [main] DEBUG m.Driver.MyWebDriverEventListener - Webdriver clicked on element tag:a id: logout ('Выйти')
26603 [main] INFO  test.java.LogTest - >>>>>>>>>>>>>>>>>>>>>>>>>>>>>>>>>>>>>class test.java.MoneyTest<<<<<<<<<<<<<<<<<<<<<<<<<<<<<<<<<<<<<<<
26603 [main] DEBUG main.Driver.WebDriverFactory - Requested driver: Capabilities [{platform=ANY, browserName=firefox, version=}]:null
26636 [main] INFO  m.Driver.MyWebDriverEventListener - WebDriver navigating to:'https://plush.com.ua/'
27390 [main] DEBUG m.Driver.MyWebDriverEventListener - Webdriver will click on element tag:li id:  ('Русский▼')
27469 [main] DEBUG m.Driver.MyWebDriverEventListener - Webdriver clicked on element tag:li id:  ('Русский')
27492 [main] DEBUG m.Driver.MyWebDriverEventListener - Webdriver will click on element tag:a id:  ('Русский')
27609 [main] DEBUG m.Driver.MyWebDriverEventListener - Webdriver clicked on element tag:a id:  ('Русский')
27642 [main] INFO  test.java.LogTest - >>>>>>>>>>>>>>>Test = typesOfPayment()<<<<<<<<<<<<<<<
27678 [main] DEBUG m.Driver.MyWebDriverEventListener - Webdriver will click on element tag:a id: js_header_signin ('Войти')
27809 [main] DEBUG m.Driver.MyWebDriverEventListener - Webdriver clicked on element tag:a id: js_header_signin ('Войти')
27881 [main] DEBUG m.Driver.MyWebDriverEventListener - WebDriver changing value in element found By.id: login_email from 'tag:input id: login_email ('')' to 'tag:input id: login_email ('')'
28031 [main] DEBUG m.Driver.MyWebDriverEventListener - WebDriver changing value in element found By.id: login_email from 'tag:input id: login_email ('')' to 'tag:input id: login_email ('')'
28144 [main] DEBUG m.Driver.MyWebDriverEventListener - WebDriver changing value in element found By.id: login_password from 'tag:input id: login_password ('')' to 'tag:input id: login_password ('')'
28260 [main] DEBUG m.Driver.MyWebDriverEventListener - WebDriver changing value in element found By.id: login_password from 'tag:input id: login_password ('')' to 'tag:input id: login_password ('')'
28372 [main] DEBUG m.Driver.MyWebDriverEventListener - WebDriver changing value in element found By.id: login_password from 'tag:input id: login_password ('')' to 'tag:input id: login_password ('')'
29615 [main] DEBUG m.Driver.MyWebDriverEventListener - Webdriver will click on element tag:a id:  ('0 TBM')
29694 [main] DEBUG m.Driver.MyWebDriverEventListener - Webdriver clicked on element tag:a id:  ('0 TBM')
29900 [main] DEBUG m.Driver.MyWebDriverEventListener - Webdriver will click on element tag:a id:  ('Пополнить счет')
29999 [main] DEBUG m.Driver.MyWebDriverEventListener - Webdriver clicked on element tag:a id:  ('Пополнить счет')
30155 [main] DEBUG m.Driver.MyWebDriverEventListener - Webdriver will click on element tag:a id:  ('Банковские карты
VISA и MasterCard')
30254 [main] DEBUG m.Driver.MyWebDriverEventListener - Webdriver clicked on element tag:a id:  ('Банковские карты
VISA и MasterCard')
40486 [main] ERROR m.Driver.MyWebDriverEventListener - WebDriver error: Element not found By.xpath: //a[img[@src='/static/img/images/payment/method_card.jpg']]
40636 [main] DEBUG m.Driver.MyWebDriverEventListener - Webdriver will click on element tag:div id:  ('Пополнение вашего счёта
Банковские карты
VISA и MasterCard
Количество: TBM ≈ 100 Грн
Пополнить
Выбрать другой способ оплаты')
40792 [main] DEBUG m.Driver.MyWebDriverEventListener - Webdriver clicked on element tag:div id:  ('Пополнение вашего счёта
Банковские карты
VISA и MasterCard
Количество: TBM ≈ 100 Грн
Пополнить
Выбрать другой способ оплаты')
41041 [main] DEBUG m.Driver.MyWebDriverEventListener - WebDriver changing value in element found By.selector: .popup.popup_open from 'tag:div id:  ('Пополнение вашего счёта
Банковские карты
VISA и MasterCard
Количество: TBM ≈ 100 Грн
Пополнить
Выбрать другой способ оплаты')' to 'tag:div id:  ('')'
41045 [main] INFO  test.java.LogTest - >>>>>>>>>>@AfterMethod<<<<<<<<<
41088 [main] DEBUG m.Driver.MyWebDriverEventListener - Webdriver will click on element tag:a id: logout ('Выйти')
41162 [main] DEBUG m.Driver.MyWebDriverEventListener - Webdriver clicked on element tag:a id: logout ('Выйти')
42321 [Thread-0] DEBUG main.Driver.WebDriverFactory - Killing driver 
44510 [Thread-0] ERROR m.Driver.MyWebDriverEventListener - WebDriver error:
org.openqa.selenium.remote.UnreachableBrowserException: Error communicating with the remote browser. It may have died.
Build info: version: '2.31.0', revision: '1bd294d', time: '2013-02-27 20:52:59'
System info: os.name: 'Linux', os.arch: 'amd64', os.version: '3.2.0-23-generic', java.version: '1.7.0_17'
Driver info: driver.version: EventFiringWebDriver
	at org.openqa.selenium.remote.RemoteWebDriver.execute(RemoteWebDriver.java:548) ~[selenium-server-standalone-2.31.0.jar:na]
	at org.openqa.selenium.remote.RemoteWebDriver.execute(RemoteWebDriver.java:569) ~[selenium-server-standalone-2.31.0.jar:na]
	at org.openqa.selenium.remote.RemoteWebDriver.quit(RemoteWebDriver.java:423) ~[selenium-server-standalone-2.31.0.jar:na]
	at sun.reflect.NativeMethodAccessorImpl.invoke0(Native Method) ~[na:1.7.0_17]
	at sun.reflect.NativeMethodAccessorImpl.invoke(NativeMethodAccessorImpl.java:57) ~[na:1.7.0_17]
	at sun.reflect.DelegatingMethodAccessorImpl.invoke(DelegatingMethodAccessorImpl.java:43) ~[na:1.7.0_17]
	at java.lang.reflect.Method.invoke(Method.java:601) ~[na:1.7.0_17]
	at org.openqa.selenium.support.events.EventFiringWebDriver$2.invoke(EventFiringWebDriver.java:101) ~[selenium-server-standalone-2.31.0.jar:na]
	at com.sun.proxy.$Proxy8.quit(Unknown Source) ~[na:na]
	at org.openqa.selenium.support.events.EventFiringWebDriver.quit(EventFiringWebDriver.java:194) ~[selenium-server-standalone-2.31.0.jar:na]
	at main.Driver.WebDriverFactory.dismissDriver(WebDriverFactory.java:97) ~[classes/:na]
	at main.Driver.WebDriverFactory$1.run(WebDriverFactory.java:155) ~[classes/:na]
Caused by: org.apache.http.NoHttpResponseException: The target server failed to respond
	at org.apache.http.impl.conn.DefaultHttpResponseParser.parseHead(DefaultHttpResponseParser.java:95) ~[selenium-server-standalone-2.31.0.jar:na]
	at org.apache.http.impl.conn.DefaultHttpResponseParser.parseHead(DefaultHttpResponseParser.java:62) ~[selenium-server-standalone-2.31.0.jar:na]
	at org.apache.http.impl.io.AbstractMessageParser.parse(AbstractMessageParser.java:254) ~[selenium-server-standalone-2.31.0.jar:na]
	at org.apache.http.impl.AbstractHttpClientConnection.receiveResponseHeader(AbstractHttpClientConnection.java:289) ~[selenium-server-standalone-2.31.0.jar:na]
	at org.apache.http.impl.conn.DefaultClientConnection.receiveResponseHeader(DefaultClientConnection.java:252) ~[selenium-server-standalone-2.31.0.jar:na]
	at org.apache.http.impl.conn.AbstractClientConnAdapter.receiveResponseHeader(AbstractClientConnAdapter.java:219) ~[selenium-server-standalone-2.31.0.jar:na]
	at org.apache.http.protocol.HttpRequestExecutor.doReceiveResponse(HttpRequestExecutor.java:300) ~[selenium-server-standalone-2.31.0.jar:na]
	at org.apache.http.protocol.HttpRequestExecutor.execute(HttpRequestExecutor.java:127) ~[selenium-server-standalone-2.31.0.jar:na]
	at org.apache.http.impl.client.DefaultRequestDirector.tryExecute(DefaultRequestDirector.java:712) ~[selenium-server-standalone-2.31.0.jar:na]
	at org.apache.http.impl.client.DefaultRequestDirector.execute(DefaultRequestDirector.java:517) ~[selenium-server-standalone-2.31.0.jar:na]
	at org.apache.http.impl.client.AbstractHttpClient.execute(AbstractHttpClient.java:906) ~[selenium-server-standalone-2.31.0.jar:na]
	at org.openqa.selenium.remote.HttpCommandExecutor.fallBackExecute(HttpCommandExecutor.java:334) ~[selenium-server-standalone-2.31.0.jar:na]
	at org.openqa.selenium.remote.HttpCommandExecutor.execute(HttpCommandExecutor.java:295) ~[selenium-server-standalone-2.31.0.jar:na]
	at org.openqa.selenium.firefox.internal.NewProfileExtensionConnection.execute(NewProfileExtensionConnection.java:133) ~[selenium-server-standalone-2.31.0.jar:na]
	at org.openqa.selenium.firefox.FirefoxDriver$LazyCommandExecutor.execute(FirefoxDriver.java:355) ~[selenium-server-standalone-2.31.0.jar:na]
	at org.openqa.selenium.remote.RemoteWebDriver.execute(RemoteWebDriver.java:527) ~[selenium-server-standalone-2.31.0.jar:na]
	... 11 common frames omitted
44511 [Thread-0] WARN  main.Driver.WebDriverFactory - Driver killing error
org.openqa.selenium.remote.UnreachableBrowserException: Error communicating with the remote browser. It may have died.
Build info: version: '2.31.0', revision: '1bd294d', time: '2013-02-27 20:52:59'
System info: os.name: 'Linux', os.arch: 'amd64', os.version: '3.2.0-23-generic', java.version: '1.7.0_17'
Driver info: driver.version: EventFiringWebDriver
	at org.openqa.selenium.remote.RemoteWebDriver.execute(RemoteWebDriver.java:548) ~[selenium-server-standalone-2.31.0.jar:na]
	at org.openqa.selenium.remote.RemoteWebDriver.execute(RemoteWebDriver.java:569) ~[selenium-server-standalone-2.31.0.jar:na]
	at org.openqa.selenium.remote.RemoteWebDriver.quit(RemoteWebDriver.java:423) ~[selenium-server-standalone-2.31.0.jar:na]
	at sun.reflect.NativeMethodAccessorImpl.invoke0(Native Method) ~[na:1.7.0_17]
	at sun.reflect.NativeMethodAccessorImpl.invoke(NativeMethodAccessorImpl.java:57) ~[na:1.7.0_17]
	at sun.reflect.DelegatingMethodAccessorImpl.invoke(DelegatingMethodAccessorImpl.java:43) ~[na:1.7.0_17]
	at java.lang.reflect.Method.invoke(Method.java:601) ~[na:1.7.0_17]
	at org.openqa.selenium.support.events.EventFiringWebDriver$2.invoke(EventFiringWebDriver.java:101) ~[selenium-server-standalone-2.31.0.jar:na]
	at com.sun.proxy.$Proxy8.quit(Unknown Source) ~[na:na]
	at org.openqa.selenium.support.events.EventFiringWebDriver.quit(EventFiringWebDriver.java:194) ~[selenium-server-standalone-2.31.0.jar:na]
	at main.Driver.WebDriverFactory.dismissDriver(WebDriverFactory.java:97) ~[classes/:na]
	at main.Driver.WebDriverFactory$1.run(WebDriverFactory.java:155) [classes/:na]
Caused by: org.apache.http.NoHttpResponseException: The target server failed to respond
	at org.apache.http.impl.conn.DefaultHttpResponseParser.parseHead(DefaultHttpResponseParser.java:95) ~[selenium-server-standalone-2.31.0.jar:na]
	at org.apache.http.impl.conn.DefaultHttpResponseParser.parseHead(DefaultHttpResponseParser.java:62) ~[selenium-server-standalone-2.31.0.jar:na]
	at org.apache.http.impl.io.AbstractMessageParser.parse(AbstractMessageParser.java:254) ~[selenium-server-standalone-2.31.0.jar:na]
	at org.apache.http.impl.AbstractHttpClientConnection.receiveResponseHeader(AbstractHttpClientConnection.java:289) ~[selenium-server-standalone-2.31.0.jar:na]
	at org.apache.http.impl.conn.DefaultClientConnection.receiveResponseHeader(DefaultClientConnection.java:252) ~[selenium-server-standalone-2.31.0.jar:na]
	at org.apache.http.impl.conn.AbstractClientConnAdapter.receiveResponseHeader(AbstractClientConnAdapter.java:219) ~[selenium-server-standalone-2.31.0.jar:na]
	at org.apache.http.protocol.HttpRequestExecutor.doReceiveResponse(HttpRequestExecutor.java:300) ~[selenium-server-standalone-2.31.0.jar:na]
	at org.apache.http.protocol.HttpRequestExecutor.execute(HttpRequestExecutor.java:127) ~[selenium-server-standalone-2.31.0.jar:na]
	at org.apache.http.impl.client.DefaultRequestDirector.tryExecute(DefaultRequestDirector.java:712) ~[selenium-server-standalone-2.31.0.jar:na]
	at org.apache.http.impl.client.DefaultRequestDirector.execute(DefaultRequestDirector.java:517) ~[selenium-server-standalone-2.31.0.jar:na]
	at org.apache.http.impl.client.AbstractHttpClient.execute(AbstractHttpClient.java:906) ~[selenium-server-standalone-2.31.0.jar:na]
	at org.openqa.selenium.remote.HttpCommandExecutor.fallBackExecute(HttpCommandExecutor.java:334) ~[selenium-server-standalone-2.31.0.jar:na]
	at org.openqa.selenium.remote.HttpCommandExecutor.execute(HttpCommandExecutor.java:295) ~[selenium-server-standalone-2.31.0.jar:na]
	at org.openqa.selenium.firefox.internal.NewProfileExtensionConnection.execute(NewProfileExtensionConnection.java:133) ~[selenium-server-standalone-2.31.0.jar:na]
	at org.openqa.selenium.firefox.FirefoxDriver$LazyCommandExecutor.execute(FirefoxDriver.java:355) ~[selenium-server-standalone-2.31.0.jar:na]
	at org.openqa.selenium.remote.RemoteWebDriver.execute(RemoteWebDriver.java:527) ~[selenium-server-standalone-2.31.0.jar:na]
	... 11 common frames omitted
251  [main] INFO  test.java.LogTest - >>>>>>>>>>>>>>>>>>>>>>>>>>>>>>>>>>>>>class test.java.MoneyTest<<<<<<<<<<<<<<<<<<<<<<<<<<<<<<<<<<<<<<<
258  [main] DEBUG main.Driver.WebDriverFactory - Requested driver: Capabilities [{platform=ANY, browserName=firefox, version=}]:null
3977 [main] INFO  m.Driver.MyWebDriverEventListener - WebDriver navigating to:'https://plush.com.ua/'
9604 [main] DEBUG m.Driver.MyWebDriverEventListener - Webdriver will click on element tag:li id:  ('English▼')
9695 [main] DEBUG m.Driver.MyWebDriverEventListener - Webdriver clicked on element tag:li id:  ('English')
9741 [main] DEBUG m.Driver.MyWebDriverEventListener - Webdriver will click on element tag:a id: lang_ru ('Русский')
9839 [main] DEBUG m.Driver.MyWebDriverEventListener - Webdriver clicked on element tag:a id: lang_ru ('')
10565 [main] INFO  test.java.LogTest - >>>>>>>>>>>>>>>Test = payForHangout()<<<<<<<<<<<<<<<
10618 [main] DEBUG m.Driver.MyWebDriverEventListener - Webdriver will click on element tag:a id: js_header_signin ('Войти')
10754 [main] DEBUG m.Driver.MyWebDriverEventListener - Webdriver clicked on element tag:a id: js_header_signin ('Войти')
10928 [main] DEBUG m.Driver.MyWebDriverEventListener - WebDriver changing value in element found By.id: login_email from 'tag:input id: login_email ('')' to 'tag:input id: login_email ('')'
11081 [main] DEBUG m.Driver.MyWebDriverEventListener - WebDriver changing value in element found By.id: login_email from 'tag:input id: login_email ('')' to 'tag:input id: login_email ('')'
11832 [main] DEBUG m.Driver.MyWebDriverEventListener - WebDriver changing value in element found By.id: login_password from 'tag:input id: login_password ('')' to 'tag:input id: login_password ('')'
12013 [main] DEBUG m.Driver.MyWebDriverEventListener - WebDriver changing value in element found By.id: login_password from 'tag:input id: login_password ('')' to 'tag:input id: login_password ('')'
12129 [main] DEBUG m.Driver.MyWebDriverEventListener - WebDriver changing value in element found By.id: login_password from 'tag:input id: login_password ('')' to 'tag:input id: login_password ('')'
13514 [main] DEBUG m.Driver.MyWebDriverEventListener - Webdriver will click on element tag:a id:  ('0 TBM')
13813 [main] DEBUG m.Driver.MyWebDriverEventListener - Webdriver clicked on element tag:a id:  ('0 TBM')
13867 [main] DEBUG m.Driver.MyWebDriverEventListener - Webdriver will click on element tag:a id:  ('')
14495 [main] DEBUG m.Driver.MyWebDriverEventListener - Webdriver clicked on element tag:a id:  ('')
14697 [main] DEBUG m.Driver.MyWebDriverEventListener - Webdriver will click on element tag:a id:  ('Рекомендации')
14771 [main] DEBUG m.Driver.MyWebDriverEventListener - Webdriver clicked on element tag:a id:  ('Рекомендации')
15461 [main] DEBUG m.Driver.MyWebDriverEventListener - Webdriver will click on element tag:a id:  ('Видеовстреча платная 1')
15593 [main] DEBUG m.Driver.MyWebDriverEventListener - Webdriver clicked on element tag:a id:  ('Видеовстреча платная 1')
15839 [main] DEBUG m.Driver.MyWebDriverEventListener - Webdriver will click on element tag:a id:  ('Принять участие 1000 TBM')
15955 [main] DEBUG m.Driver.MyWebDriverEventListener - Webdriver clicked on element tag:a id:  ('Принять участие 1000 TBM')
16321 [main] DEBUG m.Driver.MyWebDriverEventListener - WebDriver changing value in element found By.selector: .pay-select from 'tag:div id:  ('Способы пополнения счёта
Выберите удобный для вас способ пополнения счёта.
Банковские карты
VISA и MasterCard
Платежные системы
WebMoney, Visa QIWI Wallet, Яндекс.Деньги, PayPal, Деньги@mail.ru, EasyPay, ...')' to 'tag:div id:  ('')'
18101 [main] DEBUG m.Driver.MyWebDriverEventListener - Webdriver will click on element tag:a id:  ('0 TBM (1)')
18202 [main] DEBUG m.Driver.MyWebDriverEventListener - Webdriver clicked on element tag:a id:  ('0 TBM (1)')
18556 [main] INFO  test.java.LogTest - >>>>>>>>>>@AfterMethod<<<<<<<<<
18714 [main] DEBUG m.Driver.MyWebDriverEventListener - Webdriver will click on element tag:a id: logout ('Выйти')
18817 [main] DEBUG m.Driver.MyWebDriverEventListener - Webdriver clicked on element tag:a id: logout ('Выйти')
19595 [main] INFO  test.java.LogTest - >>>>>>>>>>>>>>>>>>>>>>>>>>>>>>>>>>>>>class test.java.MoneyTest<<<<<<<<<<<<<<<<<<<<<<<<<<<<<<<<<<<<<<<
19596 [main] DEBUG main.Driver.WebDriverFactory - Requested driver: Capabilities [{platform=ANY, browserName=firefox, version=}]:null
19680 [main] INFO  m.Driver.MyWebDriverEventListener - WebDriver navigating to:'https://plush.com.ua/'
20717 [main] DEBUG m.Driver.MyWebDriverEventListener - Webdriver will click on element tag:li id:  ('Русский▼')
20818 [main] DEBUG m.Driver.MyWebDriverEventListener - Webdriver clicked on element tag:li id:  ('Русский')
20854 [main] DEBUG m.Driver.MyWebDriverEventListener - Webdriver will click on element tag:a id:  ('Русский')
21010 [main] DEBUG m.Driver.MyWebDriverEventListener - Webdriver clicked on element tag:a id:  ('Русский')
21029 [main] INFO  test.java.LogTest - >>>>>>>>>>>>>>>Test = typesOfPayment()<<<<<<<<<<<<<<<
21059 [main] DEBUG m.Driver.MyWebDriverEventListener - Webdriver will click on element tag:a id: js_header_signin ('Войти')
21291 [main] DEBUG m.Driver.MyWebDriverEventListener - Webdriver clicked on element tag:a id: js_header_signin ('Войти')
21367 [main] DEBUG m.Driver.MyWebDriverEventListener - WebDriver changing value in element found By.id: login_email from 'tag:input id: login_email ('')' to 'tag:input id: login_email ('')'
21570 [main] DEBUG m.Driver.MyWebDriverEventListener - WebDriver changing value in element found By.id: login_email from 'tag:input id: login_email ('')' to 'tag:input id: login_email ('')'
21693 [main] DEBUG m.Driver.MyWebDriverEventListener - WebDriver changing value in element found By.id: login_password from 'tag:input id: login_password ('')' to 'tag:input id: login_password ('')'
21823 [main] DEBUG m.Driver.MyWebDriverEventListener - WebDriver changing value in element found By.id: login_password from 'tag:input id: login_password ('')' to 'tag:input id: login_password ('')'
21940 [main] DEBUG m.Driver.MyWebDriverEventListener - WebDriver changing value in element found By.id: login_password from 'tag:input id: login_password ('')' to 'tag:input id: login_password ('')'
23062 [main] DEBUG m.Driver.MyWebDriverEventListener - Webdriver will click on element tag:a id:  ('0 TBM (1)')
23165 [main] DEBUG m.Driver.MyWebDriverEventListener - Webdriver clicked on element tag:a id:  ('0 TBM (1)')
23360 [main] DEBUG m.Driver.MyWebDriverEventListener - Webdriver will click on element tag:a id:  ('Пополнить счет')
23571 [main] DEBUG m.Driver.MyWebDriverEventListener - Webdriver clicked on element tag:a id:  ('Пополнить счет')
23629 [main] DEBUG m.Driver.MyWebDriverEventListener - Webdriver will click on element tag:a id:  ('Банковские карты
VISA и MasterCard')
23766 [main] DEBUG m.Driver.MyWebDriverEventListener - Webdriver clicked on element tag:a id:  ('Банковские карты
VISA и MasterCard')
33883 [main] ERROR m.Driver.MyWebDriverEventListener - WebDriver error: Element not found By.xpath: //a[img[@src='https://static.testun.com.ua/img/images/payment/method_card.jpg']]
34089 [main] DEBUG m.Driver.MyWebDriverEventListener - Webdriver will click on element tag:div id:  ('Пополнение вашего счёта
Банковские карты
VISA и MasterCard
Количество: TBM ≈ 100 Грн
Пополнить
Выбрать другой способ оплаты')
34258 [main] DEBUG m.Driver.MyWebDriverEventListener - Webdriver clicked on element tag:div id:  ('Пополнение вашего счёта
Банковские карты
VISA и MasterCard
Количество: TBM ≈ 100 Грн
Пополнить
Выбрать другой способ оплаты')
34455 [main] DEBUG m.Driver.MyWebDriverEventListener - WebDriver changing value in element found By.selector: .popup.popup_open from 'tag:div id:  ('Пополнение вашего счёта
Банковские карты
VISA и MasterCard
Количество: TBM ≈ 100 Грн
Пополнить
Выбрать другой способ оплаты')' to 'tag:div id:  ('')'
34459 [main] INFO  test.java.LogTest - >>>>>>>>>>@AfterMethod<<<<<<<<<
34510 [main] DEBUG m.Driver.MyWebDriverEventListener - Webdriver will click on element tag:a id: logout ('Выйти')
34592 [main] DEBUG m.Driver.MyWebDriverEventListener - Webdriver clicked on element tag:a id: logout ('Выйти')
35433 [Thread-0] DEBUG main.Driver.WebDriverFactory - Killing driver 
37533 [Thread-0] ERROR m.Driver.MyWebDriverEventListener - WebDriver error:
org.openqa.selenium.remote.UnreachableBrowserException: Error communicating with the remote browser. It may have died.
Build info: version: '2.31.0', revision: '1bd294d', time: '2013-02-27 20:52:59'
System info: os.name: 'Linux', os.arch: 'amd64', os.version: '3.2.0-23-generic', java.version: '1.7.0_17'
Driver info: driver.version: EventFiringWebDriver
	at org.openqa.selenium.remote.RemoteWebDriver.execute(RemoteWebDriver.java:548) ~[selenium-server-standalone-2.31.0.jar:na]
	at org.openqa.selenium.remote.RemoteWebDriver.execute(RemoteWebDriver.java:569) ~[selenium-server-standalone-2.31.0.jar:na]
	at org.openqa.selenium.remote.RemoteWebDriver.quit(RemoteWebDriver.java:423) ~[selenium-server-standalone-2.31.0.jar:na]
	at sun.reflect.NativeMethodAccessorImpl.invoke0(Native Method) ~[na:1.7.0_17]
	at sun.reflect.NativeMethodAccessorImpl.invoke(NativeMethodAccessorImpl.java:57) ~[na:1.7.0_17]
	at sun.reflect.DelegatingMethodAccessorImpl.invoke(DelegatingMethodAccessorImpl.java:43) ~[na:1.7.0_17]
	at java.lang.reflect.Method.invoke(Method.java:601) ~[na:1.7.0_17]
	at org.openqa.selenium.support.events.EventFiringWebDriver$2.invoke(EventFiringWebDriver.java:101) ~[selenium-server-standalone-2.31.0.jar:na]
	at com.sun.proxy.$Proxy8.quit(Unknown Source) ~[na:na]
	at org.openqa.selenium.support.events.EventFiringWebDriver.quit(EventFiringWebDriver.java:194) ~[selenium-server-standalone-2.31.0.jar:na]
	at main.Driver.WebDriverFactory.dismissDriver(WebDriverFactory.java:97) ~[classes/:na]
	at main.Driver.WebDriverFactory$1.run(WebDriverFactory.java:155) ~[classes/:na]
Caused by: org.apache.http.NoHttpResponseException: The target server failed to respond
	at org.apache.http.impl.conn.DefaultHttpResponseParser.parseHead(DefaultHttpResponseParser.java:95) ~[selenium-server-standalone-2.31.0.jar:na]
	at org.apache.http.impl.conn.DefaultHttpResponseParser.parseHead(DefaultHttpResponseParser.java:62) ~[selenium-server-standalone-2.31.0.jar:na]
	at org.apache.http.impl.io.AbstractMessageParser.parse(AbstractMessageParser.java:254) ~[selenium-server-standalone-2.31.0.jar:na]
	at org.apache.http.impl.AbstractHttpClientConnection.receiveResponseHeader(AbstractHttpClientConnection.java:289) ~[selenium-server-standalone-2.31.0.jar:na]
	at org.apache.http.impl.conn.DefaultClientConnection.receiveResponseHeader(DefaultClientConnection.java:252) ~[selenium-server-standalone-2.31.0.jar:na]
	at org.apache.http.impl.conn.AbstractClientConnAdapter.receiveResponseHeader(AbstractClientConnAdapter.java:219) ~[selenium-server-standalone-2.31.0.jar:na]
	at org.apache.http.protocol.HttpRequestExecutor.doReceiveResponse(HttpRequestExecutor.java:300) ~[selenium-server-standalone-2.31.0.jar:na]
	at org.apache.http.protocol.HttpRequestExecutor.execute(HttpRequestExecutor.java:127) ~[selenium-server-standalone-2.31.0.jar:na]
	at org.apache.http.impl.client.DefaultRequestDirector.tryExecute(DefaultRequestDirector.java:712) ~[selenium-server-standalone-2.31.0.jar:na]
	at org.apache.http.impl.client.DefaultRequestDirector.execute(DefaultRequestDirector.java:517) ~[selenium-server-standalone-2.31.0.jar:na]
	at org.apache.http.impl.client.AbstractHttpClient.execute(AbstractHttpClient.java:906) ~[selenium-server-standalone-2.31.0.jar:na]
	at org.openqa.selenium.remote.HttpCommandExecutor.fallBackExecute(HttpCommandExecutor.java:334) ~[selenium-server-standalone-2.31.0.jar:na]
	at org.openqa.selenium.remote.HttpCommandExecutor.execute(HttpCommandExecutor.java:295) ~[selenium-server-standalone-2.31.0.jar:na]
	at org.openqa.selenium.firefox.internal.NewProfileExtensionConnection.execute(NewProfileExtensionConnection.java:133) ~[selenium-server-standalone-2.31.0.jar:na]
	at org.openqa.selenium.firefox.FirefoxDriver$LazyCommandExecutor.execute(FirefoxDriver.java:355) ~[selenium-server-standalone-2.31.0.jar:na]
	at org.openqa.selenium.remote.RemoteWebDriver.execute(RemoteWebDriver.java:527) ~[selenium-server-standalone-2.31.0.jar:na]
	... 11 common frames omitted
37534 [Thread-0] WARN  main.Driver.WebDriverFactory - Driver killing error
org.openqa.selenium.remote.UnreachableBrowserException: Error communicating with the remote browser. It may have died.
Build info: version: '2.31.0', revision: '1bd294d', time: '2013-02-27 20:52:59'
System info: os.name: 'Linux', os.arch: 'amd64', os.version: '3.2.0-23-generic', java.version: '1.7.0_17'
Driver info: driver.version: EventFiringWebDriver
	at org.openqa.selenium.remote.RemoteWebDriver.execute(RemoteWebDriver.java:548) ~[selenium-server-standalone-2.31.0.jar:na]
	at org.openqa.selenium.remote.RemoteWebDriver.execute(RemoteWebDriver.java:569) ~[selenium-server-standalone-2.31.0.jar:na]
	at org.openqa.selenium.remote.RemoteWebDriver.quit(RemoteWebDriver.java:423) ~[selenium-server-standalone-2.31.0.jar:na]
	at sun.reflect.NativeMethodAccessorImpl.invoke0(Native Method) ~[na:1.7.0_17]
	at sun.reflect.NativeMethodAccessorImpl.invoke(NativeMethodAccessorImpl.java:57) ~[na:1.7.0_17]
	at sun.reflect.DelegatingMethodAccessorImpl.invoke(DelegatingMethodAccessorImpl.java:43) ~[na:1.7.0_17]
	at java.lang.reflect.Method.invoke(Method.java:601) ~[na:1.7.0_17]
	at org.openqa.selenium.support.events.EventFiringWebDriver$2.invoke(EventFiringWebDriver.java:101) ~[selenium-server-standalone-2.31.0.jar:na]
	at com.sun.proxy.$Proxy8.quit(Unknown Source) ~[na:na]
	at org.openqa.selenium.support.events.EventFiringWebDriver.quit(EventFiringWebDriver.java:194) ~[selenium-server-standalone-2.31.0.jar:na]
	at main.Driver.WebDriverFactory.dismissDriver(WebDriverFactory.java:97) ~[classes/:na]
	at main.Driver.WebDriverFactory$1.run(WebDriverFactory.java:155) [classes/:na]
Caused by: org.apache.http.NoHttpResponseException: The target server failed to respond
	at org.apache.http.impl.conn.DefaultHttpResponseParser.parseHead(DefaultHttpResponseParser.java:95) ~[selenium-server-standalone-2.31.0.jar:na]
	at org.apache.http.impl.conn.DefaultHttpResponseParser.parseHead(DefaultHttpResponseParser.java:62) ~[selenium-server-standalone-2.31.0.jar:na]
	at org.apache.http.impl.io.AbstractMessageParser.parse(AbstractMessageParser.java:254) ~[selenium-server-standalone-2.31.0.jar:na]
	at org.apache.http.impl.AbstractHttpClientConnection.receiveResponseHeader(AbstractHttpClientConnection.java:289) ~[selenium-server-standalone-2.31.0.jar:na]
	at org.apache.http.impl.conn.DefaultClientConnection.receiveResponseHeader(DefaultClientConnection.java:252) ~[selenium-server-standalone-2.31.0.jar:na]
	at org.apache.http.impl.conn.AbstractClientConnAdapter.receiveResponseHeader(AbstractClientConnAdapter.java:219) ~[selenium-server-standalone-2.31.0.jar:na]
	at org.apache.http.protocol.HttpRequestExecutor.doReceiveResponse(HttpRequestExecutor.java:300) ~[selenium-server-standalone-2.31.0.jar:na]
	at org.apache.http.protocol.HttpRequestExecutor.execute(HttpRequestExecutor.java:127) ~[selenium-server-standalone-2.31.0.jar:na]
	at org.apache.http.impl.client.DefaultRequestDirector.tryExecute(DefaultRequestDirector.java:712) ~[selenium-server-standalone-2.31.0.jar:na]
	at org.apache.http.impl.client.DefaultRequestDirector.execute(DefaultRequestDirector.java:517) ~[selenium-server-standalone-2.31.0.jar:na]
	at org.apache.http.impl.client.AbstractHttpClient.execute(AbstractHttpClient.java:906) ~[selenium-server-standalone-2.31.0.jar:na]
	at org.openqa.selenium.remote.HttpCommandExecutor.fallBackExecute(HttpCommandExecutor.java:334) ~[selenium-server-standalone-2.31.0.jar:na]
	at org.openqa.selenium.remote.HttpCommandExecutor.execute(HttpCommandExecutor.java:295) ~[selenium-server-standalone-2.31.0.jar:na]
	at org.openqa.selenium.firefox.internal.NewProfileExtensionConnection.execute(NewProfileExtensionConnection.java:133) ~[selenium-server-standalone-2.31.0.jar:na]
	at org.openqa.selenium.firefox.FirefoxDriver$LazyCommandExecutor.execute(FirefoxDriver.java:355) ~[selenium-server-standalone-2.31.0.jar:na]
	at org.openqa.selenium.remote.RemoteWebDriver.execute(RemoteWebDriver.java:527) ~[selenium-server-standalone-2.31.0.jar:na]
	... 11 common frames omitted
271  [main] INFO  test.java.LogTest - >>>>>>>>>>>>>>>>>>>>>>>>>>>>>>>>>>>>>class test.java.MoneyTest<<<<<<<<<<<<<<<<<<<<<<<<<<<<<<<<<<<<<<<
278  [main] DEBUG main.Driver.WebDriverFactory - Requested driver: Capabilities [{platform=ANY, browserName=firefox, version=}]:null
3676 [main] INFO  m.Driver.MyWebDriverEventListener - WebDriver navigating to:'https://plush.com.ua/'
7478 [main] DEBUG m.Driver.MyWebDriverEventListener - Webdriver will click on element tag:li id:  ('English▼')
7579 [main] DEBUG m.Driver.MyWebDriverEventListener - Webdriver clicked on element tag:li id:  ('English')
7640 [main] DEBUG m.Driver.MyWebDriverEventListener - Webdriver will click on element tag:a id: lang_ru ('Русский')
7755 [main] DEBUG m.Driver.MyWebDriverEventListener - Webdriver clicked on element tag:a id: lang_ru ('')
7898 [main] ERROR m.Driver.MyWebDriverEventListener - WebDriver error:
org.openqa.selenium.StaleElementReferenceException: Element not found in the cache - perhaps the page has changed since it was looked up
Command duration or timeout: 124 milliseconds
For documentation on this error, please visit: http://seleniumhq.org/exceptions/stale_element_reference.html
Build info: version: '2.31.0', revision: '1bd294d', time: '2013-02-27 20:52:59'
System info: os.name: 'Linux', os.arch: 'amd64', os.version: '3.2.0-23-generic', java.version: '1.7.0_17'
Session ID: 4d9cb730-65cb-481c-a10a-7f7178311c44
Driver info: org.openqa.selenium.firefox.FirefoxDriver
Capabilities [{platform=LINUX, databaseEnabled=true, cssSelectorsEnabled=true, javascriptEnabled=true, acceptSslCerts=true, handlesAlerts=true, browserName=firefox, browserConnectionEnabled=true, nativeEvents=false, webStorageEnabled=true, rotatable=false, locationContextEnabled=true, applicationCacheEnabled=true, takesScreenshot=true, version=19.0.2}]
	at sun.reflect.NativeConstructorAccessorImpl.newInstance0(Native Method) ~[na:1.7.0_17]
	at sun.reflect.NativeConstructorAccessorImpl.newInstance(NativeConstructorAccessorImpl.java:57) ~[na:1.7.0_17]
	at sun.reflect.DelegatingConstructorAccessorImpl.newInstance(DelegatingConstructorAccessorImpl.java:45) ~[na:1.7.0_17]
	at java.lang.reflect.Constructor.newInstance(Constructor.java:525) ~[na:1.7.0_17]
	at org.openqa.selenium.remote.ErrorHandler.createThrowable(ErrorHandler.java:187) ~[selenium-server-standalone-2.31.0.jar:na]
	at org.openqa.selenium.remote.ErrorHandler.throwIfResponseFailed(ErrorHandler.java:145) ~[selenium-server-standalone-2.31.0.jar:na]
	at org.openqa.selenium.remote.RemoteWebDriver.execute(RemoteWebDriver.java:554) ~[selenium-server-standalone-2.31.0.jar:na]
	at org.openqa.selenium.remote.RemoteWebElement.execute(RemoteWebElement.java:268) ~[selenium-server-standalone-2.31.0.jar:na]
	at org.openqa.selenium.remote.RemoteWebElement.getText(RemoteWebElement.java:152) ~[selenium-server-standalone-2.31.0.jar:na]
	at sun.reflect.NativeMethodAccessorImpl.invoke0(Native Method) ~[na:1.7.0_17]
	at sun.reflect.NativeMethodAccessorImpl.invoke(NativeMethodAccessorImpl.java:57) ~[na:1.7.0_17]
	at sun.reflect.DelegatingMethodAccessorImpl.invoke(DelegatingMethodAccessorImpl.java:43) ~[na:1.7.0_17]
	at java.lang.reflect.Method.invoke(Method.java:601) ~[na:1.7.0_17]
	at org.openqa.selenium.support.events.EventFiringWebDriver$EventFiringWebElement$1.invoke(EventFiringWebDriver.java:327) ~[selenium-server-standalone-2.31.0.jar:na]
	at com.sun.proxy.$Proxy9.getText(Unknown Source) ~[na:na]
	at org.openqa.selenium.support.events.EventFiringWebDriver$EventFiringWebElement.getText(EventFiringWebDriver.java:377) ~[selenium-server-standalone-2.31.0.jar:na]
	at org.openqa.selenium.support.ui.ExpectedConditions$7.apply(ExpectedConditions.java:208) ~[selenium-server-standalone-2.31.0.jar:na]
	at org.openqa.selenium.support.ui.ExpectedConditions$7.apply(ExpectedConditions.java:1) ~[selenium-server-standalone-2.31.0.jar:na]
	at org.openqa.selenium.support.ui.FluentWait.until(FluentWait.java:208) [selenium-server-standalone-2.31.0.jar:na]
	at main.pages.HomePage.selectLang(HomePage.java:144) [classes/:na]
	at test.java.MoneyTest.setup(MoneyTest.java:38) [classes/:na]
	at sun.reflect.NativeMethodAccessorImpl.invoke0(Native Method) ~[na:1.7.0_17]
	at sun.reflect.NativeMethodAccessorImpl.invoke(NativeMethodAccessorImpl.java:57) ~[na:1.7.0_17]
	at sun.reflect.DelegatingMethodAccessorImpl.invoke(DelegatingMethodAccessorImpl.java:43) ~[na:1.7.0_17]
	at java.lang.reflect.Method.invoke(Method.java:601) ~[na:1.7.0_17]
	at org.testng.internal.MethodInvocationHelper.invokeMethod(MethodInvocationHelper.java:80) [testng.jar:6.9beta-201211201815]
	at org.testng.internal.Invoker.invokeConfigurationMethod(Invoker.java:564) [testng.jar:6.9beta-201211201815]
	at org.testng.internal.Invoker.invokeConfigurations(Invoker.java:213) [testng.jar:6.9beta-201211201815]
	at org.testng.internal.Invoker.invokeMethod(Invoker.java:653) [testng.jar:6.9beta-201211201815]
	at org.testng.internal.Invoker.invokeTestMethod(Invoker.java:901) [testng.jar:6.9beta-201211201815]
	at org.testng.internal.Invoker.invokeTestMethods(Invoker.java:1231) [testng.jar:6.9beta-201211201815]
	at org.testng.internal.TestMethodWorker.invokeTestMethods(TestMethodWorker.java:128) [testng.jar:6.9beta-201211201815]
	at org.testng.internal.TestMethodWorker.run(TestMethodWorker.java:111) [testng.jar:6.9beta-201211201815]
	at org.testng.TestRunner.privateRun(TestRunner.java:767) [testng.jar:6.9beta-201211201815]
	at org.testng.TestRunner.run(TestRunner.java:617) [testng.jar:6.9beta-201211201815]
	at org.testng.SuiteRunner.runTest(SuiteRunner.java:334) [testng.jar:6.9beta-201211201815]
	at org.testng.SuiteRunner.runSequentially(SuiteRunner.java:329) [testng.jar:6.9beta-201211201815]
	at org.testng.SuiteRunner.privateRun(SuiteRunner.java:291) [testng.jar:6.9beta-201211201815]
	at org.testng.SuiteRunner.run(SuiteRunner.java:240) [testng.jar:6.9beta-201211201815]
	at org.testng.SuiteRunnerWorker.runSuite(SuiteRunnerWorker.java:52) [testng.jar:6.9beta-201211201815]
	at org.testng.SuiteRunnerWorker.run(SuiteRunnerWorker.java:86) [testng.jar:6.9beta-201211201815]
	at org.testng.TestNG.runSuitesSequentially(TestNG.java:1203) [testng.jar:6.9beta-201211201815]
	at org.testng.TestNG.runSuitesLocally(TestNG.java:1128) [testng.jar:6.9beta-201211201815]
	at org.testng.TestNG.run(TestNG.java:1036) [testng.jar:6.9beta-201211201815]
	at org.testng.remote.RemoteTestNG.run(RemoteTestNG.java:111) [testng.jar:6.9beta-201211201815]
	at org.testng.remote.RemoteTestNG.initAndRun(RemoteTestNG.java:204) [testng.jar:6.9beta-201211201815]
	at org.testng.remote.RemoteTestNG.main(RemoteTestNG.java:175) [testng.jar:6.9beta-201211201815]
org.openqa.selenium.remote.ErrorHandler$UnknownServerException: Element not found in the cache - perhaps the page has changed since it was looked up
Build info: version: '2.31.0', revision: '1bd294d', time: '2013-02-27 20:52:59'
System info: os.name: 'Linux', os.arch: 'amd64', os.version: '3.2.0-23-generic', java.version: '1.7.0_17'
Driver info: driver.version: unknown
	at <anonymous class>.fxdriver.cache.getElementAt(resource://fxdriver/modules/web_element_cache.js:7234) ~[na:na]
	at <anonymous class>.Utils.getElementAt(file:///tmp/anonymous8572628963459737833webdriver-profile/extensions/fxdriver@googlecode.com/components/command_processor.js:6839) ~[na:na]
	at <anonymous class>.WebElement.getElementText(file:///tmp/anonymous8572628963459737833webdriver-profile/extensions/fxdriver@googlecode.com/components/command_processor.js:9711) ~[na:na]
	at <anonymous class>.DelayedCommand.prototype.executeInternal_/h(file:///tmp/anonymous8572628963459737833webdriver-profile/extensions/fxdriver@googlecode.com/components/command_processor.js:10272) ~[na:na]
	at <anonymous class>.DelayedCommand.prototype.executeInternal_(file:///tmp/anonymous8572628963459737833webdriver-profile/extensions/fxdriver@googlecode.com/components/command_processor.js:10277) ~[na:na]
	at <anonymous class>.DelayedCommand.prototype.execute/<(file:///tmp/anonymous8572628963459737833webdriver-profile/extensions/fxdriver@googlecode.com/components/command_processor.js:10217) ~[na:na]
8765 [main] INFO  test.java.LogTest - >>>>>>>>>>>>>>>Test = typesOfPayment()<<<<<<<<<<<<<<<
8811 [main] DEBUG m.Driver.MyWebDriverEventListener - Webdriver will click on element tag:a id: js_header_signin ('Войти')
8918 [main] DEBUG m.Driver.MyWebDriverEventListener - Webdriver clicked on element tag:a id: js_header_signin ('Войти')
9010 [main] DEBUG m.Driver.MyWebDriverEventListener - WebDriver changing value in element found By.id: login_email from 'tag:input id: login_email ('')' to 'tag:input id: login_email ('')'
9847 [main] DEBUG m.Driver.MyWebDriverEventListener - WebDriver changing value in element found By.id: login_email from 'tag:input id: login_email ('')' to 'tag:input id: login_email ('')'
9996 [main] DEBUG m.Driver.MyWebDriverEventListener - WebDriver changing value in element found By.id: login_password from 'tag:input id: login_password ('')' to 'tag:input id: login_password ('')'
10286 [main] DEBUG m.Driver.MyWebDriverEventListener - WebDriver changing value in element found By.id: login_password from 'tag:input id: login_password ('')' to 'tag:input id: login_password ('')'
10385 [main] DEBUG m.Driver.MyWebDriverEventListener - WebDriver changing value in element found By.id: login_password from 'tag:input id: login_password ('')' to 'tag:input id: login_password ('')'
11468 [main] DEBUG m.Driver.MyWebDriverEventListener - Webdriver will click on element tag:a id:  ('0 TBM (1)')
11606 [main] DEBUG m.Driver.MyWebDriverEventListener - Webdriver clicked on element tag:a id:  ('0 TBM (1)')
11870 [main] DEBUG m.Driver.MyWebDriverEventListener - Webdriver will click on element tag:a id:  ('Пополнить счет')
11967 [main] DEBUG m.Driver.MyWebDriverEventListener - Webdriver clicked on element tag:a id:  ('Пополнить счет')
12114 [main] DEBUG m.Driver.MyWebDriverEventListener - Webdriver will click on element tag:a id:  ('Банковские карты
VISA и MasterCard')
12215 [main] DEBUG m.Driver.MyWebDriverEventListener - Webdriver clicked on element tag:a id:  ('Банковские карты
VISA и MasterCard')
22344 [main] ERROR m.Driver.MyWebDriverEventListener - WebDriver error: Element not found By.xpath: //a[img[@src='https://static.testun.com.ua/img/images/payment/method_card.jpg']]
22533 [main] DEBUG m.Driver.MyWebDriverEventListener - Webdriver will click on element tag:div id:  ('Пополнение вашего счёта
Банковские карты
VISA и MasterCard
Количество: TBM ≈ 100 Грн
Пополнить
Выбрать другой способ оплаты')
22741 [main] DEBUG m.Driver.MyWebDriverEventListener - Webdriver clicked on element tag:div id:  ('Пополнение вашего счёта
Банковские карты
VISA и MasterCard
Количество: TBM ≈ 100 Грн
Пополнить
Выбрать другой способ оплаты')
22965 [main] DEBUG m.Driver.MyWebDriverEventListener - WebDriver changing value in element found By.selector: .popup.popup_open from 'tag:div id:  ('Пополнение вашего счёта
Банковские карты
VISA и MasterCard
Количество: TBM ≈ 100 Грн
Пополнить
Выбрать другой способ оплаты')' to 'tag:div id:  ('')'
22970 [main] INFO  test.java.LogTest - >>>>>>>>>>@AfterMethod<<<<<<<<<
23074 [main] DEBUG m.Driver.MyWebDriverEventListener - Webdriver will click on element tag:a id: logout ('Выйти')
23159 [main] DEBUG m.Driver.MyWebDriverEventListener - Webdriver clicked on element tag:a id: logout ('Выйти')
23987 [Thread-0] DEBUG main.Driver.WebDriverFactory - Killing driver 
26065 [Thread-0] ERROR m.Driver.MyWebDriverEventListener - WebDriver error:
org.openqa.selenium.remote.UnreachableBrowserException: Error communicating with the remote browser. It may have died.
Build info: version: '2.31.0', revision: '1bd294d', time: '2013-02-27 20:52:59'
System info: os.name: 'Linux', os.arch: 'amd64', os.version: '3.2.0-23-generic', java.version: '1.7.0_17'
Driver info: driver.version: EventFiringWebDriver
	at org.openqa.selenium.remote.RemoteWebDriver.execute(RemoteWebDriver.java:548) ~[selenium-server-standalone-2.31.0.jar:na]
	at org.openqa.selenium.remote.RemoteWebDriver.execute(RemoteWebDriver.java:569) ~[selenium-server-standalone-2.31.0.jar:na]
	at org.openqa.selenium.remote.RemoteWebDriver.quit(RemoteWebDriver.java:423) ~[selenium-server-standalone-2.31.0.jar:na]
	at sun.reflect.NativeMethodAccessorImpl.invoke0(Native Method) ~[na:1.7.0_17]
	at sun.reflect.NativeMethodAccessorImpl.invoke(NativeMethodAccessorImpl.java:57) ~[na:1.7.0_17]
	at sun.reflect.DelegatingMethodAccessorImpl.invoke(DelegatingMethodAccessorImpl.java:43) ~[na:1.7.0_17]
	at java.lang.reflect.Method.invoke(Method.java:601) ~[na:1.7.0_17]
	at org.openqa.selenium.support.events.EventFiringWebDriver$2.invoke(EventFiringWebDriver.java:101) ~[selenium-server-standalone-2.31.0.jar:na]
	at com.sun.proxy.$Proxy8.quit(Unknown Source) ~[na:na]
	at org.openqa.selenium.support.events.EventFiringWebDriver.quit(EventFiringWebDriver.java:194) ~[selenium-server-standalone-2.31.0.jar:na]
	at main.Driver.WebDriverFactory.dismissDriver(WebDriverFactory.java:97) ~[classes/:na]
	at main.Driver.WebDriverFactory$1.run(WebDriverFactory.java:155) ~[classes/:na]
Caused by: org.apache.http.NoHttpResponseException: The target server failed to respond
	at org.apache.http.impl.conn.DefaultHttpResponseParser.parseHead(DefaultHttpResponseParser.java:95) ~[selenium-server-standalone-2.31.0.jar:na]
	at org.apache.http.impl.conn.DefaultHttpResponseParser.parseHead(DefaultHttpResponseParser.java:62) ~[selenium-server-standalone-2.31.0.jar:na]
	at org.apache.http.impl.io.AbstractMessageParser.parse(AbstractMessageParser.java:254) ~[selenium-server-standalone-2.31.0.jar:na]
	at org.apache.http.impl.AbstractHttpClientConnection.receiveResponseHeader(AbstractHttpClientConnection.java:289) ~[selenium-server-standalone-2.31.0.jar:na]
	at org.apache.http.impl.conn.DefaultClientConnection.receiveResponseHeader(DefaultClientConnection.java:252) ~[selenium-server-standalone-2.31.0.jar:na]
	at org.apache.http.impl.conn.AbstractClientConnAdapter.receiveResponseHeader(AbstractClientConnAdapter.java:219) ~[selenium-server-standalone-2.31.0.jar:na]
	at org.apache.http.protocol.HttpRequestExecutor.doReceiveResponse(HttpRequestExecutor.java:300) ~[selenium-server-standalone-2.31.0.jar:na]
	at org.apache.http.protocol.HttpRequestExecutor.execute(HttpRequestExecutor.java:127) ~[selenium-server-standalone-2.31.0.jar:na]
	at org.apache.http.impl.client.DefaultRequestDirector.tryExecute(DefaultRequestDirector.java:712) ~[selenium-server-standalone-2.31.0.jar:na]
	at org.apache.http.impl.client.DefaultRequestDirector.execute(DefaultRequestDirector.java:517) ~[selenium-server-standalone-2.31.0.jar:na]
	at org.apache.http.impl.client.AbstractHttpClient.execute(AbstractHttpClient.java:906) ~[selenium-server-standalone-2.31.0.jar:na]
	at org.openqa.selenium.remote.HttpCommandExecutor.fallBackExecute(HttpCommandExecutor.java:334) ~[selenium-server-standalone-2.31.0.jar:na]
	at org.openqa.selenium.remote.HttpCommandExecutor.execute(HttpCommandExecutor.java:295) ~[selenium-server-standalone-2.31.0.jar:na]
	at org.openqa.selenium.firefox.internal.NewProfileExtensionConnection.execute(NewProfileExtensionConnection.java:133) ~[selenium-server-standalone-2.31.0.jar:na]
	at org.openqa.selenium.firefox.FirefoxDriver$LazyCommandExecutor.execute(FirefoxDriver.java:355) ~[selenium-server-standalone-2.31.0.jar:na]
	at org.openqa.selenium.remote.RemoteWebDriver.execute(RemoteWebDriver.java:527) ~[selenium-server-standalone-2.31.0.jar:na]
	... 11 common frames omitted
26066 [Thread-0] WARN  main.Driver.WebDriverFactory - Driver killing error
org.openqa.selenium.remote.UnreachableBrowserException: Error communicating with the remote browser. It may have died.
Build info: version: '2.31.0', revision: '1bd294d', time: '2013-02-27 20:52:59'
System info: os.name: 'Linux', os.arch: 'amd64', os.version: '3.2.0-23-generic', java.version: '1.7.0_17'
Driver info: driver.version: EventFiringWebDriver
	at org.openqa.selenium.remote.RemoteWebDriver.execute(RemoteWebDriver.java:548) ~[selenium-server-standalone-2.31.0.jar:na]
	at org.openqa.selenium.remote.RemoteWebDriver.execute(RemoteWebDriver.java:569) ~[selenium-server-standalone-2.31.0.jar:na]
	at org.openqa.selenium.remote.RemoteWebDriver.quit(RemoteWebDriver.java:423) ~[selenium-server-standalone-2.31.0.jar:na]
	at sun.reflect.NativeMethodAccessorImpl.invoke0(Native Method) ~[na:1.7.0_17]
	at sun.reflect.NativeMethodAccessorImpl.invoke(NativeMethodAccessorImpl.java:57) ~[na:1.7.0_17]
	at sun.reflect.DelegatingMethodAccessorImpl.invoke(DelegatingMethodAccessorImpl.java:43) ~[na:1.7.0_17]
	at java.lang.reflect.Method.invoke(Method.java:601) ~[na:1.7.0_17]
	at org.openqa.selenium.support.events.EventFiringWebDriver$2.invoke(EventFiringWebDriver.java:101) ~[selenium-server-standalone-2.31.0.jar:na]
	at com.sun.proxy.$Proxy8.quit(Unknown Source) ~[na:na]
	at org.openqa.selenium.support.events.EventFiringWebDriver.quit(EventFiringWebDriver.java:194) ~[selenium-server-standalone-2.31.0.jar:na]
	at main.Driver.WebDriverFactory.dismissDriver(WebDriverFactory.java:97) ~[classes/:na]
	at main.Driver.WebDriverFactory$1.run(WebDriverFactory.java:155) [classes/:na]
Caused by: org.apache.http.NoHttpResponseException: The target server failed to respond
	at org.apache.http.impl.conn.DefaultHttpResponseParser.parseHead(DefaultHttpResponseParser.java:95) ~[selenium-server-standalone-2.31.0.jar:na]
	at org.apache.http.impl.conn.DefaultHttpResponseParser.parseHead(DefaultHttpResponseParser.java:62) ~[selenium-server-standalone-2.31.0.jar:na]
	at org.apache.http.impl.io.AbstractMessageParser.parse(AbstractMessageParser.java:254) ~[selenium-server-standalone-2.31.0.jar:na]
	at org.apache.http.impl.AbstractHttpClientConnection.receiveResponseHeader(AbstractHttpClientConnection.java:289) ~[selenium-server-standalone-2.31.0.jar:na]
	at org.apache.http.impl.conn.DefaultClientConnection.receiveResponseHeader(DefaultClientConnection.java:252) ~[selenium-server-standalone-2.31.0.jar:na]
	at org.apache.http.impl.conn.AbstractClientConnAdapter.receiveResponseHeader(AbstractClientConnAdapter.java:219) ~[selenium-server-standalone-2.31.0.jar:na]
	at org.apache.http.protocol.HttpRequestExecutor.doReceiveResponse(HttpRequestExecutor.java:300) ~[selenium-server-standalone-2.31.0.jar:na]
	at org.apache.http.protocol.HttpRequestExecutor.execute(HttpRequestExecutor.java:127) ~[selenium-server-standalone-2.31.0.jar:na]
	at org.apache.http.impl.client.DefaultRequestDirector.tryExecute(DefaultRequestDirector.java:712) ~[selenium-server-standalone-2.31.0.jar:na]
	at org.apache.http.impl.client.DefaultRequestDirector.execute(DefaultRequestDirector.java:517) ~[selenium-server-standalone-2.31.0.jar:na]
	at org.apache.http.impl.client.AbstractHttpClient.execute(AbstractHttpClient.java:906) ~[selenium-server-standalone-2.31.0.jar:na]
	at org.openqa.selenium.remote.HttpCommandExecutor.fallBackExecute(HttpCommandExecutor.java:334) ~[selenium-server-standalone-2.31.0.jar:na]
	at org.openqa.selenium.remote.HttpCommandExecutor.execute(HttpCommandExecutor.java:295) ~[selenium-server-standalone-2.31.0.jar:na]
	at org.openqa.selenium.firefox.internal.NewProfileExtensionConnection.execute(NewProfileExtensionConnection.java:133) ~[selenium-server-standalone-2.31.0.jar:na]
	at org.openqa.selenium.firefox.FirefoxDriver$LazyCommandExecutor.execute(FirefoxDriver.java:355) ~[selenium-server-standalone-2.31.0.jar:na]
	at org.openqa.selenium.remote.RemoteWebDriver.execute(RemoteWebDriver.java:527) ~[selenium-server-standalone-2.31.0.jar:na]
	... 11 common frames omitted
281  [main] INFO  test.java.LogTest - >>>>>>>>>>>>>>>>>>>>>>>>>>>>>>>>>>>>>class test.java.MoneyTest<<<<<<<<<<<<<<<<<<<<<<<<<<<<<<<<<<<<<<<
288  [main] DEBUG main.Driver.WebDriverFactory - Requested driver: Capabilities [{platform=ANY, browserName=firefox, version=}]:null
4475 [main] INFO  m.Driver.MyWebDriverEventListener - WebDriver navigating to:'https://plush.com.ua/'
7335 [main] DEBUG m.Driver.MyWebDriverEventListener - Webdriver will click on element tag:li id:  ('English▼')
7409 [main] DEBUG m.Driver.MyWebDriverEventListener - Webdriver clicked on element tag:li id:  ('English')
7452 [main] DEBUG m.Driver.MyWebDriverEventListener - Webdriver will click on element tag:a id: lang_ru ('Русский')
7541 [main] DEBUG m.Driver.MyWebDriverEventListener - Webdriver clicked on element tag:a id: lang_ru ('')
8191 [main] ERROR m.Driver.MyWebDriverEventListener - WebDriver error:
org.openqa.selenium.StaleElementReferenceException: Element not found in the cache - perhaps the page has changed since it was looked up
Command duration or timeout: 636 milliseconds
For documentation on this error, please visit: http://seleniumhq.org/exceptions/stale_element_reference.html
Build info: version: '2.31.0', revision: '1bd294d', time: '2013-02-27 20:52:59'
System info: os.name: 'Linux', os.arch: 'amd64', os.version: '3.2.0-23-generic', java.version: '1.7.0_17'
Session ID: 8e686ab1-4784-4ff9-bbfd-c19d6eb2529d
Driver info: org.openqa.selenium.firefox.FirefoxDriver
Capabilities [{platform=LINUX, databaseEnabled=true, cssSelectorsEnabled=true, javascriptEnabled=true, acceptSslCerts=true, handlesAlerts=true, browserName=firefox, browserConnectionEnabled=true, nativeEvents=false, webStorageEnabled=true, rotatable=false, locationContextEnabled=true, applicationCacheEnabled=true, takesScreenshot=true, version=19.0.2}]
	at sun.reflect.NativeConstructorAccessorImpl.newInstance0(Native Method) ~[na:1.7.0_17]
	at sun.reflect.NativeConstructorAccessorImpl.newInstance(NativeConstructorAccessorImpl.java:57) ~[na:1.7.0_17]
	at sun.reflect.DelegatingConstructorAccessorImpl.newInstance(DelegatingConstructorAccessorImpl.java:45) ~[na:1.7.0_17]
	at java.lang.reflect.Constructor.newInstance(Constructor.java:525) ~[na:1.7.0_17]
	at org.openqa.selenium.remote.ErrorHandler.createThrowable(ErrorHandler.java:187) ~[selenium-server-standalone-2.31.0.jar:na]
	at org.openqa.selenium.remote.ErrorHandler.throwIfResponseFailed(ErrorHandler.java:145) ~[selenium-server-standalone-2.31.0.jar:na]
	at org.openqa.selenium.remote.RemoteWebDriver.execute(RemoteWebDriver.java:554) ~[selenium-server-standalone-2.31.0.jar:na]
	at org.openqa.selenium.remote.RemoteWebElement.execute(RemoteWebElement.java:268) ~[selenium-server-standalone-2.31.0.jar:na]
	at org.openqa.selenium.remote.RemoteWebElement.getText(RemoteWebElement.java:152) ~[selenium-server-standalone-2.31.0.jar:na]
	at sun.reflect.NativeMethodAccessorImpl.invoke0(Native Method) ~[na:1.7.0_17]
	at sun.reflect.NativeMethodAccessorImpl.invoke(NativeMethodAccessorImpl.java:57) ~[na:1.7.0_17]
	at sun.reflect.DelegatingMethodAccessorImpl.invoke(DelegatingMethodAccessorImpl.java:43) ~[na:1.7.0_17]
	at java.lang.reflect.Method.invoke(Method.java:601) ~[na:1.7.0_17]
	at org.openqa.selenium.support.events.EventFiringWebDriver$EventFiringWebElement$1.invoke(EventFiringWebDriver.java:327) ~[selenium-server-standalone-2.31.0.jar:na]
	at com.sun.proxy.$Proxy9.getText(Unknown Source) ~[na:na]
	at org.openqa.selenium.support.events.EventFiringWebDriver$EventFiringWebElement.getText(EventFiringWebDriver.java:377) ~[selenium-server-standalone-2.31.0.jar:na]
	at org.openqa.selenium.support.ui.ExpectedConditions$7.apply(ExpectedConditions.java:208) ~[selenium-server-standalone-2.31.0.jar:na]
	at org.openqa.selenium.support.ui.ExpectedConditions$7.apply(ExpectedConditions.java:1) ~[selenium-server-standalone-2.31.0.jar:na]
	at org.openqa.selenium.support.ui.FluentWait.until(FluentWait.java:208) [selenium-server-standalone-2.31.0.jar:na]
	at main.pages.HomePage.selectLang(HomePage.java:144) [classes/:na]
	at test.java.MoneyTest.setup(MoneyTest.java:38) [classes/:na]
	at sun.reflect.NativeMethodAccessorImpl.invoke0(Native Method) ~[na:1.7.0_17]
	at sun.reflect.NativeMethodAccessorImpl.invoke(NativeMethodAccessorImpl.java:57) ~[na:1.7.0_17]
	at sun.reflect.DelegatingMethodAccessorImpl.invoke(DelegatingMethodAccessorImpl.java:43) ~[na:1.7.0_17]
	at java.lang.reflect.Method.invoke(Method.java:601) ~[na:1.7.0_17]
	at org.testng.internal.MethodInvocationHelper.invokeMethod(MethodInvocationHelper.java:80) [testng.jar:6.9beta-201211201815]
	at org.testng.internal.Invoker.invokeConfigurationMethod(Invoker.java:564) [testng.jar:6.9beta-201211201815]
	at org.testng.internal.Invoker.invokeConfigurations(Invoker.java:213) [testng.jar:6.9beta-201211201815]
	at org.testng.internal.Invoker.invokeMethod(Invoker.java:653) [testng.jar:6.9beta-201211201815]
	at org.testng.internal.Invoker.invokeTestMethod(Invoker.java:901) [testng.jar:6.9beta-201211201815]
	at org.testng.internal.Invoker.invokeTestMethods(Invoker.java:1231) [testng.jar:6.9beta-201211201815]
	at org.testng.internal.TestMethodWorker.invokeTestMethods(TestMethodWorker.java:128) [testng.jar:6.9beta-201211201815]
	at org.testng.internal.TestMethodWorker.run(TestMethodWorker.java:111) [testng.jar:6.9beta-201211201815]
	at org.testng.TestRunner.privateRun(TestRunner.java:767) [testng.jar:6.9beta-201211201815]
	at org.testng.TestRunner.run(TestRunner.java:617) [testng.jar:6.9beta-201211201815]
	at org.testng.SuiteRunner.runTest(SuiteRunner.java:334) [testng.jar:6.9beta-201211201815]
	at org.testng.SuiteRunner.runSequentially(SuiteRunner.java:329) [testng.jar:6.9beta-201211201815]
	at org.testng.SuiteRunner.privateRun(SuiteRunner.java:291) [testng.jar:6.9beta-201211201815]
	at org.testng.SuiteRunner.run(SuiteRunner.java:240) [testng.jar:6.9beta-201211201815]
	at org.testng.SuiteRunnerWorker.runSuite(SuiteRunnerWorker.java:52) [testng.jar:6.9beta-201211201815]
	at org.testng.SuiteRunnerWorker.run(SuiteRunnerWorker.java:86) [testng.jar:6.9beta-201211201815]
	at org.testng.TestNG.runSuitesSequentially(TestNG.java:1203) [testng.jar:6.9beta-201211201815]
	at org.testng.TestNG.runSuitesLocally(TestNG.java:1128) [testng.jar:6.9beta-201211201815]
	at org.testng.TestNG.run(TestNG.java:1036) [testng.jar:6.9beta-201211201815]
	at org.testng.remote.RemoteTestNG.run(RemoteTestNG.java:111) [testng.jar:6.9beta-201211201815]
	at org.testng.remote.RemoteTestNG.initAndRun(RemoteTestNG.java:204) [testng.jar:6.9beta-201211201815]
	at org.testng.remote.RemoteTestNG.main(RemoteTestNG.java:175) [testng.jar:6.9beta-201211201815]
org.openqa.selenium.remote.ErrorHandler$UnknownServerException: Element not found in the cache - perhaps the page has changed since it was looked up
Build info: version: '2.31.0', revision: '1bd294d', time: '2013-02-27 20:52:59'
System info: os.name: 'Linux', os.arch: 'amd64', os.version: '3.2.0-23-generic', java.version: '1.7.0_17'
Driver info: driver.version: unknown
	at <anonymous class>.fxdriver.cache.getElementAt(resource://fxdriver/modules/web_element_cache.js:7234) ~[na:na]
	at <anonymous class>.Utils.getElementAt(file:///tmp/anonymous2236217476092719364webdriver-profile/extensions/fxdriver@googlecode.com/components/command_processor.js:6839) ~[na:na]
	at <anonymous class>.WebElement.getElementText(file:///tmp/anonymous2236217476092719364webdriver-profile/extensions/fxdriver@googlecode.com/components/command_processor.js:9711) ~[na:na]
	at <anonymous class>.DelayedCommand.prototype.executeInternal_/h(file:///tmp/anonymous2236217476092719364webdriver-profile/extensions/fxdriver@googlecode.com/components/command_processor.js:10272) ~[na:na]
	at <anonymous class>.DelayedCommand.prototype.executeInternal_(file:///tmp/anonymous2236217476092719364webdriver-profile/extensions/fxdriver@googlecode.com/components/command_processor.js:10277) ~[na:na]
	at <anonymous class>.DelayedCommand.prototype.execute/<(file:///tmp/anonymous2236217476092719364webdriver-profile/extensions/fxdriver@googlecode.com/components/command_processor.js:10217) ~[na:na]
8710 [main] INFO  test.java.LogTest - >>>>>>>>>>>>>>>Test = typesOfPayment()<<<<<<<<<<<<<<<
8733 [main] DEBUG m.Driver.MyWebDriverEventListener - Webdriver will click on element tag:a id: js_header_signin ('Войти')
8821 [main] DEBUG m.Driver.MyWebDriverEventListener - Webdriver clicked on element tag:a id: js_header_signin ('Войти')
8878 [main] DEBUG m.Driver.MyWebDriverEventListener - WebDriver changing value in element found By.id: login_email from 'tag:input id: login_email ('')' to 'tag:input id: login_email ('')'
9015 [main] DEBUG m.Driver.MyWebDriverEventListener - WebDriver changing value in element found By.id: login_email from 'tag:input id: login_email ('')' to 'tag:input id: login_email ('')'
10039 [main] DEBUG m.Driver.MyWebDriverEventListener - WebDriver changing value in element found By.id: login_password from 'tag:input id: login_password ('')' to 'tag:input id: login_password ('')'
10178 [main] DEBUG m.Driver.MyWebDriverEventListener - WebDriver changing value in element found By.id: login_password from 'tag:input id: login_password ('')' to 'tag:input id: login_password ('')'
10244 [main] DEBUG m.Driver.MyWebDriverEventListener - WebDriver changing value in element found By.id: login_password from 'tag:input id: login_password ('')' to 'tag:input id: login_password ('')'
11334 [main] DEBUG m.Driver.MyWebDriverEventListener - Webdriver will click on element tag:a id:  ('0 TBM (1)')
11417 [main] DEBUG m.Driver.MyWebDriverEventListener - Webdriver clicked on element tag:a id:  ('0 TBM (1)')
11703 [main] DEBUG m.Driver.MyWebDriverEventListener - Webdriver will click on element tag:a id:  ('Пополнить счет')
11783 [main] DEBUG m.Driver.MyWebDriverEventListener - Webdriver clicked on element tag:a id:  ('Пополнить счет')
11927 [main] DEBUG m.Driver.MyWebDriverEventListener - Webdriver will click on element tag:a id:  ('Банковские карты
VISA и MasterCard')
12022 [main] DEBUG m.Driver.MyWebDriverEventListener - Webdriver clicked on element tag:a id:  ('Банковские карты
VISA и MasterCard')
12154 [main] DEBUG m.Driver.MyWebDriverEventListener - Webdriver will click on element tag:a id:  ('')
12231 [main] DEBUG m.Driver.MyWebDriverEventListener - Webdriver clicked on element tag:a id:  ('')
12298 [main] DEBUG m.Driver.MyWebDriverEventListener - WebDriver changing value in element found By.xpath: //div[@class='money-wrap']//input from 'tag:input id: fake_amount ('')' to 'tag:input id: fake_amount ('')'
12373 [main] DEBUG m.Driver.MyWebDriverEventListener - WebDriver changing value in element found By.xpath: //div[@class='money-wrap']//input from 'tag:input id: fake_amount ('')' to 'tag:input id: fake_amount ('')'
12437 [main] DEBUG m.Driver.MyWebDriverEventListener - WebDriver changing value in element found By.xpath: //div[@class='money-wrap']//input from 'tag:input id: fake_amount ('')' to 'tag:input id: fake_amount ('')'
12465 [main] DEBUG m.Driver.MyWebDriverEventListener - Webdriver will click on element tag:a id: payform_submit ('Пополнить')
12670 [main] DEBUG m.Driver.MyWebDriverEventListener - Webdriver clicked on element tag:a id: payform_submit ('')
17278 [main] DEBUG m.Driver.MyWebDriverEventListener - Webdriver will click on element tag:a id:  ('Платежные системы
WebMoney, Visa QIWI Wallet, Яндекс.Деньги, PayPal, Деньги@mail.ru, EasyPay, ...')
17362 [main] DEBUG m.Driver.MyWebDriverEventListener - Webdriver clicked on element tag:a id:  ('Платежные системы
WebMoney, Visa QIWI Wallet, Яндекс.Деньги, PayPal, Деньги@mail.ru, EasyPay, ...')
17592 [main] DEBUG m.Driver.MyWebDriverEventListener - Webdriver will click on element tag:a id:  ('')
17685 [main] DEBUG m.Driver.MyWebDriverEventListener - Webdriver clicked on element tag:a id:  ('')
17752 [main] DEBUG m.Driver.MyWebDriverEventListener - WebDriver changing value in element found By.xpath: //div[@class='money-wrap']//input from 'tag:input id: fake_amount ('')' to 'tag:input id: fake_amount ('')'
17833 [main] DEBUG m.Driver.MyWebDriverEventListener - WebDriver changing value in element found By.xpath: //div[@class='money-wrap']//input from 'tag:input id: fake_amount ('')' to 'tag:input id: fake_amount ('')'
17897 [main] DEBUG m.Driver.MyWebDriverEventListener - WebDriver changing value in element found By.xpath: //div[@class='money-wrap']//input from 'tag:input id: fake_amount ('')' to 'tag:input id: fake_amount ('')'
17924 [main] DEBUG m.Driver.MyWebDriverEventListener - Webdriver will click on element tag:a id: payform_submit ('Пополнить')
18106 [main] DEBUG m.Driver.MyWebDriverEventListener - Webdriver clicked on element tag:a id: payform_submit ('')
19183 [main] DEBUG m.Driver.MyWebDriverEventListener - Webdriver will click on element tag:a id:  ('Платежные системы
WebMoney, Visa QIWI Wallet, Яндекс.Деньги, PayPal, Деньги@mail.ru, EasyPay, ...')
19267 [main] DEBUG m.Driver.MyWebDriverEventListener - Webdriver clicked on element tag:a id:  ('Платежные системы
WebMoney, Visa QIWI Wallet, Яндекс.Деньги, PayPal, Деньги@mail.ru, EasyPay, ...')
19392 [main] DEBUG m.Driver.MyWebDriverEventListener - Webdriver will click on element tag:a id:  ('')
19474 [main] DEBUG m.Driver.MyWebDriverEventListener - Webdriver clicked on element tag:a id:  ('')
19538 [main] DEBUG m.Driver.MyWebDriverEventListener - WebDriver changing value in element found By.xpath: //div[@class='money-wrap']//input from 'tag:input id: fake_amount ('')' to 'tag:input id: fake_amount ('')'
19603 [main] DEBUG m.Driver.MyWebDriverEventListener - WebDriver changing value in element found By.xpath: //div[@class='money-wrap']//input from 'tag:input id: fake_amount ('')' to 'tag:input id: fake_amount ('')'
19667 [main] DEBUG m.Driver.MyWebDriverEventListener - WebDriver changing value in element found By.xpath: //div[@class='money-wrap']//input from 'tag:input id: fake_amount ('')' to 'tag:input id: fake_amount ('')'
19696 [main] DEBUG m.Driver.MyWebDriverEventListener - Webdriver will click on element tag:a id: payform_submit ('Пополнить')
19886 [main] DEBUG m.Driver.MyWebDriverEventListener - Webdriver clicked on element tag:a id: payform_submit ('')
20964 [main] DEBUG m.Driver.MyWebDriverEventListener - Webdriver will click on element tag:a id:  ('Платежные системы
WebMoney, Visa QIWI Wallet, Яндекс.Деньги, PayPal, Деньги@mail.ru, EasyPay, ...')
21046 [main] DEBUG m.Driver.MyWebDriverEventListener - Webdriver clicked on element tag:a id:  ('Платежные системы
WebMoney, Visa QIWI Wallet, Яндекс.Деньги, PayPal, Деньги@mail.ru, EasyPay, ...')
21173 [main] DEBUG m.Driver.MyWebDriverEventListener - Webdriver will click on element tag:a id:  ('')
21257 [main] DEBUG m.Driver.MyWebDriverEventListener - Webdriver clicked on element tag:a id:  ('')
21319 [main] DEBUG m.Driver.MyWebDriverEventListener - WebDriver changing value in element found By.xpath: //div[@class='money-wrap']//input from 'tag:input id: fake_amount ('')' to 'tag:input id: fake_amount ('')'
21391 [main] DEBUG m.Driver.MyWebDriverEventListener - WebDriver changing value in element found By.xpath: //div[@class='money-wrap']//input from 'tag:input id: fake_amount ('')' to 'tag:input id: fake_amount ('')'
21452 [main] DEBUG m.Driver.MyWebDriverEventListener - WebDriver changing value in element found By.xpath: //div[@class='money-wrap']//input from 'tag:input id: fake_amount ('')' to 'tag:input id: fake_amount ('')'
21482 [main] DEBUG m.Driver.MyWebDriverEventListener - Webdriver will click on element tag:a id: payform_submit ('Пополнить')
21672 [main] DEBUG m.Driver.MyWebDriverEventListener - Webdriver clicked on element tag:a id: payform_submit ('')
22738 [main] DEBUG m.Driver.MyWebDriverEventListener - Webdriver will click on element tag:a id:  ('Платежные системы
WebMoney, Visa QIWI Wallet, Яндекс.Деньги, PayPal, Деньги@mail.ru, EasyPay, ...')
22823 [main] DEBUG m.Driver.MyWebDriverEventListener - Webdriver clicked on element tag:a id:  ('Платежные системы
WebMoney, Visa QIWI Wallet, Яндекс.Деньги, PayPal, Деньги@mail.ru, EasyPay, ...')
22951 [main] DEBUG m.Driver.MyWebDriverEventListener - Webdriver will click on element tag:a id:  ('')
23044 [main] DEBUG m.Driver.MyWebDriverEventListener - Webdriver clicked on element tag:a id:  ('')
23113 [main] DEBUG m.Driver.MyWebDriverEventListener - WebDriver changing value in element found By.xpath: //div[@class='money-wrap']//input from 'tag:input id: fake_amount ('')' to 'tag:input id: fake_amount ('')'
23186 [main] DEBUG m.Driver.MyWebDriverEventListener - WebDriver changing value in element found By.xpath: //div[@class='money-wrap']//input from 'tag:input id: fake_amount ('')' to 'tag:input id: fake_amount ('')'
23244 [main] DEBUG m.Driver.MyWebDriverEventListener - WebDriver changing value in element found By.xpath: //div[@class='money-wrap']//input from 'tag:input id: fake_amount ('')' to 'tag:input id: fake_amount ('')'
23273 [main] DEBUG m.Driver.MyWebDriverEventListener - Webdriver will click on element tag:a id: payform_submit ('Пополнить')
23442 [main] DEBUG m.Driver.MyWebDriverEventListener - Webdriver clicked on element tag:a id: payform_submit ('')
24543 [main] DEBUG m.Driver.MyWebDriverEventListener - Webdriver will click on element tag:a id:  ('Платежные системы
WebMoney, Visa QIWI Wallet, Яндекс.Деньги, PayPal, Деньги@mail.ru, EasyPay, ...')
24624 [main] DEBUG m.Driver.MyWebDriverEventListener - Webdriver clicked on element tag:a id:  ('Платежные системы
WebMoney, Visa QIWI Wallet, Яндекс.Деньги, PayPal, Деньги@mail.ru, EasyPay, ...')
24750 [main] DEBUG m.Driver.MyWebDriverEventListener - Webdriver will click on element tag:a id:  ('')
24831 [main] DEBUG m.Driver.MyWebDriverEventListener - Webdriver clicked on element tag:a id:  ('')
24900 [main] DEBUG m.Driver.MyWebDriverEventListener - WebDriver changing value in element found By.xpath: //div[@class='money-wrap']//input from 'tag:input id: fake_amount ('')' to 'tag:input id: fake_amount ('')'
24969 [main] DEBUG m.Driver.MyWebDriverEventListener - WebDriver changing value in element found By.xpath: //div[@class='money-wrap']//input from 'tag:input id: fake_amount ('')' to 'tag:input id: fake_amount ('')'
25026 [main] DEBUG m.Driver.MyWebDriverEventListener - WebDriver changing value in element found By.xpath: //div[@class='money-wrap']//input from 'tag:input id: fake_amount ('')' to 'tag:input id: fake_amount ('')'
25053 [main] DEBUG m.Driver.MyWebDriverEventListener - Webdriver will click on element tag:a id: payform_submit ('Пополнить')
25229 [main] DEBUG m.Driver.MyWebDriverEventListener - Webdriver clicked on element tag:a id: payform_submit ('')
26828 [main] DEBUG m.Driver.MyWebDriverEventListener - Webdriver will click on element tag:a id:  ('Платежные системы
WebMoney, Visa QIWI Wallet, Яндекс.Деньги, PayPal, Деньги@mail.ru, EasyPay, ...')
26911 [main] DEBUG m.Driver.MyWebDriverEventListener - Webdriver clicked on element tag:a id:  ('Платежные системы
WebMoney, Visa QIWI Wallet, Яндекс.Деньги, PayPal, Деньги@mail.ru, EasyPay, ...')
27038 [main] DEBUG m.Driver.MyWebDriverEventListener - Webdriver will click on element tag:a id:  ('')
27127 [main] DEBUG m.Driver.MyWebDriverEventListener - Webdriver clicked on element tag:a id:  ('')
27196 [main] DEBUG m.Driver.MyWebDriverEventListener - WebDriver changing value in element found By.xpath: //div[@class='money-wrap']//input from 'tag:input id: fake_amount ('')' to 'tag:input id: fake_amount ('')'
27271 [main] DEBUG m.Driver.MyWebDriverEventListener - WebDriver changing value in element found By.xpath: //div[@class='money-wrap']//input from 'tag:input id: fake_amount ('')' to 'tag:input id: fake_amount ('')'
27335 [main] DEBUG m.Driver.MyWebDriverEventListener - WebDriver changing value in element found By.xpath: //div[@class='money-wrap']//input from 'tag:input id: fake_amount ('')' to 'tag:input id: fake_amount ('')'
27366 [main] DEBUG m.Driver.MyWebDriverEventListener - Webdriver will click on element tag:a id: payform_submit ('Пополнить')
27533 [main] DEBUG m.Driver.MyWebDriverEventListener - Webdriver clicked on element tag:a id: payform_submit ('')
32607 [main] DEBUG m.Driver.MyWebDriverEventListener - Webdriver will click on element tag:a id:  ('Платежные системы
WebMoney, Visa QIWI Wallet, Яндекс.Деньги, PayPal, Деньги@mail.ru, EasyPay, ...')
32693 [main] DEBUG m.Driver.MyWebDriverEventListener - Webdriver clicked on element tag:a id:  ('Платежные системы
WebMoney, Visa QIWI Wallet, Яндекс.Деньги, PayPal, Деньги@mail.ru, EasyPay, ...')
32824 [main] DEBUG m.Driver.MyWebDriverEventListener - Webdriver will click on element tag:a id:  ('')
32916 [main] DEBUG m.Driver.MyWebDriverEventListener - Webdriver clicked on element tag:a id:  ('')
32986 [main] DEBUG m.Driver.MyWebDriverEventListener - WebDriver changing value in element found By.xpath: //div[@class='money-wrap']//input from 'tag:input id: fake_amount ('')' to 'tag:input id: fake_amount ('')'
33059 [main] DEBUG m.Driver.MyWebDriverEventListener - WebDriver changing value in element found By.xpath: //div[@class='money-wrap']//input from 'tag:input id: fake_amount ('')' to 'tag:input id: fake_amount ('')'
33128 [main] DEBUG m.Driver.MyWebDriverEventListener - WebDriver changing value in element found By.xpath: //div[@class='money-wrap']//input from 'tag:input id: fake_amount ('')' to 'tag:input id: fake_amount ('')'
33160 [main] DEBUG m.Driver.MyWebDriverEventListener - Webdriver will click on element tag:a id: payform_submit ('Пополнить')
33370 [main] DEBUG m.Driver.MyWebDriverEventListener - Webdriver clicked on element tag:a id: payform_submit ('')
35413 [main] DEBUG m.Driver.MyWebDriverEventListener - Webdriver will click on element tag:a id:  ('Платежные системы
WebMoney, Visa QIWI Wallet, Яндекс.Деньги, PayPal, Деньги@mail.ru, EasyPay, ...')
35497 [main] DEBUG m.Driver.MyWebDriverEventListener - Webdriver clicked on element tag:a id:  ('Платежные системы
WebMoney, Visa QIWI Wallet, Яндекс.Деньги, PayPal, Деньги@mail.ru, EasyPay, ...')
35625 [main] DEBUG m.Driver.MyWebDriverEventListener - Webdriver will click on element tag:a id:  ('')
35710 [main] DEBUG m.Driver.MyWebDriverEventListener - Webdriver clicked on element tag:a id:  ('')
35783 [main] DEBUG m.Driver.MyWebDriverEventListener - WebDriver changing value in element found By.xpath: //div[@class='money-wrap']//input from 'tag:input id: fake_amount ('')' to 'tag:input id: fake_amount ('')'
35852 [main] DEBUG m.Driver.MyWebDriverEventListener - WebDriver changing value in element found By.xpath: //div[@class='money-wrap']//input from 'tag:input id: fake_amount ('')' to 'tag:input id: fake_amount ('')'
35913 [main] DEBUG m.Driver.MyWebDriverEventListener - WebDriver changing value in element found By.xpath: //div[@class='money-wrap']//input from 'tag:input id: fake_amount ('')' to 'tag:input id: fake_amount ('')'
35942 [main] DEBUG m.Driver.MyWebDriverEventListener - Webdriver will click on element tag:a id: payform_submit ('Пополнить')
36128 [main] DEBUG m.Driver.MyWebDriverEventListener - Webdriver clicked on element tag:a id: payform_submit ('')
39262 [main] DEBUG m.Driver.MyWebDriverEventListener - Webdriver will click on element tag:a id:  ('Платежные системы
WebMoney, Visa QIWI Wallet, Яндекс.Деньги, PayPal, Деньги@mail.ru, EasyPay, ...')
39356 [main] DEBUG m.Driver.MyWebDriverEventListener - Webdriver clicked on element tag:a id:  ('Платежные системы
WebMoney, Visa QIWI Wallet, Яндекс.Деньги, PayPal, Деньги@mail.ru, EasyPay, ...')
39496 [main] DEBUG m.Driver.MyWebDriverEventListener - Webdriver will click on element tag:a id:  ('')
39592 [main] DEBUG m.Driver.MyWebDriverEventListener - Webdriver clicked on element tag:a id:  ('')
39656 [main] DEBUG m.Driver.MyWebDriverEventListener - WebDriver changing value in element found By.xpath: //div[@class='money-wrap']//input from 'tag:input id: fake_amount ('')' to 'tag:input id: fake_amount ('')'
39731 [main] DEBUG m.Driver.MyWebDriverEventListener - WebDriver changing value in element found By.xpath: //div[@class='money-wrap']//input from 'tag:input id: fake_amount ('')' to 'tag:input id: fake_amount ('')'
39798 [main] DEBUG m.Driver.MyWebDriverEventListener - WebDriver changing value in element found By.xpath: //div[@class='money-wrap']//input from 'tag:input id: fake_amount ('')' to 'tag:input id: fake_amount ('')'
39826 [main] DEBUG m.Driver.MyWebDriverEventListener - Webdriver will click on element tag:a id: payform_submit ('Пополнить')
40016 [main] DEBUG m.Driver.MyWebDriverEventListener - Webdriver clicked on element tag:a id: payform_submit ('')
42094 [main] DEBUG m.Driver.MyWebDriverEventListener - Webdriver will click on element tag:a id:  ('Платежные системы
WebMoney, Visa QIWI Wallet, Яндекс.Деньги, PayPal, Деньги@mail.ru, EasyPay, ...')
42182 [main] DEBUG m.Driver.MyWebDriverEventListener - Webdriver clicked on element tag:a id:  ('Платежные системы
WebMoney, Visa QIWI Wallet, Яндекс.Деньги, PayPal, Деньги@mail.ru, EasyPay, ...')
42316 [main] DEBUG m.Driver.MyWebDriverEventListener - Webdriver will click on element tag:a id:  ('')
42405 [main] DEBUG m.Driver.MyWebDriverEventListener - Webdriver clicked on element tag:a id:  ('')
42478 [main] DEBUG m.Driver.MyWebDriverEventListener - WebDriver changing value in element found By.xpath: //div[@class='money-wrap']//input from 'tag:input id: fake_amount ('')' to 'tag:input id: fake_amount ('')'
42553 [main] DEBUG m.Driver.MyWebDriverEventListener - WebDriver changing value in element found By.xpath: //div[@class='money-wrap']//input from 'tag:input id: fake_amount ('')' to 'tag:input id: fake_amount ('')'
42620 [main] DEBUG m.Driver.MyWebDriverEventListener - WebDriver changing value in element found By.xpath: //div[@class='money-wrap']//input from 'tag:input id: fake_amount ('')' to 'tag:input id: fake_amount ('')'
42652 [main] DEBUG m.Driver.MyWebDriverEventListener - Webdriver will click on element tag:a id: payform_submit ('Пополнить')
42845 [main] DEBUG m.Driver.MyWebDriverEventListener - Webdriver clicked on element tag:a id: payform_submit ('')
44083 [main] DEBUG m.Driver.MyWebDriverEventListener - Webdriver will click on element tag:a id:  ('Платежные системы
WebMoney, Visa QIWI Wallet, Яндекс.Деньги, PayPal, Деньги@mail.ru, EasyPay, ...')
44173 [main] DEBUG m.Driver.MyWebDriverEventListener - Webdriver clicked on element tag:a id:  ('Платежные системы
WebMoney, Visa QIWI Wallet, Яндекс.Деньги, PayPal, Деньги@mail.ru, EasyPay, ...')
44298 [main] DEBUG m.Driver.MyWebDriverEventListener - Webdriver will click on element tag:a id:  ('')
44391 [main] DEBUG m.Driver.MyWebDriverEventListener - Webdriver clicked on element tag:a id:  ('')
44469 [main] DEBUG m.Driver.MyWebDriverEventListener - WebDriver changing value in element found By.xpath: //div[@class='money-wrap']//input from 'tag:input id: fake_amount ('')' to 'tag:input id: fake_amount ('')'
44543 [main] DEBUG m.Driver.MyWebDriverEventListener - WebDriver changing value in element found By.xpath: //div[@class='money-wrap']//input from 'tag:input id: fake_amount ('')' to 'tag:input id: fake_amount ('')'
44677 [main] DEBUG m.Driver.MyWebDriverEventListener - WebDriver changing value in element found By.xpath: //div[@class='money-wrap']//input from 'tag:input id: fake_amount ('')' to 'tag:input id: fake_amount ('')'
44763 [main] DEBUG m.Driver.MyWebDriverEventListener - Webdriver will click on element tag:a id: payform_submit ('Пополнить')
45042 [main] DEBUG m.Driver.MyWebDriverEventListener - Webdriver clicked on element tag:a id: payform_submit ('')
48455 [main] DEBUG m.Driver.MyWebDriverEventListener - Webdriver will click on element tag:div id:  ('Пополнение вашего счёта')
58663 [main] ERROR m.Driver.MyWebDriverEventListener - WebDriver error:
org.openqa.selenium.StaleElementReferenceException: Element not found in the cache - perhaps the page has changed since it was looked up
Command duration or timeout: 10.15 seconds
For documentation on this error, please visit: http://seleniumhq.org/exceptions/stale_element_reference.html
Build info: version: '2.31.0', revision: '1bd294d', time: '2013-02-27 20:52:59'
System info: os.name: 'Linux', os.arch: 'amd64', os.version: '3.2.0-23-generic', java.version: '1.7.0_17'
Session ID: 8e686ab1-4784-4ff9-bbfd-c19d6eb2529d
Driver info: org.openqa.selenium.firefox.FirefoxDriver
Capabilities [{platform=LINUX, databaseEnabled=true, cssSelectorsEnabled=true, javascriptEnabled=true, acceptSslCerts=true, handlesAlerts=true, browserName=firefox, browserConnectionEnabled=true, nativeEvents=false, webStorageEnabled=true, rotatable=false, locationContextEnabled=true, applicationCacheEnabled=true, takesScreenshot=true, version=19.0.2}]
	at sun.reflect.NativeConstructorAccessorImpl.newInstance0(Native Method) ~[na:1.7.0_17]
	at sun.reflect.NativeConstructorAccessorImpl.newInstance(NativeConstructorAccessorImpl.java:57) ~[na:1.7.0_17]
	at sun.reflect.DelegatingConstructorAccessorImpl.newInstance(DelegatingConstructorAccessorImpl.java:45) ~[na:1.7.0_17]
	at java.lang.reflect.Constructor.newInstance(Constructor.java:525) ~[na:1.7.0_17]
	at org.openqa.selenium.remote.ErrorHandler.createThrowable(ErrorHandler.java:187) ~[selenium-server-standalone-2.31.0.jar:na]
	at org.openqa.selenium.remote.ErrorHandler.throwIfResponseFailed(ErrorHandler.java:145) ~[selenium-server-standalone-2.31.0.jar:na]
	at org.openqa.selenium.remote.RemoteWebDriver.execute(RemoteWebDriver.java:554) ~[selenium-server-standalone-2.31.0.jar:na]
	at org.openqa.selenium.remote.RemoteWebElement.execute(RemoteWebElement.java:268) ~[selenium-server-standalone-2.31.0.jar:na]
	at org.openqa.selenium.remote.RemoteWebElement.getTagName(RemoteWebElement.java:117) ~[selenium-server-standalone-2.31.0.jar:na]
	at sun.reflect.GeneratedMethodAccessor7.invoke(Unknown Source) ~[na:na]
	at sun.reflect.DelegatingMethodAccessorImpl.invoke(DelegatingMethodAccessorImpl.java:43) ~[na:1.7.0_17]
	at java.lang.reflect.Method.invoke(Method.java:601) ~[na:1.7.0_17]
	at org.openqa.selenium.support.events.EventFiringWebDriver$EventFiringWebElement$1.invoke(EventFiringWebDriver.java:327) ~[selenium-server-standalone-2.31.0.jar:na]
	at com.sun.proxy.$Proxy9.getTagName(Unknown Source) ~[na:na]
	at main.Driver.MyWebDriverEventListener.elementDescription(MyWebDriverEventListener.java:55) ~[classes/:na]
	at main.Driver.MyWebDriverEventListener.afterClickOn(MyWebDriverEventListener.java:41) ~[classes/:na]
	at sun.reflect.GeneratedMethodAccessor13.invoke(Unknown Source) ~[na:na]
	at sun.reflect.DelegatingMethodAccessorImpl.invoke(DelegatingMethodAccessorImpl.java:43) ~[na:1.7.0_17]
	at java.lang.reflect.Method.invoke(Method.java:601) ~[na:1.7.0_17]
	at org.openqa.selenium.support.events.EventFiringWebDriver$1.invoke(EventFiringWebDriver.java:78) ~[selenium-server-standalone-2.31.0.jar:na]
	at com.sun.proxy.$Proxy7.afterClickOn(Unknown Source) [na:na]
	at org.openqa.selenium.support.events.EventFiringWebDriver$EventFiringWebElement.click(EventFiringWebDriver.java:341) [selenium-server-standalone-2.31.0.jar:na]
	at main.pages.HomePage.closePopup(HomePage.java:268) [classes/:na]
	at test.java.MoneyTest.typesOfPayment(MoneyTest.java:102) [classes/:na]
	at sun.reflect.NativeMethodAccessorImpl.invoke0(Native Method) ~[na:1.7.0_17]
	at sun.reflect.NativeMethodAccessorImpl.invoke(NativeMethodAccessorImpl.java:57) ~[na:1.7.0_17]
	at sun.reflect.DelegatingMethodAccessorImpl.invoke(DelegatingMethodAccessorImpl.java:43) ~[na:1.7.0_17]
	at java.lang.reflect.Method.invoke(Method.java:601) ~[na:1.7.0_17]
	at org.testng.internal.MethodInvocationHelper.invokeMethod(MethodInvocationHelper.java:80) [testng.jar:6.9beta-201211201815]
	at org.testng.internal.Invoker.invokeMethod(Invoker.java:714) [testng.jar:6.9beta-201211201815]
	at org.testng.internal.Invoker.invokeTestMethod(Invoker.java:901) [testng.jar:6.9beta-201211201815]
	at org.testng.internal.Invoker.invokeTestMethods(Invoker.java:1231) [testng.jar:6.9beta-201211201815]
	at org.testng.internal.TestMethodWorker.invokeTestMethods(TestMethodWorker.java:128) [testng.jar:6.9beta-201211201815]
	at org.testng.internal.TestMethodWorker.run(TestMethodWorker.java:111) [testng.jar:6.9beta-201211201815]
	at org.testng.TestRunner.privateRun(TestRunner.java:767) [testng.jar:6.9beta-201211201815]
	at org.testng.TestRunner.run(TestRunner.java:617) [testng.jar:6.9beta-201211201815]
	at org.testng.SuiteRunner.runTest(SuiteRunner.java:334) [testng.jar:6.9beta-201211201815]
	at org.testng.SuiteRunner.runSequentially(SuiteRunner.java:329) [testng.jar:6.9beta-201211201815]
	at org.testng.SuiteRunner.privateRun(SuiteRunner.java:291) [testng.jar:6.9beta-201211201815]
	at org.testng.SuiteRunner.run(SuiteRunner.java:240) [testng.jar:6.9beta-201211201815]
	at org.testng.SuiteRunnerWorker.runSuite(SuiteRunnerWorker.java:52) [testng.jar:6.9beta-201211201815]
	at org.testng.SuiteRunnerWorker.run(SuiteRunnerWorker.java:86) [testng.jar:6.9beta-201211201815]
	at org.testng.TestNG.runSuitesSequentially(TestNG.java:1203) [testng.jar:6.9beta-201211201815]
	at org.testng.TestNG.runSuitesLocally(TestNG.java:1128) [testng.jar:6.9beta-201211201815]
	at org.testng.TestNG.run(TestNG.java:1036) [testng.jar:6.9beta-201211201815]
	at org.testng.remote.RemoteTestNG.run(RemoteTestNG.java:111) [testng.jar:6.9beta-201211201815]
	at org.testng.remote.RemoteTestNG.initAndRun(RemoteTestNG.java:204) [testng.jar:6.9beta-201211201815]
	at org.testng.remote.RemoteTestNG.main(RemoteTestNG.java:175) [testng.jar:6.9beta-201211201815]
org.openqa.selenium.remote.ErrorHandler$UnknownServerException: Element not found in the cache - perhaps the page has changed since it was looked up
Build info: version: '2.31.0', revision: '1bd294d', time: '2013-02-27 20:52:59'
System info: os.name: 'Linux', os.arch: 'amd64', os.version: '3.2.0-23-generic', java.version: '1.7.0_17'
Driver info: driver.version: unknown
	at <anonymous class>.fxdriver.cache.getElementAt(resource://fxdriver/modules/web_element_cache.js:7234) ~[na:na]
	at <anonymous class>.Utils.getElementAt(file:///tmp/anonymous2236217476092719364webdriver-profile/extensions/fxdriver@googlecode.com/components/command_processor.js:6839) ~[na:na]
	at <anonymous class>.WebElement.getElementTagName(file:///tmp/anonymous2236217476092719364webdriver-profile/extensions/fxdriver@googlecode.com/components/command_processor.js:9745) ~[na:na]
	at <anonymous class>.DelayedCommand.prototype.executeInternal_/h(file:///tmp/anonymous2236217476092719364webdriver-profile/extensions/fxdriver@googlecode.com/components/command_processor.js:10272) ~[na:na]
	at <anonymous class>.fxdriver.Timer.prototype.setTimeout/<.notify(file:///tmp/anonymous2236217476092719364webdriver-profile/extensions/fxdriver@googlecode.com/components/command_processor.js:382) ~[na:na]
58667 [main] INFO  test.java.LogTest - >>>>>>>>>>@AfterMethod<<<<<<<<<
58790 [main] DEBUG m.Driver.MyWebDriverEventListener - Webdriver will click on element tag:a id: logout ('')
66252 [main] DEBUG m.Driver.MyWebDriverEventListener - Webdriver clicked on element tag:a id: logout ('Выйти')
67219 [Thread-0] DEBUG main.Driver.WebDriverFactory - Killing driver 
269  [main] INFO  test.java.LogTest - >>>>>>>>>>>>>>>>>>>>>>>>>>>>>>>>>>>>>class test.java.MoneyTest<<<<<<<<<<<<<<<<<<<<<<<<<<<<<<<<<<<<<<<
276  [main] DEBUG main.Driver.WebDriverFactory - Requested driver: Capabilities [{platform=ANY, browserName=firefox, version=}]:null
3719 [main] INFO  m.Driver.MyWebDriverEventListener - WebDriver navigating to:'https://plush.com.ua/'
7111 [main] DEBUG m.Driver.MyWebDriverEventListener - Webdriver will click on element tag:li id:  ('English▼')
7226 [main] DEBUG m.Driver.MyWebDriverEventListener - Webdriver clicked on element tag:li id:  ('English')
7296 [main] DEBUG m.Driver.MyWebDriverEventListener - Webdriver will click on element tag:a id: lang_ru ('Русский')
7397 [main] DEBUG m.Driver.MyWebDriverEventListener - Webdriver clicked on element tag:a id: lang_ru ('')
8121 [main] INFO  test.java.LogTest - >>>>>>>>>>>>>>>Test = typesOfPayment()<<<<<<<<<<<<<<<
8172 [main] DEBUG m.Driver.MyWebDriverEventListener - Webdriver will click on element tag:a id: js_header_signin ('Войти')
8274 [main] DEBUG m.Driver.MyWebDriverEventListener - Webdriver clicked on element tag:a id: js_header_signin ('Войти')
8394 [main] DEBUG m.Driver.MyWebDriverEventListener - WebDriver changing value in element found By.id: login_email from 'tag:input id: login_email ('')' to 'tag:input id: login_email ('')'
9095 [main] DEBUG m.Driver.MyWebDriverEventListener - WebDriver changing value in element found By.id: login_email from 'tag:input id: login_email ('')' to 'tag:input id: login_email ('')'
9247 [main] DEBUG m.Driver.MyWebDriverEventListener - WebDriver changing value in element found By.id: login_password from 'tag:input id: login_password ('')' to 'tag:input id: login_password ('')'
9397 [main] DEBUG m.Driver.MyWebDriverEventListener - WebDriver changing value in element found By.id: login_password from 'tag:input id: login_password ('')' to 'tag:input id: login_password ('')'
20594 [main] ERROR m.Driver.MyWebDriverEventListener - WebDriver error:
org.openqa.selenium.StaleElementReferenceException: Element not found in the cache - perhaps the page has changed since it was looked up
Command duration or timeout: 10.89 seconds
For documentation on this error, please visit: http://seleniumhq.org/exceptions/stale_element_reference.html
Build info: version: '2.31.0', revision: '1bd294d', time: '2013-02-27 20:52:59'
System info: os.name: 'Linux', os.arch: 'amd64', os.version: '3.2.0-23-generic', java.version: '1.7.0_17'
Session ID: d56b097f-0e7c-44f1-989a-a0bc6222fa03
Driver info: org.openqa.selenium.firefox.FirefoxDriver
Capabilities [{platform=LINUX, databaseEnabled=true, cssSelectorsEnabled=true, javascriptEnabled=true, acceptSslCerts=true, handlesAlerts=true, browserName=firefox, browserConnectionEnabled=true, nativeEvents=false, webStorageEnabled=true, rotatable=false, locationContextEnabled=true, applicationCacheEnabled=true, takesScreenshot=true, version=19.0.2}]
	at sun.reflect.NativeConstructorAccessorImpl.newInstance0(Native Method) ~[na:1.7.0_17]
	at sun.reflect.NativeConstructorAccessorImpl.newInstance(NativeConstructorAccessorImpl.java:57) ~[na:1.7.0_17]
	at sun.reflect.DelegatingConstructorAccessorImpl.newInstance(DelegatingConstructorAccessorImpl.java:45) ~[na:1.7.0_17]
	at java.lang.reflect.Constructor.newInstance(Constructor.java:525) ~[na:1.7.0_17]
	at org.openqa.selenium.remote.ErrorHandler.createThrowable(ErrorHandler.java:187) ~[selenium-server-standalone-2.31.0.jar:na]
	at org.openqa.selenium.remote.ErrorHandler.throwIfResponseFailed(ErrorHandler.java:145) ~[selenium-server-standalone-2.31.0.jar:na]
	at org.openqa.selenium.remote.RemoteWebDriver.execute(RemoteWebDriver.java:554) ~[selenium-server-standalone-2.31.0.jar:na]
	at org.openqa.selenium.remote.RemoteWebElement.execute(RemoteWebElement.java:268) ~[selenium-server-standalone-2.31.0.jar:na]
	at org.openqa.selenium.remote.RemoteWebElement.getAttribute(RemoteWebElement.java:123) ~[selenium-server-standalone-2.31.0.jar:na]
	at sun.reflect.GeneratedMethodAccessor5.invoke(Unknown Source) ~[na:na]
	at sun.reflect.DelegatingMethodAccessorImpl.invoke(DelegatingMethodAccessorImpl.java:43) ~[na:1.7.0_17]
	at java.lang.reflect.Method.invoke(Method.java:601) ~[na:1.7.0_17]
	at org.openqa.selenium.support.events.EventFiringWebDriver$EventFiringWebElement$1.invoke(EventFiringWebDriver.java:327) ~[selenium-server-standalone-2.31.0.jar:na]
	at com.sun.proxy.$Proxy9.getAttribute(Unknown Source) ~[na:na]
	at main.Driver.MyWebDriverEventListener.elementDescription(MyWebDriverEventListener.java:57) ~[classes/:na]
	at main.Driver.MyWebDriverEventListener.afterChangeValueOf(MyWebDriverEventListener.java:29) ~[classes/:na]
	at sun.reflect.NativeMethodAccessorImpl.invoke0(Native Method) ~[na:1.7.0_17]
	at sun.reflect.NativeMethodAccessorImpl.invoke(NativeMethodAccessorImpl.java:57) ~[na:1.7.0_17]
	at sun.reflect.DelegatingMethodAccessorImpl.invoke(DelegatingMethodAccessorImpl.java:43) ~[na:1.7.0_17]
	at java.lang.reflect.Method.invoke(Method.java:601) ~[na:1.7.0_17]
	at org.openqa.selenium.support.events.EventFiringWebDriver$1.invoke(EventFiringWebDriver.java:78) ~[selenium-server-standalone-2.31.0.jar:na]
	at com.sun.proxy.$Proxy7.afterChangeValueOf(Unknown Source) [na:na]
	at org.openqa.selenium.support.events.EventFiringWebDriver$EventFiringWebElement.sendKeys(EventFiringWebDriver.java:351) [selenium-server-standalone-2.31.0.jar:na]
	at main.pages.LoginPage.userLogin(LoginPage.java:49) [classes/:na]
	at test.java.MoneyTest.typesOfPayment(MoneyTest.java:81) [classes/:na]
	at sun.reflect.NativeMethodAccessorImpl.invoke0(Native Method) ~[na:1.7.0_17]
	at sun.reflect.NativeMethodAccessorImpl.invoke(NativeMethodAccessorImpl.java:57) ~[na:1.7.0_17]
	at sun.reflect.DelegatingMethodAccessorImpl.invoke(DelegatingMethodAccessorImpl.java:43) ~[na:1.7.0_17]
	at java.lang.reflect.Method.invoke(Method.java:601) ~[na:1.7.0_17]
	at org.testng.internal.MethodInvocationHelper.invokeMethod(MethodInvocationHelper.java:80) [testng.jar:6.9beta-201211201815]
	at org.testng.internal.Invoker.invokeMethod(Invoker.java:714) [testng.jar:6.9beta-201211201815]
	at org.testng.internal.Invoker.invokeTestMethod(Invoker.java:901) [testng.jar:6.9beta-201211201815]
	at org.testng.internal.Invoker.invokeTestMethods(Invoker.java:1231) [testng.jar:6.9beta-201211201815]
	at org.testng.internal.TestMethodWorker.invokeTestMethods(TestMethodWorker.java:128) [testng.jar:6.9beta-201211201815]
	at org.testng.internal.TestMethodWorker.run(TestMethodWorker.java:111) [testng.jar:6.9beta-201211201815]
	at org.testng.TestRunner.privateRun(TestRunner.java:767) [testng.jar:6.9beta-201211201815]
	at org.testng.TestRunner.run(TestRunner.java:617) [testng.jar:6.9beta-201211201815]
	at org.testng.SuiteRunner.runTest(SuiteRunner.java:334) [testng.jar:6.9beta-201211201815]
	at org.testng.SuiteRunner.runSequentially(SuiteRunner.java:329) [testng.jar:6.9beta-201211201815]
	at org.testng.SuiteRunner.privateRun(SuiteRunner.java:291) [testng.jar:6.9beta-201211201815]
	at org.testng.SuiteRunner.run(SuiteRunner.java:240) [testng.jar:6.9beta-201211201815]
	at org.testng.SuiteRunnerWorker.runSuite(SuiteRunnerWorker.java:52) [testng.jar:6.9beta-201211201815]
	at org.testng.SuiteRunnerWorker.run(SuiteRunnerWorker.java:86) [testng.jar:6.9beta-201211201815]
	at org.testng.TestNG.runSuitesSequentially(TestNG.java:1203) [testng.jar:6.9beta-201211201815]
	at org.testng.TestNG.runSuitesLocally(TestNG.java:1128) [testng.jar:6.9beta-201211201815]
	at org.testng.TestNG.run(TestNG.java:1036) [testng.jar:6.9beta-201211201815]
	at org.testng.remote.RemoteTestNG.run(RemoteTestNG.java:111) [testng.jar:6.9beta-201211201815]
	at org.testng.remote.RemoteTestNG.initAndRun(RemoteTestNG.java:204) [testng.jar:6.9beta-201211201815]
	at org.testng.remote.RemoteTestNG.main(RemoteTestNG.java:175) [testng.jar:6.9beta-201211201815]
org.openqa.selenium.remote.ErrorHandler$UnknownServerException: Element not found in the cache - perhaps the page has changed since it was looked up
Build info: version: '2.31.0', revision: '1bd294d', time: '2013-02-27 20:52:59'
System info: os.name: 'Linux', os.arch: 'amd64', os.version: '3.2.0-23-generic', java.version: '1.7.0_17'
Driver info: driver.version: unknown
	at <anonymous class>.fxdriver.cache.getElementAt(resource://fxdriver/modules/web_element_cache.js:7234) ~[na:na]
	at <anonymous class>.Utils.getElementAt(file:///tmp/anonymous6382437185714502339webdriver-profile/extensions/fxdriver@googlecode.com/components/command_processor.js:6839) ~[na:na]
	at <anonymous class>.WebElement.getElementAttribute(file:///tmp/anonymous6382437185714502339webdriver-profile/extensions/fxdriver@googlecode.com/components/command_processor.js:9750) ~[na:na]
	at <anonymous class>.DelayedCommand.prototype.executeInternal_/h(file:///tmp/anonymous6382437185714502339webdriver-profile/extensions/fxdriver@googlecode.com/components/command_processor.js:10272) ~[na:na]
	at <anonymous class>.fxdriver.Timer.prototype.setTimeout/<.notify(file:///tmp/anonymous6382437185714502339webdriver-profile/extensions/fxdriver@googlecode.com/components/command_processor.js:382) ~[na:na]
30676 [main] ERROR m.Driver.MyWebDriverEventListener - WebDriver error: Element not found By.selector: .popup__close.close_popup_js
30683 [main] INFO  test.java.LogTest - >>>>>>>>>>@AfterMethod<<<<<<<<<
30873 [main] DEBUG m.Driver.MyWebDriverEventListener - Webdriver will click on element tag:a id: logout ('Выйти')
41878 [main] ERROR m.Driver.MyWebDriverEventListener - WebDriver error:
org.openqa.selenium.StaleElementReferenceException: Element not found in the cache - perhaps the page has changed since it was looked up
Command duration or timeout: 10.94 seconds
For documentation on this error, please visit: http://seleniumhq.org/exceptions/stale_element_reference.html
Build info: version: '2.31.0', revision: '1bd294d', time: '2013-02-27 20:52:59'
System info: os.name: 'Linux', os.arch: 'amd64', os.version: '3.2.0-23-generic', java.version: '1.7.0_17'
Session ID: d56b097f-0e7c-44f1-989a-a0bc6222fa03
Driver info: org.openqa.selenium.firefox.FirefoxDriver
Capabilities [{platform=LINUX, databaseEnabled=true, cssSelectorsEnabled=true, javascriptEnabled=true, acceptSslCerts=true, handlesAlerts=true, browserName=firefox, browserConnectionEnabled=true, nativeEvents=false, webStorageEnabled=true, rotatable=false, locationContextEnabled=true, applicationCacheEnabled=true, takesScreenshot=true, version=19.0.2}]
	at sun.reflect.NativeConstructorAccessorImpl.newInstance0(Native Method) ~[na:1.7.0_17]
	at sun.reflect.NativeConstructorAccessorImpl.newInstance(NativeConstructorAccessorImpl.java:57) ~[na:1.7.0_17]
	at sun.reflect.DelegatingConstructorAccessorImpl.newInstance(DelegatingConstructorAccessorImpl.java:45) ~[na:1.7.0_17]
	at java.lang.reflect.Constructor.newInstance(Constructor.java:525) ~[na:1.7.0_17]
	at org.openqa.selenium.remote.ErrorHandler.createThrowable(ErrorHandler.java:187) ~[selenium-server-standalone-2.31.0.jar:na]
	at org.openqa.selenium.remote.ErrorHandler.throwIfResponseFailed(ErrorHandler.java:145) ~[selenium-server-standalone-2.31.0.jar:na]
	at org.openqa.selenium.remote.RemoteWebDriver.execute(RemoteWebDriver.java:554) ~[selenium-server-standalone-2.31.0.jar:na]
	at org.openqa.selenium.remote.RemoteWebElement.execute(RemoteWebElement.java:268) ~[selenium-server-standalone-2.31.0.jar:na]
	at org.openqa.selenium.remote.RemoteWebElement.getAttribute(RemoteWebElement.java:123) ~[selenium-server-standalone-2.31.0.jar:na]
	at sun.reflect.GeneratedMethodAccessor5.invoke(Unknown Source) ~[na:na]
	at sun.reflect.DelegatingMethodAccessorImpl.invoke(DelegatingMethodAccessorImpl.java:43) ~[na:1.7.0_17]
	at java.lang.reflect.Method.invoke(Method.java:601) ~[na:1.7.0_17]
	at org.openqa.selenium.support.events.EventFiringWebDriver$EventFiringWebElement$1.invoke(EventFiringWebDriver.java:327) ~[selenium-server-standalone-2.31.0.jar:na]
	at com.sun.proxy.$Proxy9.getAttribute(Unknown Source) ~[na:na]
	at main.Driver.MyWebDriverEventListener.elementDescription(MyWebDriverEventListener.java:56) ~[classes/:na]
	at main.Driver.MyWebDriverEventListener.afterClickOn(MyWebDriverEventListener.java:41) ~[classes/:na]
	at sun.reflect.NativeMethodAccessorImpl.invoke0(Native Method) ~[na:1.7.0_17]
	at sun.reflect.NativeMethodAccessorImpl.invoke(NativeMethodAccessorImpl.java:57) ~[na:1.7.0_17]
	at sun.reflect.DelegatingMethodAccessorImpl.invoke(DelegatingMethodAccessorImpl.java:43) ~[na:1.7.0_17]
	at java.lang.reflect.Method.invoke(Method.java:601) ~[na:1.7.0_17]
	at org.openqa.selenium.support.events.EventFiringWebDriver$1.invoke(EventFiringWebDriver.java:78) ~[selenium-server-standalone-2.31.0.jar:na]
	at com.sun.proxy.$Proxy7.afterClickOn(Unknown Source) [na:na]
	at org.openqa.selenium.support.events.EventFiringWebDriver$EventFiringWebElement.click(EventFiringWebDriver.java:341) [selenium-server-standalone-2.31.0.jar:na]
	at main.pages.MyPage.exit(MyPage.java:194) [classes/:na]
	at test.java.MoneyTest.unLogin(MoneyTest.java:48) [classes/:na]
	at sun.reflect.NativeMethodAccessorImpl.invoke0(Native Method) ~[na:1.7.0_17]
	at sun.reflect.NativeMethodAccessorImpl.invoke(NativeMethodAccessorImpl.java:57) ~[na:1.7.0_17]
	at sun.reflect.DelegatingMethodAccessorImpl.invoke(DelegatingMethodAccessorImpl.java:43) ~[na:1.7.0_17]
	at java.lang.reflect.Method.invoke(Method.java:601) ~[na:1.7.0_17]
	at org.testng.internal.MethodInvocationHelper.invokeMethod(MethodInvocationHelper.java:80) [testng.jar:6.9beta-201211201815]
	at org.testng.internal.Invoker.invokeConfigurationMethod(Invoker.java:564) [testng.jar:6.9beta-201211201815]
	at org.testng.internal.Invoker.invokeConfigurations(Invoker.java:213) [testng.jar:6.9beta-201211201815]
	at org.testng.internal.Invoker.invokeMethod(Invoker.java:786) [testng.jar:6.9beta-201211201815]
	at org.testng.internal.Invoker.invokeTestMethod(Invoker.java:901) [testng.jar:6.9beta-201211201815]
	at org.testng.internal.Invoker.invokeTestMethods(Invoker.java:1231) [testng.jar:6.9beta-201211201815]
	at org.testng.internal.TestMethodWorker.invokeTestMethods(TestMethodWorker.java:128) [testng.jar:6.9beta-201211201815]
	at org.testng.internal.TestMethodWorker.run(TestMethodWorker.java:111) [testng.jar:6.9beta-201211201815]
	at org.testng.TestRunner.privateRun(TestRunner.java:767) [testng.jar:6.9beta-201211201815]
	at org.testng.TestRunner.run(TestRunner.java:617) [testng.jar:6.9beta-201211201815]
	at org.testng.SuiteRunner.runTest(SuiteRunner.java:334) [testng.jar:6.9beta-201211201815]
	at org.testng.SuiteRunner.runSequentially(SuiteRunner.java:329) [testng.jar:6.9beta-201211201815]
	at org.testng.SuiteRunner.privateRun(SuiteRunner.java:291) [testng.jar:6.9beta-201211201815]
	at org.testng.SuiteRunner.run(SuiteRunner.java:240) [testng.jar:6.9beta-201211201815]
	at org.testng.SuiteRunnerWorker.runSuite(SuiteRunnerWorker.java:52) [testng.jar:6.9beta-201211201815]
	at org.testng.SuiteRunnerWorker.run(SuiteRunnerWorker.java:86) [testng.jar:6.9beta-201211201815]
	at org.testng.TestNG.runSuitesSequentially(TestNG.java:1203) [testng.jar:6.9beta-201211201815]
	at org.testng.TestNG.runSuitesLocally(TestNG.java:1128) [testng.jar:6.9beta-201211201815]
	at org.testng.TestNG.run(TestNG.java:1036) [testng.jar:6.9beta-201211201815]
	at org.testng.remote.RemoteTestNG.run(RemoteTestNG.java:111) [testng.jar:6.9beta-201211201815]
	at org.testng.remote.RemoteTestNG.initAndRun(RemoteTestNG.java:204) [testng.jar:6.9beta-201211201815]
	at org.testng.remote.RemoteTestNG.main(RemoteTestNG.java:175) [testng.jar:6.9beta-201211201815]
org.openqa.selenium.remote.ErrorHandler$UnknownServerException: Element not found in the cache - perhaps the page has changed since it was looked up
Build info: version: '2.31.0', revision: '1bd294d', time: '2013-02-27 20:52:59'
System info: os.name: 'Linux', os.arch: 'amd64', os.version: '3.2.0-23-generic', java.version: '1.7.0_17'
Driver info: driver.version: unknown
	at <anonymous class>.fxdriver.cache.getElementAt(resource://fxdriver/modules/web_element_cache.js:7234) ~[na:na]
	at <anonymous class>.Utils.getElementAt(file:///tmp/anonymous6382437185714502339webdriver-profile/extensions/fxdriver@googlecode.com/components/command_processor.js:6839) ~[na:na]
	at <anonymous class>.WebElement.getElementAttribute(file:///tmp/anonymous6382437185714502339webdriver-profile/extensions/fxdriver@googlecode.com/components/command_processor.js:9750) ~[na:na]
	at <anonymous class>.DelayedCommand.prototype.executeInternal_/h(file:///tmp/anonymous6382437185714502339webdriver-profile/extensions/fxdriver@googlecode.com/components/command_processor.js:10272) ~[na:na]
	at <anonymous class>.fxdriver.Timer.prototype.setTimeout/<.notify(file:///tmp/anonymous6382437185714502339webdriver-profile/extensions/fxdriver@googlecode.com/components/command_processor.js:382) ~[na:na]
41931 [Thread-0] DEBUG main.Driver.WebDriverFactory - Killing driver 
44004 [Thread-0] ERROR m.Driver.MyWebDriverEventListener - WebDriver error:
org.openqa.selenium.remote.UnreachableBrowserException: Error communicating with the remote browser. It may have died.
Build info: version: '2.31.0', revision: '1bd294d', time: '2013-02-27 20:52:59'
System info: os.name: 'Linux', os.arch: 'amd64', os.version: '3.2.0-23-generic', java.version: '1.7.0_17'
Driver info: driver.version: EventFiringWebDriver
	at org.openqa.selenium.remote.RemoteWebDriver.execute(RemoteWebDriver.java:548) ~[selenium-server-standalone-2.31.0.jar:na]
	at org.openqa.selenium.remote.RemoteWebDriver.execute(RemoteWebDriver.java:569) ~[selenium-server-standalone-2.31.0.jar:na]
	at org.openqa.selenium.remote.RemoteWebDriver.quit(RemoteWebDriver.java:423) ~[selenium-server-standalone-2.31.0.jar:na]
	at sun.reflect.NativeMethodAccessorImpl.invoke0(Native Method) ~[na:1.7.0_17]
	at sun.reflect.NativeMethodAccessorImpl.invoke(NativeMethodAccessorImpl.java:57) ~[na:1.7.0_17]
	at sun.reflect.DelegatingMethodAccessorImpl.invoke(DelegatingMethodAccessorImpl.java:43) ~[na:1.7.0_17]
	at java.lang.reflect.Method.invoke(Method.java:601) ~[na:1.7.0_17]
	at org.openqa.selenium.support.events.EventFiringWebDriver$2.invoke(EventFiringWebDriver.java:101) ~[selenium-server-standalone-2.31.0.jar:na]
	at com.sun.proxy.$Proxy8.quit(Unknown Source) ~[na:na]
	at org.openqa.selenium.support.events.EventFiringWebDriver.quit(EventFiringWebDriver.java:194) ~[selenium-server-standalone-2.31.0.jar:na]
	at main.Driver.WebDriverFactory.dismissDriver(WebDriverFactory.java:97) ~[classes/:na]
	at main.Driver.WebDriverFactory$1.run(WebDriverFactory.java:155) ~[classes/:na]
Caused by: org.apache.http.NoHttpResponseException: The target server failed to respond
	at org.apache.http.impl.conn.DefaultHttpResponseParser.parseHead(DefaultHttpResponseParser.java:95) ~[selenium-server-standalone-2.31.0.jar:na]
	at org.apache.http.impl.conn.DefaultHttpResponseParser.parseHead(DefaultHttpResponseParser.java:62) ~[selenium-server-standalone-2.31.0.jar:na]
	at org.apache.http.impl.io.AbstractMessageParser.parse(AbstractMessageParser.java:254) ~[selenium-server-standalone-2.31.0.jar:na]
	at org.apache.http.impl.AbstractHttpClientConnection.receiveResponseHeader(AbstractHttpClientConnection.java:289) ~[selenium-server-standalone-2.31.0.jar:na]
	at org.apache.http.impl.conn.DefaultClientConnection.receiveResponseHeader(DefaultClientConnection.java:252) ~[selenium-server-standalone-2.31.0.jar:na]
	at org.apache.http.impl.conn.AbstractClientConnAdapter.receiveResponseHeader(AbstractClientConnAdapter.java:219) ~[selenium-server-standalone-2.31.0.jar:na]
	at org.apache.http.protocol.HttpRequestExecutor.doReceiveResponse(HttpRequestExecutor.java:300) ~[selenium-server-standalone-2.31.0.jar:na]
	at org.apache.http.protocol.HttpRequestExecutor.execute(HttpRequestExecutor.java:127) ~[selenium-server-standalone-2.31.0.jar:na]
	at org.apache.http.impl.client.DefaultRequestDirector.tryExecute(DefaultRequestDirector.java:712) ~[selenium-server-standalone-2.31.0.jar:na]
	at org.apache.http.impl.client.DefaultRequestDirector.execute(DefaultRequestDirector.java:517) ~[selenium-server-standalone-2.31.0.jar:na]
	at org.apache.http.impl.client.AbstractHttpClient.execute(AbstractHttpClient.java:906) ~[selenium-server-standalone-2.31.0.jar:na]
	at org.openqa.selenium.remote.HttpCommandExecutor.fallBackExecute(HttpCommandExecutor.java:334) ~[selenium-server-standalone-2.31.0.jar:na]
	at org.openqa.selenium.remote.HttpCommandExecutor.execute(HttpCommandExecutor.java:295) ~[selenium-server-standalone-2.31.0.jar:na]
	at org.openqa.selenium.firefox.internal.NewProfileExtensionConnection.execute(NewProfileExtensionConnection.java:133) ~[selenium-server-standalone-2.31.0.jar:na]
	at org.openqa.selenium.firefox.FirefoxDriver$LazyCommandExecutor.execute(FirefoxDriver.java:355) ~[selenium-server-standalone-2.31.0.jar:na]
	at org.openqa.selenium.remote.RemoteWebDriver.execute(RemoteWebDriver.java:527) ~[selenium-server-standalone-2.31.0.jar:na]
	... 11 common frames omitted
44005 [Thread-0] WARN  main.Driver.WebDriverFactory - Driver killing error
org.openqa.selenium.remote.UnreachableBrowserException: Error communicating with the remote browser. It may have died.
Build info: version: '2.31.0', revision: '1bd294d', time: '2013-02-27 20:52:59'
System info: os.name: 'Linux', os.arch: 'amd64', os.version: '3.2.0-23-generic', java.version: '1.7.0_17'
Driver info: driver.version: EventFiringWebDriver
	at org.openqa.selenium.remote.RemoteWebDriver.execute(RemoteWebDriver.java:548) ~[selenium-server-standalone-2.31.0.jar:na]
	at org.openqa.selenium.remote.RemoteWebDriver.execute(RemoteWebDriver.java:569) ~[selenium-server-standalone-2.31.0.jar:na]
	at org.openqa.selenium.remote.RemoteWebDriver.quit(RemoteWebDriver.java:423) ~[selenium-server-standalone-2.31.0.jar:na]
	at sun.reflect.NativeMethodAccessorImpl.invoke0(Native Method) ~[na:1.7.0_17]
	at sun.reflect.NativeMethodAccessorImpl.invoke(NativeMethodAccessorImpl.java:57) ~[na:1.7.0_17]
	at sun.reflect.DelegatingMethodAccessorImpl.invoke(DelegatingMethodAccessorImpl.java:43) ~[na:1.7.0_17]
	at java.lang.reflect.Method.invoke(Method.java:601) ~[na:1.7.0_17]
	at org.openqa.selenium.support.events.EventFiringWebDriver$2.invoke(EventFiringWebDriver.java:101) ~[selenium-server-standalone-2.31.0.jar:na]
	at com.sun.proxy.$Proxy8.quit(Unknown Source) ~[na:na]
	at org.openqa.selenium.support.events.EventFiringWebDriver.quit(EventFiringWebDriver.java:194) ~[selenium-server-standalone-2.31.0.jar:na]
	at main.Driver.WebDriverFactory.dismissDriver(WebDriverFactory.java:97) ~[classes/:na]
	at main.Driver.WebDriverFactory$1.run(WebDriverFactory.java:155) [classes/:na]
Caused by: org.apache.http.NoHttpResponseException: The target server failed to respond
	at org.apache.http.impl.conn.DefaultHttpResponseParser.parseHead(DefaultHttpResponseParser.java:95) ~[selenium-server-standalone-2.31.0.jar:na]
	at org.apache.http.impl.conn.DefaultHttpResponseParser.parseHead(DefaultHttpResponseParser.java:62) ~[selenium-server-standalone-2.31.0.jar:na]
	at org.apache.http.impl.io.AbstractMessageParser.parse(AbstractMessageParser.java:254) ~[selenium-server-standalone-2.31.0.jar:na]
	at org.apache.http.impl.AbstractHttpClientConnection.receiveResponseHeader(AbstractHttpClientConnection.java:289) ~[selenium-server-standalone-2.31.0.jar:na]
	at org.apache.http.impl.conn.DefaultClientConnection.receiveResponseHeader(DefaultClientConnection.java:252) ~[selenium-server-standalone-2.31.0.jar:na]
	at org.apache.http.impl.conn.AbstractClientConnAdapter.receiveResponseHeader(AbstractClientConnAdapter.java:219) ~[selenium-server-standalone-2.31.0.jar:na]
	at org.apache.http.protocol.HttpRequestExecutor.doReceiveResponse(HttpRequestExecutor.java:300) ~[selenium-server-standalone-2.31.0.jar:na]
	at org.apache.http.protocol.HttpRequestExecutor.execute(HttpRequestExecutor.java:127) ~[selenium-server-standalone-2.31.0.jar:na]
	at org.apache.http.impl.client.DefaultRequestDirector.tryExecute(DefaultRequestDirector.java:712) ~[selenium-server-standalone-2.31.0.jar:na]
	at org.apache.http.impl.client.DefaultRequestDirector.execute(DefaultRequestDirector.java:517) ~[selenium-server-standalone-2.31.0.jar:na]
	at org.apache.http.impl.client.AbstractHttpClient.execute(AbstractHttpClient.java:906) ~[selenium-server-standalone-2.31.0.jar:na]
	at org.openqa.selenium.remote.HttpCommandExecutor.fallBackExecute(HttpCommandExecutor.java:334) ~[selenium-server-standalone-2.31.0.jar:na]
	at org.openqa.selenium.remote.HttpCommandExecutor.execute(HttpCommandExecutor.java:295) ~[selenium-server-standalone-2.31.0.jar:na]
	at org.openqa.selenium.firefox.internal.NewProfileExtensionConnection.execute(NewProfileExtensionConnection.java:133) ~[selenium-server-standalone-2.31.0.jar:na]
	at org.openqa.selenium.firefox.FirefoxDriver$LazyCommandExecutor.execute(FirefoxDriver.java:355) ~[selenium-server-standalone-2.31.0.jar:na]
	at org.openqa.selenium.remote.RemoteWebDriver.execute(RemoteWebDriver.java:527) ~[selenium-server-standalone-2.31.0.jar:na]
	... 11 common frames omitted
268  [main] INFO  test.java.LogTest - >>>>>>>>>>>>>>>>>>>>>>>>>>>>>>>>>>>>>class test.java.MoneyTest<<<<<<<<<<<<<<<<<<<<<<<<<<<<<<<<<<<<<<<
275  [main] DEBUG main.Driver.WebDriverFactory - Requested driver: Capabilities [{platform=ANY, browserName=firefox, version=}]:null
4009 [main] INFO  m.Driver.MyWebDriverEventListener - WebDriver navigating to:'https://plush.com.ua/'
6992 [main] DEBUG m.Driver.MyWebDriverEventListener - Webdriver will click on element tag:li id:  ('English▼')
7090 [main] DEBUG m.Driver.MyWebDriverEventListener - Webdriver clicked on element tag:li id:  ('English')
7150 [main] DEBUG m.Driver.MyWebDriverEventListener - Webdriver will click on element tag:a id: lang_ru ('Русский')
7239 [main] DEBUG m.Driver.MyWebDriverEventListener - Webdriver clicked on element tag:a id: lang_ru ('')
7954 [main] INFO  test.java.LogTest - >>>>>>>>>>>>>>>Test = typesOfPayment()<<<<<<<<<<<<<<<
8004 [main] DEBUG m.Driver.MyWebDriverEventListener - Webdriver will click on element tag:a id: js_header_signin ('Войти')
8132 [main] DEBUG m.Driver.MyWebDriverEventListener - Webdriver clicked on element tag:a id: js_header_signin ('Войти')
8293 [main] DEBUG m.Driver.MyWebDriverEventListener - WebDriver changing value in element found By.id: login_email from 'tag:input id: login_email ('')' to 'tag:input id: login_email ('')'
8452 [main] DEBUG m.Driver.MyWebDriverEventListener - WebDriver changing value in element found By.id: login_email from 'tag:input id: login_email ('')' to 'tag:input id: login_email ('')'
9113 [main] DEBUG m.Driver.MyWebDriverEventListener - WebDriver changing value in element found By.id: login_password from 'tag:input id: login_password ('')' to 'tag:input id: login_password ('')'
9286 [main] DEBUG m.Driver.MyWebDriverEventListener - WebDriver changing value in element found By.id: login_password from 'tag:input id: login_password ('')' to 'tag:input id: login_password ('')'
9394 [main] DEBUG m.Driver.MyWebDriverEventListener - WebDriver changing value in element found By.id: login_password from 'tag:input id: login_password ('')' to 'tag:input id: login_password ('')'
10630 [main] DEBUG m.Driver.MyWebDriverEventListener - Webdriver will click on element tag:a id:  ('0 TBM (1)')
10772 [main] DEBUG m.Driver.MyWebDriverEventListener - Webdriver clicked on element tag:a id:  ('0 TBM (1)')
10941 [main] DEBUG m.Driver.MyWebDriverEventListener - Webdriver will click on element tag:a id:  ('Пополнить счет')
11044 [main] DEBUG m.Driver.MyWebDriverEventListener - Webdriver clicked on element tag:a id:  ('Пополнить счет')
11287 [main] DEBUG m.Driver.MyWebDriverEventListener - Webdriver will click on element tag:a id:  ('Банковские карты
VISA и MasterCard')
11415 [main] DEBUG m.Driver.MyWebDriverEventListener - Webdriver clicked on element tag:a id:  ('Банковские карты
VISA и MasterCard')
11589 [main] DEBUG m.Driver.MyWebDriverEventListener - Webdriver will click on element tag:a id:  ('')
11676 [main] DEBUG m.Driver.MyWebDriverEventListener - Webdriver clicked on element tag:a id:  ('')
11806 [main] DEBUG m.Driver.MyWebDriverEventListener - WebDriver changing value in element found By.xpath: //div[@class='money-wrap']//input from 'tag:input id: fake_amount ('')' to 'tag:input id: fake_amount ('')'
11901 [main] DEBUG m.Driver.MyWebDriverEventListener - WebDriver changing value in element found By.xpath: //div[@class='money-wrap']//input from 'tag:input id: fake_amount ('')' to 'tag:input id: fake_amount ('')'
12017 [main] DEBUG m.Driver.MyWebDriverEventListener - WebDriver changing value in element found By.xpath: //div[@class='money-wrap']//input from 'tag:input id: fake_amount ('')' to 'tag:input id: fake_amount ('')'
12049 [main] DEBUG m.Driver.MyWebDriverEventListener - Webdriver will click on element tag:a id: payform_submit ('Пополнить')
12381 [main] DEBUG m.Driver.MyWebDriverEventListener - Webdriver clicked on element tag:a id: payform_submit ('')
16361 [main] DEBUG m.Driver.MyWebDriverEventListener - Webdriver will click on element tag:a id:  ('Платежные системы
WebMoney, Visa QIWI Wallet, Яндекс.Деньги, PayPal, Деньги@mail.ru, EasyPay, ...')
16510 [main] DEBUG m.Driver.MyWebDriverEventListener - Webdriver clicked on element tag:a id:  ('Платежные системы
WebMoney, Visa QIWI Wallet, Яндекс.Деньги, PayPal, Деньги@mail.ru, EasyPay, ...')
16777 [main] DEBUG m.Driver.MyWebDriverEventListener - Webdriver will click on element tag:a id:  ('')
16942 [main] DEBUG m.Driver.MyWebDriverEventListener - Webdriver clicked on element tag:a id:  ('')
17102 [main] DEBUG m.Driver.MyWebDriverEventListener - WebDriver changing value in element found By.xpath: //div[@class='money-wrap']//input from 'tag:input id: fake_amount ('')' to 'tag:input id: fake_amount ('')'
17235 [main] DEBUG m.Driver.MyWebDriverEventListener - WebDriver changing value in element found By.xpath: //div[@class='money-wrap']//input from 'tag:input id: fake_amount ('')' to 'tag:input id: fake_amount ('')'
17352 [main] DEBUG m.Driver.MyWebDriverEventListener - WebDriver changing value in element found By.xpath: //div[@class='money-wrap']//input from 'tag:input id: fake_amount ('')' to 'tag:input id: fake_amount ('')'
17415 [main] DEBUG m.Driver.MyWebDriverEventListener - Webdriver will click on element tag:a id: payform_submit ('Пополнить')
17646 [main] DEBUG m.Driver.MyWebDriverEventListener - Webdriver clicked on element tag:a id: payform_submit ('')
19195 [main] DEBUG m.Driver.MyWebDriverEventListener - Webdriver will click on element tag:a id:  ('Платежные системы
WebMoney, Visa QIWI Wallet, Яндекс.Деньги, PayPal, Деньги@mail.ru, EasyPay, ...')
19299 [main] DEBUG m.Driver.MyWebDriverEventListener - Webdriver clicked on element tag:a id:  ('Платежные системы
WebMoney, Visa QIWI Wallet, Яндекс.Деньги, PayPal, Деньги@mail.ru, EasyPay, ...')
19387 [main] DEBUG m.Driver.MyWebDriverEventListener - Webdriver will click on element tag:a id:  ('')
19536 [main] DEBUG m.Driver.MyWebDriverEventListener - Webdriver clicked on element tag:a id:  ('')
19676 [main] DEBUG m.Driver.MyWebDriverEventListener - WebDriver changing value in element found By.xpath: //div[@class='money-wrap']//input from 'tag:input id: fake_amount ('')' to 'tag:input id: fake_amount ('')'
19805 [main] DEBUG m.Driver.MyWebDriverEventListener - WebDriver changing value in element found By.xpath: //div[@class='money-wrap']//input from 'tag:input id: fake_amount ('')' to 'tag:input id: fake_amount ('')'
19934 [main] DEBUG m.Driver.MyWebDriverEventListener - WebDriver changing value in element found By.xpath: //div[@class='money-wrap']//input from 'tag:input id: fake_amount ('')' to 'tag:input id: fake_amount ('')'
19989 [main] DEBUG m.Driver.MyWebDriverEventListener - Webdriver will click on element tag:a id: payform_submit ('Пополнить')
20230 [main] DEBUG m.Driver.MyWebDriverEventListener - Webdriver clicked on element tag:a id: payform_submit ('')
21331 [main] DEBUG m.Driver.MyWebDriverEventListener - Webdriver will click on element tag:a id:  ('Платежные системы
WebMoney, Visa QIWI Wallet, Яндекс.Деньги, PayPal, Деньги@mail.ru, EasyPay, ...')
21425 [main] DEBUG m.Driver.MyWebDriverEventListener - Webdriver clicked on element tag:a id:  ('Платежные системы
WebMoney, Visa QIWI Wallet, Яндекс.Деньги, PayPal, Деньги@mail.ru, EasyPay, ...')
21587 [main] DEBUG m.Driver.MyWebDriverEventListener - Webdriver will click on element tag:a id:  ('')
21711 [main] DEBUG m.Driver.MyWebDriverEventListener - Webdriver clicked on element tag:a id:  ('')
21858 [main] DEBUG m.Driver.MyWebDriverEventListener - WebDriver changing value in element found By.xpath: //div[@class='money-wrap']//input from 'tag:input id: fake_amount ('')' to 'tag:input id: fake_amount ('')'
21993 [main] DEBUG m.Driver.MyWebDriverEventListener - WebDriver changing value in element found By.xpath: //div[@class='money-wrap']//input from 'tag:input id: fake_amount ('')' to 'tag:input id: fake_amount ('')'
22110 [main] DEBUG m.Driver.MyWebDriverEventListener - WebDriver changing value in element found By.xpath: //div[@class='money-wrap']//input from 'tag:input id: fake_amount ('')' to 'tag:input id: fake_amount ('')'
22166 [main] DEBUG m.Driver.MyWebDriverEventListener - Webdriver will click on element tag:a id: payform_submit ('Пополнить')
22383 [main] DEBUG m.Driver.MyWebDriverEventListener - Webdriver clicked on element tag:a id: payform_submit ('')
23979 [main] DEBUG m.Driver.MyWebDriverEventListener - Webdriver will click on element tag:a id:  ('Платежные системы
WebMoney, Visa QIWI Wallet, Яндекс.Деньги, PayPal, Деньги@mail.ru, EasyPay, ...')
24139 [main] DEBUG m.Driver.MyWebDriverEventListener - Webdriver clicked on element tag:a id:  ('Платежные системы
WebMoney, Visa QIWI Wallet, Яндекс.Деньги, PayPal, Деньги@mail.ru, EasyPay, ...')
24205 [main] DEBUG m.Driver.MyWebDriverEventListener - Webdriver will click on element tag:a id:  ('')
24338 [main] DEBUG m.Driver.MyWebDriverEventListener - Webdriver clicked on element tag:a id:  ('')
24485 [main] DEBUG m.Driver.MyWebDriverEventListener - WebDriver changing value in element found By.xpath: //div[@class='money-wrap']//input from 'tag:input id: fake_amount ('')' to 'tag:input id: fake_amount ('')'
24606 [main] DEBUG m.Driver.MyWebDriverEventListener - WebDriver changing value in element found By.xpath: //div[@class='money-wrap']//input from 'tag:input id: fake_amount ('')' to 'tag:input id: fake_amount ('')'
24729 [main] DEBUG m.Driver.MyWebDriverEventListener - WebDriver changing value in element found By.xpath: //div[@class='money-wrap']//input from 'tag:input id: fake_amount ('')' to 'tag:input id: fake_amount ('')'
24761 [main] DEBUG m.Driver.MyWebDriverEventListener - Webdriver will click on element tag:a id: payform_submit ('Пополнить')
24970 [main] DEBUG m.Driver.MyWebDriverEventListener - Webdriver clicked on element tag:a id: payform_submit ('')
26548 [main] DEBUG m.Driver.MyWebDriverEventListener - Webdriver will click on element tag:a id:  ('Платежные системы
WebMoney, Visa QIWI Wallet, Яндекс.Деньги, PayPal, Деньги@mail.ru, EasyPay, ...')
26658 [main] DEBUG m.Driver.MyWebDriverEventListener - Webdriver clicked on element tag:a id:  ('Платежные системы
WebMoney, Visa QIWI Wallet, Яндекс.Деньги, PayPal, Деньги@mail.ru, EasyPay, ...')
26798 [main] DEBUG m.Driver.MyWebDriverEventListener - Webdriver will click on element tag:a id:  ('')
26918 [main] DEBUG m.Driver.MyWebDriverEventListener - Webdriver clicked on element tag:a id:  ('')
27063 [main] DEBUG m.Driver.MyWebDriverEventListener - WebDriver changing value in element found By.xpath: //div[@class='money-wrap']//input from 'tag:input id: fake_amount ('')' to 'tag:input id: fake_amount ('')'
27192 [main] DEBUG m.Driver.MyWebDriverEventListener - WebDriver changing value in element found By.xpath: //div[@class='money-wrap']//input from 'tag:input id: fake_amount ('')' to 'tag:input id: fake_amount ('')'
27307 [main] DEBUG m.Driver.MyWebDriverEventListener - WebDriver changing value in element found By.xpath: //div[@class='money-wrap']//input from 'tag:input id: fake_amount ('')' to 'tag:input id: fake_amount ('')'
27362 [main] DEBUG m.Driver.MyWebDriverEventListener - Webdriver will click on element tag:a id: payform_submit ('Пополнить')
27552 [main] DEBUG m.Driver.MyWebDriverEventListener - Webdriver clicked on element tag:a id: payform_submit ('')
29187 [main] DEBUG m.Driver.MyWebDriverEventListener - Webdriver will click on element tag:a id:  ('Платежные системы
WebMoney, Visa QIWI Wallet, Яндекс.Деньги, PayPal, Деньги@mail.ru, EasyPay, ...')
29274 [main] DEBUG m.Driver.MyWebDriverEventListener - Webdriver clicked on element tag:a id:  ('Платежные системы
WebMoney, Visa QIWI Wallet, Яндекс.Деньги, PayPal, Деньги@mail.ru, EasyPay, ...')
29481 [main] DEBUG m.Driver.MyWebDriverEventListener - Webdriver will click on element tag:a id:  ('')
29618 [main] DEBUG m.Driver.MyWebDriverEventListener - Webdriver clicked on element tag:a id:  ('')
29802 [main] DEBUG m.Driver.MyWebDriverEventListener - WebDriver changing value in element found By.xpath: //div[@class='money-wrap']//input from 'tag:input id: fake_amount ('')' to 'tag:input id: fake_amount ('')'
29916 [main] DEBUG m.Driver.MyWebDriverEventListener - WebDriver changing value in element found By.xpath: //div[@class='money-wrap']//input from 'tag:input id: fake_amount ('')' to 'tag:input id: fake_amount ('')'
30025 [main] DEBUG m.Driver.MyWebDriverEventListener - WebDriver changing value in element found By.xpath: //div[@class='money-wrap']//input from 'tag:input id: fake_amount ('')' to 'tag:input id: fake_amount ('')'
30051 [main] DEBUG m.Driver.MyWebDriverEventListener - Webdriver will click on element tag:a id: payform_submit ('Пополнить')
30272 [main] DEBUG m.Driver.MyWebDriverEventListener - Webdriver clicked on element tag:a id: payform_submit ('')
35358 [main] DEBUG m.Driver.MyWebDriverEventListener - Webdriver will click on element tag:a id:  ('Платежные системы
WebMoney, Visa QIWI Wallet, Яндекс.Деньги, PayPal, Деньги@mail.ru, EasyPay, ...')
35490 [main] DEBUG m.Driver.MyWebDriverEventListener - Webdriver clicked on element tag:a id:  ('Платежные системы
WebMoney, Visa QIWI Wallet, Яндекс.Деньги, PayPal, Деньги@mail.ru, EasyPay, ...')
35663 [main] DEBUG m.Driver.MyWebDriverEventListener - Webdriver will click on element tag:a id:  ('')
35789 [main] DEBUG m.Driver.MyWebDriverEventListener - Webdriver clicked on element tag:a id:  ('')
35944 [main] DEBUG m.Driver.MyWebDriverEventListener - WebDriver changing value in element found By.xpath: //div[@class='money-wrap']//input from 'tag:input id: fake_amount ('')' to 'tag:input id: fake_amount ('')'
36077 [main] DEBUG m.Driver.MyWebDriverEventListener - WebDriver changing value in element found By.xpath: //div[@class='money-wrap']//input from 'tag:input id: fake_amount ('')' to 'tag:input id: fake_amount ('')'
36201 [main] DEBUG m.Driver.MyWebDriverEventListener - WebDriver changing value in element found By.xpath: //div[@class='money-wrap']//input from 'tag:input id: fake_amount ('')' to 'tag:input id: fake_amount ('')'
36248 [main] DEBUG m.Driver.MyWebDriverEventListener - Webdriver will click on element tag:a id: payform_submit ('Пополнить')
36480 [main] DEBUG m.Driver.MyWebDriverEventListener - Webdriver clicked on element tag:a id: payform_submit ('')
38281 [main] DEBUG m.Driver.MyWebDriverEventListener - Webdriver will click on element tag:a id:  ('Платежные системы
WebMoney, Visa QIWI Wallet, Яндекс.Деньги, PayPal, Деньги@mail.ru, EasyPay, ...')
38404 [main] DEBUG m.Driver.MyWebDriverEventListener - Webdriver clicked on element tag:a id:  ('Платежные системы
WebMoney, Visa QIWI Wallet, Яндекс.Деньги, PayPal, Деньги@mail.ru, EasyPay, ...')
38578 [main] DEBUG m.Driver.MyWebDriverEventListener - Webdriver will click on element tag:a id:  ('')
38735 [main] DEBUG m.Driver.MyWebDriverEventListener - Webdriver clicked on element tag:a id:  ('')
38943 [main] DEBUG m.Driver.MyWebDriverEventListener - WebDriver changing value in element found By.xpath: //div[@class='money-wrap']//input from 'tag:input id: fake_amount ('')' to 'tag:input id: fake_amount ('')'
39068 [main] DEBUG m.Driver.MyWebDriverEventListener - WebDriver changing value in element found By.xpath: //div[@class='money-wrap']//input from 'tag:input id: fake_amount ('')' to 'tag:input id: fake_amount ('')'
39200 [main] DEBUG m.Driver.MyWebDriverEventListener - WebDriver changing value in element found By.xpath: //div[@class='money-wrap']//input from 'tag:input id: fake_amount ('')' to 'tag:input id: fake_amount ('')'
39255 [main] DEBUG m.Driver.MyWebDriverEventListener - Webdriver will click on element tag:a id: payform_submit ('Пополнить')
39512 [main] DEBUG m.Driver.MyWebDriverEventListener - Webdriver clicked on element tag:a id: payform_submit ('')
47541 [main] DEBUG m.Driver.MyWebDriverEventListener - Webdriver will click on element tag:a id:  ('Платежные системы
WebMoney, Visa QIWI Wallet, Яндекс.Деньги, PayPal, Деньги@mail.ru, EasyPay, ...')
47663 [main] DEBUG m.Driver.MyWebDriverEventListener - Webdriver clicked on element tag:a id:  ('Платежные системы
WebMoney, Visa QIWI Wallet, Яндекс.Деньги, PayPal, Деньги@mail.ru, EasyPay, ...')
47751 [main] DEBUG m.Driver.MyWebDriverEventListener - Webdriver will click on element tag:a id:  ('')
47911 [main] DEBUG m.Driver.MyWebDriverEventListener - Webdriver clicked on element tag:a id:  ('')
48053 [main] DEBUG m.Driver.MyWebDriverEventListener - WebDriver changing value in element found By.xpath: //div[@class='money-wrap']//input from 'tag:input id: fake_amount ('')' to 'tag:input id: fake_amount ('')'
48187 [main] DEBUG m.Driver.MyWebDriverEventListener - WebDriver changing value in element found By.xpath: //div[@class='money-wrap']//input from 'tag:input id: fake_amount ('')' to 'tag:input id: fake_amount ('')'
48295 [main] DEBUG m.Driver.MyWebDriverEventListener - WebDriver changing value in element found By.xpath: //div[@class='money-wrap']//input from 'tag:input id: fake_amount ('')' to 'tag:input id: fake_amount ('')'
48356 [main] DEBUG m.Driver.MyWebDriverEventListener - Webdriver will click on element tag:a id: payform_submit ('Пополнить')
48557 [main] DEBUG m.Driver.MyWebDriverEventListener - Webdriver clicked on element tag:a id: payform_submit ('')
50134 [main] DEBUG m.Driver.MyWebDriverEventListener - Webdriver will click on element tag:a id:  ('Платежные системы
WebMoney, Visa QIWI Wallet, Яндекс.Деньги, PayPal, Деньги@mail.ru, EasyPay, ...')
50237 [main] DEBUG m.Driver.MyWebDriverEventListener - Webdriver clicked on element tag:a id:  ('Платежные системы
WebMoney, Visa QIWI Wallet, Яндекс.Деньги, PayPal, Деньги@mail.ru, EasyPay, ...')
50388 [main] DEBUG m.Driver.MyWebDriverEventListener - Webdriver will click on element tag:a id:  ('')
50509 [main] DEBUG m.Driver.MyWebDriverEventListener - Webdriver clicked on element tag:a id:  ('')
50630 [main] DEBUG m.Driver.MyWebDriverEventListener - WebDriver changing value in element found By.xpath: //div[@class='money-wrap']//input from 'tag:input id: fake_amount ('')' to 'tag:input id: fake_amount ('')'
50767 [main] DEBUG m.Driver.MyWebDriverEventListener - WebDriver changing value in element found By.xpath: //div[@class='money-wrap']//input from 'tag:input id: fake_amount ('')' to 'tag:input id: fake_amount ('')'
50864 [main] DEBUG m.Driver.MyWebDriverEventListener - WebDriver changing value in element found By.xpath: //div[@class='money-wrap']//input from 'tag:input id: fake_amount ('')' to 'tag:input id: fake_amount ('')'
50908 [main] DEBUG m.Driver.MyWebDriverEventListener - Webdriver will click on element tag:a id: payform_submit ('Пополнить')
51134 [main] DEBUG m.Driver.MyWebDriverEventListener - Webdriver clicked on element tag:a id: payform_submit ('')
52454 [main] DEBUG m.Driver.MyWebDriverEventListener - Webdriver will click on element tag:a id:  ('Платежные системы
WebMoney, Visa QIWI Wallet, Яндекс.Деньги, PayPal, Деньги@mail.ru, EasyPay, ...')
52562 [main] DEBUG m.Driver.MyWebDriverEventListener - Webdriver clicked on element tag:a id:  ('Платежные системы
WebMoney, Visa QIWI Wallet, Яндекс.Деньги, PayPal, Деньги@mail.ru, EasyPay, ...')
52639 [main] DEBUG m.Driver.MyWebDriverEventListener - Webdriver will click on element tag:a id:  ('')
52754 [main] DEBUG m.Driver.MyWebDriverEventListener - Webdriver clicked on element tag:a id:  ('')
52875 [main] DEBUG m.Driver.MyWebDriverEventListener - WebDriver changing value in element found By.xpath: //div[@class='money-wrap']//input from 'tag:input id: fake_amount ('')' to 'tag:input id: fake_amount ('')'
52982 [main] DEBUG m.Driver.MyWebDriverEventListener - WebDriver changing value in element found By.xpath: //div[@class='money-wrap']//input from 'tag:input id: fake_amount ('')' to 'tag:input id: fake_amount ('')'
53111 [main] DEBUG m.Driver.MyWebDriverEventListener - WebDriver changing value in element found By.xpath: //div[@class='money-wrap']//input from 'tag:input id: fake_amount ('')' to 'tag:input id: fake_amount ('')'
53164 [main] DEBUG m.Driver.MyWebDriverEventListener - Webdriver will click on element tag:a id: payform_submit ('Пополнить')
53377 [main] DEBUG m.Driver.MyWebDriverEventListener - Webdriver clicked on element tag:a id: payform_submit ('')
56985 [main] DEBUG m.Driver.MyWebDriverEventListener - Webdriver will click on element tag:a id:  ('')
67126 [main] ERROR m.Driver.MyWebDriverEventListener - WebDriver error:
org.openqa.selenium.StaleElementReferenceException: Element not found in the cache - perhaps the page has changed since it was looked up
Command duration or timeout: 10.06 seconds
For documentation on this error, please visit: http://seleniumhq.org/exceptions/stale_element_reference.html
Build info: version: '2.31.0', revision: '1bd294d', time: '2013-02-27 20:52:59'
System info: os.name: 'Linux', os.arch: 'amd64', os.version: '3.2.0-23-generic', java.version: '1.7.0_17'
Session ID: cf6834b5-cc62-49f2-9a92-82a90b16b2aa
Driver info: org.openqa.selenium.firefox.FirefoxDriver
Capabilities [{platform=LINUX, databaseEnabled=true, cssSelectorsEnabled=true, javascriptEnabled=true, acceptSslCerts=true, handlesAlerts=true, browserName=firefox, browserConnectionEnabled=true, nativeEvents=false, webStorageEnabled=true, rotatable=false, locationContextEnabled=true, applicationCacheEnabled=true, takesScreenshot=true, version=19.0.2}]
	at sun.reflect.NativeConstructorAccessorImpl.newInstance0(Native Method) ~[na:1.7.0_17]
	at sun.reflect.NativeConstructorAccessorImpl.newInstance(NativeConstructorAccessorImpl.java:57) ~[na:1.7.0_17]
	at sun.reflect.DelegatingConstructorAccessorImpl.newInstance(DelegatingConstructorAccessorImpl.java:45) ~[na:1.7.0_17]
	at java.lang.reflect.Constructor.newInstance(Constructor.java:525) ~[na:1.7.0_17]
	at org.openqa.selenium.remote.ErrorHandler.createThrowable(ErrorHandler.java:187) ~[selenium-server-standalone-2.31.0.jar:na]
	at org.openqa.selenium.remote.ErrorHandler.throwIfResponseFailed(ErrorHandler.java:145) ~[selenium-server-standalone-2.31.0.jar:na]
	at org.openqa.selenium.remote.RemoteWebDriver.execute(RemoteWebDriver.java:554) ~[selenium-server-standalone-2.31.0.jar:na]
	at org.openqa.selenium.remote.RemoteWebElement.execute(RemoteWebElement.java:268) ~[selenium-server-standalone-2.31.0.jar:na]
	at org.openqa.selenium.remote.RemoteWebElement.getTagName(RemoteWebElement.java:117) ~[selenium-server-standalone-2.31.0.jar:na]
	at sun.reflect.GeneratedMethodAccessor7.invoke(Unknown Source) ~[na:na]
	at sun.reflect.DelegatingMethodAccessorImpl.invoke(DelegatingMethodAccessorImpl.java:43) ~[na:1.7.0_17]
	at java.lang.reflect.Method.invoke(Method.java:601) ~[na:1.7.0_17]
	at org.openqa.selenium.support.events.EventFiringWebDriver$EventFiringWebElement$1.invoke(EventFiringWebDriver.java:327) ~[selenium-server-standalone-2.31.0.jar:na]
	at com.sun.proxy.$Proxy9.getTagName(Unknown Source) ~[na:na]
	at main.Driver.MyWebDriverEventListener.elementDescription(MyWebDriverEventListener.java:55) ~[classes/:na]
	at main.Driver.MyWebDriverEventListener.afterClickOn(MyWebDriverEventListener.java:41) ~[classes/:na]
	at sun.reflect.GeneratedMethodAccessor13.invoke(Unknown Source) ~[na:na]
	at sun.reflect.DelegatingMethodAccessorImpl.invoke(DelegatingMethodAccessorImpl.java:43) ~[na:1.7.0_17]
	at java.lang.reflect.Method.invoke(Method.java:601) ~[na:1.7.0_17]
	at org.openqa.selenium.support.events.EventFiringWebDriver$1.invoke(EventFiringWebDriver.java:78) ~[selenium-server-standalone-2.31.0.jar:na]
	at com.sun.proxy.$Proxy7.afterClickOn(Unknown Source) [na:na]
	at org.openqa.selenium.support.events.EventFiringWebDriver$EventFiringWebElement.click(EventFiringWebDriver.java:341) [selenium-server-standalone-2.31.0.jar:na]
	at main.pages.HomePage.closeMoneyPopup(HomePage.java:268) [classes/:na]
	at test.java.MoneyTest.typesOfPayment(MoneyTest.java:102) [classes/:na]
	at sun.reflect.NativeMethodAccessorImpl.invoke0(Native Method) ~[na:1.7.0_17]
	at sun.reflect.NativeMethodAccessorImpl.invoke(NativeMethodAccessorImpl.java:57) ~[na:1.7.0_17]
	at sun.reflect.DelegatingMethodAccessorImpl.invoke(DelegatingMethodAccessorImpl.java:43) ~[na:1.7.0_17]
	at java.lang.reflect.Method.invoke(Method.java:601) ~[na:1.7.0_17]
	at org.testng.internal.MethodInvocationHelper.invokeMethod(MethodInvocationHelper.java:80) [testng.jar:6.9beta-201211201815]
	at org.testng.internal.Invoker.invokeMethod(Invoker.java:714) [testng.jar:6.9beta-201211201815]
	at org.testng.internal.Invoker.invokeTestMethod(Invoker.java:901) [testng.jar:6.9beta-201211201815]
	at org.testng.internal.Invoker.invokeTestMethods(Invoker.java:1231) [testng.jar:6.9beta-201211201815]
	at org.testng.internal.TestMethodWorker.invokeTestMethods(TestMethodWorker.java:128) [testng.jar:6.9beta-201211201815]
	at org.testng.internal.TestMethodWorker.run(TestMethodWorker.java:111) [testng.jar:6.9beta-201211201815]
	at org.testng.TestRunner.privateRun(TestRunner.java:767) [testng.jar:6.9beta-201211201815]
	at org.testng.TestRunner.run(TestRunner.java:617) [testng.jar:6.9beta-201211201815]
	at org.testng.SuiteRunner.runTest(SuiteRunner.java:334) [testng.jar:6.9beta-201211201815]
	at org.testng.SuiteRunner.runSequentially(SuiteRunner.java:329) [testng.jar:6.9beta-201211201815]
	at org.testng.SuiteRunner.privateRun(SuiteRunner.java:291) [testng.jar:6.9beta-201211201815]
	at org.testng.SuiteRunner.run(SuiteRunner.java:240) [testng.jar:6.9beta-201211201815]
	at org.testng.SuiteRunnerWorker.runSuite(SuiteRunnerWorker.java:52) [testng.jar:6.9beta-201211201815]
	at org.testng.SuiteRunnerWorker.run(SuiteRunnerWorker.java:86) [testng.jar:6.9beta-201211201815]
	at org.testng.TestNG.runSuitesSequentially(TestNG.java:1203) [testng.jar:6.9beta-201211201815]
	at org.testng.TestNG.runSuitesLocally(TestNG.java:1128) [testng.jar:6.9beta-201211201815]
	at org.testng.TestNG.run(TestNG.java:1036) [testng.jar:6.9beta-201211201815]
	at org.testng.remote.RemoteTestNG.run(RemoteTestNG.java:111) [testng.jar:6.9beta-201211201815]
	at org.testng.remote.RemoteTestNG.initAndRun(RemoteTestNG.java:204) [testng.jar:6.9beta-201211201815]
	at org.testng.remote.RemoteTestNG.main(RemoteTestNG.java:175) [testng.jar:6.9beta-201211201815]
org.openqa.selenium.remote.ErrorHandler$UnknownServerException: Element not found in the cache - perhaps the page has changed since it was looked up
Build info: version: '2.31.0', revision: '1bd294d', time: '2013-02-27 20:52:59'
System info: os.name: 'Linux', os.arch: 'amd64', os.version: '3.2.0-23-generic', java.version: '1.7.0_17'
Driver info: driver.version: unknown
	at <anonymous class>.fxdriver.cache.getElementAt(resource://fxdriver/modules/web_element_cache.js:7234) ~[na:na]
	at <anonymous class>.Utils.getElementAt(file:///tmp/anonymous4289892977650331624webdriver-profile/extensions/fxdriver@googlecode.com/components/command_processor.js:6839) ~[na:na]
	at <anonymous class>.WebElement.getElementTagName(file:///tmp/anonymous4289892977650331624webdriver-profile/extensions/fxdriver@googlecode.com/components/command_processor.js:9745) ~[na:na]
	at <anonymous class>.DelayedCommand.prototype.executeInternal_/h(file:///tmp/anonymous4289892977650331624webdriver-profile/extensions/fxdriver@googlecode.com/components/command_processor.js:10272) ~[na:na]
	at <anonymous class>.fxdriver.Timer.prototype.setTimeout/<.notify(file:///tmp/anonymous4289892977650331624webdriver-profile/extensions/fxdriver@googlecode.com/components/command_processor.js:382) ~[na:na]
67130 [main] INFO  test.java.LogTest - >>>>>>>>>>@AfterMethod<<<<<<<<<
67293 [main] DEBUG m.Driver.MyWebDriverEventListener - Webdriver will click on element tag:a id: logout ('Выйти')
78386 [main] ERROR m.Driver.MyWebDriverEventListener - WebDriver error:
org.openqa.selenium.StaleElementReferenceException: Element not found in the cache - perhaps the page has changed since it was looked up
Command duration or timeout: 11.02 seconds
For documentation on this error, please visit: http://seleniumhq.org/exceptions/stale_element_reference.html
Build info: version: '2.31.0', revision: '1bd294d', time: '2013-02-27 20:52:59'
System info: os.name: 'Linux', os.arch: 'amd64', os.version: '3.2.0-23-generic', java.version: '1.7.0_17'
Session ID: cf6834b5-cc62-49f2-9a92-82a90b16b2aa
Driver info: org.openqa.selenium.firefox.FirefoxDriver
Capabilities [{platform=LINUX, databaseEnabled=true, cssSelectorsEnabled=true, javascriptEnabled=true, acceptSslCerts=true, handlesAlerts=true, browserName=firefox, browserConnectionEnabled=true, nativeEvents=false, webStorageEnabled=true, rotatable=false, locationContextEnabled=true, applicationCacheEnabled=true, takesScreenshot=true, version=19.0.2}]
	at sun.reflect.NativeConstructorAccessorImpl.newInstance0(Native Method) ~[na:1.7.0_17]
	at sun.reflect.NativeConstructorAccessorImpl.newInstance(NativeConstructorAccessorImpl.java:57) ~[na:1.7.0_17]
	at sun.reflect.DelegatingConstructorAccessorImpl.newInstance(DelegatingConstructorAccessorImpl.java:45) ~[na:1.7.0_17]
	at java.lang.reflect.Constructor.newInstance(Constructor.java:525) ~[na:1.7.0_17]
	at org.openqa.selenium.remote.ErrorHandler.createThrowable(ErrorHandler.java:187) ~[selenium-server-standalone-2.31.0.jar:na]
	at org.openqa.selenium.remote.ErrorHandler.throwIfResponseFailed(ErrorHandler.java:145) ~[selenium-server-standalone-2.31.0.jar:na]
	at org.openqa.selenium.remote.RemoteWebDriver.execute(RemoteWebDriver.java:554) ~[selenium-server-standalone-2.31.0.jar:na]
	at org.openqa.selenium.remote.RemoteWebElement.execute(RemoteWebElement.java:268) ~[selenium-server-standalone-2.31.0.jar:na]
	at org.openqa.selenium.remote.RemoteWebElement.getAttribute(RemoteWebElement.java:123) ~[selenium-server-standalone-2.31.0.jar:na]
	at sun.reflect.GeneratedMethodAccessor5.invoke(Unknown Source) ~[na:na]
	at sun.reflect.DelegatingMethodAccessorImpl.invoke(DelegatingMethodAccessorImpl.java:43) ~[na:1.7.0_17]
	at java.lang.reflect.Method.invoke(Method.java:601) ~[na:1.7.0_17]
	at org.openqa.selenium.support.events.EventFiringWebDriver$EventFiringWebElement$1.invoke(EventFiringWebDriver.java:327) ~[selenium-server-standalone-2.31.0.jar:na]
	at com.sun.proxy.$Proxy9.getAttribute(Unknown Source) ~[na:na]
	at main.Driver.MyWebDriverEventListener.elementDescription(MyWebDriverEventListener.java:57) ~[classes/:na]
	at main.Driver.MyWebDriverEventListener.afterClickOn(MyWebDriverEventListener.java:41) ~[classes/:na]
	at sun.reflect.GeneratedMethodAccessor13.invoke(Unknown Source) ~[na:na]
	at sun.reflect.DelegatingMethodAccessorImpl.invoke(DelegatingMethodAccessorImpl.java:43) ~[na:1.7.0_17]
	at java.lang.reflect.Method.invoke(Method.java:601) ~[na:1.7.0_17]
	at org.openqa.selenium.support.events.EventFiringWebDriver$1.invoke(EventFiringWebDriver.java:78) ~[selenium-server-standalone-2.31.0.jar:na]
	at com.sun.proxy.$Proxy7.afterClickOn(Unknown Source) [na:na]
	at org.openqa.selenium.support.events.EventFiringWebDriver$EventFiringWebElement.click(EventFiringWebDriver.java:341) [selenium-server-standalone-2.31.0.jar:na]
	at main.pages.MyPage.exit(MyPage.java:194) [classes/:na]
	at test.java.MoneyTest.unLogin(MoneyTest.java:48) [classes/:na]
	at sun.reflect.NativeMethodAccessorImpl.invoke0(Native Method) ~[na:1.7.0_17]
	at sun.reflect.NativeMethodAccessorImpl.invoke(NativeMethodAccessorImpl.java:57) ~[na:1.7.0_17]
	at sun.reflect.DelegatingMethodAccessorImpl.invoke(DelegatingMethodAccessorImpl.java:43) ~[na:1.7.0_17]
	at java.lang.reflect.Method.invoke(Method.java:601) ~[na:1.7.0_17]
	at org.testng.internal.MethodInvocationHelper.invokeMethod(MethodInvocationHelper.java:80) [testng.jar:6.9beta-201211201815]
	at org.testng.internal.Invoker.invokeConfigurationMethod(Invoker.java:564) [testng.jar:6.9beta-201211201815]
	at org.testng.internal.Invoker.invokeConfigurations(Invoker.java:213) [testng.jar:6.9beta-201211201815]
	at org.testng.internal.Invoker.invokeMethod(Invoker.java:786) [testng.jar:6.9beta-201211201815]
	at org.testng.internal.Invoker.invokeTestMethod(Invoker.java:901) [testng.jar:6.9beta-201211201815]
	at org.testng.internal.Invoker.invokeTestMethods(Invoker.java:1231) [testng.jar:6.9beta-201211201815]
	at org.testng.internal.TestMethodWorker.invokeTestMethods(TestMethodWorker.java:128) [testng.jar:6.9beta-201211201815]
	at org.testng.internal.TestMethodWorker.run(TestMethodWorker.java:111) [testng.jar:6.9beta-201211201815]
	at org.testng.TestRunner.privateRun(TestRunner.java:767) [testng.jar:6.9beta-201211201815]
	at org.testng.TestRunner.run(TestRunner.java:617) [testng.jar:6.9beta-201211201815]
	at org.testng.SuiteRunner.runTest(SuiteRunner.java:334) [testng.jar:6.9beta-201211201815]
	at org.testng.SuiteRunner.runSequentially(SuiteRunner.java:329) [testng.jar:6.9beta-201211201815]
	at org.testng.SuiteRunner.privateRun(SuiteRunner.java:291) [testng.jar:6.9beta-201211201815]
	at org.testng.SuiteRunner.run(SuiteRunner.java:240) [testng.jar:6.9beta-201211201815]
	at org.testng.SuiteRunnerWorker.runSuite(SuiteRunnerWorker.java:52) [testng.jar:6.9beta-201211201815]
	at org.testng.SuiteRunnerWorker.run(SuiteRunnerWorker.java:86) [testng.jar:6.9beta-201211201815]
	at org.testng.TestNG.runSuitesSequentially(TestNG.java:1203) [testng.jar:6.9beta-201211201815]
	at org.testng.TestNG.runSuitesLocally(TestNG.java:1128) [testng.jar:6.9beta-201211201815]
	at org.testng.TestNG.run(TestNG.java:1036) [testng.jar:6.9beta-201211201815]
	at org.testng.remote.RemoteTestNG.run(RemoteTestNG.java:111) [testng.jar:6.9beta-201211201815]
	at org.testng.remote.RemoteTestNG.initAndRun(RemoteTestNG.java:204) [testng.jar:6.9beta-201211201815]
	at org.testng.remote.RemoteTestNG.main(RemoteTestNG.java:175) [testng.jar:6.9beta-201211201815]
org.openqa.selenium.remote.ErrorHandler$UnknownServerException: Element not found in the cache - perhaps the page has changed since it was looked up
Build info: version: '2.31.0', revision: '1bd294d', time: '2013-02-27 20:52:59'
System info: os.name: 'Linux', os.arch: 'amd64', os.version: '3.2.0-23-generic', java.version: '1.7.0_17'
Driver info: driver.version: unknown
	at <anonymous class>.fxdriver.cache.getElementAt(resource://fxdriver/modules/web_element_cache.js:7234) ~[na:na]
	at <anonymous class>.Utils.getElementAt(file:///tmp/anonymous4289892977650331624webdriver-profile/extensions/fxdriver@googlecode.com/components/command_processor.js:6839) ~[na:na]
	at <anonymous class>.WebElement.getElementAttribute(file:///tmp/anonymous4289892977650331624webdriver-profile/extensions/fxdriver@googlecode.com/components/command_processor.js:9750) ~[na:na]
	at <anonymous class>.DelayedCommand.prototype.executeInternal_/h(file:///tmp/anonymous4289892977650331624webdriver-profile/extensions/fxdriver@googlecode.com/components/command_processor.js:10272) ~[na:na]
	at <anonymous class>.fxdriver.Timer.prototype.setTimeout/<.notify(file:///tmp/anonymous4289892977650331624webdriver-profile/extensions/fxdriver@googlecode.com/components/command_processor.js:382) ~[na:na]
78436 [Thread-0] DEBUG main.Driver.WebDriverFactory - Killing driver 
309  [main] INFO  test.java.LogTest - >>>>>>>>>>>>>>>>>>>>>>>>>>>>>>>>>>>>>class test.java.LogTest<<<<<<<<<<<<<<<<<<<<<<<<<<<<<<<<<<<<<<<
317  [main] DEBUG main.Driver.WebDriverFactory - Requested driver: Capabilities [{platform=ANY, browserName=firefox, version=}]:null
4040 [main] INFO  m.Driver.MyWebDriverEventListener - WebDriver navigating to:'https://plush.com.ua/'
6517 [main] DEBUG m.Driver.MyWebDriverEventListener - Webdriver will click on element tag:li id:  ('English▼')
6614 [main] DEBUG m.Driver.MyWebDriverEventListener - Webdriver clicked on element tag:li id:  ('English')
6649 [main] DEBUG m.Driver.MyWebDriverEventListener - Webdriver will click on element tag:a id: lang_ru ('Русский')
7408 [main] ERROR m.Driver.MyWebDriverEventListener - WebDriver error:
org.openqa.selenium.StaleElementReferenceException: Element not found in the cache - perhaps the page has changed since it was looked up
Command duration or timeout: 620 milliseconds
For documentation on this error, please visit: http://seleniumhq.org/exceptions/stale_element_reference.html
Build info: version: '2.31.0', revision: '1bd294d', time: '2013-02-27 20:52:59'
System info: os.name: 'Linux', os.arch: 'amd64', os.version: '3.2.0-23-generic', java.version: '1.7.0_17'
Session ID: 30afb3b6-de74-4bf2-99cd-8987fd81c846
Driver info: org.openqa.selenium.firefox.FirefoxDriver
Capabilities [{platform=LINUX, databaseEnabled=true, cssSelectorsEnabled=true, javascriptEnabled=true, acceptSslCerts=true, handlesAlerts=true, browserName=firefox, browserConnectionEnabled=true, nativeEvents=false, webStorageEnabled=true, rotatable=false, locationContextEnabled=true, applicationCacheEnabled=true, takesScreenshot=true, version=19.0.2}]
	at sun.reflect.NativeConstructorAccessorImpl.newInstance0(Native Method) ~[na:1.7.0_17]
	at sun.reflect.NativeConstructorAccessorImpl.newInstance(NativeConstructorAccessorImpl.java:57) ~[na:1.7.0_17]
	at sun.reflect.DelegatingConstructorAccessorImpl.newInstance(DelegatingConstructorAccessorImpl.java:45) ~[na:1.7.0_17]
	at java.lang.reflect.Constructor.newInstance(Constructor.java:525) ~[na:1.7.0_17]
	at org.openqa.selenium.remote.ErrorHandler.createThrowable(ErrorHandler.java:187) ~[selenium-server-standalone-2.31.0.jar:na]
	at org.openqa.selenium.remote.ErrorHandler.throwIfResponseFailed(ErrorHandler.java:145) ~[selenium-server-standalone-2.31.0.jar:na]
	at org.openqa.selenium.remote.RemoteWebDriver.execute(RemoteWebDriver.java:554) ~[selenium-server-standalone-2.31.0.jar:na]
	at org.openqa.selenium.remote.RemoteWebElement.execute(RemoteWebElement.java:268) ~[selenium-server-standalone-2.31.0.jar:na]
	at org.openqa.selenium.remote.RemoteWebElement.getAttribute(RemoteWebElement.java:123) ~[selenium-server-standalone-2.31.0.jar:na]
	at sun.reflect.NativeMethodAccessorImpl.invoke0(Native Method) ~[na:1.7.0_17]
	at sun.reflect.NativeMethodAccessorImpl.invoke(NativeMethodAccessorImpl.java:57) ~[na:1.7.0_17]
	at sun.reflect.DelegatingMethodAccessorImpl.invoke(DelegatingMethodAccessorImpl.java:43) ~[na:1.7.0_17]
	at java.lang.reflect.Method.invoke(Method.java:601) ~[na:1.7.0_17]
	at org.openqa.selenium.support.events.EventFiringWebDriver$EventFiringWebElement$1.invoke(EventFiringWebDriver.java:327) ~[selenium-server-standalone-2.31.0.jar:na]
	at com.sun.proxy.$Proxy8.getAttribute(Unknown Source) ~[na:na]
	at main.Driver.MyWebDriverEventListener.elementDescription(MyWebDriverEventListener.java:57) ~[classes/:na]
	at main.Driver.MyWebDriverEventListener.afterClickOn(MyWebDriverEventListener.java:41) ~[classes/:na]
	at sun.reflect.NativeMethodAccessorImpl.invoke0(Native Method) ~[na:1.7.0_17]
	at sun.reflect.NativeMethodAccessorImpl.invoke(NativeMethodAccessorImpl.java:57) ~[na:1.7.0_17]
	at sun.reflect.DelegatingMethodAccessorImpl.invoke(DelegatingMethodAccessorImpl.java:43) ~[na:1.7.0_17]
	at java.lang.reflect.Method.invoke(Method.java:601) ~[na:1.7.0_17]
	at org.openqa.selenium.support.events.EventFiringWebDriver$1.invoke(EventFiringWebDriver.java:78) ~[selenium-server-standalone-2.31.0.jar:na]
	at com.sun.proxy.$Proxy6.afterClickOn(Unknown Source) [na:na]
	at org.openqa.selenium.support.events.EventFiringWebDriver$EventFiringWebElement.click(EventFiringWebDriver.java:341) [selenium-server-standalone-2.31.0.jar:na]
	at main.pages.HomePage.selectLang(HomePage.java:143) [classes/:na]
	at test.java.LogTest.setup(LogTest.java:42) [classes/:na]
	at sun.reflect.NativeMethodAccessorImpl.invoke0(Native Method) ~[na:1.7.0_17]
	at sun.reflect.NativeMethodAccessorImpl.invoke(NativeMethodAccessorImpl.java:57) ~[na:1.7.0_17]
	at sun.reflect.DelegatingMethodAccessorImpl.invoke(DelegatingMethodAccessorImpl.java:43) ~[na:1.7.0_17]
	at java.lang.reflect.Method.invoke(Method.java:601) ~[na:1.7.0_17]
	at org.testng.internal.MethodInvocationHelper.invokeMethod(MethodInvocationHelper.java:80) [testng.jar:6.9beta-201211201815]
	at org.testng.internal.Invoker.invokeConfigurationMethod(Invoker.java:564) [testng.jar:6.9beta-201211201815]
	at org.testng.internal.Invoker.invokeConfigurations(Invoker.java:213) [testng.jar:6.9beta-201211201815]
	at org.testng.internal.Invoker.invokeMethod(Invoker.java:653) [testng.jar:6.9beta-201211201815]
	at org.testng.internal.Invoker.invokeTestMethod(Invoker.java:901) [testng.jar:6.9beta-201211201815]
	at org.testng.internal.Invoker.invokeTestMethods(Invoker.java:1231) [testng.jar:6.9beta-201211201815]
	at org.testng.internal.TestMethodWorker.invokeTestMethods(TestMethodWorker.java:128) [testng.jar:6.9beta-201211201815]
	at org.testng.internal.TestMethodWorker.run(TestMethodWorker.java:111) [testng.jar:6.9beta-201211201815]
	at org.testng.TestRunner.privateRun(TestRunner.java:767) [testng.jar:6.9beta-201211201815]
	at org.testng.TestRunner.run(TestRunner.java:617) [testng.jar:6.9beta-201211201815]
	at org.testng.SuiteRunner.runTest(SuiteRunner.java:334) [testng.jar:6.9beta-201211201815]
	at org.testng.SuiteRunner.runSequentially(SuiteRunner.java:329) [testng.jar:6.9beta-201211201815]
	at org.testng.SuiteRunner.privateRun(SuiteRunner.java:291) [testng.jar:6.9beta-201211201815]
	at org.testng.SuiteRunner.run(SuiteRunner.java:240) [testng.jar:6.9beta-201211201815]
	at org.testng.SuiteRunnerWorker.runSuite(SuiteRunnerWorker.java:52) [testng.jar:6.9beta-201211201815]
	at org.testng.SuiteRunnerWorker.run(SuiteRunnerWorker.java:86) [testng.jar:6.9beta-201211201815]
	at org.testng.TestNG.runSuitesSequentially(TestNG.java:1203) [testng.jar:6.9beta-201211201815]
	at org.testng.TestNG.runSuitesLocally(TestNG.java:1128) [testng.jar:6.9beta-201211201815]
	at org.testng.TestNG.run(TestNG.java:1036) [testng.jar:6.9beta-201211201815]
	at org.testng.remote.RemoteTestNG.run(RemoteTestNG.java:111) [testng.jar:6.9beta-201211201815]
	at org.testng.remote.RemoteTestNG.initAndRun(RemoteTestNG.java:204) [testng.jar:6.9beta-201211201815]
	at org.testng.remote.RemoteTestNG.main(RemoteTestNG.java:175) [testng.jar:6.9beta-201211201815]
org.openqa.selenium.remote.ErrorHandler$UnknownServerException: Element not found in the cache - perhaps the page has changed since it was looked up
Build info: version: '2.31.0', revision: '1bd294d', time: '2013-02-27 20:52:59'
System info: os.name: 'Linux', os.arch: 'amd64', os.version: '3.2.0-23-generic', java.version: '1.7.0_17'
Driver info: driver.version: unknown
	at <anonymous class>.fxdriver.cache.getElementAt(resource://fxdriver/modules/web_element_cache.js:7234) ~[na:na]
	at <anonymous class>.Utils.getElementAt(file:///tmp/anonymous2847065404971354467webdriver-profile/extensions/fxdriver@googlecode.com/components/command_processor.js:6839) ~[na:na]
	at <anonymous class>.WebElement.getElementAttribute(file:///tmp/anonymous2847065404971354467webdriver-profile/extensions/fxdriver@googlecode.com/components/command_processor.js:9750) ~[na:na]
	at <anonymous class>.DelayedCommand.prototype.executeInternal_/h(file:///tmp/anonymous2847065404971354467webdriver-profile/extensions/fxdriver@googlecode.com/components/command_processor.js:10272) ~[na:na]
	at <anonymous class>.DelayedCommand.prototype.executeInternal_(file:///tmp/anonymous2847065404971354467webdriver-profile/extensions/fxdriver@googlecode.com/components/command_processor.js:10277) ~[na:na]
	at <anonymous class>.DelayedCommand.prototype.execute/<(file:///tmp/anonymous2847065404971354467webdriver-profile/extensions/fxdriver@googlecode.com/components/command_processor.js:10217) ~[na:na]
7488 [Thread-0] DEBUG main.Driver.WebDriverFactory - Killing driver 
9562 [Thread-0] ERROR m.Driver.MyWebDriverEventListener - WebDriver error:
org.openqa.selenium.remote.UnreachableBrowserException: Error communicating with the remote browser. It may have died.
Build info: version: '2.31.0', revision: '1bd294d', time: '2013-02-27 20:52:59'
System info: os.name: 'Linux', os.arch: 'amd64', os.version: '3.2.0-23-generic', java.version: '1.7.0_17'
Driver info: driver.version: EventFiringWebDriver
	at org.openqa.selenium.remote.RemoteWebDriver.execute(RemoteWebDriver.java:548) ~[selenium-server-standalone-2.31.0.jar:na]
	at org.openqa.selenium.remote.RemoteWebDriver.execute(RemoteWebDriver.java:569) ~[selenium-server-standalone-2.31.0.jar:na]
	at org.openqa.selenium.remote.RemoteWebDriver.quit(RemoteWebDriver.java:423) ~[selenium-server-standalone-2.31.0.jar:na]
	at sun.reflect.NativeMethodAccessorImpl.invoke0(Native Method) ~[na:1.7.0_17]
	at sun.reflect.NativeMethodAccessorImpl.invoke(NativeMethodAccessorImpl.java:57) ~[na:1.7.0_17]
	at sun.reflect.DelegatingMethodAccessorImpl.invoke(DelegatingMethodAccessorImpl.java:43) ~[na:1.7.0_17]
	at java.lang.reflect.Method.invoke(Method.java:601) ~[na:1.7.0_17]
	at org.openqa.selenium.support.events.EventFiringWebDriver$2.invoke(EventFiringWebDriver.java:101) ~[selenium-server-standalone-2.31.0.jar:na]
	at com.sun.proxy.$Proxy7.quit(Unknown Source) ~[na:na]
	at org.openqa.selenium.support.events.EventFiringWebDriver.quit(EventFiringWebDriver.java:194) ~[selenium-server-standalone-2.31.0.jar:na]
	at main.Driver.WebDriverFactory.dismissDriver(WebDriverFactory.java:97) ~[classes/:na]
	at main.Driver.WebDriverFactory$1.run(WebDriverFactory.java:155) ~[classes/:na]
Caused by: org.apache.http.NoHttpResponseException: The target server failed to respond
	at org.apache.http.impl.conn.DefaultHttpResponseParser.parseHead(DefaultHttpResponseParser.java:95) ~[selenium-server-standalone-2.31.0.jar:na]
	at org.apache.http.impl.conn.DefaultHttpResponseParser.parseHead(DefaultHttpResponseParser.java:62) ~[selenium-server-standalone-2.31.0.jar:na]
	at org.apache.http.impl.io.AbstractMessageParser.parse(AbstractMessageParser.java:254) ~[selenium-server-standalone-2.31.0.jar:na]
	at org.apache.http.impl.AbstractHttpClientConnection.receiveResponseHeader(AbstractHttpClientConnection.java:289) ~[selenium-server-standalone-2.31.0.jar:na]
	at org.apache.http.impl.conn.DefaultClientConnection.receiveResponseHeader(DefaultClientConnection.java:252) ~[selenium-server-standalone-2.31.0.jar:na]
	at org.apache.http.impl.conn.AbstractClientConnAdapter.receiveResponseHeader(AbstractClientConnAdapter.java:219) ~[selenium-server-standalone-2.31.0.jar:na]
	at org.apache.http.protocol.HttpRequestExecutor.doReceiveResponse(HttpRequestExecutor.java:300) ~[selenium-server-standalone-2.31.0.jar:na]
	at org.apache.http.protocol.HttpRequestExecutor.execute(HttpRequestExecutor.java:127) ~[selenium-server-standalone-2.31.0.jar:na]
	at org.apache.http.impl.client.DefaultRequestDirector.tryExecute(DefaultRequestDirector.java:712) ~[selenium-server-standalone-2.31.0.jar:na]
	at org.apache.http.impl.client.DefaultRequestDirector.execute(DefaultRequestDirector.java:517) ~[selenium-server-standalone-2.31.0.jar:na]
	at org.apache.http.impl.client.AbstractHttpClient.execute(AbstractHttpClient.java:906) ~[selenium-server-standalone-2.31.0.jar:na]
	at org.openqa.selenium.remote.HttpCommandExecutor.fallBackExecute(HttpCommandExecutor.java:334) ~[selenium-server-standalone-2.31.0.jar:na]
	at org.openqa.selenium.remote.HttpCommandExecutor.execute(HttpCommandExecutor.java:295) ~[selenium-server-standalone-2.31.0.jar:na]
	at org.openqa.selenium.firefox.internal.NewProfileExtensionConnection.execute(NewProfileExtensionConnection.java:133) ~[selenium-server-standalone-2.31.0.jar:na]
	at org.openqa.selenium.firefox.FirefoxDriver$LazyCommandExecutor.execute(FirefoxDriver.java:355) ~[selenium-server-standalone-2.31.0.jar:na]
	at org.openqa.selenium.remote.RemoteWebDriver.execute(RemoteWebDriver.java:527) ~[selenium-server-standalone-2.31.0.jar:na]
	... 11 common frames omitted
9563 [Thread-0] WARN  main.Driver.WebDriverFactory - Driver killing error
org.openqa.selenium.remote.UnreachableBrowserException: Error communicating with the remote browser. It may have died.
Build info: version: '2.31.0', revision: '1bd294d', time: '2013-02-27 20:52:59'
System info: os.name: 'Linux', os.arch: 'amd64', os.version: '3.2.0-23-generic', java.version: '1.7.0_17'
Driver info: driver.version: EventFiringWebDriver
	at org.openqa.selenium.remote.RemoteWebDriver.execute(RemoteWebDriver.java:548) ~[selenium-server-standalone-2.31.0.jar:na]
	at org.openqa.selenium.remote.RemoteWebDriver.execute(RemoteWebDriver.java:569) ~[selenium-server-standalone-2.31.0.jar:na]
	at org.openqa.selenium.remote.RemoteWebDriver.quit(RemoteWebDriver.java:423) ~[selenium-server-standalone-2.31.0.jar:na]
	at sun.reflect.NativeMethodAccessorImpl.invoke0(Native Method) ~[na:1.7.0_17]
	at sun.reflect.NativeMethodAccessorImpl.invoke(NativeMethodAccessorImpl.java:57) ~[na:1.7.0_17]
	at sun.reflect.DelegatingMethodAccessorImpl.invoke(DelegatingMethodAccessorImpl.java:43) ~[na:1.7.0_17]
	at java.lang.reflect.Method.invoke(Method.java:601) ~[na:1.7.0_17]
	at org.openqa.selenium.support.events.EventFiringWebDriver$2.invoke(EventFiringWebDriver.java:101) ~[selenium-server-standalone-2.31.0.jar:na]
	at com.sun.proxy.$Proxy7.quit(Unknown Source) ~[na:na]
	at org.openqa.selenium.support.events.EventFiringWebDriver.quit(EventFiringWebDriver.java:194) ~[selenium-server-standalone-2.31.0.jar:na]
	at main.Driver.WebDriverFactory.dismissDriver(WebDriverFactory.java:97) ~[classes/:na]
	at main.Driver.WebDriverFactory$1.run(WebDriverFactory.java:155) [classes/:na]
Caused by: org.apache.http.NoHttpResponseException: The target server failed to respond
	at org.apache.http.impl.conn.DefaultHttpResponseParser.parseHead(DefaultHttpResponseParser.java:95) ~[selenium-server-standalone-2.31.0.jar:na]
	at org.apache.http.impl.conn.DefaultHttpResponseParser.parseHead(DefaultHttpResponseParser.java:62) ~[selenium-server-standalone-2.31.0.jar:na]
	at org.apache.http.impl.io.AbstractMessageParser.parse(AbstractMessageParser.java:254) ~[selenium-server-standalone-2.31.0.jar:na]
	at org.apache.http.impl.AbstractHttpClientConnection.receiveResponseHeader(AbstractHttpClientConnection.java:289) ~[selenium-server-standalone-2.31.0.jar:na]
	at org.apache.http.impl.conn.DefaultClientConnection.receiveResponseHeader(DefaultClientConnection.java:252) ~[selenium-server-standalone-2.31.0.jar:na]
	at org.apache.http.impl.conn.AbstractClientConnAdapter.receiveResponseHeader(AbstractClientConnAdapter.java:219) ~[selenium-server-standalone-2.31.0.jar:na]
	at org.apache.http.protocol.HttpRequestExecutor.doReceiveResponse(HttpRequestExecutor.java:300) ~[selenium-server-standalone-2.31.0.jar:na]
	at org.apache.http.protocol.HttpRequestExecutor.execute(HttpRequestExecutor.java:127) ~[selenium-server-standalone-2.31.0.jar:na]
	at org.apache.http.impl.client.DefaultRequestDirector.tryExecute(DefaultRequestDirector.java:712) ~[selenium-server-standalone-2.31.0.jar:na]
	at org.apache.http.impl.client.DefaultRequestDirector.execute(DefaultRequestDirector.java:517) ~[selenium-server-standalone-2.31.0.jar:na]
	at org.apache.http.impl.client.AbstractHttpClient.execute(AbstractHttpClient.java:906) ~[selenium-server-standalone-2.31.0.jar:na]
	at org.openqa.selenium.remote.HttpCommandExecutor.fallBackExecute(HttpCommandExecutor.java:334) ~[selenium-server-standalone-2.31.0.jar:na]
	at org.openqa.selenium.remote.HttpCommandExecutor.execute(HttpCommandExecutor.java:295) ~[selenium-server-standalone-2.31.0.jar:na]
	at org.openqa.selenium.firefox.internal.NewProfileExtensionConnection.execute(NewProfileExtensionConnection.java:133) ~[selenium-server-standalone-2.31.0.jar:na]
	at org.openqa.selenium.firefox.FirefoxDriver$LazyCommandExecutor.execute(FirefoxDriver.java:355) ~[selenium-server-standalone-2.31.0.jar:na]
	at org.openqa.selenium.remote.RemoteWebDriver.execute(RemoteWebDriver.java:527) ~[selenium-server-standalone-2.31.0.jar:na]
	... 11 common frames omitted
284  [main] INFO  test.java.LogTest - >>>>>>>>>>>>>>>>>>>>>>>>>>>>>>>>>>>>>class test.java.LogTest<<<<<<<<<<<<<<<<<<<<<<<<<<<<<<<<<<<<<<<
292  [main] DEBUG main.Driver.WebDriverFactory - Requested driver: Capabilities [{platform=ANY, browserName=firefox, version=}]:null
3903 [main] INFO  m.Driver.MyWebDriverEventListener - WebDriver navigating to:'https://plush.com.ua/'
6655 [main] DEBUG m.Driver.MyWebDriverEventListener - Webdriver will click on element tag:li id:  ('English▼')
6779 [main] DEBUG m.Driver.MyWebDriverEventListener - Webdriver clicked on element tag:li id:  ('English')
6839 [main] DEBUG m.Driver.MyWebDriverEventListener - Webdriver will click on element tag:a id: lang_ru ('Русский')
6935 [main] DEBUG m.Driver.MyWebDriverEventListener - Webdriver clicked on element tag:a id: lang_ru ('')
7558 [main] ERROR m.Driver.MyWebDriverEventListener - WebDriver error:
org.openqa.selenium.StaleElementReferenceException: Element not found in the cache - perhaps the page has changed since it was looked up
Command duration or timeout: 594 milliseconds
For documentation on this error, please visit: http://seleniumhq.org/exceptions/stale_element_reference.html
Build info: version: '2.33.0', revision: '4e90c97', time: '2013-05-22 15:32:38'
System info: os.name: 'Linux', os.arch: 'amd64', os.version: '3.2.0-23-generic', java.version: '1.7.0_17'
Session ID: 70feccd2-3b2e-42fb-998b-4d48029bed23
Driver info: org.openqa.selenium.firefox.FirefoxDriver
Capabilities [{platform=LINUX, databaseEnabled=true, cssSelectorsEnabled=true, javascriptEnabled=true, acceptSslCerts=true, handlesAlerts=true, browserName=firefox, browserConnectionEnabled=true, nativeEvents=false, webStorageEnabled=true, rotatable=false, locationContextEnabled=true, applicationCacheEnabled=true, takesScreenshot=true, version=19.0.2}]
	at sun.reflect.NativeConstructorAccessorImpl.newInstance0(Native Method) ~[na:1.7.0_17]
	at sun.reflect.NativeConstructorAccessorImpl.newInstance(NativeConstructorAccessorImpl.java:57) ~[na:1.7.0_17]
	at sun.reflect.DelegatingConstructorAccessorImpl.newInstance(DelegatingConstructorAccessorImpl.java:45) ~[na:1.7.0_17]
	at java.lang.reflect.Constructor.newInstance(Constructor.java:525) ~[na:1.7.0_17]
	at org.openqa.selenium.remote.ErrorHandler.createThrowable(ErrorHandler.java:191) ~[selenium-server-standalone-2.33.0.jar:na]
	at org.openqa.selenium.remote.ErrorHandler.throwIfResponseFailed(ErrorHandler.java:145) ~[selenium-server-standalone-2.33.0.jar:na]
	at org.openqa.selenium.remote.RemoteWebDriver.execute(RemoteWebDriver.java:554) ~[selenium-server-standalone-2.33.0.jar:na]
	at org.openqa.selenium.remote.RemoteWebElement.execute(RemoteWebElement.java:268) ~[selenium-server-standalone-2.33.0.jar:na]
	at org.openqa.selenium.remote.RemoteWebElement.getText(RemoteWebElement.java:152) ~[selenium-server-standalone-2.33.0.jar:na]
	at sun.reflect.NativeMethodAccessorImpl.invoke0(Native Method) ~[na:1.7.0_17]
	at sun.reflect.NativeMethodAccessorImpl.invoke(NativeMethodAccessorImpl.java:57) ~[na:1.7.0_17]
	at sun.reflect.DelegatingMethodAccessorImpl.invoke(DelegatingMethodAccessorImpl.java:43) ~[na:1.7.0_17]
	at java.lang.reflect.Method.invoke(Method.java:601) ~[na:1.7.0_17]
	at org.openqa.selenium.support.events.EventFiringWebDriver$EventFiringWebElement$1.invoke(EventFiringWebDriver.java:327) ~[selenium-server-standalone-2.33.0.jar:na]
	at com.sun.proxy.$Proxy8.getText(Unknown Source) ~[na:na]
	at org.openqa.selenium.support.events.EventFiringWebDriver$EventFiringWebElement.getText(EventFiringWebDriver.java:377) ~[selenium-server-standalone-2.33.0.jar:na]
	at org.openqa.selenium.support.ui.ExpectedConditions$7.apply(ExpectedConditions.java:208) ~[selenium-server-standalone-2.33.0.jar:na]
	at org.openqa.selenium.support.ui.ExpectedConditions$7.apply(ExpectedConditions.java:1) ~[selenium-server-standalone-2.33.0.jar:na]
	at org.openqa.selenium.support.ui.FluentWait.until(FluentWait.java:208) [selenium-server-standalone-2.33.0.jar:na]
	at main.pages.HomePage.selectLang(HomePage.java:144) [classes/:na]
	at test.java.LogTest.setup(LogTest.java:42) [classes/:na]
	at sun.reflect.NativeMethodAccessorImpl.invoke0(Native Method) ~[na:1.7.0_17]
	at sun.reflect.NativeMethodAccessorImpl.invoke(NativeMethodAccessorImpl.java:57) ~[na:1.7.0_17]
	at sun.reflect.DelegatingMethodAccessorImpl.invoke(DelegatingMethodAccessorImpl.java:43) ~[na:1.7.0_17]
	at java.lang.reflect.Method.invoke(Method.java:601) ~[na:1.7.0_17]
	at org.testng.internal.MethodInvocationHelper.invokeMethod(MethodInvocationHelper.java:80) [testng.jar:6.9beta-201211201815]
	at org.testng.internal.Invoker.invokeConfigurationMethod(Invoker.java:564) [testng.jar:6.9beta-201211201815]
	at org.testng.internal.Invoker.invokeConfigurations(Invoker.java:213) [testng.jar:6.9beta-201211201815]
	at org.testng.internal.Invoker.invokeMethod(Invoker.java:653) [testng.jar:6.9beta-201211201815]
	at org.testng.internal.Invoker.invokeTestMethod(Invoker.java:901) [testng.jar:6.9beta-201211201815]
	at org.testng.internal.Invoker.invokeTestMethods(Invoker.java:1231) [testng.jar:6.9beta-201211201815]
	at org.testng.internal.TestMethodWorker.invokeTestMethods(TestMethodWorker.java:128) [testng.jar:6.9beta-201211201815]
	at org.testng.internal.TestMethodWorker.run(TestMethodWorker.java:111) [testng.jar:6.9beta-201211201815]
	at org.testng.TestRunner.privateRun(TestRunner.java:767) [testng.jar:6.9beta-201211201815]
	at org.testng.TestRunner.run(TestRunner.java:617) [testng.jar:6.9beta-201211201815]
	at org.testng.SuiteRunner.runTest(SuiteRunner.java:334) [testng.jar:6.9beta-201211201815]
	at org.testng.SuiteRunner.runSequentially(SuiteRunner.java:329) [testng.jar:6.9beta-201211201815]
	at org.testng.SuiteRunner.privateRun(SuiteRunner.java:291) [testng.jar:6.9beta-201211201815]
	at org.testng.SuiteRunner.run(SuiteRunner.java:240) [testng.jar:6.9beta-201211201815]
	at org.testng.SuiteRunnerWorker.runSuite(SuiteRunnerWorker.java:52) [testng.jar:6.9beta-201211201815]
	at org.testng.SuiteRunnerWorker.run(SuiteRunnerWorker.java:86) [testng.jar:6.9beta-201211201815]
	at org.testng.TestNG.runSuitesSequentially(TestNG.java:1203) [testng.jar:6.9beta-201211201815]
	at org.testng.TestNG.runSuitesLocally(TestNG.java:1128) [testng.jar:6.9beta-201211201815]
	at org.testng.TestNG.run(TestNG.java:1036) [testng.jar:6.9beta-201211201815]
	at org.testng.remote.RemoteTestNG.run(RemoteTestNG.java:111) [testng.jar:6.9beta-201211201815]
	at org.testng.remote.RemoteTestNG.initAndRun(RemoteTestNG.java:204) [testng.jar:6.9beta-201211201815]
	at org.testng.remote.RemoteTestNG.main(RemoteTestNG.java:175) [testng.jar:6.9beta-201211201815]
org.openqa.selenium.remote.ErrorHandler$UnknownServerException: Element not found in the cache - perhaps the page has changed since it was looked up
Build info: version: '2.33.0', revision: '4e90c97', time: '2013-05-22 15:32:38'
System info: os.name: 'Linux', os.arch: 'amd64', os.version: '3.2.0-23-generic', java.version: '1.7.0_17'
Driver info: driver.version: unknown
	at <anonymous class>.fxdriver.cache.getElementAt(resource://fxdriver/modules/web_element_cache.js:7403) ~[na:na]
	at <anonymous class>.Utils.getElementAt(file:///tmp/anonymous4843165642509806367webdriver-profile/extensions/fxdriver@googlecode.com/components/command_processor.js:6993) ~[na:na]
	at <anonymous class>.WebElement.getElementText(file:///tmp/anonymous4843165642509806367webdriver-profile/extensions/fxdriver@googlecode.com/components/command_processor.js:9910) ~[na:na]
	at <anonymous class>.DelayedCommand.prototype.executeInternal_/h(file:///tmp/anonymous4843165642509806367webdriver-profile/extensions/fxdriver@googlecode.com/components/command_processor.js:10456) ~[na:na]
	at <anonymous class>.DelayedCommand.prototype.executeInternal_(file:///tmp/anonymous4843165642509806367webdriver-profile/extensions/fxdriver@googlecode.com/components/command_processor.js:10461) ~[na:na]
	at <anonymous class>.DelayedCommand.prototype.execute/<(file:///tmp/anonymous4843165642509806367webdriver-profile/extensions/fxdriver@googlecode.com/components/command_processor.js:10401) ~[na:na]
8098 [main] INFO  test.java.LogTest - >>>>>>>>>>>>>>>Test = validLogin()<<<<<<<<<<<<<<<
8138 [main] DEBUG m.Driver.MyWebDriverEventListener - Webdriver will click on element tag:a id: js_header_signin ('')
18207 [main] ERROR m.Driver.MyWebDriverEventListener - WebDriver error:
org.openqa.selenium.ElementNotVisibleException: Element is not currently visible and so may not be interacted with
Command duration or timeout: 10.07 seconds
Build info: version: '2.33.0', revision: '4e90c97', time: '2013-05-22 15:32:38'
System info: os.name: 'Linux', os.arch: 'amd64', os.version: '3.2.0-23-generic', java.version: '1.7.0_17'
Session ID: 70feccd2-3b2e-42fb-998b-4d48029bed23
Driver info: org.openqa.selenium.firefox.FirefoxDriver
Capabilities [{platform=LINUX, databaseEnabled=true, cssSelectorsEnabled=true, javascriptEnabled=true, acceptSslCerts=true, handlesAlerts=true, browserName=firefox, browserConnectionEnabled=true, nativeEvents=false, webStorageEnabled=true, rotatable=false, locationContextEnabled=true, applicationCacheEnabled=true, takesScreenshot=true, version=19.0.2}]
	at sun.reflect.NativeConstructorAccessorImpl.newInstance0(Native Method) ~[na:1.7.0_17]
	at sun.reflect.NativeConstructorAccessorImpl.newInstance(NativeConstructorAccessorImpl.java:57) ~[na:1.7.0_17]
	at sun.reflect.DelegatingConstructorAccessorImpl.newInstance(DelegatingConstructorAccessorImpl.java:45) ~[na:1.7.0_17]
	at java.lang.reflect.Constructor.newInstance(Constructor.java:525) ~[na:1.7.0_17]
	at org.openqa.selenium.remote.ErrorHandler.createThrowable(ErrorHandler.java:191) ~[selenium-server-standalone-2.33.0.jar:na]
	at org.openqa.selenium.remote.ErrorHandler.throwIfResponseFailed(ErrorHandler.java:145) ~[selenium-server-standalone-2.33.0.jar:na]
	at org.openqa.selenium.remote.RemoteWebDriver.execute(RemoteWebDriver.java:554) ~[selenium-server-standalone-2.33.0.jar:na]
	at org.openqa.selenium.remote.RemoteWebElement.execute(RemoteWebElement.java:268) ~[selenium-server-standalone-2.33.0.jar:na]
	at org.openqa.selenium.remote.RemoteWebElement.click(RemoteWebElement.java:79) ~[selenium-server-standalone-2.33.0.jar:na]
	at sun.reflect.NativeMethodAccessorImpl.invoke0(Native Method) ~[na:1.7.0_17]
	at sun.reflect.NativeMethodAccessorImpl.invoke(NativeMethodAccessorImpl.java:57) ~[na:1.7.0_17]
	at sun.reflect.DelegatingMethodAccessorImpl.invoke(DelegatingMethodAccessorImpl.java:43) ~[na:1.7.0_17]
	at java.lang.reflect.Method.invoke(Method.java:601) ~[na:1.7.0_17]
	at org.openqa.selenium.support.events.EventFiringWebDriver$EventFiringWebElement$1.invoke(EventFiringWebDriver.java:327) ~[selenium-server-standalone-2.33.0.jar:na]
	at com.sun.proxy.$Proxy8.click(Unknown Source) ~[na:na]
	at org.openqa.selenium.support.events.EventFiringWebDriver$EventFiringWebElement.click(EventFiringWebDriver.java:340) ~[selenium-server-standalone-2.33.0.jar:na]
	at main.pages.HomePage.loginClick(HomePage.java:70) ~[classes/:na]
	at test.java.LogTest.validLogin(LogTest.java:55) ~[classes/:na]
	at sun.reflect.NativeMethodAccessorImpl.invoke0(Native Method) ~[na:1.7.0_17]
	at sun.reflect.NativeMethodAccessorImpl.invoke(NativeMethodAccessorImpl.java:57) ~[na:1.7.0_17]
	at sun.reflect.DelegatingMethodAccessorImpl.invoke(DelegatingMethodAccessorImpl.java:43) ~[na:1.7.0_17]
	at java.lang.reflect.Method.invoke(Method.java:601) ~[na:1.7.0_17]
	at org.testng.internal.MethodInvocationHelper.invokeMethod(MethodInvocationHelper.java:80) [testng.jar:6.9beta-201211201815]
	at org.testng.internal.Invoker.invokeMethod(Invoker.java:714) [testng.jar:6.9beta-201211201815]
	at org.testng.internal.Invoker.invokeTestMethod(Invoker.java:901) [testng.jar:6.9beta-201211201815]
	at org.testng.internal.Invoker.invokeTestMethods(Invoker.java:1231) [testng.jar:6.9beta-201211201815]
	at org.testng.internal.TestMethodWorker.invokeTestMethods(TestMethodWorker.java:128) [testng.jar:6.9beta-201211201815]
	at org.testng.internal.TestMethodWorker.run(TestMethodWorker.java:111) [testng.jar:6.9beta-201211201815]
	at org.testng.TestRunner.privateRun(TestRunner.java:767) [testng.jar:6.9beta-201211201815]
	at org.testng.TestRunner.run(TestRunner.java:617) [testng.jar:6.9beta-201211201815]
	at org.testng.SuiteRunner.runTest(SuiteRunner.java:334) [testng.jar:6.9beta-201211201815]
	at org.testng.SuiteRunner.runSequentially(SuiteRunner.java:329) [testng.jar:6.9beta-201211201815]
	at org.testng.SuiteRunner.privateRun(SuiteRunner.java:291) [testng.jar:6.9beta-201211201815]
	at org.testng.SuiteRunner.run(SuiteRunner.java:240) [testng.jar:6.9beta-201211201815]
	at org.testng.SuiteRunnerWorker.runSuite(SuiteRunnerWorker.java:52) [testng.jar:6.9beta-201211201815]
	at org.testng.SuiteRunnerWorker.run(SuiteRunnerWorker.java:86) [testng.jar:6.9beta-201211201815]
	at org.testng.TestNG.runSuitesSequentially(TestNG.java:1203) [testng.jar:6.9beta-201211201815]
	at org.testng.TestNG.runSuitesLocally(TestNG.java:1128) [testng.jar:6.9beta-201211201815]
	at org.testng.TestNG.run(TestNG.java:1036) [testng.jar:6.9beta-201211201815]
	at org.testng.remote.RemoteTestNG.run(RemoteTestNG.java:111) [testng.jar:6.9beta-201211201815]
	at org.testng.remote.RemoteTestNG.initAndRun(RemoteTestNG.java:204) [testng.jar:6.9beta-201211201815]
	at org.testng.remote.RemoteTestNG.main(RemoteTestNG.java:175) [testng.jar:6.9beta-201211201815]
org.openqa.selenium.remote.ErrorHandler$UnknownServerException: Element is not currently visible and so may not be interacted with
Build info: version: '2.33.0', revision: '4e90c97', time: '2013-05-22 15:32:38'
System info: os.name: 'Linux', os.arch: 'amd64', os.version: '3.2.0-23-generic', java.version: '1.7.0_17'
Driver info: driver.version: unknown
	at <anonymous class>.fxdriver.preconditions.visible(file:///tmp/anonymous4843165642509806367webdriver-profile/extensions/fxdriver@googlecode.com/components/command_processor.js:7736) ~[na:na]
	at <anonymous class>.DelayedCommand.prototype.checkPreconditions_(file:///tmp/anonymous4843165642509806367webdriver-profile/extensions/fxdriver@googlecode.com/components/command_processor.js:10437) ~[na:na]
	at <anonymous class>.DelayedCommand.prototype.executeInternal_/h(file:///tmp/anonymous4843165642509806367webdriver-profile/extensions/fxdriver@googlecode.com/components/command_processor.js:10456) ~[na:na]
	at <anonymous class>.fxdriver.Timer.prototype.setTimeout/<.notify(file:///tmp/anonymous4843165642509806367webdriver-profile/extensions/fxdriver@googlecode.com/components/command_processor.js:386) ~[na:na]
28372 [main] ERROR m.Driver.MyWebDriverEventListener - WebDriver error: Element not found By.selector: .header__profile
28431 [Thread-0] DEBUG main.Driver.WebDriverFactory - Killing driver 
30504 [Thread-0] ERROR m.Driver.MyWebDriverEventListener - WebDriver error:
org.openqa.selenium.remote.UnreachableBrowserException: Error communicating with the remote browser. It may have died.
Build info: version: '2.33.0', revision: '4e90c97', time: '2013-05-22 15:32:38'
System info: os.name: 'Linux', os.arch: 'amd64', os.version: '3.2.0-23-generic', java.version: '1.7.0_17'
Driver info: driver.version: EventFiringWebDriver
	at org.openqa.selenium.remote.RemoteWebDriver.execute(RemoteWebDriver.java:548) ~[selenium-server-standalone-2.33.0.jar:na]
	at org.openqa.selenium.remote.RemoteWebDriver.execute(RemoteWebDriver.java:569) ~[selenium-server-standalone-2.33.0.jar:na]
	at org.openqa.selenium.remote.RemoteWebDriver.quit(RemoteWebDriver.java:423) ~[selenium-server-standalone-2.33.0.jar:na]
	at sun.reflect.NativeMethodAccessorImpl.invoke0(Native Method) ~[na:1.7.0_17]
	at sun.reflect.NativeMethodAccessorImpl.invoke(NativeMethodAccessorImpl.java:57) ~[na:1.7.0_17]
	at sun.reflect.DelegatingMethodAccessorImpl.invoke(DelegatingMethodAccessorImpl.java:43) ~[na:1.7.0_17]
	at java.lang.reflect.Method.invoke(Method.java:601) ~[na:1.7.0_17]
	at org.openqa.selenium.support.events.EventFiringWebDriver$2.invoke(EventFiringWebDriver.java:101) ~[selenium-server-standalone-2.33.0.jar:na]
	at com.sun.proxy.$Proxy7.quit(Unknown Source) ~[na:na]
	at org.openqa.selenium.support.events.EventFiringWebDriver.quit(EventFiringWebDriver.java:194) ~[selenium-server-standalone-2.33.0.jar:na]
	at main.Driver.WebDriverFactory.dismissDriver(WebDriverFactory.java:97) ~[classes/:na]
	at main.Driver.WebDriverFactory$1.run(WebDriverFactory.java:155) ~[classes/:na]
Caused by: org.apache.http.NoHttpResponseException: The target server failed to respond
	at org.apache.http.impl.conn.DefaultHttpResponseParser.parseHead(DefaultHttpResponseParser.java:95) ~[selenium-server-standalone-2.33.0.jar:na]
	at org.apache.http.impl.conn.DefaultHttpResponseParser.parseHead(DefaultHttpResponseParser.java:62) ~[selenium-server-standalone-2.33.0.jar:na]
	at org.apache.http.impl.io.AbstractMessageParser.parse(AbstractMessageParser.java:254) ~[selenium-server-standalone-2.33.0.jar:na]
	at org.apache.http.impl.AbstractHttpClientConnection.receiveResponseHeader(AbstractHttpClientConnection.java:289) ~[selenium-server-standalone-2.33.0.jar:na]
	at org.apache.http.impl.conn.DefaultClientConnection.receiveResponseHeader(DefaultClientConnection.java:252) ~[selenium-server-standalone-2.33.0.jar:na]
	at org.apache.http.impl.conn.AbstractClientConnAdapter.receiveResponseHeader(AbstractClientConnAdapter.java:219) ~[selenium-server-standalone-2.33.0.jar:na]
	at org.apache.http.protocol.HttpRequestExecutor.doReceiveResponse(HttpRequestExecutor.java:300) ~[selenium-server-standalone-2.33.0.jar:na]
	at org.apache.http.protocol.HttpRequestExecutor.execute(HttpRequestExecutor.java:127) ~[selenium-server-standalone-2.33.0.jar:na]
	at org.apache.http.impl.client.DefaultRequestDirector.tryExecute(DefaultRequestDirector.java:712) ~[selenium-server-standalone-2.33.0.jar:na]
	at org.apache.http.impl.client.DefaultRequestDirector.execute(DefaultRequestDirector.java:517) ~[selenium-server-standalone-2.33.0.jar:na]
	at org.apache.http.impl.client.AbstractHttpClient.execute(AbstractHttpClient.java:906) ~[selenium-server-standalone-2.33.0.jar:na]
	at org.openqa.selenium.remote.HttpCommandExecutor.fallBackExecute(HttpCommandExecutor.java:334) ~[selenium-server-standalone-2.33.0.jar:na]
	at org.openqa.selenium.remote.HttpCommandExecutor.execute(HttpCommandExecutor.java:295) ~[selenium-server-standalone-2.33.0.jar:na]
	at org.openqa.selenium.firefox.internal.NewProfileExtensionConnection.execute(NewProfileExtensionConnection.java:133) ~[selenium-server-standalone-2.33.0.jar:na]
	at org.openqa.selenium.firefox.FirefoxDriver$LazyCommandExecutor.execute(FirefoxDriver.java:355) ~[selenium-server-standalone-2.33.0.jar:na]
	at org.openqa.selenium.remote.RemoteWebDriver.execute(RemoteWebDriver.java:527) ~[selenium-server-standalone-2.33.0.jar:na]
	... 11 common frames omitted
30505 [Thread-0] WARN  main.Driver.WebDriverFactory - Driver killing error
org.openqa.selenium.remote.UnreachableBrowserException: Error communicating with the remote browser. It may have died.
Build info: version: '2.33.0', revision: '4e90c97', time: '2013-05-22 15:32:38'
System info: os.name: 'Linux', os.arch: 'amd64', os.version: '3.2.0-23-generic', java.version: '1.7.0_17'
Driver info: driver.version: EventFiringWebDriver
	at org.openqa.selenium.remote.RemoteWebDriver.execute(RemoteWebDriver.java:548) ~[selenium-server-standalone-2.33.0.jar:na]
	at org.openqa.selenium.remote.RemoteWebDriver.execute(RemoteWebDriver.java:569) ~[selenium-server-standalone-2.33.0.jar:na]
	at org.openqa.selenium.remote.RemoteWebDriver.quit(RemoteWebDriver.java:423) ~[selenium-server-standalone-2.33.0.jar:na]
	at sun.reflect.NativeMethodAccessorImpl.invoke0(Native Method) ~[na:1.7.0_17]
	at sun.reflect.NativeMethodAccessorImpl.invoke(NativeMethodAccessorImpl.java:57) ~[na:1.7.0_17]
	at sun.reflect.DelegatingMethodAccessorImpl.invoke(DelegatingMethodAccessorImpl.java:43) ~[na:1.7.0_17]
	at java.lang.reflect.Method.invoke(Method.java:601) ~[na:1.7.0_17]
	at org.openqa.selenium.support.events.EventFiringWebDriver$2.invoke(EventFiringWebDriver.java:101) ~[selenium-server-standalone-2.33.0.jar:na]
	at com.sun.proxy.$Proxy7.quit(Unknown Source) ~[na:na]
	at org.openqa.selenium.support.events.EventFiringWebDriver.quit(EventFiringWebDriver.java:194) ~[selenium-server-standalone-2.33.0.jar:na]
	at main.Driver.WebDriverFactory.dismissDriver(WebDriverFactory.java:97) ~[classes/:na]
	at main.Driver.WebDriverFactory$1.run(WebDriverFactory.java:155) [classes/:na]
Caused by: org.apache.http.NoHttpResponseException: The target server failed to respond
	at org.apache.http.impl.conn.DefaultHttpResponseParser.parseHead(DefaultHttpResponseParser.java:95) ~[selenium-server-standalone-2.33.0.jar:na]
	at org.apache.http.impl.conn.DefaultHttpResponseParser.parseHead(DefaultHttpResponseParser.java:62) ~[selenium-server-standalone-2.33.0.jar:na]
	at org.apache.http.impl.io.AbstractMessageParser.parse(AbstractMessageParser.java:254) ~[selenium-server-standalone-2.33.0.jar:na]
	at org.apache.http.impl.AbstractHttpClientConnection.receiveResponseHeader(AbstractHttpClientConnection.java:289) ~[selenium-server-standalone-2.33.0.jar:na]
	at org.apache.http.impl.conn.DefaultClientConnection.receiveResponseHeader(DefaultClientConnection.java:252) ~[selenium-server-standalone-2.33.0.jar:na]
	at org.apache.http.impl.conn.AbstractClientConnAdapter.receiveResponseHeader(AbstractClientConnAdapter.java:219) ~[selenium-server-standalone-2.33.0.jar:na]
	at org.apache.http.protocol.HttpRequestExecutor.doReceiveResponse(HttpRequestExecutor.java:300) ~[selenium-server-standalone-2.33.0.jar:na]
	at org.apache.http.protocol.HttpRequestExecutor.execute(HttpRequestExecutor.java:127) ~[selenium-server-standalone-2.33.0.jar:na]
	at org.apache.http.impl.client.DefaultRequestDirector.tryExecute(DefaultRequestDirector.java:712) ~[selenium-server-standalone-2.33.0.jar:na]
	at org.apache.http.impl.client.DefaultRequestDirector.execute(DefaultRequestDirector.java:517) ~[selenium-server-standalone-2.33.0.jar:na]
	at org.apache.http.impl.client.AbstractHttpClient.execute(AbstractHttpClient.java:906) ~[selenium-server-standalone-2.33.0.jar:na]
	at org.openqa.selenium.remote.HttpCommandExecutor.fallBackExecute(HttpCommandExecutor.java:334) ~[selenium-server-standalone-2.33.0.jar:na]
	at org.openqa.selenium.remote.HttpCommandExecutor.execute(HttpCommandExecutor.java:295) ~[selenium-server-standalone-2.33.0.jar:na]
	at org.openqa.selenium.firefox.internal.NewProfileExtensionConnection.execute(NewProfileExtensionConnection.java:133) ~[selenium-server-standalone-2.33.0.jar:na]
	at org.openqa.selenium.firefox.FirefoxDriver$LazyCommandExecutor.execute(FirefoxDriver.java:355) ~[selenium-server-standalone-2.33.0.jar:na]
	at org.openqa.selenium.remote.RemoteWebDriver.execute(RemoteWebDriver.java:527) ~[selenium-server-standalone-2.33.0.jar:na]
	... 11 common frames omitted
280  [main] INFO  test.java.LogTest - >>>>>>>>>>>>>>>>>>>>>>>>>>>>>>>>>>>>>class test.java.LogTest<<<<<<<<<<<<<<<<<<<<<<<<<<<<<<<<<<<<<<<
287  [main] DEBUG main.Driver.WebDriverFactory - Requested driver: Capabilities [{platform=ANY, browserName=firefox, version=}]:null
3573 [main] INFO  m.Driver.MyWebDriverEventListener - WebDriver navigating to:'https://plush.com.ua/'
6284 [main] DEBUG m.Driver.MyWebDriverEventListener - Webdriver will click on element tag:li id:  ('English▼')
6396 [main] DEBUG m.Driver.MyWebDriverEventListener - Webdriver clicked on element tag:li id:  ('English')
6465 [main] DEBUG m.Driver.MyWebDriverEventListener - Webdriver will click on element tag:a id: lang_ru ('Русский')
6567 [main] DEBUG m.Driver.MyWebDriverEventListener - Webdriver clicked on element tag:a id: lang_ru ('')
7458 [main] INFO  test.java.LogTest - >>>>>>>>>>>>>>>Test = validLogin()<<<<<<<<<<<<<<<
7552 [main] DEBUG m.Driver.MyWebDriverEventListener - Webdriver will click on element tag:a id: js_header_signin ('Войти')
7702 [main] DEBUG m.Driver.MyWebDriverEventListener - Webdriver clicked on element tag:a id: js_header_signin ('Войти')
7791 [main] DEBUG m.Driver.MyWebDriverEventListener - WebDriver changing value in element found By.id: login_email from 'tag:input id: login_email ('')' to 'tag:input id: login_email ('')'
8629 [main] DEBUG m.Driver.MyWebDriverEventListener - WebDriver changing value in element found By.id: login_email from 'tag:input id: login_email ('')' to 'tag:input id: login_email ('')'
8768 [main] DEBUG m.Driver.MyWebDriverEventListener - WebDriver changing value in element found By.id: login_password from 'tag:input id: login_password ('')' to 'tag:input id: login_password ('')'
9073 [main] DEBUG m.Driver.MyWebDriverEventListener - WebDriver changing value in element found By.id: login_password from 'tag:input id: login_password ('')' to 'tag:input id: login_password ('')'
9103 [main] DEBUG m.Driver.MyWebDriverEventListener - Webdriver will click on element tag:input id: login_button ('')
9208 [main] DEBUG m.Driver.MyWebDriverEventListener - Webdriver clicked on element tag:input id: login_button ('')
10586 [main] DEBUG m.Driver.MyWebDriverEventListener - Webdriver will click on element tag:a id: logout ('Выйти')
10748 [main] DEBUG m.Driver.MyWebDriverEventListener - Webdriver clicked on element tag:a id: logout ('Выйти')
10788 [Thread-0] DEBUG main.Driver.WebDriverFactory - Killing driver 
