1180 [main] INFO  test.java.LogTest - >>>>>>>>>>>>>>>>>>>>>>>>>>>>>>>>>>>>>class test.java.LogTest<<<<<<<<<<<<<<<<<<<<<<<<<<<<<<<<<<<<<<<
1188 [main] DEBUG main.Driver.WebDriverFactory - Requested driver: Capabilities [{platform=ANY, browserName=firefox, version=}]:null
22263 [main] INFO  m.Driver.MyWebDriverEventListener - WebDriver navigating to:'https://testun.com.ua/sys/sys/test_cookie_key'
23046 [main] INFO  m.Driver.MyWebDriverEventListener - WebDriver navigating to:'https://testun.com.ua/'
24884 [main] INFO  test.java.LogTest - >>>>>>>>>>>>>>>Test = validLogin()<<<<<<<<<<<<<<<
24937 [main] DEBUG m.Driver.MyWebDriverEventListener - Webdriver will click on element tag:a id: js_header_signin ('Login')
25062 [main] DEBUG m.Driver.MyWebDriverEventListener - Webdriver clicked on element tag:a id: js_header_signin ('Login')
25159 [main] DEBUG m.Driver.MyWebDriverEventListener - WebDriver changing value in element found By.id: login_email from 'tag:input id: login_email ('')' to 'tag:input id: login_email ('')'
25245 [main] DEBUG m.Driver.MyWebDriverEventListener - WebDriver changing value in element found By.id: login_email from 'tag:input id: login_email ('')' to 'tag:input id: login_email ('')'
26326 [main] DEBUG m.Driver.MyWebDriverEventListener - WebDriver changing value in element found By.id: login_password from 'tag:input id: login_password ('')' to 'tag:input id: login_password ('')'
26425 [main] DEBUG m.Driver.MyWebDriverEventListener - WebDriver changing value in element found By.id: login_password from 'tag:input id: login_password ('')' to 'tag:input id: login_password ('')'
26448 [main] DEBUG m.Driver.MyWebDriverEventListener - Webdriver will click on element tag:input id: login_button ('')
26534 [main] DEBUG m.Driver.MyWebDriverEventListener - Webdriver clicked on element tag:input id: login_button ('')
28260 [main] DEBUG m.Driver.MyWebDriverEventListener - Webdriver will click on element tag:a id: logout ('Exit')
28332 [main] DEBUG m.Driver.MyWebDriverEventListener - Webdriver clicked on element tag:a id: logout ('Exit')
28421 [Thread-0] DEBUG main.Driver.WebDriverFactory - Killing driver 
32810 [Thread-0] ERROR m.Driver.MyWebDriverEventListener - WebDriver error:
org.openqa.selenium.remote.UnreachableBrowserException: Error communicating with the remote browser. It may have died.
Build info: version: '2.31.0', revision: '1bd294d', time: '2013-02-27 20:52:59'
System info: os.name: 'Linux', os.arch: 'amd64', os.version: '3.2.0-23-generic', java.version: '1.7.0_17'
Driver info: driver.version: EventFiringWebDriver
	at org.openqa.selenium.remote.RemoteWebDriver.execute(RemoteWebDriver.java:548) ~[selenium-server-standalone-2.31.0.jar:na]
	at org.openqa.selenium.remote.RemoteWebDriver.execute(RemoteWebDriver.java:569) ~[selenium-server-standalone-2.31.0.jar:na]
	at org.openqa.selenium.remote.RemoteWebDriver.quit(RemoteWebDriver.java:423) ~[selenium-server-standalone-2.31.0.jar:na]
	at sun.reflect.NativeMethodAccessorImpl.invoke0(Native Method) ~[na:1.7.0_17]
	at sun.reflect.NativeMethodAccessorImpl.invoke(NativeMethodAccessorImpl.java:57) ~[na:1.7.0_17]
	at sun.reflect.DelegatingMethodAccessorImpl.invoke(DelegatingMethodAccessorImpl.java:43) ~[na:1.7.0_17]
	at java.lang.reflect.Method.invoke(Method.java:601) ~[na:1.7.0_17]
	at org.openqa.selenium.support.events.EventFiringWebDriver$2.invoke(EventFiringWebDriver.java:101) ~[selenium-server-standalone-2.31.0.jar:na]
	at com.sun.proxy.$Proxy7.quit(Unknown Source) ~[na:na]
	at org.openqa.selenium.support.events.EventFiringWebDriver.quit(EventFiringWebDriver.java:194) ~[selenium-server-standalone-2.31.0.jar:na]
	at main.Driver.WebDriverFactory.dismissDriver(WebDriverFactory.java:97) ~[classes/:na]
	at main.Driver.WebDriverFactory$1.run(WebDriverFactory.java:155) ~[classes/:na]
Caused by: org.apache.http.NoHttpResponseException: The target server failed to respond
	at org.apache.http.impl.conn.DefaultHttpResponseParser.parseHead(DefaultHttpResponseParser.java:95) ~[selenium-server-standalone-2.31.0.jar:na]
	at org.apache.http.impl.conn.DefaultHttpResponseParser.parseHead(DefaultHttpResponseParser.java:62) ~[selenium-server-standalone-2.31.0.jar:na]
	at org.apache.http.impl.io.AbstractMessageParser.parse(AbstractMessageParser.java:254) ~[selenium-server-standalone-2.31.0.jar:na]
	at org.apache.http.impl.AbstractHttpClientConnection.receiveResponseHeader(AbstractHttpClientConnection.java:289) ~[selenium-server-standalone-2.31.0.jar:na]
	at org.apache.http.impl.conn.DefaultClientConnection.receiveResponseHeader(DefaultClientConnection.java:252) ~[selenium-server-standalone-2.31.0.jar:na]
	at org.apache.http.impl.conn.AbstractClientConnAdapter.receiveResponseHeader(AbstractClientConnAdapter.java:219) ~[selenium-server-standalone-2.31.0.jar:na]
	at org.apache.http.protocol.HttpRequestExecutor.doReceiveResponse(HttpRequestExecutor.java:300) ~[selenium-server-standalone-2.31.0.jar:na]
	at org.apache.http.protocol.HttpRequestExecutor.execute(HttpRequestExecutor.java:127) ~[selenium-server-standalone-2.31.0.jar:na]
	at org.apache.http.impl.client.DefaultRequestDirector.tryExecute(DefaultRequestDirector.java:712) ~[selenium-server-standalone-2.31.0.jar:na]
	at org.apache.http.impl.client.DefaultRequestDirector.execute(DefaultRequestDirector.java:517) ~[selenium-server-standalone-2.31.0.jar:na]
	at org.apache.http.impl.client.AbstractHttpClient.execute(AbstractHttpClient.java:906) ~[selenium-server-standalone-2.31.0.jar:na]
	at org.openqa.selenium.remote.HttpCommandExecutor.fallBackExecute(HttpCommandExecutor.java:334) ~[selenium-server-standalone-2.31.0.jar:na]
	at org.openqa.selenium.remote.HttpCommandExecutor.execute(HttpCommandExecutor.java:295) ~[selenium-server-standalone-2.31.0.jar:na]
	at org.openqa.selenium.firefox.internal.NewProfileExtensionConnection.execute(NewProfileExtensionConnection.java:133) ~[selenium-server-standalone-2.31.0.jar:na]
	at org.openqa.selenium.firefox.FirefoxDriver$LazyCommandExecutor.execute(FirefoxDriver.java:355) ~[selenium-server-standalone-2.31.0.jar:na]
	at org.openqa.selenium.remote.RemoteWebDriver.execute(RemoteWebDriver.java:527) ~[selenium-server-standalone-2.31.0.jar:na]
	... 11 common frames omitted
32811 [Thread-0] WARN  main.Driver.WebDriverFactory - Driver killing error
org.openqa.selenium.remote.UnreachableBrowserException: Error communicating with the remote browser. It may have died.
Build info: version: '2.31.0', revision: '1bd294d', time: '2013-02-27 20:52:59'
System info: os.name: 'Linux', os.arch: 'amd64', os.version: '3.2.0-23-generic', java.version: '1.7.0_17'
Driver info: driver.version: EventFiringWebDriver
	at org.openqa.selenium.remote.RemoteWebDriver.execute(RemoteWebDriver.java:548) ~[selenium-server-standalone-2.31.0.jar:na]
	at org.openqa.selenium.remote.RemoteWebDriver.execute(RemoteWebDriver.java:569) ~[selenium-server-standalone-2.31.0.jar:na]
	at org.openqa.selenium.remote.RemoteWebDriver.quit(RemoteWebDriver.java:423) ~[selenium-server-standalone-2.31.0.jar:na]
	at sun.reflect.NativeMethodAccessorImpl.invoke0(Native Method) ~[na:1.7.0_17]
	at sun.reflect.NativeMethodAccessorImpl.invoke(NativeMethodAccessorImpl.java:57) ~[na:1.7.0_17]
	at sun.reflect.DelegatingMethodAccessorImpl.invoke(DelegatingMethodAccessorImpl.java:43) ~[na:1.7.0_17]
	at java.lang.reflect.Method.invoke(Method.java:601) ~[na:1.7.0_17]
	at org.openqa.selenium.support.events.EventFiringWebDriver$2.invoke(EventFiringWebDriver.java:101) ~[selenium-server-standalone-2.31.0.jar:na]
	at com.sun.proxy.$Proxy7.quit(Unknown Source) ~[na:na]
	at org.openqa.selenium.support.events.EventFiringWebDriver.quit(EventFiringWebDriver.java:194) ~[selenium-server-standalone-2.31.0.jar:na]
	at main.Driver.WebDriverFactory.dismissDriver(WebDriverFactory.java:97) ~[classes/:na]
	at main.Driver.WebDriverFactory$1.run(WebDriverFactory.java:155) [classes/:na]
Caused by: org.apache.http.NoHttpResponseException: The target server failed to respond
	at org.apache.http.impl.conn.DefaultHttpResponseParser.parseHead(DefaultHttpResponseParser.java:95) ~[selenium-server-standalone-2.31.0.jar:na]
	at org.apache.http.impl.conn.DefaultHttpResponseParser.parseHead(DefaultHttpResponseParser.java:62) ~[selenium-server-standalone-2.31.0.jar:na]
	at org.apache.http.impl.io.AbstractMessageParser.parse(AbstractMessageParser.java:254) ~[selenium-server-standalone-2.31.0.jar:na]
	at org.apache.http.impl.AbstractHttpClientConnection.receiveResponseHeader(AbstractHttpClientConnection.java:289) ~[selenium-server-standalone-2.31.0.jar:na]
	at org.apache.http.impl.conn.DefaultClientConnection.receiveResponseHeader(DefaultClientConnection.java:252) ~[selenium-server-standalone-2.31.0.jar:na]
	at org.apache.http.impl.conn.AbstractClientConnAdapter.receiveResponseHeader(AbstractClientConnAdapter.java:219) ~[selenium-server-standalone-2.31.0.jar:na]
	at org.apache.http.protocol.HttpRequestExecutor.doReceiveResponse(HttpRequestExecutor.java:300) ~[selenium-server-standalone-2.31.0.jar:na]
	at org.apache.http.protocol.HttpRequestExecutor.execute(HttpRequestExecutor.java:127) ~[selenium-server-standalone-2.31.0.jar:na]
	at org.apache.http.impl.client.DefaultRequestDirector.tryExecute(DefaultRequestDirector.java:712) ~[selenium-server-standalone-2.31.0.jar:na]
	at org.apache.http.impl.client.DefaultRequestDirector.execute(DefaultRequestDirector.java:517) ~[selenium-server-standalone-2.31.0.jar:na]
	at org.apache.http.impl.client.AbstractHttpClient.execute(AbstractHttpClient.java:906) ~[selenium-server-standalone-2.31.0.jar:na]
	at org.openqa.selenium.remote.HttpCommandExecutor.fallBackExecute(HttpCommandExecutor.java:334) ~[selenium-server-standalone-2.31.0.jar:na]
	at org.openqa.selenium.remote.HttpCommandExecutor.execute(HttpCommandExecutor.java:295) ~[selenium-server-standalone-2.31.0.jar:na]
	at org.openqa.selenium.firefox.internal.NewProfileExtensionConnection.execute(NewProfileExtensionConnection.java:133) ~[selenium-server-standalone-2.31.0.jar:na]
	at org.openqa.selenium.firefox.FirefoxDriver$LazyCommandExecutor.execute(FirefoxDriver.java:355) ~[selenium-server-standalone-2.31.0.jar:na]
	at org.openqa.selenium.remote.RemoteWebDriver.execute(RemoteWebDriver.java:527) ~[selenium-server-standalone-2.31.0.jar:na]
	... 11 common frames omitted
274  [main] INFO  test.java.LogTest - >>>>>>>>>>>>>>>>>>>>>>>>>>>>>>>>>>>>>class test.java.LogTest<<<<<<<<<<<<<<<<<<<<<<<<<<<<<<<<<<<<<<<
281  [main] DEBUG main.Driver.WebDriverFactory - Requested driver: Capabilities [{platform=ANY, browserName=firefox, version=}]:null
3627 [main] INFO  m.Driver.MyWebDriverEventListener - WebDriver navigating to:'https://plush.com.ua/'
6677 [main] DEBUG m.Driver.MyWebDriverEventListener - Webdriver will click on element tag:li id:  ('English▼')
6756 [main] DEBUG m.Driver.MyWebDriverEventListener - Webdriver clicked on element tag:li id:  ('English')
6790 [main] ERROR m.Driver.MyWebDriverEventListener - WebDriver error: Element not found By.selector: .select-lang open-lang sh
7302 [main] ERROR m.Driver.MyWebDriverEventListener - WebDriver error: Element not found By.selector: .select-lang open-lang sh
7813 [main] ERROR m.Driver.MyWebDriverEventListener - WebDriver error: Element not found By.selector: .select-lang open-lang sh
8324 [main] ERROR m.Driver.MyWebDriverEventListener - WebDriver error: Element not found By.selector: .select-lang open-lang sh
8833 [main] ERROR m.Driver.MyWebDriverEventListener - WebDriver error: Element not found By.selector: .select-lang open-lang sh
9344 [main] ERROR m.Driver.MyWebDriverEventListener - WebDriver error: Element not found By.selector: .select-lang open-lang sh
9856 [main] ERROR m.Driver.MyWebDriverEventListener - WebDriver error: Element not found By.selector: .select-lang open-lang sh
10366 [main] ERROR m.Driver.MyWebDriverEventListener - WebDriver error: Element not found By.selector: .select-lang open-lang sh
10876 [main] ERROR m.Driver.MyWebDriverEventListener - WebDriver error: Element not found By.selector: .select-lang open-lang sh
11385 [main] ERROR m.Driver.MyWebDriverEventListener - WebDriver error: Element not found By.selector: .select-lang open-lang sh
11894 [main] ERROR m.Driver.MyWebDriverEventListener - WebDriver error: Element not found By.selector: .select-lang open-lang sh
12403 [main] ERROR m.Driver.MyWebDriverEventListener - WebDriver error: Element not found By.selector: .select-lang open-lang sh
12914 [main] ERROR m.Driver.MyWebDriverEventListener - WebDriver error: Element not found By.selector: .select-lang open-lang sh
13424 [main] ERROR m.Driver.MyWebDriverEventListener - WebDriver error: Element not found By.selector: .select-lang open-lang sh
13933 [main] ERROR m.Driver.MyWebDriverEventListener - WebDriver error: Element not found By.selector: .select-lang open-lang sh
14443 [main] ERROR m.Driver.MyWebDriverEventListener - WebDriver error: Element not found By.selector: .select-lang open-lang sh
14952 [main] ERROR m.Driver.MyWebDriverEventListener - WebDriver error: Element not found By.selector: .select-lang open-lang sh
15477 [main] ERROR m.Driver.MyWebDriverEventListener - WebDriver error: Element not found By.selector: .select-lang open-lang sh
15992 [main] ERROR m.Driver.MyWebDriverEventListener - WebDriver error: Element not found By.selector: .select-lang open-lang sh
16500 [main] ERROR m.Driver.MyWebDriverEventListener - WebDriver error: Element not found By.selector: .select-lang open-lang sh
17010 [main] ERROR m.Driver.MyWebDriverEventListener - WebDriver error: Element not found By.selector: .select-lang open-lang sh
17522 [main] ERROR m.Driver.MyWebDriverEventListener - WebDriver error: Element not found By.selector: .select-lang open-lang sh
18031 [main] ERROR m.Driver.MyWebDriverEventListener - WebDriver error: Element not found By.selector: .select-lang open-lang sh
18540 [main] ERROR m.Driver.MyWebDriverEventListener - WebDriver error: Element not found By.selector: .select-lang open-lang sh
19050 [main] ERROR m.Driver.MyWebDriverEventListener - WebDriver error: Element not found By.selector: .select-lang open-lang sh
19559 [main] ERROR m.Driver.MyWebDriverEventListener - WebDriver error: Element not found By.selector: .select-lang open-lang sh
20093 [main] ERROR m.Driver.MyWebDriverEventListener - WebDriver error: Element not found By.selector: .select-lang open-lang sh
20600 [main] ERROR m.Driver.MyWebDriverEventListener - WebDriver error: Element not found By.selector: .select-lang open-lang sh
21111 [main] ERROR m.Driver.MyWebDriverEventListener - WebDriver error: Element not found By.selector: .select-lang open-lang sh
21620 [main] ERROR m.Driver.MyWebDriverEventListener - WebDriver error: Element not found By.selector: .select-lang open-lang sh
22129 [main] ERROR m.Driver.MyWebDriverEventListener - WebDriver error: Element not found By.selector: .select-lang open-lang sh
22638 [main] ERROR m.Driver.MyWebDriverEventListener - WebDriver error: Element not found By.selector: .select-lang open-lang sh
23147 [main] ERROR m.Driver.MyWebDriverEventListener - WebDriver error: Element not found By.selector: .select-lang open-lang sh
23657 [main] ERROR m.Driver.MyWebDriverEventListener - WebDriver error: Element not found By.selector: .select-lang open-lang sh
24213 [main] ERROR m.Driver.MyWebDriverEventListener - WebDriver error: Element not found By.selector: .select-lang open-lang sh
24741 [main] ERROR m.Driver.MyWebDriverEventListener - WebDriver error: Element not found By.selector: .select-lang open-lang sh
25261 [main] ERROR m.Driver.MyWebDriverEventListener - WebDriver error: Element not found By.selector: .select-lang open-lang sh
25768 [main] ERROR m.Driver.MyWebDriverEventListener - WebDriver error: Element not found By.selector: .select-lang open-lang sh
26274 [main] ERROR m.Driver.MyWebDriverEventListener - WebDriver error: Element not found By.selector: .select-lang open-lang sh
26786 [main] ERROR m.Driver.MyWebDriverEventListener - WebDriver error: Element not found By.selector: .select-lang open-lang sh
26881 [Thread-0] DEBUG main.Driver.WebDriverFactory - Killing driver 
272  [main] INFO  test.java.LogTest - >>>>>>>>>>>>>>>>>>>>>>>>>>>>>>>>>>>>>class test.java.LogTest<<<<<<<<<<<<<<<<<<<<<<<<<<<<<<<<<<<<<<<
280  [main] DEBUG main.Driver.WebDriverFactory - Requested driver: Capabilities [{platform=ANY, browserName=firefox, version=}]:null
3614 [main] INFO  m.Driver.MyWebDriverEventListener - WebDriver navigating to:'https://plush.com.ua/'
7971 [main] DEBUG m.Driver.MyWebDriverEventListener - Webdriver will click on element tag:li id:  ('English▼')
8044 [main] DEBUG m.Driver.MyWebDriverEventListener - Webdriver clicked on element tag:li id:  ('English')
8062 [main] ERROR m.Driver.MyWebDriverEventListener - WebDriver error: Element not found By.xpath: //div[@class='select-lang open-lang sh']//a[text()='Ð ÑÑÑÐºÐ¸Ð¹']
8132 [Thread-0] DEBUG main.Driver.WebDriverFactory - Killing driver 
271  [main] INFO  test.java.LogTest - >>>>>>>>>>>>>>>>>>>>>>>>>>>>>>>>>>>>>class test.java.LogTest<<<<<<<<<<<<<<<<<<<<<<<<<<<<<<<<<<<<<<<
279  [main] DEBUG main.Driver.WebDriverFactory - Requested driver: Capabilities [{platform=ANY, browserName=firefox, version=}]:null
3633 [main] INFO  m.Driver.MyWebDriverEventListener - WebDriver navigating to:'https://plush.com.ua/'
5987 [main] DEBUG m.Driver.MyWebDriverEventListener - Webdriver will click on element tag:li id:  ('English▼')
6058 [main] DEBUG m.Driver.MyWebDriverEventListener - Webdriver clicked on element tag:li id:  ('English')
6084 [main] ERROR m.Driver.MyWebDriverEventListener - WebDriver error: Element not found By.xpath: //div[@class='select-lang open-lang sh']//a[text()='Ð ÑÑÑÐºÐ¸Ð¹']
6156 [Thread-0] DEBUG main.Driver.WebDriverFactory - Killing driver 
254  [main] INFO  test.java.LogTest - >>>>>>>>>>>>>>>>>>>>>>>>>>>>>>>>>>>>>class test.java.LogTest<<<<<<<<<<<<<<<<<<<<<<<<<<<<<<<<<<<<<<<
261  [main] DEBUG main.Driver.WebDriverFactory - Requested driver: Capabilities [{platform=ANY, browserName=firefox, version=}]:null
3478 [main] INFO  m.Driver.MyWebDriverEventListener - WebDriver navigating to:'https://plush.com.ua/'
7998 [main] DEBUG m.Driver.MyWebDriverEventListener - Webdriver will click on element tag:li id:  ('English▼')
8067 [main] DEBUG m.Driver.MyWebDriverEventListener - Webdriver clicked on element tag:li id:  ('English')
8085 [main] ERROR m.Driver.MyWebDriverEventListener - WebDriver error: Element not found By.xpath: //div[@class='select-lang open-lang sh']//a[text()='Ð ÑÑÑÐºÐ¸Ð¹']
8206 [Thread-0] DEBUG main.Driver.WebDriverFactory - Killing driver 
275  [main] INFO  test.java.LogTest - >>>>>>>>>>>>>>>>>>>>>>>>>>>>>>>>>>>>>class test.java.LogTest<<<<<<<<<<<<<<<<<<<<<<<<<<<<<<<<<<<<<<<
283  [main] DEBUG main.Driver.WebDriverFactory - Requested driver: Capabilities [{platform=ANY, browserName=firefox, version=}]:null
3480 [main] INFO  m.Driver.MyWebDriverEventListener - WebDriver navigating to:'https://plush.com.ua/'
6366 [main] DEBUG m.Driver.MyWebDriverEventListener - Webdriver will click on element tag:li id:  ('English▼')
6440 [main] DEBUG m.Driver.MyWebDriverEventListener - Webdriver clicked on element tag:li id:  ('English')
6475 [main] DEBUG m.Driver.MyWebDriverEventListener - Webdriver will click on element tag:a id: lang_ru ('Русский')
6551 [main] DEBUG m.Driver.MyWebDriverEventListener - Webdriver clicked on element tag:a id: lang_ru ('')
26750 [Thread-0] DEBUG main.Driver.WebDriverFactory - Killing driver 
28822 [Thread-0] ERROR m.Driver.MyWebDriverEventListener - WebDriver error:
org.openqa.selenium.remote.UnreachableBrowserException: Error communicating with the remote browser. It may have died.
Build info: version: '2.31.0', revision: '1bd294d', time: '2013-02-27 20:52:59'
System info: os.name: 'Linux', os.arch: 'amd64', os.version: '3.2.0-23-generic', java.version: '1.7.0_17'
Driver info: driver.version: EventFiringWebDriver
	at org.openqa.selenium.remote.RemoteWebDriver.execute(RemoteWebDriver.java:548) ~[selenium-server-standalone-2.31.0.jar:na]
	at org.openqa.selenium.remote.RemoteWebDriver.execute(RemoteWebDriver.java:569) ~[selenium-server-standalone-2.31.0.jar:na]
	at org.openqa.selenium.remote.RemoteWebDriver.quit(RemoteWebDriver.java:423) ~[selenium-server-standalone-2.31.0.jar:na]
	at sun.reflect.NativeMethodAccessorImpl.invoke0(Native Method) ~[na:1.7.0_17]
	at sun.reflect.NativeMethodAccessorImpl.invoke(NativeMethodAccessorImpl.java:57) ~[na:1.7.0_17]
	at sun.reflect.DelegatingMethodAccessorImpl.invoke(DelegatingMethodAccessorImpl.java:43) ~[na:1.7.0_17]
	at java.lang.reflect.Method.invoke(Method.java:601) ~[na:1.7.0_17]
	at org.openqa.selenium.support.events.EventFiringWebDriver$2.invoke(EventFiringWebDriver.java:101) ~[selenium-server-standalone-2.31.0.jar:na]
	at com.sun.proxy.$Proxy7.quit(Unknown Source) ~[na:na]
	at org.openqa.selenium.support.events.EventFiringWebDriver.quit(EventFiringWebDriver.java:194) ~[selenium-server-standalone-2.31.0.jar:na]
	at main.Driver.WebDriverFactory.dismissDriver(WebDriverFactory.java:97) ~[classes/:na]
	at main.Driver.WebDriverFactory$1.run(WebDriverFactory.java:155) ~[classes/:na]
Caused by: org.apache.http.NoHttpResponseException: The target server failed to respond
	at org.apache.http.impl.conn.DefaultHttpResponseParser.parseHead(DefaultHttpResponseParser.java:95) ~[selenium-server-standalone-2.31.0.jar:na]
	at org.apache.http.impl.conn.DefaultHttpResponseParser.parseHead(DefaultHttpResponseParser.java:62) ~[selenium-server-standalone-2.31.0.jar:na]
	at org.apache.http.impl.io.AbstractMessageParser.parse(AbstractMessageParser.java:254) ~[selenium-server-standalone-2.31.0.jar:na]
	at org.apache.http.impl.AbstractHttpClientConnection.receiveResponseHeader(AbstractHttpClientConnection.java:289) ~[selenium-server-standalone-2.31.0.jar:na]
	at org.apache.http.impl.conn.DefaultClientConnection.receiveResponseHeader(DefaultClientConnection.java:252) ~[selenium-server-standalone-2.31.0.jar:na]
	at org.apache.http.impl.conn.AbstractClientConnAdapter.receiveResponseHeader(AbstractClientConnAdapter.java:219) ~[selenium-server-standalone-2.31.0.jar:na]
	at org.apache.http.protocol.HttpRequestExecutor.doReceiveResponse(HttpRequestExecutor.java:300) ~[selenium-server-standalone-2.31.0.jar:na]
	at org.apache.http.protocol.HttpRequestExecutor.execute(HttpRequestExecutor.java:127) ~[selenium-server-standalone-2.31.0.jar:na]
	at org.apache.http.impl.client.DefaultRequestDirector.tryExecute(DefaultRequestDirector.java:712) ~[selenium-server-standalone-2.31.0.jar:na]
	at org.apache.http.impl.client.DefaultRequestDirector.execute(DefaultRequestDirector.java:517) ~[selenium-server-standalone-2.31.0.jar:na]
	at org.apache.http.impl.client.AbstractHttpClient.execute(AbstractHttpClient.java:906) ~[selenium-server-standalone-2.31.0.jar:na]
	at org.openqa.selenium.remote.HttpCommandExecutor.fallBackExecute(HttpCommandExecutor.java:334) ~[selenium-server-standalone-2.31.0.jar:na]
	at org.openqa.selenium.remote.HttpCommandExecutor.execute(HttpCommandExecutor.java:295) ~[selenium-server-standalone-2.31.0.jar:na]
	at org.openqa.selenium.firefox.internal.NewProfileExtensionConnection.execute(NewProfileExtensionConnection.java:133) ~[selenium-server-standalone-2.31.0.jar:na]
	at org.openqa.selenium.firefox.FirefoxDriver$LazyCommandExecutor.execute(FirefoxDriver.java:355) ~[selenium-server-standalone-2.31.0.jar:na]
	at org.openqa.selenium.remote.RemoteWebDriver.execute(RemoteWebDriver.java:527) ~[selenium-server-standalone-2.31.0.jar:na]
	... 11 common frames omitted
28824 [Thread-0] WARN  main.Driver.WebDriverFactory - Driver killing error
org.openqa.selenium.remote.UnreachableBrowserException: Error communicating with the remote browser. It may have died.
Build info: version: '2.31.0', revision: '1bd294d', time: '2013-02-27 20:52:59'
System info: os.name: 'Linux', os.arch: 'amd64', os.version: '3.2.0-23-generic', java.version: '1.7.0_17'
Driver info: driver.version: EventFiringWebDriver
	at org.openqa.selenium.remote.RemoteWebDriver.execute(RemoteWebDriver.java:548) ~[selenium-server-standalone-2.31.0.jar:na]
	at org.openqa.selenium.remote.RemoteWebDriver.execute(RemoteWebDriver.java:569) ~[selenium-server-standalone-2.31.0.jar:na]
	at org.openqa.selenium.remote.RemoteWebDriver.quit(RemoteWebDriver.java:423) ~[selenium-server-standalone-2.31.0.jar:na]
	at sun.reflect.NativeMethodAccessorImpl.invoke0(Native Method) ~[na:1.7.0_17]
	at sun.reflect.NativeMethodAccessorImpl.invoke(NativeMethodAccessorImpl.java:57) ~[na:1.7.0_17]
	at sun.reflect.DelegatingMethodAccessorImpl.invoke(DelegatingMethodAccessorImpl.java:43) ~[na:1.7.0_17]
	at java.lang.reflect.Method.invoke(Method.java:601) ~[na:1.7.0_17]
	at org.openqa.selenium.support.events.EventFiringWebDriver$2.invoke(EventFiringWebDriver.java:101) ~[selenium-server-standalone-2.31.0.jar:na]
	at com.sun.proxy.$Proxy7.quit(Unknown Source) ~[na:na]
	at org.openqa.selenium.support.events.EventFiringWebDriver.quit(EventFiringWebDriver.java:194) ~[selenium-server-standalone-2.31.0.jar:na]
	at main.Driver.WebDriverFactory.dismissDriver(WebDriverFactory.java:97) ~[classes/:na]
	at main.Driver.WebDriverFactory$1.run(WebDriverFactory.java:155) [classes/:na]
Caused by: org.apache.http.NoHttpResponseException: The target server failed to respond
	at org.apache.http.impl.conn.DefaultHttpResponseParser.parseHead(DefaultHttpResponseParser.java:95) ~[selenium-server-standalone-2.31.0.jar:na]
	at org.apache.http.impl.conn.DefaultHttpResponseParser.parseHead(DefaultHttpResponseParser.java:62) ~[selenium-server-standalone-2.31.0.jar:na]
	at org.apache.http.impl.io.AbstractMessageParser.parse(AbstractMessageParser.java:254) ~[selenium-server-standalone-2.31.0.jar:na]
	at org.apache.http.impl.AbstractHttpClientConnection.receiveResponseHeader(AbstractHttpClientConnection.java:289) ~[selenium-server-standalone-2.31.0.jar:na]
	at org.apache.http.impl.conn.DefaultClientConnection.receiveResponseHeader(DefaultClientConnection.java:252) ~[selenium-server-standalone-2.31.0.jar:na]
	at org.apache.http.impl.conn.AbstractClientConnAdapter.receiveResponseHeader(AbstractClientConnAdapter.java:219) ~[selenium-server-standalone-2.31.0.jar:na]
	at org.apache.http.protocol.HttpRequestExecutor.doReceiveResponse(HttpRequestExecutor.java:300) ~[selenium-server-standalone-2.31.0.jar:na]
	at org.apache.http.protocol.HttpRequestExecutor.execute(HttpRequestExecutor.java:127) ~[selenium-server-standalone-2.31.0.jar:na]
	at org.apache.http.impl.client.DefaultRequestDirector.tryExecute(DefaultRequestDirector.java:712) ~[selenium-server-standalone-2.31.0.jar:na]
	at org.apache.http.impl.client.DefaultRequestDirector.execute(DefaultRequestDirector.java:517) ~[selenium-server-standalone-2.31.0.jar:na]
	at org.apache.http.impl.client.AbstractHttpClient.execute(AbstractHttpClient.java:906) ~[selenium-server-standalone-2.31.0.jar:na]
	at org.openqa.selenium.remote.HttpCommandExecutor.fallBackExecute(HttpCommandExecutor.java:334) ~[selenium-server-standalone-2.31.0.jar:na]
	at org.openqa.selenium.remote.HttpCommandExecutor.execute(HttpCommandExecutor.java:295) ~[selenium-server-standalone-2.31.0.jar:na]
	at org.openqa.selenium.firefox.internal.NewProfileExtensionConnection.execute(NewProfileExtensionConnection.java:133) ~[selenium-server-standalone-2.31.0.jar:na]
	at org.openqa.selenium.firefox.FirefoxDriver$LazyCommandExecutor.execute(FirefoxDriver.java:355) ~[selenium-server-standalone-2.31.0.jar:na]
	at org.openqa.selenium.remote.RemoteWebDriver.execute(RemoteWebDriver.java:527) ~[selenium-server-standalone-2.31.0.jar:na]
	... 11 common frames omitted
273  [main] INFO  test.java.LogTest - >>>>>>>>>>>>>>>>>>>>>>>>>>>>>>>>>>>>>class test.java.LogTest<<<<<<<<<<<<<<<<<<<<<<<<<<<<<<<<<<<<<<<
281  [main] DEBUG main.Driver.WebDriverFactory - Requested driver: Capabilities [{platform=ANY, browserName=firefox, version=}]:null
3598 [main] INFO  m.Driver.MyWebDriverEventListener - WebDriver navigating to:'https://plush.com.ua/'
8238 [main] DEBUG m.Driver.MyWebDriverEventListener - Webdriver will click on element tag:li id:  ('English▼')
8310 [main] DEBUG m.Driver.MyWebDriverEventListener - Webdriver clicked on element tag:li id:  ('English')
8383 [main] DEBUG m.Driver.MyWebDriverEventListener - Webdriver will click on element tag:a id: lang_ru ('Русский')
8509 [main] DEBUG m.Driver.MyWebDriverEventListener - Webdriver clicked on element tag:a id: lang_ru ('')
9424 [main] ERROR m.Driver.MyWebDriverEventListener - WebDriver error:
org.openqa.selenium.StaleElementReferenceException: Element not found in the cache - perhaps the page has changed since it was looked up
Command duration or timeout: 894 milliseconds
For documentation on this error, please visit: http://seleniumhq.org/exceptions/stale_element_reference.html
Build info: version: '2.31.0', revision: '1bd294d', time: '2013-02-27 20:52:59'
System info: os.name: 'Linux', os.arch: 'amd64', os.version: '3.2.0-23-generic', java.version: '1.7.0_17'
Session ID: 44736189-7467-4bca-9ebe-80d8c0889a5e
Driver info: org.openqa.selenium.firefox.FirefoxDriver
Capabilities [{platform=LINUX, databaseEnabled=true, cssSelectorsEnabled=true, javascriptEnabled=true, acceptSslCerts=true, handlesAlerts=true, browserName=firefox, browserConnectionEnabled=true, nativeEvents=false, webStorageEnabled=true, rotatable=false, locationContextEnabled=true, applicationCacheEnabled=true, takesScreenshot=true, version=19.0.2}]
	at sun.reflect.NativeConstructorAccessorImpl.newInstance0(Native Method) ~[na:1.7.0_17]
	at sun.reflect.NativeConstructorAccessorImpl.newInstance(NativeConstructorAccessorImpl.java:57) ~[na:1.7.0_17]
	at sun.reflect.DelegatingConstructorAccessorImpl.newInstance(DelegatingConstructorAccessorImpl.java:45) ~[na:1.7.0_17]
	at java.lang.reflect.Constructor.newInstance(Constructor.java:525) ~[na:1.7.0_17]
	at org.openqa.selenium.remote.ErrorHandler.createThrowable(ErrorHandler.java:187) ~[selenium-server-standalone-2.31.0.jar:na]
	at org.openqa.selenium.remote.ErrorHandler.throwIfResponseFailed(ErrorHandler.java:145) ~[selenium-server-standalone-2.31.0.jar:na]
	at org.openqa.selenium.remote.RemoteWebDriver.execute(RemoteWebDriver.java:554) ~[selenium-server-standalone-2.31.0.jar:na]
	at org.openqa.selenium.remote.RemoteWebElement.execute(RemoteWebElement.java:268) ~[selenium-server-standalone-2.31.0.jar:na]
	at org.openqa.selenium.remote.RemoteWebElement.getText(RemoteWebElement.java:152) ~[selenium-server-standalone-2.31.0.jar:na]
	at sun.reflect.NativeMethodAccessorImpl.invoke0(Native Method) ~[na:1.7.0_17]
	at sun.reflect.NativeMethodAccessorImpl.invoke(NativeMethodAccessorImpl.java:57) ~[na:1.7.0_17]
	at sun.reflect.DelegatingMethodAccessorImpl.invoke(DelegatingMethodAccessorImpl.java:43) ~[na:1.7.0_17]
	at java.lang.reflect.Method.invoke(Method.java:601) ~[na:1.7.0_17]
	at org.openqa.selenium.support.events.EventFiringWebDriver$EventFiringWebElement$1.invoke(EventFiringWebDriver.java:327) ~[selenium-server-standalone-2.31.0.jar:na]
	at com.sun.proxy.$Proxy8.getText(Unknown Source) ~[na:na]
	at org.openqa.selenium.support.events.EventFiringWebDriver$EventFiringWebElement.getText(EventFiringWebDriver.java:377) ~[selenium-server-standalone-2.31.0.jar:na]
	at org.openqa.selenium.support.ui.ExpectedConditions$7.apply(ExpectedConditions.java:208) ~[selenium-server-standalone-2.31.0.jar:na]
	at org.openqa.selenium.support.ui.ExpectedConditions$7.apply(ExpectedConditions.java:1) ~[selenium-server-standalone-2.31.0.jar:na]
	at org.openqa.selenium.support.ui.FluentWait.until(FluentWait.java:208) [selenium-server-standalone-2.31.0.jar:na]
	at main.pages.HomePage.selectLang(HomePage.java:137) [classes/:na]
	at test.java.LogTest.setup(LogTest.java:41) [classes/:na]
	at sun.reflect.NativeMethodAccessorImpl.invoke0(Native Method) ~[na:1.7.0_17]
	at sun.reflect.NativeMethodAccessorImpl.invoke(NativeMethodAccessorImpl.java:57) ~[na:1.7.0_17]
	at sun.reflect.DelegatingMethodAccessorImpl.invoke(DelegatingMethodAccessorImpl.java:43) ~[na:1.7.0_17]
	at java.lang.reflect.Method.invoke(Method.java:601) ~[na:1.7.0_17]
	at org.testng.internal.MethodInvocationHelper.invokeMethod(MethodInvocationHelper.java:80) [testng.jar:6.9beta-201211201815]
	at org.testng.internal.Invoker.invokeConfigurationMethod(Invoker.java:564) [testng.jar:6.9beta-201211201815]
	at org.testng.internal.Invoker.invokeConfigurations(Invoker.java:213) [testng.jar:6.9beta-201211201815]
	at org.testng.internal.Invoker.invokeMethod(Invoker.java:653) [testng.jar:6.9beta-201211201815]
	at org.testng.internal.Invoker.invokeTestMethod(Invoker.java:901) [testng.jar:6.9beta-201211201815]
	at org.testng.internal.Invoker.invokeTestMethods(Invoker.java:1231) [testng.jar:6.9beta-201211201815]
	at org.testng.internal.TestMethodWorker.invokeTestMethods(TestMethodWorker.java:128) [testng.jar:6.9beta-201211201815]
	at org.testng.internal.TestMethodWorker.run(TestMethodWorker.java:111) [testng.jar:6.9beta-201211201815]
	at org.testng.TestRunner.privateRun(TestRunner.java:767) [testng.jar:6.9beta-201211201815]
	at org.testng.TestRunner.run(TestRunner.java:617) [testng.jar:6.9beta-201211201815]
	at org.testng.SuiteRunner.runTest(SuiteRunner.java:334) [testng.jar:6.9beta-201211201815]
	at org.testng.SuiteRunner.runSequentially(SuiteRunner.java:329) [testng.jar:6.9beta-201211201815]
	at org.testng.SuiteRunner.privateRun(SuiteRunner.java:291) [testng.jar:6.9beta-201211201815]
	at org.testng.SuiteRunner.run(SuiteRunner.java:240) [testng.jar:6.9beta-201211201815]
	at org.testng.SuiteRunnerWorker.runSuite(SuiteRunnerWorker.java:52) [testng.jar:6.9beta-201211201815]
	at org.testng.SuiteRunnerWorker.run(SuiteRunnerWorker.java:86) [testng.jar:6.9beta-201211201815]
	at org.testng.TestNG.runSuitesSequentially(TestNG.java:1203) [testng.jar:6.9beta-201211201815]
	at org.testng.TestNG.runSuitesLocally(TestNG.java:1128) [testng.jar:6.9beta-201211201815]
	at org.testng.TestNG.run(TestNG.java:1036) [testng.jar:6.9beta-201211201815]
	at org.testng.remote.RemoteTestNG.run(RemoteTestNG.java:111) [testng.jar:6.9beta-201211201815]
	at org.testng.remote.RemoteTestNG.initAndRun(RemoteTestNG.java:204) [testng.jar:6.9beta-201211201815]
	at org.testng.remote.RemoteTestNG.main(RemoteTestNG.java:175) [testng.jar:6.9beta-201211201815]
org.openqa.selenium.remote.ErrorHandler$UnknownServerException: Element not found in the cache - perhaps the page has changed since it was looked up
Build info: version: '2.31.0', revision: '1bd294d', time: '2013-02-27 20:52:59'
System info: os.name: 'Linux', os.arch: 'amd64', os.version: '3.2.0-23-generic', java.version: '1.7.0_17'
Driver info: driver.version: unknown
	at <anonymous class>.fxdriver.cache.getElementAt(resource://fxdriver/modules/web_element_cache.js:7234) ~[na:na]
	at <anonymous class>.Utils.getElementAt(file:///tmp/anonymous8997762221767304200webdriver-profile/extensions/fxdriver@googlecode.com/components/command_processor.js:6839) ~[na:na]
	at <anonymous class>.WebElement.getElementText(file:///tmp/anonymous8997762221767304200webdriver-profile/extensions/fxdriver@googlecode.com/components/command_processor.js:9711) ~[na:na]
	at <anonymous class>.DelayedCommand.prototype.executeInternal_/h(file:///tmp/anonymous8997762221767304200webdriver-profile/extensions/fxdriver@googlecode.com/components/command_processor.js:10272) ~[na:na]
	at <anonymous class>.DelayedCommand.prototype.executeInternal_(file:///tmp/anonymous8997762221767304200webdriver-profile/extensions/fxdriver@googlecode.com/components/command_processor.js:10277) ~[na:na]
	at <anonymous class>.DelayedCommand.prototype.execute/<(file:///tmp/anonymous8997762221767304200webdriver-profile/extensions/fxdriver@googlecode.com/components/command_processor.js:10217) ~[na:na]
28954 [Thread-0] DEBUG main.Driver.WebDriverFactory - Killing driver 
250  [main] INFO  test.java.LogTest - >>>>>>>>>>>>>>>>>>>>>>>>>>>>>>>>>>>>>class test.java.LogTest<<<<<<<<<<<<<<<<<<<<<<<<<<<<<<<<<<<<<<<
257  [main] DEBUG main.Driver.WebDriverFactory - Requested driver: Capabilities [{platform=ANY, browserName=firefox, version=}]:null
3662 [main] INFO  m.Driver.MyWebDriverEventListener - WebDriver navigating to:'https://plush.com.ua/'
6052 [main] DEBUG m.Driver.MyWebDriverEventListener - Webdriver will click on element tag:li id:  ('English▼')
6138 [main] DEBUG m.Driver.MyWebDriverEventListener - Webdriver clicked on element tag:li id:  ('English')
6196 [main] DEBUG m.Driver.MyWebDriverEventListener - Webdriver will click on element tag:a id: lang_ru ('Русский')
6282 [main] DEBUG m.Driver.MyWebDriverEventListener - Webdriver clicked on element tag:a id: lang_ru ('')
26465 [Thread-0] DEBUG main.Driver.WebDriverFactory - Killing driver 
277  [main] INFO  test.java.LogTest - >>>>>>>>>>>>>>>>>>>>>>>>>>>>>>>>>>>>>class test.java.LogTest<<<<<<<<<<<<<<<<<<<<<<<<<<<<<<<<<<<<<<<
284  [main] DEBUG main.Driver.WebDriverFactory - Requested driver: Capabilities [{platform=ANY, browserName=firefox, version=}]:null
3365 [main] INFO  m.Driver.MyWebDriverEventListener - WebDriver navigating to:'https://plush.com.ua/'
5972 [main] DEBUG m.Driver.MyWebDriverEventListener - Webdriver will click on element tag:li id:  ('English▼')
6040 [main] DEBUG m.Driver.MyWebDriverEventListener - Webdriver clicked on element tag:li id:  ('English')
6086 [main] DEBUG m.Driver.MyWebDriverEventListener - Webdriver will click on element tag:a id: lang_ru ('Русский')
6182 [main] DEBUG m.Driver.MyWebDriverEventListener - Webdriver clicked on element tag:a id: lang_ru ('')
26603 [Thread-0] DEBUG main.Driver.WebDriverFactory - Killing driver 
28680 [Thread-0] ERROR m.Driver.MyWebDriverEventListener - WebDriver error:
org.openqa.selenium.remote.UnreachableBrowserException: Error communicating with the remote browser. It may have died.
Build info: version: '2.31.0', revision: '1bd294d', time: '2013-02-27 20:52:59'
System info: os.name: 'Linux', os.arch: 'amd64', os.version: '3.2.0-23-generic', java.version: '1.7.0_17'
Driver info: driver.version: EventFiringWebDriver
	at org.openqa.selenium.remote.RemoteWebDriver.execute(RemoteWebDriver.java:548) ~[selenium-server-standalone-2.31.0.jar:na]
	at org.openqa.selenium.remote.RemoteWebDriver.execute(RemoteWebDriver.java:569) ~[selenium-server-standalone-2.31.0.jar:na]
	at org.openqa.selenium.remote.RemoteWebDriver.quit(RemoteWebDriver.java:423) ~[selenium-server-standalone-2.31.0.jar:na]
	at sun.reflect.NativeMethodAccessorImpl.invoke0(Native Method) ~[na:1.7.0_17]
	at sun.reflect.NativeMethodAccessorImpl.invoke(NativeMethodAccessorImpl.java:57) ~[na:1.7.0_17]
	at sun.reflect.DelegatingMethodAccessorImpl.invoke(DelegatingMethodAccessorImpl.java:43) ~[na:1.7.0_17]
	at java.lang.reflect.Method.invoke(Method.java:601) ~[na:1.7.0_17]
	at org.openqa.selenium.support.events.EventFiringWebDriver$2.invoke(EventFiringWebDriver.java:101) ~[selenium-server-standalone-2.31.0.jar:na]
	at com.sun.proxy.$Proxy7.quit(Unknown Source) ~[na:na]
	at org.openqa.selenium.support.events.EventFiringWebDriver.quit(EventFiringWebDriver.java:194) ~[selenium-server-standalone-2.31.0.jar:na]
	at main.Driver.WebDriverFactory.dismissDriver(WebDriverFactory.java:97) ~[classes/:na]
	at main.Driver.WebDriverFactory$1.run(WebDriverFactory.java:155) ~[classes/:na]
Caused by: org.apache.http.NoHttpResponseException: The target server failed to respond
	at org.apache.http.impl.conn.DefaultHttpResponseParser.parseHead(DefaultHttpResponseParser.java:95) ~[selenium-server-standalone-2.31.0.jar:na]
	at org.apache.http.impl.conn.DefaultHttpResponseParser.parseHead(DefaultHttpResponseParser.java:62) ~[selenium-server-standalone-2.31.0.jar:na]
	at org.apache.http.impl.io.AbstractMessageParser.parse(AbstractMessageParser.java:254) ~[selenium-server-standalone-2.31.0.jar:na]
	at org.apache.http.impl.AbstractHttpClientConnection.receiveResponseHeader(AbstractHttpClientConnection.java:289) ~[selenium-server-standalone-2.31.0.jar:na]
	at org.apache.http.impl.conn.DefaultClientConnection.receiveResponseHeader(DefaultClientConnection.java:252) ~[selenium-server-standalone-2.31.0.jar:na]
	at org.apache.http.impl.conn.AbstractClientConnAdapter.receiveResponseHeader(AbstractClientConnAdapter.java:219) ~[selenium-server-standalone-2.31.0.jar:na]
	at org.apache.http.protocol.HttpRequestExecutor.doReceiveResponse(HttpRequestExecutor.java:300) ~[selenium-server-standalone-2.31.0.jar:na]
	at org.apache.http.protocol.HttpRequestExecutor.execute(HttpRequestExecutor.java:127) ~[selenium-server-standalone-2.31.0.jar:na]
	at org.apache.http.impl.client.DefaultRequestDirector.tryExecute(DefaultRequestDirector.java:712) ~[selenium-server-standalone-2.31.0.jar:na]
	at org.apache.http.impl.client.DefaultRequestDirector.execute(DefaultRequestDirector.java:517) ~[selenium-server-standalone-2.31.0.jar:na]
	at org.apache.http.impl.client.AbstractHttpClient.execute(AbstractHttpClient.java:906) ~[selenium-server-standalone-2.31.0.jar:na]
	at org.openqa.selenium.remote.HttpCommandExecutor.fallBackExecute(HttpCommandExecutor.java:334) ~[selenium-server-standalone-2.31.0.jar:na]
	at org.openqa.selenium.remote.HttpCommandExecutor.execute(HttpCommandExecutor.java:295) ~[selenium-server-standalone-2.31.0.jar:na]
	at org.openqa.selenium.firefox.internal.NewProfileExtensionConnection.execute(NewProfileExtensionConnection.java:133) ~[selenium-server-standalone-2.31.0.jar:na]
	at org.openqa.selenium.firefox.FirefoxDriver$LazyCommandExecutor.execute(FirefoxDriver.java:355) ~[selenium-server-standalone-2.31.0.jar:na]
	at org.openqa.selenium.remote.RemoteWebDriver.execute(RemoteWebDriver.java:527) ~[selenium-server-standalone-2.31.0.jar:na]
	... 11 common frames omitted
28681 [Thread-0] WARN  main.Driver.WebDriverFactory - Driver killing error
org.openqa.selenium.remote.UnreachableBrowserException: Error communicating with the remote browser. It may have died.
Build info: version: '2.31.0', revision: '1bd294d', time: '2013-02-27 20:52:59'
System info: os.name: 'Linux', os.arch: 'amd64', os.version: '3.2.0-23-generic', java.version: '1.7.0_17'
Driver info: driver.version: EventFiringWebDriver
	at org.openqa.selenium.remote.RemoteWebDriver.execute(RemoteWebDriver.java:548) ~[selenium-server-standalone-2.31.0.jar:na]
	at org.openqa.selenium.remote.RemoteWebDriver.execute(RemoteWebDriver.java:569) ~[selenium-server-standalone-2.31.0.jar:na]
	at org.openqa.selenium.remote.RemoteWebDriver.quit(RemoteWebDriver.java:423) ~[selenium-server-standalone-2.31.0.jar:na]
	at sun.reflect.NativeMethodAccessorImpl.invoke0(Native Method) ~[na:1.7.0_17]
	at sun.reflect.NativeMethodAccessorImpl.invoke(NativeMethodAccessorImpl.java:57) ~[na:1.7.0_17]
	at sun.reflect.DelegatingMethodAccessorImpl.invoke(DelegatingMethodAccessorImpl.java:43) ~[na:1.7.0_17]
	at java.lang.reflect.Method.invoke(Method.java:601) ~[na:1.7.0_17]
	at org.openqa.selenium.support.events.EventFiringWebDriver$2.invoke(EventFiringWebDriver.java:101) ~[selenium-server-standalone-2.31.0.jar:na]
	at com.sun.proxy.$Proxy7.quit(Unknown Source) ~[na:na]
	at org.openqa.selenium.support.events.EventFiringWebDriver.quit(EventFiringWebDriver.java:194) ~[selenium-server-standalone-2.31.0.jar:na]
	at main.Driver.WebDriverFactory.dismissDriver(WebDriverFactory.java:97) ~[classes/:na]
	at main.Driver.WebDriverFactory$1.run(WebDriverFactory.java:155) [classes/:na]
Caused by: org.apache.http.NoHttpResponseException: The target server failed to respond
	at org.apache.http.impl.conn.DefaultHttpResponseParser.parseHead(DefaultHttpResponseParser.java:95) ~[selenium-server-standalone-2.31.0.jar:na]
	at org.apache.http.impl.conn.DefaultHttpResponseParser.parseHead(DefaultHttpResponseParser.java:62) ~[selenium-server-standalone-2.31.0.jar:na]
	at org.apache.http.impl.io.AbstractMessageParser.parse(AbstractMessageParser.java:254) ~[selenium-server-standalone-2.31.0.jar:na]
	at org.apache.http.impl.AbstractHttpClientConnection.receiveResponseHeader(AbstractHttpClientConnection.java:289) ~[selenium-server-standalone-2.31.0.jar:na]
	at org.apache.http.impl.conn.DefaultClientConnection.receiveResponseHeader(DefaultClientConnection.java:252) ~[selenium-server-standalone-2.31.0.jar:na]
	at org.apache.http.impl.conn.AbstractClientConnAdapter.receiveResponseHeader(AbstractClientConnAdapter.java:219) ~[selenium-server-standalone-2.31.0.jar:na]
	at org.apache.http.protocol.HttpRequestExecutor.doReceiveResponse(HttpRequestExecutor.java:300) ~[selenium-server-standalone-2.31.0.jar:na]
	at org.apache.http.protocol.HttpRequestExecutor.execute(HttpRequestExecutor.java:127) ~[selenium-server-standalone-2.31.0.jar:na]
	at org.apache.http.impl.client.DefaultRequestDirector.tryExecute(DefaultRequestDirector.java:712) ~[selenium-server-standalone-2.31.0.jar:na]
	at org.apache.http.impl.client.DefaultRequestDirector.execute(DefaultRequestDirector.java:517) ~[selenium-server-standalone-2.31.0.jar:na]
	at org.apache.http.impl.client.AbstractHttpClient.execute(AbstractHttpClient.java:906) ~[selenium-server-standalone-2.31.0.jar:na]
	at org.openqa.selenium.remote.HttpCommandExecutor.fallBackExecute(HttpCommandExecutor.java:334) ~[selenium-server-standalone-2.31.0.jar:na]
	at org.openqa.selenium.remote.HttpCommandExecutor.execute(HttpCommandExecutor.java:295) ~[selenium-server-standalone-2.31.0.jar:na]
	at org.openqa.selenium.firefox.internal.NewProfileExtensionConnection.execute(NewProfileExtensionConnection.java:133) ~[selenium-server-standalone-2.31.0.jar:na]
	at org.openqa.selenium.firefox.FirefoxDriver$LazyCommandExecutor.execute(FirefoxDriver.java:355) ~[selenium-server-standalone-2.31.0.jar:na]
	at org.openqa.selenium.remote.RemoteWebDriver.execute(RemoteWebDriver.java:527) ~[selenium-server-standalone-2.31.0.jar:na]
	... 11 common frames omitted
