471  [main] INFO  test.java.LogTest - ______________________________________class test.java.LogTest______________________________________
538  [main] DEBUG main.Driver.WebDriverFactory - Requested driver: Capabilities [{browserName=firefox}]:null. Driver uses count = 1
6500 [main] INFO  m.Driver.MyWebDriverEventListener - WebDriver navigating to:'https://testun.com.ua/sys/sys/test_cookie_key'
7189 [main] INFO  m.Driver.MyWebDriverEventListener - WebDriver navigating to:'https://testun.com.ua/'
9981 [main] DEBUG m.Driver.MyWebDriverEventListener - Webdriver will click on element tag:a |id:  |text: ('English')
12225 [main] DEBUG m.Driver.MyWebDriverEventListener - hope Webdriver clicked on element tag:a |id:  |text: ('English')
12352 [main] INFO  test.java.LogTest - ------------------------waitForPageLoaded true
12406 [main] DEBUG m.Driver.MyWebDriverEventListener - Webdriver will click on element tag:a |id:  |text: ('Русский')
12628 [main] DEBUG m.Driver.MyWebDriverEventListener - hope Webdriver clicked on element tag:a |id:  |text: ('Русский')
13200 [main] INFO  test.java.LogTest - ------------------------waitForPageLoaded true
13214 [main] INFO  test.java.LogTest - _______________________________Test = googleValidLogin()_______________________________
13228 [main] INFO  m.Driver.MyWebDriverEventListener - WebDriver navigating to:'https://accounts.google.com'
13853 [main] INFO  m.Driver.MyWebDriverEventListener - WebDriver navigating to:'https://accounts.google.com'
17249 [main] DEBUG m.Driver.MyWebDriverEventListener - WebDriver changing value in element found By.id: Passwd from 'tag:input |id: Passwd |text: ('')
17802 [main] DEBUG m.Driver.MyWebDriverEventListener - WebDriver changing value in element found By.id: Passwd from 'tag:input |id: Passwd |text: ('')
17847 [main] DEBUG m.Driver.MyWebDriverEventListener - WebDriver changing value in element found By.id: Email from 'tag:input |id: Email |text: ('')
19053 [main] DEBUG m.Driver.MyWebDriverEventListener - WebDriver changing value in element found By.id: Email from 'tag:input |id: Email |text: ('')
19096 [main] DEBUG m.Driver.MyWebDriverEventListener - Webdriver will click on element tag:input |id: signIn |text: ('')
20245 [main] DEBUG m.Driver.MyWebDriverEventListener - hope Webdriver clicked on element tag:input |id: signIn |text: ('')
20745 [main] INFO  m.Driver.MyWebDriverEventListener - WebDriver navigating to:'https://testun.com.ua/'
21543 [main] DEBUG m.Driver.MyWebDriverEventListener - Webdriver will click on element tag:a |id: js_header_signin |text: ('Войти')
23218 [main] DEBUG m.Driver.MyWebDriverEventListener - hope Webdriver clicked on element tag:a |id: js_header_signin |text: ('Войти')
23237 [main] INFO  test.java.LogTest - ------------------------waitForPageLoaded true
23370 [main] DEBUG m.Driver.MyWebDriverEventListener - Webdriver will click on element tag:a |id:  |text: ('Вход через Google')
24728 [main] DEBUG m.Driver.MyWebDriverEventListener - hope Webdriver clicked on element tag:a |id:  |text: ('Вход через Google')
26828 [main] INFO  test.java.LogTest - ------------------------waitForPageLoaded true
28653 [main] DEBUG m.Driver.MyWebDriverEventListener - Webdriver will click on element tag:a |id: logout |text: ('Выйти')
29137 [main] DEBUG m.Driver.MyWebDriverEventListener - hope Webdriver clicked on element tag:a |id: logout |text: ('Выйти')
29144 [main] INFO  test.java.LogTest - ------------------------waitForPageLoaded false
30043 [main] INFO  test.java.LogTest - ------------------------waitForPageLoaded true
30054 [main] INFO  m.Driver.MyWebDriverEventListener - WebDriver navigating to:'https://accounts.google.com'
31887 [main] INFO  test.java.LogTest - >>>>>>>>>>@AfterMethod<<<<<<<<<
31918 [main] ERROR test.java.LogTest - ----------------------------------------------------------------------js error----------------------------------------------------------------------
31918 [main] ERROR test.java.LogTest - javascript error 1.SyntaxError: Using //@ to indicate sourceURL pragmas is deprecated. Use //# instead [https://www.google.com/settings/_/scs/ac-static/_/js/k=ac.s2.ru.enk1n5g_dhY.O/m=b2,s2_p/rt=j/d=1/t=zcms/rs=AD6RtdMsY5aXKwxNE2JhOqYFeg46Lua7MQ:64]
31918 [main] ERROR test.java.LogTest - ----------------------------------------------------------------------js error----------------------------------------------------------------------
31954 [main] INFO  test.java.LogTest - ______________________________________class test.java.LogTest______________________________________
31954 [main] DEBUG main.Driver.WebDriverFactory - Requested driver: Capabilities [{browserName=firefox}]:null. Driver uses count = 2
31962 [main] DEBUG main.Driver.WebDriverFactory - getDriver: Current url: https://accounts.google.com/ServiceLogin?passive=1209600&osid=1&continue=https://www.google.com/settings/personalinfo&followup=https://www.google.com/settings/personalinfo
31967 [main] INFO  m.Driver.MyWebDriverEventListener - WebDriver navigating to:'https://testun.com.ua/sys/sys/test_cookie_key'
32134 [main] INFO  m.Driver.MyWebDriverEventListener - WebDriver navigating to:'https://testun.com.ua/'
35829 [main] INFO  test.java.LogTest - _______________________Test = googleValidLoginPopup_______________________
35885 [main] DEBUG m.Driver.MyWebDriverEventListener - Webdriver will click on element tag:a |id: js_header_signin |text: ('Войти')
36460 [main] DEBUG m.Driver.MyWebDriverEventListener - hope Webdriver clicked on element tag:a |id: js_header_signin |text: ('Войти')
36466 [main] INFO  test.java.LogTest - ------------------------waitForPageLoaded true
36577 [main] DEBUG m.Driver.MyWebDriverEventListener - Webdriver will click on element tag:a |id:  |text: ('Вход через Google')
38301 [main] DEBUG m.Driver.MyWebDriverEventListener - hope Webdriver clicked on element tag:a |id:  |text: ('Вход через Google')
38997 [main] DEBUG m.Driver.MyWebDriverEventListener - WebDriver changing value in element found By.id: Passwd from 'tag:input |id: Passwd |text: ('')
39529 [main] DEBUG m.Driver.MyWebDriverEventListener - WebDriver changing value in element found By.id: Passwd from 'tag:input |id: Passwd |text: ('')
39572 [main] DEBUG m.Driver.MyWebDriverEventListener - WebDriver changing value in element found By.id: Email from 'tag:input |id: Email |text: ('')
40196 [main] DEBUG m.Driver.MyWebDriverEventListener - WebDriver changing value in element found By.id: Email from 'tag:input |id: Email |text: ('')
40244 [main] DEBUG m.Driver.MyWebDriverEventListener - Webdriver will click on element tag:input |id: signIn |text: ('')
42016 [main] DEBUG m.Driver.MyWebDriverEventListener - hope Webdriver clicked on element tag:input |id: signIn |text: ('')
44420 [main] INFO  test.java.LogTest - ------------------------waitForPageLoaded true
47399 [main] DEBUG m.Driver.MyWebDriverEventListener - Webdriver will click on element tag:a |id: logout |text: ('Выйти')
47912 [main] DEBUG m.Driver.MyWebDriverEventListener - hope Webdriver clicked on element tag:a |id: logout |text: ('Выйти')
47918 [main] INFO  test.java.LogTest - ------------------------waitForPageLoaded false
48816 [main] INFO  test.java.LogTest - ------------------------waitForPageLoaded true
48835 [main] INFO  m.Driver.MyWebDriverEventListener - WebDriver navigating to:'https://accounts.google.com'
50549 [main] INFO  test.java.LogTest - >>>>>>>>>>@AfterMethod<<<<<<<<<
50562 [main] ERROR test.java.LogTest - ----------------------------------------------------------------------js error----------------------------------------------------------------------
50562 [main] ERROR test.java.LogTest - javascript error 1.SyntaxError: Using //@ to indicate sourceURL pragmas is deprecated. Use //# instead [https://www.google.com/settings/_/scs/ac-static/_/js/k=ac.s2.ru.xFULWXchBqM.O/m=b2,s2_p/rt=j/d=1/t=zcms/rs=AD6RtdMsc0Oe9HAYeNw0p6F89LEnrXnDsQ:64]
50562 [main] ERROR test.java.LogTest - ----------------------------------------------------------------------js error----------------------------------------------------------------------
50593 [main] INFO  test.java.LogTest - ______________________________________class test.java.LogTest______________________________________
50593 [main] DEBUG main.Driver.WebDriverFactory - Requested driver: Capabilities [{browserName=firefox}]:null. Driver uses count = 3
50601 [main] DEBUG main.Driver.WebDriverFactory - getDriver: Current url: https://accounts.google.com/ServiceLogin?passive=1209600&osid=1&continue=https://www.google.com/settings/personalinfo&followup=https://www.google.com/settings/personalinfo
50605 [main] INFO  m.Driver.MyWebDriverEventListener - WebDriver navigating to:'https://testun.com.ua/sys/sys/test_cookie_key'
50772 [main] INFO  m.Driver.MyWebDriverEventListener - WebDriver navigating to:'https://testun.com.ua/'
54504 [main] INFO  test.java.LogTest - _______________________________Test = facebookValidLogin()_______________________________
54504 [main] INFO  m.Driver.MyWebDriverEventListener - WebDriver navigating to:'https://www.facebook.com/'
56002 [main] DEBUG m.Driver.MyWebDriverEventListener - WebDriver changing value in element found By.id: email from 'tag:input |id: email |text: ('')
56729 [main] DEBUG m.Driver.MyWebDriverEventListener - WebDriver changing value in element found By.id: email from 'tag:input |id: email |text: ('')
56796 [main] DEBUG m.Driver.MyWebDriverEventListener - WebDriver changing value in element found By.id: pass from 'tag:input |id: pass |text: ('')
57227 [main] DEBUG m.Driver.MyWebDriverEventListener - WebDriver changing value in element found By.id: pass from 'tag:input |id: pass |text: ('')
57310 [main] DEBUG m.Driver.MyWebDriverEventListener - Webdriver will click on element tag:input |id: u_0_n |text: ('')
57756 [main] DEBUG m.Driver.MyWebDriverEventListener - hope Webdriver clicked on element tag:input |id: u_0_n |text: ('')
58756 [main] INFO  m.Driver.MyWebDriverEventListener - WebDriver navigating to:'https://testun.com.ua/'
59845 [main] DEBUG m.Driver.MyWebDriverEventListener - Webdriver will click on element tag:a |id: js_header_signin |text: ('Войти')
60211 [main] DEBUG m.Driver.MyWebDriverEventListener - hope Webdriver clicked on element tag:a |id: js_header_signin |text: ('Войти')
60218 [main] INFO  test.java.LogTest - ------------------------waitForPageLoaded true
60436 [main] DEBUG m.Driver.MyWebDriverEventListener - Webdriver will click on element tag:a |id:  |text: ('Вход через Facebook')
62058 [main] DEBUG m.Driver.MyWebDriverEventListener - hope Webdriver clicked on element tag:a |id:  |text: ('Вход через Facebook')
65116 [main] ERROR m.Driver.MyWebDriverEventListener - ________________________________________________________________________________________________________________
65116 [main] ERROR m.Driver.MyWebDriverEventListener - WebDriver error: Element not found By.selector: .user-big__name
65116 [main] ERROR m.Driver.MyWebDriverEventListener - ________________________________________________________________________________________________________________
68692 [main] ERROR m.Driver.MyWebDriverEventListener - ________________________________________________________________________________________________________________
68692 [main] ERROR m.Driver.MyWebDriverEventListener - WebDriver error: Element not found By.selector: .user-big__name
68692 [main] ERROR m.Driver.MyWebDriverEventListener - ________________________________________________________________________________________________________________
68704 [main] INFO  test.java.LogTest - ------------------------waitForPageLoaded true
71750 [main] ERROR m.Driver.MyWebDriverEventListener - ________________________________________________________________________________________________________________
71750 [main] ERROR m.Driver.MyWebDriverEventListener - WebDriver error: Element not found By.selector: .header__profile .userpic
71750 [main] ERROR m.Driver.MyWebDriverEventListener - ________________________________________________________________________________________________________________
71754 [main] INFO  test.java.LogTest - >>>>>>>>>>@AfterMethod<<<<<<<<<
71788 [main] INFO  test.java.LogTest - ______________________________________class test.java.LogTest______________________________________
71788 [main] DEBUG main.Driver.WebDriverFactory - Requested driver: Capabilities [{browserName=firefox}]:null. Driver uses count = 4
71792 [main] DEBUG main.Driver.WebDriverFactory - getDriver: Current url: https://testun.com.ua/#signin
71795 [main] INFO  m.Driver.MyWebDriverEventListener - WebDriver navigating to:'https://testun.com.ua/sys/sys/test_cookie_key'
71892 [main] INFO  m.Driver.MyWebDriverEventListener - WebDriver navigating to:'https://testun.com.ua/'
76294 [main] INFO  test.java.LogTest - _______________________________Test = facebookValidLoginPopup()_______________________________
76340 [main] DEBUG m.Driver.MyWebDriverEventListener - Webdriver will click on element tag:a |id: js_header_signin |text: ('Войти')
77657 [main] DEBUG m.Driver.MyWebDriverEventListener - hope Webdriver clicked on element tag:a |id: js_header_signin |text: ('Войти')
77673 [main] INFO  test.java.LogTest - ------------------------waitForPageLoaded true
77785 [main] DEBUG m.Driver.MyWebDriverEventListener - Webdriver will click on element tag:a |id:  |text: ('Вход через Facebook')
79291 [main] DEBUG m.Driver.MyWebDriverEventListener - hope Webdriver clicked on element tag:a |id:  |text: ('Вход через Facebook')
80028 [main] DEBUG m.Driver.MyWebDriverEventListener - WebDriver changing value in element found By.id: email from 'tag:input |id: email |text: ('')
80712 [main] DEBUG m.Driver.MyWebDriverEventListener - WebDriver changing value in element found By.id: email from 'tag:input |id: email |text: ('')
80824 [main] DEBUG m.Driver.MyWebDriverEventListener - WebDriver changing value in element found By.id: pass from 'tag:input |id: pass |text: ('')
81232 [main] DEBUG m.Driver.MyWebDriverEventListener - WebDriver changing value in element found By.id: pass from 'tag:input |id: pass |text: ('')
81292 [main] DEBUG m.Driver.MyWebDriverEventListener - Webdriver will click on element tag:input |id: u_0_1 |text: ('')
82912 [main] DEBUG m.Driver.MyWebDriverEventListener - hope Webdriver clicked on element tag:input |id: u_0_1 |text: ('')
85950 [main] INFO  test.java.LogTest - ------------------------waitForPageLoaded true
88821 [main] DEBUG m.Driver.MyWebDriverEventListener - Webdriver will click on element tag:a |id: logout |text: ('Выйти')
89325 [main] DEBUG m.Driver.MyWebDriverEventListener - hope Webdriver clicked on element tag:a |id: logout |text: ('Выйти')
89333 [main] INFO  test.java.LogTest - ------------------------waitForPageLoaded false
90220 [main] INFO  test.java.LogTest - ------------------------waitForPageLoaded true
90244 [main] INFO  m.Driver.MyWebDriverEventListener - WebDriver navigating to:'https://www.facebook.com/'
94218 [main] INFO  test.java.LogTest - >>>>>>>>>>@AfterMethod<<<<<<<<<
94464 [main] INFO  test.java.LogTest - ______________________________________class test.java.LogTest______________________________________
94464 [main] DEBUG main.Driver.WebDriverFactory - Requested driver: Capabilities [{browserName=firefox}]:null. Driver uses count = 5
94472 [main] DEBUG main.Driver.WebDriverFactory - getDriver: Current url: https://www.facebook.com/
94478 [main] INFO  m.Driver.MyWebDriverEventListener - WebDriver navigating to:'https://testun.com.ua/sys/sys/test_cookie_key'
94661 [main] INFO  m.Driver.MyWebDriverEventListener - WebDriver navigating to:'https://testun.com.ua/'
98448 [main] INFO  test.java.LogTest - _______________________Test = loginFromVideoPay _______________________
98448 [main] INFO  m.Driver.MyWebDriverEventListener - WebDriver navigating to:'https://testun.com.ua//search'
99350 [main] DEBUG m.Driver.MyWebDriverEventListener - Webdriver will click on element tag:a |id:  |text: ('Видеозаписи
144')
101740 [main] DEBUG m.Driver.MyWebDriverEventListener - hope Webdriver clicked on element tag:a |id:  |text: ('Видеозаписи
144')
102094 [main] INFO  test.java.LogTest - ------------------------waitForPageLoaded true
102236 [main] DEBUG m.Driver.MyWebDriverEventListener - Webdriver will click on element tag:a |id:  |text: ('00:37
15 августа 2014 в 13:21
2 раза обработалось
Евгений Степанец Васильевич
3 USD')
103526 [main] DEBUG m.Driver.MyWebDriverEventListener - hope Webdriver clicked on element tag:a |id:  |text: ('00:37
15 августа 2014 в 13:21
2 раза обработалось
Евгений Степанец Васильевич
3 USD')
104055 [main] DEBUG m.Driver.MyWebDriverEventListener - Webdriver will click on element tag:a |id:  |text: ('Купить видео')
104923 [main] DEBUG m.Driver.MyWebDriverEventListener - hope Webdriver clicked on element tag:a |id:  |text: ('Купить видео')
104932 [main] INFO  test.java.LogTest - ------------------------waitForPageLoaded true
105039 [main] DEBUG m.Driver.MyWebDriverEventListener - Webdriver will click on element tag:a |id:  |text: ('войдите')
106476 [main] DEBUG m.Driver.MyWebDriverEventListener - hope Webdriver clicked on element tag:a |id:  |text: ('войдите')
106517 [main] DEBUG m.Driver.MyWebDriverEventListener - WebDriver changing value in element found By.id: login_email from 'tag:input |id: login_email |text: ('')
107134 [main] DEBUG m.Driver.MyWebDriverEventListener - WebDriver changing value in element found By.id: login_email from 'tag:input |id: login_email |text: ('')
107200 [main] DEBUG m.Driver.MyWebDriverEventListener - WebDriver changing value in element found By.id: login_password from 'tag:input |id: login_password |text: ('')
107830 [main] DEBUG m.Driver.MyWebDriverEventListener - WebDriver changing value in element found By.id: login_password from 'tag:input |id: login_password |text: ('')
107908 [main] DEBUG m.Driver.MyWebDriverEventListener - Webdriver will click on element tag:input |id: login_button |text: ('')
108734 [main] DEBUG m.Driver.MyWebDriverEventListener - hope Webdriver clicked on element tag:input |id: login_button |text: ('')
109890 [main] INFO  test.java.LogTest - ------------------------waitForPageLoaded true
109980 [main] DEBUG m.Driver.MyWebDriverEventListener - Webdriver will click on element tag:a |id: popup_close |text: ('')
111417 [main] DEBUG m.Driver.MyWebDriverEventListener - hope Webdriver clicked on element tag:a |id: popup_close |text: ('')
111539 [main] INFO  test.java.LogTest - ------------------------waitForPageLoaded true
111553 [main] INFO  test.java.LogTest - ------------------------waitForPageLoaded true
112735 [main] DEBUG m.Driver.MyWebDriverEventListener - Webdriver will click on element tag:a |id: logout |text: ('Выйти')
113218 [main] DEBUG m.Driver.MyWebDriverEventListener - hope Webdriver clicked on element tag:a |id: logout |text: ('Выйти')
113223 [main] INFO  test.java.LogTest - ------------------------waitForPageLoaded false
114115 [main] INFO  test.java.LogTest - ------------------------waitForPageLoaded true
114124 [main] INFO  test.java.LogTest - >>>>>>>>>>@AfterMethod<<<<<<<<<
114156 [main] INFO  test.java.LogTest - ______________________________________class test.java.LogTest______________________________________
114156 [main] DEBUG main.Driver.WebDriverFactory - Requested driver: Capabilities [{browserName=firefox}]:null. Driver uses count = 6
114172 [main] DEBUG main.Driver.WebDriverFactory - getDriver: Current url: https://testun.com.ua/
114175 [main] INFO  m.Driver.MyWebDriverEventListener - WebDriver navigating to:'https://testun.com.ua/sys/sys/test_cookie_key'
114187 [main] INFO  m.Driver.MyWebDriverEventListener - WebDriver navigating to:'https://testun.com.ua/'
117488 [main] INFO  test.java.LogTest - _______________________Test = invalidLoginNoEmail_______________________
117561 [main] DEBUG m.Driver.MyWebDriverEventListener - Webdriver will click on element tag:a |id: js_header_signin |text: ('Войти')
118075 [main] DEBUG m.Driver.MyWebDriverEventListener - hope Webdriver clicked on element tag:a |id: js_header_signin |text: ('Войти')
118082 [main] INFO  test.java.LogTest - ------------------------waitForPageLoaded true
118168 [main] DEBUG m.Driver.MyWebDriverEventListener - WebDriver changing value in element found By.id: login_email from 'tag:input |id: login_email |text: ('')
118225 [main] DEBUG m.Driver.MyWebDriverEventListener - WebDriver changing value in element found By.id: login_email from 'tag:input |id: login_email |text: ('')
118275 [main] DEBUG m.Driver.MyWebDriverEventListener - WebDriver changing value in element found By.id: login_password from 'tag:input |id: login_password |text: ('')
118893 [main] DEBUG m.Driver.MyWebDriverEventListener - WebDriver changing value in element found By.id: login_password from 'tag:input |id: login_password |text: ('')
119006 [main] DEBUG m.Driver.MyWebDriverEventListener - Webdriver will click on element tag:input |id: login_button |text: ('')
121180 [main] DEBUG m.Driver.MyWebDriverEventListener - hope Webdriver clicked on element tag:input |id: login_button |text: ('')
121442 [main] INFO  test.java.LogTest - >>>>>>>>>>@AfterMethod<<<<<<<<<
121480 [main] INFO  test.java.LogTest - ______________________________________class test.java.LogTest______________________________________
121480 [main] DEBUG main.Driver.WebDriverFactory - Requested driver: Capabilities [{browserName=firefox}]:null. Driver uses count = 7
121493 [main] DEBUG main.Driver.WebDriverFactory - getDriver: Current url: https://testun.com.ua/#signin
121498 [main] INFO  m.Driver.MyWebDriverEventListener - WebDriver navigating to:'https://testun.com.ua/sys/sys/test_cookie_key'
121615 [main] INFO  m.Driver.MyWebDriverEventListener - WebDriver navigating to:'https://testun.com.ua/'
125886 [main] INFO  test.java.LogTest - _______________________Test = invalidLoginNoPass_______________________
125957 [main] DEBUG m.Driver.MyWebDriverEventListener - Webdriver will click on element tag:a |id: js_header_signin |text: ('Войти')
128328 [main] DEBUG m.Driver.MyWebDriverEventListener - hope Webdriver clicked on element tag:a |id: js_header_signin |text: ('Войти')
128346 [main] INFO  test.java.LogTest - ------------------------waitForPageLoaded true
128403 [main] DEBUG m.Driver.MyWebDriverEventListener - WebDriver changing value in element found By.id: login_email from 'tag:input |id: login_email |text: ('')
129010 [main] DEBUG m.Driver.MyWebDriverEventListener - WebDriver changing value in element found By.id: login_email from 'tag:input |id: login_email |text: ('')
129077 [main] DEBUG m.Driver.MyWebDriverEventListener - WebDriver changing value in element found By.id: login_password from 'tag:input |id: login_password |text: ('')
129147 [main] DEBUG m.Driver.MyWebDriverEventListener - WebDriver changing value in element found By.id: login_password from 'tag:input |id: login_password |text: ('')
129204 [main] DEBUG m.Driver.MyWebDriverEventListener - Webdriver will click on element tag:input |id: login_button |text: ('')
131352 [main] DEBUG m.Driver.MyWebDriverEventListener - hope Webdriver clicked on element tag:input |id: login_button |text: ('')
131885 [main] INFO  test.java.LogTest - >>>>>>>>>>@AfterMethod<<<<<<<<<
131921 [main] INFO  test.java.LogTest - ______________________________________class test.java.LogTest______________________________________
131921 [main] DEBUG main.Driver.WebDriverFactory - Requested driver: Capabilities [{browserName=firefox}]:null. Driver uses count = 8
131926 [main] DEBUG main.Driver.WebDriverFactory - getDriver: Current url: https://testun.com.ua/#signin
131929 [main] INFO  m.Driver.MyWebDriverEventListener - WebDriver navigating to:'https://testun.com.ua/sys/sys/test_cookie_key'
132039 [main] INFO  m.Driver.MyWebDriverEventListener - WebDriver navigating to:'https://testun.com.ua/'
136155 [main] INFO  test.java.LogTest - _______________________Test = invalidLoginWrongEmail_______________________
136207 [main] DEBUG m.Driver.MyWebDriverEventListener - Webdriver will click on element tag:a |id: js_header_signin |text: ('Войти')
138629 [main] DEBUG m.Driver.MyWebDriverEventListener - hope Webdriver clicked on element tag:a |id: js_header_signin |text: ('Войти')
138634 [main] INFO  test.java.LogTest - ------------------------waitForPageLoaded true
138685 [main] DEBUG m.Driver.MyWebDriverEventListener - WebDriver changing value in element found By.id: login_email from 'tag:input |id: login_email |text: ('')
138945 [main] DEBUG m.Driver.MyWebDriverEventListener - WebDriver changing value in element found By.id: login_email from 'tag:input |id: login_email |text: ('')
138979 [main] DEBUG m.Driver.MyWebDriverEventListener - WebDriver changing value in element found By.id: login_password from 'tag:input |id: login_password |text: ('')
139613 [main] DEBUG m.Driver.MyWebDriverEventListener - WebDriver changing value in element found By.id: login_password from 'tag:input |id: login_password |text: ('')
139675 [main] DEBUG m.Driver.MyWebDriverEventListener - Webdriver will click on element tag:input |id: login_button |text: ('')
141801 [main] DEBUG m.Driver.MyWebDriverEventListener - hope Webdriver clicked on element tag:input |id: login_button |text: ('')
142333 [main] INFO  test.java.LogTest - >>>>>>>>>>@AfterMethod<<<<<<<<<
142370 [main] INFO  test.java.LogTest - ______________________________________class test.java.LogTest______________________________________
142370 [main] DEBUG main.Driver.WebDriverFactory - Requested driver: Capabilities [{browserName=firefox}]:null. Driver uses count = 9
142374 [main] DEBUG main.Driver.WebDriverFactory - getDriver: Current url: https://testun.com.ua/#signin
142378 [main] INFO  m.Driver.MyWebDriverEventListener - WebDriver navigating to:'https://testun.com.ua/sys/sys/test_cookie_key'
142493 [main] INFO  m.Driver.MyWebDriverEventListener - WebDriver navigating to:'https://testun.com.ua/'
146691 [main] INFO  test.java.LogTest - _______________________Test = invalidLoginWrongPass_______________________
146759 [main] DEBUG m.Driver.MyWebDriverEventListener - Webdriver will click on element tag:a |id: js_header_signin |text: ('Войти')
149183 [main] DEBUG m.Driver.MyWebDriverEventListener - hope Webdriver clicked on element tag:a |id: js_header_signin |text: ('Войти')
149188 [main] INFO  test.java.LogTest - ------------------------waitForPageLoaded true
149239 [main] DEBUG m.Driver.MyWebDriverEventListener - WebDriver changing value in element found By.id: login_email from 'tag:input |id: login_email |text: ('')
149864 [main] DEBUG m.Driver.MyWebDriverEventListener - WebDriver changing value in element found By.id: login_email from 'tag:input |id: login_email |text: ('')
149925 [main] DEBUG m.Driver.MyWebDriverEventListener - WebDriver changing value in element found By.id: login_password from 'tag:input |id: login_password |text: ('')
150243 [main] DEBUG m.Driver.MyWebDriverEventListener - WebDriver changing value in element found By.id: login_password from 'tag:input |id: login_password |text: ('')
150307 [main] DEBUG m.Driver.MyWebDriverEventListener - Webdriver will click on element tag:input |id: login_button |text: ('')
152437 [main] DEBUG m.Driver.MyWebDriverEventListener - hope Webdriver clicked on element tag:input |id: login_button |text: ('')
152967 [main] INFO  test.java.LogTest - >>>>>>>>>>@AfterMethod<<<<<<<<<
153004 [main] INFO  test.java.LogTest - ______________________________________class test.java.LogTest______________________________________
153004 [main] DEBUG main.Driver.WebDriverFactory - Requested driver: Capabilities [{browserName=firefox}]:null. Driver uses count = 10
153012 [main] DEBUG main.Driver.WebDriverFactory - getDriver: Current url: https://testun.com.ua/#signin
153026 [main] INFO  m.Driver.MyWebDriverEventListener - WebDriver navigating to:'https://testun.com.ua/sys/sys/test_cookie_key'
153143 [main] INFO  m.Driver.MyWebDriverEventListener - WebDriver navigating to:'https://testun.com.ua/'
157010 [main] INFO  test.java.LogTest - _______________________Test = loginFBHangoutPopup_______________________
157010 [main] INFO  m.Driver.MyWebDriverEventListener - WebDriver navigating to:'https://testun.com.ua//search'
158324 [main] DEBUG m.Driver.MyWebDriverEventListener - Webdriver will click on element tag:a |id:  |text: ('Проходит сейчас
15 августа 2014 в 2:00
Автозавершение Андроид
Steve
3
Бесплатно')
159538 [main] DEBUG m.Driver.MyWebDriverEventListener - hope Webdriver clicked on element tag:a |id:  |text: ('Проходит сейчас
15 августа 2014 в 2:00
Автозавершение Андроид
Steve
3
Бесплатно')
159915 [main] DEBUG m.Driver.MyWebDriverEventListener - Webdriver will click on element tag:a |id: original_subscribe |text: ('Принять участие')
160683 [main] DEBUG m.Driver.MyWebDriverEventListener - hope Webdriver clicked on element tag:a |id: original_subscribe |text: ('Принять участие')
160756 [main] DEBUG m.Driver.MyWebDriverEventListener - Webdriver will click on element tag:a |id:  |text: ('войдите')
162106 [main] DEBUG m.Driver.MyWebDriverEventListener - hope Webdriver clicked on element tag:a |id:  |text: ('войдите')
162239 [main] DEBUG m.Driver.MyWebDriverEventListener - Webdriver will click on element tag:a |id:  |text: ('Вход через Facebook')
163074 [main] DEBUG m.Driver.MyWebDriverEventListener - hope Webdriver clicked on element tag:a |id:  |text: ('Вход через Facebook')
163932 [main] DEBUG m.Driver.MyWebDriverEventListener - WebDriver changing value in element found By.id: email from 'tag:input |id: email |text: ('')
164622 [main] DEBUG m.Driver.MyWebDriverEventListener - WebDriver changing value in element found By.id: email from 'tag:input |id: email |text: ('')
164689 [main] DEBUG m.Driver.MyWebDriverEventListener - WebDriver changing value in element found By.id: pass from 'tag:input |id: pass |text: ('')
165107 [main] DEBUG m.Driver.MyWebDriverEventListener - WebDriver changing value in element found By.id: pass from 'tag:input |id: pass |text: ('')
165169 [main] DEBUG m.Driver.MyWebDriverEventListener - Webdriver will click on element tag:input |id: u_0_1 |text: ('')
166868 [main] DEBUG m.Driver.MyWebDriverEventListener - hope Webdriver clicked on element tag:input |id: u_0_1 |text: ('')
169177 [main] INFO  test.java.LogTest - ------------------------waitForPageLoaded true
169181 [main] INFO  test.java.LogTest - Assert that user Vaska Ivanov takes part in conference
169204 [main] INFO  test.java.LogTest - ------------------------waitForPageLoaded true
172034 [main] DEBUG m.Driver.MyWebDriverEventListener - Webdriver will click on element tag:a |id: logout |text: ('Выйти')
172511 [main] DEBUG m.Driver.MyWebDriverEventListener - hope Webdriver clicked on element tag:a |id: logout |text: ('Выйти')
172516 [main] INFO  test.java.LogTest - ------------------------waitForPageLoaded false
173400 [main] INFO  test.java.LogTest - ------------------------waitForPageLoaded true
173409 [main] INFO  m.Driver.MyWebDriverEventListener - WebDriver navigating to:'https://www.facebook.com/'
174994 [main] INFO  test.java.LogTest - >>>>>>>>>>@AfterMethod<<<<<<<<<
178848 [main] INFO  test.java.LogTest - ______________________________________class test.java.LogTest______________________________________
178848 [main] DEBUG main.Driver.WebDriverFactory - Requested driver: Capabilities [{browserName=firefox}]:null. Driver uses count = 11
178851 [main] DEBUG main.Driver.WebDriverFactory - getDriver: Current url: https://www.facebook.com/
178855 [main] INFO  m.Driver.MyWebDriverEventListener - WebDriver navigating to:'https://testun.com.ua/sys/sys/test_cookie_key'
179030 [main] INFO  m.Driver.MyWebDriverEventListener - WebDriver navigating to:'https://testun.com.ua/'
182800 [main] INFO  test.java.LogTest - _______________________Test = loginFromHeaderHangCreate_______________________
182893 [main] DEBUG m.Driver.MyWebDriverEventListener - Webdriver will click on element tag:a |id: js_header_singcreate |text: ('Создать трансляцию')
183591 [main] DEBUG m.Driver.MyWebDriverEventListener - hope Webdriver clicked on element tag:a |id: js_header_singcreate |text: ('Создать трансляцию')
183600 [main] INFO  test.java.LogTest - ------------------------waitForPageLoaded true
183688 [main] DEBUG m.Driver.MyWebDriverEventListener - Webdriver will click on element tag:a |id:  |text: ('войдите')
185507 [main] DEBUG m.Driver.MyWebDriverEventListener - hope Webdriver clicked on element tag:a |id:  |text: ('войдите')
185592 [main] DEBUG m.Driver.MyWebDriverEventListener - Webdriver will click on element tag:a |id:  |text: ('Вход через Facebook')
186431 [main] DEBUG m.Driver.MyWebDriverEventListener - hope Webdriver clicked on element tag:a |id:  |text: ('Вход через Facebook')
187247 [main] DEBUG m.Driver.MyWebDriverEventListener - WebDriver changing value in element found By.id: email from 'tag:input |id: email |text: ('')
187913 [main] DEBUG m.Driver.MyWebDriverEventListener - WebDriver changing value in element found By.id: email from 'tag:input |id: email |text: ('')
187955 [main] DEBUG m.Driver.MyWebDriverEventListener - WebDriver changing value in element found By.id: pass from 'tag:input |id: pass |text: ('')
188362 [main] DEBUG m.Driver.MyWebDriverEventListener - WebDriver changing value in element found By.id: pass from 'tag:input |id: pass |text: ('')
188409 [main] DEBUG m.Driver.MyWebDriverEventListener - Webdriver will click on element tag:input |id: u_0_1 |text: ('')
190048 [main] DEBUG m.Driver.MyWebDriverEventListener - hope Webdriver clicked on element tag:input |id: u_0_1 |text: ('')
192726 [main] INFO  test.java.LogTest - ------------------------waitForPageLoaded true
195604 [main] DEBUG m.Driver.MyWebDriverEventListener - Webdriver will click on element tag:a |id: logout |text: ('Выйти')
196084 [main] DEBUG m.Driver.MyWebDriverEventListener - hope Webdriver clicked on element tag:a |id: logout |text: ('Выйти')
196093 [main] INFO  test.java.LogTest - ------------------------waitForPageLoaded false
197051 [main] INFO  test.java.LogTest - ------------------------waitForPageLoaded true
197069 [main] INFO  m.Driver.MyWebDriverEventListener - WebDriver navigating to:'https://www.facebook.com/'
198662 [main] INFO  test.java.LogTest - >>>>>>>>>>@AfterMethod<<<<<<<<<
201282 [main] INFO  test.java.LogTest - ______________________________________class test.java.LogTest______________________________________
201282 [main] DEBUG main.Driver.WebDriverFactory - Requested driver: Capabilities [{browserName=firefox}]:null. Driver uses count = 12
201300 [main] DEBUG main.Driver.WebDriverFactory - getDriver: Current url: https://www.facebook.com/
201304 [main] INFO  m.Driver.MyWebDriverEventListener - WebDriver navigating to:'https://testun.com.ua/sys/sys/test_cookie_key'
201312 [main] INFO  m.Driver.MyWebDriverEventListener - WebDriver navigating to:'https://testun.com.ua/'
205303 [main] INFO  test.java.LogTest - _______________________Test = loginFromChat_______________________
205303 [main] INFO  m.Driver.MyWebDriverEventListener - WebDriver navigating to:'https://testun.com.ua//chat'
206124 [main] DEBUG m.Driver.MyWebDriverEventListener - WebDriver changing value in element found By.id: login_email from 'tag:input |id: login_email |text: ('')
206750 [main] DEBUG m.Driver.MyWebDriverEventListener - WebDriver changing value in element found By.id: login_email from 'tag:input |id: login_email |text: ('')
206881 [main] DEBUG m.Driver.MyWebDriverEventListener - WebDriver changing value in element found By.id: login_password from 'tag:input |id: login_password |text: ('')
207558 [main] DEBUG m.Driver.MyWebDriverEventListener - WebDriver changing value in element found By.id: login_password from 'tag:input |id: login_password |text: ('')
207636 [main] DEBUG m.Driver.MyWebDriverEventListener - Webdriver will click on element tag:input |id: login_button |text: ('')
209698 [main] DEBUG m.Driver.MyWebDriverEventListener - hope Webdriver clicked on element tag:input |id: login_button |text: ('')
210902 [main] INFO  test.java.LogTest - ------------------------waitForPageLoaded false
213244 [main] DEBUG m.Driver.MyWebDriverEventListener - Webdriver will click on element tag:a |id: logout |text: ('Выйти')
213798 [main] DEBUG m.Driver.MyWebDriverEventListener - hope Webdriver clicked on element tag:a |id: logout |text: ('Выйти')
214621 [main] INFO  test.java.LogTest - ------------------------waitForPageLoaded true
214629 [main] INFO  test.java.LogTest - >>>>>>>>>>@AfterMethod<<<<<<<<<
214662 [main] INFO  test.java.LogTest - ______________________________________class test.java.LogTest______________________________________
214662 [main] DEBUG main.Driver.WebDriverFactory - Requested driver: Capabilities [{browserName=firefox}]:null. Driver uses count = 13
214666 [main] DEBUG main.Driver.WebDriverFactory - getDriver: Current url: https://testun.com.ua/
214672 [main] INFO  m.Driver.MyWebDriverEventListener - WebDriver navigating to:'https://testun.com.ua/sys/sys/test_cookie_key'
214705 [main] INFO  m.Driver.MyWebDriverEventListener - WebDriver navigating to:'https://testun.com.ua/'
218458 [main] INFO  test.java.LogTest - _______________________Test = loginFromComments_______________________
218459 [main] INFO  m.Driver.MyWebDriverEventListener - WebDriver navigating to:'https://testun.com.ua//search'
219707 [main] DEBUG m.Driver.MyWebDriverEventListener - Webdriver will click on element tag:a |id:  |text: ('Проходит сейчас
15 августа 2014 в 2:00
Автозавершение Андроид
Steve
3
Бесплатно')
221036 [main] DEBUG m.Driver.MyWebDriverEventListener - hope Webdriver clicked on element tag:a |id:  |text: ('Проходит сейчас
15 августа 2014 в 2:00
Автозавершение Андроид
Steve
3
Бесплатно')
221475 [main] DEBUG m.Driver.MyWebDriverEventListener - Webdriver will click on element tag:a |id:  |text: ('Войти')
223163 [main] DEBUG m.Driver.MyWebDriverEventListener - hope Webdriver clicked on element tag:a |id:  |text: ('Войти')
223935 [main] DEBUG m.Driver.MyWebDriverEventListener - WebDriver changing value in element found By.id: login_email from 'tag:input |id: login_email |text: ('')
224549 [main] DEBUG m.Driver.MyWebDriverEventListener - WebDriver changing value in element found By.id: login_email from 'tag:input |id: login_email |text: ('')
224676 [main] DEBUG m.Driver.MyWebDriverEventListener - WebDriver changing value in element found By.id: login_password from 'tag:input |id: login_password |text: ('')
225329 [main] DEBUG m.Driver.MyWebDriverEventListener - WebDriver changing value in element found By.id: login_password from 'tag:input |id: login_password |text: ('')
225385 [main] DEBUG m.Driver.MyWebDriverEventListener - Webdriver will click on element tag:input |id: login_button |text: ('')
226689 [main] DEBUG m.Driver.MyWebDriverEventListener - hope Webdriver clicked on element tag:input |id: login_button |text: ('')
227668 [main] INFO  test.java.LogTest - ------------------------waitForPageLoaded true
230111 [main] DEBUG m.Driver.MyWebDriverEventListener - Webdriver will click on element tag:a |id: logout |text: ('Выйти')
230617 [main] DEBUG m.Driver.MyWebDriverEventListener - hope Webdriver clicked on element tag:a |id: logout |text: ('Выйти')
230626 [main] INFO  test.java.LogTest - ------------------------waitForPageLoaded false
231576 [main] INFO  test.java.LogTest - >>>>>>>>>>@AfterMethod<<<<<<<<<
231610 [main] INFO  test.java.LogTest - ______________________________________class test.java.LogTest______________________________________
231610 [main] DEBUG main.Driver.WebDriverFactory - Requested driver: Capabilities [{browserName=firefox}]:null. Driver uses count = 14
231614 [main] DEBUG main.Driver.WebDriverFactory - getDriver: Current url: https://testun.com.ua/
231619 [main] INFO  m.Driver.MyWebDriverEventListener - WebDriver navigating to:'https://testun.com.ua/sys/sys/test_cookie_key'
231644 [main] INFO  m.Driver.MyWebDriverEventListener - WebDriver navigating to:'https://testun.com.ua/'
235354 [main] INFO  test.java.LogTest - _______________________Test = loginFromFollowers_______________________
235354 [main] INFO  m.Driver.MyWebDriverEventListener - WebDriver navigating to:'https://testun.com.ua/contacts/15301/followers'
236388 [main] DEBUG m.Driver.MyWebDriverEventListener - WebDriver changing value in element found By.id: login_email from 'tag:input |id: login_email |text: ('')
237011 [main] DEBUG m.Driver.MyWebDriverEventListener - WebDriver changing value in element found By.id: login_email from 'tag:input |id: login_email |text: ('')
237081 [main] DEBUG m.Driver.MyWebDriverEventListener - WebDriver changing value in element found By.id: login_password from 'tag:input |id: login_password |text: ('')
237708 [main] DEBUG m.Driver.MyWebDriverEventListener - WebDriver changing value in element found By.id: login_password from 'tag:input |id: login_password |text: ('')
237890 [main] DEBUG m.Driver.MyWebDriverEventListener - Webdriver will click on element tag:input |id: login_button |text: ('')
239979 [main] DEBUG m.Driver.MyWebDriverEventListener - hope Webdriver clicked on element tag:input |id: login_button |text: ('')
240896 [main] INFO  test.java.LogTest - ------------------------waitForPageLoaded true
243201 [main] DEBUG m.Driver.MyWebDriverEventListener - Webdriver will click on element tag:a |id: logout |text: ('Выйти')
243697 [main] DEBUG m.Driver.MyWebDriverEventListener - hope Webdriver clicked on element tag:a |id: logout |text: ('Выйти')
243705 [main] INFO  test.java.LogTest - ------------------------waitForPageLoaded false
244831 [main] INFO  test.java.LogTest - ------------------------waitForPageLoaded true
244840 [main] INFO  test.java.LogTest - >>>>>>>>>>@AfterMethod<<<<<<<<<
244877 [main] INFO  test.java.LogTest - ______________________________________class test.java.LogTest______________________________________
244877 [main] DEBUG main.Driver.WebDriverFactory - Requested driver: Capabilities [{browserName=firefox}]:null. Driver uses count = 15
244881 [main] DEBUG main.Driver.WebDriverFactory - getDriver: Current url: https://testun.com.ua/
244885 [main] INFO  m.Driver.MyWebDriverEventListener - WebDriver navigating to:'https://testun.com.ua/sys/sys/test_cookie_key'
244911 [main] INFO  m.Driver.MyWebDriverEventListener - WebDriver navigating to:'https://testun.com.ua/'
248659 [main] INFO  test.java.LogTest - _______________________Test = loginFromFollowing_______________________
248659 [main] INFO  m.Driver.MyWebDriverEventListener - WebDriver navigating to:'https://testun.com.ua/contacts/15301'
249627 [main] DEBUG m.Driver.MyWebDriverEventListener - WebDriver changing value in element found By.id: login_email from 'tag:input |id: login_email |text: ('')
250248 [main] DEBUG m.Driver.MyWebDriverEventListener - WebDriver changing value in element found By.id: login_email from 'tag:input |id: login_email |text: ('')
250423 [main] DEBUG m.Driver.MyWebDriverEventListener - WebDriver changing value in element found By.id: login_password from 'tag:input |id: login_password |text: ('')
251119 [main] DEBUG m.Driver.MyWebDriverEventListener - WebDriver changing value in element found By.id: login_password from 'tag:input |id: login_password |text: ('')
251200 [main] DEBUG m.Driver.MyWebDriverEventListener - Webdriver will click on element tag:input |id: login_button |text: ('')
253139 [main] DEBUG m.Driver.MyWebDriverEventListener - hope Webdriver clicked on element tag:input |id: login_button |text: ('')
254060 [main] INFO  test.java.LogTest - ------------------------waitForPageLoaded true
256406 [main] DEBUG m.Driver.MyWebDriverEventListener - Webdriver will click on element tag:a |id: logout |text: ('Выйти')
256964 [main] DEBUG m.Driver.MyWebDriverEventListener - hope Webdriver clicked on element tag:a |id: logout |text: ('Выйти')
257787 [main] INFO  test.java.LogTest - ------------------------waitForPageLoaded true
257797 [main] INFO  test.java.LogTest - >>>>>>>>>>@AfterMethod<<<<<<<<<
257830 [main] INFO  test.java.LogTest - ______________________________________class test.java.LogTest______________________________________
257830 [main] DEBUG main.Driver.WebDriverFactory - Requested driver: Capabilities [{browserName=firefox}]:null. Driver uses count = 16
257835 [main] DEBUG main.Driver.WebDriverFactory - getDriver: Current url: https://testun.com.ua/
257840 [main] INFO  m.Driver.MyWebDriverEventListener - WebDriver navigating to:'https://testun.com.ua/sys/sys/test_cookie_key'
257859 [main] INFO  m.Driver.MyWebDriverEventListener - WebDriver navigating to:'https://testun.com.ua/'
261144 [main] INFO  test.java.LogTest - _______________________Test = loginFromHangCreate_______________________
261144 [main] INFO  m.Driver.MyWebDriverEventListener - WebDriver navigating to:'https://testun.com.ua/conference/create'
262001 [main] DEBUG m.Driver.MyWebDriverEventListener - WebDriver changing value in element found By.id: login_email from 'tag:input |id: login_email |text: ('')
262632 [main] DEBUG m.Driver.MyWebDriverEventListener - WebDriver changing value in element found By.id: login_email from 'tag:input |id: login_email |text: ('')
262769 [main] DEBUG m.Driver.MyWebDriverEventListener - WebDriver changing value in element found By.id: login_password from 'tag:input |id: login_password |text: ('')
263435 [main] DEBUG m.Driver.MyWebDriverEventListener - WebDriver changing value in element found By.id: login_password from 'tag:input |id: login_password |text: ('')
263510 [main] DEBUG m.Driver.MyWebDriverEventListener - Webdriver will click on element tag:input |id: login_button |text: ('')
265737 [main] DEBUG m.Driver.MyWebDriverEventListener - hope Webdriver clicked on element tag:input |id: login_button |text: ('')
266701 [main] INFO  test.java.LogTest - ------------------------waitForPageLoaded true
269114 [main] DEBUG m.Driver.MyWebDriverEventListener - Webdriver will click on element tag:a |id: logout |text: ('Выйти')
269630 [main] DEBUG m.Driver.MyWebDriverEventListener - hope Webdriver clicked on element tag:a |id: logout |text: ('Выйти')
269635 [main] INFO  test.java.LogTest - ------------------------waitForPageLoaded false
270770 [main] INFO  test.java.LogTest - ------------------------waitForPageLoaded true
270780 [main] INFO  test.java.LogTest - >>>>>>>>>>@AfterMethod<<<<<<<<<
270816 [main] INFO  test.java.LogTest - ______________________________________class test.java.LogTest______________________________________
270817 [main] DEBUG main.Driver.WebDriverFactory - Requested driver: Capabilities [{browserName=firefox}]:null. Driver uses count = 17
270821 [main] DEBUG main.Driver.WebDriverFactory - getDriver: Current url: https://testun.com.ua/
270826 [main] INFO  m.Driver.MyWebDriverEventListener - WebDriver navigating to:'https://testun.com.ua/sys/sys/test_cookie_key'
270849 [main] INFO  m.Driver.MyWebDriverEventListener - WebDriver navigating to:'https://testun.com.ua/'
274614 [main] INFO  test.java.LogTest - _______________________Test = loginFromHangoutHeader_______________________
274615 [main] INFO  m.Driver.MyWebDriverEventListener - WebDriver navigating to:'https://testun.com.ua//search'
275847 [main] DEBUG m.Driver.MyWebDriverEventListener - Webdriver will click on element tag:a |id:  |text: ('Проходит сейчас
15 августа 2014 в 2:00
Автозавершение Андроид
Steve
3
Бесплатно')
277147 [main] DEBUG m.Driver.MyWebDriverEventListener - hope Webdriver clicked on element tag:a |id:  |text: ('Проходит сейчас
15 августа 2014 в 2:00
Автозавершение Андроид
Steve
3
Бесплатно')
277715 [main] DEBUG m.Driver.MyWebDriverEventListener - Webdriver will click on element tag:a |id: js_header_signin |text: ('Войти')
279195 [main] DEBUG m.Driver.MyWebDriverEventListener - hope Webdriver clicked on element tag:a |id: js_header_signin |text: ('Войти')
279206 [main] INFO  test.java.LogTest - ------------------------waitForPageLoaded true
279335 [main] DEBUG m.Driver.MyWebDriverEventListener - WebDriver changing value in element found By.id: login_email from 'tag:input |id: login_email |text: ('')
279954 [main] DEBUG m.Driver.MyWebDriverEventListener - WebDriver changing value in element found By.id: login_email from 'tag:input |id: login_email |text: ('')
280039 [main] DEBUG m.Driver.MyWebDriverEventListener - WebDriver changing value in element found By.id: login_password from 'tag:input |id: login_password |text: ('')
280683 [main] DEBUG m.Driver.MyWebDriverEventListener - WebDriver changing value in element found By.id: login_password from 'tag:input |id: login_password |text: ('')
280743 [main] DEBUG m.Driver.MyWebDriverEventListener - Webdriver will click on element tag:input |id: login_button |text: ('')
283059 [main] DEBUG m.Driver.MyWebDriverEventListener - hope Webdriver clicked on element tag:input |id: login_button |text: ('')
284094 [main] INFO  test.java.LogTest - ------------------------waitForPageLoaded true
286480 [main] DEBUG m.Driver.MyWebDriverEventListener - Webdriver will click on element tag:a |id: logout |text: ('Выйти')
286990 [main] DEBUG m.Driver.MyWebDriverEventListener - hope Webdriver clicked on element tag:a |id: logout |text: ('Выйти')
286996 [main] INFO  test.java.LogTest - ------------------------waitForPageLoaded false
288278 [main] INFO  test.java.LogTest - ------------------------waitForPageLoaded true
288286 [main] INFO  test.java.LogTest - >>>>>>>>>>@AfterMethod<<<<<<<<<
288321 [main] INFO  test.java.LogTest - ______________________________________class test.java.LogTest______________________________________
288321 [main] DEBUG main.Driver.WebDriverFactory - Requested driver: Capabilities [{browserName=firefox}]:null. Driver uses count = 18
288333 [main] DEBUG main.Driver.WebDriverFactory - getDriver: Current url: https://testun.com.ua/
288337 [main] INFO  m.Driver.MyWebDriverEventListener - WebDriver navigating to:'https://testun.com.ua/sys/sys/test_cookie_key'
288349 [main] INFO  m.Driver.MyWebDriverEventListener - WebDriver navigating to:'https://testun.com.ua/'
292099 [main] INFO  test.java.LogTest - _______________________Test = loginFromHangoutPopup_______________________
292099 [main] INFO  m.Driver.MyWebDriverEventListener - WebDriver navigating to:'https://testun.com.ua//search'
293268 [main] DEBUG m.Driver.MyWebDriverEventListener - Webdriver will click on element tag:a |id:  |text: ('Проходит сейчас
15 августа 2014 в 2:00
Автозавершение Андроид
Steve
3
Бесплатно')
294678 [main] DEBUG m.Driver.MyWebDriverEventListener - hope Webdriver clicked on element tag:a |id:  |text: ('Проходит сейчас
15 августа 2014 в 2:00
Автозавершение Андроид
Steve
3
Бесплатно')
294853 [main] DEBUG m.Driver.MyWebDriverEventListener - Webdriver will click on element tag:a |id: original_subscribe |text: ('Принять участие')
295559 [main] DEBUG m.Driver.MyWebDriverEventListener - hope Webdriver clicked on element tag:a |id: original_subscribe |text: ('Принять участие')
295620 [main] DEBUG m.Driver.MyWebDriverEventListener - Webdriver will click on element tag:a |id:  |text: ('войдите')
297076 [main] DEBUG m.Driver.MyWebDriverEventListener - hope Webdriver clicked on element tag:a |id:  |text: ('войдите')
297119 [main] DEBUG m.Driver.MyWebDriverEventListener - WebDriver changing value in element found By.id: login_email from 'tag:input |id: login_email |text: ('')
297737 [main] DEBUG m.Driver.MyWebDriverEventListener - WebDriver changing value in element found By.id: login_email from 'tag:input |id: login_email |text: ('')
297823 [main] DEBUG m.Driver.MyWebDriverEventListener - WebDriver changing value in element found By.id: login_password from 'tag:input |id: login_password |text: ('')
298450 [main] DEBUG m.Driver.MyWebDriverEventListener - WebDriver changing value in element found By.id: login_password from 'tag:input |id: login_password |text: ('')
298527 [main] DEBUG m.Driver.MyWebDriverEventListener - Webdriver will click on element tag:input |id: login_button |text: ('')
299441 [main] DEBUG m.Driver.MyWebDriverEventListener - hope Webdriver clicked on element tag:input |id: login_button |text: ('')
300304 [main] INFO  test.java.LogTest - ------------------------waitForPageLoaded true
300308 [main] INFO  test.java.LogTest - Assert that user Petrikov Vasilii Ivanovich takes part in conference
300343 [main] INFO  test.java.LogTest - ------------------------waitForPageLoaded true
302712 [main] DEBUG m.Driver.MyWebDriverEventListener - Webdriver will click on element tag:a |id: logout |text: ('Выйти')
303214 [main] DEBUG m.Driver.MyWebDriverEventListener - hope Webdriver clicked on element tag:a |id: logout |text: ('Выйти')
303223 [main] INFO  test.java.LogTest - ------------------------waitForPageLoaded false
304407 [main] INFO  test.java.LogTest - ------------------------waitForPageLoaded true
304417 [main] INFO  test.java.LogTest - >>>>>>>>>>@AfterMethod<<<<<<<<<
304450 [main] INFO  test.java.LogTest - ______________________________________class test.java.LogTest______________________________________
304450 [main] DEBUG main.Driver.WebDriverFactory - Requested driver: Capabilities [{browserName=firefox}]:null. Driver uses count = 19
304456 [main] DEBUG main.Driver.WebDriverFactory - getDriver: Current url: https://testun.com.ua/
304461 [main] INFO  m.Driver.MyWebDriverEventListener - WebDriver navigating to:'https://testun.com.ua/sys/sys/test_cookie_key'
304486 [main] INFO  m.Driver.MyWebDriverEventListener - WebDriver navigating to:'https://testun.com.ua/'
308239 [main] INFO  test.java.LogTest - _______________________Test = loginFromHeaderHangCreate_______________________
308289 [main] DEBUG m.Driver.MyWebDriverEventListener - Webdriver will click on element tag:a |id: js_header_singcreate |text: ('Создать трансляцию')
308804 [main] DEBUG m.Driver.MyWebDriverEventListener - hope Webdriver clicked on element tag:a |id: js_header_singcreate |text: ('Создать трансляцию')
308821 [main] INFO  test.java.LogTest - ------------------------waitForPageLoaded true
308914 [main] DEBUG m.Driver.MyWebDriverEventListener - Webdriver will click on element tag:a |id:  |text: ('войдите')
310993 [main] DEBUG m.Driver.MyWebDriverEventListener - hope Webdriver clicked on element tag:a |id:  |text: ('войдите')
311048 [main] DEBUG m.Driver.MyWebDriverEventListener - WebDriver changing value in element found By.id: login_email from 'tag:input |id: login_email |text: ('')
311663 [main] DEBUG m.Driver.MyWebDriverEventListener - WebDriver changing value in element found By.id: login_email from 'tag:input |id: login_email |text: ('')
311724 [main] DEBUG m.Driver.MyWebDriverEventListener - WebDriver changing value in element found By.id: login_password from 'tag:input |id: login_password |text: ('')
312404 [main] DEBUG m.Driver.MyWebDriverEventListener - WebDriver changing value in element found By.id: login_password from 'tag:input |id: login_password |text: ('')
312466 [main] DEBUG m.Driver.MyWebDriverEventListener - Webdriver will click on element tag:input |id: login_button |text: ('')
313267 [main] DEBUG m.Driver.MyWebDriverEventListener - hope Webdriver clicked on element tag:input |id: login_button |text: ('')
314246 [main] INFO  test.java.LogTest - ------------------------waitForPageLoaded true
316639 [main] DEBUG m.Driver.MyWebDriverEventListener - Webdriver will click on element tag:a |id: logout |text: ('Выйти')
317217 [main] DEBUG m.Driver.MyWebDriverEventListener - hope Webdriver clicked on element tag:a |id: logout |text: ('Выйти')
318047 [main] INFO  test.java.LogTest - ------------------------waitForPageLoaded true
318055 [main] INFO  test.java.LogTest - >>>>>>>>>>@AfterMethod<<<<<<<<<
318089 [main] INFO  test.java.LogTest - ______________________________________class test.java.LogTest______________________________________
318089 [main] DEBUG main.Driver.WebDriverFactory - Requested driver: Capabilities [{browserName=firefox}]:null. Driver uses count = 20
318094 [main] DEBUG main.Driver.WebDriverFactory - getDriver: Current url: https://testun.com.ua/
318099 [main] INFO  m.Driver.MyWebDriverEventListener - WebDriver navigating to:'https://testun.com.ua/sys/sys/test_cookie_key'
318131 [main] INFO  m.Driver.MyWebDriverEventListener - WebDriver navigating to:'https://testun.com.ua/'
321827 [main] INFO  test.java.LogTest - _______________________Test = loginFromMoney_______________________
321827 [main] INFO  m.Driver.MyWebDriverEventListener - WebDriver navigating to:'https://testun.com.ua//tmoney/history'
322614 [main] DEBUG m.Driver.MyWebDriverEventListener - WebDriver changing value in element found By.id: login_email from 'tag:input |id: login_email |text: ('')
323233 [main] DEBUG m.Driver.MyWebDriverEventListener - WebDriver changing value in element found By.id: login_email from 'tag:input |id: login_email |text: ('')
323365 [main] DEBUG m.Driver.MyWebDriverEventListener - WebDriver changing value in element found By.id: login_password from 'tag:input |id: login_password |text: ('')
324023 [main] DEBUG m.Driver.MyWebDriverEventListener - WebDriver changing value in element found By.id: login_password from 'tag:input |id: login_password |text: ('')
324101 [main] DEBUG m.Driver.MyWebDriverEventListener - Webdriver will click on element tag:input |id: login_button |text: ('')
326222 [main] DEBUG m.Driver.MyWebDriverEventListener - hope Webdriver clicked on element tag:input |id: login_button |text: ('')
327181 [main] ERROR test.java.LogTest - ------------------------> Ошибка на странице:"Личный счет".Текст переменной:           <span title="1TBM = 10 грн  1TBM= 1,2 дол 
327188 [main] ERROR test.java.LogTest - ------------------------> Ошибка на странице:"Личный счет".Текст переменной: 10 грн  1TBM= 1,2 дол  1TBM= 39 руб" class="js_toolt
327202 [main] ERROR test.java.LogTest - ------------------------> Ошибка на странице:"Личный счет".Текст переменной:           <span title="1TBM = 10 грн  1TBM= 1,2 дол 
327207 [main] ERROR test.java.LogTest - ------------------------> Ошибка на странице:"Личный счет".Текст переменной:           <span title="1TBM = 10 грн  1TBM= 1,2 дол 
327213 [main] ERROR test.java.LogTest - ------------------------> Ошибка на странице:"Личный счет".Текст переменной: 10 грн  1TBM= 1,2 дол  1TBM= 39 руб" class="js_toolt
327223 [main] ERROR test.java.LogTest - ------------------------> Ошибка на странице:"Личный счет".Текст переменной: 10 грн  1TBM= 1,2 дол  1TBM= 39 руб" class="js_toolt
327251 [main] INFO  test.java.LogTest - ------------------------waitForPageLoaded true
329629 [main] DEBUG m.Driver.MyWebDriverEventListener - Webdriver will click on element tag:a |id: logout |text: ('Выйти')
330132 [main] DEBUG m.Driver.MyWebDriverEventListener - hope Webdriver clicked on element tag:a |id: logout |text: ('Выйти')
330137 [main] INFO  test.java.LogTest - ------------------------waitForPageLoaded false
331264 [main] INFO  test.java.LogTest - ------------------------waitForPageLoaded true
331273 [main] INFO  test.java.LogTest - >>>>>>>>>>@AfterMethod<<<<<<<<<
331308 [main] INFO  test.java.LogTest - ______________________________________class test.java.LogTest______________________________________
331308 [main] DEBUG main.Driver.WebDriverFactory - Requested driver: Capabilities [{browserName=firefox}]:null. Driver uses count = 21
331312 [main] DEBUG main.Driver.WebDriverFactory - getDriver: Current url: https://testun.com.ua/
331316 [main] INFO  m.Driver.MyWebDriverEventListener - WebDriver navigating to:'https://testun.com.ua/sys/sys/test_cookie_key'
331341 [main] INFO  m.Driver.MyWebDriverEventListener - WebDriver navigating to:'https://testun.com.ua/'
335098 [main] INFO  test.java.LogTest - _______________________Test = loginFromNews_______________________
335098 [main] INFO  m.Driver.MyWebDriverEventListener - WebDriver navigating to:'https://testun.com.ua//news'
335858 [main] DEBUG m.Driver.MyWebDriverEventListener - WebDriver changing value in element found By.id: login_email from 'tag:input |id: login_email |text: ('')
336463 [main] DEBUG m.Driver.MyWebDriverEventListener - WebDriver changing value in element found By.id: login_email from 'tag:input |id: login_email |text: ('')
336612 [main] DEBUG m.Driver.MyWebDriverEventListener - WebDriver changing value in element found By.id: login_password from 'tag:input |id: login_password |text: ('')
337277 [main] DEBUG m.Driver.MyWebDriverEventListener - WebDriver changing value in element found By.id: login_password from 'tag:input |id: login_password |text: ('')
337403 [main] DEBUG m.Driver.MyWebDriverEventListener - Webdriver will click on element tag:input |id: login_button |text: ('')
339618 [main] DEBUG m.Driver.MyWebDriverEventListener - hope Webdriver clicked on element tag:input |id: login_button |text: ('')
340548 [main] INFO  test.java.LogTest - ------------------------waitForPageLoaded true
342865 [main] DEBUG m.Driver.MyWebDriverEventListener - Webdriver will click on element tag:a |id: logout |text: ('Выйти')
343361 [main] DEBUG m.Driver.MyWebDriverEventListener - hope Webdriver clicked on element tag:a |id: logout |text: ('Выйти')
343370 [main] INFO  test.java.LogTest - ------------------------waitForPageLoaded false
344331 [main] INFO  test.java.LogTest - ------------------------waitForPageLoaded true
344340 [main] INFO  test.java.LogTest - >>>>>>>>>>@AfterMethod<<<<<<<<<
344374 [main] INFO  test.java.LogTest - ______________________________________class test.java.LogTest______________________________________
344374 [main] DEBUG main.Driver.WebDriverFactory - Requested driver: Capabilities [{browserName=firefox}]:null. Driver uses count = 22
344378 [main] DEBUG main.Driver.WebDriverFactory - getDriver: Current url: https://testun.com.ua/
344392 [main] INFO  m.Driver.MyWebDriverEventListener - WebDriver navigating to:'https://testun.com.ua/sys/sys/test_cookie_key'
344408 [main] INFO  m.Driver.MyWebDriverEventListener - WebDriver navigating to:'https://testun.com.ua/'
348138 [main] INFO  test.java.LogTest - _______________________Test = loginFromVideoPay _______________________
348138 [main] INFO  m.Driver.MyWebDriverEventListener - WebDriver navigating to:'https://testun.com.ua//pricing'
349299 [main] DEBUG m.Driver.MyWebDriverEventListener - Webdriver will click on element tag:a |id:  |text: ('Бесплатно')
350744 [main] DEBUG m.Driver.MyWebDriverEventListener - hope Webdriver clicked on element tag:a |id:  |text: ('Бесплатно')
350754 [main] INFO  test.java.LogTest - ------------------------waitForPageLoaded true
350828 [main] DEBUG m.Driver.MyWebDriverEventListener - Webdriver will click on element tag:a |id:  |text: ('войдите')
351237 [main] DEBUG m.Driver.MyWebDriverEventListener - hope Webdriver clicked on element tag:a |id:  |text: ('войдите')
351300 [main] DEBUG m.Driver.MyWebDriverEventListener - WebDriver changing value in element found By.id: login_email from 'tag:input |id: login_email |text: ('')
352196 [main] DEBUG m.Driver.MyWebDriverEventListener - WebDriver changing value in element found By.id: login_email from 'tag:input |id: login_email |text: ('')
352255 [main] DEBUG m.Driver.MyWebDriverEventListener - WebDriver changing value in element found By.id: login_password from 'tag:input |id: login_password |text: ('')
352913 [main] DEBUG m.Driver.MyWebDriverEventListener - WebDriver changing value in element found By.id: login_password from 'tag:input |id: login_password |text: ('')
352992 [main] DEBUG m.Driver.MyWebDriverEventListener - Webdriver will click on element tag:input |id: login_button |text: ('')
353829 [main] DEBUG m.Driver.MyWebDriverEventListener - hope Webdriver clicked on element tag:input |id: login_button |text: ('')
354744 [main] INFO  test.java.LogTest - ------------------------waitForPageLoaded true
357241 [main] DEBUG m.Driver.MyWebDriverEventListener - Webdriver will click on element tag:a |id: logout |text: ('Выйти')
357876 [main] DEBUG m.Driver.MyWebDriverEventListener - hope Webdriver clicked on element tag:a |id: logout |text: ('Выйти')
358694 [main] INFO  test.java.LogTest - ------------------------waitForPageLoaded true
358708 [main] INFO  test.java.LogTest - >>>>>>>>>>@AfterMethod<<<<<<<<<
358744 [main] INFO  test.java.LogTest - ______________________________________class test.java.LogTest______________________________________
358744 [main] DEBUG main.Driver.WebDriverFactory - Requested driver: Capabilities [{browserName=firefox}]:null. Driver uses count = 23
358748 [main] DEBUG main.Driver.WebDriverFactory - getDriver: Current url: https://testun.com.ua/
358762 [main] INFO  m.Driver.MyWebDriverEventListener - WebDriver navigating to:'https://testun.com.ua/sys/sys/test_cookie_key'
358777 [main] INFO  m.Driver.MyWebDriverEventListener - WebDriver navigating to:'https://testun.com.ua/'
362533 [main] INFO  test.java.LogTest - _______________________Test = loginFromVideoPay _______________________
362533 [main] INFO  m.Driver.MyWebDriverEventListener - WebDriver navigating to:'https://testun.com.ua//pricing'
363619 [main] DEBUG m.Driver.MyWebDriverEventListener - Webdriver will click on element tag:div |id:  |text: ('Бесплатно')
365982 [main] DEBUG m.Driver.MyWebDriverEventListener - hope Webdriver clicked on element tag:div |id:  |text: ('Бесплатно')
366000 [main] INFO  test.java.LogTest - ------------------------waitForPageLoaded true
366127 [main] DEBUG m.Driver.MyWebDriverEventListener - Webdriver will click on element tag:a |id:  |text: ('войдите')
367078 [main] DEBUG m.Driver.MyWebDriverEventListener - hope Webdriver clicked on element tag:a |id:  |text: ('войдите')
367120 [main] DEBUG m.Driver.MyWebDriverEventListener - WebDriver changing value in element found By.id: login_email from 'tag:input |id: login_email |text: ('')
367732 [main] DEBUG m.Driver.MyWebDriverEventListener - WebDriver changing value in element found By.id: login_email from 'tag:input |id: login_email |text: ('')
367805 [main] DEBUG m.Driver.MyWebDriverEventListener - WebDriver changing value in element found By.id: login_password from 'tag:input |id: login_password |text: ('')
368493 [main] DEBUG m.Driver.MyWebDriverEventListener - WebDriver changing value in element found By.id: login_password from 'tag:input |id: login_password |text: ('')
368559 [main] DEBUG m.Driver.MyWebDriverEventListener - Webdriver will click on element tag:input |id: login_button |text: ('')
369382 [main] DEBUG m.Driver.MyWebDriverEventListener - hope Webdriver clicked on element tag:input |id: login_button |text: ('')
370414 [main] INFO  test.java.LogTest - ------------------------waitForPageLoaded true
372777 [main] DEBUG m.Driver.MyWebDriverEventListener - Webdriver will click on element tag:a |id: logout |text: ('Выйти')
373277 [main] DEBUG m.Driver.MyWebDriverEventListener - hope Webdriver clicked on element tag:a |id: logout |text: ('Выйти')
373282 [main] INFO  test.java.LogTest - ------------------------waitForPageLoaded false
374457 [main] INFO  test.java.LogTest - ------------------------waitForPageLoaded true
374561 [main] INFO  test.java.LogTest - >>>>>>>>>>@AfterMethod<<<<<<<<<
374598 [main] INFO  test.java.LogTest - ______________________________________class test.java.LogTest______________________________________
374598 [main] DEBUG main.Driver.WebDriverFactory - Requested driver: Capabilities [{browserName=firefox}]:null. Driver uses count = 24
374601 [main] DEBUG main.Driver.WebDriverFactory - getDriver: Current url: https://testun.com.ua/
374606 [main] INFO  m.Driver.MyWebDriverEventListener - WebDriver navigating to:'https://testun.com.ua/sys/sys/test_cookie_key'
374618 [main] INFO  m.Driver.MyWebDriverEventListener - WebDriver navigating to:'https://testun.com.ua/'
378380 [main] INFO  test.java.LogTest - _______________________Test = loginFromVideoPay _______________________
378381 [main] INFO  m.Driver.MyWebDriverEventListener - WebDriver navigating to:'https://testun.com.ua//pricing'
379170 [main] DEBUG m.Driver.MyWebDriverEventListener - Webdriver will click on element tag:a |id:  |text: ('Купить | 49 USD')
380754 [main] DEBUG m.Driver.MyWebDriverEventListener - hope Webdriver clicked on element tag:a |id:  |text: ('Купить | 49 USD')
380867 [main] INFO  test.java.LogTest - ------------------------waitForPageLoaded true
381033 [main] DEBUG m.Driver.MyWebDriverEventListener - Webdriver will click on element tag:a |id:  |text: ('войдите')
381680 [main] DEBUG m.Driver.MyWebDriverEventListener - hope Webdriver clicked on element tag:a |id:  |text: ('войдите')
381742 [main] DEBUG m.Driver.MyWebDriverEventListener - WebDriver changing value in element found By.id: login_email from 'tag:input |id: login_email |text: ('')
382360 [main] DEBUG m.Driver.MyWebDriverEventListener - WebDriver changing value in element found By.id: login_email from 'tag:input |id: login_email |text: ('')
382445 [main] DEBUG m.Driver.MyWebDriverEventListener - WebDriver changing value in element found By.id: login_password from 'tag:input |id: login_password |text: ('')
383096 [main] DEBUG m.Driver.MyWebDriverEventListener - WebDriver changing value in element found By.id: login_password from 'tag:input |id: login_password |text: ('')
383149 [main] DEBUG m.Driver.MyWebDriverEventListener - Webdriver will click on element tag:input |id: login_button |text: ('')
383985 [main] DEBUG m.Driver.MyWebDriverEventListener - hope Webdriver clicked on element tag:input |id: login_button |text: ('')
385031 [main] INFO  test.java.LogTest - ------------------------waitForPageLoaded true
385158 [main] DEBUG m.Driver.MyWebDriverEventListener - Webdriver will click on element tag:a |id: popup_close |text: ('')
386468 [main] DEBUG m.Driver.MyWebDriverEventListener - hope Webdriver clicked on element tag:a |id: popup_close |text: ('')
386475 [main] INFO  test.java.LogTest - ------------------------waitForPageLoaded true
386492 [main] INFO  test.java.LogTest - ------------------------waitForPageLoaded true
387757 [main] DEBUG m.Driver.MyWebDriverEventListener - Webdriver will click on element tag:a |id: logout |text: ('Выйти')
388236 [main] DEBUG m.Driver.MyWebDriverEventListener - hope Webdriver clicked on element tag:a |id: logout |text: ('Выйти')
388245 [main] INFO  test.java.LogTest - ------------------------waitForPageLoaded false
389510 [main] INFO  test.java.LogTest - ------------------------waitForPageLoaded true
389519 [main] INFO  test.java.LogTest - >>>>>>>>>>@AfterMethod<<<<<<<<<
389558 [main] INFO  test.java.LogTest - ______________________________________class test.java.LogTest______________________________________
389558 [main] DEBUG main.Driver.WebDriverFactory - Requested driver: Capabilities [{browserName=firefox}]:null. Driver uses count = 25
389564 [main] DEBUG main.Driver.WebDriverFactory - getDriver: Current url: https://testun.com.ua/
389567 [main] INFO  m.Driver.MyWebDriverEventListener - WebDriver navigating to:'https://testun.com.ua/sys/sys/test_cookie_key'
389594 [main] INFO  m.Driver.MyWebDriverEventListener - WebDriver navigating to:'https://testun.com.ua/'
393340 [main] INFO  test.java.LogTest - _______________________Test = loginFromVideoPay _______________________
393340 [main] INFO  m.Driver.MyWebDriverEventListener - WebDriver navigating to:'https://testun.com.ua//pricing'
394183 [main] DEBUG m.Driver.MyWebDriverEventListener - Webdriver will click on element tag:a |id:  |text: ('Купить | 49 USD')
395776 [main] DEBUG m.Driver.MyWebDriverEventListener - hope Webdriver clicked on element tag:a |id:  |text: ('Купить | 49 USD')
395894 [main] INFO  test.java.LogTest - ------------------------waitForPageLoaded true
396043 [main] DEBUG m.Driver.MyWebDriverEventListener - Webdriver will click on element tag:a |id:  |text: ('войдите')
396686 [main] DEBUG m.Driver.MyWebDriverEventListener - hope Webdriver clicked on element tag:a |id:  |text: ('войдите')
396724 [main] DEBUG m.Driver.MyWebDriverEventListener - WebDriver changing value in element found By.id: login_email from 'tag:input |id: login_email |text: ('')
397347 [main] DEBUG m.Driver.MyWebDriverEventListener - WebDriver changing value in element found By.id: login_email from 'tag:input |id: login_email |text: ('')
397437 [main] DEBUG m.Driver.MyWebDriverEventListener - WebDriver changing value in element found By.id: login_password from 'tag:input |id: login_password |text: ('')
398145 [main] DEBUG m.Driver.MyWebDriverEventListener - WebDriver changing value in element found By.id: login_password from 'tag:input |id: login_password |text: ('')
398188 [main] DEBUG m.Driver.MyWebDriverEventListener - Webdriver will click on element tag:input |id: login_button |text: ('')
399016 [main] DEBUG m.Driver.MyWebDriverEventListener - hope Webdriver clicked on element tag:input |id: login_button |text: ('')
400040 [main] INFO  test.java.LogTest - ------------------------waitForPageLoaded true
400110 [main] DEBUG m.Driver.MyWebDriverEventListener - Webdriver will click on element tag:a |id: popup_close |text: ('')
401419 [main] DEBUG m.Driver.MyWebDriverEventListener - hope Webdriver clicked on element tag:a |id: popup_close |text: ('')
401434 [main] INFO  test.java.LogTest - ------------------------waitForPageLoaded true
401512 [main] INFO  test.java.LogTest - ------------------------waitForPageLoaded true
402789 [main] DEBUG m.Driver.MyWebDriverEventListener - Webdriver will click on element tag:a |id: logout |text: ('Выйти')
403279 [main] DEBUG m.Driver.MyWebDriverEventListener - hope Webdriver clicked on element tag:a |id: logout |text: ('Выйти')
403292 [main] INFO  test.java.LogTest - ------------------------waitForPageLoaded false
404596 [main] INFO  test.java.LogTest - ------------------------waitForPageLoaded true
404616 [main] INFO  test.java.LogTest - >>>>>>>>>>@AfterMethod<<<<<<<<<
404640 [main] INFO  test.java.LogTest - ______________________________________class test.java.LogTest______________________________________
404640 [main] DEBUG main.Driver.WebDriverFactory - Requested driver: Capabilities [{browserName=firefox}]:null. Driver uses count = 26
404644 [main] DEBUG main.Driver.WebDriverFactory - getDriver: Current url: https://testun.com.ua/
404661 [main] INFO  m.Driver.MyWebDriverEventListener - WebDriver navigating to:'https://testun.com.ua/sys/sys/test_cookie_key'
404673 [main] INFO  m.Driver.MyWebDriverEventListener - WebDriver navigating to:'https://testun.com.ua/'
408450 [main] INFO  test.java.LogTest - _______________________Test = loginFromSettAccount_______________________
408450 [main] INFO  m.Driver.MyWebDriverEventListener - WebDriver navigating to:'https://testun.com.ua//config/account'
409450 [main] DEBUG m.Driver.MyWebDriverEventListener - WebDriver changing value in element found By.id: login_email from 'tag:input |id: login_email |text: ('')
410099 [main] DEBUG m.Driver.MyWebDriverEventListener - WebDriver changing value in element found By.id: login_email from 'tag:input |id: login_email |text: ('')
410174 [main] DEBUG m.Driver.MyWebDriverEventListener - WebDriver changing value in element found By.id: login_password from 'tag:input |id: login_password |text: ('')
410878 [main] DEBUG m.Driver.MyWebDriverEventListener - WebDriver changing value in element found By.id: login_password from 'tag:input |id: login_password |text: ('')
411095 [main] DEBUG m.Driver.MyWebDriverEventListener - Webdriver will click on element tag:input |id: login_button |text: ('')
413136 [main] DEBUG m.Driver.MyWebDriverEventListener - hope Webdriver clicked on element tag:input |id: login_button |text: ('')
413935 [main] INFO  test.java.LogTest - ------------------------waitForPageLoaded true
416234 [main] DEBUG m.Driver.MyWebDriverEventListener - Webdriver will click on element tag:a |id: logout |text: ('Выйти')
416740 [main] DEBUG m.Driver.MyWebDriverEventListener - hope Webdriver clicked on element tag:a |id: logout |text: ('Выйти')
416745 [main] INFO  test.java.LogTest - ------------------------waitForPageLoaded false
417978 [main] INFO  test.java.LogTest - ------------------------waitForPageLoaded true
417986 [main] INFO  test.java.LogTest - >>>>>>>>>>@AfterMethod<<<<<<<<<
418021 [main] INFO  test.java.LogTest - ______________________________________class test.java.LogTest______________________________________
418021 [main] DEBUG main.Driver.WebDriverFactory - Requested driver: Capabilities [{browserName=firefox}]:null. Driver uses count = 27
418025 [main] DEBUG main.Driver.WebDriverFactory - getDriver: Current url: https://testun.com.ua/
418028 [main] INFO  m.Driver.MyWebDriverEventListener - WebDriver navigating to:'https://testun.com.ua/sys/sys/test_cookie_key'
418054 [main] INFO  m.Driver.MyWebDriverEventListener - WebDriver navigating to:'https://testun.com.ua/'
421797 [main] INFO  test.java.LogTest - _______________________Test = loginFromSettings_______________________
421797 [main] INFO  m.Driver.MyWebDriverEventListener - WebDriver navigating to:'https://testun.com.ua//config'
422876 [main] DEBUG m.Driver.MyWebDriverEventListener - WebDriver changing value in element found By.id: login_email from 'tag:input |id: login_email |text: ('')
423499 [main] DEBUG m.Driver.MyWebDriverEventListener - WebDriver changing value in element found By.id: login_email from 'tag:input |id: login_email |text: ('')
423576 [main] DEBUG m.Driver.MyWebDriverEventListener - WebDriver changing value in element found By.id: login_password from 'tag:input |id: login_password |text: ('')
424409 [main] DEBUG m.Driver.MyWebDriverEventListener - WebDriver changing value in element found By.id: login_password from 'tag:input |id: login_password |text: ('')
424584 [main] DEBUG m.Driver.MyWebDriverEventListener - Webdriver will click on element tag:input |id: login_button |text: ('')
426529 [main] DEBUG m.Driver.MyWebDriverEventListener - hope Webdriver clicked on element tag:input |id: login_button |text: ('')
427503 [main] INFO  test.java.LogTest - ------------------------waitForPageLoaded true
429838 [main] DEBUG m.Driver.MyWebDriverEventListener - Webdriver will click on element tag:a |id: logout |text: ('Выйти')
430428 [main] DEBUG m.Driver.MyWebDriverEventListener - hope Webdriver clicked on element tag:a |id: logout |text: ('Выйти')
431437 [main] INFO  test.java.LogTest - ------------------------waitForPageLoaded true
431446 [main] INFO  test.java.LogTest - >>>>>>>>>>@AfterMethod<<<<<<<<<
431480 [main] INFO  test.java.LogTest - ______________________________________class test.java.LogTest______________________________________
431480 [main] DEBUG main.Driver.WebDriverFactory - Requested driver: Capabilities [{browserName=firefox}]:null. Driver uses count = 28
431484 [main] DEBUG main.Driver.WebDriverFactory - getDriver: Current url: https://testun.com.ua/
431488 [main] INFO  m.Driver.MyWebDriverEventListener - WebDriver navigating to:'https://testun.com.ua/sys/sys/test_cookie_key'
431515 [main] INFO  m.Driver.MyWebDriverEventListener - WebDriver navigating to:'https://testun.com.ua/'
435282 [main] INFO  test.java.LogTest - _______________________Test = loginGMHangoutPopup_______________________
435282 [main] INFO  m.Driver.MyWebDriverEventListener - WebDriver navigating to:'https://testun.com.ua//search'
436223 [main] DEBUG m.Driver.MyWebDriverEventListener - Webdriver will click on element tag:a |id:  |text: ('Проходит сейчас
15 августа 2014 в 2:00
Автозавершение Андроид
Steve
3
Бесплатно')
437845 [main] DEBUG m.Driver.MyWebDriverEventListener - hope Webdriver clicked on element tag:a |id:  |text: ('Проходит сейчас
15 августа 2014 в 2:00
Автозавершение Андроид
Steve
3
Бесплатно')
437931 [main] DEBUG m.Driver.MyWebDriverEventListener - Webdriver will click on element tag:a |id: original_subscribe |text: ('Принять участие')
438864 [main] DEBUG m.Driver.MyWebDriverEventListener - hope Webdriver clicked on element tag:a |id: original_subscribe |text: ('Принять участие')
438956 [main] DEBUG m.Driver.MyWebDriverEventListener - Webdriver will click on element tag:a |id:  |text: ('войдите')
440419 [main] DEBUG m.Driver.MyWebDriverEventListener - hope Webdriver clicked on element tag:a |id:  |text: ('войдите')
440474 [main] DEBUG m.Driver.MyWebDriverEventListener - Webdriver will click on element tag:a |id:  |text: ('Вход через Google')
441144 [main] DEBUG m.Driver.MyWebDriverEventListener - hope Webdriver clicked on element tag:a |id:  |text: ('Вход через Google')
450396 [main] DEBUG m.Driver.MyWebDriverEventListener - WebDriver changing value in element found By.id: Passwd from 'tag:input |id: Passwd |text: ('')
450971 [main] DEBUG m.Driver.MyWebDriverEventListener - WebDriver changing value in element found By.id: Passwd from 'tag:input |id: Passwd |text: ('')
451008 [main] DEBUG m.Driver.MyWebDriverEventListener - WebDriver changing value in element found By.id: Email from 'tag:input |id: Email |text: ('')
451653 [main] DEBUG m.Driver.MyWebDriverEventListener - WebDriver changing value in element found By.id: Email from 'tag:input |id: Email |text: ('')
451718 [main] DEBUG m.Driver.MyWebDriverEventListener - Webdriver will click on element tag:input |id: signIn |text: ('')
453565 [main] DEBUG m.Driver.MyWebDriverEventListener - hope Webdriver clicked on element tag:input |id: signIn |text: ('')
455933 [main] INFO  test.java.LogTest - ------------------------waitForPageLoaded true
455949 [main] INFO  test.java.LogTest - Assert that user Petrikov Vasilii (DONT CHANGE) takes part in conference
455973 [main] INFO  test.java.LogTest - ------------------------waitForPageLoaded true
458929 [main] DEBUG m.Driver.MyWebDriverEventListener - Webdriver will click on element tag:a |id: logout |text: ('Выйти')
459427 [main] DEBUG m.Driver.MyWebDriverEventListener - hope Webdriver clicked on element tag:a |id: logout |text: ('Выйти')
459436 [main] INFO  test.java.LogTest - ------------------------waitForPageLoaded false
460492 [main] INFO  test.java.LogTest - ------------------------waitForPageLoaded true
460502 [main] INFO  m.Driver.MyWebDriverEventListener - WebDriver navigating to:'https://accounts.google.com'
462040 [main] INFO  test.java.LogTest - >>>>>>>>>>@AfterMethod<<<<<<<<<
462050 [main] ERROR test.java.LogTest - ----------------------------------------------------------------------js error----------------------------------------------------------------------
462050 [main] ERROR test.java.LogTest - javascript error 1.SyntaxError: Using //@ to indicate sourceURL pragmas is deprecated. Use //# instead [https://www.google.com/settings/_/scs/ac-static/_/js/k=ac.s2.ru.enk1n5g_dhY.O/m=b2,s2_p/rt=j/d=1/t=zcms/rs=AD6RtdMsY5aXKwxNE2JhOqYFeg46Lua7MQ:64]
462050 [main] ERROR test.java.LogTest - ----------------------------------------------------------------------js error----------------------------------------------------------------------
462083 [main] INFO  test.java.LogTest - ______________________________________class test.java.LogTest______________________________________
462083 [main] DEBUG main.Driver.WebDriverFactory - Requested driver: Capabilities [{browserName=firefox}]:null. Driver uses count = 29
462091 [main] DEBUG main.Driver.WebDriverFactory - getDriver: Current url: https://accounts.google.com/ServiceLogin?passive=1209600&osid=1&continue=https://www.google.com/settings/personalinfo&followup=https://www.google.com/settings/personalinfo
462095 [main] INFO  m.Driver.MyWebDriverEventListener - WebDriver navigating to:'https://testun.com.ua/sys/sys/test_cookie_key'
462275 [main] INFO  m.Driver.MyWebDriverEventListener - WebDriver navigating to:'https://testun.com.ua/'
466352 [main] INFO  test.java.LogTest - _______________________Test = loginFromHeaderHangCreate_______________________
466402 [main] DEBUG m.Driver.MyWebDriverEventListener - Webdriver will click on element tag:a |id: js_header_singcreate |text: ('Создать трансляцию')
466903 [main] DEBUG m.Driver.MyWebDriverEventListener - hope Webdriver clicked on element tag:a |id: js_header_singcreate |text: ('Создать трансляцию')
466919 [main] INFO  test.java.LogTest - ------------------------waitForPageLoaded true
467019 [main] DEBUG m.Driver.MyWebDriverEventListener - Webdriver will click on element tag:a |id:  |text: ('войдите')
468854 [main] DEBUG m.Driver.MyWebDriverEventListener - hope Webdriver clicked on element tag:a |id:  |text: ('войдите')
468933 [main] DEBUG m.Driver.MyWebDriverEventListener - Webdriver will click on element tag:a |id:  |text: ('Вход через Google')
469778 [main] DEBUG m.Driver.MyWebDriverEventListener - hope Webdriver clicked on element tag:a |id:  |text: ('Вход через Google')
470439 [main] DEBUG m.Driver.MyWebDriverEventListener - WebDriver changing value in element found By.id: Passwd from 'tag:input |id: Passwd |text: ('')
470980 [main] DEBUG m.Driver.MyWebDriverEventListener - WebDriver changing value in element found By.id: Passwd from 'tag:input |id: Passwd |text: ('')
471020 [main] DEBUG m.Driver.MyWebDriverEventListener - WebDriver changing value in element found By.id: Email from 'tag:input |id: Email |text: ('')
471636 [main] DEBUG m.Driver.MyWebDriverEventListener - WebDriver changing value in element found By.id: Email from 'tag:input |id: Email |text: ('')
471692 [main] DEBUG m.Driver.MyWebDriverEventListener - Webdriver will click on element tag:input |id: signIn |text: ('')
473506 [main] DEBUG m.Driver.MyWebDriverEventListener - hope Webdriver clicked on element tag:input |id: signIn |text: ('')
475677 [main] INFO  test.java.LogTest - ------------------------waitForPageLoaded true
478817 [main] DEBUG m.Driver.MyWebDriverEventListener - Webdriver will click on element tag:a |id: logout |text: ('Выйти')
479344 [main] DEBUG m.Driver.MyWebDriverEventListener - hope Webdriver clicked on element tag:a |id: logout |text: ('Выйти')
479384 [main] INFO  test.java.LogTest - ------------------------waitForPageLoaded false
480244 [main] INFO  m.Driver.MyWebDriverEventListener - WebDriver navigating to:'https://accounts.google.com'
481871 [main] INFO  test.java.LogTest - >>>>>>>>>>@AfterMethod<<<<<<<<<
481882 [main] ERROR test.java.LogTest - ----------------------------------------------------------------------js error----------------------------------------------------------------------
481882 [main] ERROR test.java.LogTest - javascript error 1.SyntaxError: Using //@ to indicate sourceURL pragmas is deprecated. Use //# instead [https://www.google.com/settings/_/scs/ac-static/_/js/k=ac.s2.ru.enk1n5g_dhY.O/m=b2,s2_p/rt=j/d=1/t=zcms/rs=AD6RtdMsY5aXKwxNE2JhOqYFeg46Lua7MQ:64]
481882 [main] ERROR test.java.LogTest - ----------------------------------------------------------------------js error----------------------------------------------------------------------
481905 [main] INFO  test.java.LogTest - ______________________________________class test.java.LogTest______________________________________
481905 [main] DEBUG main.Driver.WebDriverFactory - Requested driver: Capabilities [{browserName=firefox}]:null. Driver uses count = 30
481909 [main] DEBUG main.Driver.WebDriverFactory - getDriver: Current url: https://accounts.google.com/ServiceLogin?passive=1209600&osid=1&continue=https://www.google.com/settings/personalinfo&followup=https://www.google.com/settings/personalinfo
481915 [main] INFO  m.Driver.MyWebDriverEventListener - WebDriver navigating to:'https://testun.com.ua/sys/sys/test_cookie_key'
482092 [main] INFO  m.Driver.MyWebDriverEventListener - WebDriver navigating to:'https://testun.com.ua/'
485962 [main] INFO  test.java.LogTest - _______________________Test = invalidLoginWrongPass_______________________
486038 [main] DEBUG m.Driver.MyWebDriverEventListener - Webdriver will click on element tag:a |id: js_header_signin |text: ('Войти')
486543 [main] DEBUG m.Driver.MyWebDriverEventListener - hope Webdriver clicked on element tag:a |id: js_header_signin |text: ('Войти')
486557 [main] INFO  test.java.LogTest - ------------------------waitForPageLoaded true
486671 [main] DEBUG m.Driver.MyWebDriverEventListener - Webdriver will click on element tag:a |id:  |text: ('Создайте свой аккаунт!')
488547 [main] DEBUG m.Driver.MyWebDriverEventListener - hope Webdriver clicked on element tag:a |id:  |text: ('Создайте свой аккаунт!')
488700 [main] DEBUG m.Driver.MyWebDriverEventListener - Webdriver will click on element tag:a |id:  |text: ('войдите')
488975 [main] DEBUG m.Driver.MyWebDriverEventListener - hope Webdriver clicked on element tag:a |id:  |text: ('войдите')
489011 [main] INFO  test.java.LogTest - >>>>>>>>>>@AfterMethod<<<<<<<<<
489046 [main] INFO  test.java.LogTest - ______________________________________class test.java.LogTest______________________________________
489046 [main] DEBUG main.Driver.WebDriverFactory - Requested driver: Capabilities [{browserName=firefox}]:null. Driver uses count = 31
489060 [main] DEBUG main.Driver.WebDriverFactory - getDriver: Current url: https://testun.com.ua/#signin
489067 [main] INFO  m.Driver.MyWebDriverEventListener - WebDriver navigating to:'https://testun.com.ua/sys/sys/test_cookie_key'
489195 [main] INFO  m.Driver.MyWebDriverEventListener - WebDriver navigating to:'https://testun.com.ua/'
492980 [main] INFO  test.java.LogTest - _______________________________Test = validLoginPage_______________________________
492981 [main] INFO  m.Driver.MyWebDriverEventListener - WebDriver navigating to:'https://testun.com.ua/login'
494045 [main] DEBUG m.Driver.MyWebDriverEventListener - WebDriver changing value in element found By.id: login_email from 'tag:input |id: login_email |text: ('')
494650 [main] DEBUG m.Driver.MyWebDriverEventListener - WebDriver changing value in element found By.id: login_email from 'tag:input |id: login_email |text: ('')
494708 [main] DEBUG m.Driver.MyWebDriverEventListener - WebDriver changing value in element found By.id: login_password from 'tag:input |id: login_password |text: ('')
495367 [main] DEBUG m.Driver.MyWebDriverEventListener - WebDriver changing value in element found By.id: login_password from 'tag:input |id: login_password |text: ('')
495429 [main] DEBUG m.Driver.MyWebDriverEventListener - Webdriver will click on element tag:input |id: login_button |text: ('')
496263 [main] DEBUG m.Driver.MyWebDriverEventListener - hope Webdriver clicked on element tag:input |id: login_button |text: ('')
497394 [main] INFO  test.java.LogTest - ------------------------waitForPageLoaded false
497915 [main] INFO  test.java.LogTest - ------------------------waitForPageLoaded true
500280 [main] DEBUG m.Driver.MyWebDriverEventListener - Webdriver will click on element tag:a |id: logout |text: ('Выйти')
500774 [main] DEBUG m.Driver.MyWebDriverEventListener - hope Webdriver clicked on element tag:a |id: logout |text: ('Выйти')
500781 [main] INFO  test.java.LogTest - ------------------------waitForPageLoaded false
501978 [main] INFO  test.java.LogTest - ------------------------waitForPageLoaded true
501987 [main] INFO  test.java.LogTest - >>>>>>>>>>@AfterMethod<<<<<<<<<
502027 [main] INFO  test.java.LogTest - ______________________________________class test.java.LogTest______________________________________
502027 [main] DEBUG main.Driver.WebDriverFactory - Requested driver: Capabilities [{browserName=firefox}]:null. Driver uses count = 32
502037 [main] DEBUG main.Driver.WebDriverFactory - getDriver: Current url: https://testun.com.ua/
502045 [main] INFO  m.Driver.MyWebDriverEventListener - WebDriver navigating to:'https://testun.com.ua/sys/sys/test_cookie_key'
502077 [main] INFO  m.Driver.MyWebDriverEventListener - WebDriver navigating to:'https://testun.com.ua/'
505849 [main] INFO  test.java.LogTest - _______________________________Test = validLoginPopup_______________________________
505895 [main] DEBUG m.Driver.MyWebDriverEventListener - Webdriver will click on element tag:a |id: js_header_signin |text: ('Войти')
506412 [main] DEBUG m.Driver.MyWebDriverEventListener - hope Webdriver clicked on element tag:a |id: js_header_signin |text: ('Войти')
506419 [main] INFO  test.java.LogTest - ------------------------waitForPageLoaded true
506540 [main] DEBUG m.Driver.MyWebDriverEventListener - WebDriver changing value in element found By.id: login_email from 'tag:input |id: login_email |text: ('')
507153 [main] DEBUG m.Driver.MyWebDriverEventListener - WebDriver changing value in element found By.id: login_email from 'tag:input |id: login_email |text: ('')
507222 [main] DEBUG m.Driver.MyWebDriverEventListener - WebDriver changing value in element found By.id: login_password from 'tag:input |id: login_password |text: ('')
507820 [main] DEBUG m.Driver.MyWebDriverEventListener - WebDriver changing value in element found By.id: login_password from 'tag:input |id: login_password |text: ('')
507937 [main] DEBUG m.Driver.MyWebDriverEventListener - Webdriver will click on element tag:input |id: login_button |text: ('')
510261 [main] DEBUG m.Driver.MyWebDriverEventListener - hope Webdriver clicked on element tag:input |id: login_button |text: ('')
511353 [main] INFO  test.java.LogTest - ------------------------waitForPageLoaded true
513525 [main] DEBUG m.Driver.MyWebDriverEventListener - Webdriver will click on element tag:a |id: logout |text: ('Выйти')
514046 [main] DEBUG m.Driver.MyWebDriverEventListener - hope Webdriver clicked on element tag:a |id: logout |text: ('Выйти')
514902 [main] INFO  test.java.LogTest - ------------------------waitForPageLoaded true
514910 [main] INFO  test.java.LogTest - >>>>>>>>>>@AfterMethod<<<<<<<<<
514943 [main] INFO  test.java.LogTest - ______________________________________class test.java.LogTest______________________________________
514943 [main] DEBUG main.Driver.WebDriverFactory - Requested driver: Capabilities [{browserName=firefox}]:null. Driver uses count = 33
514947 [main] DEBUG main.Driver.WebDriverFactory - getDriver: Current url: https://testun.com.ua/
514951 [main] INFO  m.Driver.MyWebDriverEventListener - WebDriver navigating to:'https://testun.com.ua/sys/sys/test_cookie_key'
514978 [main] INFO  m.Driver.MyWebDriverEventListener - WebDriver navigating to:'https://testun.com.ua/'
518738 [main] INFO  test.java.LogTest - _______________________Test = captchaWrongPass_______________________
518785 [main] DEBUG m.Driver.MyWebDriverEventListener - Webdriver will click on element tag:a |id: js_header_signin |text: ('Войти')
519316 [main] DEBUG m.Driver.MyWebDriverEventListener - hope Webdriver clicked on element tag:a |id: js_header_signin |text: ('Войти')
519322 [main] INFO  test.java.LogTest - ------------------------waitForPageLoaded true
519397 [main] DEBUG m.Driver.MyWebDriverEventListener - WebDriver changing value in element found By.id: login_email from 'tag:input |id: login_email |text: ('')
520021 [main] DEBUG m.Driver.MyWebDriverEventListener - WebDriver changing value in element found By.id: login_email from 'tag:input |id: login_email |text: ('')
520077 [main] DEBUG m.Driver.MyWebDriverEventListener - WebDriver changing value in element found By.id: login_password from 'tag:input |id: login_password |text: ('')
520401 [main] DEBUG m.Driver.MyWebDriverEventListener - WebDriver changing value in element found By.id: login_password from 'tag:input |id: login_password |text: ('')
520449 [main] DEBUG m.Driver.MyWebDriverEventListener - Webdriver will click on element tag:input |id: login_button |text: ('')
522797 [main] DEBUG m.Driver.MyWebDriverEventListener - hope Webdriver clicked on element tag:input |id: login_button |text: ('')
522945 [main] DEBUG m.Driver.MyWebDriverEventListener - WebDriver changing value in element found By.id: login_email from 'tag:input |id: login_email |text: ('')
523578 [main] DEBUG m.Driver.MyWebDriverEventListener - WebDriver changing value in element found By.id: login_email from 'tag:input |id: login_email |text: ('')
523621 [main] DEBUG m.Driver.MyWebDriverEventListener - WebDriver changing value in element found By.id: login_password from 'tag:input |id: login_password |text: ('')
523929 [main] DEBUG m.Driver.MyWebDriverEventListener - WebDriver changing value in element found By.id: login_password from 'tag:input |id: login_password |text: ('')
524062 [main] DEBUG m.Driver.MyWebDriverEventListener - Webdriver will click on element tag:input |id: login_button |text: ('')
524204 [main] DEBUG m.Driver.MyWebDriverEventListener - hope Webdriver clicked on element tag:input |id: login_button |text: ('')
524296 [main] DEBUG m.Driver.MyWebDriverEventListener - WebDriver changing value in element found By.id: login_email from 'tag:input |id: login_email |text: ('')
524968 [main] DEBUG m.Driver.MyWebDriverEventListener - WebDriver changing value in element found By.id: login_email from 'tag:input |id: login_email |text: ('')
525024 [main] DEBUG m.Driver.MyWebDriverEventListener - WebDriver changing value in element found By.id: login_password from 'tag:input |id: login_password |text: ('')
525365 [main] DEBUG m.Driver.MyWebDriverEventListener - WebDriver changing value in element found By.id: login_password from 'tag:input |id: login_password |text: ('')
525476 [main] DEBUG m.Driver.MyWebDriverEventListener - Webdriver will click on element tag:input |id: login_button |text: ('')
525641 [main] DEBUG m.Driver.MyWebDriverEventListener - hope Webdriver clicked on element tag:input |id: login_button |text: ('')
525732 [main] DEBUG m.Driver.MyWebDriverEventListener - WebDriver changing value in element found By.id: login_email from 'tag:input |id: login_email |text: ('')
526419 [main] DEBUG m.Driver.MyWebDriverEventListener - WebDriver changing value in element found By.id: login_email from 'tag:input |id: login_email |text: ('')
526530 [main] DEBUG m.Driver.MyWebDriverEventListener - WebDriver changing value in element found By.id: login_password from 'tag:input |id: login_password |text: ('')
527011 [main] DEBUG m.Driver.MyWebDriverEventListener - WebDriver changing value in element found By.id: login_password from 'tag:input |id: login_password |text: ('')
527101 [main] DEBUG m.Driver.MyWebDriverEventListener - Webdriver will click on element tag:input |id: login_button |text: ('')
527260 [main] DEBUG m.Driver.MyWebDriverEventListener - hope Webdriver clicked on element tag:input |id: login_button |text: ('')
527393 [main] DEBUG m.Driver.MyWebDriverEventListener - WebDriver changing value in element found By.id: login_email from 'tag:input |id: login_email |text: ('')
528055 [main] DEBUG m.Driver.MyWebDriverEventListener - WebDriver changing value in element found By.id: login_email from 'tag:input |id: login_email |text: ('')
528087 [main] DEBUG m.Driver.MyWebDriverEventListener - WebDriver changing value in element found By.id: login_password from 'tag:input |id: login_password |text: ('')
528400 [main] DEBUG m.Driver.MyWebDriverEventListener - WebDriver changing value in element found By.id: login_password from 'tag:input |id: login_password |text: ('')
528505 [main] DEBUG m.Driver.MyWebDriverEventListener - Webdriver will click on element tag:input |id: login_button |text: ('')
528662 [main] DEBUG m.Driver.MyWebDriverEventListener - hope Webdriver clicked on element tag:input |id: login_button |text: ('')
528796 [main] DEBUG m.Driver.MyWebDriverEventListener - WebDriver changing value in element found By.id: login_email from 'tag:input |id: login_email |text: ('')
529445 [main] DEBUG m.Driver.MyWebDriverEventListener - WebDriver changing value in element found By.id: login_email from 'tag:input |id: login_email |text: ('')
529495 [main] DEBUG m.Driver.MyWebDriverEventListener - WebDriver changing value in element found By.id: login_password from 'tag:input |id: login_password |text: ('')
529809 [main] DEBUG m.Driver.MyWebDriverEventListener - WebDriver changing value in element found By.id: login_password from 'tag:input |id: login_password |text: ('')
529928 [main] DEBUG m.Driver.MyWebDriverEventListener - Webdriver will click on element tag:input |id: login_button |text: ('')
530090 [main] DEBUG m.Driver.MyWebDriverEventListener - hope Webdriver clicked on element tag:input |id: login_button |text: ('')
530449 [main] INFO  test.java.LogTest - >>>>>>>>>>@AfterMethod<<<<<<<<<
530649 [Thread-0] DEBUG main.Driver.WebDriverFactory - Killing driver 
532807 [Thread-0] ERROR m.Driver.MyWebDriverEventListener - ________________________________________________________________________________________________________________
532812 [Thread-0] ERROR m.Driver.MyWebDriverEventListener - WebDriver error:
org.openqa.selenium.remote.UnreachableBrowserException: Error communicating with the remote browser. It may have died.
Build info: version: '2.42.2', revision: '6a6995d', time: '2014-06-03 17:42:03'
System info: host: 'alexandra-System-Product-Name', ip: '127.0.1.1', os.name: 'Linux', os.arch: 'amd64', os.version: '3.2.0-23-generic', java.version: '1.7.0_60'
Driver info: driver.version: EventFiringWebDriver
	at org.openqa.selenium.remote.RemoteWebDriver.execute(RemoteWebDriver.java:593) ~[selenium-server-standalone-2.42.2.jar:na]
	at org.openqa.selenium.remote.RemoteWebDriver.execute(RemoteWebDriver.java:614) ~[selenium-server-standalone-2.42.2.jar:na]
	at org.openqa.selenium.remote.RemoteWebDriver.quit(RemoteWebDriver.java:468) ~[selenium-server-standalone-2.42.2.jar:na]
	at sun.reflect.NativeMethodAccessorImpl.invoke0(Native Method) ~[na:1.7.0_60]
	at sun.reflect.NativeMethodAccessorImpl.invoke(NativeMethodAccessorImpl.java:57) ~[na:1.7.0_60]
	at sun.reflect.DelegatingMethodAccessorImpl.invoke(DelegatingMethodAccessorImpl.java:43) ~[na:1.7.0_60]
	at java.lang.reflect.Method.invoke(Method.java:606) ~[na:1.7.0_60]
	at org.openqa.selenium.support.events.EventFiringWebDriver$2.invoke(EventFiringWebDriver.java:101) ~[selenium-server-standalone-2.42.2.jar:na]
	at com.sun.proxy.$Proxy10.quit(Unknown Source) ~[na:na]
	at org.openqa.selenium.support.events.EventFiringWebDriver.quit(EventFiringWebDriver.java:198) ~[selenium-server-standalone-2.42.2.jar:na]
	at main.Driver.WebDriverFactory.dismissDriver(WebDriverFactory.java:98) ~[classes/:na]
	at main.Driver.WebDriverFactory$1.run(WebDriverFactory.java:164) ~[classes/:na]
Caused by: org.apache.http.NoHttpResponseException: The target server failed to respond
	at org.apache.http.impl.conn.DefaultHttpResponseParser.parseHead(DefaultHttpResponseParser.java:143) ~[selenium-server-standalone-2.42.2.jar:na]
	at org.apache.http.impl.conn.DefaultHttpResponseParser.parseHead(DefaultHttpResponseParser.java:57) ~[selenium-server-standalone-2.42.2.jar:na]
	at org.apache.http.impl.io.AbstractMessageParser.parse(AbstractMessageParser.java:260) ~[selenium-server-standalone-2.42.2.jar:na]
	at org.apache.http.impl.DefaultBHttpClientConnection.receiveResponseHeader(DefaultBHttpClientConnection.java:161) ~[selenium-server-standalone-2.42.2.jar:na]
	at sun.reflect.GeneratedMethodAccessor7.invoke(Unknown Source) ~[na:na]
	at sun.reflect.DelegatingMethodAccessorImpl.invoke(DelegatingMethodAccessorImpl.java:43) ~[na:1.7.0_60]
	at java.lang.reflect.Method.invoke(Method.java:606) ~[na:1.7.0_60]
	at org.apache.http.impl.conn.CPoolProxy.invoke(CPoolProxy.java:138) ~[selenium-server-standalone-2.42.2.jar:na]
	at com.sun.proxy.$Proxy7.receiveResponseHeader(Unknown Source) ~[na:na]
	at org.apache.http.protocol.HttpRequestExecutor.doReceiveResponse(HttpRequestExecutor.java:271) ~[selenium-server-standalone-2.42.2.jar:na]
	at org.apache.http.protocol.HttpRequestExecutor.execute(HttpRequestExecutor.java:123) ~[selenium-server-standalone-2.42.2.jar:na]
	at org.apache.http.impl.execchain.MainClientExec.execute(MainClientExec.java:254) ~[selenium-server-standalone-2.42.2.jar:na]
	at org.apache.http.impl.execchain.ProtocolExec.execute(ProtocolExec.java:195) ~[selenium-server-standalone-2.42.2.jar:na]
	at org.apache.http.impl.execchain.RetryExec.execute(RetryExec.java:85) ~[selenium-server-standalone-2.42.2.jar:na]
	at org.apache.http.impl.execchain.RedirectExec.execute(RedirectExec.java:108) ~[selenium-server-standalone-2.42.2.jar:na]
	at org.apache.http.impl.client.InternalHttpClient.doExecute(InternalHttpClient.java:186) ~[selenium-server-standalone-2.42.2.jar:na]
	at org.apache.http.impl.client.CloseableHttpClient.execute(CloseableHttpClient.java:72) ~[selenium-server-standalone-2.42.2.jar:na]
	at org.apache.http.impl.client.CloseableHttpClient.execute(CloseableHttpClient.java:57) ~[selenium-server-standalone-2.42.2.jar:na]
	at org.openqa.selenium.remote.HttpCommandExecutor.fallBackExecute(HttpCommandExecutor.java:222) ~[selenium-server-standalone-2.42.2.jar:na]
	at org.openqa.selenium.remote.HttpCommandExecutor.execute(HttpCommandExecutor.java:173) ~[selenium-server-standalone-2.42.2.jar:na]
	at org.openqa.selenium.firefox.internal.NewProfileExtensionConnection.execute(NewProfileExtensionConnection.java:165) ~[selenium-server-standalone-2.42.2.jar:na]
	at org.openqa.selenium.firefox.FirefoxDriver$LazyCommandExecutor.execute(FirefoxDriver.java:362) ~[selenium-server-standalone-2.42.2.jar:na]
	at org.openqa.selenium.remote.RemoteWebDriver.execute(RemoteWebDriver.java:572) ~[selenium-server-standalone-2.42.2.jar:na]
	... 11 common frames omitted
532813 [Thread-0] ERROR m.Driver.MyWebDriverEventListener - ________________________________________________________________________________________________________________
532814 [Thread-0] WARN  main.Driver.WebDriverFactory - Driver killing error
org.openqa.selenium.remote.SessionNotFoundException: The FirefoxDriver cannot be used after quit() was called.
Build info: version: '2.42.2', revision: '6a6995d', time: '2014-06-03 17:42:03'
System info: host: 'alexandra-System-Product-Name', ip: '127.0.1.1', os.name: 'Linux', os.arch: 'amd64', os.version: '3.2.0-23-generic', java.version: '1.7.0_60'
Driver info: driver.version: EventFiringWebDriver
	at org.openqa.selenium.firefox.FirefoxDriver$LazyCommandExecutor.execute(FirefoxDriver.java:359) ~[selenium-server-standalone-2.42.2.jar:na]
	at org.openqa.selenium.remote.RemoteWebDriver.execute(RemoteWebDriver.java:572) ~[selenium-server-standalone-2.42.2.jar:na]
	at org.openqa.selenium.remote.RemoteWebDriver.executeScript(RemoteWebDriver.java:508) ~[selenium-server-standalone-2.42.2.jar:na]
	at main.Driver.MyWebDriverEventListener.onException(MyWebDriverEventListener.java:65) ~[classes/:na]
	at sun.reflect.NativeMethodAccessorImpl.invoke0(Native Method) ~[na:1.7.0_60]
	at sun.reflect.NativeMethodAccessorImpl.invoke(NativeMethodAccessorImpl.java:57) ~[na:1.7.0_60]
	at sun.reflect.DelegatingMethodAccessorImpl.invoke(DelegatingMethodAccessorImpl.java:43) ~[na:1.7.0_60]
	at java.lang.reflect.Method.invoke(Method.java:606) ~[na:1.7.0_60]
	at org.openqa.selenium.support.events.EventFiringWebDriver$1.invoke(EventFiringWebDriver.java:78) ~[selenium-server-standalone-2.42.2.jar:na]
	at com.sun.proxy.$Proxy9.onException(Unknown Source) ~[na:na]
	at org.openqa.selenium.support.events.EventFiringWebDriver$2.invoke(EventFiringWebDriver.java:103) ~[selenium-server-standalone-2.42.2.jar:na]
	at com.sun.proxy.$Proxy10.quit(Unknown Source) ~[na:na]
	at org.openqa.selenium.support.events.EventFiringWebDriver.quit(EventFiringWebDriver.java:198) ~[selenium-server-standalone-2.42.2.jar:na]
	at main.Driver.WebDriverFactory.dismissDriver(WebDriverFactory.java:98) ~[classes/:na]
	at main.Driver.WebDriverFactory$1.run(WebDriverFactory.java:164) [classes/:na]
367  [main] INFO  test.java.LogTest - ______________________________________class test.java.LogTest______________________________________
377  [main] DEBUG main.Driver.WebDriverFactory - Requested driver: Capabilities [{browserName=firefox}]:null. Driver uses count = 1
3711 [main] INFO  m.Driver.MyWebDriverEventListener - WebDriver navigating to:'https://testun.com.ua/sys/sys/test_cookie_key'
4506 [main] INFO  m.Driver.MyWebDriverEventListener - WebDriver navigating to:'https://testun.com.ua/'
7026 [main] DEBUG m.Driver.MyWebDriverEventListener - Webdriver will click on element tag:a |id:  |text: ('English')
9251 [main] DEBUG m.Driver.MyWebDriverEventListener - hope Webdriver clicked on element tag:a |id:  |text: ('English')
9358 [main] INFO  test.java.LogTest - ------------------------waitForPageLoaded true
9426 [main] DEBUG m.Driver.MyWebDriverEventListener - Webdriver will click on element tag:a |id:  |text: ('Русский')
9651 [main] DEBUG m.Driver.MyWebDriverEventListener - hope Webdriver clicked on element tag:a |id:  |text: ('Русский')
10091 [main] ERROR m.Driver.MyWebDriverEventListener - ________________________________________________________________________________________________________________
10097 [main] ERROR m.Driver.MyWebDriverEventListener - WebDriver error:
org.openqa.selenium.WebDriverException: window.jQuery is undefined
Command duration or timeout: 438 milliseconds
Build info: version: '2.42.2', revision: '6a6995d', time: '2014-06-03 17:42:03'
System info: host: 'alexandra-System-Product-Name', ip: '127.0.1.1', os.name: 'Linux', os.arch: 'amd64', os.version: '3.2.0-23-generic', java.version: '1.7.0_60'
Session ID: b958244f-ca0b-44f1-97c1-caf83ae9d65c
Driver info: org.openqa.selenium.firefox.FirefoxDriver
Capabilities [{platform=LINUX, acceptSslCerts=true, javascriptEnabled=true, cssSelectorsEnabled=true, databaseEnabled=true, browserName=firefox, handlesAlerts=true, browserConnectionEnabled=true, webStorageEnabled=true, nativeEvents=true, rotatable=false, locationContextEnabled=true, applicationCacheEnabled=true, takesScreenshot=true, version=29.0}]
	at sun.reflect.NativeConstructorAccessorImpl.newInstance0(Native Method) ~[na:1.7.0_60]
	at sun.reflect.NativeConstructorAccessorImpl.newInstance(NativeConstructorAccessorImpl.java:57) ~[na:1.7.0_60]
	at sun.reflect.DelegatingConstructorAccessorImpl.newInstance(DelegatingConstructorAccessorImpl.java:45) ~[na:1.7.0_60]
	at java.lang.reflect.Constructor.newInstance(Constructor.java:526) ~[na:1.7.0_60]
	at org.openqa.selenium.remote.ErrorHandler.createThrowable(ErrorHandler.java:204) ~[selenium-server-standalone-2.42.2.jar:na]
	at org.openqa.selenium.remote.ErrorHandler.throwIfResponseFailed(ErrorHandler.java:156) ~[selenium-server-standalone-2.42.2.jar:na]
	at org.openqa.selenium.remote.RemoteWebDriver.execute(RemoteWebDriver.java:599) ~[selenium-server-standalone-2.42.2.jar:na]
	at org.openqa.selenium.remote.RemoteWebDriver.executeScript(RemoteWebDriver.java:508) ~[selenium-server-standalone-2.42.2.jar:na]
	at sun.reflect.NativeMethodAccessorImpl.invoke0(Native Method) ~[na:1.7.0_60]
	at sun.reflect.NativeMethodAccessorImpl.invoke(NativeMethodAccessorImpl.java:57) ~[na:1.7.0_60]
	at sun.reflect.DelegatingMethodAccessorImpl.invoke(DelegatingMethodAccessorImpl.java:43) ~[na:1.7.0_60]
	at java.lang.reflect.Method.invoke(Method.java:606) ~[na:1.7.0_60]
	at org.openqa.selenium.support.events.EventFiringWebDriver$2.invoke(EventFiringWebDriver.java:101) ~[selenium-server-standalone-2.42.2.jar:na]
	at com.sun.proxy.$Proxy10.executeScript(Unknown Source) ~[na:na]
	at org.openqa.selenium.support.events.EventFiringWebDriver.executeScript(EventFiringWebDriver.java:213) ~[selenium-server-standalone-2.42.2.jar:na]
	at main.pages.BaseClass$1.apply(BaseClass.java:98) ~[classes/:na]
	at main.pages.BaseClass$1.apply(BaseClass.java:1) ~[classes/:na]
	at org.openqa.selenium.support.ui.FluentWait.until(FluentWait.java:208) [selenium-server-standalone-2.42.2.jar:na]
	at main.pages.BaseClass.waitForPageLoaded(BaseClass.java:104) [classes/:na]
	at main.pages.BaseClass.selectLang(BaseClass.java:119) [classes/:na]
	at test.java.LogTest.setup(LogTest.java:49) [classes/:na]
	at sun.reflect.NativeMethodAccessorImpl.invoke0(Native Method) ~[na:1.7.0_60]
	at sun.reflect.NativeMethodAccessorImpl.invoke(NativeMethodAccessorImpl.java:57) ~[na:1.7.0_60]
	at sun.reflect.DelegatingMethodAccessorImpl.invoke(DelegatingMethodAccessorImpl.java:43) ~[na:1.7.0_60]
	at java.lang.reflect.Method.invoke(Method.java:606) ~[na:1.7.0_60]
	at org.testng.internal.MethodInvocationHelper.invokeMethod(MethodInvocationHelper.java:80) [testng.jar:6.9beta-201211201815]
	at org.testng.internal.Invoker.invokeConfigurationMethod(Invoker.java:564) [testng.jar:6.9beta-201211201815]
	at org.testng.internal.Invoker.invokeConfigurations(Invoker.java:213) [testng.jar:6.9beta-201211201815]
	at org.testng.internal.Invoker.invokeMethod(Invoker.java:653) [testng.jar:6.9beta-201211201815]
	at org.testng.internal.Invoker.invokeTestMethod(Invoker.java:901) [testng.jar:6.9beta-201211201815]
	at org.testng.internal.Invoker.invokeTestMethods(Invoker.java:1231) [testng.jar:6.9beta-201211201815]
	at org.testng.internal.TestMethodWorker.invokeTestMethods(TestMethodWorker.java:128) [testng.jar:6.9beta-201211201815]
	at org.testng.internal.TestMethodWorker.run(TestMethodWorker.java:111) [testng.jar:6.9beta-201211201815]
	at org.testng.TestRunner.privateRun(TestRunner.java:767) [testng.jar:6.9beta-201211201815]
	at org.testng.TestRunner.run(TestRunner.java:617) [testng.jar:6.9beta-201211201815]
	at org.testng.SuiteRunner.runTest(SuiteRunner.java:334) [testng.jar:6.9beta-201211201815]
	at org.testng.SuiteRunner.runSequentially(SuiteRunner.java:329) [testng.jar:6.9beta-201211201815]
	at org.testng.SuiteRunner.privateRun(SuiteRunner.java:291) [testng.jar:6.9beta-201211201815]
	at org.testng.SuiteRunner.run(SuiteRunner.java:240) [testng.jar:6.9beta-201211201815]
	at org.testng.SuiteRunnerWorker.runSuite(SuiteRunnerWorker.java:52) [testng.jar:6.9beta-201211201815]
	at org.testng.SuiteRunnerWorker.run(SuiteRunnerWorker.java:86) [testng.jar:6.9beta-201211201815]
	at org.testng.TestNG.runSuitesSequentially(TestNG.java:1203) [testng.jar:6.9beta-201211201815]
	at org.testng.TestNG.runSuitesLocally(TestNG.java:1128) [testng.jar:6.9beta-201211201815]
	at org.testng.TestNG.run(TestNG.java:1036) [testng.jar:6.9beta-201211201815]
	at org.testng.remote.RemoteTestNG.run(RemoteTestNG.java:111) [testng.jar:6.9beta-201211201815]
	at org.testng.remote.RemoteTestNG.initAndRun(RemoteTestNG.java:204) [testng.jar:6.9beta-201211201815]
	at org.testng.remote.RemoteTestNG.main(RemoteTestNG.java:175) [testng.jar:6.9beta-201211201815]
org.openqa.selenium.remote.ErrorHandler$UnknownServerException: window.jQuery is undefined
Build info: version: '2.42.2', revision: '6a6995d', time: '2014-06-03 17:42:03'
System info: host: 'alexandra-System-Product-Name', ip: '127.0.1.1', os.name: 'Linux', os.arch: 'amd64', os.version: '3.2.0-23-generic', java.version: '1.7.0_60'
Driver info: driver.version: unknown
	at <anonymous class>.anonymous(https://testun.com.ua/:68) ~[na:na]
	at <anonymous class>.handleEvaluateEvent(https://testun.com.ua/:68) ~[na:na]
10099 [main] ERROR m.Driver.MyWebDriverEventListener - ________________________________________________________________________________________________________________
10253 [main] INFO  test.java.LogTest - window.JSErrorCollector_errors is undefined
Command duration or timeout: 153 milliseconds
Build info: version: '2.42.2', revision: '6a6995d', time: '2014-06-03 17:42:03'
System info: host: 'alexandra-System-Product-Name', ip: '127.0.1.1', os.name: 'Linux', os.arch: 'amd64', os.version: '3.2.0-23-generic', java.version: '1.7.0_60'
Session ID: b958244f-ca0b-44f1-97c1-caf83ae9d65c
Driver info: org.openqa.selenium.firefox.FirefoxDriver
Capabilities [{platform=LINUX, acceptSslCerts=true, javascriptEnabled=true, cssSelectorsEnabled=true, databaseEnabled=true, browserName=firefox, handlesAlerts=true, browserConnectionEnabled=true, webStorageEnabled=true, nativeEvents=true, rotatable=false, locationContextEnabled=true, applicationCacheEnabled=true, takesScreenshot=true, version=29.0}]
10271 [main] INFO  test.java.LogTest - _______________________________Test = facebookValidLogin()_______________________________
10274 [main] INFO  m.Driver.MyWebDriverEventListener - WebDriver navigating to:'https://www.facebook.com/'
93057 [main] DEBUG m.Driver.MyWebDriverEventListener - WebDriver changing value in element found By.id: email from 'tag:input |id: email |text: ('')
94347 [main] DEBUG m.Driver.MyWebDriverEventListener - WebDriver changing value in element found By.id: email from 'tag:input |id: email |text: ('')
94416 [main] DEBUG m.Driver.MyWebDriverEventListener - WebDriver changing value in element found By.id: pass from 'tag:input |id: pass |text: ('')
94841 [main] DEBUG m.Driver.MyWebDriverEventListener - WebDriver changing value in element found By.id: pass from 'tag:input |id: pass |text: ('')
94926 [main] DEBUG m.Driver.MyWebDriverEventListener - Webdriver will click on element tag:input |id: u_0_n |text: ('')
95424 [main] DEBUG m.Driver.MyWebDriverEventListener - hope Webdriver clicked on element tag:input |id: u_0_n |text: ('')
96424 [main] INFO  m.Driver.MyWebDriverEventListener - WebDriver navigating to:'https://testun.com.ua/'
97268 [main] DEBUG m.Driver.MyWebDriverEventListener - Webdriver will click on element tag:a |id: js_header_signin |text: ('Войти')
97657 [main] DEBUG m.Driver.MyWebDriverEventListener - hope Webdriver clicked on element tag:a |id: js_header_signin |text: ('Войти')
97672 [main] INFO  test.java.LogTest - ------------------------waitForPageLoaded true
97834 [main] DEBUG m.Driver.MyWebDriverEventListener - Webdriver will click on element tag:a |id:  |text: ('Вход через Facebook')
98989 [main] DEBUG m.Driver.MyWebDriverEventListener - hope Webdriver clicked on element tag:a |id:  |text: ('Вход через Facebook')
100512 [main] INFO  test.java.LogTest - ------------------------waitForPageLoaded true
102204 [main] DEBUG m.Driver.MyWebDriverEventListener - Webdriver will click on element tag:a |id: logout |text: ('Выйти')
102696 [main] DEBUG m.Driver.MyWebDriverEventListener - hope Webdriver clicked on element tag:a |id: logout |text: ('Выйти')
103614 [main] INFO  test.java.LogTest - ------------------------waitForPageLoaded true
103625 [main] INFO  m.Driver.MyWebDriverEventListener - WebDriver navigating to:'https://www.facebook.com/'
137952 [main] INFO  test.java.LogTest - >>>>>>>>>>@AfterMethod<<<<<<<<<
137977 [main] ERROR test.java.LogTest - ----------------------------------------------------------------------js error----------------------------------------------------------------------
137977 [main] ERROR test.java.LogTest - javascript error 1.ReferenceError: require is not defined [https://www.facebook.com/:10]
137977 [main] ERROR test.java.LogTest - ----------------------------------------------------------------------js error----------------------------------------------------------------------
137977 [main] ERROR test.java.LogTest - ----------------------------------------------------------------------js error----------------------------------------------------------------------
137977 [main] ERROR test.java.LogTest - javascript error 2.ReferenceError: requireLazy is not defined [https://www.facebook.com/:11]
137977 [main] ERROR test.java.LogTest - ----------------------------------------------------------------------js error----------------------------------------------------------------------
137977 [main] ERROR test.java.LogTest - ----------------------------------------------------------------------js error----------------------------------------------------------------------
137977 [main] ERROR test.java.LogTest - javascript error 3.ReferenceError: requireLazy is not defined [https://www.facebook.com/:12]
137977 [main] ERROR test.java.LogTest - ----------------------------------------------------------------------js error----------------------------------------------------------------------
137977 [main] ERROR test.java.LogTest - ----------------------------------------------------------------------js error----------------------------------------------------------------------
137977 [main] ERROR test.java.LogTest - javascript error 4.ReferenceError: requireLazy is not defined [https://www.facebook.com/:14]
137977 [main] ERROR test.java.LogTest - ----------------------------------------------------------------------js error----------------------------------------------------------------------
137977 [main] ERROR test.java.LogTest - ----------------------------------------------------------------------js error----------------------------------------------------------------------
137977 [main] ERROR test.java.LogTest - javascript error 5.ReferenceError: require is not defined [https://www.facebook.com/:22]
137977 [main] ERROR test.java.LogTest - ----------------------------------------------------------------------js error----------------------------------------------------------------------
137977 [main] ERROR test.java.LogTest - ----------------------------------------------------------------------js error----------------------------------------------------------------------
137977 [main] ERROR test.java.LogTest - javascript error 6.TypeError: bigPipe is undefined [https://www.facebook.com/:23]
137978 [main] ERROR test.java.LogTest - ----------------------------------------------------------------------js error----------------------------------------------------------------------
137978 [main] ERROR test.java.LogTest - ----------------------------------------------------------------------js error----------------------------------------------------------------------
137978 [main] ERROR test.java.LogTest - javascript error 7.TypeError: bigPipe is undefined [https://www.facebook.com/:23]
137978 [main] ERROR test.java.LogTest - ----------------------------------------------------------------------js error----------------------------------------------------------------------
138050 [Thread-0] DEBUG main.Driver.WebDriverFactory - Killing driver 
