261  [main] INFO  test.java.LogTest - >>>>>>>>>>>>>>>>>>>>>>>>>>>>>>>>>>>>>class test.java.SettingTest<<<<<<<<<<<<<<<<<<<<<<<<<<<<<<<<<<<<<<<
268  [main] DEBUG main.Driver.WebDriverFactory - Requested driver: Capabilities [{platform=ANY, browserName=firefox, version=}]:null
5012 [main] INFO  m.Driver.MyWebDriverEventListener - WebDriver navigating to:'https://plush.com.ua/'
7892 [main] INFO  test.java.LogTest - >>>>>>>>>>@AfterMethod<<<<<<<<<
7964 [Thread-0] DEBUG main.Driver.WebDriverFactory - Killing driver 
260  [main] INFO  test.java.LogTest - >>>>>>>>>>>>>>>>>>>>>>>>>>>>>>>>>>>>>class test.java.SettingTest<<<<<<<<<<<<<<<<<<<<<<<<<<<<<<<<<<<<<<<
267  [main] DEBUG main.Driver.WebDriverFactory - Requested driver: Capabilities [{platform=ANY, browserName=firefox, version=}]:null
3224 [main] INFO  m.Driver.MyWebDriverEventListener - WebDriver navigating to:'https://plush.com.ua/'
5496 [main] DEBUG m.Driver.MyWebDriverEventListener - Webdriver will click on element tag:li id:  ('English▼')
5592 [main] DEBUG m.Driver.MyWebDriverEventListener - Webdriver clicked on element tag:li id:  ('English')
5653 [main] ERROR m.Driver.MyWebDriverEventListener - WebDriver error: Element not found By.id: 
6165 [main] ERROR m.Driver.MyWebDriverEventListener - WebDriver error: Element not found By.id: 
6677 [main] ERROR m.Driver.MyWebDriverEventListener - WebDriver error: Element not found By.id: 
7188 [main] ERROR m.Driver.MyWebDriverEventListener - WebDriver error: Element not found By.id: 
7698 [main] ERROR m.Driver.MyWebDriverEventListener - WebDriver error: Element not found By.id: 
8209 [main] ERROR m.Driver.MyWebDriverEventListener - WebDriver error: Element not found By.id: 
8718 [main] ERROR m.Driver.MyWebDriverEventListener - WebDriver error: Element not found By.id: 
9229 [main] ERROR m.Driver.MyWebDriverEventListener - WebDriver error: Element not found By.id: 
9735 [main] ERROR m.Driver.MyWebDriverEventListener - WebDriver error: Element not found By.id: 
10246 [main] ERROR m.Driver.MyWebDriverEventListener - WebDriver error: Element not found By.id: 
10755 [main] ERROR m.Driver.MyWebDriverEventListener - WebDriver error: Element not found By.id: 
11264 [main] ERROR m.Driver.MyWebDriverEventListener - WebDriver error: Element not found By.id: 
11772 [main] ERROR m.Driver.MyWebDriverEventListener - WebDriver error: Element not found By.id: 
12282 [main] ERROR m.Driver.MyWebDriverEventListener - WebDriver error: Element not found By.id: 
12793 [main] ERROR m.Driver.MyWebDriverEventListener - WebDriver error: Element not found By.id: 
13417 [main] ERROR m.Driver.MyWebDriverEventListener - WebDriver error: Element not found By.id: 
13927 [main] ERROR m.Driver.MyWebDriverEventListener - WebDriver error: Element not found By.id: 
14435 [main] ERROR m.Driver.MyWebDriverEventListener - WebDriver error: Element not found By.id: 
14944 [main] ERROR m.Driver.MyWebDriverEventListener - WebDriver error: Element not found By.id: 
15453 [main] ERROR m.Driver.MyWebDriverEventListener - WebDriver error: Element not found By.id: 
15962 [main] ERROR m.Driver.MyWebDriverEventListener - WebDriver error: Element not found By.id: 
16471 [main] ERROR m.Driver.MyWebDriverEventListener - WebDriver error: Element not found By.id: 
16982 [main] ERROR m.Driver.MyWebDriverEventListener - WebDriver error: Element not found By.id: 
17491 [main] ERROR m.Driver.MyWebDriverEventListener - WebDriver error: Element not found By.id: 
18005 [main] ERROR m.Driver.MyWebDriverEventListener - WebDriver error: Element not found By.id: 
18514 [main] ERROR m.Driver.MyWebDriverEventListener - WebDriver error: Element not found By.id: 
19024 [main] ERROR m.Driver.MyWebDriverEventListener - WebDriver error: Element not found By.id: 
19533 [main] ERROR m.Driver.MyWebDriverEventListener - WebDriver error: Element not found By.id: 
20042 [main] ERROR m.Driver.MyWebDriverEventListener - WebDriver error: Element not found By.id: 
20550 [main] ERROR m.Driver.MyWebDriverEventListener - WebDriver error: Element not found By.id: 
21061 [main] ERROR m.Driver.MyWebDriverEventListener - WebDriver error: Element not found By.id: 
21571 [main] ERROR m.Driver.MyWebDriverEventListener - WebDriver error: Element not found By.id: 
22080 [main] ERROR m.Driver.MyWebDriverEventListener - WebDriver error: Element not found By.id: 
22589 [main] ERROR m.Driver.MyWebDriverEventListener - WebDriver error: Element not found By.id: 
23098 [main] ERROR m.Driver.MyWebDriverEventListener - WebDriver error: Element not found By.id: 
23607 [main] ERROR m.Driver.MyWebDriverEventListener - WebDriver error: Element not found By.id: 
24116 [main] ERROR m.Driver.MyWebDriverEventListener - WebDriver error: Element not found By.id: 
24630 [main] ERROR m.Driver.MyWebDriverEventListener - WebDriver error: Element not found By.id: 
25138 [main] ERROR m.Driver.MyWebDriverEventListener - WebDriver error: Element not found By.id: 
25647 [main] ERROR m.Driver.MyWebDriverEventListener - WebDriver error: Element not found By.id: 
25659 [main] INFO  test.java.LogTest - >>>>>>>>>>@AfterMethod<<<<<<<<<
25718 [Thread-0] DEBUG main.Driver.WebDriverFactory - Killing driver 
258  [main] INFO  test.java.LogTest - >>>>>>>>>>>>>>>>>>>>>>>>>>>>>>>>>>>>>class test.java.RegisterTest<<<<<<<<<<<<<<<<<<<<<<<<<<<<<<<<<<<<<<<
149585 [main] DEBUG main.Driver.WebDriverFactory - Requested driver: Capabilities [{firefox_profile=org.openqa.selenium.firefox.FirefoxProfile@74e93fd8, browserName=firefox, proxy=org.openqa.selenium.Proxy@7d5eb9de}]:null
158411 [main] INFO  m.Driver.MyWebDriverEventListener - WebDriver navigating to:'https://plush.com.ua/'
161003 [main] DEBUG m.Driver.MyWebDriverEventListener - Webdriver will click on element tag:li id:  ('Русский▼')
161099 [main] DEBUG m.Driver.MyWebDriverEventListener - Webdriver clicked on element tag:li id:  ('Русский')
161123 [main] ERROR m.Driver.MyWebDriverEventListener - WebDriver error: Element not found By.id: 
161634 [main] ERROR m.Driver.MyWebDriverEventListener - WebDriver error: Element not found By.id: 
162144 [main] ERROR m.Driver.MyWebDriverEventListener - WebDriver error: Element not found By.id: 
162655 [main] ERROR m.Driver.MyWebDriverEventListener - WebDriver error: Element not found By.id: 
163165 [main] ERROR m.Driver.MyWebDriverEventListener - WebDriver error: Element not found By.id: 
163678 [main] ERROR m.Driver.MyWebDriverEventListener - WebDriver error: Element not found By.id: 
164189 [main] ERROR m.Driver.MyWebDriverEventListener - WebDriver error: Element not found By.id: 
164702 [main] ERROR m.Driver.MyWebDriverEventListener - WebDriver error: Element not found By.id: 
165212 [main] ERROR m.Driver.MyWebDriverEventListener - WebDriver error: Element not found By.id: 
165721 [main] ERROR m.Driver.MyWebDriverEventListener - WebDriver error: Element not found By.id: 
166230 [main] ERROR m.Driver.MyWebDriverEventListener - WebDriver error: Element not found By.id: 
166793 [main] ERROR m.Driver.MyWebDriverEventListener - WebDriver error:
org.openqa.selenium.NoSuchWindowException: Window not found. The browser window may have been closed.
Command duration or timeout: 57 milliseconds
Build info: version: '2.31.0', revision: '1bd294d', time: '2013-02-27 20:52:59'
System info: os.name: 'Linux', os.arch: 'amd64', os.version: '3.2.0-23-generic', java.version: '1.7.0_17'
Session ID: 01779531-b299-4ea2-83b1-8bdd441aac3d
Driver info: org.openqa.selenium.firefox.FirefoxDriver
Capabilities [{platform=LINUX, databaseEnabled=true, cssSelectorsEnabled=true, javascriptEnabled=true, acceptSslCerts=true, handlesAlerts=true, browserName=firefox, browserConnectionEnabled=true, nativeEvents=false, webStorageEnabled=true, rotatable=false, locationContextEnabled=true, applicationCacheEnabled=true, takesScreenshot=true, version=19.0.2}]
	at sun.reflect.NativeConstructorAccessorImpl.newInstance0(Native Method) ~[na:1.7.0_17]
	at sun.reflect.NativeConstructorAccessorImpl.newInstance(NativeConstructorAccessorImpl.java:57) ~[na:1.7.0_17]
	at sun.reflect.DelegatingConstructorAccessorImpl.newInstance(DelegatingConstructorAccessorImpl.java:45) ~[na:1.7.0_17]
	at java.lang.reflect.Constructor.newInstance(Constructor.java:525) ~[na:1.7.0_17]
	at org.openqa.selenium.remote.ErrorHandler.createThrowable(ErrorHandler.java:187) ~[selenium-server-standalone-2.31.0.jar:na]
	at org.openqa.selenium.remote.ErrorHandler.throwIfResponseFailed(ErrorHandler.java:145) ~[selenium-server-standalone-2.31.0.jar:na]
	at org.openqa.selenium.remote.RemoteWebDriver.execute(RemoteWebDriver.java:554) ~[selenium-server-standalone-2.31.0.jar:na]
	at org.openqa.selenium.remote.RemoteWebDriver.findElement(RemoteWebDriver.java:307) ~[selenium-server-standalone-2.31.0.jar:na]
	at org.openqa.selenium.remote.RemoteWebDriver.findElementById(RemoteWebDriver.java:348) ~[selenium-server-standalone-2.31.0.jar:na]
	at org.openqa.selenium.By$ById.findElement(By.java:216) ~[selenium-server-standalone-2.31.0.jar:na]
	at org.openqa.selenium.remote.RemoteWebDriver.findElement(RemoteWebDriver.java:299) ~[selenium-server-standalone-2.31.0.jar:na]
	at sun.reflect.NativeMethodAccessorImpl.invoke0(Native Method) ~[na:1.7.0_17]
	at sun.reflect.NativeMethodAccessorImpl.invoke(NativeMethodAccessorImpl.java:57) ~[na:1.7.0_17]
	at sun.reflect.DelegatingMethodAccessorImpl.invoke(DelegatingMethodAccessorImpl.java:43) ~[na:1.7.0_17]
	at java.lang.reflect.Method.invoke(Method.java:601) ~[na:1.7.0_17]
	at org.openqa.selenium.support.events.EventFiringWebDriver$2.invoke(EventFiringWebDriver.java:101) ~[selenium-server-standalone-2.31.0.jar:na]
	at com.sun.proxy.$Proxy7.findElement(Unknown Source) ~[na:na]
	at org.openqa.selenium.support.events.EventFiringWebDriver.findElement(EventFiringWebDriver.java:180) ~[selenium-server-standalone-2.31.0.jar:na]
	at org.openqa.selenium.support.ui.ExpectedConditions.findElement(ExpectedConditions.java:523) ~[selenium-server-standalone-2.31.0.jar:na]
	at org.openqa.selenium.support.ui.ExpectedConditions.access$0(ExpectedConditions.java:521) ~[selenium-server-standalone-2.31.0.jar:na]
	at org.openqa.selenium.support.ui.ExpectedConditions$3.apply(ExpectedConditions.java:106) [selenium-server-standalone-2.31.0.jar:na]
	at org.openqa.selenium.support.ui.ExpectedConditions$3.apply(ExpectedConditions.java:1) [selenium-server-standalone-2.31.0.jar:na]
	at org.openqa.selenium.support.ui.FluentWait.until(FluentWait.java:208) [selenium-server-standalone-2.31.0.jar:na]
	at main.pages.HomePage.selectLang(HomePage.java:119) [classes/:na]
	at test.java.RegisterTest.setup(RegisterTest.java:47) [classes/:na]
	at sun.reflect.NativeMethodAccessorImpl.invoke0(Native Method) ~[na:1.7.0_17]
	at sun.reflect.NativeMethodAccessorImpl.invoke(NativeMethodAccessorImpl.java:57) ~[na:1.7.0_17]
	at sun.reflect.DelegatingMethodAccessorImpl.invoke(DelegatingMethodAccessorImpl.java:43) ~[na:1.7.0_17]
	at java.lang.reflect.Method.invoke(Method.java:601) ~[na:1.7.0_17]
	at org.testng.internal.MethodInvocationHelper.invokeMethod(MethodInvocationHelper.java:80) [testng.jar:6.9beta-201211201815]
	at org.testng.internal.Invoker.invokeConfigurationMethod(Invoker.java:564) [testng.jar:6.9beta-201211201815]
	at org.testng.internal.Invoker.invokeConfigurations(Invoker.java:213) [testng.jar:6.9beta-201211201815]
	at org.testng.internal.Invoker.invokeConfigurations(Invoker.java:138) [testng.jar:6.9beta-201211201815]
	at org.testng.internal.TestMethodWorker.invokeBeforeClassMethods(TestMethodWorker.java:175) [testng.jar:6.9beta-201211201815]
	at org.testng.internal.TestMethodWorker.run(TestMethodWorker.java:107) [testng.jar:6.9beta-201211201815]
	at org.testng.TestRunner.privateRun(TestRunner.java:767) [testng.jar:6.9beta-201211201815]
	at org.testng.TestRunner.run(TestRunner.java:617) [testng.jar:6.9beta-201211201815]
	at org.testng.SuiteRunner.runTest(SuiteRunner.java:334) [testng.jar:6.9beta-201211201815]
	at org.testng.SuiteRunner.runSequentially(SuiteRunner.java:329) [testng.jar:6.9beta-201211201815]
	at org.testng.SuiteRunner.privateRun(SuiteRunner.java:291) [testng.jar:6.9beta-201211201815]
	at org.testng.SuiteRunner.run(SuiteRunner.java:240) [testng.jar:6.9beta-201211201815]
	at org.testng.SuiteRunnerWorker.runSuite(SuiteRunnerWorker.java:52) [testng.jar:6.9beta-201211201815]
	at org.testng.SuiteRunnerWorker.run(SuiteRunnerWorker.java:86) [testng.jar:6.9beta-201211201815]
	at org.testng.TestNG.runSuitesSequentially(TestNG.java:1203) [testng.jar:6.9beta-201211201815]
	at org.testng.TestNG.runSuitesLocally(TestNG.java:1128) [testng.jar:6.9beta-201211201815]
	at org.testng.TestNG.run(TestNG.java:1036) [testng.jar:6.9beta-201211201815]
	at org.testng.remote.RemoteTestNG.run(RemoteTestNG.java:111) [testng.jar:6.9beta-201211201815]
	at org.testng.remote.RemoteTestNG.initAndRun(RemoteTestNG.java:204) [testng.jar:6.9beta-201211201815]
	at org.testng.remote.RemoteTestNG.main(RemoteTestNG.java:175) [testng.jar:6.9beta-201211201815]
org.openqa.selenium.remote.ErrorHandler$UnknownServerException: Window not found. The browser window may have been closed.
Build info: version: '2.31.0', revision: '1bd294d', time: '2013-02-27 20:52:59'
System info: os.name: 'Linux', os.arch: 'amd64', os.version: '3.2.0-23-generic', java.version: '1.7.0_17'
Driver info: driver.version: unknown
	at <anonymous class>.nsCommandProcessor.prototype.execute(file:///tmp/anonymous3853639060555399041webdriver-profile/extensions/fxdriver@googlecode.com/components/command_processor.js:10342) ~[na:na]
	at <anonymous class>.Dispatcher.executeAs/<(file:///tmp/anonymous3853639060555399041webdriver-profile/extensions/fxdriver@googlecode.com/components/driver_component.js:7358) ~[na:na]
	at <anonymous class>.Resource.prototype.handle(file:///tmp/anonymous3853639060555399041webdriver-profile/extensions/fxdriver@googlecode.com/components/driver_component.js:7516) ~[na:na]
	at <anonymous class>.Dispatcher.prototype.dispatch(file:///tmp/anonymous3853639060555399041webdriver-profile/extensions/fxdriver@googlecode.com/components/driver_component.js:7463) ~[na:na]
	at <anonymous class>.WebDriverServer/<.handle(file:///tmp/anonymous3853639060555399041webdriver-profile/extensions/fxdriver@googlecode.com/components/driver_component.js:10152) ~[na:na]
	at <anonymous class>.<anonymous method>(file:///tmp/anonymous3853639060555399041webdriver-profile/extensions/fxdriver@googlecode.com/components/httpd.js:1935) ~[na:na]
	at <anonymous class>.ServerHandler.prototype.handleResponse(file:///tmp/anonymous3853639060555399041webdriver-profile/extensions/fxdriver@googlecode.com/components/httpd.js:2261) ~[na:na]
	at <anonymous class>.Connection.prototype.process(file:///tmp/anonymous3853639060555399041webdriver-profile/extensions/fxdriver@googlecode.com/components/httpd.js:1168) ~[na:na]
	at <anonymous class>.RequestReader.prototype._handleResponse(file:///tmp/anonymous3853639060555399041webdriver-profile/extensions/fxdriver@googlecode.com/components/httpd.js:1616) ~[na:na]
	at <anonymous class>.RequestReader.prototype._processBody(file:///tmp/anonymous3853639060555399041webdriver-profile/extensions/fxdriver@googlecode.com/components/httpd.js:1464) ~[na:na]
	at <anonymous class>.RequestReader.prototype.onInputStreamReady(file:///tmp/anonymous3853639060555399041webdriver-profile/extensions/fxdriver@googlecode.com/components/httpd.js:1333) ~[na:na]
167299 [main] ERROR m.Driver.MyWebDriverEventListener - WebDriver error:
org.openqa.selenium.remote.UnreachableBrowserException: Error communicating with the remote browser. It may have died.
Build info: version: '2.31.0', revision: '1bd294d', time: '2013-02-27 20:52:59'
System info: os.name: 'Linux', os.arch: 'amd64', os.version: '3.2.0-23-generic', java.version: '1.7.0_17'
Driver info: driver.version: EventFiringWebDriver
	at org.openqa.selenium.remote.RemoteWebDriver.execute(RemoteWebDriver.java:548) ~[selenium-server-standalone-2.31.0.jar:na]
	at org.openqa.selenium.remote.RemoteWebDriver.findElement(RemoteWebDriver.java:307) ~[selenium-server-standalone-2.31.0.jar:na]
	at org.openqa.selenium.remote.RemoteWebDriver.findElementById(RemoteWebDriver.java:348) ~[selenium-server-standalone-2.31.0.jar:na]
	at org.openqa.selenium.By$ById.findElement(By.java:216) ~[selenium-server-standalone-2.31.0.jar:na]
	at org.openqa.selenium.remote.RemoteWebDriver.findElement(RemoteWebDriver.java:299) ~[selenium-server-standalone-2.31.0.jar:na]
	at sun.reflect.NativeMethodAccessorImpl.invoke0(Native Method) ~[na:1.7.0_17]
	at sun.reflect.NativeMethodAccessorImpl.invoke(NativeMethodAccessorImpl.java:57) ~[na:1.7.0_17]
	at sun.reflect.DelegatingMethodAccessorImpl.invoke(DelegatingMethodAccessorImpl.java:43) ~[na:1.7.0_17]
	at java.lang.reflect.Method.invoke(Method.java:601) ~[na:1.7.0_17]
	at org.openqa.selenium.support.events.EventFiringWebDriver$2.invoke(EventFiringWebDriver.java:101) ~[selenium-server-standalone-2.31.0.jar:na]
	at com.sun.proxy.$Proxy7.findElement(Unknown Source) ~[na:na]
	at org.openqa.selenium.support.events.EventFiringWebDriver.findElement(EventFiringWebDriver.java:180) ~[selenium-server-standalone-2.31.0.jar:na]
	at org.openqa.selenium.support.ui.ExpectedConditions.findElement(ExpectedConditions.java:523) ~[selenium-server-standalone-2.31.0.jar:na]
	at org.openqa.selenium.support.ui.ExpectedConditions.access$0(ExpectedConditions.java:521) ~[selenium-server-standalone-2.31.0.jar:na]
	at org.openqa.selenium.support.ui.ExpectedConditions$3.apply(ExpectedConditions.java:106) [selenium-server-standalone-2.31.0.jar:na]
	at org.openqa.selenium.support.ui.ExpectedConditions$3.apply(ExpectedConditions.java:1) [selenium-server-standalone-2.31.0.jar:na]
	at org.openqa.selenium.support.ui.FluentWait.until(FluentWait.java:208) [selenium-server-standalone-2.31.0.jar:na]
	at main.pages.HomePage.selectLang(HomePage.java:119) [classes/:na]
	at test.java.RegisterTest.setup(RegisterTest.java:47) [classes/:na]
	at sun.reflect.NativeMethodAccessorImpl.invoke0(Native Method) ~[na:1.7.0_17]
	at sun.reflect.NativeMethodAccessorImpl.invoke(NativeMethodAccessorImpl.java:57) ~[na:1.7.0_17]
	at sun.reflect.DelegatingMethodAccessorImpl.invoke(DelegatingMethodAccessorImpl.java:43) ~[na:1.7.0_17]
	at java.lang.reflect.Method.invoke(Method.java:601) ~[na:1.7.0_17]
	at org.testng.internal.MethodInvocationHelper.invokeMethod(MethodInvocationHelper.java:80) [testng.jar:6.9beta-201211201815]
	at org.testng.internal.Invoker.invokeConfigurationMethod(Invoker.java:564) [testng.jar:6.9beta-201211201815]
	at org.testng.internal.Invoker.invokeConfigurations(Invoker.java:213) [testng.jar:6.9beta-201211201815]
	at org.testng.internal.Invoker.invokeConfigurations(Invoker.java:138) [testng.jar:6.9beta-201211201815]
	at org.testng.internal.TestMethodWorker.invokeBeforeClassMethods(TestMethodWorker.java:175) [testng.jar:6.9beta-201211201815]
	at org.testng.internal.TestMethodWorker.run(TestMethodWorker.java:107) [testng.jar:6.9beta-201211201815]
	at org.testng.TestRunner.privateRun(TestRunner.java:767) [testng.jar:6.9beta-201211201815]
	at org.testng.TestRunner.run(TestRunner.java:617) [testng.jar:6.9beta-201211201815]
	at org.testng.SuiteRunner.runTest(SuiteRunner.java:334) [testng.jar:6.9beta-201211201815]
	at org.testng.SuiteRunner.runSequentially(SuiteRunner.java:329) [testng.jar:6.9beta-201211201815]
	at org.testng.SuiteRunner.privateRun(SuiteRunner.java:291) [testng.jar:6.9beta-201211201815]
	at org.testng.SuiteRunner.run(SuiteRunner.java:240) [testng.jar:6.9beta-201211201815]
	at org.testng.SuiteRunnerWorker.runSuite(SuiteRunnerWorker.java:52) [testng.jar:6.9beta-201211201815]
	at org.testng.SuiteRunnerWorker.run(SuiteRunnerWorker.java:86) [testng.jar:6.9beta-201211201815]
	at org.testng.TestNG.runSuitesSequentially(TestNG.java:1203) [testng.jar:6.9beta-201211201815]
	at org.testng.TestNG.runSuitesLocally(TestNG.java:1128) [testng.jar:6.9beta-201211201815]
	at org.testng.TestNG.run(TestNG.java:1036) [testng.jar:6.9beta-201211201815]
	at org.testng.remote.RemoteTestNG.run(RemoteTestNG.java:111) [testng.jar:6.9beta-201211201815]
	at org.testng.remote.RemoteTestNG.initAndRun(RemoteTestNG.java:204) [testng.jar:6.9beta-201211201815]
	at org.testng.remote.RemoteTestNG.main(RemoteTestNG.java:175) [testng.jar:6.9beta-201211201815]
Caused by: org.apache.http.conn.HttpHostConnectException: Connection to http://127.0.0.1:7055 refused
	at org.apache.http.impl.conn.DefaultClientConnectionOperator.openConnection(DefaultClientConnectionOperator.java:190) ~[selenium-server-standalone-2.31.0.jar:na]
	at org.apache.http.impl.conn.AbstractPoolEntry.open(AbstractPoolEntry.java:151) ~[selenium-server-standalone-2.31.0.jar:na]
	at org.apache.http.impl.conn.AbstractPooledConnAdapter.open(AbstractPooledConnAdapter.java:125) ~[selenium-server-standalone-2.31.0.jar:na]
	at org.apache.http.impl.client.DefaultRequestDirector.tryConnect(DefaultRequestDirector.java:640) ~[selenium-server-standalone-2.31.0.jar:na]
	at org.apache.http.impl.client.DefaultRequestDirector.execute(DefaultRequestDirector.java:479) ~[selenium-server-standalone-2.31.0.jar:na]
	at org.apache.http.impl.client.AbstractHttpClient.execute(AbstractHttpClient.java:906) ~[selenium-server-standalone-2.31.0.jar:na]
	at org.openqa.selenium.remote.HttpCommandExecutor.fallBackExecute(HttpCommandExecutor.java:316) ~[selenium-server-standalone-2.31.0.jar:na]
	at org.openqa.selenium.remote.HttpCommandExecutor.execute(HttpCommandExecutor.java:295) ~[selenium-server-standalone-2.31.0.jar:na]
	at org.openqa.selenium.firefox.internal.NewProfileExtensionConnection.execute(NewProfileExtensionConnection.java:133) ~[selenium-server-standalone-2.31.0.jar:na]
	at org.openqa.selenium.firefox.FirefoxDriver$LazyCommandExecutor.execute(FirefoxDriver.java:355) ~[selenium-server-standalone-2.31.0.jar:na]
	at org.openqa.selenium.remote.RemoteWebDriver.execute(RemoteWebDriver.java:527) ~[selenium-server-standalone-2.31.0.jar:na]
	... 42 common frames omitted
Caused by: java.net.ConnectException: Connection refused
	at java.net.PlainSocketImpl.socketConnect(Native Method) ~[na:1.7.0_17]
	at java.net.AbstractPlainSocketImpl.doConnect(AbstractPlainSocketImpl.java:339) ~[na:1.7.0_17]
	at java.net.AbstractPlainSocketImpl.connectToAddress(AbstractPlainSocketImpl.java:200) ~[na:1.7.0_17]
	at java.net.AbstractPlainSocketImpl.connect(AbstractPlainSocketImpl.java:182) ~[na:1.7.0_17]
	at java.net.SocksSocketImpl.connect(SocksSocketImpl.java:391) ~[na:1.7.0_17]
	at java.net.Socket.connect(Socket.java:579) ~[na:1.7.0_17]
	at org.apache.http.conn.scheme.PlainSocketFactory.connectSocket(PlainSocketFactory.java:127) ~[selenium-server-standalone-2.31.0.jar:na]
	at org.apache.http.impl.conn.DefaultClientConnectionOperator.openConnection(DefaultClientConnectionOperator.java:180) ~[selenium-server-standalone-2.31.0.jar:na]
	... 52 common frames omitted
167362 [Thread-2] DEBUG main.Driver.WebDriverFactory - Killing driver 
167747 [Thread-2] ERROR m.Driver.MyWebDriverEventListener - WebDriver error:
org.openqa.selenium.remote.UnreachableBrowserException: Error communicating with the remote browser. It may have died.
Build info: version: '2.31.0', revision: '1bd294d', time: '2013-02-27 20:52:59'
System info: os.name: 'Linux', os.arch: 'amd64', os.version: '3.2.0-23-generic', java.version: '1.7.0_17'
Driver info: driver.version: EventFiringWebDriver
	at org.openqa.selenium.remote.RemoteWebDriver.execute(RemoteWebDriver.java:548) ~[selenium-server-standalone-2.31.0.jar:na]
	at org.openqa.selenium.remote.RemoteWebDriver.execute(RemoteWebDriver.java:569) ~[selenium-server-standalone-2.31.0.jar:na]
	at org.openqa.selenium.remote.RemoteWebDriver.quit(RemoteWebDriver.java:423) ~[selenium-server-standalone-2.31.0.jar:na]
	at sun.reflect.NativeMethodAccessorImpl.invoke0(Native Method) ~[na:1.7.0_17]
	at sun.reflect.NativeMethodAccessorImpl.invoke(NativeMethodAccessorImpl.java:57) ~[na:1.7.0_17]
	at sun.reflect.DelegatingMethodAccessorImpl.invoke(DelegatingMethodAccessorImpl.java:43) ~[na:1.7.0_17]
	at java.lang.reflect.Method.invoke(Method.java:601) ~[na:1.7.0_17]
	at org.openqa.selenium.support.events.EventFiringWebDriver$2.invoke(EventFiringWebDriver.java:101) ~[selenium-server-standalone-2.31.0.jar:na]
	at com.sun.proxy.$Proxy7.quit(Unknown Source) ~[na:na]
	at org.openqa.selenium.support.events.EventFiringWebDriver.quit(EventFiringWebDriver.java:194) ~[selenium-server-standalone-2.31.0.jar:na]
	at main.Driver.WebDriverFactory.dismissDriver(WebDriverFactory.java:99) ~[classes/:na]
	at main.Driver.WebDriverFactory$1.run(WebDriverFactory.java:157) ~[classes/:na]
Caused by: org.apache.http.conn.HttpHostConnectException: Connection to http://127.0.0.1:7055 refused
	at org.apache.http.impl.conn.DefaultClientConnectionOperator.openConnection(DefaultClientConnectionOperator.java:190) ~[selenium-server-standalone-2.31.0.jar:na]
	at org.apache.http.impl.conn.AbstractPoolEntry.open(AbstractPoolEntry.java:151) ~[selenium-server-standalone-2.31.0.jar:na]
	at org.apache.http.impl.conn.AbstractPooledConnAdapter.open(AbstractPooledConnAdapter.java:125) ~[selenium-server-standalone-2.31.0.jar:na]
	at org.apache.http.impl.client.DefaultRequestDirector.tryConnect(DefaultRequestDirector.java:640) ~[selenium-server-standalone-2.31.0.jar:na]
	at org.apache.http.impl.client.DefaultRequestDirector.execute(DefaultRequestDirector.java:479) ~[selenium-server-standalone-2.31.0.jar:na]
	at org.apache.http.impl.client.AbstractHttpClient.execute(AbstractHttpClient.java:906) ~[selenium-server-standalone-2.31.0.jar:na]
	at org.openqa.selenium.remote.HttpCommandExecutor.fallBackExecute(HttpCommandExecutor.java:316) ~[selenium-server-standalone-2.31.0.jar:na]
	at org.openqa.selenium.remote.HttpCommandExecutor.execute(HttpCommandExecutor.java:295) ~[selenium-server-standalone-2.31.0.jar:na]
	at org.openqa.selenium.firefox.internal.NewProfileExtensionConnection.execute(NewProfileExtensionConnection.java:133) ~[selenium-server-standalone-2.31.0.jar:na]
	at org.openqa.selenium.firefox.FirefoxDriver$LazyCommandExecutor.execute(FirefoxDriver.java:355) ~[selenium-server-standalone-2.31.0.jar:na]
	at org.openqa.selenium.remote.RemoteWebDriver.execute(RemoteWebDriver.java:527) ~[selenium-server-standalone-2.31.0.jar:na]
	... 11 common frames omitted
Caused by: java.net.ConnectException: Connection refused
	at java.net.PlainSocketImpl.socketConnect(Native Method) ~[na:1.7.0_17]
	at java.net.AbstractPlainSocketImpl.doConnect(AbstractPlainSocketImpl.java:339) ~[na:1.7.0_17]
	at java.net.AbstractPlainSocketImpl.connectToAddress(AbstractPlainSocketImpl.java:200) ~[na:1.7.0_17]
	at java.net.AbstractPlainSocketImpl.connect(AbstractPlainSocketImpl.java:182) ~[na:1.7.0_17]
	at java.net.SocksSocketImpl.connect(SocksSocketImpl.java:391) ~[na:1.7.0_17]
	at java.net.Socket.connect(Socket.java:579) ~[na:1.7.0_17]
	at org.apache.http.conn.scheme.PlainSocketFactory.connectSocket(PlainSocketFactory.java:127) ~[selenium-server-standalone-2.31.0.jar:na]
	at org.apache.http.impl.conn.DefaultClientConnectionOperator.openConnection(DefaultClientConnectionOperator.java:180) ~[selenium-server-standalone-2.31.0.jar:na]
	... 21 common frames omitted
167748 [Thread-2] WARN  main.Driver.WebDriverFactory - Driver killing error
org.openqa.selenium.remote.UnreachableBrowserException: Error communicating with the remote browser. It may have died.
Build info: version: '2.31.0', revision: '1bd294d', time: '2013-02-27 20:52:59'
System info: os.name: 'Linux', os.arch: 'amd64', os.version: '3.2.0-23-generic', java.version: '1.7.0_17'
Driver info: driver.version: EventFiringWebDriver
	at org.openqa.selenium.remote.RemoteWebDriver.execute(RemoteWebDriver.java:548) ~[selenium-server-standalone-2.31.0.jar:na]
	at org.openqa.selenium.remote.RemoteWebDriver.execute(RemoteWebDriver.java:569) ~[selenium-server-standalone-2.31.0.jar:na]
	at org.openqa.selenium.remote.RemoteWebDriver.quit(RemoteWebDriver.java:423) ~[selenium-server-standalone-2.31.0.jar:na]
	at sun.reflect.NativeMethodAccessorImpl.invoke0(Native Method) ~[na:1.7.0_17]
	at sun.reflect.NativeMethodAccessorImpl.invoke(NativeMethodAccessorImpl.java:57) ~[na:1.7.0_17]
	at sun.reflect.DelegatingMethodAccessorImpl.invoke(DelegatingMethodAccessorImpl.java:43) ~[na:1.7.0_17]
	at java.lang.reflect.Method.invoke(Method.java:601) ~[na:1.7.0_17]
	at org.openqa.selenium.support.events.EventFiringWebDriver$2.invoke(EventFiringWebDriver.java:101) ~[selenium-server-standalone-2.31.0.jar:na]
	at com.sun.proxy.$Proxy7.quit(Unknown Source) ~[na:na]
	at org.openqa.selenium.support.events.EventFiringWebDriver.quit(EventFiringWebDriver.java:194) ~[selenium-server-standalone-2.31.0.jar:na]
	at main.Driver.WebDriverFactory.dismissDriver(WebDriverFactory.java:99) ~[classes/:na]
	at main.Driver.WebDriverFactory$1.run(WebDriverFactory.java:157) [classes/:na]
Caused by: org.apache.http.conn.HttpHostConnectException: Connection to http://127.0.0.1:7055 refused
	at org.apache.http.impl.conn.DefaultClientConnectionOperator.openConnection(DefaultClientConnectionOperator.java:190) ~[selenium-server-standalone-2.31.0.jar:na]
	at org.apache.http.impl.conn.AbstractPoolEntry.open(AbstractPoolEntry.java:151) ~[selenium-server-standalone-2.31.0.jar:na]
	at org.apache.http.impl.conn.AbstractPooledConnAdapter.open(AbstractPooledConnAdapter.java:125) ~[selenium-server-standalone-2.31.0.jar:na]
	at org.apache.http.impl.client.DefaultRequestDirector.tryConnect(DefaultRequestDirector.java:640) ~[selenium-server-standalone-2.31.0.jar:na]
	at org.apache.http.impl.client.DefaultRequestDirector.execute(DefaultRequestDirector.java:479) ~[selenium-server-standalone-2.31.0.jar:na]
	at org.apache.http.impl.client.AbstractHttpClient.execute(AbstractHttpClient.java:906) ~[selenium-server-standalone-2.31.0.jar:na]
	at org.openqa.selenium.remote.HttpCommandExecutor.fallBackExecute(HttpCommandExecutor.java:316) ~[selenium-server-standalone-2.31.0.jar:na]
	at org.openqa.selenium.remote.HttpCommandExecutor.execute(HttpCommandExecutor.java:295) ~[selenium-server-standalone-2.31.0.jar:na]
	at org.openqa.selenium.firefox.internal.NewProfileExtensionConnection.execute(NewProfileExtensionConnection.java:133) ~[selenium-server-standalone-2.31.0.jar:na]
	at org.openqa.selenium.firefox.FirefoxDriver$LazyCommandExecutor.execute(FirefoxDriver.java:355) ~[selenium-server-standalone-2.31.0.jar:na]
	at org.openqa.selenium.remote.RemoteWebDriver.execute(RemoteWebDriver.java:527) ~[selenium-server-standalone-2.31.0.jar:na]
	... 11 common frames omitted
Caused by: java.net.ConnectException: Connection refused
	at java.net.PlainSocketImpl.socketConnect(Native Method) ~[na:1.7.0_17]
	at java.net.AbstractPlainSocketImpl.doConnect(AbstractPlainSocketImpl.java:339) ~[na:1.7.0_17]
	at java.net.AbstractPlainSocketImpl.connectToAddress(AbstractPlainSocketImpl.java:200) ~[na:1.7.0_17]
	at java.net.AbstractPlainSocketImpl.connect(AbstractPlainSocketImpl.java:182) ~[na:1.7.0_17]
	at java.net.SocksSocketImpl.connect(SocksSocketImpl.java:391) ~[na:1.7.0_17]
	at java.net.Socket.connect(Socket.java:579) ~[na:1.7.0_17]
	at org.apache.http.conn.scheme.PlainSocketFactory.connectSocket(PlainSocketFactory.java:127) ~[selenium-server-standalone-2.31.0.jar:na]
	at org.apache.http.impl.conn.DefaultClientConnectionOperator.openConnection(DefaultClientConnectionOperator.java:180) ~[selenium-server-standalone-2.31.0.jar:na]
	... 21 common frames omitted
263  [main] INFO  test.java.LogTest - >>>>>>>>>>>>>>>>>>>>>>>>>>>>>>>>>>>>>class test.java.RegisterTest<<<<<<<<<<<<<<<<<<<<<<<<<<<<<<<<<<<<<<<
1079 [main] DEBUG main.Driver.WebDriverFactory - Requested driver: Capabilities [{firefox_profile=org.openqa.selenium.firefox.FirefoxProfile@2199ea11, browserName=firefox, proxy=org.openqa.selenium.Proxy@7fd61352}]:null
14109 [main] INFO  m.Driver.MyWebDriverEventListener - WebDriver navigating to:'https://plush.com.ua/'
16588 [main] DEBUG m.Driver.MyWebDriverEventListener - Webdriver will click on element tag:li id:  ('Русский▼')
16712 [main] DEBUG m.Driver.MyWebDriverEventListener - Webdriver clicked on element tag:li id:  ('Русский')
16737 [main] ERROR m.Driver.MyWebDriverEventListener - WebDriver error: Element not found By.id: 
17247 [main] ERROR m.Driver.MyWebDriverEventListener - WebDriver error: Element not found By.id: 
17755 [main] ERROR m.Driver.MyWebDriverEventListener - WebDriver error: Element not found By.id: 
18262 [main] ERROR m.Driver.MyWebDriverEventListener - WebDriver error: Element not found By.id: 
18769 [main] ERROR m.Driver.MyWebDriverEventListener - WebDriver error: Element not found By.id: 
19276 [main] ERROR m.Driver.MyWebDriverEventListener - WebDriver error: Element not found By.id: 
20769 [main] ERROR m.Driver.MyWebDriverEventListener - WebDriver error:
org.openqa.selenium.NoSuchWindowException: Window not found. The browser window may have been closed.
Command duration or timeout: 983 milliseconds
Build info: version: '2.31.0', revision: '1bd294d', time: '2013-02-27 20:52:59'
System info: os.name: 'Linux', os.arch: 'amd64', os.version: '3.2.0-23-generic', java.version: '1.7.0_17'
Session ID: 0301ab51-ea31-4d97-8205-e3bd7c6c1463
Driver info: org.openqa.selenium.firefox.FirefoxDriver
Capabilities [{platform=LINUX, databaseEnabled=true, cssSelectorsEnabled=true, javascriptEnabled=true, acceptSslCerts=true, handlesAlerts=true, browserName=firefox, browserConnectionEnabled=true, nativeEvents=false, webStorageEnabled=true, rotatable=false, locationContextEnabled=true, applicationCacheEnabled=true, takesScreenshot=true, version=19.0.2}]
	at sun.reflect.NativeConstructorAccessorImpl.newInstance0(Native Method) ~[na:1.7.0_17]
	at sun.reflect.NativeConstructorAccessorImpl.newInstance(NativeConstructorAccessorImpl.java:57) ~[na:1.7.0_17]
	at sun.reflect.DelegatingConstructorAccessorImpl.newInstance(DelegatingConstructorAccessorImpl.java:45) ~[na:1.7.0_17]
	at java.lang.reflect.Constructor.newInstance(Constructor.java:525) ~[na:1.7.0_17]
	at org.openqa.selenium.remote.ErrorHandler.createThrowable(ErrorHandler.java:187) ~[selenium-server-standalone-2.31.0.jar:na]
	at org.openqa.selenium.remote.ErrorHandler.throwIfResponseFailed(ErrorHandler.java:145) ~[selenium-server-standalone-2.31.0.jar:na]
	at org.openqa.selenium.remote.RemoteWebDriver.execute(RemoteWebDriver.java:554) ~[selenium-server-standalone-2.31.0.jar:na]
	at org.openqa.selenium.remote.RemoteWebDriver.findElement(RemoteWebDriver.java:307) ~[selenium-server-standalone-2.31.0.jar:na]
	at org.openqa.selenium.remote.RemoteWebDriver.findElementById(RemoteWebDriver.java:348) ~[selenium-server-standalone-2.31.0.jar:na]
	at org.openqa.selenium.By$ById.findElement(By.java:216) ~[selenium-server-standalone-2.31.0.jar:na]
	at org.openqa.selenium.remote.RemoteWebDriver.findElement(RemoteWebDriver.java:299) ~[selenium-server-standalone-2.31.0.jar:na]
	at sun.reflect.NativeMethodAccessorImpl.invoke0(Native Method) ~[na:1.7.0_17]
	at sun.reflect.NativeMethodAccessorImpl.invoke(NativeMethodAccessorImpl.java:57) ~[na:1.7.0_17]
	at sun.reflect.DelegatingMethodAccessorImpl.invoke(DelegatingMethodAccessorImpl.java:43) ~[na:1.7.0_17]
	at java.lang.reflect.Method.invoke(Method.java:601) ~[na:1.7.0_17]
	at org.openqa.selenium.support.events.EventFiringWebDriver$2.invoke(EventFiringWebDriver.java:101) ~[selenium-server-standalone-2.31.0.jar:na]
	at com.sun.proxy.$Proxy7.findElement(Unknown Source) ~[na:na]
	at org.openqa.selenium.support.events.EventFiringWebDriver.findElement(EventFiringWebDriver.java:180) ~[selenium-server-standalone-2.31.0.jar:na]
	at org.openqa.selenium.support.ui.ExpectedConditions.findElement(ExpectedConditions.java:523) ~[selenium-server-standalone-2.31.0.jar:na]
	at org.openqa.selenium.support.ui.ExpectedConditions.access$0(ExpectedConditions.java:521) ~[selenium-server-standalone-2.31.0.jar:na]
	at org.openqa.selenium.support.ui.ExpectedConditions$3.apply(ExpectedConditions.java:106) [selenium-server-standalone-2.31.0.jar:na]
	at org.openqa.selenium.support.ui.ExpectedConditions$3.apply(ExpectedConditions.java:1) [selenium-server-standalone-2.31.0.jar:na]
	at org.openqa.selenium.support.ui.FluentWait.until(FluentWait.java:208) [selenium-server-standalone-2.31.0.jar:na]
	at main.pages.HomePage.selectLang(HomePage.java:119) [classes/:na]
	at test.java.RegisterTest.setup(RegisterTest.java:47) [classes/:na]
	at sun.reflect.NativeMethodAccessorImpl.invoke0(Native Method) ~[na:1.7.0_17]
	at sun.reflect.NativeMethodAccessorImpl.invoke(NativeMethodAccessorImpl.java:57) ~[na:1.7.0_17]
	at sun.reflect.DelegatingMethodAccessorImpl.invoke(DelegatingMethodAccessorImpl.java:43) ~[na:1.7.0_17]
	at java.lang.reflect.Method.invoke(Method.java:601) ~[na:1.7.0_17]
	at org.testng.internal.MethodInvocationHelper.invokeMethod(MethodInvocationHelper.java:80) [testng.jar:6.9beta-201211201815]
	at org.testng.internal.Invoker.invokeConfigurationMethod(Invoker.java:564) [testng.jar:6.9beta-201211201815]
	at org.testng.internal.Invoker.invokeConfigurations(Invoker.java:213) [testng.jar:6.9beta-201211201815]
	at org.testng.internal.Invoker.invokeConfigurations(Invoker.java:138) [testng.jar:6.9beta-201211201815]
	at org.testng.internal.TestMethodWorker.invokeBeforeClassMethods(TestMethodWorker.java:175) [testng.jar:6.9beta-201211201815]
	at org.testng.internal.TestMethodWorker.run(TestMethodWorker.java:107) [testng.jar:6.9beta-201211201815]
	at org.testng.TestRunner.privateRun(TestRunner.java:767) [testng.jar:6.9beta-201211201815]
	at org.testng.TestRunner.run(TestRunner.java:617) [testng.jar:6.9beta-201211201815]
	at org.testng.SuiteRunner.runTest(SuiteRunner.java:334) [testng.jar:6.9beta-201211201815]
	at org.testng.SuiteRunner.runSequentially(SuiteRunner.java:329) [testng.jar:6.9beta-201211201815]
	at org.testng.SuiteRunner.privateRun(SuiteRunner.java:291) [testng.jar:6.9beta-201211201815]
	at org.testng.SuiteRunner.run(SuiteRunner.java:240) [testng.jar:6.9beta-201211201815]
	at org.testng.SuiteRunnerWorker.runSuite(SuiteRunnerWorker.java:52) [testng.jar:6.9beta-201211201815]
	at org.testng.SuiteRunnerWorker.run(SuiteRunnerWorker.java:86) [testng.jar:6.9beta-201211201815]
	at org.testng.TestNG.runSuitesSequentially(TestNG.java:1203) [testng.jar:6.9beta-201211201815]
	at org.testng.TestNG.runSuitesLocally(TestNG.java:1128) [testng.jar:6.9beta-201211201815]
	at org.testng.TestNG.run(TestNG.java:1036) [testng.jar:6.9beta-201211201815]
	at org.testng.remote.RemoteTestNG.run(RemoteTestNG.java:111) [testng.jar:6.9beta-201211201815]
	at org.testng.remote.RemoteTestNG.initAndRun(RemoteTestNG.java:204) [testng.jar:6.9beta-201211201815]
	at org.testng.remote.RemoteTestNG.main(RemoteTestNG.java:175) [testng.jar:6.9beta-201211201815]
org.openqa.selenium.remote.ErrorHandler$UnknownServerException: Window not found. The browser window may have been closed.
Build info: version: '2.31.0', revision: '1bd294d', time: '2013-02-27 20:52:59'
System info: os.name: 'Linux', os.arch: 'amd64', os.version: '3.2.0-23-generic', java.version: '1.7.0_17'
Driver info: driver.version: unknown
	at <anonymous class>.nsCommandProcessor.prototype.execute(file:///tmp/anonymous2885174777156244444webdriver-profile/extensions/fxdriver@googlecode.com/components/command_processor.js:10342) ~[na:na]
	at <anonymous class>.Dispatcher.executeAs/<(file:///tmp/anonymous2885174777156244444webdriver-profile/extensions/fxdriver@googlecode.com/components/driver_component.js:7358) ~[na:na]
	at <anonymous class>.Resource.prototype.handle(file:///tmp/anonymous2885174777156244444webdriver-profile/extensions/fxdriver@googlecode.com/components/driver_component.js:7516) ~[na:na]
	at <anonymous class>.Dispatcher.prototype.dispatch(file:///tmp/anonymous2885174777156244444webdriver-profile/extensions/fxdriver@googlecode.com/components/driver_component.js:7463) ~[na:na]
	at <anonymous class>.WebDriverServer/<.handle(file:///tmp/anonymous2885174777156244444webdriver-profile/extensions/fxdriver@googlecode.com/components/driver_component.js:10152) ~[na:na]
	at <anonymous class>.<anonymous method>(file:///tmp/anonymous2885174777156244444webdriver-profile/extensions/fxdriver@googlecode.com/components/httpd.js:1935) ~[na:na]
	at <anonymous class>.ServerHandler.prototype.handleResponse(file:///tmp/anonymous2885174777156244444webdriver-profile/extensions/fxdriver@googlecode.com/components/httpd.js:2261) ~[na:na]
	at <anonymous class>.Connection.prototype.process(file:///tmp/anonymous2885174777156244444webdriver-profile/extensions/fxdriver@googlecode.com/components/httpd.js:1168) ~[na:na]
	at <anonymous class>.RequestReader.prototype._handleResponse(file:///tmp/anonymous2885174777156244444webdriver-profile/extensions/fxdriver@googlecode.com/components/httpd.js:1616) ~[na:na]
	at <anonymous class>.RequestReader.prototype._processBody(file:///tmp/anonymous2885174777156244444webdriver-profile/extensions/fxdriver@googlecode.com/components/httpd.js:1464) ~[na:na]
	at <anonymous class>.RequestReader.prototype.onInputStreamReady(file:///tmp/anonymous2885174777156244444webdriver-profile/extensions/fxdriver@googlecode.com/components/httpd.js:1333) ~[na:na]
21275 [main] ERROR m.Driver.MyWebDriverEventListener - WebDriver error:
org.openqa.selenium.remote.UnreachableBrowserException: Error communicating with the remote browser. It may have died.
Build info: version: '2.31.0', revision: '1bd294d', time: '2013-02-27 20:52:59'
System info: os.name: 'Linux', os.arch: 'amd64', os.version: '3.2.0-23-generic', java.version: '1.7.0_17'
Driver info: driver.version: EventFiringWebDriver
	at org.openqa.selenium.remote.RemoteWebDriver.execute(RemoteWebDriver.java:548) ~[selenium-server-standalone-2.31.0.jar:na]
	at org.openqa.selenium.remote.RemoteWebDriver.findElement(RemoteWebDriver.java:307) ~[selenium-server-standalone-2.31.0.jar:na]
	at org.openqa.selenium.remote.RemoteWebDriver.findElementById(RemoteWebDriver.java:348) ~[selenium-server-standalone-2.31.0.jar:na]
	at org.openqa.selenium.By$ById.findElement(By.java:216) ~[selenium-server-standalone-2.31.0.jar:na]
	at org.openqa.selenium.remote.RemoteWebDriver.findElement(RemoteWebDriver.java:299) ~[selenium-server-standalone-2.31.0.jar:na]
	at sun.reflect.NativeMethodAccessorImpl.invoke0(Native Method) ~[na:1.7.0_17]
	at sun.reflect.NativeMethodAccessorImpl.invoke(NativeMethodAccessorImpl.java:57) ~[na:1.7.0_17]
	at sun.reflect.DelegatingMethodAccessorImpl.invoke(DelegatingMethodAccessorImpl.java:43) ~[na:1.7.0_17]
	at java.lang.reflect.Method.invoke(Method.java:601) ~[na:1.7.0_17]
	at org.openqa.selenium.support.events.EventFiringWebDriver$2.invoke(EventFiringWebDriver.java:101) ~[selenium-server-standalone-2.31.0.jar:na]
	at com.sun.proxy.$Proxy7.findElement(Unknown Source) ~[na:na]
	at org.openqa.selenium.support.events.EventFiringWebDriver.findElement(EventFiringWebDriver.java:180) ~[selenium-server-standalone-2.31.0.jar:na]
	at org.openqa.selenium.support.ui.ExpectedConditions.findElement(ExpectedConditions.java:523) ~[selenium-server-standalone-2.31.0.jar:na]
	at org.openqa.selenium.support.ui.ExpectedConditions.access$0(ExpectedConditions.java:521) ~[selenium-server-standalone-2.31.0.jar:na]
	at org.openqa.selenium.support.ui.ExpectedConditions$3.apply(ExpectedConditions.java:106) [selenium-server-standalone-2.31.0.jar:na]
	at org.openqa.selenium.support.ui.ExpectedConditions$3.apply(ExpectedConditions.java:1) [selenium-server-standalone-2.31.0.jar:na]
	at org.openqa.selenium.support.ui.FluentWait.until(FluentWait.java:208) [selenium-server-standalone-2.31.0.jar:na]
	at main.pages.HomePage.selectLang(HomePage.java:119) [classes/:na]
	at test.java.RegisterTest.setup(RegisterTest.java:47) [classes/:na]
	at sun.reflect.NativeMethodAccessorImpl.invoke0(Native Method) ~[na:1.7.0_17]
	at sun.reflect.NativeMethodAccessorImpl.invoke(NativeMethodAccessorImpl.java:57) ~[na:1.7.0_17]
	at sun.reflect.DelegatingMethodAccessorImpl.invoke(DelegatingMethodAccessorImpl.java:43) ~[na:1.7.0_17]
	at java.lang.reflect.Method.invoke(Method.java:601) ~[na:1.7.0_17]
	at org.testng.internal.MethodInvocationHelper.invokeMethod(MethodInvocationHelper.java:80) [testng.jar:6.9beta-201211201815]
	at org.testng.internal.Invoker.invokeConfigurationMethod(Invoker.java:564) [testng.jar:6.9beta-201211201815]
	at org.testng.internal.Invoker.invokeConfigurations(Invoker.java:213) [testng.jar:6.9beta-201211201815]
	at org.testng.internal.Invoker.invokeConfigurations(Invoker.java:138) [testng.jar:6.9beta-201211201815]
	at org.testng.internal.TestMethodWorker.invokeBeforeClassMethods(TestMethodWorker.java:175) [testng.jar:6.9beta-201211201815]
	at org.testng.internal.TestMethodWorker.run(TestMethodWorker.java:107) [testng.jar:6.9beta-201211201815]
	at org.testng.TestRunner.privateRun(TestRunner.java:767) [testng.jar:6.9beta-201211201815]
	at org.testng.TestRunner.run(TestRunner.java:617) [testng.jar:6.9beta-201211201815]
	at org.testng.SuiteRunner.runTest(SuiteRunner.java:334) [testng.jar:6.9beta-201211201815]
	at org.testng.SuiteRunner.runSequentially(SuiteRunner.java:329) [testng.jar:6.9beta-201211201815]
	at org.testng.SuiteRunner.privateRun(SuiteRunner.java:291) [testng.jar:6.9beta-201211201815]
	at org.testng.SuiteRunner.run(SuiteRunner.java:240) [testng.jar:6.9beta-201211201815]
	at org.testng.SuiteRunnerWorker.runSuite(SuiteRunnerWorker.java:52) [testng.jar:6.9beta-201211201815]
	at org.testng.SuiteRunnerWorker.run(SuiteRunnerWorker.java:86) [testng.jar:6.9beta-201211201815]
	at org.testng.TestNG.runSuitesSequentially(TestNG.java:1203) [testng.jar:6.9beta-201211201815]
	at org.testng.TestNG.runSuitesLocally(TestNG.java:1128) [testng.jar:6.9beta-201211201815]
	at org.testng.TestNG.run(TestNG.java:1036) [testng.jar:6.9beta-201211201815]
	at org.testng.remote.RemoteTestNG.run(RemoteTestNG.java:111) [testng.jar:6.9beta-201211201815]
	at org.testng.remote.RemoteTestNG.initAndRun(RemoteTestNG.java:204) [testng.jar:6.9beta-201211201815]
	at org.testng.remote.RemoteTestNG.main(RemoteTestNG.java:175) [testng.jar:6.9beta-201211201815]
Caused by: org.apache.http.conn.HttpHostConnectException: Connection to http://127.0.0.1:7056 refused
	at org.apache.http.impl.conn.DefaultClientConnectionOperator.openConnection(DefaultClientConnectionOperator.java:190) ~[selenium-server-standalone-2.31.0.jar:na]
	at org.apache.http.impl.conn.AbstractPoolEntry.open(AbstractPoolEntry.java:151) ~[selenium-server-standalone-2.31.0.jar:na]
	at org.apache.http.impl.conn.AbstractPooledConnAdapter.open(AbstractPooledConnAdapter.java:125) ~[selenium-server-standalone-2.31.0.jar:na]
	at org.apache.http.impl.client.DefaultRequestDirector.tryConnect(DefaultRequestDirector.java:640) ~[selenium-server-standalone-2.31.0.jar:na]
	at org.apache.http.impl.client.DefaultRequestDirector.execute(DefaultRequestDirector.java:479) ~[selenium-server-standalone-2.31.0.jar:na]
	at org.apache.http.impl.client.AbstractHttpClient.execute(AbstractHttpClient.java:906) ~[selenium-server-standalone-2.31.0.jar:na]
	at org.openqa.selenium.remote.HttpCommandExecutor.fallBackExecute(HttpCommandExecutor.java:316) ~[selenium-server-standalone-2.31.0.jar:na]
	at org.openqa.selenium.remote.HttpCommandExecutor.execute(HttpCommandExecutor.java:295) ~[selenium-server-standalone-2.31.0.jar:na]
	at org.openqa.selenium.firefox.internal.NewProfileExtensionConnection.execute(NewProfileExtensionConnection.java:133) ~[selenium-server-standalone-2.31.0.jar:na]
	at org.openqa.selenium.firefox.FirefoxDriver$LazyCommandExecutor.execute(FirefoxDriver.java:355) ~[selenium-server-standalone-2.31.0.jar:na]
	at org.openqa.selenium.remote.RemoteWebDriver.execute(RemoteWebDriver.java:527) ~[selenium-server-standalone-2.31.0.jar:na]
	... 42 common frames omitted
Caused by: java.net.ConnectException: Connection refused
	at java.net.PlainSocketImpl.socketConnect(Native Method) ~[na:1.7.0_17]
	at java.net.AbstractPlainSocketImpl.doConnect(AbstractPlainSocketImpl.java:339) ~[na:1.7.0_17]
	at java.net.AbstractPlainSocketImpl.connectToAddress(AbstractPlainSocketImpl.java:200) ~[na:1.7.0_17]
	at java.net.AbstractPlainSocketImpl.connect(AbstractPlainSocketImpl.java:182) ~[na:1.7.0_17]
	at java.net.SocksSocketImpl.connect(SocksSocketImpl.java:391) ~[na:1.7.0_17]
	at java.net.Socket.connect(Socket.java:579) ~[na:1.7.0_17]
	at org.apache.http.conn.scheme.PlainSocketFactory.connectSocket(PlainSocketFactory.java:127) ~[selenium-server-standalone-2.31.0.jar:na]
	at org.apache.http.impl.conn.DefaultClientConnectionOperator.openConnection(DefaultClientConnectionOperator.java:180) ~[selenium-server-standalone-2.31.0.jar:na]
	... 52 common frames omitted
22152 [Thread-2] DEBUG main.Driver.WebDriverFactory - Killing driver 
23009 [Thread-2] ERROR m.Driver.MyWebDriverEventListener - WebDriver error:
org.openqa.selenium.remote.UnreachableBrowserException: Error communicating with the remote browser. It may have died.
Build info: version: '2.31.0', revision: '1bd294d', time: '2013-02-27 20:52:59'
System info: os.name: 'Linux', os.arch: 'amd64', os.version: '3.2.0-23-generic', java.version: '1.7.0_17'
Driver info: driver.version: EventFiringWebDriver
	at org.openqa.selenium.remote.RemoteWebDriver.execute(RemoteWebDriver.java:548) ~[selenium-server-standalone-2.31.0.jar:na]
	at org.openqa.selenium.remote.RemoteWebDriver.execute(RemoteWebDriver.java:569) ~[selenium-server-standalone-2.31.0.jar:na]
	at org.openqa.selenium.remote.RemoteWebDriver.quit(RemoteWebDriver.java:423) ~[selenium-server-standalone-2.31.0.jar:na]
	at sun.reflect.NativeMethodAccessorImpl.invoke0(Native Method) ~[na:1.7.0_17]
	at sun.reflect.NativeMethodAccessorImpl.invoke(NativeMethodAccessorImpl.java:57) ~[na:1.7.0_17]
	at sun.reflect.DelegatingMethodAccessorImpl.invoke(DelegatingMethodAccessorImpl.java:43) ~[na:1.7.0_17]
	at java.lang.reflect.Method.invoke(Method.java:601) ~[na:1.7.0_17]
	at org.openqa.selenium.support.events.EventFiringWebDriver$2.invoke(EventFiringWebDriver.java:101) ~[selenium-server-standalone-2.31.0.jar:na]
	at com.sun.proxy.$Proxy7.quit(Unknown Source) ~[na:na]
	at org.openqa.selenium.support.events.EventFiringWebDriver.quit(EventFiringWebDriver.java:194) ~[selenium-server-standalone-2.31.0.jar:na]
	at main.Driver.WebDriverFactory.dismissDriver(WebDriverFactory.java:99) ~[classes/:na]
	at main.Driver.WebDriverFactory$1.run(WebDriverFactory.java:157) ~[classes/:na]
Caused by: org.apache.http.conn.HttpHostConnectException: Connection to http://127.0.0.1:7056 refused
	at org.apache.http.impl.conn.DefaultClientConnectionOperator.openConnection(DefaultClientConnectionOperator.java:190) ~[selenium-server-standalone-2.31.0.jar:na]
	at org.apache.http.impl.conn.AbstractPoolEntry.open(AbstractPoolEntry.java:151) ~[selenium-server-standalone-2.31.0.jar:na]
	at org.apache.http.impl.conn.AbstractPooledConnAdapter.open(AbstractPooledConnAdapter.java:125) ~[selenium-server-standalone-2.31.0.jar:na]
	at org.apache.http.impl.client.DefaultRequestDirector.tryConnect(DefaultRequestDirector.java:640) ~[selenium-server-standalone-2.31.0.jar:na]
	at org.apache.http.impl.client.DefaultRequestDirector.execute(DefaultRequestDirector.java:479) ~[selenium-server-standalone-2.31.0.jar:na]
	at org.apache.http.impl.client.AbstractHttpClient.execute(AbstractHttpClient.java:906) ~[selenium-server-standalone-2.31.0.jar:na]
	at org.openqa.selenium.remote.HttpCommandExecutor.fallBackExecute(HttpCommandExecutor.java:316) ~[selenium-server-standalone-2.31.0.jar:na]
	at org.openqa.selenium.remote.HttpCommandExecutor.execute(HttpCommandExecutor.java:295) ~[selenium-server-standalone-2.31.0.jar:na]
	at org.openqa.selenium.firefox.internal.NewProfileExtensionConnection.execute(NewProfileExtensionConnection.java:133) ~[selenium-server-standalone-2.31.0.jar:na]
	at org.openqa.selenium.firefox.FirefoxDriver$LazyCommandExecutor.execute(FirefoxDriver.java:355) ~[selenium-server-standalone-2.31.0.jar:na]
	at org.openqa.selenium.remote.RemoteWebDriver.execute(RemoteWebDriver.java:527) ~[selenium-server-standalone-2.31.0.jar:na]
	... 11 common frames omitted
Caused by: java.net.ConnectException: Connection refused
	at java.net.PlainSocketImpl.socketConnect(Native Method) ~[na:1.7.0_17]
	at java.net.AbstractPlainSocketImpl.doConnect(AbstractPlainSocketImpl.java:339) ~[na:1.7.0_17]
	at java.net.AbstractPlainSocketImpl.connectToAddress(AbstractPlainSocketImpl.java:200) ~[na:1.7.0_17]
	at java.net.AbstractPlainSocketImpl.connect(AbstractPlainSocketImpl.java:182) ~[na:1.7.0_17]
	at java.net.SocksSocketImpl.connect(SocksSocketImpl.java:391) ~[na:1.7.0_17]
	at java.net.Socket.connect(Socket.java:579) ~[na:1.7.0_17]
	at org.apache.http.conn.scheme.PlainSocketFactory.connectSocket(PlainSocketFactory.java:127) ~[selenium-server-standalone-2.31.0.jar:na]
	at org.apache.http.impl.conn.DefaultClientConnectionOperator.openConnection(DefaultClientConnectionOperator.java:180) ~[selenium-server-standalone-2.31.0.jar:na]
	... 21 common frames omitted
23010 [Thread-2] WARN  main.Driver.WebDriverFactory - Driver killing error
org.openqa.selenium.remote.UnreachableBrowserException: Error communicating with the remote browser. It may have died.
Build info: version: '2.31.0', revision: '1bd294d', time: '2013-02-27 20:52:59'
System info: os.name: 'Linux', os.arch: 'amd64', os.version: '3.2.0-23-generic', java.version: '1.7.0_17'
Driver info: driver.version: EventFiringWebDriver
	at org.openqa.selenium.remote.RemoteWebDriver.execute(RemoteWebDriver.java:548) ~[selenium-server-standalone-2.31.0.jar:na]
	at org.openqa.selenium.remote.RemoteWebDriver.execute(RemoteWebDriver.java:569) ~[selenium-server-standalone-2.31.0.jar:na]
	at org.openqa.selenium.remote.RemoteWebDriver.quit(RemoteWebDriver.java:423) ~[selenium-server-standalone-2.31.0.jar:na]
	at sun.reflect.NativeMethodAccessorImpl.invoke0(Native Method) ~[na:1.7.0_17]
	at sun.reflect.NativeMethodAccessorImpl.invoke(NativeMethodAccessorImpl.java:57) ~[na:1.7.0_17]
	at sun.reflect.DelegatingMethodAccessorImpl.invoke(DelegatingMethodAccessorImpl.java:43) ~[na:1.7.0_17]
	at java.lang.reflect.Method.invoke(Method.java:601) ~[na:1.7.0_17]
	at org.openqa.selenium.support.events.EventFiringWebDriver$2.invoke(EventFiringWebDriver.java:101) ~[selenium-server-standalone-2.31.0.jar:na]
	at com.sun.proxy.$Proxy7.quit(Unknown Source) ~[na:na]
	at org.openqa.selenium.support.events.EventFiringWebDriver.quit(EventFiringWebDriver.java:194) ~[selenium-server-standalone-2.31.0.jar:na]
	at main.Driver.WebDriverFactory.dismissDriver(WebDriverFactory.java:99) ~[classes/:na]
	at main.Driver.WebDriverFactory$1.run(WebDriverFactory.java:157) [classes/:na]
Caused by: org.apache.http.conn.HttpHostConnectException: Connection to http://127.0.0.1:7056 refused
	at org.apache.http.impl.conn.DefaultClientConnectionOperator.openConnection(DefaultClientConnectionOperator.java:190) ~[selenium-server-standalone-2.31.0.jar:na]
	at org.apache.http.impl.conn.AbstractPoolEntry.open(AbstractPoolEntry.java:151) ~[selenium-server-standalone-2.31.0.jar:na]
	at org.apache.http.impl.conn.AbstractPooledConnAdapter.open(AbstractPooledConnAdapter.java:125) ~[selenium-server-standalone-2.31.0.jar:na]
	at org.apache.http.impl.client.DefaultRequestDirector.tryConnect(DefaultRequestDirector.java:640) ~[selenium-server-standalone-2.31.0.jar:na]
	at org.apache.http.impl.client.DefaultRequestDirector.execute(DefaultRequestDirector.java:479) ~[selenium-server-standalone-2.31.0.jar:na]
	at org.apache.http.impl.client.AbstractHttpClient.execute(AbstractHttpClient.java:906) ~[selenium-server-standalone-2.31.0.jar:na]
	at org.openqa.selenium.remote.HttpCommandExecutor.fallBackExecute(HttpCommandExecutor.java:316) ~[selenium-server-standalone-2.31.0.jar:na]
	at org.openqa.selenium.remote.HttpCommandExecutor.execute(HttpCommandExecutor.java:295) ~[selenium-server-standalone-2.31.0.jar:na]
	at org.openqa.selenium.firefox.internal.NewProfileExtensionConnection.execute(NewProfileExtensionConnection.java:133) ~[selenium-server-standalone-2.31.0.jar:na]
	at org.openqa.selenium.firefox.FirefoxDriver$LazyCommandExecutor.execute(FirefoxDriver.java:355) ~[selenium-server-standalone-2.31.0.jar:na]
	at org.openqa.selenium.remote.RemoteWebDriver.execute(RemoteWebDriver.java:527) ~[selenium-server-standalone-2.31.0.jar:na]
	... 11 common frames omitted
Caused by: java.net.ConnectException: Connection refused
	at java.net.PlainSocketImpl.socketConnect(Native Method) ~[na:1.7.0_17]
	at java.net.AbstractPlainSocketImpl.doConnect(AbstractPlainSocketImpl.java:339) ~[na:1.7.0_17]
	at java.net.AbstractPlainSocketImpl.connectToAddress(AbstractPlainSocketImpl.java:200) ~[na:1.7.0_17]
	at java.net.AbstractPlainSocketImpl.connect(AbstractPlainSocketImpl.java:182) ~[na:1.7.0_17]
	at java.net.SocksSocketImpl.connect(SocksSocketImpl.java:391) ~[na:1.7.0_17]
	at java.net.Socket.connect(Socket.java:579) ~[na:1.7.0_17]
	at org.apache.http.conn.scheme.PlainSocketFactory.connectSocket(PlainSocketFactory.java:127) ~[selenium-server-standalone-2.31.0.jar:na]
	at org.apache.http.impl.conn.DefaultClientConnectionOperator.openConnection(DefaultClientConnectionOperator.java:180) ~[selenium-server-standalone-2.31.0.jar:na]
	... 21 common frames omitted
260  [main] INFO  test.java.LogTest - >>>>>>>>>>>>>>>>>>>>>>>>>>>>>>>>>>>>>class test.java.RegisterTest<<<<<<<<<<<<<<<<<<<<<<<<<<<<<<<<<<<<<<<
255  [main] INFO  test.java.LogTest - >>>>>>>>>>>>>>>>>>>>>>>>>>>>>>>>>>>>>class test.java.RegisterTest<<<<<<<<<<<<<<<<<<<<<<<<<<<<<<<<<<<<<<<
1078 [main] DEBUG main.Driver.WebDriverFactory - Requested driver: Capabilities [{firefox_profile=org.openqa.selenium.firefox.FirefoxProfile@2199ea11, browserName=chrome, proxy=org.openqa.selenium.Proxy@7fd61352}]:null
22484 [main] ERROR main.Driver.WebDriverFactory - Could not start local driver
org.openqa.selenium.remote.UnreachableBrowserException: Could not start a new session. Possible causes are invalid address of the remote server or browser start-up failure.
Build info: version: '2.31.0', revision: '1bd294d', time: '2013-02-27 20:52:59'
System info: os.name: 'Linux', os.arch: 'amd64', os.version: '3.2.0-23-generic', java.version: '1.7.0_17'
Driver info: driver.version: ChromeDriver
	at org.openqa.selenium.remote.RemoteWebDriver.execute(RemoteWebDriver.java:548) ~[selenium-server-standalone-2.31.0.jar:na]
	at org.openqa.selenium.remote.RemoteWebDriver.startSession(RemoteWebDriver.java:216) ~[selenium-server-standalone-2.31.0.jar:na]
	at org.openqa.selenium.remote.RemoteWebDriver.<init>(RemoteWebDriver.java:111) ~[selenium-server-standalone-2.31.0.jar:na]
	at org.openqa.selenium.remote.RemoteWebDriver.<init>(RemoteWebDriver.java:115) ~[selenium-server-standalone-2.31.0.jar:na]
	at org.openqa.selenium.chrome.ChromeDriver.<init>(ChromeDriver.java:150) ~[selenium-server-standalone-2.31.0.jar:na]
	at org.openqa.selenium.chrome.ChromeDriver.<init>(ChromeDriver.java:129) ~[selenium-server-standalone-2.31.0.jar:na]
	at main.Driver.WebDriverFactory.createLocalDriver(WebDriverFactory.java:188) [classes/:na]
	at main.Driver.WebDriverFactory.newWebDriver(WebDriverFactory.java:159) [classes/:na]
	at main.Driver.WebDriverFactory.getDriver(WebDriverFactory.java:60) [classes/:na]
	at main.Driver.WebDriverFactory.getDriver(WebDriverFactory.java:93) [classes/:na]
	at main.Driver.ProxySettings.proxyDriver(ProxySettings.java:40) [classes/:na]
	at test.java.RegisterTest.setup(RegisterTest.java:44) [classes/:na]
	at sun.reflect.NativeMethodAccessorImpl.invoke0(Native Method) ~[na:1.7.0_17]
	at sun.reflect.NativeMethodAccessorImpl.invoke(NativeMethodAccessorImpl.java:57) ~[na:1.7.0_17]
	at sun.reflect.DelegatingMethodAccessorImpl.invoke(DelegatingMethodAccessorImpl.java:43) ~[na:1.7.0_17]
	at java.lang.reflect.Method.invoke(Method.java:601) ~[na:1.7.0_17]
	at org.testng.internal.MethodInvocationHelper.invokeMethod(MethodInvocationHelper.java:80) [testng.jar:6.9beta-201211201815]
	at org.testng.internal.Invoker.invokeConfigurationMethod(Invoker.java:564) [testng.jar:6.9beta-201211201815]
	at org.testng.internal.Invoker.invokeConfigurations(Invoker.java:213) [testng.jar:6.9beta-201211201815]
	at org.testng.internal.Invoker.invokeConfigurations(Invoker.java:138) [testng.jar:6.9beta-201211201815]
	at org.testng.internal.TestMethodWorker.invokeBeforeClassMethods(TestMethodWorker.java:175) [testng.jar:6.9beta-201211201815]
	at org.testng.internal.TestMethodWorker.run(TestMethodWorker.java:107) [testng.jar:6.9beta-201211201815]
	at org.testng.TestRunner.privateRun(TestRunner.java:767) [testng.jar:6.9beta-201211201815]
	at org.testng.TestRunner.run(TestRunner.java:617) [testng.jar:6.9beta-201211201815]
	at org.testng.SuiteRunner.runTest(SuiteRunner.java:334) [testng.jar:6.9beta-201211201815]
	at org.testng.SuiteRunner.runSequentially(SuiteRunner.java:329) [testng.jar:6.9beta-201211201815]
	at org.testng.SuiteRunner.privateRun(SuiteRunner.java:291) [testng.jar:6.9beta-201211201815]
	at org.testng.SuiteRunner.run(SuiteRunner.java:240) [testng.jar:6.9beta-201211201815]
	at org.testng.SuiteRunnerWorker.runSuite(SuiteRunnerWorker.java:52) [testng.jar:6.9beta-201211201815]
	at org.testng.SuiteRunnerWorker.run(SuiteRunnerWorker.java:86) [testng.jar:6.9beta-201211201815]
	at org.testng.TestNG.runSuitesSequentially(TestNG.java:1203) [testng.jar:6.9beta-201211201815]
	at org.testng.TestNG.runSuitesLocally(TestNG.java:1128) [testng.jar:6.9beta-201211201815]
	at org.testng.TestNG.run(TestNG.java:1036) [testng.jar:6.9beta-201211201815]
	at org.testng.remote.RemoteTestNG.run(RemoteTestNG.java:111) [testng.jar:6.9beta-201211201815]
	at org.testng.remote.RemoteTestNG.initAndRun(RemoteTestNG.java:204) [testng.jar:6.9beta-201211201815]
	at org.testng.remote.RemoteTestNG.main(RemoteTestNG.java:175) [testng.jar:6.9beta-201211201815]
Caused by: org.openqa.selenium.WebDriverException: Unable to convert: {desiredCapabilities=Capabilities [{firefox_profile=org.openqa.selenium.firefox.FirefoxProfile@2199ea11, browserName=chrome, proxy=org.openqa.selenium.Proxy@7fd61352}]}
Build info: version: '2.31.0', revision: '1bd294d', time: '2013-02-27 20:52:59'
System info: os.name: 'Linux', os.arch: 'amd64', os.version: '3.2.0-23-generic', java.version: '1.7.0_17'
Driver info: driver.version: ChromeDriver
	at org.openqa.selenium.remote.BeanToJsonConverter.convert(BeanToJsonConverter.java:74) ~[selenium-server-standalone-2.31.0.jar:na]
	at org.openqa.selenium.remote.HttpCommandExecutor.execute(HttpCommandExecutor.java:284) ~[selenium-server-standalone-2.31.0.jar:na]
	at org.openqa.selenium.remote.service.DriverCommandExecutor.execute(DriverCommandExecutor.java:66) ~[selenium-server-standalone-2.31.0.jar:na]
	at org.openqa.selenium.remote.RemoteWebDriver.execute(RemoteWebDriver.java:527) ~[selenium-server-standalone-2.31.0.jar:na]
	... 35 common frames omitted
Caused by: org.openqa.selenium.WebDriverException: java.lang.reflect.InvocationTargetException
Build info: version: '2.31.0', revision: '1bd294d', time: '2013-02-27 20:52:59'
System info: os.name: 'Linux', os.arch: 'amd64', os.version: '3.2.0-23-generic', java.version: '1.7.0_17'
Driver info: driver.version: ChromeDriver
	at org.openqa.selenium.remote.BeanToJsonConverter.convertObject(BeanToJsonConverter.java:223) ~[selenium-server-standalone-2.31.0.jar:na]
	at org.openqa.selenium.remote.BeanToJsonConverter.convertObject(BeanToJsonConverter.java:166) ~[selenium-server-standalone-2.31.0.jar:na]
	at org.openqa.selenium.remote.BeanToJsonConverter.convertObject(BeanToJsonConverter.java:199) ~[selenium-server-standalone-2.31.0.jar:na]
	at org.openqa.selenium.remote.BeanToJsonConverter.convertObject(BeanToJsonConverter.java:166) ~[selenium-server-standalone-2.31.0.jar:na]
	at org.openqa.selenium.remote.BeanToJsonConverter.convert(BeanToJsonConverter.java:64) ~[selenium-server-standalone-2.31.0.jar:na]
	... 38 common frames omitted
Caused by: java.lang.reflect.InvocationTargetException: null
	at sun.reflect.NativeMethodAccessorImpl.invoke0(Native Method) ~[na:1.7.0_17]
	at sun.reflect.NativeMethodAccessorImpl.invoke(NativeMethodAccessorImpl.java:57) ~[na:1.7.0_17]
	at sun.reflect.DelegatingMethodAccessorImpl.invoke(DelegatingMethodAccessorImpl.java:43) ~[na:1.7.0_17]
	at java.lang.reflect.Method.invoke(Method.java:601) ~[na:1.7.0_17]
	at org.openqa.selenium.remote.BeanToJsonConverter.convertObject(BeanToJsonConverter.java:217) ~[selenium-server-standalone-2.31.0.jar:na]
	... 42 common frames omitted
java.lang.OutOfMemoryError: Java heap space
	at java.util.Arrays.copyOf(Arrays.java:2367) ~[na:1.7.0_17]
	at java.lang.AbstractStringBuilder.expandCapacity(AbstractStringBuilder.java:130) ~[na:1.7.0_17]
	at java.lang.AbstractStringBuilder.ensureCapacityInternal(AbstractStringBuilder.java:114) ~[na:1.7.0_17]
	at java.lang.AbstractStringBuilder.append(AbstractStringBuilder.java:587) ~[na:1.7.0_17]
	at java.lang.StringBuffer.append(StringBuffer.java:332) ~[na:1.7.0_17]
	at org.openqa.selenium.internal.Base64Encoder.encode(Base64Encoder.java:65) ~[selenium-server-standalone-2.31.0.jar:na]
	at org.openqa.selenium.io.Zip.zip(Zip.java:62) ~[selenium-server-standalone-2.31.0.jar:na]
	at org.openqa.selenium.firefox.FirefoxProfile.toJson(FirefoxProfile.java:415) ~[selenium-server-standalone-2.31.0.jar:na]
	at sun.reflect.NativeMethodAccessorImpl.invoke0(Native Method) ~[na:1.7.0_17]
	at sun.reflect.NativeMethodAccessorImpl.invoke(NativeMethodAccessorImpl.java:57) ~[na:1.7.0_17]
	at sun.reflect.DelegatingMethodAccessorImpl.invoke(DelegatingMethodAccessorImpl.java:43) ~[na:1.7.0_17]
	at java.lang.reflect.Method.invoke(Method.java:601) ~[na:1.7.0_17]
	at org.openqa.selenium.remote.BeanToJsonConverter.convertObject(BeanToJsonConverter.java:217) ~[selenium-server-standalone-2.31.0.jar:na]
	at org.openqa.selenium.remote.BeanToJsonConverter.convertObject(BeanToJsonConverter.java:166) ~[selenium-server-standalone-2.31.0.jar:na]
	at org.openqa.selenium.remote.BeanToJsonConverter.convertObject(BeanToJsonConverter.java:199) ~[selenium-server-standalone-2.31.0.jar:na]
	at org.openqa.selenium.remote.BeanToJsonConverter.convertObject(BeanToJsonConverter.java:166) ~[selenium-server-standalone-2.31.0.jar:na]
	at org.openqa.selenium.remote.BeanToJsonConverter.convert(BeanToJsonConverter.java:64) ~[selenium-server-standalone-2.31.0.jar:na]
	at org.openqa.selenium.remote.HttpCommandExecutor.execute(HttpCommandExecutor.java:284) ~[selenium-server-standalone-2.31.0.jar:na]
	at org.openqa.selenium.remote.service.DriverCommandExecutor.execute(DriverCommandExecutor.java:66) ~[selenium-server-standalone-2.31.0.jar:na]
	at org.openqa.selenium.remote.RemoteWebDriver.execute(RemoteWebDriver.java:527) ~[selenium-server-standalone-2.31.0.jar:na]
	at org.openqa.selenium.remote.RemoteWebDriver.startSession(RemoteWebDriver.java:216) ~[selenium-server-standalone-2.31.0.jar:na]
	at org.openqa.selenium.remote.RemoteWebDriver.<init>(RemoteWebDriver.java:111) ~[selenium-server-standalone-2.31.0.jar:na]
	at org.openqa.selenium.remote.RemoteWebDriver.<init>(RemoteWebDriver.java:115) ~[selenium-server-standalone-2.31.0.jar:na]
	at org.openqa.selenium.chrome.ChromeDriver.<init>(ChromeDriver.java:150) ~[selenium-server-standalone-2.31.0.jar:na]
	at org.openqa.selenium.chrome.ChromeDriver.<init>(ChromeDriver.java:129) ~[selenium-server-standalone-2.31.0.jar:na]
	at main.Driver.WebDriverFactory.createLocalDriver(WebDriverFactory.java:188) [classes/:na]
	at main.Driver.WebDriverFactory.newWebDriver(WebDriverFactory.java:159) [classes/:na]
	at main.Driver.WebDriverFactory.getDriver(WebDriverFactory.java:60) [classes/:na]
	at main.Driver.WebDriverFactory.getDriver(WebDriverFactory.java:93) [classes/:na]
	at main.Driver.ProxySettings.proxyDriver(ProxySettings.java:40) [classes/:na]
	at test.java.RegisterTest.setup(RegisterTest.java:44) [classes/:na]
	at sun.reflect.NativeMethodAccessorImpl.invoke0(Native Method) ~[na:1.7.0_17]
260  [main] INFO  test.java.LogTest - >>>>>>>>>>>>>>>>>>>>>>>>>>>>>>>>>>>>>class test.java.RegisterTest<<<<<<<<<<<<<<<<<<<<<<<<<<<<<<<<<<<<<<<
268  [main] DEBUG main.Driver.WebDriverFactory - Requested driver: Capabilities [{platform=ANY, browserName=chrome, proxy=org.openqa.selenium.Proxy@7f1a75d, version=}]:null
1358 [main] INFO  m.Driver.MyWebDriverEventListener - WebDriver navigating to:'https://plush.com.ua/'
3879 [main] DEBUG m.Driver.MyWebDriverEventListener - Webdriver will click on element tag:li id:  ('English▼')
3966 [main] DEBUG m.Driver.MyWebDriverEventListener - Webdriver clicked on element tag:li id:  ('English')
3998 [main] ERROR m.Driver.MyWebDriverEventListener - WebDriver error: Element not found By.id: 
4511 [main] ERROR m.Driver.MyWebDriverEventListener - WebDriver error: Element not found By.id: 
5021 [main] ERROR m.Driver.MyWebDriverEventListener - WebDriver error: Element not found By.id: 
5536 [main] ERROR m.Driver.MyWebDriverEventListener - WebDriver error: Element not found By.id: 
6050 [main] ERROR m.Driver.MyWebDriverEventListener - WebDriver error: Element not found By.id: 
6562 [main] ERROR m.Driver.MyWebDriverEventListener - WebDriver error: Element not found By.id: 
7074 [main] ERROR m.Driver.MyWebDriverEventListener - WebDriver error: Element not found By.id: 
7586 [main] ERROR m.Driver.MyWebDriverEventListener - WebDriver error: Element not found By.id: 
8097 [main] ERROR m.Driver.MyWebDriverEventListener - WebDriver error: Element not found By.id: 
8610 [main] ERROR m.Driver.MyWebDriverEventListener - WebDriver error: Element not found By.id: 
9123 [main] ERROR m.Driver.MyWebDriverEventListener - WebDriver error: Element not found By.id: 
9635 [main] ERROR m.Driver.MyWebDriverEventListener - WebDriver error: Element not found By.id: 
10147 [main] ERROR m.Driver.MyWebDriverEventListener - WebDriver error: Element not found By.id: 
10659 [main] ERROR m.Driver.MyWebDriverEventListener - WebDriver error: Element not found By.id: 
11172 [main] ERROR m.Driver.MyWebDriverEventListener - WebDriver error: Element not found By.id: 
11685 [main] ERROR m.Driver.MyWebDriverEventListener - WebDriver error: Element not found By.id: 
12197 [main] ERROR m.Driver.MyWebDriverEventListener - WebDriver error: Element not found By.id: 
12715 [main] ERROR m.Driver.MyWebDriverEventListener - WebDriver error: Element not found By.id: 
13227 [main] ERROR m.Driver.MyWebDriverEventListener - WebDriver error: Element not found By.id: 
13739 [main] ERROR m.Driver.MyWebDriverEventListener - WebDriver error: Element not found By.id: 
14251 [main] ERROR m.Driver.MyWebDriverEventListener - WebDriver error: Element not found By.id: 
14762 [main] ERROR m.Driver.MyWebDriverEventListener - WebDriver error: Element not found By.id: 
15274 [main] ERROR m.Driver.MyWebDriverEventListener - WebDriver error: Element not found By.id: 
16138 [main] ERROR m.Driver.MyWebDriverEventListener - WebDriver error:
org.openqa.selenium.WebDriverException: Chrome did not respond to 'WaitForAllTabsToStopLoading'. Elapsed time was 350 ms. (WARNING: The server did not provide any stacktrace information)
Command duration or timeout: 353 milliseconds
Build info: version: '2.31.0', revision: '1bd294d', time: '2013-02-27 20:52:59'
System info: os.name: 'Linux', os.arch: 'amd64', os.version: '3.2.0-23-generic', java.version: '1.7.0_17'
Session ID: ae7229621288c5771803edcf44bc4add
Driver info: org.openqa.selenium.chrome.ChromeDriver
Capabilities [{platform=LINUX, chrome.chromedriverVersion=26.0.1383.0, acceptSslCerts=false, javascriptEnabled=true, browserName=chrome, rotatable=false, locationContextEnabled=false, version=26.0.1410.43, cssSelectorsEnabled=true, databaseEnabled=false, handlesAlerts=true, browserConnectionEnabled=false, webStorageEnabled=true, nativeEvents=true, applicationCacheEnabled=false, takesScreenshot=true}]
	at sun.reflect.NativeConstructorAccessorImpl.newInstance0(Native Method) ~[na:1.7.0_17]
	at sun.reflect.NativeConstructorAccessorImpl.newInstance(NativeConstructorAccessorImpl.java:57) ~[na:1.7.0_17]
	at sun.reflect.DelegatingConstructorAccessorImpl.newInstance(DelegatingConstructorAccessorImpl.java:45) ~[na:1.7.0_17]
	at java.lang.reflect.Constructor.newInstance(Constructor.java:525) ~[na:1.7.0_17]
	at org.openqa.selenium.remote.ErrorHandler.createThrowable(ErrorHandler.java:187) ~[selenium-server-standalone-2.31.0.jar:na]
	at org.openqa.selenium.remote.ErrorHandler.throwIfResponseFailed(ErrorHandler.java:145) ~[selenium-server-standalone-2.31.0.jar:na]
	at org.openqa.selenium.remote.RemoteWebDriver.execute(RemoteWebDriver.java:554) ~[selenium-server-standalone-2.31.0.jar:na]
	at org.openqa.selenium.remote.RemoteWebDriver.findElement(RemoteWebDriver.java:307) ~[selenium-server-standalone-2.31.0.jar:na]
	at org.openqa.selenium.remote.RemoteWebDriver.findElementById(RemoteWebDriver.java:348) ~[selenium-server-standalone-2.31.0.jar:na]
	at org.openqa.selenium.By$ById.findElement(By.java:216) ~[selenium-server-standalone-2.31.0.jar:na]
	at org.openqa.selenium.remote.RemoteWebDriver.findElement(RemoteWebDriver.java:299) ~[selenium-server-standalone-2.31.0.jar:na]
	at sun.reflect.GeneratedMethodAccessor6.invoke(Unknown Source) ~[na:na]
	at sun.reflect.DelegatingMethodAccessorImpl.invoke(DelegatingMethodAccessorImpl.java:43) ~[na:1.7.0_17]
	at java.lang.reflect.Method.invoke(Method.java:601) ~[na:1.7.0_17]
	at org.openqa.selenium.support.events.EventFiringWebDriver$2.invoke(EventFiringWebDriver.java:101) ~[selenium-server-standalone-2.31.0.jar:na]
	at com.sun.proxy.$Proxy7.findElement(Unknown Source) ~[na:na]
	at org.openqa.selenium.support.events.EventFiringWebDriver.findElement(EventFiringWebDriver.java:180) ~[selenium-server-standalone-2.31.0.jar:na]
	at org.openqa.selenium.support.ui.ExpectedConditions.findElement(ExpectedConditions.java:523) [selenium-server-standalone-2.31.0.jar:na]
	at org.openqa.selenium.support.ui.ExpectedConditions.access$0(ExpectedConditions.java:521) [selenium-server-standalone-2.31.0.jar:na]
	at org.openqa.selenium.support.ui.ExpectedConditions$3.apply(ExpectedConditions.java:106) [selenium-server-standalone-2.31.0.jar:na]
	at org.openqa.selenium.support.ui.ExpectedConditions$3.apply(ExpectedConditions.java:1) [selenium-server-standalone-2.31.0.jar:na]
	at org.openqa.selenium.support.ui.FluentWait.until(FluentWait.java:208) [selenium-server-standalone-2.31.0.jar:na]
	at main.pages.HomePage.selectLang(HomePage.java:119) [classes/:na]
	at test.java.RegisterTest.setup(RegisterTest.java:47) [classes/:na]
	at sun.reflect.NativeMethodAccessorImpl.invoke0(Native Method) ~[na:1.7.0_17]
	at sun.reflect.NativeMethodAccessorImpl.invoke(NativeMethodAccessorImpl.java:57) ~[na:1.7.0_17]
	at sun.reflect.DelegatingMethodAccessorImpl.invoke(DelegatingMethodAccessorImpl.java:43) ~[na:1.7.0_17]
	at java.lang.reflect.Method.invoke(Method.java:601) ~[na:1.7.0_17]
	at org.testng.internal.MethodInvocationHelper.invokeMethod(MethodInvocationHelper.java:80) [testng.jar:6.9beta-201211201815]
	at org.testng.internal.Invoker.invokeConfigurationMethod(Invoker.java:564) [testng.jar:6.9beta-201211201815]
	at org.testng.internal.Invoker.invokeConfigurations(Invoker.java:213) [testng.jar:6.9beta-201211201815]
	at org.testng.internal.Invoker.invokeConfigurations(Invoker.java:138) [testng.jar:6.9beta-201211201815]
	at org.testng.internal.TestMethodWorker.invokeBeforeClassMethods(TestMethodWorker.java:175) [testng.jar:6.9beta-201211201815]
	at org.testng.internal.TestMethodWorker.run(TestMethodWorker.java:107) [testng.jar:6.9beta-201211201815]
	at org.testng.TestRunner.privateRun(TestRunner.java:767) [testng.jar:6.9beta-201211201815]
	at org.testng.TestRunner.run(TestRunner.java:617) [testng.jar:6.9beta-201211201815]
	at org.testng.SuiteRunner.runTest(SuiteRunner.java:334) [testng.jar:6.9beta-201211201815]
	at org.testng.SuiteRunner.runSequentially(SuiteRunner.java:329) [testng.jar:6.9beta-201211201815]
	at org.testng.SuiteRunner.privateRun(SuiteRunner.java:291) [testng.jar:6.9beta-201211201815]
	at org.testng.SuiteRunner.run(SuiteRunner.java:240) [testng.jar:6.9beta-201211201815]
	at org.testng.SuiteRunnerWorker.runSuite(SuiteRunnerWorker.java:52) [testng.jar:6.9beta-201211201815]
	at org.testng.SuiteRunnerWorker.run(SuiteRunnerWorker.java:86) [testng.jar:6.9beta-201211201815]
	at org.testng.TestNG.runSuitesSequentially(TestNG.java:1203) [testng.jar:6.9beta-201211201815]
	at org.testng.TestNG.runSuitesLocally(TestNG.java:1128) [testng.jar:6.9beta-201211201815]
	at org.testng.TestNG.run(TestNG.java:1036) [testng.jar:6.9beta-201211201815]
	at org.testng.remote.RemoteTestNG.run(RemoteTestNG.java:111) [testng.jar:6.9beta-201211201815]
	at org.testng.remote.RemoteTestNG.initAndRun(RemoteTestNG.java:204) [testng.jar:6.9beta-201211201815]
	at org.testng.remote.RemoteTestNG.main(RemoteTestNG.java:175) [testng.jar:6.9beta-201211201815]
16204 [Thread-0] DEBUG main.Driver.WebDriverFactory - Killing driver 
259  [main] INFO  test.java.LogTest - >>>>>>>>>>>>>>>>>>>>>>>>>>>>>>>>>>>>>class test.java.RegisterTest<<<<<<<<<<<<<<<<<<<<<<<<<<<<<<<<<<<<<<<
264  [main] DEBUG main.Driver.WebDriverFactory - Requested driver: Capabilities [{browserName=chrome, proxy=org.openqa.selenium.Proxy@5052c36e}]:null
1139 [main] INFO  m.Driver.MyWebDriverEventListener - WebDriver navigating to:'https://plush.com.ua/'
4325 [main] DEBUG m.Driver.MyWebDriverEventListener - Webdriver will click on element tag:li id:  ('English▼')
4374 [main] DEBUG m.Driver.MyWebDriverEventListener - Webdriver clicked on element tag:li id:  ('English')
4392 [main] ERROR m.Driver.MyWebDriverEventListener - WebDriver error: Element not found By.id: 
4905 [main] ERROR m.Driver.MyWebDriverEventListener - WebDriver error: Element not found By.id: 
5417 [main] ERROR m.Driver.MyWebDriverEventListener - WebDriver error: Element not found By.id: 
5931 [main] ERROR m.Driver.MyWebDriverEventListener - WebDriver error: Element not found By.id: 
6445 [main] ERROR m.Driver.MyWebDriverEventListener - WebDriver error: Element not found By.id: 
6957 [main] ERROR m.Driver.MyWebDriverEventListener - WebDriver error: Element not found By.id: 
7469 [main] ERROR m.Driver.MyWebDriverEventListener - WebDriver error: Element not found By.id: 
7981 [main] ERROR m.Driver.MyWebDriverEventListener - WebDriver error: Element not found By.id: 
8493 [main] ERROR m.Driver.MyWebDriverEventListener - WebDriver error: Element not found By.id: 
9012 [main] ERROR m.Driver.MyWebDriverEventListener - WebDriver error: Element not found By.id: 
9525 [main] ERROR m.Driver.MyWebDriverEventListener - WebDriver error: Element not found By.id: 
10036 [main] ERROR m.Driver.MyWebDriverEventListener - WebDriver error: Element not found By.id: 
10549 [main] ERROR m.Driver.MyWebDriverEventListener - WebDriver error: Element not found By.id: 
11060 [main] ERROR m.Driver.MyWebDriverEventListener - WebDriver error: Element not found By.id: 
11574 [main] ERROR m.Driver.MyWebDriverEventListener - WebDriver error: Element not found By.id: 
12087 [main] ERROR m.Driver.MyWebDriverEventListener - WebDriver error: Element not found By.id: 
12601 [main] ERROR m.Driver.MyWebDriverEventListener - WebDriver error: Element not found By.id: 
13113 [main] ERROR m.Driver.MyWebDriverEventListener - WebDriver error: Element not found By.id: 
13625 [main] ERROR m.Driver.MyWebDriverEventListener - WebDriver error: Element not found By.id: 
14137 [main] ERROR m.Driver.MyWebDriverEventListener - WebDriver error: Element not found By.id: 
14649 [main] ERROR m.Driver.MyWebDriverEventListener - WebDriver error: Element not found By.id: 
15161 [main] ERROR m.Driver.MyWebDriverEventListener - WebDriver error: Element not found By.id: 
15672 [main] ERROR m.Driver.MyWebDriverEventListener - WebDriver error: Element not found By.id: 
16190 [main] ERROR m.Driver.MyWebDriverEventListener - WebDriver error: Element not found By.id: 
16701 [main] ERROR m.Driver.MyWebDriverEventListener - WebDriver error: Element not found By.id: 
17213 [main] ERROR m.Driver.MyWebDriverEventListener - WebDriver error: Element not found By.id: 
17724 [main] ERROR m.Driver.MyWebDriverEventListener - WebDriver error: Element not found By.id: 
18236 [main] ERROR m.Driver.MyWebDriverEventListener - WebDriver error: Element not found By.id: 
18747 [main] ERROR m.Driver.MyWebDriverEventListener - WebDriver error: Element not found By.id: 
19259 [main] ERROR m.Driver.MyWebDriverEventListener - WebDriver error: Element not found By.id: 
19771 [main] ERROR m.Driver.MyWebDriverEventListener - WebDriver error: Element not found By.id: 
20283 [main] ERROR m.Driver.MyWebDriverEventListener - WebDriver error: Element not found By.id: 
20795 [main] ERROR m.Driver.MyWebDriverEventListener - WebDriver error: Element not found By.id: 
21306 [main] ERROR m.Driver.MyWebDriverEventListener - WebDriver error: Element not found By.id: 
21818 [main] ERROR m.Driver.MyWebDriverEventListener - WebDriver error: Element not found By.id: 
22330 [main] ERROR m.Driver.MyWebDriverEventListener - WebDriver error: Element not found By.id: 
22841 [main] ERROR m.Driver.MyWebDriverEventListener - WebDriver error: Element not found By.id: 
23353 [main] ERROR m.Driver.MyWebDriverEventListener - WebDriver error: Element not found By.id: 
23866 [main] ERROR m.Driver.MyWebDriverEventListener - WebDriver error: Element not found By.id: 
24378 [main] ERROR m.Driver.MyWebDriverEventListener - WebDriver error: Element not found By.id: 
24449 [Thread-0] DEBUG main.Driver.WebDriverFactory - Killing driver 
238  [main] INFO  test.java.LogTest - >>>>>>>>>>>>>>>>>>>>>>>>>>>>>>>>>>>>>class test.java.RegisterTest<<<<<<<<<<<<<<<<<<<<<<<<<<<<<<<<<<<<<<<
244  [main] DEBUG main.Driver.WebDriverFactory - Requested driver: Capabilities [{browserName=chrome, proxy=org.openqa.selenium.Proxy@2237ed25}]:null
1088 [main] INFO  m.Driver.MyWebDriverEventListener - WebDriver navigating to:'https://plush.com.ua/'
3682 [main] DEBUG m.Driver.MyWebDriverEventListener - Webdriver will click on element tag:li id:  ('English▼')
3733 [main] DEBUG m.Driver.MyWebDriverEventListener - Webdriver clicked on element tag:li id:  ('English')
3750 [main] ERROR m.Driver.MyWebDriverEventListener - WebDriver error: Element not found By.id: 
4262 [main] ERROR m.Driver.MyWebDriverEventListener - WebDriver error: Element not found By.id: 
4775 [main] ERROR m.Driver.MyWebDriverEventListener - WebDriver error: Element not found By.id: 
5289 [main] ERROR m.Driver.MyWebDriverEventListener - WebDriver error: Element not found By.id: 
5801 [main] ERROR m.Driver.MyWebDriverEventListener - WebDriver error: Element not found By.id: 
6314 [main] ERROR m.Driver.MyWebDriverEventListener - WebDriver error: Element not found By.id: 
6824 [main] ERROR m.Driver.MyWebDriverEventListener - WebDriver error: Element not found By.id: 
7336 [main] ERROR m.Driver.MyWebDriverEventListener - WebDriver error: Element not found By.id: 
7848 [main] ERROR m.Driver.MyWebDriverEventListener - WebDriver error: Element not found By.id: 
8360 [main] ERROR m.Driver.MyWebDriverEventListener - WebDriver error: Element not found By.id: 
8873 [main] ERROR m.Driver.MyWebDriverEventListener - WebDriver error: Element not found By.id: 
9384 [main] ERROR m.Driver.MyWebDriverEventListener - WebDriver error: Element not found By.id: 
9898 [main] ERROR m.Driver.MyWebDriverEventListener - WebDriver error: Element not found By.id: 
10410 [main] ERROR m.Driver.MyWebDriverEventListener - WebDriver error: Element not found By.id: 
10923 [main] ERROR m.Driver.MyWebDriverEventListener - WebDriver error: Element not found By.id: 
11435 [main] ERROR m.Driver.MyWebDriverEventListener - WebDriver error: Element not found By.id: 
11947 [main] ERROR m.Driver.MyWebDriverEventListener - WebDriver error: Element not found By.id: 
12459 [main] ERROR m.Driver.MyWebDriverEventListener - WebDriver error: Element not found By.id: 
12971 [main] ERROR m.Driver.MyWebDriverEventListener - WebDriver error: Element not found By.id: 
13482 [main] ERROR m.Driver.MyWebDriverEventListener - WebDriver error: Element not found By.id: 
13994 [main] ERROR m.Driver.MyWebDriverEventListener - WebDriver error: Element not found By.id: 
14505 [main] ERROR m.Driver.MyWebDriverEventListener - WebDriver error: Element not found By.id: 
15017 [main] ERROR m.Driver.MyWebDriverEventListener - WebDriver error: Element not found By.id: 
15534 [main] ERROR m.Driver.MyWebDriverEventListener - WebDriver error: Element not found By.id: 
16045 [main] ERROR m.Driver.MyWebDriverEventListener - WebDriver error: Element not found By.id: 
16557 [main] ERROR m.Driver.MyWebDriverEventListener - WebDriver error: Element not found By.id: 
17067 [main] ERROR m.Driver.MyWebDriverEventListener - WebDriver error: Element not found By.id: 
17578 [main] ERROR m.Driver.MyWebDriverEventListener - WebDriver error: Element not found By.id: 
18090 [main] ERROR m.Driver.MyWebDriverEventListener - WebDriver error: Element not found By.id: 
18602 [main] ERROR m.Driver.MyWebDriverEventListener - WebDriver error: Element not found By.id: 
21114 [main] ERROR m.Driver.MyWebDriverEventListener - WebDriver error:
org.openqa.selenium.remote.UnreachableBrowserException: Error communicating with the remote browser. It may have died.
Build info: version: '2.31.0', revision: '1bd294d', time: '2013-02-27 20:52:59'
System info: os.name: 'Linux', os.arch: 'amd64', os.version: '3.2.0-23-generic', java.version: '1.7.0_17'
Driver info: driver.version: EventFiringWebDriver
	at org.openqa.selenium.remote.RemoteWebDriver.execute(RemoteWebDriver.java:548) ~[selenium-server-standalone-2.31.0.jar:na]
	at org.openqa.selenium.remote.RemoteWebDriver.findElement(RemoteWebDriver.java:307) ~[selenium-server-standalone-2.31.0.jar:na]
	at org.openqa.selenium.remote.RemoteWebDriver.findElementById(RemoteWebDriver.java:348) ~[selenium-server-standalone-2.31.0.jar:na]
	at org.openqa.selenium.By$ById.findElement(By.java:216) ~[selenium-server-standalone-2.31.0.jar:na]
	at org.openqa.selenium.remote.RemoteWebDriver.findElement(RemoteWebDriver.java:299) ~[selenium-server-standalone-2.31.0.jar:na]
	at sun.reflect.GeneratedMethodAccessor6.invoke(Unknown Source) ~[na:na]
	at sun.reflect.DelegatingMethodAccessorImpl.invoke(DelegatingMethodAccessorImpl.java:43) ~[na:1.7.0_17]
	at java.lang.reflect.Method.invoke(Method.java:601) ~[na:1.7.0_17]
	at org.openqa.selenium.support.events.EventFiringWebDriver$2.invoke(EventFiringWebDriver.java:101) ~[selenium-server-standalone-2.31.0.jar:na]
	at com.sun.proxy.$Proxy7.findElement(Unknown Source) ~[na:na]
	at org.openqa.selenium.support.events.EventFiringWebDriver.findElement(EventFiringWebDriver.java:180) ~[selenium-server-standalone-2.31.0.jar:na]
	at org.openqa.selenium.support.ui.ExpectedConditions.findElement(ExpectedConditions.java:523) [selenium-server-standalone-2.31.0.jar:na]
	at org.openqa.selenium.support.ui.ExpectedConditions.access$0(ExpectedConditions.java:521) [selenium-server-standalone-2.31.0.jar:na]
	at org.openqa.selenium.support.ui.ExpectedConditions$3.apply(ExpectedConditions.java:106) [selenium-server-standalone-2.31.0.jar:na]
	at org.openqa.selenium.support.ui.ExpectedConditions$3.apply(ExpectedConditions.java:1) [selenium-server-standalone-2.31.0.jar:na]
	at org.openqa.selenium.support.ui.FluentWait.until(FluentWait.java:208) [selenium-server-standalone-2.31.0.jar:na]
	at main.pages.HomePage.selectLang(HomePage.java:119) [classes/:na]
	at test.java.RegisterTest.setup(RegisterTest.java:47) [classes/:na]
	at sun.reflect.NativeMethodAccessorImpl.invoke0(Native Method) ~[na:1.7.0_17]
	at sun.reflect.NativeMethodAccessorImpl.invoke(NativeMethodAccessorImpl.java:57) ~[na:1.7.0_17]
	at sun.reflect.DelegatingMethodAccessorImpl.invoke(DelegatingMethodAccessorImpl.java:43) ~[na:1.7.0_17]
	at java.lang.reflect.Method.invoke(Method.java:601) ~[na:1.7.0_17]
	at org.testng.internal.MethodInvocationHelper.invokeMethod(MethodInvocationHelper.java:80) [testng.jar:6.9beta-201211201815]
	at org.testng.internal.Invoker.invokeConfigurationMethod(Invoker.java:564) [testng.jar:6.9beta-201211201815]
	at org.testng.internal.Invoker.invokeConfigurations(Invoker.java:213) [testng.jar:6.9beta-201211201815]
	at org.testng.internal.Invoker.invokeConfigurations(Invoker.java:138) [testng.jar:6.9beta-201211201815]
	at org.testng.internal.TestMethodWorker.invokeBeforeClassMethods(TestMethodWorker.java:175) [testng.jar:6.9beta-201211201815]
	at org.testng.internal.TestMethodWorker.run(TestMethodWorker.java:107) [testng.jar:6.9beta-201211201815]
	at org.testng.TestRunner.privateRun(TestRunner.java:767) [testng.jar:6.9beta-201211201815]
	at org.testng.TestRunner.run(TestRunner.java:617) [testng.jar:6.9beta-201211201815]
	at org.testng.SuiteRunner.runTest(SuiteRunner.java:334) [testng.jar:6.9beta-201211201815]
	at org.testng.SuiteRunner.runSequentially(SuiteRunner.java:329) [testng.jar:6.9beta-201211201815]
	at org.testng.SuiteRunner.privateRun(SuiteRunner.java:291) [testng.jar:6.9beta-201211201815]
	at org.testng.SuiteRunner.run(SuiteRunner.java:240) [testng.jar:6.9beta-201211201815]
	at org.testng.SuiteRunnerWorker.runSuite(SuiteRunnerWorker.java:52) [testng.jar:6.9beta-201211201815]
	at org.testng.SuiteRunnerWorker.run(SuiteRunnerWorker.java:86) [testng.jar:6.9beta-201211201815]
	at org.testng.TestNG.runSuitesSequentially(TestNG.java:1203) [testng.jar:6.9beta-201211201815]
	at org.testng.TestNG.runSuitesLocally(TestNG.java:1128) [testng.jar:6.9beta-201211201815]
	at org.testng.TestNG.run(TestNG.java:1036) [testng.jar:6.9beta-201211201815]
	at org.testng.remote.RemoteTestNG.run(RemoteTestNG.java:111) [testng.jar:6.9beta-201211201815]
	at org.testng.remote.RemoteTestNG.initAndRun(RemoteTestNG.java:204) [testng.jar:6.9beta-201211201815]
	at org.testng.remote.RemoteTestNG.main(RemoteTestNG.java:175) [testng.jar:6.9beta-201211201815]
Caused by: org.openqa.selenium.WebDriverException: The driver server has unexpectedly died!
Build info: version: '2.31.0', revision: '1bd294d', time: '2013-02-27 20:52:59'
System info: os.name: 'Linux', os.arch: 'amd64', os.version: '3.2.0-23-generic', java.version: '1.7.0_17'
Driver info: driver.version: EventFiringWebDriver
	at org.openqa.selenium.remote.service.DriverCommandExecutor.execute(DriverCommandExecutor.java:72) ~[selenium-server-standalone-2.31.0.jar:na]
	at org.openqa.selenium.remote.RemoteWebDriver.execute(RemoteWebDriver.java:527) ~[selenium-server-standalone-2.31.0.jar:na]
	... 41 common frames omitted
Caused by: org.apache.http.conn.HttpHostConnectException: Connection to http://localhost:27137 refused
	at org.apache.http.impl.conn.DefaultClientConnectionOperator.openConnection(DefaultClientConnectionOperator.java:190) ~[selenium-server-standalone-2.31.0.jar:na]
	at org.apache.http.impl.conn.AbstractPoolEntry.open(AbstractPoolEntry.java:151) ~[selenium-server-standalone-2.31.0.jar:na]
	at org.apache.http.impl.conn.AbstractPooledConnAdapter.open(AbstractPooledConnAdapter.java:125) ~[selenium-server-standalone-2.31.0.jar:na]
	at org.apache.http.impl.client.DefaultRequestDirector.tryConnect(DefaultRequestDirector.java:640) ~[selenium-server-standalone-2.31.0.jar:na]
	at org.apache.http.impl.client.DefaultRequestDirector.execute(DefaultRequestDirector.java:479) ~[selenium-server-standalone-2.31.0.jar:na]
	at org.apache.http.impl.client.AbstractHttpClient.execute(AbstractHttpClient.java:906) ~[selenium-server-standalone-2.31.0.jar:na]
	at org.openqa.selenium.remote.HttpCommandExecutor.fallBackExecute(HttpCommandExecutor.java:334) ~[selenium-server-standalone-2.31.0.jar:na]
	at org.openqa.selenium.remote.HttpCommandExecutor.execute(HttpCommandExecutor.java:295) ~[selenium-server-standalone-2.31.0.jar:na]
	at org.openqa.selenium.remote.service.DriverCommandExecutor.execute(DriverCommandExecutor.java:66) ~[selenium-server-standalone-2.31.0.jar:na]
	... 42 common frames omitted
Caused by: java.net.ConnectException: Connection refused
	at java.net.PlainSocketImpl.socketConnect(Native Method) ~[na:1.7.0_17]
	at java.net.AbstractPlainSocketImpl.doConnect(AbstractPlainSocketImpl.java:339) ~[na:1.7.0_17]
	at java.net.AbstractPlainSocketImpl.connectToAddress(AbstractPlainSocketImpl.java:200) ~[na:1.7.0_17]
	at java.net.AbstractPlainSocketImpl.connect(AbstractPlainSocketImpl.java:182) ~[na:1.7.0_17]
	at java.net.SocksSocketImpl.connect(SocksSocketImpl.java:391) ~[na:1.7.0_17]
	at java.net.Socket.connect(Socket.java:579) ~[na:1.7.0_17]
	at org.apache.http.conn.scheme.PlainSocketFactory.connectSocket(PlainSocketFactory.java:127) ~[selenium-server-standalone-2.31.0.jar:na]
	at org.apache.http.impl.conn.DefaultClientConnectionOperator.openConnection(DefaultClientConnectionOperator.java:180) ~[selenium-server-standalone-2.31.0.jar:na]
	... 50 common frames omitted
21184 [Thread-0] DEBUG main.Driver.WebDriverFactory - Killing driver 
21187 [Thread-0] ERROR m.Driver.MyWebDriverEventListener - WebDriver error:
org.openqa.selenium.remote.UnreachableBrowserException: Error communicating with the remote browser. It may have died.
Build info: version: '2.31.0', revision: '1bd294d', time: '2013-02-27 20:52:59'
System info: os.name: 'Linux', os.arch: 'amd64', os.version: '3.2.0-23-generic', java.version: '1.7.0_17'
Driver info: driver.version: EventFiringWebDriver
	at org.openqa.selenium.remote.RemoteWebDriver.execute(RemoteWebDriver.java:548) ~[selenium-server-standalone-2.31.0.jar:na]
	at org.openqa.selenium.remote.RemoteWebDriver.execute(RemoteWebDriver.java:569) ~[selenium-server-standalone-2.31.0.jar:na]
	at org.openqa.selenium.remote.RemoteWebDriver.quit(RemoteWebDriver.java:423) ~[selenium-server-standalone-2.31.0.jar:na]
	at sun.reflect.NativeMethodAccessorImpl.invoke0(Native Method) ~[na:1.7.0_17]
	at sun.reflect.NativeMethodAccessorImpl.invoke(NativeMethodAccessorImpl.java:57) ~[na:1.7.0_17]
	at sun.reflect.DelegatingMethodAccessorImpl.invoke(DelegatingMethodAccessorImpl.java:43) ~[na:1.7.0_17]
	at java.lang.reflect.Method.invoke(Method.java:601) ~[na:1.7.0_17]
	at org.openqa.selenium.support.events.EventFiringWebDriver$2.invoke(EventFiringWebDriver.java:101) ~[selenium-server-standalone-2.31.0.jar:na]
	at com.sun.proxy.$Proxy7.quit(Unknown Source) ~[na:na]
	at org.openqa.selenium.support.events.EventFiringWebDriver.quit(EventFiringWebDriver.java:194) ~[selenium-server-standalone-2.31.0.jar:na]
	at main.Driver.WebDriverFactory.dismissDriver(WebDriverFactory.java:144) ~[classes/:na]
	at main.Driver.WebDriverFactory$1.run(WebDriverFactory.java:204) [classes/:na]
Caused by: org.openqa.selenium.WebDriverException: The driver server has unexpectedly died!
Build info: version: '2.31.0', revision: '1bd294d', time: '2013-02-27 20:52:59'
System info: os.name: 'Linux', os.arch: 'amd64', os.version: '3.2.0-23-generic', java.version: '1.7.0_17'
Driver info: driver.version: EventFiringWebDriver
	at org.openqa.selenium.remote.service.DriverCommandExecutor.execute(DriverCommandExecutor.java:72) ~[selenium-server-standalone-2.31.0.jar:na]
	at org.openqa.selenium.remote.RemoteWebDriver.execute(RemoteWebDriver.java:527) ~[selenium-server-standalone-2.31.0.jar:na]
	... 11 common frames omitted
Caused by: org.apache.http.conn.HttpHostConnectException: Connection to http://localhost:27137 refused
	at org.apache.http.impl.conn.DefaultClientConnectionOperator.openConnection(DefaultClientConnectionOperator.java:190) ~[selenium-server-standalone-2.31.0.jar:na]
	at org.apache.http.impl.conn.AbstractPoolEntry.open(AbstractPoolEntry.java:151) ~[selenium-server-standalone-2.31.0.jar:na]
	at org.apache.http.impl.conn.AbstractPooledConnAdapter.open(AbstractPooledConnAdapter.java:125) ~[selenium-server-standalone-2.31.0.jar:na]
	at org.apache.http.impl.client.DefaultRequestDirector.tryConnect(DefaultRequestDirector.java:640) ~[selenium-server-standalone-2.31.0.jar:na]
	at org.apache.http.impl.client.DefaultRequestDirector.execute(DefaultRequestDirector.java:479) ~[selenium-server-standalone-2.31.0.jar:na]
	at org.apache.http.impl.client.AbstractHttpClient.execute(AbstractHttpClient.java:906) ~[selenium-server-standalone-2.31.0.jar:na]
	at org.openqa.selenium.remote.HttpCommandExecutor.fallBackExecute(HttpCommandExecutor.java:316) ~[selenium-server-standalone-2.31.0.jar:na]
	at org.openqa.selenium.remote.HttpCommandExecutor.execute(HttpCommandExecutor.java:295) ~[selenium-server-standalone-2.31.0.jar:na]
	at org.openqa.selenium.remote.service.DriverCommandExecutor.execute(DriverCommandExecutor.java:66) ~[selenium-server-standalone-2.31.0.jar:na]
	... 12 common frames omitted
Caused by: java.net.ConnectException: Connection refused
	at java.net.PlainSocketImpl.socketConnect(Native Method) ~[na:1.7.0_17]
	at java.net.AbstractPlainSocketImpl.doConnect(AbstractPlainSocketImpl.java:339) ~[na:1.7.0_17]
	at java.net.AbstractPlainSocketImpl.connectToAddress(AbstractPlainSocketImpl.java:200) ~[na:1.7.0_17]
	at java.net.AbstractPlainSocketImpl.connect(AbstractPlainSocketImpl.java:182) ~[na:1.7.0_17]
	at java.net.SocksSocketImpl.connect(SocksSocketImpl.java:391) ~[na:1.7.0_17]
	at java.net.Socket.connect(Socket.java:579) ~[na:1.7.0_17]
	at org.apache.http.conn.scheme.PlainSocketFactory.connectSocket(PlainSocketFactory.java:127) ~[selenium-server-standalone-2.31.0.jar:na]
	at org.apache.http.impl.conn.DefaultClientConnectionOperator.openConnection(DefaultClientConnectionOperator.java:180) ~[selenium-server-standalone-2.31.0.jar:na]
	... 20 common frames omitted
21188 [Thread-0] WARN  main.Driver.WebDriverFactory - Driver killing error
org.openqa.selenium.remote.UnreachableBrowserException: Error communicating with the remote browser. It may have died.
Build info: version: '2.31.0', revision: '1bd294d', time: '2013-02-27 20:52:59'
System info: os.name: 'Linux', os.arch: 'amd64', os.version: '3.2.0-23-generic', java.version: '1.7.0_17'
Driver info: driver.version: EventFiringWebDriver
	at org.openqa.selenium.remote.RemoteWebDriver.execute(RemoteWebDriver.java:548) ~[selenium-server-standalone-2.31.0.jar:na]
	at org.openqa.selenium.remote.RemoteWebDriver.execute(RemoteWebDriver.java:569) ~[selenium-server-standalone-2.31.0.jar:na]
	at org.openqa.selenium.remote.RemoteWebDriver.quit(RemoteWebDriver.java:423) ~[selenium-server-standalone-2.31.0.jar:na]
	at sun.reflect.NativeMethodAccessorImpl.invoke0(Native Method) ~[na:1.7.0_17]
	at sun.reflect.NativeMethodAccessorImpl.invoke(NativeMethodAccessorImpl.java:57) ~[na:1.7.0_17]
	at sun.reflect.DelegatingMethodAccessorImpl.invoke(DelegatingMethodAccessorImpl.java:43) ~[na:1.7.0_17]
	at java.lang.reflect.Method.invoke(Method.java:601) ~[na:1.7.0_17]
	at org.openqa.selenium.support.events.EventFiringWebDriver$2.invoke(EventFiringWebDriver.java:101) ~[selenium-server-standalone-2.31.0.jar:na]
	at com.sun.proxy.$Proxy7.quit(Unknown Source) ~[na:na]
	at org.openqa.selenium.support.events.EventFiringWebDriver.quit(EventFiringWebDriver.java:194) ~[selenium-server-standalone-2.31.0.jar:na]
	at main.Driver.WebDriverFactory.dismissDriver(WebDriverFactory.java:144) ~[classes/:na]
	at main.Driver.WebDriverFactory$1.run(WebDriverFactory.java:204) [classes/:na]
Caused by: org.openqa.selenium.WebDriverException: The driver server has unexpectedly died!
Build info: version: '2.31.0', revision: '1bd294d', time: '2013-02-27 20:52:59'
System info: os.name: 'Linux', os.arch: 'amd64', os.version: '3.2.0-23-generic', java.version: '1.7.0_17'
Driver info: driver.version: EventFiringWebDriver
	at org.openqa.selenium.remote.service.DriverCommandExecutor.execute(DriverCommandExecutor.java:72) ~[selenium-server-standalone-2.31.0.jar:na]
	at org.openqa.selenium.remote.RemoteWebDriver.execute(RemoteWebDriver.java:527) ~[selenium-server-standalone-2.31.0.jar:na]
	... 11 common frames omitted
Caused by: org.apache.http.conn.HttpHostConnectException: Connection to http://localhost:27137 refused
	at org.apache.http.impl.conn.DefaultClientConnectionOperator.openConnection(DefaultClientConnectionOperator.java:190) ~[selenium-server-standalone-2.31.0.jar:na]
	at org.apache.http.impl.conn.AbstractPoolEntry.open(AbstractPoolEntry.java:151) ~[selenium-server-standalone-2.31.0.jar:na]
	at org.apache.http.impl.conn.AbstractPooledConnAdapter.open(AbstractPooledConnAdapter.java:125) ~[selenium-server-standalone-2.31.0.jar:na]
	at org.apache.http.impl.client.DefaultRequestDirector.tryConnect(DefaultRequestDirector.java:640) ~[selenium-server-standalone-2.31.0.jar:na]
	at org.apache.http.impl.client.DefaultRequestDirector.execute(DefaultRequestDirector.java:479) ~[selenium-server-standalone-2.31.0.jar:na]
	at org.apache.http.impl.client.AbstractHttpClient.execute(AbstractHttpClient.java:906) ~[selenium-server-standalone-2.31.0.jar:na]
	at org.openqa.selenium.remote.HttpCommandExecutor.fallBackExecute(HttpCommandExecutor.java:316) ~[selenium-server-standalone-2.31.0.jar:na]
	at org.openqa.selenium.remote.HttpCommandExecutor.execute(HttpCommandExecutor.java:295) ~[selenium-server-standalone-2.31.0.jar:na]
	at org.openqa.selenium.remote.service.DriverCommandExecutor.execute(DriverCommandExecutor.java:66) ~[selenium-server-standalone-2.31.0.jar:na]
	... 12 common frames omitted
Caused by: java.net.ConnectException: Connection refused
	at java.net.PlainSocketImpl.socketConnect(Native Method) ~[na:1.7.0_17]
	at java.net.AbstractPlainSocketImpl.doConnect(AbstractPlainSocketImpl.java:339) ~[na:1.7.0_17]
	at java.net.AbstractPlainSocketImpl.connectToAddress(AbstractPlainSocketImpl.java:200) ~[na:1.7.0_17]
	at java.net.AbstractPlainSocketImpl.connect(AbstractPlainSocketImpl.java:182) ~[na:1.7.0_17]
	at java.net.SocksSocketImpl.connect(SocksSocketImpl.java:391) ~[na:1.7.0_17]
	at java.net.Socket.connect(Socket.java:579) ~[na:1.7.0_17]
	at org.apache.http.conn.scheme.PlainSocketFactory.connectSocket(PlainSocketFactory.java:127) ~[selenium-server-standalone-2.31.0.jar:na]
	at org.apache.http.impl.conn.DefaultClientConnectionOperator.openConnection(DefaultClientConnectionOperator.java:180) ~[selenium-server-standalone-2.31.0.jar:na]
	... 20 common frames omitted
262  [main] INFO  test.java.LogTest - >>>>>>>>>>>>>>>>>>>>>>>>>>>>>>>>>>>>>class test.java.RegisterTest<<<<<<<<<<<<<<<<<<<<<<<<<<<<<<<<<<<<<<<
267  [main] DEBUG main.Driver.WebDriverFactory - Requested driver: Capabilities [{browserName=chrome, proxy=org.openqa.selenium.Proxy@5052c36e}]:null
1233 [main] INFO  m.Driver.MyWebDriverEventListener - WebDriver navigating to:'https://plush.com.ua/'
3835 [main] DEBUG m.Driver.MyWebDriverEventListener - Webdriver will click on element tag:li id:  ('English▼')
3885 [main] DEBUG m.Driver.MyWebDriverEventListener - Webdriver clicked on element tag:li id:  ('English')
3903 [main] ERROR m.Driver.MyWebDriverEventListener - WebDriver error: Element not found By.id: 
4415 [main] ERROR m.Driver.MyWebDriverEventListener - WebDriver error: Element not found By.id: 
4927 [main] ERROR m.Driver.MyWebDriverEventListener - WebDriver error: Element not found By.id: 
5441 [main] ERROR m.Driver.MyWebDriverEventListener - WebDriver error: Element not found By.id: 
5955 [main] ERROR m.Driver.MyWebDriverEventListener - WebDriver error: Element not found By.id: 
6828 [main] ERROR m.Driver.MyWebDriverEventListener - WebDriver error:
org.openqa.selenium.WebDriverException: Chrome did not respond to 'WaitForAllTabsToStopLoading'. Elapsed time was 361 ms. (WARNING: The server did not provide any stacktrace information)
Command duration or timeout: 364 milliseconds
Build info: version: '2.31.0', revision: '1bd294d', time: '2013-02-27 20:52:59'
System info: os.name: 'Linux', os.arch: 'amd64', os.version: '3.2.0-23-generic', java.version: '1.7.0_17'
Session ID: f970da03d1aa5ed2c883bb02dcf27119
Driver info: org.openqa.selenium.chrome.ChromeDriver
Capabilities [{platform=LINUX, chrome.chromedriverVersion=26.0.1383.0, acceptSslCerts=false, javascriptEnabled=true, browserName=chrome, rotatable=false, locationContextEnabled=false, version=26.0.1410.43, cssSelectorsEnabled=true, databaseEnabled=false, handlesAlerts=true, browserConnectionEnabled=false, webStorageEnabled=true, nativeEvents=true, applicationCacheEnabled=false, takesScreenshot=true}]
	at sun.reflect.NativeConstructorAccessorImpl.newInstance0(Native Method) ~[na:1.7.0_17]
	at sun.reflect.NativeConstructorAccessorImpl.newInstance(NativeConstructorAccessorImpl.java:57) ~[na:1.7.0_17]
	at sun.reflect.DelegatingConstructorAccessorImpl.newInstance(DelegatingConstructorAccessorImpl.java:45) ~[na:1.7.0_17]
	at java.lang.reflect.Constructor.newInstance(Constructor.java:525) ~[na:1.7.0_17]
	at org.openqa.selenium.remote.ErrorHandler.createThrowable(ErrorHandler.java:187) ~[selenium-server-standalone-2.31.0.jar:na]
	at org.openqa.selenium.remote.ErrorHandler.throwIfResponseFailed(ErrorHandler.java:145) ~[selenium-server-standalone-2.31.0.jar:na]
	at org.openqa.selenium.remote.RemoteWebDriver.execute(RemoteWebDriver.java:554) ~[selenium-server-standalone-2.31.0.jar:na]
	at org.openqa.selenium.remote.RemoteWebDriver.findElement(RemoteWebDriver.java:307) ~[selenium-server-standalone-2.31.0.jar:na]
	at org.openqa.selenium.remote.RemoteWebDriver.findElementById(RemoteWebDriver.java:348) ~[selenium-server-standalone-2.31.0.jar:na]
	at org.openqa.selenium.By$ById.findElement(By.java:216) ~[selenium-server-standalone-2.31.0.jar:na]
	at org.openqa.selenium.remote.RemoteWebDriver.findElement(RemoteWebDriver.java:299) ~[selenium-server-standalone-2.31.0.jar:na]
	at sun.reflect.NativeMethodAccessorImpl.invoke0(Native Method) ~[na:1.7.0_17]
	at sun.reflect.NativeMethodAccessorImpl.invoke(NativeMethodAccessorImpl.java:57) ~[na:1.7.0_17]
	at sun.reflect.DelegatingMethodAccessorImpl.invoke(DelegatingMethodAccessorImpl.java:43) ~[na:1.7.0_17]
	at java.lang.reflect.Method.invoke(Method.java:601) ~[na:1.7.0_17]
	at org.openqa.selenium.support.events.EventFiringWebDriver$2.invoke(EventFiringWebDriver.java:101) ~[selenium-server-standalone-2.31.0.jar:na]
	at com.sun.proxy.$Proxy7.findElement(Unknown Source) ~[na:na]
	at org.openqa.selenium.support.events.EventFiringWebDriver.findElement(EventFiringWebDriver.java:180) ~[selenium-server-standalone-2.31.0.jar:na]
	at org.openqa.selenium.support.ui.ExpectedConditions.findElement(ExpectedConditions.java:523) ~[selenium-server-standalone-2.31.0.jar:na]
	at org.openqa.selenium.support.ui.ExpectedConditions.access$0(ExpectedConditions.java:521) ~[selenium-server-standalone-2.31.0.jar:na]
	at org.openqa.selenium.support.ui.ExpectedConditions$3.apply(ExpectedConditions.java:106) [selenium-server-standalone-2.31.0.jar:na]
	at org.openqa.selenium.support.ui.ExpectedConditions$3.apply(ExpectedConditions.java:1) [selenium-server-standalone-2.31.0.jar:na]
	at org.openqa.selenium.support.ui.FluentWait.until(FluentWait.java:208) [selenium-server-standalone-2.31.0.jar:na]
	at main.pages.HomePage.selectLang(HomePage.java:119) [classes/:na]
	at test.java.RegisterTest.setup(RegisterTest.java:47) [classes/:na]
	at sun.reflect.NativeMethodAccessorImpl.invoke0(Native Method) ~[na:1.7.0_17]
	at sun.reflect.NativeMethodAccessorImpl.invoke(NativeMethodAccessorImpl.java:57) ~[na:1.7.0_17]
	at sun.reflect.DelegatingMethodAccessorImpl.invoke(DelegatingMethodAccessorImpl.java:43) ~[na:1.7.0_17]
	at java.lang.reflect.Method.invoke(Method.java:601) ~[na:1.7.0_17]
	at org.testng.internal.MethodInvocationHelper.invokeMethod(MethodInvocationHelper.java:80) [testng.jar:6.9beta-201211201815]
	at org.testng.internal.Invoker.invokeConfigurationMethod(Invoker.java:564) [testng.jar:6.9beta-201211201815]
	at org.testng.internal.Invoker.invokeConfigurations(Invoker.java:213) [testng.jar:6.9beta-201211201815]
	at org.testng.internal.Invoker.invokeConfigurations(Invoker.java:138) [testng.jar:6.9beta-201211201815]
	at org.testng.internal.TestMethodWorker.invokeBeforeClassMethods(TestMethodWorker.java:175) [testng.jar:6.9beta-201211201815]
	at org.testng.internal.TestMethodWorker.run(TestMethodWorker.java:107) [testng.jar:6.9beta-201211201815]
	at org.testng.TestRunner.privateRun(TestRunner.java:767) [testng.jar:6.9beta-201211201815]
	at org.testng.TestRunner.run(TestRunner.java:617) [testng.jar:6.9beta-201211201815]
	at org.testng.SuiteRunner.runTest(SuiteRunner.java:334) [testng.jar:6.9beta-201211201815]
	at org.testng.SuiteRunner.runSequentially(SuiteRunner.java:329) [testng.jar:6.9beta-201211201815]
	at org.testng.SuiteRunner.privateRun(SuiteRunner.java:291) [testng.jar:6.9beta-201211201815]
	at org.testng.SuiteRunner.run(SuiteRunner.java:240) [testng.jar:6.9beta-201211201815]
	at org.testng.SuiteRunnerWorker.runSuite(SuiteRunnerWorker.java:52) [testng.jar:6.9beta-201211201815]
	at org.testng.SuiteRunnerWorker.run(SuiteRunnerWorker.java:86) [testng.jar:6.9beta-201211201815]
	at org.testng.TestNG.runSuitesSequentially(TestNG.java:1203) [testng.jar:6.9beta-201211201815]
	at org.testng.TestNG.runSuitesLocally(TestNG.java:1128) [testng.jar:6.9beta-201211201815]
	at org.testng.TestNG.run(TestNG.java:1036) [testng.jar:6.9beta-201211201815]
	at org.testng.remote.RemoteTestNG.run(RemoteTestNG.java:111) [testng.jar:6.9beta-201211201815]
	at org.testng.remote.RemoteTestNG.initAndRun(RemoteTestNG.java:204) [testng.jar:6.9beta-201211201815]
	at org.testng.remote.RemoteTestNG.main(RemoteTestNG.java:175) [testng.jar:6.9beta-201211201815]
6894 [Thread-0] DEBUG main.Driver.WebDriverFactory - Killing driver 
258  [main] INFO  test.java.LogTest - >>>>>>>>>>>>>>>>>>>>>>>>>>>>>>>>>>>>>class test.java.RegisterTest<<<<<<<<<<<<<<<<<<<<<<<<<<<<<<<<<<<<<<<
266  [main] DEBUG main.Driver.WebDriverFactory - Requested driver: Capabilities [{platform=ANY, browserName=chrome, proxy=org.openqa.selenium.Proxy@337ea934, version=}]:null
1145 [main] INFO  m.Driver.MyWebDriverEventListener - WebDriver navigating to:'https://plush.com.ua/'
3704 [main] DEBUG m.Driver.MyWebDriverEventListener - Webdriver will click on element tag:li id:  ('English▼')
3785 [main] DEBUG m.Driver.MyWebDriverEventListener - Webdriver clicked on element tag:li id:  ('English')
3823 [main] ERROR m.Driver.MyWebDriverEventListener - WebDriver error: Element not found By.id: 
4335 [main] ERROR m.Driver.MyWebDriverEventListener - WebDriver error: Element not found By.id: 
4846 [main] ERROR m.Driver.MyWebDriverEventListener - WebDriver error: Element not found By.id: 
5360 [main] ERROR m.Driver.MyWebDriverEventListener - WebDriver error: Element not found By.id: 
5874 [main] ERROR m.Driver.MyWebDriverEventListener - WebDriver error: Element not found By.id: 
6386 [main] ERROR m.Driver.MyWebDriverEventListener - WebDriver error: Element not found By.id: 
6898 [main] ERROR m.Driver.MyWebDriverEventListener - WebDriver error: Element not found By.id: 
7410 [main] ERROR m.Driver.MyWebDriverEventListener - WebDriver error: Element not found By.id: 
7923 [main] ERROR m.Driver.MyWebDriverEventListener - WebDriver error: Element not found By.id: 
8665 [main] ERROR m.Driver.MyWebDriverEventListener - WebDriver error: Element not found By.id: 
9177 [main] ERROR m.Driver.MyWebDriverEventListener - WebDriver error: Element not found By.id: 
9688 [main] ERROR m.Driver.MyWebDriverEventListener - WebDriver error: Element not found By.id: 
10200 [main] ERROR m.Driver.MyWebDriverEventListener - WebDriver error: Element not found By.id: 
10924 [main] ERROR m.Driver.MyWebDriverEventListener - WebDriver error: Element not found By.id: 
11436 [main] ERROR m.Driver.MyWebDriverEventListener - WebDriver error: Element not found By.id: 
11948 [main] ERROR m.Driver.MyWebDriverEventListener - WebDriver error: Element not found By.id: 
12460 [main] ERROR m.Driver.MyWebDriverEventListener - WebDriver error: Element not found By.id: 
12971 [main] ERROR m.Driver.MyWebDriverEventListener - WebDriver error: Element not found By.id: 
13935 [main] ERROR m.Driver.MyWebDriverEventListener - WebDriver error: Element not found By.id: 
14447 [main] ERROR m.Driver.MyWebDriverEventListener - WebDriver error: Element not found By.id: 
14959 [main] ERROR m.Driver.MyWebDriverEventListener - WebDriver error: Element not found By.id: 
15470 [main] ERROR m.Driver.MyWebDriverEventListener - WebDriver error: Element not found By.id: 
15982 [main] ERROR m.Driver.MyWebDriverEventListener - WebDriver error: Element not found By.id: 
16495 [main] ERROR m.Driver.MyWebDriverEventListener - WebDriver error: Element not found By.id: 
17006 [main] ERROR m.Driver.MyWebDriverEventListener - WebDriver error: Element not found By.id: 
17517 [main] ERROR m.Driver.MyWebDriverEventListener - WebDriver error: Element not found By.id: 
18029 [main] ERROR m.Driver.MyWebDriverEventListener - WebDriver error: Element not found By.id: 
18540 [main] ERROR m.Driver.MyWebDriverEventListener - WebDriver error: Element not found By.id: 
19051 [main] ERROR m.Driver.MyWebDriverEventListener - WebDriver error: Element not found By.id: 
19562 [main] ERROR m.Driver.MyWebDriverEventListener - WebDriver error: Element not found By.id: 
20074 [main] ERROR m.Driver.MyWebDriverEventListener - WebDriver error: Element not found By.id: 
20586 [main] ERROR m.Driver.MyWebDriverEventListener - WebDriver error: Element not found By.id: 
21097 [main] ERROR m.Driver.MyWebDriverEventListener - WebDriver error: Element not found By.id: 
21609 [main] ERROR m.Driver.MyWebDriverEventListener - WebDriver error: Element not found By.id: 
22120 [main] ERROR m.Driver.MyWebDriverEventListener - WebDriver error: Element not found By.id: 
22631 [main] ERROR m.Driver.MyWebDriverEventListener - WebDriver error: Element not found By.id: 
23143 [main] ERROR m.Driver.MyWebDriverEventListener - WebDriver error: Element not found By.id: 
23654 [main] ERROR m.Driver.MyWebDriverEventListener - WebDriver error: Element not found By.id: 
24165 [main] ERROR m.Driver.MyWebDriverEventListener - WebDriver error: Element not found By.id: 
24236 [Thread-0] DEBUG main.Driver.WebDriverFactory - Killing driver 
260  [main] INFO  test.java.LogTest - >>>>>>>>>>>>>>>>>>>>>>>>>>>>>>>>>>>>>class test.java.RegisterTest<<<<<<<<<<<<<<<<<<<<<<<<<<<<<<<<<<<<<<<
1069 [main] DEBUG main.Driver.WebDriverFactory - Requested driver: Capabilities [{firefox_profile=org.openqa.selenium.firefox.FirefoxProfile@3ea70c8f, browserName=firefox, proxy=org.openqa.selenium.Proxy@6d08d69f}]:null
13792 [main] INFO  m.Driver.MyWebDriverEventListener - WebDriver navigating to:'https://plush.com.ua/'
16055 [main] DEBUG m.Driver.MyWebDriverEventListener - Webdriver will click on element tag:li id:  ('Русский▼')
16152 [main] DEBUG m.Driver.MyWebDriverEventListener - Webdriver clicked on element tag:li id:  ('Русский')
16179 [main] ERROR m.Driver.MyWebDriverEventListener - WebDriver error: Element not found By.id: 
16688 [main] ERROR m.Driver.MyWebDriverEventListener - WebDriver error: Element not found By.id: 
17195 [main] ERROR m.Driver.MyWebDriverEventListener - WebDriver error: Element not found By.id: 
17703 [main] ERROR m.Driver.MyWebDriverEventListener - WebDriver error: Element not found By.id: 
19001 [main] ERROR m.Driver.MyWebDriverEventListener - WebDriver error:
org.openqa.selenium.NoSuchWindowException: Window not found. The browser window may have been closed.
Command duration or timeout: 792 milliseconds
Build info: version: '2.31.0', revision: '1bd294d', time: '2013-02-27 20:52:59'
System info: os.name: 'Linux', os.arch: 'amd64', os.version: '3.2.0-23-generic', java.version: '1.7.0_17'
Session ID: b0d1b921-41ee-45ce-a2f4-6fa4acc55ad5
Driver info: org.openqa.selenium.firefox.FirefoxDriver
Capabilities [{platform=LINUX, databaseEnabled=true, cssSelectorsEnabled=true, javascriptEnabled=true, acceptSslCerts=true, handlesAlerts=true, browserName=firefox, browserConnectionEnabled=true, nativeEvents=false, webStorageEnabled=true, rotatable=false, locationContextEnabled=true, applicationCacheEnabled=true, takesScreenshot=true, version=19.0.2}]
	at sun.reflect.NativeConstructorAccessorImpl.newInstance0(Native Method) ~[na:1.7.0_17]
	at sun.reflect.NativeConstructorAccessorImpl.newInstance(NativeConstructorAccessorImpl.java:57) ~[na:1.7.0_17]
	at sun.reflect.DelegatingConstructorAccessorImpl.newInstance(DelegatingConstructorAccessorImpl.java:45) ~[na:1.7.0_17]
	at java.lang.reflect.Constructor.newInstance(Constructor.java:525) ~[na:1.7.0_17]
	at org.openqa.selenium.remote.ErrorHandler.createThrowable(ErrorHandler.java:187) ~[selenium-server-standalone-2.31.0.jar:na]
	at org.openqa.selenium.remote.ErrorHandler.throwIfResponseFailed(ErrorHandler.java:145) ~[selenium-server-standalone-2.31.0.jar:na]
	at org.openqa.selenium.remote.RemoteWebDriver.execute(RemoteWebDriver.java:554) ~[selenium-server-standalone-2.31.0.jar:na]
	at org.openqa.selenium.remote.RemoteWebDriver.findElement(RemoteWebDriver.java:307) ~[selenium-server-standalone-2.31.0.jar:na]
	at org.openqa.selenium.remote.RemoteWebDriver.findElementById(RemoteWebDriver.java:348) ~[selenium-server-standalone-2.31.0.jar:na]
	at org.openqa.selenium.By$ById.findElement(By.java:216) ~[selenium-server-standalone-2.31.0.jar:na]
	at org.openqa.selenium.remote.RemoteWebDriver.findElement(RemoteWebDriver.java:299) ~[selenium-server-standalone-2.31.0.jar:na]
	at sun.reflect.NativeMethodAccessorImpl.invoke0(Native Method) ~[na:1.7.0_17]
	at sun.reflect.NativeMethodAccessorImpl.invoke(NativeMethodAccessorImpl.java:57) ~[na:1.7.0_17]
	at sun.reflect.DelegatingMethodAccessorImpl.invoke(DelegatingMethodAccessorImpl.java:43) ~[na:1.7.0_17]
	at java.lang.reflect.Method.invoke(Method.java:601) ~[na:1.7.0_17]
	at org.openqa.selenium.support.events.EventFiringWebDriver$2.invoke(EventFiringWebDriver.java:101) ~[selenium-server-standalone-2.31.0.jar:na]
	at com.sun.proxy.$Proxy7.findElement(Unknown Source) ~[na:na]
	at org.openqa.selenium.support.events.EventFiringWebDriver.findElement(EventFiringWebDriver.java:180) ~[selenium-server-standalone-2.31.0.jar:na]
	at org.openqa.selenium.support.ui.ExpectedConditions.findElement(ExpectedConditions.java:523) ~[selenium-server-standalone-2.31.0.jar:na]
	at org.openqa.selenium.support.ui.ExpectedConditions.access$0(ExpectedConditions.java:521) ~[selenium-server-standalone-2.31.0.jar:na]
	at org.openqa.selenium.support.ui.ExpectedConditions$3.apply(ExpectedConditions.java:106) [selenium-server-standalone-2.31.0.jar:na]
	at org.openqa.selenium.support.ui.ExpectedConditions$3.apply(ExpectedConditions.java:1) [selenium-server-standalone-2.31.0.jar:na]
	at org.openqa.selenium.support.ui.FluentWait.until(FluentWait.java:208) [selenium-server-standalone-2.31.0.jar:na]
	at main.pages.HomePage.selectLang(HomePage.java:119) [classes/:na]
	at test.java.RegisterTest.setup(RegisterTest.java:47) [classes/:na]
	at sun.reflect.NativeMethodAccessorImpl.invoke0(Native Method) ~[na:1.7.0_17]
	at sun.reflect.NativeMethodAccessorImpl.invoke(NativeMethodAccessorImpl.java:57) ~[na:1.7.0_17]
	at sun.reflect.DelegatingMethodAccessorImpl.invoke(DelegatingMethodAccessorImpl.java:43) ~[na:1.7.0_17]
	at java.lang.reflect.Method.invoke(Method.java:601) ~[na:1.7.0_17]
	at org.testng.internal.MethodInvocationHelper.invokeMethod(MethodInvocationHelper.java:80) [testng.jar:6.9beta-201211201815]
	at org.testng.internal.Invoker.invokeConfigurationMethod(Invoker.java:564) [testng.jar:6.9beta-201211201815]
	at org.testng.internal.Invoker.invokeConfigurations(Invoker.java:213) [testng.jar:6.9beta-201211201815]
	at org.testng.internal.Invoker.invokeConfigurations(Invoker.java:138) [testng.jar:6.9beta-201211201815]
	at org.testng.internal.TestMethodWorker.invokeBeforeClassMethods(TestMethodWorker.java:175) [testng.jar:6.9beta-201211201815]
	at org.testng.internal.TestMethodWorker.run(TestMethodWorker.java:107) [testng.jar:6.9beta-201211201815]
	at org.testng.TestRunner.privateRun(TestRunner.java:767) [testng.jar:6.9beta-201211201815]
	at org.testng.TestRunner.run(TestRunner.java:617) [testng.jar:6.9beta-201211201815]
	at org.testng.SuiteRunner.runTest(SuiteRunner.java:334) [testng.jar:6.9beta-201211201815]
	at org.testng.SuiteRunner.runSequentially(SuiteRunner.java:329) [testng.jar:6.9beta-201211201815]
	at org.testng.SuiteRunner.privateRun(SuiteRunner.java:291) [testng.jar:6.9beta-201211201815]
	at org.testng.SuiteRunner.run(SuiteRunner.java:240) [testng.jar:6.9beta-201211201815]
	at org.testng.SuiteRunnerWorker.runSuite(SuiteRunnerWorker.java:52) [testng.jar:6.9beta-201211201815]
	at org.testng.SuiteRunnerWorker.run(SuiteRunnerWorker.java:86) [testng.jar:6.9beta-201211201815]
	at org.testng.TestNG.runSuitesSequentially(TestNG.java:1203) [testng.jar:6.9beta-201211201815]
	at org.testng.TestNG.runSuitesLocally(TestNG.java:1128) [testng.jar:6.9beta-201211201815]
	at org.testng.TestNG.run(TestNG.java:1036) [testng.jar:6.9beta-201211201815]
	at org.testng.remote.RemoteTestNG.run(RemoteTestNG.java:111) [testng.jar:6.9beta-201211201815]
	at org.testng.remote.RemoteTestNG.initAndRun(RemoteTestNG.java:204) [testng.jar:6.9beta-201211201815]
	at org.testng.remote.RemoteTestNG.main(RemoteTestNG.java:175) [testng.jar:6.9beta-201211201815]
org.openqa.selenium.remote.ErrorHandler$UnknownServerException: Window not found. The browser window may have been closed.
Build info: version: '2.31.0', revision: '1bd294d', time: '2013-02-27 20:52:59'
System info: os.name: 'Linux', os.arch: 'amd64', os.version: '3.2.0-23-generic', java.version: '1.7.0_17'
Driver info: driver.version: unknown
	at <anonymous class>.nsCommandProcessor.prototype.execute(file:///tmp/anonymous8287380776929708648webdriver-profile/extensions/fxdriver@googlecode.com/components/command_processor.js:10342) ~[na:na]
	at <anonymous class>.Dispatcher.executeAs/<(file:///tmp/anonymous8287380776929708648webdriver-profile/extensions/fxdriver@googlecode.com/components/driver_component.js:7358) ~[na:na]
	at <anonymous class>.Resource.prototype.handle(file:///tmp/anonymous8287380776929708648webdriver-profile/extensions/fxdriver@googlecode.com/components/driver_component.js:7516) ~[na:na]
	at <anonymous class>.Dispatcher.prototype.dispatch(file:///tmp/anonymous8287380776929708648webdriver-profile/extensions/fxdriver@googlecode.com/components/driver_component.js:7463) ~[na:na]
	at <anonymous class>.WebDriverServer/<.handle(file:///tmp/anonymous8287380776929708648webdriver-profile/extensions/fxdriver@googlecode.com/components/driver_component.js:10152) ~[na:na]
	at <anonymous class>.<anonymous method>(file:///tmp/anonymous8287380776929708648webdriver-profile/extensions/fxdriver@googlecode.com/components/httpd.js:1935) ~[na:na]
	at <anonymous class>.ServerHandler.prototype.handleResponse(file:///tmp/anonymous8287380776929708648webdriver-profile/extensions/fxdriver@googlecode.com/components/httpd.js:2261) ~[na:na]
	at <anonymous class>.Connection.prototype.process(file:///tmp/anonymous8287380776929708648webdriver-profile/extensions/fxdriver@googlecode.com/components/httpd.js:1168) ~[na:na]
	at <anonymous class>.RequestReader.prototype._handleResponse(file:///tmp/anonymous8287380776929708648webdriver-profile/extensions/fxdriver@googlecode.com/components/httpd.js:1616) ~[na:na]
	at <anonymous class>.RequestReader.prototype._processBody(file:///tmp/anonymous8287380776929708648webdriver-profile/extensions/fxdriver@googlecode.com/components/httpd.js:1464) ~[na:na]
	at <anonymous class>.RequestReader.prototype.onInputStreamReady(file:///tmp/anonymous8287380776929708648webdriver-profile/extensions/fxdriver@googlecode.com/components/httpd.js:1333) ~[na:na]
19507 [main] ERROR m.Driver.MyWebDriverEventListener - WebDriver error:
org.openqa.selenium.remote.UnreachableBrowserException: Error communicating with the remote browser. It may have died.
Build info: version: '2.31.0', revision: '1bd294d', time: '2013-02-27 20:52:59'
System info: os.name: 'Linux', os.arch: 'amd64', os.version: '3.2.0-23-generic', java.version: '1.7.0_17'
Driver info: driver.version: EventFiringWebDriver
	at org.openqa.selenium.remote.RemoteWebDriver.execute(RemoteWebDriver.java:548) ~[selenium-server-standalone-2.31.0.jar:na]
	at org.openqa.selenium.remote.RemoteWebDriver.findElement(RemoteWebDriver.java:307) ~[selenium-server-standalone-2.31.0.jar:na]
	at org.openqa.selenium.remote.RemoteWebDriver.findElementById(RemoteWebDriver.java:348) ~[selenium-server-standalone-2.31.0.jar:na]
	at org.openqa.selenium.By$ById.findElement(By.java:216) ~[selenium-server-standalone-2.31.0.jar:na]
	at org.openqa.selenium.remote.RemoteWebDriver.findElement(RemoteWebDriver.java:299) ~[selenium-server-standalone-2.31.0.jar:na]
	at sun.reflect.NativeMethodAccessorImpl.invoke0(Native Method) ~[na:1.7.0_17]
	at sun.reflect.NativeMethodAccessorImpl.invoke(NativeMethodAccessorImpl.java:57) ~[na:1.7.0_17]
	at sun.reflect.DelegatingMethodAccessorImpl.invoke(DelegatingMethodAccessorImpl.java:43) ~[na:1.7.0_17]
	at java.lang.reflect.Method.invoke(Method.java:601) ~[na:1.7.0_17]
	at org.openqa.selenium.support.events.EventFiringWebDriver$2.invoke(EventFiringWebDriver.java:101) ~[selenium-server-standalone-2.31.0.jar:na]
	at com.sun.proxy.$Proxy7.findElement(Unknown Source) ~[na:na]
	at org.openqa.selenium.support.events.EventFiringWebDriver.findElement(EventFiringWebDriver.java:180) ~[selenium-server-standalone-2.31.0.jar:na]
	at org.openqa.selenium.support.ui.ExpectedConditions.findElement(ExpectedConditions.java:523) ~[selenium-server-standalone-2.31.0.jar:na]
	at org.openqa.selenium.support.ui.ExpectedConditions.access$0(ExpectedConditions.java:521) ~[selenium-server-standalone-2.31.0.jar:na]
	at org.openqa.selenium.support.ui.ExpectedConditions$3.apply(ExpectedConditions.java:106) [selenium-server-standalone-2.31.0.jar:na]
	at org.openqa.selenium.support.ui.ExpectedConditions$3.apply(ExpectedConditions.java:1) [selenium-server-standalone-2.31.0.jar:na]
	at org.openqa.selenium.support.ui.FluentWait.until(FluentWait.java:208) [selenium-server-standalone-2.31.0.jar:na]
	at main.pages.HomePage.selectLang(HomePage.java:119) [classes/:na]
	at test.java.RegisterTest.setup(RegisterTest.java:47) [classes/:na]
	at sun.reflect.NativeMethodAccessorImpl.invoke0(Native Method) ~[na:1.7.0_17]
	at sun.reflect.NativeMethodAccessorImpl.invoke(NativeMethodAccessorImpl.java:57) ~[na:1.7.0_17]
	at sun.reflect.DelegatingMethodAccessorImpl.invoke(DelegatingMethodAccessorImpl.java:43) ~[na:1.7.0_17]
	at java.lang.reflect.Method.invoke(Method.java:601) ~[na:1.7.0_17]
	at org.testng.internal.MethodInvocationHelper.invokeMethod(MethodInvocationHelper.java:80) [testng.jar:6.9beta-201211201815]
	at org.testng.internal.Invoker.invokeConfigurationMethod(Invoker.java:564) [testng.jar:6.9beta-201211201815]
	at org.testng.internal.Invoker.invokeConfigurations(Invoker.java:213) [testng.jar:6.9beta-201211201815]
	at org.testng.internal.Invoker.invokeConfigurations(Invoker.java:138) [testng.jar:6.9beta-201211201815]
	at org.testng.internal.TestMethodWorker.invokeBeforeClassMethods(TestMethodWorker.java:175) [testng.jar:6.9beta-201211201815]
	at org.testng.internal.TestMethodWorker.run(TestMethodWorker.java:107) [testng.jar:6.9beta-201211201815]
	at org.testng.TestRunner.privateRun(TestRunner.java:767) [testng.jar:6.9beta-201211201815]
	at org.testng.TestRunner.run(TestRunner.java:617) [testng.jar:6.9beta-201211201815]
	at org.testng.SuiteRunner.runTest(SuiteRunner.java:334) [testng.jar:6.9beta-201211201815]
	at org.testng.SuiteRunner.runSequentially(SuiteRunner.java:329) [testng.jar:6.9beta-201211201815]
	at org.testng.SuiteRunner.privateRun(SuiteRunner.java:291) [testng.jar:6.9beta-201211201815]
	at org.testng.SuiteRunner.run(SuiteRunner.java:240) [testng.jar:6.9beta-201211201815]
	at org.testng.SuiteRunnerWorker.runSuite(SuiteRunnerWorker.java:52) [testng.jar:6.9beta-201211201815]
	at org.testng.SuiteRunnerWorker.run(SuiteRunnerWorker.java:86) [testng.jar:6.9beta-201211201815]
	at org.testng.TestNG.runSuitesSequentially(TestNG.java:1203) [testng.jar:6.9beta-201211201815]
	at org.testng.TestNG.runSuitesLocally(TestNG.java:1128) [testng.jar:6.9beta-201211201815]
	at org.testng.TestNG.run(TestNG.java:1036) [testng.jar:6.9beta-201211201815]
	at org.testng.remote.RemoteTestNG.run(RemoteTestNG.java:111) [testng.jar:6.9beta-201211201815]
	at org.testng.remote.RemoteTestNG.initAndRun(RemoteTestNG.java:204) [testng.jar:6.9beta-201211201815]
	at org.testng.remote.RemoteTestNG.main(RemoteTestNG.java:175) [testng.jar:6.9beta-201211201815]
Caused by: org.apache.http.conn.HttpHostConnectException: Connection to http://127.0.0.1:7055 refused
	at org.apache.http.impl.conn.DefaultClientConnectionOperator.openConnection(DefaultClientConnectionOperator.java:190) ~[selenium-server-standalone-2.31.0.jar:na]
	at org.apache.http.impl.conn.AbstractPoolEntry.open(AbstractPoolEntry.java:151) ~[selenium-server-standalone-2.31.0.jar:na]
	at org.apache.http.impl.conn.AbstractPooledConnAdapter.open(AbstractPooledConnAdapter.java:125) ~[selenium-server-standalone-2.31.0.jar:na]
	at org.apache.http.impl.client.DefaultRequestDirector.tryConnect(DefaultRequestDirector.java:640) ~[selenium-server-standalone-2.31.0.jar:na]
	at org.apache.http.impl.client.DefaultRequestDirector.execute(DefaultRequestDirector.java:479) ~[selenium-server-standalone-2.31.0.jar:na]
	at org.apache.http.impl.client.AbstractHttpClient.execute(AbstractHttpClient.java:906) ~[selenium-server-standalone-2.31.0.jar:na]
	at org.openqa.selenium.remote.HttpCommandExecutor.fallBackExecute(HttpCommandExecutor.java:316) ~[selenium-server-standalone-2.31.0.jar:na]
	at org.openqa.selenium.remote.HttpCommandExecutor.execute(HttpCommandExecutor.java:295) ~[selenium-server-standalone-2.31.0.jar:na]
	at org.openqa.selenium.firefox.internal.NewProfileExtensionConnection.execute(NewProfileExtensionConnection.java:133) ~[selenium-server-standalone-2.31.0.jar:na]
	at org.openqa.selenium.firefox.FirefoxDriver$LazyCommandExecutor.execute(FirefoxDriver.java:355) ~[selenium-server-standalone-2.31.0.jar:na]
	at org.openqa.selenium.remote.RemoteWebDriver.execute(RemoteWebDriver.java:527) ~[selenium-server-standalone-2.31.0.jar:na]
	... 42 common frames omitted
Caused by: java.net.ConnectException: Connection refused
	at java.net.PlainSocketImpl.socketConnect(Native Method) ~[na:1.7.0_17]
	at java.net.AbstractPlainSocketImpl.doConnect(AbstractPlainSocketImpl.java:339) ~[na:1.7.0_17]
	at java.net.AbstractPlainSocketImpl.connectToAddress(AbstractPlainSocketImpl.java:200) ~[na:1.7.0_17]
	at java.net.AbstractPlainSocketImpl.connect(AbstractPlainSocketImpl.java:182) ~[na:1.7.0_17]
	at java.net.SocksSocketImpl.connect(SocksSocketImpl.java:391) ~[na:1.7.0_17]
	at java.net.Socket.connect(Socket.java:579) ~[na:1.7.0_17]
	at org.apache.http.conn.scheme.PlainSocketFactory.connectSocket(PlainSocketFactory.java:127) ~[selenium-server-standalone-2.31.0.jar:na]
	at org.apache.http.impl.conn.DefaultClientConnectionOperator.openConnection(DefaultClientConnectionOperator.java:180) ~[selenium-server-standalone-2.31.0.jar:na]
	... 52 common frames omitted
20317 [Thread-2] DEBUG main.Driver.WebDriverFactory - Killing driver 
21502 [Thread-2] ERROR m.Driver.MyWebDriverEventListener - WebDriver error:
org.openqa.selenium.remote.UnreachableBrowserException: Error communicating with the remote browser. It may have died.
Build info: version: '2.31.0', revision: '1bd294d', time: '2013-02-27 20:52:59'
System info: os.name: 'Linux', os.arch: 'amd64', os.version: '3.2.0-23-generic', java.version: '1.7.0_17'
Driver info: driver.version: EventFiringWebDriver
	at org.openqa.selenium.remote.RemoteWebDriver.execute(RemoteWebDriver.java:548) ~[selenium-server-standalone-2.31.0.jar:na]
	at org.openqa.selenium.remote.RemoteWebDriver.execute(RemoteWebDriver.java:569) ~[selenium-server-standalone-2.31.0.jar:na]
	at org.openqa.selenium.remote.RemoteWebDriver.quit(RemoteWebDriver.java:423) ~[selenium-server-standalone-2.31.0.jar:na]
	at sun.reflect.NativeMethodAccessorImpl.invoke0(Native Method) ~[na:1.7.0_17]
	at sun.reflect.NativeMethodAccessorImpl.invoke(NativeMethodAccessorImpl.java:57) ~[na:1.7.0_17]
	at sun.reflect.DelegatingMethodAccessorImpl.invoke(DelegatingMethodAccessorImpl.java:43) ~[na:1.7.0_17]
	at java.lang.reflect.Method.invoke(Method.java:601) ~[na:1.7.0_17]
	at org.openqa.selenium.support.events.EventFiringWebDriver$2.invoke(EventFiringWebDriver.java:101) ~[selenium-server-standalone-2.31.0.jar:na]
	at com.sun.proxy.$Proxy7.quit(Unknown Source) ~[na:na]
	at org.openqa.selenium.support.events.EventFiringWebDriver.quit(EventFiringWebDriver.java:194) ~[selenium-server-standalone-2.31.0.jar:na]
	at main.Driver.WebDriverFactory.dismissDriver(WebDriverFactory.java:144) ~[classes/:na]
	at main.Driver.WebDriverFactory$1.run(WebDriverFactory.java:204) ~[classes/:na]
Caused by: org.apache.http.conn.HttpHostConnectException: Connection to http://127.0.0.1:7055 refused
	at org.apache.http.impl.conn.DefaultClientConnectionOperator.openConnection(DefaultClientConnectionOperator.java:190) ~[selenium-server-standalone-2.31.0.jar:na]
	at org.apache.http.impl.conn.AbstractPoolEntry.open(AbstractPoolEntry.java:151) ~[selenium-server-standalone-2.31.0.jar:na]
	at org.apache.http.impl.conn.AbstractPooledConnAdapter.open(AbstractPooledConnAdapter.java:125) ~[selenium-server-standalone-2.31.0.jar:na]
	at org.apache.http.impl.client.DefaultRequestDirector.tryConnect(DefaultRequestDirector.java:640) ~[selenium-server-standalone-2.31.0.jar:na]
	at org.apache.http.impl.client.DefaultRequestDirector.execute(DefaultRequestDirector.java:479) ~[selenium-server-standalone-2.31.0.jar:na]
	at org.apache.http.impl.client.AbstractHttpClient.execute(AbstractHttpClient.java:906) ~[selenium-server-standalone-2.31.0.jar:na]
	at org.openqa.selenium.remote.HttpCommandExecutor.fallBackExecute(HttpCommandExecutor.java:316) ~[selenium-server-standalone-2.31.0.jar:na]
	at org.openqa.selenium.remote.HttpCommandExecutor.execute(HttpCommandExecutor.java:295) ~[selenium-server-standalone-2.31.0.jar:na]
	at org.openqa.selenium.firefox.internal.NewProfileExtensionConnection.execute(NewProfileExtensionConnection.java:133) ~[selenium-server-standalone-2.31.0.jar:na]
	at org.openqa.selenium.firefox.FirefoxDriver$LazyCommandExecutor.execute(FirefoxDriver.java:355) ~[selenium-server-standalone-2.31.0.jar:na]
	at org.openqa.selenium.remote.RemoteWebDriver.execute(RemoteWebDriver.java:527) ~[selenium-server-standalone-2.31.0.jar:na]
	... 11 common frames omitted
Caused by: java.net.ConnectException: Connection refused
	at java.net.PlainSocketImpl.socketConnect(Native Method) ~[na:1.7.0_17]
	at java.net.AbstractPlainSocketImpl.doConnect(AbstractPlainSocketImpl.java:339) ~[na:1.7.0_17]
	at java.net.AbstractPlainSocketImpl.connectToAddress(AbstractPlainSocketImpl.java:200) ~[na:1.7.0_17]
	at java.net.AbstractPlainSocketImpl.connect(AbstractPlainSocketImpl.java:182) ~[na:1.7.0_17]
	at java.net.SocksSocketImpl.connect(SocksSocketImpl.java:391) ~[na:1.7.0_17]
	at java.net.Socket.connect(Socket.java:579) ~[na:1.7.0_17]
	at org.apache.http.conn.scheme.PlainSocketFactory.connectSocket(PlainSocketFactory.java:127) ~[selenium-server-standalone-2.31.0.jar:na]
	at org.apache.http.impl.conn.DefaultClientConnectionOperator.openConnection(DefaultClientConnectionOperator.java:180) ~[selenium-server-standalone-2.31.0.jar:na]
	... 21 common frames omitted
21503 [Thread-2] WARN  main.Driver.WebDriverFactory - Driver killing error
org.openqa.selenium.remote.UnreachableBrowserException: Error communicating with the remote browser. It may have died.
Build info: version: '2.31.0', revision: '1bd294d', time: '2013-02-27 20:52:59'
System info: os.name: 'Linux', os.arch: 'amd64', os.version: '3.2.0-23-generic', java.version: '1.7.0_17'
Driver info: driver.version: EventFiringWebDriver
	at org.openqa.selenium.remote.RemoteWebDriver.execute(RemoteWebDriver.java:548) ~[selenium-server-standalone-2.31.0.jar:na]
	at org.openqa.selenium.remote.RemoteWebDriver.execute(RemoteWebDriver.java:569) ~[selenium-server-standalone-2.31.0.jar:na]
	at org.openqa.selenium.remote.RemoteWebDriver.quit(RemoteWebDriver.java:423) ~[selenium-server-standalone-2.31.0.jar:na]
	at sun.reflect.NativeMethodAccessorImpl.invoke0(Native Method) ~[na:1.7.0_17]
	at sun.reflect.NativeMethodAccessorImpl.invoke(NativeMethodAccessorImpl.java:57) ~[na:1.7.0_17]
	at sun.reflect.DelegatingMethodAccessorImpl.invoke(DelegatingMethodAccessorImpl.java:43) ~[na:1.7.0_17]
	at java.lang.reflect.Method.invoke(Method.java:601) ~[na:1.7.0_17]
	at org.openqa.selenium.support.events.EventFiringWebDriver$2.invoke(EventFiringWebDriver.java:101) ~[selenium-server-standalone-2.31.0.jar:na]
	at com.sun.proxy.$Proxy7.quit(Unknown Source) ~[na:na]
	at org.openqa.selenium.support.events.EventFiringWebDriver.quit(EventFiringWebDriver.java:194) ~[selenium-server-standalone-2.31.0.jar:na]
	at main.Driver.WebDriverFactory.dismissDriver(WebDriverFactory.java:144) ~[classes/:na]
	at main.Driver.WebDriverFactory$1.run(WebDriverFactory.java:204) [classes/:na]
Caused by: org.apache.http.conn.HttpHostConnectException: Connection to http://127.0.0.1:7055 refused
	at org.apache.http.impl.conn.DefaultClientConnectionOperator.openConnection(DefaultClientConnectionOperator.java:190) ~[selenium-server-standalone-2.31.0.jar:na]
	at org.apache.http.impl.conn.AbstractPoolEntry.open(AbstractPoolEntry.java:151) ~[selenium-server-standalone-2.31.0.jar:na]
	at org.apache.http.impl.conn.AbstractPooledConnAdapter.open(AbstractPooledConnAdapter.java:125) ~[selenium-server-standalone-2.31.0.jar:na]
	at org.apache.http.impl.client.DefaultRequestDirector.tryConnect(DefaultRequestDirector.java:640) ~[selenium-server-standalone-2.31.0.jar:na]
	at org.apache.http.impl.client.DefaultRequestDirector.execute(DefaultRequestDirector.java:479) ~[selenium-server-standalone-2.31.0.jar:na]
	at org.apache.http.impl.client.AbstractHttpClient.execute(AbstractHttpClient.java:906) ~[selenium-server-standalone-2.31.0.jar:na]
	at org.openqa.selenium.remote.HttpCommandExecutor.fallBackExecute(HttpCommandExecutor.java:316) ~[selenium-server-standalone-2.31.0.jar:na]
	at org.openqa.selenium.remote.HttpCommandExecutor.execute(HttpCommandExecutor.java:295) ~[selenium-server-standalone-2.31.0.jar:na]
	at org.openqa.selenium.firefox.internal.NewProfileExtensionConnection.execute(NewProfileExtensionConnection.java:133) ~[selenium-server-standalone-2.31.0.jar:na]
	at org.openqa.selenium.firefox.FirefoxDriver$LazyCommandExecutor.execute(FirefoxDriver.java:355) ~[selenium-server-standalone-2.31.0.jar:na]
	at org.openqa.selenium.remote.RemoteWebDriver.execute(RemoteWebDriver.java:527) ~[selenium-server-standalone-2.31.0.jar:na]
	... 11 common frames omitted
Caused by: java.net.ConnectException: Connection refused
	at java.net.PlainSocketImpl.socketConnect(Native Method) ~[na:1.7.0_17]
	at java.net.AbstractPlainSocketImpl.doConnect(AbstractPlainSocketImpl.java:339) ~[na:1.7.0_17]
	at java.net.AbstractPlainSocketImpl.connectToAddress(AbstractPlainSocketImpl.java:200) ~[na:1.7.0_17]
	at java.net.AbstractPlainSocketImpl.connect(AbstractPlainSocketImpl.java:182) ~[na:1.7.0_17]
	at java.net.SocksSocketImpl.connect(SocksSocketImpl.java:391) ~[na:1.7.0_17]
	at java.net.Socket.connect(Socket.java:579) ~[na:1.7.0_17]
	at org.apache.http.conn.scheme.PlainSocketFactory.connectSocket(PlainSocketFactory.java:127) ~[selenium-server-standalone-2.31.0.jar:na]
	at org.apache.http.impl.conn.DefaultClientConnectionOperator.openConnection(DefaultClientConnectionOperator.java:180) ~[selenium-server-standalone-2.31.0.jar:na]
	... 21 common frames omitted
259  [main] INFO  test.java.LogTest - >>>>>>>>>>>>>>>>>>>>>>>>>>>>>>>>>>>>>class test.java.RegisterTest<<<<<<<<<<<<<<<<<<<<<<<<<<<<<<<<<<<<<<<
274  [main] DEBUG main.Driver.WebDriverFactory - Requested driver: org.openqa.selenium.chrome.ChromeOptions@84b7924f:null
1142 [main] INFO  m.Driver.MyWebDriverEventListener - WebDriver navigating to:'https://plush.com.ua/'
1920 [main] ERROR m.Driver.MyWebDriverEventListener - WebDriver error: Element not found By.selector: .select-lang .selected
1991 [Thread-0] DEBUG main.Driver.WebDriverFactory - Killing driver 
258  [main] INFO  test.java.LogTest - >>>>>>>>>>>>>>>>>>>>>>>>>>>>>>>>>>>>>class test.java.RegisterTest<<<<<<<<<<<<<<<<<<<<<<<<<<<<<<<<<<<<<<<
274  [main] DEBUG main.Driver.WebDriverFactory - Requested driver: org.openqa.selenium.chrome.ChromeOptions@84b7924f:null
1167 [main] INFO  m.Driver.MyWebDriverEventListener - WebDriver navigating to:'https://plush.com.ua/'
6855 [main] ERROR m.Driver.MyWebDriverEventListener - WebDriver error: Element not found By.selector: .select-lang .selected
6918 [Thread-0] DEBUG main.Driver.WebDriverFactory - Killing driver 
270  [main] INFO  test.java.LogTest - >>>>>>>>>>>>>>>>>>>>>>>>>>>>>>>>>>>>>class test.java.LogTest<<<<<<<<<<<<<<<<<<<<<<<<<<<<<<<<<<<<<<<
278  [main] DEBUG main.Driver.WebDriverFactory - Requested driver: Capabilities [{platform=ANY, browserName=firefox, version=}]:null
3232 [main] INFO  m.Driver.MyWebDriverEventListener - WebDriver navigating to:'https://plush.com.ua/'
5567 [main] DEBUG m.Driver.MyWebDriverEventListener - Webdriver will click on element tag:li id:  ('English▼')
5692 [main] DEBUG m.Driver.MyWebDriverEventListener - Webdriver clicked on element tag:li id:  ('English')
5705 [main] ERROR m.Driver.MyWebDriverEventListener - WebDriver error: Element not found By.id: 
6219 [main] ERROR m.Driver.MyWebDriverEventListener - WebDriver error: Element not found By.id: 
6729 [main] ERROR m.Driver.MyWebDriverEventListener - WebDriver error: Element not found By.id: 
7241 [main] ERROR m.Driver.MyWebDriverEventListener - WebDriver error: Element not found By.id: 
7751 [main] ERROR m.Driver.MyWebDriverEventListener - WebDriver error: Element not found By.id: 
8263 [main] ERROR m.Driver.MyWebDriverEventListener - WebDriver error:
org.openqa.selenium.remote.UnreachableBrowserException: Error communicating with the remote browser. It may have died.
Build info: version: '2.31.0', revision: '1bd294d', time: '2013-02-27 20:52:59'
System info: os.name: 'Linux', os.arch: 'amd64', os.version: '3.2.0-23-generic', java.version: '1.7.0_17'
Driver info: driver.version: EventFiringWebDriver
	at org.openqa.selenium.remote.RemoteWebDriver.execute(RemoteWebDriver.java:548) ~[selenium-server-standalone-2.31.0.jar:na]
	at org.openqa.selenium.remote.RemoteWebDriver.findElement(RemoteWebDriver.java:307) ~[selenium-server-standalone-2.31.0.jar:na]
	at org.openqa.selenium.remote.RemoteWebDriver.findElementById(RemoteWebDriver.java:348) ~[selenium-server-standalone-2.31.0.jar:na]
	at org.openqa.selenium.By$ById.findElement(By.java:216) ~[selenium-server-standalone-2.31.0.jar:na]
	at org.openqa.selenium.remote.RemoteWebDriver.findElement(RemoteWebDriver.java:299) ~[selenium-server-standalone-2.31.0.jar:na]
	at sun.reflect.NativeMethodAccessorImpl.invoke0(Native Method) ~[na:1.7.0_17]
	at sun.reflect.NativeMethodAccessorImpl.invoke(NativeMethodAccessorImpl.java:57) ~[na:1.7.0_17]
	at sun.reflect.DelegatingMethodAccessorImpl.invoke(DelegatingMethodAccessorImpl.java:43) ~[na:1.7.0_17]
	at java.lang.reflect.Method.invoke(Method.java:601) ~[na:1.7.0_17]
	at org.openqa.selenium.support.events.EventFiringWebDriver$2.invoke(EventFiringWebDriver.java:101) ~[selenium-server-standalone-2.31.0.jar:na]
	at com.sun.proxy.$Proxy7.findElement(Unknown Source) ~[na:na]
	at org.openqa.selenium.support.events.EventFiringWebDriver.findElement(EventFiringWebDriver.java:180) ~[selenium-server-standalone-2.31.0.jar:na]
	at org.openqa.selenium.support.ui.ExpectedConditions.findElement(ExpectedConditions.java:523) ~[selenium-server-standalone-2.31.0.jar:na]
	at org.openqa.selenium.support.ui.ExpectedConditions.access$0(ExpectedConditions.java:521) ~[selenium-server-standalone-2.31.0.jar:na]
	at org.openqa.selenium.support.ui.ExpectedConditions$3.apply(ExpectedConditions.java:106) [selenium-server-standalone-2.31.0.jar:na]
	at org.openqa.selenium.support.ui.ExpectedConditions$3.apply(ExpectedConditions.java:1) [selenium-server-standalone-2.31.0.jar:na]
	at org.openqa.selenium.support.ui.FluentWait.until(FluentWait.java:208) [selenium-server-standalone-2.31.0.jar:na]
	at main.pages.HomePage.selectLang(HomePage.java:119) [classes/:na]
	at test.java.LogTest.setup(LogTest.java:39) [classes/:na]
	at sun.reflect.NativeMethodAccessorImpl.invoke0(Native Method) ~[na:1.7.0_17]
	at sun.reflect.NativeMethodAccessorImpl.invoke(NativeMethodAccessorImpl.java:57) ~[na:1.7.0_17]
	at sun.reflect.DelegatingMethodAccessorImpl.invoke(DelegatingMethodAccessorImpl.java:43) ~[na:1.7.0_17]
	at java.lang.reflect.Method.invoke(Method.java:601) ~[na:1.7.0_17]
	at org.testng.internal.MethodInvocationHelper.invokeMethod(MethodInvocationHelper.java:80) [testng.jar:6.9beta-201211201815]
	at org.testng.internal.Invoker.invokeConfigurationMethod(Invoker.java:564) [testng.jar:6.9beta-201211201815]
	at org.testng.internal.Invoker.invokeConfigurations(Invoker.java:213) [testng.jar:6.9beta-201211201815]
	at org.testng.internal.Invoker.invokeMethod(Invoker.java:653) [testng.jar:6.9beta-201211201815]
	at org.testng.internal.Invoker.invokeTestMethod(Invoker.java:901) [testng.jar:6.9beta-201211201815]
	at org.testng.internal.Invoker.invokeTestMethods(Invoker.java:1231) [testng.jar:6.9beta-201211201815]
	at org.testng.internal.TestMethodWorker.invokeTestMethods(TestMethodWorker.java:128) [testng.jar:6.9beta-201211201815]
	at org.testng.internal.TestMethodWorker.run(TestMethodWorker.java:111) [testng.jar:6.9beta-201211201815]
	at org.testng.TestRunner.privateRun(TestRunner.java:767) [testng.jar:6.9beta-201211201815]
	at org.testng.TestRunner.run(TestRunner.java:617) [testng.jar:6.9beta-201211201815]
	at org.testng.SuiteRunner.runTest(SuiteRunner.java:334) [testng.jar:6.9beta-201211201815]
	at org.testng.SuiteRunner.runSequentially(SuiteRunner.java:329) [testng.jar:6.9beta-201211201815]
	at org.testng.SuiteRunner.privateRun(SuiteRunner.java:291) [testng.jar:6.9beta-201211201815]
	at org.testng.SuiteRunner.run(SuiteRunner.java:240) [testng.jar:6.9beta-201211201815]
	at org.testng.SuiteRunnerWorker.runSuite(SuiteRunnerWorker.java:52) [testng.jar:6.9beta-201211201815]
	at org.testng.SuiteRunnerWorker.run(SuiteRunnerWorker.java:86) [testng.jar:6.9beta-201211201815]
	at org.testng.TestNG.runSuitesSequentially(TestNG.java:1203) [testng.jar:6.9beta-201211201815]
	at org.testng.TestNG.runSuitesLocally(TestNG.java:1128) [testng.jar:6.9beta-201211201815]
	at org.testng.TestNG.run(TestNG.java:1036) [testng.jar:6.9beta-201211201815]
	at org.testng.remote.RemoteTestNG.run(RemoteTestNG.java:111) [testng.jar:6.9beta-201211201815]
	at org.testng.remote.RemoteTestNG.initAndRun(RemoteTestNG.java:204) [testng.jar:6.9beta-201211201815]
	at org.testng.remote.RemoteTestNG.main(RemoteTestNG.java:175) [testng.jar:6.9beta-201211201815]
Caused by: org.apache.http.conn.HttpHostConnectException: Connection to http://127.0.0.1:7055 refused
	at org.apache.http.impl.conn.DefaultClientConnectionOperator.openConnection(DefaultClientConnectionOperator.java:190) ~[selenium-server-standalone-2.31.0.jar:na]
	at org.apache.http.impl.conn.AbstractPoolEntry.open(AbstractPoolEntry.java:151) ~[selenium-server-standalone-2.31.0.jar:na]
	at org.apache.http.impl.conn.AbstractPooledConnAdapter.open(AbstractPooledConnAdapter.java:125) ~[selenium-server-standalone-2.31.0.jar:na]
	at org.apache.http.impl.client.DefaultRequestDirector.tryConnect(DefaultRequestDirector.java:640) ~[selenium-server-standalone-2.31.0.jar:na]
	at org.apache.http.impl.client.DefaultRequestDirector.execute(DefaultRequestDirector.java:479) ~[selenium-server-standalone-2.31.0.jar:na]
	at org.apache.http.impl.client.AbstractHttpClient.execute(AbstractHttpClient.java:906) ~[selenium-server-standalone-2.31.0.jar:na]
	at org.openqa.selenium.remote.HttpCommandExecutor.fallBackExecute(HttpCommandExecutor.java:316) ~[selenium-server-standalone-2.31.0.jar:na]
	at org.openqa.selenium.remote.HttpCommandExecutor.execute(HttpCommandExecutor.java:295) ~[selenium-server-standalone-2.31.0.jar:na]
	at org.openqa.selenium.firefox.internal.NewProfileExtensionConnection.execute(NewProfileExtensionConnection.java:133) ~[selenium-server-standalone-2.31.0.jar:na]
	at org.openqa.selenium.firefox.FirefoxDriver$LazyCommandExecutor.execute(FirefoxDriver.java:355) ~[selenium-server-standalone-2.31.0.jar:na]
	at org.openqa.selenium.remote.RemoteWebDriver.execute(RemoteWebDriver.java:527) ~[selenium-server-standalone-2.31.0.jar:na]
	... 44 common frames omitted
Caused by: java.net.ConnectException: Connection refused
	at java.net.PlainSocketImpl.socketConnect(Native Method) ~[na:1.7.0_17]
	at java.net.AbstractPlainSocketImpl.doConnect(AbstractPlainSocketImpl.java:339) ~[na:1.7.0_17]
	at java.net.AbstractPlainSocketImpl.connectToAddress(AbstractPlainSocketImpl.java:200) ~[na:1.7.0_17]
	at java.net.AbstractPlainSocketImpl.connect(AbstractPlainSocketImpl.java:182) ~[na:1.7.0_17]
	at java.net.SocksSocketImpl.connect(SocksSocketImpl.java:391) ~[na:1.7.0_17]
	at java.net.Socket.connect(Socket.java:579) ~[na:1.7.0_17]
	at org.apache.http.conn.scheme.PlainSocketFactory.connectSocket(PlainSocketFactory.java:127) ~[selenium-server-standalone-2.31.0.jar:na]
	at org.apache.http.impl.conn.DefaultClientConnectionOperator.openConnection(DefaultClientConnectionOperator.java:180) ~[selenium-server-standalone-2.31.0.jar:na]
	... 54 common frames omitted
8340 [Thread-0] DEBUG main.Driver.WebDriverFactory - Killing driver 
8392 [Thread-0] ERROR m.Driver.MyWebDriverEventListener - WebDriver error:
org.openqa.selenium.remote.UnreachableBrowserException: Error communicating with the remote browser. It may have died.
Build info: version: '2.31.0', revision: '1bd294d', time: '2013-02-27 20:52:59'
System info: os.name: 'Linux', os.arch: 'amd64', os.version: '3.2.0-23-generic', java.version: '1.7.0_17'
Driver info: driver.version: EventFiringWebDriver
	at org.openqa.selenium.remote.RemoteWebDriver.execute(RemoteWebDriver.java:548) ~[selenium-server-standalone-2.31.0.jar:na]
	at org.openqa.selenium.remote.RemoteWebDriver.execute(RemoteWebDriver.java:569) ~[selenium-server-standalone-2.31.0.jar:na]
	at org.openqa.selenium.remote.RemoteWebDriver.quit(RemoteWebDriver.java:423) ~[selenium-server-standalone-2.31.0.jar:na]
	at sun.reflect.NativeMethodAccessorImpl.invoke0(Native Method) ~[na:1.7.0_17]
	at sun.reflect.NativeMethodAccessorImpl.invoke(NativeMethodAccessorImpl.java:57) ~[na:1.7.0_17]
	at sun.reflect.DelegatingMethodAccessorImpl.invoke(DelegatingMethodAccessorImpl.java:43) ~[na:1.7.0_17]
	at java.lang.reflect.Method.invoke(Method.java:601) ~[na:1.7.0_17]
	at org.openqa.selenium.support.events.EventFiringWebDriver$2.invoke(EventFiringWebDriver.java:101) ~[selenium-server-standalone-2.31.0.jar:na]
	at com.sun.proxy.$Proxy7.quit(Unknown Source) ~[na:na]
	at org.openqa.selenium.support.events.EventFiringWebDriver.quit(EventFiringWebDriver.java:194) ~[selenium-server-standalone-2.31.0.jar:na]
	at main.Driver.WebDriverFactory.dismissDriver(WebDriverFactory.java:99) ~[classes/:na]
	at main.Driver.WebDriverFactory$1.run(WebDriverFactory.java:157) ~[classes/:na]
Caused by: org.apache.http.conn.HttpHostConnectException: Connection to http://127.0.0.1:7055 refused
	at org.apache.http.impl.conn.DefaultClientConnectionOperator.openConnection(DefaultClientConnectionOperator.java:190) ~[selenium-server-standalone-2.31.0.jar:na]
	at org.apache.http.impl.conn.AbstractPoolEntry.open(AbstractPoolEntry.java:151) ~[selenium-server-standalone-2.31.0.jar:na]
	at org.apache.http.impl.conn.AbstractPooledConnAdapter.open(AbstractPooledConnAdapter.java:125) ~[selenium-server-standalone-2.31.0.jar:na]
	at org.apache.http.impl.client.DefaultRequestDirector.tryConnect(DefaultRequestDirector.java:640) ~[selenium-server-standalone-2.31.0.jar:na]
	at org.apache.http.impl.client.DefaultRequestDirector.execute(DefaultRequestDirector.java:479) ~[selenium-server-standalone-2.31.0.jar:na]
	at org.apache.http.impl.client.AbstractHttpClient.execute(AbstractHttpClient.java:906) ~[selenium-server-standalone-2.31.0.jar:na]
	at org.openqa.selenium.remote.HttpCommandExecutor.fallBackExecute(HttpCommandExecutor.java:316) ~[selenium-server-standalone-2.31.0.jar:na]
	at org.openqa.selenium.remote.HttpCommandExecutor.execute(HttpCommandExecutor.java:295) ~[selenium-server-standalone-2.31.0.jar:na]
	at org.openqa.selenium.firefox.internal.NewProfileExtensionConnection.execute(NewProfileExtensionConnection.java:133) ~[selenium-server-standalone-2.31.0.jar:na]
	at org.openqa.selenium.firefox.FirefoxDriver$LazyCommandExecutor.execute(FirefoxDriver.java:355) ~[selenium-server-standalone-2.31.0.jar:na]
	at org.openqa.selenium.remote.RemoteWebDriver.execute(RemoteWebDriver.java:527) ~[selenium-server-standalone-2.31.0.jar:na]
	... 11 common frames omitted
Caused by: java.net.ConnectException: Connection refused
	at java.net.PlainSocketImpl.socketConnect(Native Method) ~[na:1.7.0_17]
	at java.net.AbstractPlainSocketImpl.doConnect(AbstractPlainSocketImpl.java:339) ~[na:1.7.0_17]
	at java.net.AbstractPlainSocketImpl.connectToAddress(AbstractPlainSocketImpl.java:200) ~[na:1.7.0_17]
	at java.net.AbstractPlainSocketImpl.connect(AbstractPlainSocketImpl.java:182) ~[na:1.7.0_17]
	at java.net.SocksSocketImpl.connect(SocksSocketImpl.java:391) ~[na:1.7.0_17]
	at java.net.Socket.connect(Socket.java:579) ~[na:1.7.0_17]
	at org.apache.http.conn.scheme.PlainSocketFactory.connectSocket(PlainSocketFactory.java:127) ~[selenium-server-standalone-2.31.0.jar:na]
	at org.apache.http.impl.conn.DefaultClientConnectionOperator.openConnection(DefaultClientConnectionOperator.java:180) ~[selenium-server-standalone-2.31.0.jar:na]
	... 21 common frames omitted
8393 [Thread-0] WARN  main.Driver.WebDriverFactory - Driver killing error
org.openqa.selenium.remote.UnreachableBrowserException: Error communicating with the remote browser. It may have died.
Build info: version: '2.31.0', revision: '1bd294d', time: '2013-02-27 20:52:59'
System info: os.name: 'Linux', os.arch: 'amd64', os.version: '3.2.0-23-generic', java.version: '1.7.0_17'
Driver info: driver.version: EventFiringWebDriver
	at org.openqa.selenium.remote.RemoteWebDriver.execute(RemoteWebDriver.java:548) ~[selenium-server-standalone-2.31.0.jar:na]
	at org.openqa.selenium.remote.RemoteWebDriver.execute(RemoteWebDriver.java:569) ~[selenium-server-standalone-2.31.0.jar:na]
	at org.openqa.selenium.remote.RemoteWebDriver.quit(RemoteWebDriver.java:423) ~[selenium-server-standalone-2.31.0.jar:na]
	at sun.reflect.NativeMethodAccessorImpl.invoke0(Native Method) ~[na:1.7.0_17]
	at sun.reflect.NativeMethodAccessorImpl.invoke(NativeMethodAccessorImpl.java:57) ~[na:1.7.0_17]
	at sun.reflect.DelegatingMethodAccessorImpl.invoke(DelegatingMethodAccessorImpl.java:43) ~[na:1.7.0_17]
	at java.lang.reflect.Method.invoke(Method.java:601) ~[na:1.7.0_17]
	at org.openqa.selenium.support.events.EventFiringWebDriver$2.invoke(EventFiringWebDriver.java:101) ~[selenium-server-standalone-2.31.0.jar:na]
	at com.sun.proxy.$Proxy7.quit(Unknown Source) ~[na:na]
	at org.openqa.selenium.support.events.EventFiringWebDriver.quit(EventFiringWebDriver.java:194) ~[selenium-server-standalone-2.31.0.jar:na]
	at main.Driver.WebDriverFactory.dismissDriver(WebDriverFactory.java:99) ~[classes/:na]
	at main.Driver.WebDriverFactory$1.run(WebDriverFactory.java:157) [classes/:na]
Caused by: org.apache.http.conn.HttpHostConnectException: Connection to http://127.0.0.1:7055 refused
	at org.apache.http.impl.conn.DefaultClientConnectionOperator.openConnection(DefaultClientConnectionOperator.java:190) ~[selenium-server-standalone-2.31.0.jar:na]
	at org.apache.http.impl.conn.AbstractPoolEntry.open(AbstractPoolEntry.java:151) ~[selenium-server-standalone-2.31.0.jar:na]
	at org.apache.http.impl.conn.AbstractPooledConnAdapter.open(AbstractPooledConnAdapter.java:125) ~[selenium-server-standalone-2.31.0.jar:na]
	at org.apache.http.impl.client.DefaultRequestDirector.tryConnect(DefaultRequestDirector.java:640) ~[selenium-server-standalone-2.31.0.jar:na]
	at org.apache.http.impl.client.DefaultRequestDirector.execute(DefaultRequestDirector.java:479) ~[selenium-server-standalone-2.31.0.jar:na]
	at org.apache.http.impl.client.AbstractHttpClient.execute(AbstractHttpClient.java:906) ~[selenium-server-standalone-2.31.0.jar:na]
	at org.openqa.selenium.remote.HttpCommandExecutor.fallBackExecute(HttpCommandExecutor.java:316) ~[selenium-server-standalone-2.31.0.jar:na]
	at org.openqa.selenium.remote.HttpCommandExecutor.execute(HttpCommandExecutor.java:295) ~[selenium-server-standalone-2.31.0.jar:na]
	at org.openqa.selenium.firefox.internal.NewProfileExtensionConnection.execute(NewProfileExtensionConnection.java:133) ~[selenium-server-standalone-2.31.0.jar:na]
	at org.openqa.selenium.firefox.FirefoxDriver$LazyCommandExecutor.execute(FirefoxDriver.java:355) ~[selenium-server-standalone-2.31.0.jar:na]
	at org.openqa.selenium.remote.RemoteWebDriver.execute(RemoteWebDriver.java:527) ~[selenium-server-standalone-2.31.0.jar:na]
	... 11 common frames omitted
Caused by: java.net.ConnectException: Connection refused
	at java.net.PlainSocketImpl.socketConnect(Native Method) ~[na:1.7.0_17]
	at java.net.AbstractPlainSocketImpl.doConnect(AbstractPlainSocketImpl.java:339) ~[na:1.7.0_17]
	at java.net.AbstractPlainSocketImpl.connectToAddress(AbstractPlainSocketImpl.java:200) ~[na:1.7.0_17]
	at java.net.AbstractPlainSocketImpl.connect(AbstractPlainSocketImpl.java:182) ~[na:1.7.0_17]
	at java.net.SocksSocketImpl.connect(SocksSocketImpl.java:391) ~[na:1.7.0_17]
	at java.net.Socket.connect(Socket.java:579) ~[na:1.7.0_17]
	at org.apache.http.conn.scheme.PlainSocketFactory.connectSocket(PlainSocketFactory.java:127) ~[selenium-server-standalone-2.31.0.jar:na]
	at org.apache.http.impl.conn.DefaultClientConnectionOperator.openConnection(DefaultClientConnectionOperator.java:180) ~[selenium-server-standalone-2.31.0.jar:na]
	... 21 common frames omitted
