<?xml version="1.0" encoding="UTF-8"?>
<testng-results skipped="0" failed="10" total="64" passed="54">
  <reporter-output>
  </reporter-output>
  <suite name="Suite" duration-ms="1584862" started-at="2014-12-26T10:32:30Z" finished-at="2014-12-26T10:58:55Z">
    <groups>
    </groups>
    <test name="test.java" duration-ms="1584862" started-at="2014-12-26T10:32:30Z" finished-at="2014-12-26T10:58:55Z">
      <class name="test.java.LogTest">
        <test-method status="PASS" signature="setup()[pri:0, instance:test.java.LogTest@bdfedaf]" name="setup" is-config="true" duration-ms="14702" started-at="2014-12-26T12:32:30Z" finished-at="2014-12-26T12:32:45Z">
          <reporter-output>
          </reporter-output>
        </test-method> <!-- setup -->
        <test-method status="PASS" signature="googleValidLogin()[pri:0, instance:test.java.LogTest@bdfedaf]" name="googleValidLogin" duration-ms="22126" started-at="2014-12-26T12:32:45Z" finished-at="2014-12-26T12:33:07Z">
          <reporter-output>
          </reporter-output>
        </test-method> <!-- googleValidLogin -->
        <test-method status="PASS" signature="unLogin()[pri:0, instance:test.java.LogTest@bdfedaf]" name="unLogin" is-config="true" duration-ms="648" started-at="2014-12-26T12:33:07Z" finished-at="2014-12-26T12:33:08Z">
          <reporter-output>
          </reporter-output>
        </test-method> <!-- unLogin -->
        <test-method status="PASS" signature="setup()[pri:0, instance:test.java.LogTest@bdfedaf]" name="setup" is-config="true" duration-ms="4391" started-at="2014-12-26T12:33:08Z" finished-at="2014-12-26T12:33:12Z">
          <reporter-output>
          </reporter-output>
        </test-method> <!-- setup -->
        <test-method status="FAIL" signature="googleValidLoginPopup()[pri:0, instance:test.java.LogTest@bdfedaf]" name="googleValidLoginPopup" duration-ms="12126" started-at="2014-12-26T12:33:12Z" finished-at="2014-12-26T12:33:24Z">
          <exception class="org.openqa.selenium.NoSuchElementException">
            <message>
              <![CDATA[Unable to locate element: {"method":"xpath","selector":"//li[@class='menu-left-li menu-left-li_profile']//*[@class='userpic-user__name']"}
Command duration or timeout: 3.04 seconds
For documentation on this error, please visit: http://seleniumhq.org/exceptions/no_such_element.html
Build info: version: '2.42.2', revision: '6a6995d', time: '2014-06-03 17:42:03'
System info: host: 'alexandra-System-Product-Name', ip: '127.0.1.1', os.name: 'Linux', os.arch: 'amd64', os.version: '3.2.0-23-generic', java.version: '1.7.0_60'
Session ID: e1b01af1-ff98-4c34-9b9e-e870ec66db30
Driver info: org.openqa.selenium.firefox.FirefoxDriver
Capabilities [{platform=LINUX, acceptSslCerts=true, javascriptEnabled=true, cssSelectorsEnabled=true, databaseEnabled=true, browserName=firefox, handlesAlerts=true, browserConnectionEnabled=true, webStorageEnabled=true, nativeEvents=true, rotatable=false, locationContextEnabled=true, applicationCacheEnabled=true, takesScreenshot=true, version=29.0}]]]>
            </message>
            <full-stacktrace>
              <![CDATA[org.openqa.selenium.NoSuchElementException: Unable to locate element: {"method":"xpath","selector":"//li[@class='menu-left-li menu-left-li_profile']//*[@class='userpic-user__name']"}
Command duration or timeout: 3.04 seconds
For documentation on this error, please visit: http://seleniumhq.org/exceptions/no_such_element.html
Build info: version: '2.42.2', revision: '6a6995d', time: '2014-06-03 17:42:03'
System info: host: 'alexandra-System-Product-Name', ip: '127.0.1.1', os.name: 'Linux', os.arch: 'amd64', os.version: '3.2.0-23-generic', java.version: '1.7.0_60'
Session ID: e1b01af1-ff98-4c34-9b9e-e870ec66db30
Driver info: org.openqa.selenium.firefox.FirefoxDriver
Capabilities [{platform=LINUX, acceptSslCerts=true, javascriptEnabled=true, cssSelectorsEnabled=true, databaseEnabled=true, browserName=firefox, handlesAlerts=true, browserConnectionEnabled=true, webStorageEnabled=true, nativeEvents=true, rotatable=false, locationContextEnabled=true, applicationCacheEnabled=true, takesScreenshot=true, version=29.0}]
	at sun.reflect.NativeConstructorAccessorImpl.newInstance0(Native Method)
	at sun.reflect.NativeConstructorAccessorImpl.newInstance(NativeConstructorAccessorImpl.java:57)
	at sun.reflect.DelegatingConstructorAccessorImpl.newInstance(DelegatingConstructorAccessorImpl.java:45)
	at java.lang.reflect.Constructor.newInstance(Constructor.java:526)
	at org.openqa.selenium.remote.ErrorHandler.createThrowable(ErrorHandler.java:204)
	at org.openqa.selenium.remote.ErrorHandler.throwIfResponseFailed(ErrorHandler.java:156)
	at org.openqa.selenium.remote.RemoteWebDriver.execute(RemoteWebDriver.java:599)
	at org.openqa.selenium.remote.RemoteWebDriver.findElement(RemoteWebDriver.java:352)
	at org.openqa.selenium.remote.RemoteWebDriver.findElementByXPath(RemoteWebDriver.java:449)
	at org.openqa.selenium.By$ByXPath.findElement(By.java:357)
	at org.openqa.selenium.remote.RemoteWebDriver.findElement(RemoteWebDriver.java:344)
	at sun.reflect.GeneratedMethodAccessor20.invoke(Unknown Source)
	at sun.reflect.DelegatingMethodAccessorImpl.invoke(DelegatingMethodAccessorImpl.java:43)
	at java.lang.reflect.Method.invoke(Method.java:606)
	at org.openqa.selenium.support.events.EventFiringWebDriver$2.invoke(EventFiringWebDriver.java:101)
	at com.sun.proxy.$Proxy12.findElement(Unknown Source)
	at org.openqa.selenium.support.events.EventFiringWebDriver.findElement(EventFiringWebDriver.java:184)
	at main.pages.BaseClass.isMenuOpen(BaseClass.java:62)
	at main.pages.BaseClass.openMenu(BaseClass.java:50)
	at main.pages.BaseClass.getMyNameMenu(BaseClass.java:67)
	at test.java.LogTest.googleValidLoginPopup(LogTest.java:175)
	at sun.reflect.NativeMethodAccessorImpl.invoke0(Native Method)
	at sun.reflect.NativeMethodAccessorImpl.invoke(NativeMethodAccessorImpl.java:57)
	at sun.reflect.DelegatingMethodAccessorImpl.invoke(DelegatingMethodAccessorImpl.java:43)
	at java.lang.reflect.Method.invoke(Method.java:606)
	at org.testng.internal.MethodInvocationHelper.invokeMethod(MethodInvocationHelper.java:80)
	at org.testng.internal.Invoker.invokeMethod(Invoker.java:714)
	at org.testng.internal.Invoker.invokeTestMethod(Invoker.java:901)
	at org.testng.internal.Invoker.invokeTestMethods(Invoker.java:1231)
	at org.testng.internal.TestMethodWorker.invokeTestMethods(TestMethodWorker.java:128)
	at org.testng.internal.TestMethodWorker.run(TestMethodWorker.java:111)
	at org.testng.TestRunner.privateRun(TestRunner.java:767)
	at org.testng.TestRunner.run(TestRunner.java:617)
	at org.testng.SuiteRunner.runTest(SuiteRunner.java:334)
	at org.testng.SuiteRunner.runSequentially(SuiteRunner.java:329)
	at org.testng.SuiteRunner.privateRun(SuiteRunner.java:291)
	at org.testng.SuiteRunner.run(SuiteRunner.java:240)
	at org.testng.SuiteRunnerWorker.runSuite(SuiteRunnerWorker.java:52)
	at org.testng.SuiteRunnerWorker.run(SuiteRunnerWorker.java:86)
	at org.testng.TestNG.runSuitesSequentially(TestNG.java:1203)
	at org.testng.TestNG.runSuitesLocally(TestNG.java:1128)
	at org.testng.TestNG.run(TestNG.java:1036)
	at org.testng.remote.RemoteTestNG.run(RemoteTestNG.java:111)
	at org.testng.remote.RemoteTestNG.initAndRun(RemoteTestNG.java:204)
	at org.testng.remote.RemoteTestNG.main(RemoteTestNG.java:175)
Caused by: org.openqa.selenium.remote.ErrorHandler$UnknownServerException: Unable to locate element: {"method":"xpath","selector":"//li[@class='menu-left-li menu-left-li_profile']//*[@class='userpic-user__name']"}
Build info: version: '2.42.2', revision: '6a6995d', time: '2014-06-03 17:42:03'
System info: host: 'alexandra-System-Product-Name', ip: '127.0.1.1', os.name: 'Linux', os.arch: 'amd64', os.version: '3.2.0-23-generic', java.version: '1.7.0_60'
Driver info: driver.version: unknown
	at <anonymous class>.FirefoxDriver.prototype.findElementInternal_(file:///tmp/anonymous4245881485854700557webdriver-profile/extensions/fxdriver@googlecode.com/components/driver_component.js:9470)
	at <anonymous class>.fxdriver.Timer.prototype.setTimeout/<.notify(file:///tmp/anonymous4245881485854700557webdriver-profile/extensions/fxdriver@googlecode.com/components/driver_component.js:407)
]]>
            </full-stacktrace>
          </exception> <!-- org.openqa.selenium.NoSuchElementException -->
          <reporter-output>
          </reporter-output>
        </test-method> <!-- googleValidLoginPopup -->
        <test-method status="PASS" signature="unLogin()[pri:0, instance:test.java.LogTest@bdfedaf]" name="unLogin" is-config="true" duration-ms="38" started-at="2014-12-26T12:33:24Z" finished-at="2014-12-26T12:33:25Z">
          <reporter-output>
          </reporter-output>
        </test-method> <!-- unLogin -->
        <test-method status="PASS" signature="setup()[pri:0, instance:test.java.LogTest@bdfedaf]" name="setup" is-config="true" duration-ms="4162" started-at="2014-12-26T12:33:25Z" finished-at="2014-12-26T12:33:29Z">
          <reporter-output>
          </reporter-output>
        </test-method> <!-- setup -->
        <test-method status="PASS" signature="ifacebookValidLogin()[pri:0, instance:test.java.LogTest@bdfedaf]" name="ifacebookValidLogin" duration-ms="19538" started-at="2014-12-26T12:33:29Z" finished-at="2014-12-26T12:33:48Z">
          <reporter-output>
          </reporter-output>
        </test-method> <!-- ifacebookValidLogin -->
        <test-method status="PASS" signature="unLogin()[pri:0, instance:test.java.LogTest@bdfedaf]" name="unLogin" is-config="true" duration-ms="430" started-at="2014-12-26T12:33:48Z" finished-at="2014-12-26T12:33:49Z">
          <reporter-output>
          </reporter-output>
        </test-method> <!-- unLogin -->
        <test-method status="PASS" signature="setup()[pri:0, instance:test.java.LogTest@bdfedaf]" name="setup" is-config="true" duration-ms="5410" started-at="2014-12-26T12:33:49Z" finished-at="2014-12-26T12:33:54Z">
          <reporter-output>
          </reporter-output>
        </test-method> <!-- setup -->
        <test-method status="FAIL" signature="ifacebookValidLoginPopup()[pri:0, instance:test.java.LogTest@bdfedaf]" name="ifacebookValidLoginPopup" duration-ms="13579" started-at="2014-12-26T12:33:54Z" finished-at="2014-12-26T12:34:08Z">
          <exception class="org.openqa.selenium.NoSuchElementException">
            <message>
              <![CDATA[Unable to locate element: {"method":"xpath","selector":"//li[@class='menu-left-li menu-left-li_profile']//*[@class='userpic-user__name']"}
Command duration or timeout: 3.04 seconds
For documentation on this error, please visit: http://seleniumhq.org/exceptions/no_such_element.html
Build info: version: '2.42.2', revision: '6a6995d', time: '2014-06-03 17:42:03'
System info: host: 'alexandra-System-Product-Name', ip: '127.0.1.1', os.name: 'Linux', os.arch: 'amd64', os.version: '3.2.0-23-generic', java.version: '1.7.0_60'
Session ID: e1b01af1-ff98-4c34-9b9e-e870ec66db30
Driver info: org.openqa.selenium.firefox.FirefoxDriver
Capabilities [{platform=LINUX, acceptSslCerts=true, javascriptEnabled=true, cssSelectorsEnabled=true, databaseEnabled=true, browserName=firefox, handlesAlerts=true, browserConnectionEnabled=true, webStorageEnabled=true, nativeEvents=true, rotatable=false, locationContextEnabled=true, applicationCacheEnabled=true, takesScreenshot=true, version=29.0}]]]>
            </message>
            <full-stacktrace>
              <![CDATA[org.openqa.selenium.NoSuchElementException: Unable to locate element: {"method":"xpath","selector":"//li[@class='menu-left-li menu-left-li_profile']//*[@class='userpic-user__name']"}
Command duration or timeout: 3.04 seconds
For documentation on this error, please visit: http://seleniumhq.org/exceptions/no_such_element.html
Build info: version: '2.42.2', revision: '6a6995d', time: '2014-06-03 17:42:03'
System info: host: 'alexandra-System-Product-Name', ip: '127.0.1.1', os.name: 'Linux', os.arch: 'amd64', os.version: '3.2.0-23-generic', java.version: '1.7.0_60'
Session ID: e1b01af1-ff98-4c34-9b9e-e870ec66db30
Driver info: org.openqa.selenium.firefox.FirefoxDriver
Capabilities [{platform=LINUX, acceptSslCerts=true, javascriptEnabled=true, cssSelectorsEnabled=true, databaseEnabled=true, browserName=firefox, handlesAlerts=true, browserConnectionEnabled=true, webStorageEnabled=true, nativeEvents=true, rotatable=false, locationContextEnabled=true, applicationCacheEnabled=true, takesScreenshot=true, version=29.0}]
	at sun.reflect.NativeConstructorAccessorImpl.newInstance0(Native Method)
	at sun.reflect.NativeConstructorAccessorImpl.newInstance(NativeConstructorAccessorImpl.java:57)
	at sun.reflect.DelegatingConstructorAccessorImpl.newInstance(DelegatingConstructorAccessorImpl.java:45)
	at java.lang.reflect.Constructor.newInstance(Constructor.java:526)
	at org.openqa.selenium.remote.ErrorHandler.createThrowable(ErrorHandler.java:204)
	at org.openqa.selenium.remote.ErrorHandler.throwIfResponseFailed(ErrorHandler.java:156)
	at org.openqa.selenium.remote.RemoteWebDriver.execute(RemoteWebDriver.java:599)
	at org.openqa.selenium.remote.RemoteWebDriver.findElement(RemoteWebDriver.java:352)
	at org.openqa.selenium.remote.RemoteWebDriver.findElementByXPath(RemoteWebDriver.java:449)
	at org.openqa.selenium.By$ByXPath.findElement(By.java:357)
	at org.openqa.selenium.remote.RemoteWebDriver.findElement(RemoteWebDriver.java:344)
	at sun.reflect.GeneratedMethodAccessor20.invoke(Unknown Source)
	at sun.reflect.DelegatingMethodAccessorImpl.invoke(DelegatingMethodAccessorImpl.java:43)
	at java.lang.reflect.Method.invoke(Method.java:606)
	at org.openqa.selenium.support.events.EventFiringWebDriver$2.invoke(EventFiringWebDriver.java:101)
	at com.sun.proxy.$Proxy12.findElement(Unknown Source)
	at org.openqa.selenium.support.events.EventFiringWebDriver.findElement(EventFiringWebDriver.java:184)
	at main.pages.BaseClass.isMenuOpen(BaseClass.java:62)
	at main.pages.BaseClass.openMenu(BaseClass.java:50)
	at main.pages.BaseClass.getMyNameMenu(BaseClass.java:67)
	at test.java.LogTest.ifacebookValidLoginPopup(LogTest.java:136)
	at sun.reflect.NativeMethodAccessorImpl.invoke0(Native Method)
	at sun.reflect.NativeMethodAccessorImpl.invoke(NativeMethodAccessorImpl.java:57)
	at sun.reflect.DelegatingMethodAccessorImpl.invoke(DelegatingMethodAccessorImpl.java:43)
	at java.lang.reflect.Method.invoke(Method.java:606)
	at org.testng.internal.MethodInvocationHelper.invokeMethod(MethodInvocationHelper.java:80)
	at org.testng.internal.Invoker.invokeMethod(Invoker.java:714)
	at org.testng.internal.Invoker.invokeTestMethod(Invoker.java:901)
	at org.testng.internal.Invoker.invokeTestMethods(Invoker.java:1231)
	at org.testng.internal.TestMethodWorker.invokeTestMethods(TestMethodWorker.java:128)
	at org.testng.internal.TestMethodWorker.run(TestMethodWorker.java:111)
	at org.testng.TestRunner.privateRun(TestRunner.java:767)
	at org.testng.TestRunner.run(TestRunner.java:617)
	at org.testng.SuiteRunner.runTest(SuiteRunner.java:334)
	at org.testng.SuiteRunner.runSequentially(SuiteRunner.java:329)
	at org.testng.SuiteRunner.privateRun(SuiteRunner.java:291)
	at org.testng.SuiteRunner.run(SuiteRunner.java:240)
	at org.testng.SuiteRunnerWorker.runSuite(SuiteRunnerWorker.java:52)
	at org.testng.SuiteRunnerWorker.run(SuiteRunnerWorker.java:86)
	at org.testng.TestNG.runSuitesSequentially(TestNG.java:1203)
	at org.testng.TestNG.runSuitesLocally(TestNG.java:1128)
	at org.testng.TestNG.run(TestNG.java:1036)
	at org.testng.remote.RemoteTestNG.run(RemoteTestNG.java:111)
	at org.testng.remote.RemoteTestNG.initAndRun(RemoteTestNG.java:204)
	at org.testng.remote.RemoteTestNG.main(RemoteTestNG.java:175)
Caused by: org.openqa.selenium.remote.ErrorHandler$UnknownServerException: Unable to locate element: {"method":"xpath","selector":"//li[@class='menu-left-li menu-left-li_profile']//*[@class='userpic-user__name']"}
Build info: version: '2.42.2', revision: '6a6995d', time: '2014-06-03 17:42:03'
System info: host: 'alexandra-System-Product-Name', ip: '127.0.1.1', os.name: 'Linux', os.arch: 'amd64', os.version: '3.2.0-23-generic', java.version: '1.7.0_60'
Driver info: driver.version: unknown
	at <anonymous class>.FirefoxDriver.prototype.findElementInternal_(file:///tmp/anonymous4245881485854700557webdriver-profile/extensions/fxdriver@googlecode.com/components/driver_component.js:9470)
	at <anonymous class>.fxdriver.Timer.prototype.setTimeout/<.notify(file:///tmp/anonymous4245881485854700557webdriver-profile/extensions/fxdriver@googlecode.com/components/driver_component.js:407)
]]>
            </full-stacktrace>
          </exception> <!-- org.openqa.selenium.NoSuchElementException -->
          <reporter-output>
          </reporter-output>
        </test-method> <!-- ifacebookValidLoginPopup -->
        <test-method status="PASS" signature="unLogin()[pri:0, instance:test.java.LogTest@bdfedaf]" name="unLogin" is-config="true" duration-ms="29" started-at="2014-12-26T12:34:08Z" finished-at="2014-12-26T12:34:08Z">
          <reporter-output>
          </reporter-output>
        </test-method> <!-- unLogin -->
        <test-method status="PASS" signature="setup()[pri:0, instance:test.java.LogTest@bdfedaf]" name="setup" is-config="true" duration-ms="4193" started-at="2014-12-26T12:34:08Z" finished-at="2014-12-26T12:34:12Z">
          <reporter-output>
          </reporter-output>
        </test-method> <!-- setup -->
        <test-method status="PASS" signature="iloginFromVideoPay()[pri:0, instance:test.java.LogTest@bdfedaf]" name="iloginFromVideoPay" duration-ms="20789" started-at="2014-12-26T12:34:12Z" finished-at="2014-12-26T12:34:33Z">
          <reporter-output>
          </reporter-output>
        </test-method> <!-- iloginFromVideoPay -->
        <test-method status="PASS" signature="unLogin()[pri:0, instance:test.java.LogTest@bdfedaf]" name="unLogin" is-config="true" duration-ms="111" started-at="2014-12-26T12:34:33Z" finished-at="2014-12-26T12:34:33Z">
          <reporter-output>
          </reporter-output>
        </test-method> <!-- unLogin -->
        <test-method status="PASS" signature="setup()[pri:0, instance:test.java.LogTest@bdfedaf]" name="setup" is-config="true" duration-ms="4090" started-at="2014-12-26T12:34:33Z" finished-at="2014-12-26T12:34:37Z">
          <reporter-output>
          </reporter-output>
        </test-method> <!-- setup -->
        <test-method status="PASS" signature="invalidLoginNoEmail()[pri:0, instance:test.java.LogTest@bdfedaf]" name="invalidLoginNoEmail" duration-ms="6773" started-at="2014-12-26T12:34:37Z" finished-at="2014-12-26T12:34:44Z">
          <reporter-output>
          </reporter-output>
        </test-method> <!-- invalidLoginNoEmail -->
        <test-method status="PASS" signature="unLogin()[pri:0, instance:test.java.LogTest@bdfedaf]" name="unLogin" is-config="true" duration-ms="43" started-at="2014-12-26T12:34:44Z" finished-at="2014-12-26T12:34:44Z">
          <reporter-output>
          </reporter-output>
        </test-method> <!-- unLogin -->
        <test-method status="PASS" signature="setup()[pri:0, instance:test.java.LogTest@bdfedaf]" name="setup" is-config="true" duration-ms="4309" started-at="2014-12-26T12:34:44Z" finished-at="2014-12-26T12:34:48Z">
          <reporter-output>
          </reporter-output>
        </test-method> <!-- setup -->
        <test-method status="FAIL" signature="invalidLoginNoPass()[pri:0, instance:test.java.LogTest@bdfedaf]" name="invalidLoginNoPass" duration-ms="14897" started-at="2014-12-26T12:34:48Z" finished-at="2014-12-26T12:35:03Z">
          <exception class="org.openqa.selenium.TimeoutException">
            <message>
              <![CDATA[Timed out after 10 seconds waiting for visibility of element located by By.id: login_password_error
Build info: version: '2.42.2', revision: '6a6995d', time: '2014-06-03 17:42:03'
System info: host: 'alexandra-System-Product-Name', ip: '127.0.1.1', os.name: 'Linux', os.arch: 'amd64', os.version: '3.2.0-23-generic', java.version: '1.7.0_60'
Driver info: driver.version: unknown]]>
            </message>
            <full-stacktrace>
              <![CDATA[org.openqa.selenium.TimeoutException: Timed out after 10 seconds waiting for visibility of element located by By.id: login_password_error
Build info: version: '2.42.2', revision: '6a6995d', time: '2014-06-03 17:42:03'
System info: host: 'alexandra-System-Product-Name', ip: '127.0.1.1', os.name: 'Linux', os.arch: 'amd64', os.version: '3.2.0-23-generic', java.version: '1.7.0_60'
Driver info: driver.version: unknown
	at org.openqa.selenium.support.ui.FluentWait.timeoutException(FluentWait.java:259)
	at org.openqa.selenium.support.ui.FluentWait.until(FluentWait.java:228)
	at main.pages.LoginPage.getPassError(LoginPage.java:132)
	at test.java.LogTest.invalidLoginNoPass(LogTest.java:203)
	at sun.reflect.NativeMethodAccessorImpl.invoke0(Native Method)
	at sun.reflect.NativeMethodAccessorImpl.invoke(NativeMethodAccessorImpl.java:57)
	at sun.reflect.DelegatingMethodAccessorImpl.invoke(DelegatingMethodAccessorImpl.java:43)
	at java.lang.reflect.Method.invoke(Method.java:606)
	at org.testng.internal.MethodInvocationHelper.invokeMethod(MethodInvocationHelper.java:80)
	at org.testng.internal.Invoker.invokeMethod(Invoker.java:714)
	at org.testng.internal.Invoker.invokeTestMethod(Invoker.java:901)
	at org.testng.internal.Invoker.invokeTestMethods(Invoker.java:1231)
	at org.testng.internal.TestMethodWorker.invokeTestMethods(TestMethodWorker.java:128)
	at org.testng.internal.TestMethodWorker.run(TestMethodWorker.java:111)
	at org.testng.TestRunner.privateRun(TestRunner.java:767)
	at org.testng.TestRunner.run(TestRunner.java:617)
	at org.testng.SuiteRunner.runTest(SuiteRunner.java:334)
	at org.testng.SuiteRunner.runSequentially(SuiteRunner.java:329)
	at org.testng.SuiteRunner.privateRun(SuiteRunner.java:291)
	at org.testng.SuiteRunner.run(SuiteRunner.java:240)
	at org.testng.SuiteRunnerWorker.runSuite(SuiteRunnerWorker.java:52)
	at org.testng.SuiteRunnerWorker.run(SuiteRunnerWorker.java:86)
	at org.testng.TestNG.runSuitesSequentially(TestNG.java:1203)
	at org.testng.TestNG.runSuitesLocally(TestNG.java:1128)
	at org.testng.TestNG.run(TestNG.java:1036)
	at org.testng.remote.RemoteTestNG.run(RemoteTestNG.java:111)
	at org.testng.remote.RemoteTestNG.initAndRun(RemoteTestNG.java:204)
	at org.testng.remote.RemoteTestNG.main(RemoteTestNG.java:175)
]]>
            </full-stacktrace>
          </exception> <!-- org.openqa.selenium.TimeoutException -->
          <reporter-output>
          </reporter-output>
        </test-method> <!-- invalidLoginNoPass -->
        <test-method status="PASS" signature="unLogin()[pri:0, instance:test.java.LogTest@bdfedaf]" name="unLogin" is-config="true" duration-ms="27" started-at="2014-12-26T12:35:03Z" finished-at="2014-12-26T12:35:03Z">
          <reporter-output>
          </reporter-output>
        </test-method> <!-- unLogin -->
        <test-method status="PASS" signature="setup()[pri:0, instance:test.java.LogTest@bdfedaf]" name="setup" is-config="true" duration-ms="4381" started-at="2014-12-26T12:35:03Z" finished-at="2014-12-26T12:35:07Z">
          <reporter-output>
          </reporter-output>
        </test-method> <!-- setup -->
        <test-method status="FAIL" signature="invalidLoginWrongEmail()[pri:0, instance:test.java.LogTest@bdfedaf]" name="invalidLoginWrongEmail" duration-ms="5429" started-at="2014-12-26T12:35:07Z" finished-at="2014-12-26T12:35:13Z">
          <exception class="java.lang.AssertionError">
            <message>
              <![CDATA[expected [Вы указали неверный адрес электронной почты.] but found [Пожалуйста, введите адрес вашей электронной почты.]]]>
            </message>
            <full-stacktrace>
              <![CDATA[java.lang.AssertionError: expected [Вы указали неверный адрес электронной почты.] but found [Пожалуйста, введите адрес вашей электронной почты.]
	at org.testng.Assert.fail(Assert.java:94)
	at org.testng.Assert.failNotEquals(Assert.java:494)
	at org.testng.Assert.assertEquals(Assert.java:123)
	at org.testng.Assert.assertEquals(Assert.java:176)
	at org.testng.Assert.assertEquals(Assert.java:186)
	at test.java.LogTest.invalidLoginWrongEmail(LogTest.java:213)
	at sun.reflect.NativeMethodAccessorImpl.invoke0(Native Method)
	at sun.reflect.NativeMethodAccessorImpl.invoke(NativeMethodAccessorImpl.java:57)
	at sun.reflect.DelegatingMethodAccessorImpl.invoke(DelegatingMethodAccessorImpl.java:43)
	at java.lang.reflect.Method.invoke(Method.java:606)
	at org.testng.internal.MethodInvocationHelper.invokeMethod(MethodInvocationHelper.java:80)
	at org.testng.internal.Invoker.invokeMethod(Invoker.java:714)
	at org.testng.internal.Invoker.invokeTestMethod(Invoker.java:901)
	at org.testng.internal.Invoker.invokeTestMethods(Invoker.java:1231)
	at org.testng.internal.TestMethodWorker.invokeTestMethods(TestMethodWorker.java:128)
	at org.testng.internal.TestMethodWorker.run(TestMethodWorker.java:111)
	at org.testng.TestRunner.privateRun(TestRunner.java:767)
	at org.testng.TestRunner.run(TestRunner.java:617)
	at org.testng.SuiteRunner.runTest(SuiteRunner.java:334)
	at org.testng.SuiteRunner.runSequentially(SuiteRunner.java:329)
	at org.testng.SuiteRunner.privateRun(SuiteRunner.java:291)
	at org.testng.SuiteRunner.run(SuiteRunner.java:240)
	at org.testng.SuiteRunnerWorker.runSuite(SuiteRunnerWorker.java:52)
	at org.testng.SuiteRunnerWorker.run(SuiteRunnerWorker.java:86)
	at org.testng.TestNG.runSuitesSequentially(TestNG.java:1203)
	at org.testng.TestNG.runSuitesLocally(TestNG.java:1128)
	at org.testng.TestNG.run(TestNG.java:1036)
	at org.testng.remote.RemoteTestNG.run(RemoteTestNG.java:111)
	at org.testng.remote.RemoteTestNG.initAndRun(RemoteTestNG.java:204)
	at org.testng.remote.RemoteTestNG.main(RemoteTestNG.java:175)
]]>
            </full-stacktrace>
          </exception> <!-- java.lang.AssertionError -->
          <reporter-output>
          </reporter-output>
        </test-method> <!-- invalidLoginWrongEmail -->
        <test-method status="PASS" signature="unLogin()[pri:0, instance:test.java.LogTest@bdfedaf]" name="unLogin" is-config="true" duration-ms="55" started-at="2014-12-26T12:35:13Z" finished-at="2014-12-26T12:35:13Z">
          <reporter-output>
          </reporter-output>
        </test-method> <!-- unLogin -->
        <test-method status="PASS" signature="setup()[pri:0, instance:test.java.LogTest@bdfedaf]" name="setup" is-config="true" duration-ms="4314" started-at="2014-12-26T12:35:13Z" finished-at="2014-12-26T12:35:17Z">
          <reporter-output>
          </reporter-output>
        </test-method> <!-- setup -->
        <test-method status="PASS" signature="invalidLoginWrongPass()[pri:0, instance:test.java.LogTest@bdfedaf]" name="invalidLoginWrongPass" duration-ms="5461" started-at="2014-12-26T12:35:17Z" finished-at="2014-12-26T12:35:23Z">
          <reporter-output>
          </reporter-output>
        </test-method> <!-- invalidLoginWrongPass -->
        <test-method status="PASS" signature="unLogin()[pri:0, instance:test.java.LogTest@bdfedaf]" name="unLogin" is-config="true" duration-ms="41" started-at="2014-12-26T12:35:23Z" finished-at="2014-12-26T12:35:23Z">
          <reporter-output>
          </reporter-output>
        </test-method> <!-- unLogin -->
        <test-method status="PASS" signature="setup()[pri:0, instance:test.java.LogTest@bdfedaf]" name="setup" is-config="true" duration-ms="4307" started-at="2014-12-26T12:35:23Z" finished-at="2014-12-26T12:35:27Z">
          <reporter-output>
          </reporter-output>
        </test-method> <!-- setup -->
        <test-method status="FAIL" signature="loginFBHangoutPopup()[pri:0, instance:test.java.LogTest@bdfedaf]" name="loginFBHangoutPopup" duration-ms="12508" started-at="2014-12-26T12:35:27Z" finished-at="2014-12-26T12:35:39Z">
          <exception class="org.openqa.selenium.NoSuchElementException">
            <message>
              <![CDATA[Unable to locate element: {"method":"xpath","selector":"//li[@class='menu-left-li menu-left-li_profile']//*[@class='userpic-user__name']"}
Command duration or timeout: 3.07 seconds
For documentation on this error, please visit: http://seleniumhq.org/exceptions/no_such_element.html
Build info: version: '2.42.2', revision: '6a6995d', time: '2014-06-03 17:42:03'
System info: host: 'alexandra-System-Product-Name', ip: '127.0.1.1', os.name: 'Linux', os.arch: 'amd64', os.version: '3.2.0-23-generic', java.version: '1.7.0_60'
Session ID: e1b01af1-ff98-4c34-9b9e-e870ec66db30
Driver info: org.openqa.selenium.firefox.FirefoxDriver
Capabilities [{platform=LINUX, acceptSslCerts=true, javascriptEnabled=true, cssSelectorsEnabled=true, databaseEnabled=true, browserName=firefox, handlesAlerts=true, browserConnectionEnabled=true, webStorageEnabled=true, nativeEvents=true, rotatable=false, locationContextEnabled=true, applicationCacheEnabled=true, takesScreenshot=true, version=29.0}]]]>
            </message>
            <full-stacktrace>
              <![CDATA[org.openqa.selenium.NoSuchElementException: Unable to locate element: {"method":"xpath","selector":"//li[@class='menu-left-li menu-left-li_profile']//*[@class='userpic-user__name']"}
Command duration or timeout: 3.07 seconds
For documentation on this error, please visit: http://seleniumhq.org/exceptions/no_such_element.html
Build info: version: '2.42.2', revision: '6a6995d', time: '2014-06-03 17:42:03'
System info: host: 'alexandra-System-Product-Name', ip: '127.0.1.1', os.name: 'Linux', os.arch: 'amd64', os.version: '3.2.0-23-generic', java.version: '1.7.0_60'
Session ID: e1b01af1-ff98-4c34-9b9e-e870ec66db30
Driver info: org.openqa.selenium.firefox.FirefoxDriver
Capabilities [{platform=LINUX, acceptSslCerts=true, javascriptEnabled=true, cssSelectorsEnabled=true, databaseEnabled=true, browserName=firefox, handlesAlerts=true, browserConnectionEnabled=true, webStorageEnabled=true, nativeEvents=true, rotatable=false, locationContextEnabled=true, applicationCacheEnabled=true, takesScreenshot=true, version=29.0}]
	at sun.reflect.NativeConstructorAccessorImpl.newInstance0(Native Method)
	at sun.reflect.NativeConstructorAccessorImpl.newInstance(NativeConstructorAccessorImpl.java:57)
	at sun.reflect.DelegatingConstructorAccessorImpl.newInstance(DelegatingConstructorAccessorImpl.java:45)
	at java.lang.reflect.Constructor.newInstance(Constructor.java:526)
	at org.openqa.selenium.remote.ErrorHandler.createThrowable(ErrorHandler.java:204)
	at org.openqa.selenium.remote.ErrorHandler.throwIfResponseFailed(ErrorHandler.java:156)
	at org.openqa.selenium.remote.RemoteWebDriver.execute(RemoteWebDriver.java:599)
	at org.openqa.selenium.remote.RemoteWebDriver.findElement(RemoteWebDriver.java:352)
	at org.openqa.selenium.remote.RemoteWebDriver.findElementByXPath(RemoteWebDriver.java:449)
	at org.openqa.selenium.By$ByXPath.findElement(By.java:357)
	at org.openqa.selenium.remote.RemoteWebDriver.findElement(RemoteWebDriver.java:344)
	at sun.reflect.GeneratedMethodAccessor20.invoke(Unknown Source)
	at sun.reflect.DelegatingMethodAccessorImpl.invoke(DelegatingMethodAccessorImpl.java:43)
	at java.lang.reflect.Method.invoke(Method.java:606)
	at org.openqa.selenium.support.events.EventFiringWebDriver$2.invoke(EventFiringWebDriver.java:101)
	at com.sun.proxy.$Proxy12.findElement(Unknown Source)
	at org.openqa.selenium.support.events.EventFiringWebDriver.findElement(EventFiringWebDriver.java:184)
	at main.pages.BaseClass.isMenuOpen(BaseClass.java:62)
	at main.pages.BaseClass.openMenu(BaseClass.java:50)
	at main.pages.BaseClass.getMyNameMenu(BaseClass.java:67)
	at test.java.LogTest.loginFBHangoutPopup(LogTest.java:293)
	at sun.reflect.NativeMethodAccessorImpl.invoke0(Native Method)
	at sun.reflect.NativeMethodAccessorImpl.invoke(NativeMethodAccessorImpl.java:57)
	at sun.reflect.DelegatingMethodAccessorImpl.invoke(DelegatingMethodAccessorImpl.java:43)
	at java.lang.reflect.Method.invoke(Method.java:606)
	at org.testng.internal.MethodInvocationHelper.invokeMethod(MethodInvocationHelper.java:80)
	at org.testng.internal.Invoker.invokeMethod(Invoker.java:714)
	at org.testng.internal.Invoker.invokeTestMethod(Invoker.java:901)
	at org.testng.internal.Invoker.invokeTestMethods(Invoker.java:1231)
	at org.testng.internal.TestMethodWorker.invokeTestMethods(TestMethodWorker.java:128)
	at org.testng.internal.TestMethodWorker.run(TestMethodWorker.java:111)
	at org.testng.TestRunner.privateRun(TestRunner.java:767)
	at org.testng.TestRunner.run(TestRunner.java:617)
	at org.testng.SuiteRunner.runTest(SuiteRunner.java:334)
	at org.testng.SuiteRunner.runSequentially(SuiteRunner.java:329)
	at org.testng.SuiteRunner.privateRun(SuiteRunner.java:291)
	at org.testng.SuiteRunner.run(SuiteRunner.java:240)
	at org.testng.SuiteRunnerWorker.runSuite(SuiteRunnerWorker.java:52)
	at org.testng.SuiteRunnerWorker.run(SuiteRunnerWorker.java:86)
	at org.testng.TestNG.runSuitesSequentially(TestNG.java:1203)
	at org.testng.TestNG.runSuitesLocally(TestNG.java:1128)
	at org.testng.TestNG.run(TestNG.java:1036)
	at org.testng.remote.RemoteTestNG.run(RemoteTestNG.java:111)
	at org.testng.remote.RemoteTestNG.initAndRun(RemoteTestNG.java:204)
	at org.testng.remote.RemoteTestNG.main(RemoteTestNG.java:175)
Caused by: org.openqa.selenium.remote.ErrorHandler$UnknownServerException: Unable to locate element: {"method":"xpath","selector":"//li[@class='menu-left-li menu-left-li_profile']//*[@class='userpic-user__name']"}
Build info: version: '2.42.2', revision: '6a6995d', time: '2014-06-03 17:42:03'
System info: host: 'alexandra-System-Product-Name', ip: '127.0.1.1', os.name: 'Linux', os.arch: 'amd64', os.version: '3.2.0-23-generic', java.version: '1.7.0_60'
Driver info: driver.version: unknown
	at <anonymous class>.FirefoxDriver.prototype.findElementInternal_(file:///tmp/anonymous4245881485854700557webdriver-profile/extensions/fxdriver@googlecode.com/components/driver_component.js:9470)
	at <anonymous class>.fxdriver.Timer.prototype.setTimeout/<.notify(file:///tmp/anonymous4245881485854700557webdriver-profile/extensions/fxdriver@googlecode.com/components/driver_component.js:407)
]]>
            </full-stacktrace>
          </exception> <!-- org.openqa.selenium.NoSuchElementException -->
          <reporter-output>
          </reporter-output>
        </test-method> <!-- loginFBHangoutPopup -->
        <test-method status="PASS" signature="unLogin()[pri:0, instance:test.java.LogTest@bdfedaf]" name="unLogin" is-config="true" duration-ms="41" started-at="2014-12-26T12:35:39Z" finished-at="2014-12-26T12:35:39Z">
          <reporter-output>
          </reporter-output>
        </test-method> <!-- unLogin -->
        <test-method status="PASS" signature="setup()[pri:0, instance:test.java.LogTest@bdfedaf]" name="setup" is-config="true" duration-ms="4305" started-at="2014-12-26T12:35:39Z" finished-at="2014-12-26T12:35:44Z">
          <reporter-output>
          </reporter-output>
        </test-method> <!-- setup -->
        <test-method status="FAIL" signature="loginFBHeaderHangCreate()[pri:0, instance:test.java.LogTest@bdfedaf]" name="loginFBHeaderHangCreate" duration-ms="19966" started-at="2014-12-26T12:35:44Z" finished-at="2014-12-26T12:36:04Z">
          <exception class="org.openqa.selenium.TimeoutException">
            <message>
              <![CDATA[Timed out after 10 seconds waiting for presence of element located by: By.id: hangout_date
Build info: version: '2.42.2', revision: '6a6995d', time: '2014-06-03 17:42:03'
System info: host: 'alexandra-System-Product-Name', ip: '127.0.1.1', os.name: 'Linux', os.arch: 'amd64', os.version: '3.2.0-23-generic', java.version: '1.7.0_60'
Driver info: driver.version: unknown]]>
            </message>
            <full-stacktrace>
              <![CDATA[org.openqa.selenium.TimeoutException: Timed out after 10 seconds waiting for presence of element located by: By.id: hangout_date
Build info: version: '2.42.2', revision: '6a6995d', time: '2014-06-03 17:42:03'
System info: host: 'alexandra-System-Product-Name', ip: '127.0.1.1', os.name: 'Linux', os.arch: 'amd64', os.version: '3.2.0-23-generic', java.version: '1.7.0_60'
Driver info: driver.version: unknown
	at org.openqa.selenium.support.ui.FluentWait.timeoutException(FluentWait.java:259)
	at org.openqa.selenium.support.ui.FluentWait.until(FluentWait.java:228)
	at main.pages.CreateHangoutPage.assertCreatePage(CreateHangoutPage.java:319)
	at test.java.LogTest.loginFBHeaderHangCreate(LogTest.java:405)
	at sun.reflect.NativeMethodAccessorImpl.invoke0(Native Method)
	at sun.reflect.NativeMethodAccessorImpl.invoke(NativeMethodAccessorImpl.java:57)
	at sun.reflect.DelegatingMethodAccessorImpl.invoke(DelegatingMethodAccessorImpl.java:43)
	at java.lang.reflect.Method.invoke(Method.java:606)
	at org.testng.internal.MethodInvocationHelper.invokeMethod(MethodInvocationHelper.java:80)
	at org.testng.internal.Invoker.invokeMethod(Invoker.java:714)
	at org.testng.internal.Invoker.invokeTestMethod(Invoker.java:901)
	at org.testng.internal.Invoker.invokeTestMethods(Invoker.java:1231)
	at org.testng.internal.TestMethodWorker.invokeTestMethods(TestMethodWorker.java:128)
	at org.testng.internal.TestMethodWorker.run(TestMethodWorker.java:111)
	at org.testng.TestRunner.privateRun(TestRunner.java:767)
	at org.testng.TestRunner.run(TestRunner.java:617)
	at org.testng.SuiteRunner.runTest(SuiteRunner.java:334)
	at org.testng.SuiteRunner.runSequentially(SuiteRunner.java:329)
	at org.testng.SuiteRunner.privateRun(SuiteRunner.java:291)
	at org.testng.SuiteRunner.run(SuiteRunner.java:240)
	at org.testng.SuiteRunnerWorker.runSuite(SuiteRunnerWorker.java:52)
	at org.testng.SuiteRunnerWorker.run(SuiteRunnerWorker.java:86)
	at org.testng.TestNG.runSuitesSequentially(TestNG.java:1203)
	at org.testng.TestNG.runSuitesLocally(TestNG.java:1128)
	at org.testng.TestNG.run(TestNG.java:1036)
	at org.testng.remote.RemoteTestNG.run(RemoteTestNG.java:111)
	at org.testng.remote.RemoteTestNG.initAndRun(RemoteTestNG.java:204)
	at org.testng.remote.RemoteTestNG.main(RemoteTestNG.java:175)
Caused by: org.openqa.selenium.NoSuchElementException: Unable to locate element: {"method":"id","selector":"hangout_date"}
Command duration or timeout: 3.05 seconds
For documentation on this error, please visit: http://seleniumhq.org/exceptions/no_such_element.html
Build info: version: '2.42.2', revision: '6a6995d', time: '2014-06-03 17:42:03'
System info: host: 'alexandra-System-Product-Name', ip: '127.0.1.1', os.name: 'Linux', os.arch: 'amd64', os.version: '3.2.0-23-generic', java.version: '1.7.0_60'
Session ID: e1b01af1-ff98-4c34-9b9e-e870ec66db30
Driver info: org.openqa.selenium.firefox.FirefoxDriver
Capabilities [{platform=LINUX, acceptSslCerts=true, javascriptEnabled=true, cssSelectorsEnabled=true, databaseEnabled=true, browserName=firefox, handlesAlerts=true, browserConnectionEnabled=true, webStorageEnabled=true, nativeEvents=true, rotatable=false, locationContextEnabled=true, applicationCacheEnabled=true, takesScreenshot=true, version=29.0}]
	at sun.reflect.NativeConstructorAccessorImpl.newInstance0(Native Method)
	at sun.reflect.NativeConstructorAccessorImpl.newInstance(NativeConstructorAccessorImpl.java:57)
	at sun.reflect.DelegatingConstructorAccessorImpl.newInstance(DelegatingConstructorAccessorImpl.java:45)
	at java.lang.reflect.Constructor.newInstance(Constructor.java:526)
	at org.openqa.selenium.remote.ErrorHandler.createThrowable(ErrorHandler.java:204)
	at org.openqa.selenium.remote.ErrorHandler.throwIfResponseFailed(ErrorHandler.java:156)
	at org.openqa.selenium.remote.RemoteWebDriver.execute(RemoteWebDriver.java:599)
	at org.openqa.selenium.remote.RemoteWebDriver.findElement(RemoteWebDriver.java:352)
	at org.openqa.selenium.remote.RemoteWebDriver.findElementById(RemoteWebDriver.java:393)
	at org.openqa.selenium.By$ById.findElement(By.java:214)
	at org.openqa.selenium.remote.RemoteWebDriver.findElement(RemoteWebDriver.java:344)
	at sun.reflect.GeneratedMethodAccessor20.invoke(Unknown Source)
	at sun.reflect.DelegatingMethodAccessorImpl.invoke(DelegatingMethodAccessorImpl.java:43)
	at java.lang.reflect.Method.invoke(Method.java:606)
	at org.openqa.selenium.support.events.EventFiringWebDriver$2.invoke(EventFiringWebDriver.java:101)
	at com.sun.proxy.$Proxy12.findElement(Unknown Source)
	at org.openqa.selenium.support.events.EventFiringWebDriver.findElement(EventFiringWebDriver.java:184)
	at org.openqa.selenium.support.ui.ExpectedConditions.findElement(ExpectedConditions.java:730)
	at org.openqa.selenium.support.ui.ExpectedConditions.access$0(ExpectedConditions.java:728)
	at org.openqa.selenium.support.ui.ExpectedConditions$3.apply(ExpectedConditions.java:106)
	at org.openqa.selenium.support.ui.ExpectedConditions$3.apply(ExpectedConditions.java:1)
	at org.openqa.selenium.support.ui.FluentWait.until(FluentWait.java:208)
	... 26 more
Caused by: org.openqa.selenium.remote.ErrorHandler$UnknownServerException: Unable to locate element: {"method":"id","selector":"hangout_date"}
Build info: version: '2.42.2', revision: '6a6995d', time: '2014-06-03 17:42:03'
System info: host: 'alexandra-System-Product-Name', ip: '127.0.1.1', os.name: 'Linux', os.arch: 'amd64', os.version: '3.2.0-23-generic', java.version: '1.7.0_60'
Driver info: driver.version: unknown
	at <anonymous class>.FirefoxDriver.prototype.findElementInternal_(file:///tmp/anonymous4245881485854700557webdriver-profile/extensions/fxdriver@googlecode.com/components/driver_component.js:9470)
	at <anonymous class>.fxdriver.Timer.prototype.setTimeout/<.notify(file:///tmp/anonymous4245881485854700557webdriver-profile/extensions/fxdriver@googlecode.com/components/driver_component.js:407)
]]>
            </full-stacktrace>
          </exception> <!-- org.openqa.selenium.TimeoutException -->
          <reporter-output>
          </reporter-output>
        </test-method> <!-- loginFBHeaderHangCreate -->
        <test-method status="PASS" signature="unLogin()[pri:0, instance:test.java.LogTest@bdfedaf]" name="unLogin" is-config="true" duration-ms="63" started-at="2014-12-26T12:36:04Z" finished-at="2014-12-26T12:36:04Z">
          <reporter-output>
          </reporter-output>
        </test-method> <!-- unLogin -->
        <test-method status="PASS" signature="setup()[pri:0, instance:test.java.LogTest@bdfedaf]" name="setup" is-config="true" duration-ms="4308" started-at="2014-12-26T12:36:04Z" finished-at="2014-12-26T12:36:08Z">
          <reporter-output>
          </reporter-output>
        </test-method> <!-- setup -->
        <test-method status="PASS" signature="loginFromChat()[pri:0, instance:test.java.LogTest@bdfedaf]" name="loginFromChat" duration-ms="10330" started-at="2014-12-26T12:36:08Z" finished-at="2014-12-26T12:36:18Z">
          <reporter-output>
          </reporter-output>
        </test-method> <!-- loginFromChat -->
        <test-method status="PASS" signature="unLogin()[pri:0, instance:test.java.LogTest@bdfedaf]" name="unLogin" is-config="true" duration-ms="74" started-at="2014-12-26T12:36:18Z" finished-at="2014-12-26T12:36:18Z">
          <reporter-output>
          </reporter-output>
        </test-method> <!-- unLogin -->
        <test-method status="PASS" signature="setup()[pri:0, instance:test.java.LogTest@bdfedaf]" name="setup" is-config="true" duration-ms="3942" started-at="2014-12-26T12:36:18Z" finished-at="2014-12-26T12:36:22Z">
          <reporter-output>
          </reporter-output>
        </test-method> <!-- setup -->
        <test-method status="PASS" signature="loginFromComments()[pri:0, instance:test.java.LogTest@bdfedaf]" name="loginFromComments" duration-ms="14263" started-at="2014-12-26T12:36:22Z" finished-at="2014-12-26T12:36:37Z">
          <reporter-output>
          </reporter-output>
        </test-method> <!-- loginFromComments -->
        <test-method status="PASS" signature="unLogin()[pri:0, instance:test.java.LogTest@bdfedaf]" name="unLogin" is-config="true" duration-ms="26" started-at="2014-12-26T12:36:37Z" finished-at="2014-12-26T12:36:37Z">
          <reporter-output>
          </reporter-output>
        </test-method> <!-- unLogin -->
        <test-method status="PASS" signature="setup()[pri:0, instance:test.java.LogTest@bdfedaf]" name="setup" is-config="true" duration-ms="3959" started-at="2014-12-26T12:36:37Z" finished-at="2014-12-26T12:36:41Z">
          <reporter-output>
          </reporter-output>
        </test-method> <!-- setup -->
        <test-method status="PASS" signature="loginFromFollowers()[pri:0, instance:test.java.LogTest@bdfedaf]" name="loginFromFollowers" duration-ms="10990" started-at="2014-12-26T12:36:41Z" finished-at="2014-12-26T12:36:52Z">
          <reporter-output>
          </reporter-output>
        </test-method> <!-- loginFromFollowers -->
        <test-method status="PASS" signature="unLogin()[pri:0, instance:test.java.LogTest@bdfedaf]" name="unLogin" is-config="true" duration-ms="58" started-at="2014-12-26T12:36:52Z" finished-at="2014-12-26T12:36:52Z">
          <reporter-output>
          </reporter-output>
        </test-method> <!-- unLogin -->
        <test-method status="PASS" signature="setup()[pri:0, instance:test.java.LogTest@bdfedaf]" name="setup" is-config="true" duration-ms="4075" started-at="2014-12-26T12:36:52Z" finished-at="2014-12-26T12:36:56Z">
          <reporter-output>
          </reporter-output>
        </test-method> <!-- setup -->
        <test-method status="PASS" signature="loginFromFollowing()[pri:0, instance:test.java.LogTest@bdfedaf]" name="loginFromFollowing" duration-ms="10929" started-at="2014-12-26T12:36:56Z" finished-at="2014-12-26T12:37:07Z">
          <reporter-output>
          </reporter-output>
        </test-method> <!-- loginFromFollowing -->
        <test-method status="PASS" signature="unLogin()[pri:0, instance:test.java.LogTest@bdfedaf]" name="unLogin" is-config="true" duration-ms="38" started-at="2014-12-26T12:37:07Z" finished-at="2014-12-26T12:37:07Z">
          <reporter-output>
          </reporter-output>
        </test-method> <!-- unLogin -->
        <test-method status="PASS" signature="setup()[pri:0, instance:test.java.LogTest@bdfedaf]" name="setup" is-config="true" duration-ms="4316" started-at="2014-12-26T12:37:07Z" finished-at="2014-12-26T12:37:11Z">
          <reporter-output>
          </reporter-output>
        </test-method> <!-- setup -->
        <test-method status="PASS" signature="loginFromHangCreate()[pri:0, instance:test.java.LogTest@bdfedaf]" name="loginFromHangCreate" duration-ms="10725" started-at="2014-12-26T12:37:11Z" finished-at="2014-12-26T12:37:22Z">
          <reporter-output>
          </reporter-output>
        </test-method> <!-- loginFromHangCreate -->
        <test-method status="PASS" signature="unLogin()[pri:0, instance:test.java.LogTest@bdfedaf]" name="unLogin" is-config="true" duration-ms="148" started-at="2014-12-26T12:37:22Z" finished-at="2014-12-26T12:37:22Z">
          <reporter-output>
          </reporter-output>
        </test-method> <!-- unLogin -->
        <test-method status="PASS" signature="setup()[pri:0, instance:test.java.LogTest@bdfedaf]" name="setup" is-config="true" duration-ms="3992" started-at="2014-12-26T12:37:22Z" finished-at="2014-12-26T12:37:26Z">
          <reporter-output>
          </reporter-output>
        </test-method> <!-- setup -->
        <test-method status="PASS" signature="loginFromHangoutHeader()[pri:0, instance:test.java.LogTest@bdfedaf]" name="loginFromHangoutHeader" duration-ms="14928" started-at="2014-12-26T12:37:26Z" finished-at="2014-12-26T12:37:41Z">
          <reporter-output>
          </reporter-output>
        </test-method> <!-- loginFromHangoutHeader -->
        <test-method status="PASS" signature="unLogin()[pri:0, instance:test.java.LogTest@bdfedaf]" name="unLogin" is-config="true" duration-ms="146" started-at="2014-12-26T12:37:41Z" finished-at="2014-12-26T12:37:41Z">
          <reporter-output>
          </reporter-output>
        </test-method> <!-- unLogin -->
        <test-method status="PASS" signature="setup()[pri:0, instance:test.java.LogTest@bdfedaf]" name="setup" is-config="true" duration-ms="3986" started-at="2014-12-26T12:37:41Z" finished-at="2014-12-26T12:37:45Z">
          <reporter-output>
          </reporter-output>
        </test-method> <!-- setup -->
        <test-method status="PASS" signature="loginFromHangoutPopup()[pri:0, instance:test.java.LogTest@bdfedaf]" name="loginFromHangoutPopup" duration-ms="13627" started-at="2014-12-26T12:37:45Z" finished-at="2014-12-26T12:37:59Z">
          <reporter-output>
          </reporter-output>
        </test-method> <!-- loginFromHangoutPopup -->
        <test-method status="PASS" signature="unLogin()[pri:0, instance:test.java.LogTest@bdfedaf]" name="unLogin" is-config="true" duration-ms="47" started-at="2014-12-26T12:37:59Z" finished-at="2014-12-26T12:37:59Z">
          <reporter-output>
          </reporter-output>
        </test-method> <!-- unLogin -->
        <test-method status="PASS" signature="setup()[pri:0, instance:test.java.LogTest@bdfedaf]" name="setup" is-config="true" duration-ms="4301" started-at="2014-12-26T12:37:59Z" finished-at="2014-12-26T12:38:03Z">
          <reporter-output>
          </reporter-output>
        </test-method> <!-- setup -->
        <test-method status="PASS" signature="loginFromHeaderHangCreate()[pri:0, instance:test.java.LogTest@bdfedaf]" name="loginFromHeaderHangCreate" duration-ms="13759" started-at="2014-12-26T12:38:03Z" finished-at="2014-12-26T12:38:17Z">
          <reporter-output>
          </reporter-output>
        </test-method> <!-- loginFromHeaderHangCreate -->
        <test-method status="PASS" signature="unLogin()[pri:0, instance:test.java.LogTest@bdfedaf]" name="unLogin" is-config="true" duration-ms="58" started-at="2014-12-26T12:38:17Z" finished-at="2014-12-26T12:38:17Z">
          <reporter-output>
          </reporter-output>
        </test-method> <!-- unLogin -->
        <test-method status="PASS" signature="setup()[pri:0, instance:test.java.LogTest@bdfedaf]" name="setup" is-config="true" duration-ms="4022" started-at="2014-12-26T12:38:17Z" finished-at="2014-12-26T12:38:21Z">
          <reporter-output>
          </reporter-output>
        </test-method> <!-- setup -->
        <test-method status="PASS" signature="loginFromMoney()[pri:0, instance:test.java.LogTest@bdfedaf]" name="loginFromMoney" duration-ms="10713" started-at="2014-12-26T12:38:21Z" finished-at="2014-12-26T12:38:32Z">
          <reporter-output>
          </reporter-output>
        </test-method> <!-- loginFromMoney -->
        <test-method status="PASS" signature="unLogin()[pri:0, instance:test.java.LogTest@bdfedaf]" name="unLogin" is-config="true" duration-ms="40" started-at="2014-12-26T12:38:32Z" finished-at="2014-12-26T12:38:32Z">
          <reporter-output>
          </reporter-output>
        </test-method> <!-- unLogin -->
        <test-method status="PASS" signature="setup()[pri:0, instance:test.java.LogTest@bdfedaf]" name="setup" is-config="true" duration-ms="4009" started-at="2014-12-26T12:38:32Z" finished-at="2014-12-26T12:38:36Z">
          <reporter-output>
          </reporter-output>
        </test-method> <!-- setup -->
        <test-method status="PASS" signature="loginFromNews()[pri:0, instance:test.java.LogTest@bdfedaf]" name="loginFromNews" duration-ms="10964" started-at="2014-12-26T12:38:36Z" finished-at="2014-12-26T12:38:47Z">
          <reporter-output>
          </reporter-output>
        </test-method> <!-- loginFromNews -->
        <test-method status="PASS" signature="unLogin()[pri:0, instance:test.java.LogTest@bdfedaf]" name="unLogin" is-config="true" duration-ms="56" started-at="2014-12-26T12:38:47Z" finished-at="2014-12-26T12:38:47Z">
          <reporter-output>
          </reporter-output>
        </test-method> <!-- unLogin -->
        <test-method status="PASS" signature="setup()[pri:0, instance:test.java.LogTest@bdfedaf]" name="setup" is-config="true" duration-ms="4498" started-at="2014-12-26T12:38:47Z" finished-at="2014-12-26T12:38:51Z">
          <reporter-output>
          </reporter-output>
        </test-method> <!-- setup -->
        <test-method status="PASS" signature="loginFromPricingEnterp()[pri:0, instance:test.java.LogTest@bdfedaf]" name="loginFromPricingEnterp" duration-ms="12974" started-at="2014-12-26T12:38:51Z" finished-at="2014-12-26T12:39:04Z">
          <reporter-output>
          </reporter-output>
        </test-method> <!-- loginFromPricingEnterp -->
        <test-method status="PASS" signature="unLogin()[pri:0, instance:test.java.LogTest@bdfedaf]" name="unLogin" is-config="true" duration-ms="33" started-at="2014-12-26T12:39:04Z" finished-at="2014-12-26T12:39:04Z">
          <reporter-output>
          </reporter-output>
        </test-method> <!-- unLogin -->
        <test-method status="PASS" signature="setup()[pri:0, instance:test.java.LogTest@bdfedaf]" name="setup" is-config="true" duration-ms="4101" started-at="2014-12-26T12:39:04Z" finished-at="2014-12-26T12:39:08Z">
          <reporter-output>
          </reporter-output>
        </test-method> <!-- setup -->
        <test-method status="PASS" signature="loginFromPricingEnterpBottom()[pri:0, instance:test.java.LogTest@bdfedaf]" name="loginFromPricingEnterpBottom" duration-ms="13777" started-at="2014-12-26T12:39:08Z" finished-at="2014-12-26T12:39:22Z">
          <reporter-output>
          </reporter-output>
        </test-method> <!-- loginFromPricingEnterpBottom -->
        <test-method status="PASS" signature="unLogin()[pri:0, instance:test.java.LogTest@bdfedaf]" name="unLogin" is-config="true" duration-ms="149" started-at="2014-12-26T12:39:22Z" finished-at="2014-12-26T12:39:22Z">
          <reporter-output>
          </reporter-output>
        </test-method> <!-- unLogin -->
        <test-method status="PASS" signature="setup()[pri:0, instance:test.java.LogTest@bdfedaf]" name="setup" is-config="true" duration-ms="4031" started-at="2014-12-26T12:39:22Z" finished-at="2014-12-26T12:39:26Z">
          <reporter-output>
          </reporter-output>
        </test-method> <!-- setup -->
        <test-method status="PASS" signature="loginFromPricingFree()[pri:0, instance:test.java.LogTest@bdfedaf]" name="loginFromPricingFree" duration-ms="11984" started-at="2014-12-26T12:39:26Z" finished-at="2014-12-26T12:39:38Z">
          <reporter-output>
          </reporter-output>
        </test-method> <!-- loginFromPricingFree -->
        <test-method status="PASS" signature="unLogin()[pri:0, instance:test.java.LogTest@bdfedaf]" name="unLogin" is-config="true" duration-ms="63" started-at="2014-12-26T12:39:38Z" finished-at="2014-12-26T12:39:38Z">
          <reporter-output>
          </reporter-output>
        </test-method> <!-- unLogin -->
        <test-method status="PASS" signature="setup()[pri:0, instance:test.java.LogTest@bdfedaf]" name="setup" is-config="true" duration-ms="4033" started-at="2014-12-26T12:39:38Z" finished-at="2014-12-26T12:39:42Z">
          <reporter-output>
          </reporter-output>
        </test-method> <!-- setup -->
        <test-method status="PASS" signature="loginFromPricingFreeBottom()[pri:0, instance:test.java.LogTest@bdfedaf]" name="loginFromPricingFreeBottom" duration-ms="12346" started-at="2014-12-26T12:39:42Z" finished-at="2014-12-26T12:39:55Z">
          <reporter-output>
          </reporter-output>
        </test-method> <!-- loginFromPricingFreeBottom -->
        <test-method status="PASS" signature="unLogin()[pri:0, instance:test.java.LogTest@bdfedaf]" name="unLogin" is-config="true" duration-ms="24" started-at="2014-12-26T12:39:55Z" finished-at="2014-12-26T12:39:55Z">
          <reporter-output>
          </reporter-output>
        </test-method> <!-- unLogin -->
        <test-method status="PASS" signature="setup()[pri:0, instance:test.java.LogTest@bdfedaf]" name="setup" is-config="true" duration-ms="3958" started-at="2014-12-26T12:39:55Z" finished-at="2014-12-26T12:39:59Z">
          <reporter-output>
          </reporter-output>
        </test-method> <!-- setup -->
        <test-method status="PASS" signature="loginFromPricingGold()[pri:0, instance:test.java.LogTest@bdfedaf]" name="loginFromPricingGold" duration-ms="13408" started-at="2014-12-26T12:39:59Z" finished-at="2014-12-26T12:40:12Z">
          <reporter-output>
          </reporter-output>
        </test-method> <!-- loginFromPricingGold -->
        <test-method status="PASS" signature="unLogin()[pri:0, instance:test.java.LogTest@bdfedaf]" name="unLogin" is-config="true" duration-ms="46" started-at="2014-12-26T12:40:12Z" finished-at="2014-12-26T12:40:12Z">
          <reporter-output>
          </reporter-output>
        </test-method> <!-- unLogin -->
        <test-method status="PASS" signature="setup()[pri:0, instance:test.java.LogTest@bdfedaf]" name="setup" is-config="true" duration-ms="3977" started-at="2014-12-26T12:40:12Z" finished-at="2014-12-26T12:40:16Z">
          <reporter-output>
          </reporter-output>
        </test-method> <!-- setup -->
        <test-method status="PASS" signature="loginFromPricingGoldBottom()[pri:0, instance:test.java.LogTest@bdfedaf]" name="loginFromPricingGoldBottom" duration-ms="13967" started-at="2014-12-26T12:40:16Z" finished-at="2014-12-26T12:40:30Z">
          <reporter-output>
          </reporter-output>
        </test-method> <!-- loginFromPricingGoldBottom -->
        <test-method status="PASS" signature="unLogin()[pri:0, instance:test.java.LogTest@bdfedaf]" name="unLogin" is-config="true" duration-ms="109" started-at="2014-12-26T12:40:30Z" finished-at="2014-12-26T12:40:30Z">
          <reporter-output>
          </reporter-output>
        </test-method> <!-- unLogin -->
        <test-method status="PASS" signature="setup()[pri:0, instance:test.java.LogTest@bdfedaf]" name="setup" is-config="true" duration-ms="4046" started-at="2014-12-26T12:40:30Z" finished-at="2014-12-26T12:40:34Z">
          <reporter-output>
          </reporter-output>
        </test-method> <!-- setup -->
        <test-method status="PASS" signature="loginFromPricingSilver()[pri:0, instance:test.java.LogTest@bdfedaf]" name="loginFromPricingSilver" duration-ms="17667" started-at="2014-12-26T12:40:34Z" finished-at="2014-12-26T12:40:52Z">
          <reporter-output>
          </reporter-output>
        </test-method> <!-- loginFromPricingSilver -->
        <test-method status="PASS" signature="unLogin()[pri:0, instance:test.java.LogTest@bdfedaf]" name="unLogin" is-config="true" duration-ms="49" started-at="2014-12-26T12:40:52Z" finished-at="2014-12-26T12:40:52Z">
          <reporter-output>
          </reporter-output>
        </test-method> <!-- unLogin -->
        <test-method status="PASS" signature="setup()[pri:0, instance:test.java.LogTest@bdfedaf]" name="setup" is-config="true" duration-ms="4070" started-at="2014-12-26T12:40:52Z" finished-at="2014-12-26T12:40:56Z">
          <reporter-output>
          </reporter-output>
        </test-method> <!-- setup -->
        <test-method status="PASS" signature="loginFromPricingSilverBottom()[pri:0, instance:test.java.LogTest@bdfedaf]" name="loginFromPricingSilverBottom" duration-ms="12712" started-at="2014-12-26T12:40:56Z" finished-at="2014-12-26T12:41:09Z">
          <reporter-output>
          </reporter-output>
        </test-method> <!-- loginFromPricingSilverBottom -->
        <test-method status="PASS" signature="unLogin()[pri:0, instance:test.java.LogTest@bdfedaf]" name="unLogin" is-config="true" duration-ms="103" started-at="2014-12-26T12:41:09Z" finished-at="2014-12-26T12:41:09Z">
          <reporter-output>
          </reporter-output>
        </test-method> <!-- unLogin -->
        <test-method status="PASS" signature="setup()[pri:0, instance:test.java.LogTest@bdfedaf]" name="setup" is-config="true" duration-ms="4046" started-at="2014-12-26T12:41:09Z" finished-at="2014-12-26T12:41:13Z">
          <reporter-output>
          </reporter-output>
        </test-method> <!-- setup -->
        <test-method status="PASS" signature="loginFromSettAccount()[pri:0, instance:test.java.LogTest@bdfedaf]" name="loginFromSettAccount" duration-ms="10631" started-at="2014-12-26T12:41:13Z" finished-at="2014-12-26T12:41:23Z">
          <reporter-output>
          </reporter-output>
        </test-method> <!-- loginFromSettAccount -->
        <test-method status="PASS" signature="unLogin()[pri:0, instance:test.java.LogTest@bdfedaf]" name="unLogin" is-config="true" duration-ms="44" started-at="2014-12-26T12:41:23Z" finished-at="2014-12-26T12:41:23Z">
          <reporter-output>
          </reporter-output>
        </test-method> <!-- unLogin -->
        <test-method status="PASS" signature="setup()[pri:0, instance:test.java.LogTest@bdfedaf]" name="setup" is-config="true" duration-ms="4003" started-at="2014-12-26T12:41:23Z" finished-at="2014-12-26T12:41:27Z">
          <reporter-output>
          </reporter-output>
        </test-method> <!-- setup -->
        <test-method status="PASS" signature="loginFromSettings()[pri:0, instance:test.java.LogTest@bdfedaf]" name="loginFromSettings" duration-ms="10668" started-at="2014-12-26T12:41:27Z" finished-at="2014-12-26T12:41:38Z">
          <reporter-output>
          </reporter-output>
        </test-method> <!-- loginFromSettings -->
        <test-method status="PASS" signature="unLogin()[pri:0, instance:test.java.LogTest@bdfedaf]" name="unLogin" is-config="true" duration-ms="33" started-at="2014-12-26T12:41:38Z" finished-at="2014-12-26T12:41:38Z">
          <reporter-output>
          </reporter-output>
        </test-method> <!-- unLogin -->
        <test-method status="PASS" signature="setup()[pri:0, instance:test.java.LogTest@bdfedaf]" name="setup" is-config="true" duration-ms="4105" started-at="2014-12-26T12:41:38Z" finished-at="2014-12-26T12:41:42Z">
          <reporter-output>
          </reporter-output>
        </test-method> <!-- setup -->
        <test-method status="FAIL" signature="loginGMHangoutPopup()[pri:0, instance:test.java.LogTest@bdfedaf]" name="loginGMHangoutPopup" duration-ms="15631" started-at="2014-12-26T12:41:42Z" finished-at="2014-12-26T12:41:58Z">
          <exception class="org.openqa.selenium.NoSuchElementException">
            <message>
              <![CDATA[Unable to locate element: {"method":"xpath","selector":"//li[@class='menu-left-li menu-left-li_profile']//*[@class='userpic-user__name']"}
Command duration or timeout: 3.08 seconds
For documentation on this error, please visit: http://seleniumhq.org/exceptions/no_such_element.html
Build info: version: '2.42.2', revision: '6a6995d', time: '2014-06-03 17:42:03'
System info: host: 'alexandra-System-Product-Name', ip: '127.0.1.1', os.name: 'Linux', os.arch: 'amd64', os.version: '3.2.0-23-generic', java.version: '1.7.0_60'
Session ID: e1b01af1-ff98-4c34-9b9e-e870ec66db30
Driver info: org.openqa.selenium.firefox.FirefoxDriver
Capabilities [{platform=LINUX, acceptSslCerts=true, javascriptEnabled=true, cssSelectorsEnabled=true, databaseEnabled=true, browserName=firefox, handlesAlerts=true, browserConnectionEnabled=true, webStorageEnabled=true, nativeEvents=true, rotatable=false, locationContextEnabled=true, applicationCacheEnabled=true, takesScreenshot=true, version=29.0}]]]>
            </message>
            <full-stacktrace>
              <![CDATA[org.openqa.selenium.NoSuchElementException: Unable to locate element: {"method":"xpath","selector":"//li[@class='menu-left-li menu-left-li_profile']//*[@class='userpic-user__name']"}
Command duration or timeout: 3.08 seconds
For documentation on this error, please visit: http://seleniumhq.org/exceptions/no_such_element.html
Build info: version: '2.42.2', revision: '6a6995d', time: '2014-06-03 17:42:03'
System info: host: 'alexandra-System-Product-Name', ip: '127.0.1.1', os.name: 'Linux', os.arch: 'amd64', os.version: '3.2.0-23-generic', java.version: '1.7.0_60'
Session ID: e1b01af1-ff98-4c34-9b9e-e870ec66db30
Driver info: org.openqa.selenium.firefox.FirefoxDriver
Capabilities [{platform=LINUX, acceptSslCerts=true, javascriptEnabled=true, cssSelectorsEnabled=true, databaseEnabled=true, browserName=firefox, handlesAlerts=true, browserConnectionEnabled=true, webStorageEnabled=true, nativeEvents=true, rotatable=false, locationContextEnabled=true, applicationCacheEnabled=true, takesScreenshot=true, version=29.0}]
	at sun.reflect.NativeConstructorAccessorImpl.newInstance0(Native Method)
	at sun.reflect.NativeConstructorAccessorImpl.newInstance(NativeConstructorAccessorImpl.java:57)
	at sun.reflect.DelegatingConstructorAccessorImpl.newInstance(DelegatingConstructorAccessorImpl.java:45)
	at java.lang.reflect.Constructor.newInstance(Constructor.java:526)
	at org.openqa.selenium.remote.ErrorHandler.createThrowable(ErrorHandler.java:204)
	at org.openqa.selenium.remote.ErrorHandler.throwIfResponseFailed(ErrorHandler.java:156)
	at org.openqa.selenium.remote.RemoteWebDriver.execute(RemoteWebDriver.java:599)
	at org.openqa.selenium.remote.RemoteWebDriver.findElement(RemoteWebDriver.java:352)
	at org.openqa.selenium.remote.RemoteWebDriver.findElementByXPath(RemoteWebDriver.java:449)
	at org.openqa.selenium.By$ByXPath.findElement(By.java:357)
	at org.openqa.selenium.remote.RemoteWebDriver.findElement(RemoteWebDriver.java:344)
	at sun.reflect.GeneratedMethodAccessor20.invoke(Unknown Source)
	at sun.reflect.DelegatingMethodAccessorImpl.invoke(DelegatingMethodAccessorImpl.java:43)
	at java.lang.reflect.Method.invoke(Method.java:606)
	at org.openqa.selenium.support.events.EventFiringWebDriver$2.invoke(EventFiringWebDriver.java:101)
	at com.sun.proxy.$Proxy12.findElement(Unknown Source)
	at org.openqa.selenium.support.events.EventFiringWebDriver.findElement(EventFiringWebDriver.java:184)
	at main.pages.BaseClass.isMenuOpen(BaseClass.java:62)
	at main.pages.BaseClass.openMenu(BaseClass.java:50)
	at main.pages.BaseClass.getMyNameMenu(BaseClass.java:67)
	at test.java.LogTest.loginGMHangoutPopup(LogTest.java:318)
	at sun.reflect.NativeMethodAccessorImpl.invoke0(Native Method)
	at sun.reflect.NativeMethodAccessorImpl.invoke(NativeMethodAccessorImpl.java:57)
	at sun.reflect.DelegatingMethodAccessorImpl.invoke(DelegatingMethodAccessorImpl.java:43)
	at java.lang.reflect.Method.invoke(Method.java:606)
	at org.testng.internal.MethodInvocationHelper.invokeMethod(MethodInvocationHelper.java:80)
	at org.testng.internal.Invoker.invokeMethod(Invoker.java:714)
	at org.testng.internal.Invoker.invokeTestMethod(Invoker.java:901)
	at org.testng.internal.Invoker.invokeTestMethods(Invoker.java:1231)
	at org.testng.internal.TestMethodWorker.invokeTestMethods(TestMethodWorker.java:128)
	at org.testng.internal.TestMethodWorker.run(TestMethodWorker.java:111)
	at org.testng.TestRunner.privateRun(TestRunner.java:767)
	at org.testng.TestRunner.run(TestRunner.java:617)
	at org.testng.SuiteRunner.runTest(SuiteRunner.java:334)
	at org.testng.SuiteRunner.runSequentially(SuiteRunner.java:329)
	at org.testng.SuiteRunner.privateRun(SuiteRunner.java:291)
	at org.testng.SuiteRunner.run(SuiteRunner.java:240)
	at org.testng.SuiteRunnerWorker.runSuite(SuiteRunnerWorker.java:52)
	at org.testng.SuiteRunnerWorker.run(SuiteRunnerWorker.java:86)
	at org.testng.TestNG.runSuitesSequentially(TestNG.java:1203)
	at org.testng.TestNG.runSuitesLocally(TestNG.java:1128)
	at org.testng.TestNG.run(TestNG.java:1036)
	at org.testng.remote.RemoteTestNG.run(RemoteTestNG.java:111)
	at org.testng.remote.RemoteTestNG.initAndRun(RemoteTestNG.java:204)
	at org.testng.remote.RemoteTestNG.main(RemoteTestNG.java:175)
Caused by: org.openqa.selenium.remote.ErrorHandler$UnknownServerException: Unable to locate element: {"method":"xpath","selector":"//li[@class='menu-left-li menu-left-li_profile']//*[@class='userpic-user__name']"}
Build info: version: '2.42.2', revision: '6a6995d', time: '2014-06-03 17:42:03'
System info: host: 'alexandra-System-Product-Name', ip: '127.0.1.1', os.name: 'Linux', os.arch: 'amd64', os.version: '3.2.0-23-generic', java.version: '1.7.0_60'
Driver info: driver.version: unknown
	at <anonymous class>.FirefoxDriver.prototype.findElementInternal_(file:///tmp/anonymous4245881485854700557webdriver-profile/extensions/fxdriver@googlecode.com/components/driver_component.js:9470)
	at <anonymous class>.fxdriver.Timer.prototype.setTimeout/<.notify(file:///tmp/anonymous4245881485854700557webdriver-profile/extensions/fxdriver@googlecode.com/components/driver_component.js:407)
]]>
            </full-stacktrace>
          </exception> <!-- org.openqa.selenium.NoSuchElementException -->
          <reporter-output>
          </reporter-output>
        </test-method> <!-- loginGMHangoutPopup -->
        <test-method status="PASS" signature="unLogin()[pri:0, instance:test.java.LogTest@bdfedaf]" name="unLogin" is-config="true" duration-ms="44" started-at="2014-12-26T12:41:58Z" finished-at="2014-12-26T12:41:58Z">
          <reporter-output>
          </reporter-output>
        </test-method> <!-- unLogin -->
        <test-method status="PASS" signature="setup()[pri:0, instance:test.java.LogTest@bdfedaf]" name="setup" is-config="true" duration-ms="4293" started-at="2014-12-26T12:41:58Z" finished-at="2014-12-26T12:42:02Z">
          <reporter-output>
          </reporter-output>
        </test-method> <!-- setup -->
        <test-method status="FAIL" signature="loginGMHeaderHangCreate()[pri:0, instance:test.java.LogTest@bdfedaf]" name="loginGMHeaderHangCreate" duration-ms="21559" started-at="2014-12-26T12:42:02Z" finished-at="2014-12-26T12:42:24Z">
          <exception class="org.openqa.selenium.TimeoutException">
            <message>
              <![CDATA[Timed out after 10 seconds waiting for presence of element located by: By.id: hangout_date
Build info: version: '2.42.2', revision: '6a6995d', time: '2014-06-03 17:42:03'
System info: host: 'alexandra-System-Product-Name', ip: '127.0.1.1', os.name: 'Linux', os.arch: 'amd64', os.version: '3.2.0-23-generic', java.version: '1.7.0_60'
Driver info: driver.version: unknown]]>
            </message>
            <full-stacktrace>
              <![CDATA[org.openqa.selenium.TimeoutException: Timed out after 10 seconds waiting for presence of element located by: By.id: hangout_date
Build info: version: '2.42.2', revision: '6a6995d', time: '2014-06-03 17:42:03'
System info: host: 'alexandra-System-Product-Name', ip: '127.0.1.1', os.name: 'Linux', os.arch: 'amd64', os.version: '3.2.0-23-generic', java.version: '1.7.0_60'
Driver info: driver.version: unknown
	at org.openqa.selenium.support.ui.FluentWait.timeoutException(FluentWait.java:259)
	at org.openqa.selenium.support.ui.FluentWait.until(FluentWait.java:228)
	at main.pages.CreateHangoutPage.assertCreatePage(CreateHangoutPage.java:319)
	at test.java.LogTest.loginGMHeaderHangCreate(LogTest.java:385)
	at sun.reflect.NativeMethodAccessorImpl.invoke0(Native Method)
	at sun.reflect.NativeMethodAccessorImpl.invoke(NativeMethodAccessorImpl.java:57)
	at sun.reflect.DelegatingMethodAccessorImpl.invoke(DelegatingMethodAccessorImpl.java:43)
	at java.lang.reflect.Method.invoke(Method.java:606)
	at org.testng.internal.MethodInvocationHelper.invokeMethod(MethodInvocationHelper.java:80)
	at org.testng.internal.Invoker.invokeMethod(Invoker.java:714)
	at org.testng.internal.Invoker.invokeTestMethod(Invoker.java:901)
	at org.testng.internal.Invoker.invokeTestMethods(Invoker.java:1231)
	at org.testng.internal.TestMethodWorker.invokeTestMethods(TestMethodWorker.java:128)
	at org.testng.internal.TestMethodWorker.run(TestMethodWorker.java:111)
	at org.testng.TestRunner.privateRun(TestRunner.java:767)
	at org.testng.TestRunner.run(TestRunner.java:617)
	at org.testng.SuiteRunner.runTest(SuiteRunner.java:334)
	at org.testng.SuiteRunner.runSequentially(SuiteRunner.java:329)
	at org.testng.SuiteRunner.privateRun(SuiteRunner.java:291)
	at org.testng.SuiteRunner.run(SuiteRunner.java:240)
	at org.testng.SuiteRunnerWorker.runSuite(SuiteRunnerWorker.java:52)
	at org.testng.SuiteRunnerWorker.run(SuiteRunnerWorker.java:86)
	at org.testng.TestNG.runSuitesSequentially(TestNG.java:1203)
	at org.testng.TestNG.runSuitesLocally(TestNG.java:1128)
	at org.testng.TestNG.run(TestNG.java:1036)
	at org.testng.remote.RemoteTestNG.run(RemoteTestNG.java:111)
	at org.testng.remote.RemoteTestNG.initAndRun(RemoteTestNG.java:204)
	at org.testng.remote.RemoteTestNG.main(RemoteTestNG.java:175)
Caused by: org.openqa.selenium.NoSuchElementException: Unable to locate element: {"method":"id","selector":"hangout_date"}
Command duration or timeout: 3.04 seconds
For documentation on this error, please visit: http://seleniumhq.org/exceptions/no_such_element.html
Build info: version: '2.42.2', revision: '6a6995d', time: '2014-06-03 17:42:03'
System info: host: 'alexandra-System-Product-Name', ip: '127.0.1.1', os.name: 'Linux', os.arch: 'amd64', os.version: '3.2.0-23-generic', java.version: '1.7.0_60'
Session ID: e1b01af1-ff98-4c34-9b9e-e870ec66db30
Driver info: org.openqa.selenium.firefox.FirefoxDriver
Capabilities [{platform=LINUX, acceptSslCerts=true, javascriptEnabled=true, cssSelectorsEnabled=true, databaseEnabled=true, browserName=firefox, handlesAlerts=true, browserConnectionEnabled=true, webStorageEnabled=true, nativeEvents=true, rotatable=false, locationContextEnabled=true, applicationCacheEnabled=true, takesScreenshot=true, version=29.0}]
	at sun.reflect.NativeConstructorAccessorImpl.newInstance0(Native Method)
	at sun.reflect.NativeConstructorAccessorImpl.newInstance(NativeConstructorAccessorImpl.java:57)
	at sun.reflect.DelegatingConstructorAccessorImpl.newInstance(DelegatingConstructorAccessorImpl.java:45)
	at java.lang.reflect.Constructor.newInstance(Constructor.java:526)
	at org.openqa.selenium.remote.ErrorHandler.createThrowable(ErrorHandler.java:204)
	at org.openqa.selenium.remote.ErrorHandler.throwIfResponseFailed(ErrorHandler.java:156)
	at org.openqa.selenium.remote.RemoteWebDriver.execute(RemoteWebDriver.java:599)
	at org.openqa.selenium.remote.RemoteWebDriver.findElement(RemoteWebDriver.java:352)
	at org.openqa.selenium.remote.RemoteWebDriver.findElementById(RemoteWebDriver.java:393)
	at org.openqa.selenium.By$ById.findElement(By.java:214)
	at org.openqa.selenium.remote.RemoteWebDriver.findElement(RemoteWebDriver.java:344)
	at sun.reflect.GeneratedMethodAccessor20.invoke(Unknown Source)
	at sun.reflect.DelegatingMethodAccessorImpl.invoke(DelegatingMethodAccessorImpl.java:43)
	at java.lang.reflect.Method.invoke(Method.java:606)
	at org.openqa.selenium.support.events.EventFiringWebDriver$2.invoke(EventFiringWebDriver.java:101)
	at com.sun.proxy.$Proxy12.findElement(Unknown Source)
	at org.openqa.selenium.support.events.EventFiringWebDriver.findElement(EventFiringWebDriver.java:184)
	at org.openqa.selenium.support.ui.ExpectedConditions.findElement(ExpectedConditions.java:730)
	at org.openqa.selenium.support.ui.ExpectedConditions.access$0(ExpectedConditions.java:728)
	at org.openqa.selenium.support.ui.ExpectedConditions$3.apply(ExpectedConditions.java:106)
	at org.openqa.selenium.support.ui.ExpectedConditions$3.apply(ExpectedConditions.java:1)
	at org.openqa.selenium.support.ui.FluentWait.until(FluentWait.java:208)
	... 26 more
Caused by: org.openqa.selenium.remote.ErrorHandler$UnknownServerException: Unable to locate element: {"method":"id","selector":"hangout_date"}
Build info: version: '2.42.2', revision: '6a6995d', time: '2014-06-03 17:42:03'
System info: host: 'alexandra-System-Product-Name', ip: '127.0.1.1', os.name: 'Linux', os.arch: 'amd64', os.version: '3.2.0-23-generic', java.version: '1.7.0_60'
Driver info: driver.version: unknown
	at <anonymous class>.FirefoxDriver.prototype.findElementInternal_(file:///tmp/anonymous4245881485854700557webdriver-profile/extensions/fxdriver@googlecode.com/components/driver_component.js:9470)
	at <anonymous class>.fxdriver.Timer.prototype.setTimeout/<.notify(file:///tmp/anonymous4245881485854700557webdriver-profile/extensions/fxdriver@googlecode.com/components/driver_component.js:407)
]]>
            </full-stacktrace>
          </exception> <!-- org.openqa.selenium.TimeoutException -->
          <reporter-output>
          </reporter-output>
        </test-method> <!-- loginGMHeaderHangCreate -->
        <test-method status="PASS" signature="unLogin()[pri:0, instance:test.java.LogTest@bdfedaf]" name="unLogin" is-config="true" duration-ms="53" started-at="2014-12-26T12:42:24Z" finished-at="2014-12-26T12:42:24Z">
          <reporter-output>
          </reporter-output>
        </test-method> <!-- unLogin -->
        <test-method status="PASS" signature="setup()[pri:0, instance:test.java.LogTest@bdfedaf]" name="setup" is-config="true" duration-ms="4344" started-at="2014-12-26T12:42:24Z" finished-at="2014-12-26T12:42:28Z">
          <reporter-output>
          </reporter-output>
        </test-method> <!-- setup -->
        <test-method status="PASS" signature="loginRegGo()[pri:0, instance:test.java.LogTest@bdfedaf]" name="loginRegGo" duration-ms="5176" started-at="2014-12-26T12:42:28Z" finished-at="2014-12-26T12:42:33Z">
          <reporter-output>
          </reporter-output>
        </test-method> <!-- loginRegGo -->
        <test-method status="PASS" signature="unLogin()[pri:0, instance:test.java.LogTest@bdfedaf]" name="unLogin" is-config="true" duration-ms="26" started-at="2014-12-26T12:42:33Z" finished-at="2014-12-26T12:42:33Z">
          <reporter-output>
          </reporter-output>
        </test-method> <!-- unLogin -->
        <test-method status="PASS" signature="setup()[pri:0, instance:test.java.LogTest@bdfedaf]" name="setup" is-config="true" duration-ms="4273" started-at="2014-12-26T12:42:33Z" finished-at="2014-12-26T12:42:38Z">
          <reporter-output>
          </reporter-output>
        </test-method> <!-- setup -->
        <test-method status="PASS" signature="validLoginPage()[pri:0, instance:test.java.LogTest@bdfedaf]" name="validLoginPage" duration-ms="9231" started-at="2014-12-26T12:42:38Z" finished-at="2014-12-26T12:42:47Z">
          <reporter-output>
          </reporter-output>
        </test-method> <!-- validLoginPage -->
        <test-method status="PASS" signature="unLogin()[pri:0, instance:test.java.LogTest@bdfedaf]" name="unLogin" is-config="true" duration-ms="98" started-at="2014-12-26T12:42:47Z" finished-at="2014-12-26T12:42:47Z">
          <reporter-output>
          </reporter-output>
        </test-method> <!-- unLogin -->
        <test-method status="PASS" signature="setup()[pri:0, instance:test.java.LogTest@bdfedaf]" name="setup" is-config="true" duration-ms="4000" started-at="2014-12-26T12:42:47Z" finished-at="2014-12-26T12:42:51Z">
          <reporter-output>
          </reporter-output>
        </test-method> <!-- setup -->
        <test-method status="PASS" signature="validLoginPopup()[pri:0, instance:test.java.LogTest@bdfedaf]" name="validLoginPopup" duration-ms="13914" started-at="2014-12-26T12:42:51Z" finished-at="2014-12-26T12:43:05Z">
          <reporter-output>
          </reporter-output>
        </test-method> <!-- validLoginPopup -->
        <test-method status="PASS" signature="unLogin()[pri:0, instance:test.java.LogTest@bdfedaf]" name="unLogin" is-config="true" duration-ms="30" started-at="2014-12-26T12:43:05Z" finished-at="2014-12-26T12:43:05Z">
          <reporter-output>
          </reporter-output>
        </test-method> <!-- unLogin -->
        <test-method status="PASS" signature="setup()[pri:0, instance:test.java.LogTest@bdfedaf]" name="setup" is-config="true" duration-ms="3960" started-at="2014-12-26T12:43:05Z" finished-at="2014-12-26T12:43:09Z">
          <reporter-output>
          </reporter-output>
        </test-method> <!-- setup -->
        <test-method status="PASS" signature="zcaptchaWrongPass()[pri:0, instance:test.java.LogTest@bdfedaf]" name="zcaptchaWrongPass" duration-ms="13321" started-at="2014-12-26T12:43:09Z" finished-at="2014-12-26T12:43:22Z">
          <reporter-output>
          </reporter-output>
        </test-method> <!-- zcaptchaWrongPass -->
        <test-method status="PASS" signature="unLogin()[pri:0, instance:test.java.LogTest@bdfedaf]" name="unLogin" is-config="true" duration-ms="37" started-at="2014-12-26T12:43:22Z" finished-at="2014-12-26T12:43:22Z">
          <reporter-output>
          </reporter-output>
        </test-method> <!-- unLogin -->
        <test-method status="PASS" signature="closeDriver()[pri:0, instance:test.java.LogTest@bdfedaf]" name="closeDriver" is-config="true" duration-ms="77" started-at="2014-12-26T12:43:22Z" finished-at="2014-12-26T12:43:22Z">
          <reporter-output>
          </reporter-output>
        </test-method> <!-- closeDriver -->
      </class> <!-- test.java.LogTest -->
      <class name="test.java.WebinarTest">
        <test-method status="PASS" signature="setup()[pri:0, instance:test.java.WebinarTest@1b715ee2]" name="setup" is-config="true" duration-ms="10983" started-at="2014-12-26T12:51:30Z" finished-at="2014-12-26T12:51:41Z">
          <reporter-output>
          </reporter-output>
        </test-method> <!-- setup -->
        <test-method status="PASS" signature="presentationScaleMove()[pri:0, instance:test.java.WebinarTest@1b715ee2]" name="presentationScaleMove" duration-ms="34751" started-at="2014-12-26T12:51:41Z" finished-at="2014-12-26T12:52:16Z">
          <reporter-output>
          </reporter-output>
        </test-method> <!-- presentationScaleMove -->
        <test-method status="PASS" signature="unLogin()[pri:0, instance:test.java.WebinarTest@1b715ee2]" name="unLogin" is-config="true" duration-ms="4747" started-at="2014-12-26T12:52:16Z" finished-at="2014-12-26T12:52:20Z">
          <reporter-output>
          </reporter-output>
        </test-method> <!-- unLogin -->
        <test-method status="PASS" signature="setup()[pri:0, instance:test.java.WebinarTest@1b715ee2]" name="setup" is-config="true" duration-ms="10924" started-at="2014-12-26T12:52:20Z" finished-at="2014-12-26T12:52:31Z">
          <reporter-output>
          </reporter-output>
        </test-method> <!-- setup -->
        <test-method status="PASS" signature="slidesPresentation()[pri:0, instance:test.java.WebinarTest@1b715ee2]" name="slidesPresentation" duration-ms="39358" started-at="2014-12-26T12:52:31Z" finished-at="2014-12-26T12:53:11Z">
          <reporter-output>
          </reporter-output>
        </test-method> <!-- slidesPresentation -->
        <test-method status="PASS" signature="unLogin()[pri:0, instance:test.java.WebinarTest@1b715ee2]" name="unLogin" is-config="true" duration-ms="5002" started-at="2014-12-26T12:53:11Z" finished-at="2014-12-26T12:53:16Z">
          <reporter-output>
          </reporter-output>
        </test-method> <!-- unLogin -->
        <test-method status="PASS" signature="setup()[pri:0, instance:test.java.WebinarTest@1b715ee2]" name="setup" is-config="true" duration-ms="10912" started-at="2014-12-26T12:53:16Z" finished-at="2014-12-26T12:53:27Z">
          <reporter-output>
          </reporter-output>
        </test-method> <!-- setup -->
        <test-method status="PASS" signature="upload200PagesPresentation()[pri:0, instance:test.java.WebinarTest@1b715ee2]" name="upload200PagesPresentation" duration-ms="29348" started-at="2014-12-26T12:53:27Z" finished-at="2014-12-26T12:53:56Z">
          <reporter-output>
          </reporter-output>
        </test-method> <!-- upload200PagesPresentation -->
        <test-method status="PASS" signature="unLogin()[pri:0, instance:test.java.WebinarTest@1b715ee2]" name="unLogin" is-config="true" duration-ms="4902" started-at="2014-12-26T12:53:56Z" finished-at="2014-12-26T12:54:01Z">
          <reporter-output>
          </reporter-output>
        </test-method> <!-- unLogin -->
        <test-method status="PASS" signature="setup()[pri:0, instance:test.java.WebinarTest@1b715ee2]" name="setup" is-config="true" duration-ms="10971" started-at="2014-12-26T12:54:01Z" finished-at="2014-12-26T12:54:12Z">
          <reporter-output>
          </reporter-output>
        </test-method> <!-- setup -->
        <test-method status="PASS" signature="uploadBigPresentation()[pri:0, instance:test.java.WebinarTest@1b715ee2]" name="uploadBigPresentation" duration-ms="26294" started-at="2014-12-26T12:54:12Z" finished-at="2014-12-26T12:54:38Z">
          <reporter-output>
          </reporter-output>
        </test-method> <!-- uploadBigPresentation -->
        <test-method status="PASS" signature="unLogin()[pri:0, instance:test.java.WebinarTest@1b715ee2]" name="unLogin" is-config="true" duration-ms="4538" started-at="2014-12-26T12:54:38Z" finished-at="2014-12-26T12:54:43Z">
          <reporter-output>
          </reporter-output>
        </test-method> <!-- unLogin -->
        <test-method status="PASS" signature="setup()[pri:0, instance:test.java.WebinarTest@1b715ee2]" name="setup" is-config="true" duration-ms="10936" started-at="2014-12-26T12:54:43Z" finished-at="2014-12-26T12:54:54Z">
          <reporter-output>
          </reporter-output>
        </test-method> <!-- setup -->
        <test-method status="PASS" signature="uploadPresentation()[pri:0, instance:test.java.WebinarTest@1b715ee2]" name="uploadPresentation" duration-ms="88199" started-at="2014-12-26T12:54:54Z" finished-at="2014-12-26T12:56:22Z">
          <reporter-output>
          </reporter-output>
        </test-method> <!-- uploadPresentation -->
        <test-method status="PASS" signature="unLogin()[pri:0, instance:test.java.WebinarTest@1b715ee2]" name="unLogin" is-config="true" duration-ms="4920" started-at="2014-12-26T12:56:22Z" finished-at="2014-12-26T12:56:27Z">
          <reporter-output>
          </reporter-output>
        </test-method> <!-- unLogin -->
        <test-method status="PASS" signature="setup()[pri:0, instance:test.java.WebinarTest@1b715ee2]" name="setup" is-config="true" duration-ms="11011" started-at="2014-12-26T12:56:27Z" finished-at="2014-12-26T12:56:38Z">
          <reporter-output>
          </reporter-output>
        </test-method> <!-- setup -->
        <test-method status="PASS" signature="uploadWrongPresentation()[pri:0, instance:test.java.WebinarTest@1b715ee2]" name="uploadWrongPresentation" duration-ms="28326" started-at="2014-12-26T12:56:38Z" finished-at="2014-12-26T12:57:06Z">
          <reporter-output>
          </reporter-output>
        </test-method> <!-- uploadWrongPresentation -->
        <test-method status="PASS" signature="unLogin()[pri:0, instance:test.java.WebinarTest@1b715ee2]" name="unLogin" is-config="true" duration-ms="5007" started-at="2014-12-26T12:57:06Z" finished-at="2014-12-26T12:57:11Z">
          <reporter-output>
          </reporter-output>
        </test-method> <!-- unLogin -->
        <test-method status="PASS" signature="setup()[pri:0, instance:test.java.WebinarTest@1b715ee2]" name="setup" is-config="true" duration-ms="10839" started-at="2014-12-26T12:57:11Z" finished-at="2014-12-26T12:57:22Z">
          <reporter-output>
          </reporter-output>
        </test-method> <!-- setup -->
        <test-method status="PASS" signature="videoTabPermiss()[pri:0, instance:test.java.WebinarTest@1b715ee2]" name="videoTabPermiss" duration-ms="28351" started-at="2014-12-26T12:57:22Z" finished-at="2014-12-26T12:57:50Z">
          <reporter-output>
          </reporter-output>
        </test-method> <!-- videoTabPermiss -->
        <test-method status="PASS" signature="unLogin()[pri:0, instance:test.java.WebinarTest@1b715ee2]" name="unLogin" is-config="true" duration-ms="4931" started-at="2014-12-26T12:57:50Z" finished-at="2014-12-26T12:57:55Z">
          <reporter-output>
          </reporter-output>
        </test-method> <!-- unLogin -->
        <test-method status="PASS" signature="setup()[pri:0, instance:test.java.WebinarTest@1b715ee2]" name="setup" is-config="true" duration-ms="11068" started-at="2014-12-26T12:57:55Z" finished-at="2014-12-26T12:58:06Z">
          <reporter-output>
          </reporter-output>
        </test-method> <!-- setup -->
        <test-method status="PASS" signature="zdeletePresentation()[pri:0, instance:test.java.WebinarTest@1b715ee2]" name="zdeletePresentation" duration-ms="43987" started-at="2014-12-26T12:58:06Z" finished-at="2014-12-26T12:58:50Z">
          <reporter-output>
          </reporter-output>
        </test-method> <!-- zdeletePresentation -->
        <test-method status="PASS" signature="unLogin()[pri:0, instance:test.java.WebinarTest@1b715ee2]" name="unLogin" is-config="true" duration-ms="4966" started-at="2014-12-26T12:58:50Z" finished-at="2014-12-26T12:58:55Z">
          <reporter-output>
          </reporter-output>
        </test-method> <!-- unLogin -->
        <test-method status="PASS" signature="closeDriver()[pri:0, instance:test.java.WebinarTest@1b715ee2]" name="closeDriver" is-config="true" duration-ms="69" started-at="2014-12-26T12:58:55Z" finished-at="2014-12-26T12:58:55Z">
          <reporter-output>
          </reporter-output>
        </test-method> <!-- closeDriver -->
      </class> <!-- test.java.WebinarTest -->
      <class name="test.java.SettingTest">
        <test-method status="PASS" signature="setup()[pri:0, instance:test.java.SettingTest@1e1ebbf6]" name="setup" is-config="true" duration-ms="11338" started-at="2014-12-26T12:43:22Z" finished-at="2014-12-26T12:43:34Z">
          <reporter-output>
          </reporter-output>
        </test-method> <!-- setup -->
        <test-method status="FAIL" signature="invalidMyAccount()[pri:0, instance:test.java.SettingTest@1e1ebbf6]" name="invalidMyAccount" duration-ms="20302" started-at="2014-12-26T12:43:34Z" finished-at="2014-12-26T12:43:54Z">
          <exception class="org.openqa.selenium.NoSuchElementException">
            <message>
              <![CDATA[Unable to locate element: {"method":"id","selector":"main_config_email"}
Command duration or timeout: 10.03 seconds
For documentation on this error, please visit: http://seleniumhq.org/exceptions/no_such_element.html
Build info: version: '2.42.2', revision: '6a6995d', time: '2014-06-03 17:42:03'
System info: host: 'alexandra-System-Product-Name', ip: '127.0.1.1', os.name: 'Linux', os.arch: 'amd64', os.version: '3.2.0-23-generic', java.version: '1.7.0_60'
Session ID: 7e5c0fb0-0cca-492e-b620-2f80e4f83493
Driver info: org.openqa.selenium.firefox.FirefoxDriver
Capabilities [{platform=LINUX, acceptSslCerts=true, javascriptEnabled=true, cssSelectorsEnabled=true, databaseEnabled=true, browserName=firefox, handlesAlerts=true, browserConnectionEnabled=true, webStorageEnabled=true, nativeEvents=true, rotatable=false, locationContextEnabled=true, applicationCacheEnabled=true, takesScreenshot=true, version=29.0}]]]>
            </message>
            <full-stacktrace>
              <![CDATA[org.openqa.selenium.NoSuchElementException: Unable to locate element: {"method":"id","selector":"main_config_email"}
Command duration or timeout: 10.03 seconds
For documentation on this error, please visit: http://seleniumhq.org/exceptions/no_such_element.html
Build info: version: '2.42.2', revision: '6a6995d', time: '2014-06-03 17:42:03'
System info: host: 'alexandra-System-Product-Name', ip: '127.0.1.1', os.name: 'Linux', os.arch: 'amd64', os.version: '3.2.0-23-generic', java.version: '1.7.0_60'
Session ID: 7e5c0fb0-0cca-492e-b620-2f80e4f83493
Driver info: org.openqa.selenium.firefox.FirefoxDriver
Capabilities [{platform=LINUX, acceptSslCerts=true, javascriptEnabled=true, cssSelectorsEnabled=true, databaseEnabled=true, browserName=firefox, handlesAlerts=true, browserConnectionEnabled=true, webStorageEnabled=true, nativeEvents=true, rotatable=false, locationContextEnabled=true, applicationCacheEnabled=true, takesScreenshot=true, version=29.0}]
	at sun.reflect.NativeConstructorAccessorImpl.newInstance0(Native Method)
	at sun.reflect.NativeConstructorAccessorImpl.newInstance(NativeConstructorAccessorImpl.java:57)
	at sun.reflect.DelegatingConstructorAccessorImpl.newInstance(DelegatingConstructorAccessorImpl.java:45)
	at java.lang.reflect.Constructor.newInstance(Constructor.java:526)
	at org.openqa.selenium.remote.ErrorHandler.createThrowable(ErrorHandler.java:204)
	at org.openqa.selenium.remote.ErrorHandler.throwIfResponseFailed(ErrorHandler.java:156)
	at org.openqa.selenium.remote.RemoteWebDriver.execute(RemoteWebDriver.java:599)
	at org.openqa.selenium.remote.RemoteWebDriver.findElement(RemoteWebDriver.java:352)
	at org.openqa.selenium.remote.RemoteWebDriver.findElementById(RemoteWebDriver.java:393)
	at org.openqa.selenium.By$ById.findElement(By.java:214)
	at org.openqa.selenium.remote.RemoteWebDriver.findElement(RemoteWebDriver.java:344)
	at sun.reflect.GeneratedMethodAccessor20.invoke(Unknown Source)
	at sun.reflect.DelegatingMethodAccessorImpl.invoke(DelegatingMethodAccessorImpl.java:43)
	at java.lang.reflect.Method.invoke(Method.java:606)
	at org.openqa.selenium.support.events.EventFiringWebDriver$2.invoke(EventFiringWebDriver.java:101)
	at com.sun.proxy.$Proxy12.findElement(Unknown Source)
	at org.openqa.selenium.support.events.EventFiringWebDriver.findElement(EventFiringWebDriver.java:184)
	at main.pages.SettingsPage.changeEmail(SettingsPage.java:122)
	at main.pages.SettingsPage.inputAccountData(SettingsPage.java:115)
	at test.java.SettingTest.invalidMyAccount(SettingTest.java:155)
	at sun.reflect.NativeMethodAccessorImpl.invoke0(Native Method)
	at sun.reflect.NativeMethodAccessorImpl.invoke(NativeMethodAccessorImpl.java:57)
	at sun.reflect.DelegatingMethodAccessorImpl.invoke(DelegatingMethodAccessorImpl.java:43)
	at java.lang.reflect.Method.invoke(Method.java:606)
	at org.testng.internal.MethodInvocationHelper.invokeMethod(MethodInvocationHelper.java:80)
	at org.testng.internal.Invoker.invokeMethod(Invoker.java:714)
	at org.testng.internal.Invoker.invokeTestMethod(Invoker.java:901)
	at org.testng.internal.Invoker.invokeTestMethods(Invoker.java:1231)
	at org.testng.internal.TestMethodWorker.invokeTestMethods(TestMethodWorker.java:128)
	at org.testng.internal.TestMethodWorker.run(TestMethodWorker.java:111)
	at org.testng.TestRunner.privateRun(TestRunner.java:767)
	at org.testng.TestRunner.run(TestRunner.java:617)
	at org.testng.SuiteRunner.runTest(SuiteRunner.java:334)
	at org.testng.SuiteRunner.runSequentially(SuiteRunner.java:329)
	at org.testng.SuiteRunner.privateRun(SuiteRunner.java:291)
	at org.testng.SuiteRunner.run(SuiteRunner.java:240)
	at org.testng.SuiteRunnerWorker.runSuite(SuiteRunnerWorker.java:52)
	at org.testng.SuiteRunnerWorker.run(SuiteRunnerWorker.java:86)
	at org.testng.TestNG.runSuitesSequentially(TestNG.java:1203)
	at org.testng.TestNG.runSuitesLocally(TestNG.java:1128)
	at org.testng.TestNG.run(TestNG.java:1036)
	at org.testng.remote.RemoteTestNG.run(RemoteTestNG.java:111)
	at org.testng.remote.RemoteTestNG.initAndRun(RemoteTestNG.java:204)
	at org.testng.remote.RemoteTestNG.main(RemoteTestNG.java:175)
Caused by: org.openqa.selenium.remote.ErrorHandler$UnknownServerException: Unable to locate element: {"method":"id","selector":"main_config_email"}
Build info: version: '2.42.2', revision: '6a6995d', time: '2014-06-03 17:42:03'
System info: host: 'alexandra-System-Product-Name', ip: '127.0.1.1', os.name: 'Linux', os.arch: 'amd64', os.version: '3.2.0-23-generic', java.version: '1.7.0_60'
Driver info: driver.version: unknown
	at <anonymous class>.FirefoxDriver.prototype.findElementInternal_(file:///tmp/anonymous6103552058867937724webdriver-profile/extensions/fxdriver@googlecode.com/components/driver_component.js:9470)
	at <anonymous class>.fxdriver.Timer.prototype.setTimeout/<.notify(file:///tmp/anonymous6103552058867937724webdriver-profile/extensions/fxdriver@googlecode.com/components/driver_component.js:407)
]]>
            </full-stacktrace>
          </exception> <!-- org.openqa.selenium.NoSuchElementException -->
          <reporter-output>
          </reporter-output>
        </test-method> <!-- invalidMyAccount -->
        <test-method status="PASS" signature="unLogin()[pri:0, instance:test.java.SettingTest@1e1ebbf6]" name="unLogin" is-config="true" duration-ms="4037" started-at="2014-12-26T12:43:54Z" finished-at="2014-12-26T12:43:58Z">
          <reporter-output>
          </reporter-output>
        </test-method> <!-- unLogin -->
        <test-method status="PASS" signature="setup()[pri:0, instance:test.java.SettingTest@1e1ebbf6]" name="setup" is-config="true" duration-ms="10986" started-at="2014-12-26T12:43:58Z" finished-at="2014-12-26T12:44:09Z">
          <reporter-output>
          </reporter-output>
        </test-method> <!-- setup -->
        <test-method status="PASS" signature="mainSettInvalid()[pri:0, instance:test.java.SettingTest@1e1ebbf6]" name="mainSettInvalid" duration-ms="13205" started-at="2014-12-26T12:44:09Z" finished-at="2014-12-26T12:44:22Z">
          <reporter-output>
          </reporter-output>
        </test-method> <!-- mainSettInvalid -->
        <test-method status="PASS" signature="unLogin()[pri:0, instance:test.java.SettingTest@1e1ebbf6]" name="unLogin" is-config="true" duration-ms="4904" started-at="2014-12-26T12:44:22Z" finished-at="2014-12-26T12:44:27Z">
          <reporter-output>
          </reporter-output>
        </test-method> <!-- unLogin -->
        <test-method status="PASS" signature="setup()[pri:0, instance:test.java.SettingTest@1e1ebbf6]" name="setup" is-config="true" duration-ms="11009" started-at="2014-12-26T12:44:27Z" finished-at="2014-12-26T12:44:38Z">
          <reporter-output>
          </reporter-output>
        </test-method> <!-- setup -->
        <test-method status="PASS" signature="mainSettUrlInvalid()[pri:0, instance:test.java.SettingTest@1e1ebbf6]" name="mainSettUrlInvalid" duration-ms="34056" started-at="2014-12-26T12:44:38Z" finished-at="2014-12-26T12:45:12Z">
          <reporter-output>
          </reporter-output>
        </test-method> <!-- mainSettUrlInvalid -->
        <test-method status="PASS" signature="unLogin()[pri:0, instance:test.java.SettingTest@1e1ebbf6]" name="unLogin" is-config="true" duration-ms="5475" started-at="2014-12-26T12:45:12Z" finished-at="2014-12-26T12:45:18Z">
          <reporter-output>
          </reporter-output>
        </test-method> <!-- unLogin -->
        <test-method status="PASS" signature="setup()[pri:0, instance:test.java.SettingTest@1e1ebbf6]" name="setup" is-config="true" duration-ms="11065" started-at="2014-12-26T12:45:18Z" finished-at="2014-12-26T12:45:29Z">
          <reporter-output>
          </reporter-output>
        </test-method> <!-- setup -->
        <test-method status="PASS" signature="mainSetting()[pri:0, instance:test.java.SettingTest@1e1ebbf6]" name="mainSetting" duration-ms="25628" started-at="2014-12-26T12:45:29Z" finished-at="2014-12-26T12:45:54Z">
          <reporter-output>
          </reporter-output>
        </test-method> <!-- mainSetting -->
        <test-method status="PASS" signature="unLogin()[pri:0, instance:test.java.SettingTest@1e1ebbf6]" name="unLogin" is-config="true" duration-ms="5432" started-at="2014-12-26T12:45:54Z" finished-at="2014-12-26T12:46:00Z">
          <reporter-output>
          </reporter-output>
        </test-method> <!-- unLogin -->
        <test-method status="PASS" signature="setup()[pri:0, instance:test.java.SettingTest@1e1ebbf6]" name="setup" is-config="true" duration-ms="10816" started-at="2014-12-26T12:46:00Z" finished-at="2014-12-26T12:46:11Z">
          <reporter-output>
          </reporter-output>
        </test-method> <!-- setup -->
        <test-method status="PASS" signature="settPhotoInput()[pri:0, instance:test.java.SettingTest@1e1ebbf6]" name="settPhotoInput" duration-ms="13623" started-at="2014-12-26T12:46:11Z" finished-at="2014-12-26T12:46:24Z">
          <reporter-output>
          </reporter-output>
        </test-method> <!-- settPhotoInput -->
        <test-method status="PASS" signature="unLogin()[pri:0, instance:test.java.SettingTest@1e1ebbf6]" name="unLogin" is-config="true" duration-ms="5287" started-at="2014-12-26T12:46:24Z" finished-at="2014-12-26T12:46:30Z">
          <reporter-output>
          </reporter-output>
        </test-method> <!-- unLogin -->
        <test-method status="PASS" signature="closeDriver()[pri:0, instance:test.java.SettingTest@1e1ebbf6]" name="closeDriver" is-config="true" duration-ms="66" started-at="2014-12-26T12:46:30Z" finished-at="2014-12-26T12:46:30Z">
          <reporter-output>
          </reporter-output>
        </test-method> <!-- closeDriver -->
      </class> <!-- test.java.SettingTest -->
      <class name="test.java.CommentTest">
        <test-method status="PASS" signature="setup()[pri:0, instance:test.java.CommentTest@2a0e7630]" name="setup" is-config="true" duration-ms="11500" started-at="2014-12-26T12:47:57Z" finished-at="2014-12-26T12:48:09Z">
          <reporter-output>
          </reporter-output>
        </test-method> <!-- setup -->
        <test-method status="PASS" signature="addComment()[pri:0, instance:test.java.CommentTest@2a0e7630]" name="addComment" duration-ms="10596" started-at="2014-12-26T12:48:09Z" finished-at="2014-12-26T12:48:19Z">
          <reporter-output>
          </reporter-output>
        </test-method> <!-- addComment -->
        <test-method status="PASS" signature="unLogin()[pri:0, instance:test.java.CommentTest@2a0e7630]" name="unLogin" is-config="true" duration-ms="4433" started-at="2014-12-26T12:48:19Z" finished-at="2014-12-26T12:48:24Z">
          <reporter-output>
          </reporter-output>
        </test-method> <!-- unLogin -->
        <test-method status="PASS" signature="closeDriver()[pri:0, instance:test.java.CommentTest@2a0e7630]" name="closeDriver" is-config="true" duration-ms="92" started-at="2014-12-26T12:48:24Z" finished-at="2014-12-26T12:48:24Z">
          <reporter-output>
          </reporter-output>
        </test-method> <!-- closeDriver -->
      </class> <!-- test.java.CommentTest -->
      <class name="test.java.ChatTest">
        <test-method status="PASS" signature="setup()[pri:0, instance:test.java.ChatTest@300c5581]" name="setup" is-config="true" duration-ms="12324" started-at="2014-12-26T12:46:30Z" finished-at="2014-12-26T12:46:42Z">
          <reporter-output>
          </reporter-output>
        </test-method> <!-- setup -->
        <test-method status="PASS" signature="assertGoToUserPage()[pri:0, instance:test.java.ChatTest@300c5581]" name="assertGoToUserPage" duration-ms="9520" started-at="2014-12-26T12:46:42Z" finished-at="2014-12-26T12:46:51Z">
          <reporter-output>
          </reporter-output>
        </test-method> <!-- assertGoToUserPage -->
        <test-method status="PASS" signature="unLogin()[pri:0, instance:test.java.ChatTest@300c5581]" name="unLogin" is-config="true" duration-ms="4158" started-at="2014-12-26T12:46:51Z" finished-at="2014-12-26T12:46:56Z">
          <reporter-output>
          </reporter-output>
        </test-method> <!-- unLogin -->
        <test-method status="PASS" signature="setup()[pri:0, instance:test.java.ChatTest@300c5581]" name="setup" is-config="true" duration-ms="936" started-at="2014-12-26T12:46:56Z" finished-at="2014-12-26T12:46:57Z">
          <reporter-output>
          </reporter-output>
        </test-method> <!-- setup -->
        <test-method status="PASS" signature="searchNoUserChat()[pri:0, instance:test.java.ChatTest@300c5581]" name="searchNoUserChat" duration-ms="10869" started-at="2014-12-26T12:46:57Z" finished-at="2014-12-26T12:47:07Z">
          <reporter-output>
          </reporter-output>
        </test-method> <!-- searchNoUserChat -->
        <test-method status="PASS" signature="unLogin()[pri:0, instance:test.java.ChatTest@300c5581]" name="unLogin" is-config="true" duration-ms="3831" started-at="2014-12-26T12:47:07Z" finished-at="2014-12-26T12:47:11Z">
          <reporter-output>
          </reporter-output>
        </test-method> <!-- unLogin -->
        <test-method status="PASS" signature="setup()[pri:0, instance:test.java.ChatTest@300c5581]" name="setup" is-config="true" duration-ms="1114" started-at="2014-12-26T12:47:11Z" finished-at="2014-12-26T12:47:12Z">
          <reporter-output>
          </reporter-output>
        </test-method> <!-- setup -->
        <test-method status="PASS" signature="searchUserChat()[pri:0, instance:test.java.ChatTest@300c5581]" name="searchUserChat" duration-ms="10810" started-at="2014-12-26T12:47:12Z" finished-at="2014-12-26T12:47:23Z">
          <reporter-output>
          </reporter-output>
        </test-method> <!-- searchUserChat -->
        <test-method status="PASS" signature="unLogin()[pri:0, instance:test.java.ChatTest@300c5581]" name="unLogin" is-config="true" duration-ms="3609" started-at="2014-12-26T12:47:23Z" finished-at="2014-12-26T12:47:27Z">
          <reporter-output>
          </reporter-output>
        </test-method> <!-- unLogin -->
        <test-method status="PASS" signature="setup()[pri:0, instance:test.java.ChatTest@300c5581]" name="setup" is-config="true" duration-ms="1069" started-at="2014-12-26T12:47:27Z" finished-at="2014-12-26T12:47:28Z">
          <reporter-output>
          </reporter-output>
        </test-method> <!-- setup -->
        <test-method status="PASS" signature="sendHelpMessage()[pri:0, instance:test.java.ChatTest@300c5581]" name="sendHelpMessage" duration-ms="25435" started-at="2014-12-26T12:47:28Z" finished-at="2014-12-26T12:47:53Z">
          <reporter-output>
          </reporter-output>
        </test-method> <!-- sendHelpMessage -->
        <test-method status="PASS" signature="unLogin()[pri:0, instance:test.java.ChatTest@300c5581]" name="unLogin" is-config="true" duration-ms="4022" started-at="2014-12-26T12:47:53Z" finished-at="2014-12-26T12:47:57Z">
          <reporter-output>
          </reporter-output>
        </test-method> <!-- unLogin -->
        <test-method status="PASS" signature="closeDriver()[pri:0, instance:test.java.ChatTest@300c5581]" name="closeDriver" is-config="true" duration-ms="68" started-at="2014-12-26T12:47:57Z" finished-at="2014-12-26T12:47:57Z">
          <reporter-output>
          </reporter-output>
        </test-method> <!-- closeDriver -->
      </class> <!-- test.java.ChatTest -->
      <class name="test.java.RegisterTest">
        <test-method status="PASS" signature="setup()[pri:0, instance:test.java.RegisterTest@138450f0]" name="setup" is-config="true" duration-ms="16176" started-at="2014-12-26T12:48:24Z" finished-at="2014-12-26T12:48:40Z">
          <reporter-output>
          </reporter-output>
        </test-method> <!-- setup -->
        <test-method status="PASS" signature="setupMethod()[pri:0, instance:test.java.RegisterTest@138450f0]" name="setupMethod" is-config="true" duration-ms="874" started-at="2014-12-26T12:48:40Z" finished-at="2014-12-26T12:48:41Z">
          <reporter-output>
          </reporter-output>
        </test-method> <!-- setupMethod -->
        <test-method status="PASS" signature="invalidRegEmail()[pri:0, instance:test.java.RegisterTest@138450f0]" name="invalidRegEmail" duration-ms="16798" started-at="2014-12-26T12:48:41Z" finished-at="2014-12-26T12:48:58Z">
          <reporter-output>
          </reporter-output>
        </test-method> <!-- invalidRegEmail -->
        <test-method status="PASS" signature="unLogin()[pri:0, instance:test.java.RegisterTest@138450f0]" name="unLogin" is-config="true" duration-ms="118" started-at="2014-12-26T12:48:58Z" finished-at="2014-12-26T12:48:58Z">
          <reporter-output>
          </reporter-output>
        </test-method> <!-- unLogin -->
        <test-method status="PASS" signature="setupMethod()[pri:0, instance:test.java.RegisterTest@138450f0]" name="setupMethod" is-config="true" duration-ms="1052" started-at="2014-12-26T12:48:58Z" finished-at="2014-12-26T12:48:59Z">
          <reporter-output>
          </reporter-output>
        </test-method> <!-- setupMethod -->
        <test-method status="PASS" signature="invalidRegName()[pri:0, instance:test.java.RegisterTest@138450f0]" name="invalidRegName" duration-ms="8117" started-at="2014-12-26T12:48:59Z" finished-at="2014-12-26T12:49:07Z">
          <reporter-output>
          </reporter-output>
        </test-method> <!-- invalidRegName -->
        <test-method status="PASS" signature="unLogin()[pri:0, instance:test.java.RegisterTest@138450f0]" name="unLogin" is-config="true" duration-ms="32" started-at="2014-12-26T12:49:07Z" finished-at="2014-12-26T12:49:07Z">
          <reporter-output>
          </reporter-output>
        </test-method> <!-- unLogin -->
        <test-method status="PASS" signature="setupMethod()[pri:0, instance:test.java.RegisterTest@138450f0]" name="setupMethod" is-config="true" duration-ms="1103" started-at="2014-12-26T12:49:07Z" finished-at="2014-12-26T12:49:08Z">
          <reporter-output>
          </reporter-output>
        </test-method> <!-- setupMethod -->
        <test-method status="PASS" signature="invalidRegPass()[pri:0, instance:test.java.RegisterTest@138450f0]" name="invalidRegPass" duration-ms="9816" started-at="2014-12-26T12:49:08Z" finished-at="2014-12-26T12:49:18Z">
          <reporter-output>
          </reporter-output>
        </test-method> <!-- invalidRegPass -->
        <test-method status="PASS" signature="unLogin()[pri:0, instance:test.java.RegisterTest@138450f0]" name="unLogin" is-config="true" duration-ms="24" started-at="2014-12-26T12:49:18Z" finished-at="2014-12-26T12:49:18Z">
          <reporter-output>
          </reporter-output>
        </test-method> <!-- unLogin -->
        <test-method status="PASS" signature="setupMethod()[pri:0, instance:test.java.RegisterTest@138450f0]" name="setupMethod" is-config="true" duration-ms="1190" started-at="2014-12-26T12:49:18Z" finished-at="2014-12-26T12:49:19Z">
          <reporter-output>
          </reporter-output>
        </test-method> <!-- setupMethod -->
        <test-method status="PASS" signature="registerFromHangoutPopup()[pri:0, instance:test.java.RegisterTest@138450f0]" name="registerFromHangoutPopup" duration-ms="12325" started-at="2014-12-26T12:49:19Z" finished-at="2014-12-26T12:49:32Z">
          <reporter-output>
          </reporter-output>
        </test-method> <!-- registerFromHangoutPopup -->
        <test-method status="PASS" signature="unLogin()[pri:0, instance:test.java.RegisterTest@138450f0]" name="unLogin" is-config="true" duration-ms="21" started-at="2014-12-26T12:49:32Z" finished-at="2014-12-26T12:49:32Z">
          <reporter-output>
          </reporter-output>
        </test-method> <!-- unLogin -->
        <test-method status="PASS" signature="setupMethod()[pri:0, instance:test.java.RegisterTest@138450f0]" name="setupMethod" is-config="true" duration-ms="969" started-at="2014-12-26T12:49:32Z" finished-at="2014-12-26T12:49:33Z">
          <reporter-output>
          </reporter-output>
        </test-method> <!-- setupMethod -->
        <test-method status="PASS" signature="registerFromHeaderHangCreate()[pri:0, instance:test.java.RegisterTest@138450f0]" name="registerFromHeaderHangCreate" duration-ms="13605" started-at="2014-12-26T12:49:33Z" finished-at="2014-12-26T12:49:46Z">
          <reporter-output>
          </reporter-output>
        </test-method> <!-- registerFromHeaderHangCreate -->
        <test-method status="PASS" signature="unLogin()[pri:0, instance:test.java.RegisterTest@138450f0]" name="unLogin" is-config="true" duration-ms="22" started-at="2014-12-26T12:49:46Z" finished-at="2014-12-26T12:49:46Z">
          <reporter-output>
          </reporter-output>
        </test-method> <!-- unLogin -->
        <test-method status="PASS" signature="setupMethod()[pri:0, instance:test.java.RegisterTest@138450f0]" name="setupMethod" is-config="true" duration-ms="950" started-at="2014-12-26T12:49:46Z" finished-at="2014-12-26T12:49:47Z">
          <reporter-output>
          </reporter-output>
        </test-method> <!-- setupMethod -->
        <test-method status="PASS" signature="registerNewPassWithFB()[pri:0, instance:test.java.RegisterTest@138450f0]" name="registerNewPassWithFB" duration-ms="22122" started-at="2014-12-26T12:49:47Z" finished-at="2014-12-26T12:50:09Z">
          <reporter-output>
          </reporter-output>
        </test-method> <!-- registerNewPassWithFB -->
        <test-method status="PASS" signature="unLogin()[pri:0, instance:test.java.RegisterTest@138450f0]" name="unLogin" is-config="true" duration-ms="149" started-at="2014-12-26T12:50:09Z" finished-at="2014-12-26T12:50:09Z">
          <reporter-output>
          </reporter-output>
        </test-method> <!-- unLogin -->
        <test-method status="PASS" signature="setupMethod()[pri:0, instance:test.java.RegisterTest@138450f0]" name="setupMethod" is-config="true" duration-ms="970" started-at="2014-12-26T12:50:09Z" finished-at="2014-12-26T12:50:10Z">
          <reporter-output>
          </reporter-output>
        </test-method> <!-- setupMethod -->
        <test-method status="FAIL" signature="registerWithFB()[pri:0, instance:test.java.RegisterTest@138450f0]" name="registerWithFB" duration-ms="28835" started-at="2014-12-26T12:50:10Z" finished-at="2014-12-26T12:50:39Z">
          <exception class="org.openqa.selenium.NoSuchElementException">
            <message>
              <![CDATA[Unable to locate element: {"method":"xpath","selector":"//li[@class='menu-left-li menu-left-li_profile']//*[@class='userpic-user__name']"}
Command duration or timeout: 10.02 seconds
For documentation on this error, please visit: http://seleniumhq.org/exceptions/no_such_element.html
Build info: version: '2.42.2', revision: '6a6995d', time: '2014-06-03 17:42:03'
System info: host: 'alexandra-System-Product-Name', ip: '127.0.1.1', os.name: 'Linux', os.arch: 'amd64', os.version: '3.2.0-23-generic', java.version: '1.7.0_60'
Session ID: e6b2b517-25bb-4be6-ba9d-3b65d78ba47b
Driver info: org.openqa.selenium.firefox.FirefoxDriver
Capabilities [{platform=LINUX, acceptSslCerts=true, javascriptEnabled=true, cssSelectorsEnabled=true, databaseEnabled=true, browserName=firefox, handlesAlerts=true, browserConnectionEnabled=true, webStorageEnabled=true, nativeEvents=true, rotatable=false, locationContextEnabled=true, applicationCacheEnabled=true, takesScreenshot=true, version=29.0}]]]>
            </message>
            <full-stacktrace>
              <![CDATA[org.openqa.selenium.NoSuchElementException: Unable to locate element: {"method":"xpath","selector":"//li[@class='menu-left-li menu-left-li_profile']//*[@class='userpic-user__name']"}
Command duration or timeout: 10.02 seconds
For documentation on this error, please visit: http://seleniumhq.org/exceptions/no_such_element.html
Build info: version: '2.42.2', revision: '6a6995d', time: '2014-06-03 17:42:03'
System info: host: 'alexandra-System-Product-Name', ip: '127.0.1.1', os.name: 'Linux', os.arch: 'amd64', os.version: '3.2.0-23-generic', java.version: '1.7.0_60'
Session ID: e6b2b517-25bb-4be6-ba9d-3b65d78ba47b
Driver info: org.openqa.selenium.firefox.FirefoxDriver
Capabilities [{platform=LINUX, acceptSslCerts=true, javascriptEnabled=true, cssSelectorsEnabled=true, databaseEnabled=true, browserName=firefox, handlesAlerts=true, browserConnectionEnabled=true, webStorageEnabled=true, nativeEvents=true, rotatable=false, locationContextEnabled=true, applicationCacheEnabled=true, takesScreenshot=true, version=29.0}]
	at sun.reflect.NativeConstructorAccessorImpl.newInstance0(Native Method)
	at sun.reflect.NativeConstructorAccessorImpl.newInstance(NativeConstructorAccessorImpl.java:57)
	at sun.reflect.DelegatingConstructorAccessorImpl.newInstance(DelegatingConstructorAccessorImpl.java:45)
	at java.lang.reflect.Constructor.newInstance(Constructor.java:526)
	at org.openqa.selenium.remote.ErrorHandler.createThrowable(ErrorHandler.java:204)
	at org.openqa.selenium.remote.ErrorHandler.throwIfResponseFailed(ErrorHandler.java:156)
	at org.openqa.selenium.remote.RemoteWebDriver.execute(RemoteWebDriver.java:599)
	at org.openqa.selenium.remote.RemoteWebDriver.findElement(RemoteWebDriver.java:352)
	at org.openqa.selenium.remote.RemoteWebDriver.findElementByXPath(RemoteWebDriver.java:449)
	at org.openqa.selenium.By$ByXPath.findElement(By.java:357)
	at org.openqa.selenium.remote.RemoteWebDriver.findElement(RemoteWebDriver.java:344)
	at sun.reflect.GeneratedMethodAccessor20.invoke(Unknown Source)
	at sun.reflect.DelegatingMethodAccessorImpl.invoke(DelegatingMethodAccessorImpl.java:43)
	at java.lang.reflect.Method.invoke(Method.java:606)
	at org.openqa.selenium.support.events.EventFiringWebDriver$2.invoke(EventFiringWebDriver.java:101)
	at com.sun.proxy.$Proxy12.findElement(Unknown Source)
	at org.openqa.selenium.support.events.EventFiringWebDriver.findElement(EventFiringWebDriver.java:184)
	at main.pages.BaseClass.isMenuOpen(BaseClass.java:62)
	at main.pages.BaseClass.openMenu(BaseClass.java:50)
	at main.pages.BaseClass.openSettings(BaseClass.java:89)
	at test.java.RegisterTest.registerWithFB(RegisterTest.java:205)
	at sun.reflect.NativeMethodAccessorImpl.invoke0(Native Method)
	at sun.reflect.NativeMethodAccessorImpl.invoke(NativeMethodAccessorImpl.java:57)
	at sun.reflect.DelegatingMethodAccessorImpl.invoke(DelegatingMethodAccessorImpl.java:43)
	at java.lang.reflect.Method.invoke(Method.java:606)
	at org.testng.internal.MethodInvocationHelper.invokeMethod(MethodInvocationHelper.java:80)
	at org.testng.internal.Invoker.invokeMethod(Invoker.java:714)
	at org.testng.internal.Invoker.invokeTestMethod(Invoker.java:901)
	at org.testng.internal.Invoker.invokeTestMethods(Invoker.java:1231)
	at org.testng.internal.TestMethodWorker.invokeTestMethods(TestMethodWorker.java:128)
	at org.testng.internal.TestMethodWorker.run(TestMethodWorker.java:111)
	at org.testng.TestRunner.privateRun(TestRunner.java:767)
	at org.testng.TestRunner.run(TestRunner.java:617)
	at org.testng.SuiteRunner.runTest(SuiteRunner.java:334)
	at org.testng.SuiteRunner.runSequentially(SuiteRunner.java:329)
	at org.testng.SuiteRunner.privateRun(SuiteRunner.java:291)
	at org.testng.SuiteRunner.run(SuiteRunner.java:240)
	at org.testng.SuiteRunnerWorker.runSuite(SuiteRunnerWorker.java:52)
	at org.testng.SuiteRunnerWorker.run(SuiteRunnerWorker.java:86)
	at org.testng.TestNG.runSuitesSequentially(TestNG.java:1203)
	at org.testng.TestNG.runSuitesLocally(TestNG.java:1128)
	at org.testng.TestNG.run(TestNG.java:1036)
	at org.testng.remote.RemoteTestNG.run(RemoteTestNG.java:111)
	at org.testng.remote.RemoteTestNG.initAndRun(RemoteTestNG.java:204)
	at org.testng.remote.RemoteTestNG.main(RemoteTestNG.java:175)
Caused by: org.openqa.selenium.remote.ErrorHandler$UnknownServerException: Unable to locate element: {"method":"xpath","selector":"//li[@class='menu-left-li menu-left-li_profile']//*[@class='userpic-user__name']"}
Build info: version: '2.42.2', revision: '6a6995d', time: '2014-06-03 17:42:03'
System info: host: 'alexandra-System-Product-Name', ip: '127.0.1.1', os.name: 'Linux', os.arch: 'amd64', os.version: '3.2.0-23-generic', java.version: '1.7.0_60'
Driver info: driver.version: unknown
	at <anonymous class>.FirefoxDriver.prototype.findElementInternal_(file:///tmp/anonymous1420986530753222956webdriver-profile/extensions/fxdriver@googlecode.com/components/driver_component.js:9470)
	at <anonymous class>.fxdriver.Timer.prototype.setTimeout/<.notify(file:///tmp/anonymous1420986530753222956webdriver-profile/extensions/fxdriver@googlecode.com/components/driver_component.js:407)
]]>
            </full-stacktrace>
          </exception> <!-- org.openqa.selenium.NoSuchElementException -->
          <reporter-output>
          </reporter-output>
        </test-method> <!-- registerWithFB -->
        <test-method status="PASS" signature="unLogin()[pri:0, instance:test.java.RegisterTest@138450f0]" name="unLogin" is-config="true" duration-ms="48" started-at="2014-12-26T12:50:39Z" finished-at="2014-12-26T12:50:39Z">
          <reporter-output>
          </reporter-output>
        </test-method> <!-- unLogin -->
        <test-method status="PASS" signature="setupMethod()[pri:0, instance:test.java.RegisterTest@138450f0]" name="setupMethod" is-config="true" duration-ms="1230" started-at="2014-12-26T12:50:39Z" finished-at="2014-12-26T12:50:41Z">
          <reporter-output>
          </reporter-output>
        </test-method> <!-- setupMethod -->
        <test-method status="PASS" signature="registerWithGM()[pri:0, instance:test.java.RegisterTest@138450f0]" name="registerWithGM" duration-ms="32286" started-at="2014-12-26T12:50:41Z" finished-at="2014-12-26T12:51:13Z">
          <reporter-output>
          </reporter-output>
        </test-method> <!-- registerWithGM -->
        <test-method status="PASS" signature="unLogin()[pri:0, instance:test.java.RegisterTest@138450f0]" name="unLogin" is-config="true" duration-ms="93" started-at="2014-12-26T12:51:13Z" finished-at="2014-12-26T12:51:13Z">
          <reporter-output>
          </reporter-output>
        </test-method> <!-- unLogin -->
        <test-method status="PASS" signature="setupMethod()[pri:0, instance:test.java.RegisterTest@138450f0]" name="setupMethod" is-config="true" duration-ms="1403" started-at="2014-12-26T12:51:13Z" finished-at="2014-12-26T12:51:14Z">
          <reporter-output>
          </reporter-output>
        </test-method> <!-- setupMethod -->
        <test-method status="PASS" signature="registration()[pri:0, instance:test.java.RegisterTest@138450f0]" name="registration" duration-ms="15582" started-at="2014-12-26T12:51:14Z" finished-at="2014-12-26T12:51:30Z">
          <reporter-output>
          </reporter-output>
        </test-method> <!-- registration -->
        <test-method status="PASS" signature="unLogin()[pri:0, instance:test.java.RegisterTest@138450f0]" name="unLogin" is-config="true" duration-ms="28" started-at="2014-12-26T12:51:30Z" finished-at="2014-12-26T12:51:30Z">
          <reporter-output>
          </reporter-output>
        </test-method> <!-- unLogin -->
        <test-method status="PASS" signature="closeDriver()[pri:0, instance:test.java.RegisterTest@138450f0]" name="closeDriver" is-config="true" duration-ms="67" started-at="2014-12-26T12:51:30Z" finished-at="2014-12-26T12:51:30Z">
          <reporter-output>
          </reporter-output>
        </test-method> <!-- closeDriver -->
      </class> <!-- test.java.RegisterTest -->
    </test> <!-- test.java -->
  </suite> <!-- Suite -->
</testng-results>
