464  [main] INFO  test.java.LogTest - ______________________________________class test.java.LogTest______________________________________
540  [main] DEBUG main.Driver.WebDriverFactory - Requested driver: Capabilities [{browserName=firefox}]:null. Driver uses count = 1
6596 [main] INFO  m.Driver.MyWebDriverEventListener - WebDriver navigating to:'https://plush.com.ua/'
11687 [main] DEBUG m.Driver.MyWebDriverEventListener - Webdriver will click on element tag:a |id:  |text: ('English')
13049 [Thread-0] DEBUG main.Driver.WebDriverFactory - Killing driver 
16139 [Thread-0] ERROR m.Driver.MyWebDriverEventListener - ________________________________________________________________________________________________________________
16150 [Thread-0] ERROR m.Driver.MyWebDriverEventListener - WebDriver error:
org.openqa.selenium.remote.UnreachableBrowserException: Error communicating with the remote browser. It may have died.
Build info: version: '2.42.2', revision: '6a6995d', time: '2014-06-03 17:42:03'
System info: host: 'alexandra-System-Product-Name', ip: '127.0.1.1', os.name: 'Linux', os.arch: 'amd64', os.version: '3.2.0-23-generic', java.version: '1.7.0_60'
Driver info: driver.version: EventFiringWebDriver
	at org.openqa.selenium.remote.RemoteWebDriver.execute(RemoteWebDriver.java:593) ~[selenium-server-standalone-2.42.2.jar:na]
	at org.openqa.selenium.remote.RemoteWebDriver.execute(RemoteWebDriver.java:614) ~[selenium-server-standalone-2.42.2.jar:na]
	at org.openqa.selenium.remote.RemoteWebDriver.quit(RemoteWebDriver.java:468) ~[selenium-server-standalone-2.42.2.jar:na]
	at sun.reflect.NativeMethodAccessorImpl.invoke0(Native Method) ~[na:1.7.0_60]
	at sun.reflect.NativeMethodAccessorImpl.invoke(NativeMethodAccessorImpl.java:57) ~[na:1.7.0_60]
	at sun.reflect.DelegatingMethodAccessorImpl.invoke(DelegatingMethodAccessorImpl.java:43) ~[na:1.7.0_60]
	at java.lang.reflect.Method.invoke(Method.java:606) ~[na:1.7.0_60]
	at org.openqa.selenium.support.events.EventFiringWebDriver$2.invoke(EventFiringWebDriver.java:101) ~[selenium-server-standalone-2.42.2.jar:na]
	at com.sun.proxy.$Proxy10.quit(Unknown Source) ~[na:na]
	at org.openqa.selenium.support.events.EventFiringWebDriver.quit(EventFiringWebDriver.java:198) ~[selenium-server-standalone-2.42.2.jar:na]
	at main.Driver.WebDriverFactory.dismissDriver(WebDriverFactory.java:98) ~[classes/:na]
	at main.Driver.WebDriverFactory$1.run(WebDriverFactory.java:164) ~[classes/:na]
Caused by: org.apache.http.NoHttpResponseException: The target server failed to respond
	at org.apache.http.impl.conn.DefaultHttpResponseParser.parseHead(DefaultHttpResponseParser.java:143) ~[selenium-server-standalone-2.42.2.jar:na]
	at org.apache.http.impl.conn.DefaultHttpResponseParser.parseHead(DefaultHttpResponseParser.java:57) ~[selenium-server-standalone-2.42.2.jar:na]
	at org.apache.http.impl.io.AbstractMessageParser.parse(AbstractMessageParser.java:260) ~[selenium-server-standalone-2.42.2.jar:na]
	at org.apache.http.impl.DefaultBHttpClientConnection.receiveResponseHeader(DefaultBHttpClientConnection.java:161) ~[selenium-server-standalone-2.42.2.jar:na]
	at sun.reflect.GeneratedMethodAccessor7.invoke(Unknown Source) ~[na:na]
	at sun.reflect.DelegatingMethodAccessorImpl.invoke(DelegatingMethodAccessorImpl.java:43) ~[na:1.7.0_60]
	at java.lang.reflect.Method.invoke(Method.java:606) ~[na:1.7.0_60]
	at org.apache.http.impl.conn.CPoolProxy.invoke(CPoolProxy.java:138) ~[selenium-server-standalone-2.42.2.jar:na]
	at com.sun.proxy.$Proxy7.receiveResponseHeader(Unknown Source) ~[na:na]
	at org.apache.http.protocol.HttpRequestExecutor.doReceiveResponse(HttpRequestExecutor.java:271) ~[selenium-server-standalone-2.42.2.jar:na]
	at org.apache.http.protocol.HttpRequestExecutor.execute(HttpRequestExecutor.java:123) ~[selenium-server-standalone-2.42.2.jar:na]
	at org.apache.http.impl.execchain.MainClientExec.execute(MainClientExec.java:254) ~[selenium-server-standalone-2.42.2.jar:na]
	at org.apache.http.impl.execchain.ProtocolExec.execute(ProtocolExec.java:195) ~[selenium-server-standalone-2.42.2.jar:na]
	at org.apache.http.impl.execchain.RetryExec.execute(RetryExec.java:85) ~[selenium-server-standalone-2.42.2.jar:na]
	at org.apache.http.impl.execchain.RedirectExec.execute(RedirectExec.java:108) ~[selenium-server-standalone-2.42.2.jar:na]
	at org.apache.http.impl.client.InternalHttpClient.doExecute(InternalHttpClient.java:186) ~[selenium-server-standalone-2.42.2.jar:na]
	at org.apache.http.impl.client.CloseableHttpClient.execute(CloseableHttpClient.java:72) ~[selenium-server-standalone-2.42.2.jar:na]
	at org.apache.http.impl.client.CloseableHttpClient.execute(CloseableHttpClient.java:57) ~[selenium-server-standalone-2.42.2.jar:na]
	at org.openqa.selenium.remote.HttpCommandExecutor.fallBackExecute(HttpCommandExecutor.java:222) ~[selenium-server-standalone-2.42.2.jar:na]
	at org.openqa.selenium.remote.HttpCommandExecutor.execute(HttpCommandExecutor.java:173) ~[selenium-server-standalone-2.42.2.jar:na]
	at org.openqa.selenium.firefox.internal.NewProfileExtensionConnection.execute(NewProfileExtensionConnection.java:165) ~[selenium-server-standalone-2.42.2.jar:na]
	at org.openqa.selenium.firefox.FirefoxDriver$LazyCommandExecutor.execute(FirefoxDriver.java:362) ~[selenium-server-standalone-2.42.2.jar:na]
	at org.openqa.selenium.remote.RemoteWebDriver.execute(RemoteWebDriver.java:572) ~[selenium-server-standalone-2.42.2.jar:na]
	... 11 common frames omitted
16151 [Thread-0] ERROR m.Driver.MyWebDriverEventListener - ________________________________________________________________________________________________________________
16153 [Thread-0] WARN  main.Driver.WebDriverFactory - Driver killing error
org.openqa.selenium.remote.SessionNotFoundException: The FirefoxDriver cannot be used after quit() was called.
Build info: version: '2.42.2', revision: '6a6995d', time: '2014-06-03 17:42:03'
System info: host: 'alexandra-System-Product-Name', ip: '127.0.1.1', os.name: 'Linux', os.arch: 'amd64', os.version: '3.2.0-23-generic', java.version: '1.7.0_60'
Driver info: driver.version: EventFiringWebDriver
	at org.openqa.selenium.firefox.FirefoxDriver$LazyCommandExecutor.execute(FirefoxDriver.java:359) ~[selenium-server-standalone-2.42.2.jar:na]
	at org.openqa.selenium.remote.RemoteWebDriver.execute(RemoteWebDriver.java:572) ~[selenium-server-standalone-2.42.2.jar:na]
	at org.openqa.selenium.remote.RemoteWebDriver.executeScript(RemoteWebDriver.java:508) ~[selenium-server-standalone-2.42.2.jar:na]
	at main.Driver.MyWebDriverEventListener.onException(MyWebDriverEventListener.java:65) ~[classes/:na]
	at sun.reflect.NativeMethodAccessorImpl.invoke0(Native Method) ~[na:1.7.0_60]
	at sun.reflect.NativeMethodAccessorImpl.invoke(NativeMethodAccessorImpl.java:57) ~[na:1.7.0_60]
	at sun.reflect.DelegatingMethodAccessorImpl.invoke(DelegatingMethodAccessorImpl.java:43) ~[na:1.7.0_60]
	at java.lang.reflect.Method.invoke(Method.java:606) ~[na:1.7.0_60]
	at org.openqa.selenium.support.events.EventFiringWebDriver$1.invoke(EventFiringWebDriver.java:78) ~[selenium-server-standalone-2.42.2.jar:na]
	at com.sun.proxy.$Proxy9.onException(Unknown Source) ~[na:na]
	at org.openqa.selenium.support.events.EventFiringWebDriver$2.invoke(EventFiringWebDriver.java:103) ~[selenium-server-standalone-2.42.2.jar:na]
	at com.sun.proxy.$Proxy10.quit(Unknown Source) ~[na:na]
	at org.openqa.selenium.support.events.EventFiringWebDriver.quit(EventFiringWebDriver.java:198) ~[selenium-server-standalone-2.42.2.jar:na]
	at main.Driver.WebDriverFactory.dismissDriver(WebDriverFactory.java:98) ~[classes/:na]
	at main.Driver.WebDriverFactory$1.run(WebDriverFactory.java:164) [classes/:na]
312  [main] INFO  test.java.LogTest - ______________________________________class test.java.LogTest______________________________________
329  [main] DEBUG main.Driver.WebDriverFactory - Requested driver: Capabilities [{browserName=firefox}]:null. Driver uses count = 1
3485 [main] INFO  m.Driver.MyWebDriverEventListener - WebDriver navigating to:'https://testun.com.ua/sys/sys/test_cookie_key'
4239 [main] INFO  m.Driver.MyWebDriverEventListener - WebDriver navigating to:'https://testun.com.ua/'
7783 [main] DEBUG m.Driver.MyWebDriverEventListener - Webdriver will click on element tag:a |id:  |text: ('English')
10232 [main] DEBUG m.Driver.MyWebDriverEventListener - hope Webdriver clicked on element tag:a |id:  |text: ('English')
10358 [main] INFO  test.java.LogTest - ------------------------waitForPageLoaded true
10413 [main] DEBUG m.Driver.MyWebDriverEventListener - Webdriver will click on element tag:a |id:  |text: ('Русский')
10642 [main] DEBUG m.Driver.MyWebDriverEventListener - hope Webdriver clicked on element tag:a |id:  |text: ('Русский')
11214 [main] INFO  test.java.LogTest - ------------------------waitForPageLoaded true
11228 [main] INFO  test.java.LogTest - _______________________________Test = googleValidLogin()_______________________________
14259 [main] INFO  m.Driver.MyWebDriverEventListener - WebDriver navigating to:'https://accounts.google.com'
14935 [main] INFO  m.Driver.MyWebDriverEventListener - WebDriver navigating to:'https://accounts.google.com'
18279 [main] DEBUG m.Driver.MyWebDriverEventListener - WebDriver changing value in element found By.id: Passwd from 'tag:input |id: Passwd |text: ('')
18859 [main] DEBUG m.Driver.MyWebDriverEventListener - WebDriver changing value in element found By.id: Passwd from 'tag:input |id: Passwd |text: ('')
18920 [main] DEBUG m.Driver.MyWebDriverEventListener - WebDriver changing value in element found By.id: Email from 'tag:input |id: Email |text: ('')
20111 [main] DEBUG m.Driver.MyWebDriverEventListener - WebDriver changing value in element found By.id: Email from 'tag:input |id: Email |text: ('')
20178 [main] DEBUG m.Driver.MyWebDriverEventListener - Webdriver will click on element tag:input |id: signIn |text: ('')
21320 [main] DEBUG m.Driver.MyWebDriverEventListener - hope Webdriver clicked on element tag:input |id: signIn |text: ('')
21820 [main] INFO  m.Driver.MyWebDriverEventListener - WebDriver navigating to:'https://testun.com.ua/'
22956 [main] DEBUG m.Driver.MyWebDriverEventListener - Webdriver will click on element tag:a |id: js_header_signin |text: ('Войти')
24678 [main] DEBUG m.Driver.MyWebDriverEventListener - hope Webdriver clicked on element tag:a |id: js_header_signin |text: ('Войти')
24683 [main] INFO  test.java.LogTest - ------------------------waitForPageLoaded true
24774 [main] DEBUG m.Driver.MyWebDriverEventListener - Webdriver will click on element tag:a |id:  |text: ('Вход через Google')
26110 [main] DEBUG m.Driver.MyWebDriverEventListener - hope Webdriver clicked on element tag:a |id:  |text: ('Вход через Google')
29249 [main] INFO  test.java.LogTest - ------------------------waitForPageLoaded true
30968 [main] DEBUG m.Driver.MyWebDriverEventListener - Webdriver will click on element tag:a |id: logout |text: ('Exit')
31450 [main] DEBUG m.Driver.MyWebDriverEventListener - hope Webdriver clicked on element tag:a |id: logout |text: ('Exit')
31460 [main] INFO  test.java.LogTest - ------------------------waitForPageLoaded false
32289 [main] INFO  m.Driver.MyWebDriverEventListener - WebDriver navigating to:'https://accounts.google.com'
34069 [main] INFO  test.java.LogTest - >>>>>>>>>>@AfterMethod<<<<<<<<<
37081 [main] ERROR test.java.LogTest - ----------------------------------------------------------------------js error----------------------------------------------------------------------
37081 [main] ERROR test.java.LogTest - javascript error 1.SyntaxError: Using //@ to indicate sourceURL pragmas is deprecated. Use //# instead [https://www.google.com/settings/_/scs/ac-static/_/js/k=ac.s2.ru.Llpiqh7lenc.O/m=b2,s2_p/am=EQCw/rt=j/d=1/rs=AD6RtdOs2QWO7Ob8paAS471coCi95NeCJQ:119]
37082 [main] ERROR test.java.LogTest - ----------------------------------------------------------------------js error----------------------------------------------------------------------
37111 [main] INFO  test.java.LogTest - ______________________________________class test.java.LogTest______________________________________
37111 [main] DEBUG main.Driver.WebDriverFactory - Requested driver: Capabilities [{browserName=firefox}]:null. Driver uses count = 2
37115 [main] DEBUG main.Driver.WebDriverFactory - getDriver: Current url: https://accounts.google.com/ServiceLogin?passive=1209600&continue=https://www.google.com/settings/personalinfo&followup=https://www.google.com/settings/personalinfo
37120 [main] INFO  m.Driver.MyWebDriverEventListener - WebDriver navigating to:'https://testun.com.ua/sys/sys/test_cookie_key'
37288 [main] INFO  m.Driver.MyWebDriverEventListener - WebDriver navigating to:'https://testun.com.ua/'
38756 [main] DEBUG m.Driver.MyWebDriverEventListener - Webdriver will click on element tag:a |id:  |text: ('English')
39414 [main] DEBUG m.Driver.MyWebDriverEventListener - hope Webdriver clicked on element tag:a |id:  |text: ('English')
39420 [main] INFO  test.java.LogTest - ------------------------waitForPageLoaded true
39480 [main] DEBUG m.Driver.MyWebDriverEventListener - Webdriver will click on element tag:a |id:  |text: ('Русский')
39702 [main] DEBUG m.Driver.MyWebDriverEventListener - hope Webdriver clicked on element tag:a |id:  |text: ('Русский')
40538 [main] INFO  test.java.LogTest - ------------------------waitForPageLoaded true
40553 [main] INFO  test.java.LogTest - _______________________Test = googleValidLoginPopup_______________________
43617 [main] DEBUG m.Driver.MyWebDriverEventListener - Webdriver will click on element tag:a |id: js_header_signin |text: ('Войти')
44323 [main] DEBUG m.Driver.MyWebDriverEventListener - hope Webdriver clicked on element tag:a |id: js_header_signin |text: ('Войти')
44330 [main] INFO  test.java.LogTest - ------------------------waitForPageLoaded true
44434 [main] DEBUG m.Driver.MyWebDriverEventListener - Webdriver will click on element tag:a |id:  |text: ('Вход через Google')
45971 [main] DEBUG m.Driver.MyWebDriverEventListener - hope Webdriver clicked on element tag:a |id:  |text: ('Вход через Google')
46767 [main] DEBUG m.Driver.MyWebDriverEventListener - WebDriver changing value in element found By.id: Passwd from 'tag:input |id: Passwd |text: ('')
47315 [main] DEBUG m.Driver.MyWebDriverEventListener - WebDriver changing value in element found By.id: Passwd from 'tag:input |id: Passwd |text: ('')
47355 [main] DEBUG m.Driver.MyWebDriverEventListener - WebDriver changing value in element found By.id: Email from 'tag:input |id: Email |text: ('')
47973 [main] DEBUG m.Driver.MyWebDriverEventListener - WebDriver changing value in element found By.id: Email from 'tag:input |id: Email |text: ('')
48025 [main] DEBUG m.Driver.MyWebDriverEventListener - Webdriver will click on element tag:input |id: signIn |text: ('')
49764 [main] DEBUG m.Driver.MyWebDriverEventListener - hope Webdriver clicked on element tag:input |id: signIn |text: ('')
51936 [main] INFO  test.java.LogTest - ------------------------waitForPageLoaded true
54887 [main] DEBUG m.Driver.MyWebDriverEventListener - Webdriver will click on element tag:a |id: logout |text: ('Exit')
55364 [main] DEBUG m.Driver.MyWebDriverEventListener - hope Webdriver clicked on element tag:a |id: logout |text: ('Exit')
55373 [main] INFO  test.java.LogTest - ------------------------waitForPageLoaded false
56374 [main] INFO  test.java.LogTest - ------------------------waitForPageLoaded true
56382 [main] INFO  m.Driver.MyWebDriverEventListener - WebDriver navigating to:'https://accounts.google.com'
57836 [main] INFO  test.java.LogTest - >>>>>>>>>>@AfterMethod<<<<<<<<<
60844 [main] ERROR test.java.LogTest - ----------------------------------------------------------------------js error----------------------------------------------------------------------
60844 [main] ERROR test.java.LogTest - javascript error 1.SyntaxError: Using //@ to indicate sourceURL pragmas is deprecated. Use //# instead [https://www.google.com/settings/_/scs/ac-static/_/js/k=ac.s2.ru.Llpiqh7lenc.O/m=b2,s2_p/am=EQCw/rt=j/d=1/rs=AD6RtdOs2QWO7Ob8paAS471coCi95NeCJQ:119]
60844 [main] ERROR test.java.LogTest - ----------------------------------------------------------------------js error----------------------------------------------------------------------
60868 [main] INFO  test.java.LogTest - ______________________________________class test.java.LogTest______________________________________
60868 [main] DEBUG main.Driver.WebDriverFactory - Requested driver: Capabilities [{browserName=firefox}]:null. Driver uses count = 3
60872 [main] DEBUG main.Driver.WebDriverFactory - getDriver: Current url: https://accounts.google.com/ServiceLogin?passive=1209600&continue=https://www.google.com/settings/personalinfo&followup=https://www.google.com/settings/personalinfo
60876 [main] INFO  m.Driver.MyWebDriverEventListener - WebDriver navigating to:'https://testun.com.ua/sys/sys/test_cookie_key'
61042 [main] INFO  m.Driver.MyWebDriverEventListener - WebDriver navigating to:'https://testun.com.ua/'
62529 [main] DEBUG m.Driver.MyWebDriverEventListener - Webdriver will click on element tag:a |id:  |text: ('English')
63190 [main] DEBUG m.Driver.MyWebDriverEventListener - hope Webdriver clicked on element tag:a |id:  |text: ('English')
63196 [main] INFO  test.java.LogTest - ------------------------waitForPageLoaded true
63300 [main] DEBUG m.Driver.MyWebDriverEventListener - Webdriver will click on element tag:a |id:  |text: ('Русский')
63534 [main] DEBUG m.Driver.MyWebDriverEventListener - hope Webdriver clicked on element tag:a |id:  |text: ('Русский')
64229 [main] INFO  test.java.LogTest - ------------------------waitForPageLoaded true
64244 [main] INFO  test.java.LogTest - _______________________________Test = facebookValidLogin()_______________________________
64244 [main] INFO  m.Driver.MyWebDriverEventListener - WebDriver navigating to:'https://www.facebook.com/'
65815 [main] DEBUG m.Driver.MyWebDriverEventListener - WebDriver changing value in element found By.id: email from 'tag:input |id: email |text: ('')
66456 [main] DEBUG m.Driver.MyWebDriverEventListener - WebDriver changing value in element found By.id: email from 'tag:input |id: email |text: ('')
66489 [main] DEBUG m.Driver.MyWebDriverEventListener - WebDriver changing value in element found By.id: pass from 'tag:input |id: pass |text: ('')
66922 [main] DEBUG m.Driver.MyWebDriverEventListener - WebDriver changing value in element found By.id: pass from 'tag:input |id: pass |text: ('')
66982 [main] DEBUG m.Driver.MyWebDriverEventListener - Webdriver will click on element tag:input |id: u_0_n |text: ('')
67505 [main] DEBUG m.Driver.MyWebDriverEventListener - hope Webdriver clicked on element tag:input |id: u_0_n |text: ('')
68005 [main] INFO  m.Driver.MyWebDriverEventListener - WebDriver navigating to:'https://testun.com.ua/'
68773 [main] DEBUG m.Driver.MyWebDriverEventListener - Webdriver will click on element tag:a |id: js_header_signin |text: ('Войти')
69186 [main] DEBUG m.Driver.MyWebDriverEventListener - hope Webdriver clicked on element tag:a |id: js_header_signin |text: ('Войти')
69191 [main] INFO  test.java.LogTest - ------------------------waitForPageLoaded true
69380 [main] DEBUG m.Driver.MyWebDriverEventListener - Webdriver will click on element tag:a |id:  |text: ('Вход через Facebook')
70698 [main] DEBUG m.Driver.MyWebDriverEventListener - hope Webdriver clicked on element tag:a |id:  |text: ('Вход через Facebook')
73860 [main] ERROR m.Driver.MyWebDriverEventListener - ________________________________________________________________________________________________________________
73860 [main] ERROR m.Driver.MyWebDriverEventListener - WebDriver error: Element not found By.selector: .user-big__name
73860 [main] ERROR m.Driver.MyWebDriverEventListener - ________________________________________________________________________________________________________________
77403 [main] ERROR m.Driver.MyWebDriverEventListener - ________________________________________________________________________________________________________________
77403 [main] ERROR m.Driver.MyWebDriverEventListener - WebDriver error: Element not found By.selector: .user-big__name
77403 [main] ERROR m.Driver.MyWebDriverEventListener - ________________________________________________________________________________________________________________
77422 [main] INFO  test.java.LogTest - ------------------------waitForPageLoaded true
80490 [main] ERROR m.Driver.MyWebDriverEventListener - ________________________________________________________________________________________________________________
80490 [main] ERROR m.Driver.MyWebDriverEventListener - WebDriver error: Element not found By.selector: .header__profile
80490 [main] ERROR m.Driver.MyWebDriverEventListener - ________________________________________________________________________________________________________________
80498 [main] INFO  test.java.LogTest - >>>>>>>>>>@AfterMethod<<<<<<<<<
83589 [main] ERROR test.java.LogTest - ------------------------> Ошибка на странице:"Tutorsband".Текст переменной:cebook_Message ***not defined***"
83590 [main] INFO  test.java.LogTest - ______________________________________class test.java.LogTest______________________________________
83590 [main] DEBUG main.Driver.WebDriverFactory - Requested driver: Capabilities [{browserName=firefox}]:null. Driver uses count = 4
83594 [main] DEBUG main.Driver.WebDriverFactory - getDriver: Current url: https://testun.com.ua/#signin
83597 [main] INFO  m.Driver.MyWebDriverEventListener - WebDriver navigating to:'https://testun.com.ua/sys/sys/test_cookie_key'
83693 [main] INFO  m.Driver.MyWebDriverEventListener - WebDriver navigating to:'https://testun.com.ua/'
84447 [main] INFO  test.java.LogTest - _______________________________Test = facebookValidLoginPopup()_______________________________
87510 [main] DEBUG m.Driver.MyWebDriverEventListener - Webdriver will click on element tag:a |id: js_header_signin |text: ('Войти')
88807 [main] DEBUG m.Driver.MyWebDriverEventListener - hope Webdriver clicked on element tag:a |id: js_header_signin |text: ('Войти')
88813 [main] INFO  test.java.LogTest - ------------------------waitForPageLoaded true
88907 [main] DEBUG m.Driver.MyWebDriverEventListener - Webdriver will click on element tag:a |id:  |text: ('Вход через Facebook')
90192 [main] DEBUG m.Driver.MyWebDriverEventListener - hope Webdriver clicked on element tag:a |id:  |text: ('Вход через Facebook')
91354 [main] DEBUG m.Driver.MyWebDriverEventListener - WebDriver changing value in element found By.id: email from 'tag:input |id: email |text: ('')
92098 [main] DEBUG m.Driver.MyWebDriverEventListener - WebDriver changing value in element found By.id: email from 'tag:input |id: email |text: ('')
92130 [main] DEBUG m.Driver.MyWebDriverEventListener - WebDriver changing value in element found By.id: pass from 'tag:input |id: pass |text: ('')
92555 [main] DEBUG m.Driver.MyWebDriverEventListener - WebDriver changing value in element found By.id: pass from 'tag:input |id: pass |text: ('')
92626 [main] DEBUG m.Driver.MyWebDriverEventListener - Webdriver will click on element tag:input |id: u_0_1 |text: ('')
94245 [main] DEBUG m.Driver.MyWebDriverEventListener - hope Webdriver clicked on element tag:input |id: u_0_1 |text: ('')
96861 [main] INFO  test.java.LogTest - ------------------------waitForPageLoaded true
99709 [main] DEBUG m.Driver.MyWebDriverEventListener - Webdriver will click on element tag:a |id: logout |text: ('Exit')
100193 [main] DEBUG m.Driver.MyWebDriverEventListener - hope Webdriver clicked on element tag:a |id: logout |text: ('Exit')
100199 [main] INFO  test.java.LogTest - ------------------------waitForPageLoaded false
100953 [main] INFO  test.java.LogTest - ------------------------waitForPageLoaded true
100990 [main] INFO  m.Driver.MyWebDriverEventListener - WebDriver navigating to:'https://www.facebook.com/'
106604 [main] INFO  test.java.LogTest - >>>>>>>>>>@AfterMethod<<<<<<<<<
109641 [main] INFO  test.java.LogTest - ______________________________________class test.java.LogTest______________________________________
109641 [main] DEBUG main.Driver.WebDriverFactory - Requested driver: Capabilities [{browserName=firefox}]:null. Driver uses count = 5
109648 [main] DEBUG main.Driver.WebDriverFactory - getDriver: Current url: https://www.facebook.com/
109656 [main] INFO  m.Driver.MyWebDriverEventListener - WebDriver navigating to:'https://testun.com.ua/sys/sys/test_cookie_key'
109888 [main] INFO  m.Driver.MyWebDriverEventListener - WebDriver navigating to:'https://testun.com.ua/'
110912 [main] DEBUG m.Driver.MyWebDriverEventListener - Webdriver will click on element tag:a |id:  |text: ('English')
111560 [main] DEBUG m.Driver.MyWebDriverEventListener - hope Webdriver clicked on element tag:a |id:  |text: ('English')
111576 [main] INFO  test.java.LogTest - ------------------------waitForPageLoaded true
111684 [main] DEBUG m.Driver.MyWebDriverEventListener - Webdriver will click on element tag:a |id:  |text: ('Русский')
111907 [main] DEBUG m.Driver.MyWebDriverEventListener - hope Webdriver clicked on element tag:a |id:  |text: ('Русский')
112591 [main] INFO  test.java.LogTest - ------------------------waitForPageLoaded true
112602 [main] INFO  test.java.LogTest - _______________________Test = loginFromVideoPay _______________________
115615 [main] INFO  m.Driver.MyWebDriverEventListener - WebDriver navigating to:'https://testun.com.ua//search'
116366 [main] DEBUG m.Driver.MyWebDriverEventListener - Webdriver will click on element tag:a |id:  |text: ('Записи встреч
119')
118332 [main] DEBUG m.Driver.MyWebDriverEventListener - hope Webdriver clicked on element tag:a |id:  |text: ('Записи встреч
119')
118504 [main] INFO  test.java.LogTest - ------------------------waitForPageLoaded false
118785 [main] DEBUG m.Driver.MyWebDriverEventListener - Webdriver will click on element tag:a |id:  |text: ('00:02
1 июля 2014 в 18:02
sdfdsf
Виолетта Прокофьева 9
23 TBM')
120237 [main] DEBUG m.Driver.MyWebDriverEventListener - hope Webdriver clicked on element tag:a |id:  |text: ('00:02
1 июля 2014 в 18:02
sdfdsf
Виолетта Прокофьева 9
23 TBM')
121149 [main] ERROR test.java.LogTest - ------------------------> Ошибка на странице:"Запись встречи "sdfdsf"".Текст переменной:cebook_Message ***not defined***"
121217 [main] DEBUG m.Driver.MyWebDriverEventListener - Webdriver will click on element tag:a |id:  |text: ('Купить видео')
121991 [main] DEBUG m.Driver.MyWebDriverEventListener - hope Webdriver clicked on element tag:a |id:  |text: ('Купить видео')
121997 [main] INFO  test.java.LogTest - ------------------------waitForPageLoaded true
122104 [main] DEBUG m.Driver.MyWebDriverEventListener - Webdriver will click on element tag:a |id:  |text: ('войдите')
122903 [main] DEBUG m.Driver.MyWebDriverEventListener - hope Webdriver clicked on element tag:a |id:  |text: ('войдите')
122950 [main] DEBUG m.Driver.MyWebDriverEventListener - WebDriver changing value in element found By.id: login_email from 'tag:input |id: login_email |text: ('')
123591 [main] DEBUG m.Driver.MyWebDriverEventListener - WebDriver changing value in element found By.id: login_email from 'tag:input |id: login_email |text: ('')
123627 [main] DEBUG m.Driver.MyWebDriverEventListener - WebDriver changing value in element found By.id: login_password from 'tag:input |id: login_password |text: ('')
124266 [main] DEBUG m.Driver.MyWebDriverEventListener - WebDriver changing value in element found By.id: login_password from 'tag:input |id: login_password |text: ('')
124343 [main] DEBUG m.Driver.MyWebDriverEventListener - Webdriver will click on element tag:input |id: login_button |text: ('')
125157 [main] DEBUG m.Driver.MyWebDriverEventListener - hope Webdriver clicked on element tag:input |id: login_button |text: ('')
126132 [main] INFO  test.java.LogTest - ------------------------waitForPageLoaded true
126179 [main] DEBUG m.Driver.MyWebDriverEventListener - Webdriver will click on element tag:a |id:  |text: ('')
127964 [main] DEBUG m.Driver.MyWebDriverEventListener - hope Webdriver clicked on element tag:a |id:  |text: ('')
127970 [main] INFO  test.java.LogTest - ------------------------waitForPageLoaded true
127983 [main] INFO  test.java.LogTest - ------------------------waitForPageLoaded true
128879 [main] DEBUG m.Driver.MyWebDriverEventListener - Webdriver will click on element tag:a |id: logout |text: ('Exit')
129356 [main] DEBUG m.Driver.MyWebDriverEventListener - hope Webdriver clicked on element tag:a |id: logout |text: ('Exit')
129362 [main] INFO  test.java.LogTest - ------------------------waitForPageLoaded true
139539 [main] INFO  test.java.LogTest - >>>>>>>>>>@AfterMethod<<<<<<<<<
142642 [main] ERROR test.java.LogTest - ------------------------> Ошибка на странице:"Braincast recording"sdfdsf"".Текст переменной:cebook_Message ***not defined***"
142643 [main] INFO  test.java.LogTest - ______________________________________class test.java.LogTest______________________________________
142643 [main] DEBUG main.Driver.WebDriverFactory - Requested driver: Capabilities [{browserName=firefox}]:null. Driver uses count = 6
142650 [main] DEBUG main.Driver.WebDriverFactory - getDriver: Current url: https://testun.com.ua/video/943
142657 [main] INFO  m.Driver.MyWebDriverEventListener - WebDriver navigating to:'https://testun.com.ua/sys/sys/test_cookie_key'
142891 [main] INFO  m.Driver.MyWebDriverEventListener - WebDriver navigating to:'https://testun.com.ua/'
147540 [main] ERROR m.Driver.MyWebDriverEventListener - ________________________________________________________________________________________________________________
147540 [main] ERROR m.Driver.MyWebDriverEventListener - WebDriver error: Element not found By.selector: .button.js_main_lang
147540 [main] ERROR m.Driver.MyWebDriverEventListener - ________________________________________________________________________________________________________________
147544 [main] INFO  test.java.LogTest - >>>>>>>>>>@AfterMethod<<<<<<<<<
150643 [main] ERROR test.java.LogTest - ------------------------> Ошибка на странице:"Petrikov Vasilii Ivanovich - Braincasts".Текст переменной:cebook_Message ***not defined***"
150646 [main] INFO  test.java.LogTest - >>>>>>>>>>@AfterMethod<<<<<<<<<
153731 [main] ERROR test.java.LogTest - ------------------------> Ошибка на странице:"Petrikov Vasilii Ivanovich - Braincasts".Текст переменной:cebook_Message ***not defined***"
153733 [main] INFO  test.java.LogTest - >>>>>>>>>>@AfterMethod<<<<<<<<<
156837 [main] ERROR test.java.LogTest - ------------------------> Ошибка на странице:"Petrikov Vasilii Ivanovich - Braincasts".Текст переменной:cebook_Message ***not defined***"
156838 [main] INFO  test.java.LogTest - >>>>>>>>>>@AfterMethod<<<<<<<<<
159929 [main] ERROR test.java.LogTest - ------------------------> Ошибка на странице:"Petrikov Vasilii Ivanovich - Braincasts".Текст переменной:cebook_Message ***not defined***"
159932 [main] INFO  test.java.LogTest - >>>>>>>>>>@AfterMethod<<<<<<<<<
163036 [main] ERROR test.java.LogTest - ------------------------> Ошибка на странице:"Petrikov Vasilii Ivanovich - Braincasts".Текст переменной:cebook_Message ***not defined***"
163038 [main] INFO  test.java.LogTest - >>>>>>>>>>@AfterMethod<<<<<<<<<
166133 [main] ERROR test.java.LogTest - ------------------------> Ошибка на странице:"Petrikov Vasilii Ivanovich - Braincasts".Текст переменной:cebook_Message ***not defined***"
166135 [main] INFO  test.java.LogTest - >>>>>>>>>>@AfterMethod<<<<<<<<<
169233 [main] ERROR test.java.LogTest - ------------------------> Ошибка на странице:"Petrikov Vasilii Ivanovich - Braincasts".Текст переменной:cebook_Message ***not defined***"
169235 [main] INFO  test.java.LogTest - >>>>>>>>>>@AfterMethod<<<<<<<<<
172326 [main] ERROR test.java.LogTest - ------------------------> Ошибка на странице:"Petrikov Vasilii Ivanovich - Braincasts".Текст переменной:cebook_Message ***not defined***"
172328 [main] INFO  test.java.LogTest - >>>>>>>>>>@AfterMethod<<<<<<<<<
175429 [main] ERROR test.java.LogTest - ------------------------> Ошибка на странице:"Petrikov Vasilii Ivanovich - Braincasts".Текст переменной:cebook_Message ***not defined***"
175431 [main] INFO  test.java.LogTest - >>>>>>>>>>@AfterMethod<<<<<<<<<
178544 [main] ERROR test.java.LogTest - ------------------------> Ошибка на странице:"Petrikov Vasilii Ivanovich - Braincasts".Текст переменной:cebook_Message ***not defined***"
178546 [main] INFO  test.java.LogTest - >>>>>>>>>>@AfterMethod<<<<<<<<<
181640 [main] ERROR test.java.LogTest - ------------------------> Ошибка на странице:"Petrikov Vasilii Ivanovich - Braincasts".Текст переменной:cebook_Message ***not defined***"
181641 [main] INFO  test.java.LogTest - >>>>>>>>>>@AfterMethod<<<<<<<<<
184741 [main] ERROR test.java.LogTest - ------------------------> Ошибка на странице:"Petrikov Vasilii Ivanovich - Braincasts".Текст переменной:cebook_Message ***not defined***"
184742 [main] INFO  test.java.LogTest - >>>>>>>>>>@AfterMethod<<<<<<<<<
187838 [main] ERROR test.java.LogTest - ------------------------> Ошибка на странице:"Petrikov Vasilii Ivanovich - Braincasts".Текст переменной:cebook_Message ***not defined***"
187840 [main] INFO  test.java.LogTest - >>>>>>>>>>@AfterMethod<<<<<<<<<
190917 [main] ERROR test.java.LogTest - ------------------------> Ошибка на странице:"Petrikov Vasilii Ivanovich - Braincasts".Текст переменной:cebook_Message ***not defined***"
190919 [main] INFO  test.java.LogTest - >>>>>>>>>>@AfterMethod<<<<<<<<<
194001 [main] ERROR test.java.LogTest - ------------------------> Ошибка на странице:"Petrikov Vasilii Ivanovich - Braincasts".Текст переменной:cebook_Message ***not defined***"
194002 [main] INFO  test.java.LogTest - >>>>>>>>>>@AfterMethod<<<<<<<<<
197097 [main] ERROR test.java.LogTest - ------------------------> Ошибка на странице:"Petrikov Vasilii Ivanovich - Braincasts".Текст переменной:cebook_Message ***not defined***"
197100 [main] INFO  test.java.LogTest - >>>>>>>>>>@AfterMethod<<<<<<<<<
200205 [main] ERROR test.java.LogTest - ------------------------> Ошибка на странице:"Petrikov Vasilii Ivanovich - Braincasts".Текст переменной:cebook_Message ***not defined***"
200207 [main] INFO  test.java.LogTest - >>>>>>>>>>@AfterMethod<<<<<<<<<
203309 [main] ERROR test.java.LogTest - ------------------------> Ошибка на странице:"Petrikov Vasilii Ivanovich - Braincasts".Текст переменной:cebook_Message ***not defined***"
203311 [main] INFO  test.java.LogTest - >>>>>>>>>>@AfterMethod<<<<<<<<<
206397 [main] ERROR test.java.LogTest - ------------------------> Ошибка на странице:"Petrikov Vasilii Ivanovich - Braincasts".Текст переменной:cebook_Message ***not defined***"
206399 [main] INFO  test.java.LogTest - >>>>>>>>>>@AfterMethod<<<<<<<<<
209504 [main] ERROR test.java.LogTest - ------------------------> Ошибка на странице:"Petrikov Vasilii Ivanovich - Braincasts".Текст переменной:cebook_Message ***not defined***"
209506 [main] INFO  test.java.LogTest - >>>>>>>>>>@AfterMethod<<<<<<<<<
212600 [main] ERROR test.java.LogTest - ------------------------> Ошибка на странице:"Petrikov Vasilii Ivanovich - Braincasts".Текст переменной:cebook_Message ***not defined***"
212601 [main] INFO  test.java.LogTest - >>>>>>>>>>@AfterMethod<<<<<<<<<
215685 [main] ERROR test.java.LogTest - ------------------------> Ошибка на странице:"Petrikov Vasilii Ivanovich - Braincasts".Текст переменной:cebook_Message ***not defined***"
215686 [main] INFO  test.java.LogTest - >>>>>>>>>>@AfterMethod<<<<<<<<<
218769 [main] ERROR test.java.LogTest - ------------------------> Ошибка на странице:"Petrikov Vasilii Ivanovich - Braincasts".Текст переменной:cebook_Message ***not defined***"
218771 [main] INFO  test.java.LogTest - >>>>>>>>>>@AfterMethod<<<<<<<<<
221869 [main] ERROR test.java.LogTest - ------------------------> Ошибка на странице:"Petrikov Vasilii Ivanovich - Braincasts".Текст переменной:cebook_Message ***not defined***"
221870 [main] INFO  test.java.LogTest - >>>>>>>>>>@AfterMethod<<<<<<<<<
224961 [main] ERROR test.java.LogTest - ------------------------> Ошибка на странице:"Petrikov Vasilii Ivanovich - Braincasts".Текст переменной:cebook_Message ***not defined***"
224963 [main] INFO  test.java.LogTest - >>>>>>>>>>@AfterMethod<<<<<<<<<
228062 [main] ERROR test.java.LogTest - ------------------------> Ошибка на странице:"Petrikov Vasilii Ivanovich - Braincasts".Текст переменной:cebook_Message ***not defined***"
228273 [Thread-0] DEBUG main.Driver.WebDriverFactory - Killing driver 
230410 [Thread-0] ERROR m.Driver.MyWebDriverEventListener - ________________________________________________________________________________________________________________
230414 [Thread-0] ERROR m.Driver.MyWebDriverEventListener - WebDriver error:
org.openqa.selenium.remote.UnreachableBrowserException: Error communicating with the remote browser. It may have died.
Build info: version: '2.42.2', revision: '6a6995d', time: '2014-06-03 17:42:03'
System info: host: 'alexandra-System-Product-Name', ip: '127.0.1.1', os.name: 'Linux', os.arch: 'amd64', os.version: '3.2.0-23-generic', java.version: '1.7.0_60'
Driver info: driver.version: EventFiringWebDriver
	at org.openqa.selenium.remote.RemoteWebDriver.execute(RemoteWebDriver.java:593) ~[selenium-server-standalone-2.42.2.jar:na]
	at org.openqa.selenium.remote.RemoteWebDriver.execute(RemoteWebDriver.java:614) ~[selenium-server-standalone-2.42.2.jar:na]
	at org.openqa.selenium.remote.RemoteWebDriver.quit(RemoteWebDriver.java:468) ~[selenium-server-standalone-2.42.2.jar:na]
	at sun.reflect.NativeMethodAccessorImpl.invoke0(Native Method) ~[na:1.7.0_60]
	at sun.reflect.NativeMethodAccessorImpl.invoke(NativeMethodAccessorImpl.java:57) ~[na:1.7.0_60]
	at sun.reflect.DelegatingMethodAccessorImpl.invoke(DelegatingMethodAccessorImpl.java:43) ~[na:1.7.0_60]
	at java.lang.reflect.Method.invoke(Method.java:606) ~[na:1.7.0_60]
	at org.openqa.selenium.support.events.EventFiringWebDriver$2.invoke(EventFiringWebDriver.java:101) ~[selenium-server-standalone-2.42.2.jar:na]
	at com.sun.proxy.$Proxy10.quit(Unknown Source) ~[na:na]
	at org.openqa.selenium.support.events.EventFiringWebDriver.quit(EventFiringWebDriver.java:198) ~[selenium-server-standalone-2.42.2.jar:na]
	at main.Driver.WebDriverFactory.dismissDriver(WebDriverFactory.java:98) ~[classes/:na]
	at main.Driver.WebDriverFactory$1.run(WebDriverFactory.java:164) ~[classes/:na]
Caused by: org.apache.http.NoHttpResponseException: The target server failed to respond
	at org.apache.http.impl.conn.DefaultHttpResponseParser.parseHead(DefaultHttpResponseParser.java:143) ~[selenium-server-standalone-2.42.2.jar:na]
	at org.apache.http.impl.conn.DefaultHttpResponseParser.parseHead(DefaultHttpResponseParser.java:57) ~[selenium-server-standalone-2.42.2.jar:na]
	at org.apache.http.impl.io.AbstractMessageParser.parse(AbstractMessageParser.java:260) ~[selenium-server-standalone-2.42.2.jar:na]
	at org.apache.http.impl.DefaultBHttpClientConnection.receiveResponseHeader(DefaultBHttpClientConnection.java:161) ~[selenium-server-standalone-2.42.2.jar:na]
	at sun.reflect.GeneratedMethodAccessor7.invoke(Unknown Source) ~[na:na]
	at sun.reflect.DelegatingMethodAccessorImpl.invoke(DelegatingMethodAccessorImpl.java:43) ~[na:1.7.0_60]
	at java.lang.reflect.Method.invoke(Method.java:606) ~[na:1.7.0_60]
	at org.apache.http.impl.conn.CPoolProxy.invoke(CPoolProxy.java:138) ~[selenium-server-standalone-2.42.2.jar:na]
	at com.sun.proxy.$Proxy7.receiveResponseHeader(Unknown Source) ~[na:na]
	at org.apache.http.protocol.HttpRequestExecutor.doReceiveResponse(HttpRequestExecutor.java:271) ~[selenium-server-standalone-2.42.2.jar:na]
	at org.apache.http.protocol.HttpRequestExecutor.execute(HttpRequestExecutor.java:123) ~[selenium-server-standalone-2.42.2.jar:na]
	at org.apache.http.impl.execchain.MainClientExec.execute(MainClientExec.java:254) ~[selenium-server-standalone-2.42.2.jar:na]
	at org.apache.http.impl.execchain.ProtocolExec.execute(ProtocolExec.java:195) ~[selenium-server-standalone-2.42.2.jar:na]
	at org.apache.http.impl.execchain.RetryExec.execute(RetryExec.java:85) ~[selenium-server-standalone-2.42.2.jar:na]
	at org.apache.http.impl.execchain.RedirectExec.execute(RedirectExec.java:108) ~[selenium-server-standalone-2.42.2.jar:na]
	at org.apache.http.impl.client.InternalHttpClient.doExecute(InternalHttpClient.java:186) ~[selenium-server-standalone-2.42.2.jar:na]
	at org.apache.http.impl.client.CloseableHttpClient.execute(CloseableHttpClient.java:72) ~[selenium-server-standalone-2.42.2.jar:na]
	at org.apache.http.impl.client.CloseableHttpClient.execute(CloseableHttpClient.java:57) ~[selenium-server-standalone-2.42.2.jar:na]
	at org.openqa.selenium.remote.HttpCommandExecutor.fallBackExecute(HttpCommandExecutor.java:222) ~[selenium-server-standalone-2.42.2.jar:na]
	at org.openqa.selenium.remote.HttpCommandExecutor.execute(HttpCommandExecutor.java:173) ~[selenium-server-standalone-2.42.2.jar:na]
	at org.openqa.selenium.firefox.internal.NewProfileExtensionConnection.execute(NewProfileExtensionConnection.java:165) ~[selenium-server-standalone-2.42.2.jar:na]
	at org.openqa.selenium.firefox.FirefoxDriver$LazyCommandExecutor.execute(FirefoxDriver.java:362) ~[selenium-server-standalone-2.42.2.jar:na]
	at org.openqa.selenium.remote.RemoteWebDriver.execute(RemoteWebDriver.java:572) ~[selenium-server-standalone-2.42.2.jar:na]
	... 11 common frames omitted
230414 [Thread-0] ERROR m.Driver.MyWebDriverEventListener - ________________________________________________________________________________________________________________
230415 [Thread-0] WARN  main.Driver.WebDriverFactory - Driver killing error
org.openqa.selenium.remote.SessionNotFoundException: The FirefoxDriver cannot be used after quit() was called.
Build info: version: '2.42.2', revision: '6a6995d', time: '2014-06-03 17:42:03'
System info: host: 'alexandra-System-Product-Name', ip: '127.0.1.1', os.name: 'Linux', os.arch: 'amd64', os.version: '3.2.0-23-generic', java.version: '1.7.0_60'
Driver info: driver.version: EventFiringWebDriver
	at org.openqa.selenium.firefox.FirefoxDriver$LazyCommandExecutor.execute(FirefoxDriver.java:359) ~[selenium-server-standalone-2.42.2.jar:na]
	at org.openqa.selenium.remote.RemoteWebDriver.execute(RemoteWebDriver.java:572) ~[selenium-server-standalone-2.42.2.jar:na]
	at org.openqa.selenium.remote.RemoteWebDriver.executeScript(RemoteWebDriver.java:508) ~[selenium-server-standalone-2.42.2.jar:na]
	at main.Driver.MyWebDriverEventListener.onException(MyWebDriverEventListener.java:65) ~[classes/:na]
	at sun.reflect.NativeMethodAccessorImpl.invoke0(Native Method) ~[na:1.7.0_60]
	at sun.reflect.NativeMethodAccessorImpl.invoke(NativeMethodAccessorImpl.java:57) ~[na:1.7.0_60]
	at sun.reflect.DelegatingMethodAccessorImpl.invoke(DelegatingMethodAccessorImpl.java:43) ~[na:1.7.0_60]
	at java.lang.reflect.Method.invoke(Method.java:606) ~[na:1.7.0_60]
	at org.openqa.selenium.support.events.EventFiringWebDriver$1.invoke(EventFiringWebDriver.java:78) ~[selenium-server-standalone-2.42.2.jar:na]
	at com.sun.proxy.$Proxy9.onException(Unknown Source) ~[na:na]
	at org.openqa.selenium.support.events.EventFiringWebDriver$2.invoke(EventFiringWebDriver.java:103) ~[selenium-server-standalone-2.42.2.jar:na]
	at com.sun.proxy.$Proxy10.quit(Unknown Source) ~[na:na]
	at org.openqa.selenium.support.events.EventFiringWebDriver.quit(EventFiringWebDriver.java:198) ~[selenium-server-standalone-2.42.2.jar:na]
	at main.Driver.WebDriverFactory.dismissDriver(WebDriverFactory.java:98) ~[classes/:na]
	at main.Driver.WebDriverFactory$1.run(WebDriverFactory.java:164) [classes/:na]
355  [main] INFO  test.java.LogTest - ______________________________________class test.java.LogTest______________________________________
366  [main] DEBUG main.Driver.WebDriverFactory - Requested driver: Capabilities [{browserName=firefox}]:null. Driver uses count = 1
3609 [main] INFO  m.Driver.MyWebDriverEventListener - WebDriver navigating to:'https://testun.com.ua/sys/sys/test_cookie_key'
9381 [main] INFO  m.Driver.MyWebDriverEventListener - WebDriver navigating to:'https://testun.com.ua/'
21098 [main] DEBUG m.Driver.MyWebDriverEventListener - Webdriver will click on element tag:a |id:  |text: ('English')
23524 [main] DEBUG m.Driver.MyWebDriverEventListener - hope Webdriver clicked on element tag:a |id:  |text: ('English')
23537 [main] INFO  test.java.LogTest - ------------------------waitForPageLoaded false
24047 [main] INFO  test.java.LogTest - ------------------------waitForPageLoaded false
24560 [main] INFO  test.java.LogTest - ------------------------waitForPageLoaded false
25075 [main] INFO  test.java.LogTest - ------------------------waitForPageLoaded false
25592 [main] INFO  test.java.LogTest - ------------------------waitForPageLoaded false
26116 [main] INFO  test.java.LogTest - ------------------------waitForPageLoaded false
26630 [main] INFO  test.java.LogTest - ------------------------waitForPageLoaded false
27140 [main] INFO  test.java.LogTest - ------------------------waitForPageLoaded false
27673 [main] INFO  test.java.LogTest - ------------------------waitForPageLoaded false
28200 [main] INFO  test.java.LogTest - ------------------------waitForPageLoaded false
28716 [main] INFO  test.java.LogTest - ------------------------waitForPageLoaded true
28771 [main] DEBUG m.Driver.MyWebDriverEventListener - Webdriver will click on element tag:a |id:  |text: ('Русский')
28996 [main] DEBUG m.Driver.MyWebDriverEventListener - hope Webdriver clicked on element tag:a |id:  |text: ('Русский')
29001 [main] INFO  test.java.LogTest - ------------------------waitForPageLoaded false
29809 [main] INFO  test.java.LogTest - ------------------------waitForPageLoaded true
29840 [main] INFO  test.java.LogTest - _______________________Test = loginFromVideoPay _______________________
32856 [main] INFO  m.Driver.MyWebDriverEventListener - WebDriver navigating to:'https://testun.com.ua//search'
33701 [main] DEBUG m.Driver.MyWebDriverEventListener - Webdriver will click on element tag:a |id:  |text: ('Записи встреч
119')
35778 [main] DEBUG m.Driver.MyWebDriverEventListener - hope Webdriver clicked on element tag:a |id:  |text: ('Записи встреч
119')
35790 [main] INFO  test.java.LogTest - ------------------------waitForPageLoaded false
36308 [main] INFO  test.java.LogTest - ------------------------waitForPageLoaded true
36461 [main] DEBUG m.Driver.MyWebDriverEventListener - Webdriver will click on element tag:a |id:  |text: ('00:02
1 июля 2014 в 18:02
sdfdsf
Виолетта Прокофьева 9
23 TBM')
37946 [main] DEBUG m.Driver.MyWebDriverEventListener - hope Webdriver clicked on element tag:a |id:  |text: ('00:02
1 июля 2014 в 18:02
sdfdsf
Виолетта Прокофьева 9
23 TBM')
38314 [main] ERROR test.java.LogTest - ------------------------> Ошибка на странице:"Запись встречи "sdfdsf"".Текст переменной:cebook_Message ***not defined***"
38354 [main] DEBUG m.Driver.MyWebDriverEventListener - Webdriver will click on element tag:a |id:  |text: ('Купить видео')
39113 [main] DEBUG m.Driver.MyWebDriverEventListener - hope Webdriver clicked on element tag:a |id:  |text: ('Купить видео')
39120 [main] INFO  test.java.LogTest - ------------------------waitForPageLoaded true
39190 [main] DEBUG m.Driver.MyWebDriverEventListener - Webdriver will click on element tag:a |id:  |text: ('войдите')
39885 [main] DEBUG m.Driver.MyWebDriverEventListener - hope Webdriver clicked on element tag:a |id:  |text: ('войдите')
39929 [main] DEBUG m.Driver.MyWebDriverEventListener - WebDriver changing value in element found By.id: login_email from 'tag:input |id: login_email |text: ('')
41056 [main] DEBUG m.Driver.MyWebDriverEventListener - WebDriver changing value in element found By.id: login_email from 'tag:input |id: login_email |text: ('')
41107 [main] DEBUG m.Driver.MyWebDriverEventListener - WebDriver changing value in element found By.id: login_password from 'tag:input |id: login_password |text: ('')
41722 [main] DEBUG m.Driver.MyWebDriverEventListener - WebDriver changing value in element found By.id: login_password from 'tag:input |id: login_password |text: ('')
41801 [main] DEBUG m.Driver.MyWebDriverEventListener - Webdriver will click on element tag:input |id: login_button |text: ('')
42614 [main] DEBUG m.Driver.MyWebDriverEventListener - hope Webdriver clicked on element tag:input |id: login_button |text: ('')
43774 [main] INFO  test.java.LogTest - ------------------------waitForPageLoaded true
43853 [main] DEBUG m.Driver.MyWebDriverEventListener - Webdriver will click on element tag:a |id:  |text: ('')
45546 [main] DEBUG m.Driver.MyWebDriverEventListener - hope Webdriver clicked on element tag:a |id:  |text: ('')
45559 [main] INFO  test.java.LogTest - ------------------------waitForPageLoaded true
45594 [main] INFO  test.java.LogTest - ------------------------waitForPageLoaded true
46977 [main] DEBUG m.Driver.MyWebDriverEventListener - Webdriver will click on element tag:a |id: logout |text: ('Exit')
47449 [main] DEBUG m.Driver.MyWebDriverEventListener - hope Webdriver clicked on element tag:a |id: logout |text: ('Exit')
47457 [main] INFO  test.java.LogTest - ------------------------waitForPageLoaded true
57650 [main] INFO  test.java.LogTest - >>>>>>>>>>@AfterMethod<<<<<<<<<
60662 [main] ERROR test.java.LogTest - ----------------------------------------------------------------------js error----------------------------------------------------------------------
60662 [main] ERROR test.java.LogTest - javascript error 1.NS_ERROR_NOT_CONNECTED:  [https://testun.com.ua/static/js/socket.io.js:2344]
60662 [main] ERROR test.java.LogTest - ----------------------------------------------------------------------js error----------------------------------------------------------------------
60729 [main] ERROR test.java.LogTest - ------------------------> Ошибка на странице:"Braincast recording"sdfdsf"".Текст переменной:cebook_Message ***not defined***"
60781 [Thread-0] DEBUG main.Driver.WebDriverFactory - Killing driver 
351  [main] INFO  test.java.LogTest - ______________________________________class test.java.LogTest______________________________________
360  [main] DEBUG main.Driver.WebDriverFactory - Requested driver: Capabilities [{browserName=firefox}]:null. Driver uses count = 1
3511 [main] INFO  m.Driver.MyWebDriverEventListener - WebDriver navigating to:'https://testun.com.ua/sys/sys/test_cookie_key'
4215 [main] INFO  m.Driver.MyWebDriverEventListener - WebDriver navigating to:'https://testun.com.ua/'
8052 [main] DEBUG m.Driver.MyWebDriverEventListener - Webdriver will click on element tag:a |id:  |text: ('English')
10480 [main] DEBUG m.Driver.MyWebDriverEventListener - hope Webdriver clicked on element tag:a |id:  |text: ('English')
10598 [main] INFO  test.java.LogTest - ------------------------waitForPageLoaded true
10662 [main] DEBUG m.Driver.MyWebDriverEventListener - Webdriver will click on element tag:a |id:  |text: ('Русский')
10902 [main] DEBUG m.Driver.MyWebDriverEventListener - hope Webdriver clicked on element tag:a |id:  |text: ('Русский')
11420 [main] INFO  test.java.LogTest - ------------------------waitForPageLoaded true
11435 [main] INFO  test.java.LogTest - _______________________Test = loginFromVideoPay _______________________
14454 [main] INFO  m.Driver.MyWebDriverEventListener - WebDriver navigating to:'https://testun.com.ua//search'
15270 [main] DEBUG m.Driver.MyWebDriverEventListener - Webdriver will click on element tag:a |id:  |text: ('Записи встреч
119')
17219 [main] DEBUG m.Driver.MyWebDriverEventListener - hope Webdriver clicked on element tag:a |id:  |text: ('Записи встреч
119')
17442 [main] INFO  test.java.LogTest - ------------------------waitForPageLoaded true
17591 [main] DEBUG m.Driver.MyWebDriverEventListener - Webdriver will click on element tag:a |id:  |text: ('00:02
1 июля 2014 в 18:02
sdfdsf
Виолетта Прокофьева 9
23 TBM')
19044 [main] DEBUG m.Driver.MyWebDriverEventListener - hope Webdriver clicked on element tag:a |id:  |text: ('00:02
1 июля 2014 в 18:02
sdfdsf
Виолетта Прокофьева 9
23 TBM')
19301 [main] ERROR test.java.LogTest - ------------------------> Ошибка на странице:"Запись встречи "sdfdsf"".Текст переменной:cebook_Message ***not defined***"
19356 [main] DEBUG m.Driver.MyWebDriverEventListener - Webdriver will click on element tag:a |id:  |text: ('Купить видео')
20146 [main] DEBUG m.Driver.MyWebDriverEventListener - hope Webdriver clicked on element tag:a |id:  |text: ('Купить видео')
20151 [main] INFO  test.java.LogTest - ------------------------waitForPageLoaded true
20220 [main] DEBUG m.Driver.MyWebDriverEventListener - Webdriver will click on element tag:a |id:  |text: ('войдите')
20914 [main] DEBUG m.Driver.MyWebDriverEventListener - hope Webdriver clicked on element tag:a |id:  |text: ('войдите')
20952 [main] DEBUG m.Driver.MyWebDriverEventListener - WebDriver changing value in element found By.id: login_email from 'tag:input |id: login_email |text: ('')
22104 [main] DEBUG m.Driver.MyWebDriverEventListener - WebDriver changing value in element found By.id: login_email from 'tag:input |id: login_email |text: ('')
22165 [main] DEBUG m.Driver.MyWebDriverEventListener - WebDriver changing value in element found By.id: login_password from 'tag:input |id: login_password |text: ('')
22782 [main] DEBUG m.Driver.MyWebDriverEventListener - WebDriver changing value in element found By.id: login_password from 'tag:input |id: login_password |text: ('')
22861 [main] DEBUG m.Driver.MyWebDriverEventListener - Webdriver will click on element tag:input |id: login_button |text: ('')
23678 [main] DEBUG m.Driver.MyWebDriverEventListener - hope Webdriver clicked on element tag:input |id: login_button |text: ('')
25147 [main] INFO  test.java.LogTest - ------------------------waitForPageLoaded true
25230 [main] DEBUG m.Driver.MyWebDriverEventListener - Webdriver will click on element tag:a |id:  |text: ('')
26882 [main] DEBUG m.Driver.MyWebDriverEventListener - hope Webdriver clicked on element tag:a |id:  |text: ('')
26887 [main] INFO  test.java.LogTest - ------------------------waitForPageLoaded true
26978 [main] INFO  test.java.LogTest - ------------------------waitForPageLoaded true
28243 [main] DEBUG m.Driver.MyWebDriverEventListener - Webdriver will click on element tag:a |id: logout |text: ('Exit')
28714 [main] DEBUG m.Driver.MyWebDriverEventListener - hope Webdriver clicked on element tag:a |id: logout |text: ('Exit')
28720 [main] INFO  test.java.LogTest - ------------------------waitForPageLoaded true
35306 [main] INFO  test.java.LogTest - >>>>>>>>>>@AfterMethod<<<<<<<<<
38365 [main] ERROR test.java.LogTest - ------------------------> Ошибка на странице:"Tutorsband".Текст переменной:cebook_Message ***not defined***"
38405 [Thread-0] DEBUG main.Driver.WebDriverFactory - Killing driver 
40511 [Thread-0] ERROR m.Driver.MyWebDriverEventListener - ________________________________________________________________________________________________________________
40515 [Thread-0] ERROR m.Driver.MyWebDriverEventListener - WebDriver error:
org.openqa.selenium.remote.UnreachableBrowserException: Error communicating with the remote browser. It may have died.
Build info: version: '2.42.2', revision: '6a6995d', time: '2014-06-03 17:42:03'
System info: host: 'alexandra-System-Product-Name', ip: '127.0.1.1', os.name: 'Linux', os.arch: 'amd64', os.version: '3.2.0-23-generic', java.version: '1.7.0_60'
Driver info: driver.version: EventFiringWebDriver
	at org.openqa.selenium.remote.RemoteWebDriver.execute(RemoteWebDriver.java:593) ~[selenium-server-standalone-2.42.2.jar:na]
	at org.openqa.selenium.remote.RemoteWebDriver.execute(RemoteWebDriver.java:614) ~[selenium-server-standalone-2.42.2.jar:na]
	at org.openqa.selenium.remote.RemoteWebDriver.quit(RemoteWebDriver.java:468) ~[selenium-server-standalone-2.42.2.jar:na]
	at sun.reflect.NativeMethodAccessorImpl.invoke0(Native Method) ~[na:1.7.0_60]
	at sun.reflect.NativeMethodAccessorImpl.invoke(NativeMethodAccessorImpl.java:57) ~[na:1.7.0_60]
	at sun.reflect.DelegatingMethodAccessorImpl.invoke(DelegatingMethodAccessorImpl.java:43) ~[na:1.7.0_60]
	at java.lang.reflect.Method.invoke(Method.java:606) ~[na:1.7.0_60]
	at org.openqa.selenium.support.events.EventFiringWebDriver$2.invoke(EventFiringWebDriver.java:101) ~[selenium-server-standalone-2.42.2.jar:na]
	at com.sun.proxy.$Proxy10.quit(Unknown Source) ~[na:na]
	at org.openqa.selenium.support.events.EventFiringWebDriver.quit(EventFiringWebDriver.java:198) ~[selenium-server-standalone-2.42.2.jar:na]
	at main.Driver.WebDriverFactory.dismissDriver(WebDriverFactory.java:98) ~[classes/:na]
	at main.Driver.WebDriverFactory$1.run(WebDriverFactory.java:164) ~[classes/:na]
Caused by: org.apache.http.NoHttpResponseException: The target server failed to respond
	at org.apache.http.impl.conn.DefaultHttpResponseParser.parseHead(DefaultHttpResponseParser.java:143) ~[selenium-server-standalone-2.42.2.jar:na]
	at org.apache.http.impl.conn.DefaultHttpResponseParser.parseHead(DefaultHttpResponseParser.java:57) ~[selenium-server-standalone-2.42.2.jar:na]
	at org.apache.http.impl.io.AbstractMessageParser.parse(AbstractMessageParser.java:260) ~[selenium-server-standalone-2.42.2.jar:na]
	at org.apache.http.impl.DefaultBHttpClientConnection.receiveResponseHeader(DefaultBHttpClientConnection.java:161) ~[selenium-server-standalone-2.42.2.jar:na]
	at sun.reflect.GeneratedMethodAccessor7.invoke(Unknown Source) ~[na:na]
	at sun.reflect.DelegatingMethodAccessorImpl.invoke(DelegatingMethodAccessorImpl.java:43) ~[na:1.7.0_60]
	at java.lang.reflect.Method.invoke(Method.java:606) ~[na:1.7.0_60]
	at org.apache.http.impl.conn.CPoolProxy.invoke(CPoolProxy.java:138) ~[selenium-server-standalone-2.42.2.jar:na]
	at com.sun.proxy.$Proxy7.receiveResponseHeader(Unknown Source) ~[na:na]
	at org.apache.http.protocol.HttpRequestExecutor.doReceiveResponse(HttpRequestExecutor.java:271) ~[selenium-server-standalone-2.42.2.jar:na]
	at org.apache.http.protocol.HttpRequestExecutor.execute(HttpRequestExecutor.java:123) ~[selenium-server-standalone-2.42.2.jar:na]
	at org.apache.http.impl.execchain.MainClientExec.execute(MainClientExec.java:254) ~[selenium-server-standalone-2.42.2.jar:na]
	at org.apache.http.impl.execchain.ProtocolExec.execute(ProtocolExec.java:195) ~[selenium-server-standalone-2.42.2.jar:na]
	at org.apache.http.impl.execchain.RetryExec.execute(RetryExec.java:85) ~[selenium-server-standalone-2.42.2.jar:na]
	at org.apache.http.impl.execchain.RedirectExec.execute(RedirectExec.java:108) ~[selenium-server-standalone-2.42.2.jar:na]
	at org.apache.http.impl.client.InternalHttpClient.doExecute(InternalHttpClient.java:186) ~[selenium-server-standalone-2.42.2.jar:na]
	at org.apache.http.impl.client.CloseableHttpClient.execute(CloseableHttpClient.java:72) ~[selenium-server-standalone-2.42.2.jar:na]
	at org.apache.http.impl.client.CloseableHttpClient.execute(CloseableHttpClient.java:57) ~[selenium-server-standalone-2.42.2.jar:na]
	at org.openqa.selenium.remote.HttpCommandExecutor.fallBackExecute(HttpCommandExecutor.java:222) ~[selenium-server-standalone-2.42.2.jar:na]
	at org.openqa.selenium.remote.HttpCommandExecutor.execute(HttpCommandExecutor.java:173) ~[selenium-server-standalone-2.42.2.jar:na]
	at org.openqa.selenium.firefox.internal.NewProfileExtensionConnection.execute(NewProfileExtensionConnection.java:165) ~[selenium-server-standalone-2.42.2.jar:na]
	at org.openqa.selenium.firefox.FirefoxDriver$LazyCommandExecutor.execute(FirefoxDriver.java:362) ~[selenium-server-standalone-2.42.2.jar:na]
	at org.openqa.selenium.remote.RemoteWebDriver.execute(RemoteWebDriver.java:572) ~[selenium-server-standalone-2.42.2.jar:na]
	... 11 common frames omitted
40516 [Thread-0] ERROR m.Driver.MyWebDriverEventListener - ________________________________________________________________________________________________________________
40516 [Thread-0] WARN  main.Driver.WebDriverFactory - Driver killing error
org.openqa.selenium.remote.SessionNotFoundException: The FirefoxDriver cannot be used after quit() was called.
Build info: version: '2.42.2', revision: '6a6995d', time: '2014-06-03 17:42:03'
System info: host: 'alexandra-System-Product-Name', ip: '127.0.1.1', os.name: 'Linux', os.arch: 'amd64', os.version: '3.2.0-23-generic', java.version: '1.7.0_60'
Driver info: driver.version: EventFiringWebDriver
	at org.openqa.selenium.firefox.FirefoxDriver$LazyCommandExecutor.execute(FirefoxDriver.java:359) ~[selenium-server-standalone-2.42.2.jar:na]
	at org.openqa.selenium.remote.RemoteWebDriver.execute(RemoteWebDriver.java:572) ~[selenium-server-standalone-2.42.2.jar:na]
	at org.openqa.selenium.remote.RemoteWebDriver.executeScript(RemoteWebDriver.java:508) ~[selenium-server-standalone-2.42.2.jar:na]
	at main.Driver.MyWebDriverEventListener.onException(MyWebDriverEventListener.java:65) ~[classes/:na]
	at sun.reflect.NativeMethodAccessorImpl.invoke0(Native Method) ~[na:1.7.0_60]
	at sun.reflect.NativeMethodAccessorImpl.invoke(NativeMethodAccessorImpl.java:57) ~[na:1.7.0_60]
	at sun.reflect.DelegatingMethodAccessorImpl.invoke(DelegatingMethodAccessorImpl.java:43) ~[na:1.7.0_60]
	at java.lang.reflect.Method.invoke(Method.java:606) ~[na:1.7.0_60]
	at org.openqa.selenium.support.events.EventFiringWebDriver$1.invoke(EventFiringWebDriver.java:78) ~[selenium-server-standalone-2.42.2.jar:na]
	at com.sun.proxy.$Proxy9.onException(Unknown Source) ~[na:na]
	at org.openqa.selenium.support.events.EventFiringWebDriver$2.invoke(EventFiringWebDriver.java:103) ~[selenium-server-standalone-2.42.2.jar:na]
	at com.sun.proxy.$Proxy10.quit(Unknown Source) ~[na:na]
	at org.openqa.selenium.support.events.EventFiringWebDriver.quit(EventFiringWebDriver.java:198) ~[selenium-server-standalone-2.42.2.jar:na]
	at main.Driver.WebDriverFactory.dismissDriver(WebDriverFactory.java:98) ~[classes/:na]
	at main.Driver.WebDriverFactory$1.run(WebDriverFactory.java:164) [classes/:na]
351  [main] INFO  test.java.LogTest - ______________________________________class test.java.LogTest______________________________________
360  [main] DEBUG main.Driver.WebDriverFactory - Requested driver: Capabilities [{browserName=firefox}]:null. Driver uses count = 1
3505 [main] INFO  m.Driver.MyWebDriverEventListener - WebDriver navigating to:'https://testun.com.ua/sys/sys/test_cookie_key'
4175 [main] INFO  m.Driver.MyWebDriverEventListener - WebDriver navigating to:'https://testun.com.ua/'
8301 [main] DEBUG m.Driver.MyWebDriverEventListener - Webdriver will click on element tag:a |id:  |text: ('English')
10605 [main] DEBUG m.Driver.MyWebDriverEventListener - hope Webdriver clicked on element tag:a |id:  |text: ('English')
10717 [main] INFO  test.java.LogTest - ------------------------waitForPageLoaded true
10772 [main] DEBUG m.Driver.MyWebDriverEventListener - Webdriver will click on element tag:a |id:  |text: ('Русский')
11003 [main] DEBUG m.Driver.MyWebDriverEventListener - hope Webdriver clicked on element tag:a |id:  |text: ('Русский')
11568 [main] INFO  test.java.LogTest - ------------------------waitForPageLoaded true
11582 [main] INFO  test.java.LogTest - _______________________________Test = facebookValidLogin()_______________________________
11584 [main] INFO  m.Driver.MyWebDriverEventListener - WebDriver navigating to:'https://www.facebook.com/'
13183 [main] DEBUG m.Driver.MyWebDriverEventListener - WebDriver changing value in element found By.id: email from 'tag:input |id: email |text: ('')
14404 [main] DEBUG m.Driver.MyWebDriverEventListener - WebDriver changing value in element found By.id: email from 'tag:input |id: email |text: ('')
14470 [main] DEBUG m.Driver.MyWebDriverEventListener - WebDriver changing value in element found By.id: pass from 'tag:input |id: pass |text: ('')
14897 [main] DEBUG m.Driver.MyWebDriverEventListener - WebDriver changing value in element found By.id: pass from 'tag:input |id: pass |text: ('')
14980 [main] DEBUG m.Driver.MyWebDriverEventListener - Webdriver will click on element tag:input |id: u_0_n |text: ('')
15472 [main] DEBUG m.Driver.MyWebDriverEventListener - hope Webdriver clicked on element tag:input |id: u_0_n |text: ('')
15973 [main] INFO  m.Driver.MyWebDriverEventListener - WebDriver navigating to:'https://testun.com.ua/'
16749 [main] DEBUG m.Driver.MyWebDriverEventListener - Webdriver will click on element tag:a |id: js_header_signin |text: ('Войти')
17131 [main] DEBUG m.Driver.MyWebDriverEventListener - hope Webdriver clicked on element tag:a |id: js_header_signin |text: ('Войти')
17165 [main] INFO  test.java.LogTest - ------------------------waitForPageLoaded true
17316 [main] DEBUG m.Driver.MyWebDriverEventListener - Webdriver will click on element tag:a |id:  |text: ('Вход через Facebook')
18467 [main] DEBUG m.Driver.MyWebDriverEventListener - hope Webdriver clicked on element tag:a |id:  |text: ('Вход через Facebook')
20146 [main] INFO  test.java.LogTest - ------------------------waitForPageLoaded true
21835 [main] DEBUG m.Driver.MyWebDriverEventListener - Webdriver will click on element tag:a |id: logout |text: ('Exit')
22316 [main] DEBUG m.Driver.MyWebDriverEventListener - hope Webdriver clicked on element tag:a |id: logout |text: ('Exit')
22325 [main] INFO  test.java.LogTest - ------------------------waitForPageLoaded false
23131 [main] INFO  test.java.LogTest - ------------------------waitForPageLoaded true
23144 [main] INFO  m.Driver.MyWebDriverEventListener - WebDriver navigating to:'https://www.facebook.com/'
29534 [main] INFO  test.java.LogTest - >>>>>>>>>>@AfterMethod<<<<<<<<<
32629 [Thread-0] DEBUG main.Driver.WebDriverFactory - Killing driver 
354  [main] INFO  test.java.LogTest - ______________________________________class test.java.LogTest______________________________________
363  [main] DEBUG main.Driver.WebDriverFactory - Requested driver: Capabilities [{browserName=firefox}]:null. Driver uses count = 1
3595 [main] INFO  m.Driver.MyWebDriverEventListener - WebDriver navigating to:'https://testun.com.ua/sys/sys/test_cookie_key'
4310 [main] INFO  m.Driver.MyWebDriverEventListener - WebDriver navigating to:'https://testun.com.ua/'
7867 [main] DEBUG m.Driver.MyWebDriverEventListener - Webdriver will click on element tag:a |id:  |text: ('English')
10272 [main] DEBUG m.Driver.MyWebDriverEventListener - hope Webdriver clicked on element tag:a |id:  |text: ('English')
10286 [main] INFO  test.java.LogTest - ------------------------waitForPageLoaded true
10378 [main] DEBUG m.Driver.MyWebDriverEventListener - Webdriver will click on element tag:a |id:  |text: ('Русский')
10607 [main] DEBUG m.Driver.MyWebDriverEventListener - hope Webdriver clicked on element tag:a |id:  |text: ('Русский')
11204 [main] INFO  test.java.LogTest - ------------------------waitForPageLoaded true
11225 [main] INFO  test.java.LogTest - _______________________________Test = facebookValidLoginPopup()_______________________________
14284 [main] DEBUG m.Driver.MyWebDriverEventListener - Webdriver will click on element tag:a |id: js_header_signin |text: ('Войти')
14985 [main] DEBUG m.Driver.MyWebDriverEventListener - hope Webdriver clicked on element tag:a |id: js_header_signin |text: ('Войти')
14990 [main] INFO  test.java.LogTest - ------------------------waitForPageLoaded true
15103 [main] DEBUG m.Driver.MyWebDriverEventListener - Webdriver will click on element tag:a |id:  |text: ('Вход через Facebook')
16237 [main] DEBUG m.Driver.MyWebDriverEventListener - hope Webdriver clicked on element tag:a |id:  |text: ('Вход через Facebook')
18028 [main] DEBUG m.Driver.MyWebDriverEventListener - WebDriver changing value in element found By.id: email from 'tag:input |id: email |text: ('')
19161 [main] DEBUG m.Driver.MyWebDriverEventListener - WebDriver changing value in element found By.id: email from 'tag:input |id: email |text: ('')
19201 [main] DEBUG m.Driver.MyWebDriverEventListener - WebDriver changing value in element found By.id: pass from 'tag:input |id: pass |text: ('')
19607 [main] DEBUG m.Driver.MyWebDriverEventListener - WebDriver changing value in element found By.id: pass from 'tag:input |id: pass |text: ('')
19653 [main] DEBUG m.Driver.MyWebDriverEventListener - Webdriver will click on element tag:input |id: u_0_1 |text: ('')
20763 [main] DEBUG m.Driver.MyWebDriverEventListener - hope Webdriver clicked on element tag:input |id: u_0_1 |text: ('')
23381 [main] INFO  test.java.LogTest - ------------------------waitForPageLoaded true
26206 [main] DEBUG m.Driver.MyWebDriverEventListener - Webdriver will click on element tag:a |id: logout |text: ('Exit')
26791 [main] DEBUG m.Driver.MyWebDriverEventListener - hope Webdriver clicked on element tag:a |id: logout |text: ('Exit')
27545 [main] INFO  test.java.LogTest - ------------------------waitForPageLoaded true
27553 [main] INFO  m.Driver.MyWebDriverEventListener - WebDriver navigating to:'https://www.facebook.com/'
29488 [main] INFO  test.java.LogTest - >>>>>>>>>>@AfterMethod<<<<<<<<<
32571 [Thread-0] DEBUG main.Driver.WebDriverFactory - Killing driver 
34652 [Thread-0] ERROR m.Driver.MyWebDriverEventListener - ________________________________________________________________________________________________________________
34657 [Thread-0] ERROR m.Driver.MyWebDriverEventListener - WebDriver error:
org.openqa.selenium.remote.UnreachableBrowserException: Error communicating with the remote browser. It may have died.
Build info: version: '2.42.2', revision: '6a6995d', time: '2014-06-03 17:42:03'
System info: host: 'alexandra-System-Product-Name', ip: '127.0.1.1', os.name: 'Linux', os.arch: 'amd64', os.version: '3.2.0-23-generic', java.version: '1.7.0_60'
Driver info: driver.version: EventFiringWebDriver
	at org.openqa.selenium.remote.RemoteWebDriver.execute(RemoteWebDriver.java:593) ~[selenium-server-standalone-2.42.2.jar:na]
	at org.openqa.selenium.remote.RemoteWebDriver.execute(RemoteWebDriver.java:614) ~[selenium-server-standalone-2.42.2.jar:na]
	at org.openqa.selenium.remote.RemoteWebDriver.quit(RemoteWebDriver.java:468) ~[selenium-server-standalone-2.42.2.jar:na]
	at sun.reflect.NativeMethodAccessorImpl.invoke0(Native Method) ~[na:1.7.0_60]
	at sun.reflect.NativeMethodAccessorImpl.invoke(NativeMethodAccessorImpl.java:57) ~[na:1.7.0_60]
	at sun.reflect.DelegatingMethodAccessorImpl.invoke(DelegatingMethodAccessorImpl.java:43) ~[na:1.7.0_60]
	at java.lang.reflect.Method.invoke(Method.java:606) ~[na:1.7.0_60]
	at org.openqa.selenium.support.events.EventFiringWebDriver$2.invoke(EventFiringWebDriver.java:101) ~[selenium-server-standalone-2.42.2.jar:na]
	at com.sun.proxy.$Proxy10.quit(Unknown Source) ~[na:na]
	at org.openqa.selenium.support.events.EventFiringWebDriver.quit(EventFiringWebDriver.java:198) ~[selenium-server-standalone-2.42.2.jar:na]
	at main.Driver.WebDriverFactory.dismissDriver(WebDriverFactory.java:98) ~[classes/:na]
	at main.Driver.WebDriverFactory$1.run(WebDriverFactory.java:164) ~[classes/:na]
Caused by: org.apache.http.NoHttpResponseException: The target server failed to respond
	at org.apache.http.impl.conn.DefaultHttpResponseParser.parseHead(DefaultHttpResponseParser.java:143) ~[selenium-server-standalone-2.42.2.jar:na]
	at org.apache.http.impl.conn.DefaultHttpResponseParser.parseHead(DefaultHttpResponseParser.java:57) ~[selenium-server-standalone-2.42.2.jar:na]
	at org.apache.http.impl.io.AbstractMessageParser.parse(AbstractMessageParser.java:260) ~[selenium-server-standalone-2.42.2.jar:na]
	at org.apache.http.impl.DefaultBHttpClientConnection.receiveResponseHeader(DefaultBHttpClientConnection.java:161) ~[selenium-server-standalone-2.42.2.jar:na]
	at sun.reflect.GeneratedMethodAccessor7.invoke(Unknown Source) ~[na:na]
	at sun.reflect.DelegatingMethodAccessorImpl.invoke(DelegatingMethodAccessorImpl.java:43) ~[na:1.7.0_60]
	at java.lang.reflect.Method.invoke(Method.java:606) ~[na:1.7.0_60]
	at org.apache.http.impl.conn.CPoolProxy.invoke(CPoolProxy.java:138) ~[selenium-server-standalone-2.42.2.jar:na]
	at com.sun.proxy.$Proxy7.receiveResponseHeader(Unknown Source) ~[na:na]
	at org.apache.http.protocol.HttpRequestExecutor.doReceiveResponse(HttpRequestExecutor.java:271) ~[selenium-server-standalone-2.42.2.jar:na]
	at org.apache.http.protocol.HttpRequestExecutor.execute(HttpRequestExecutor.java:123) ~[selenium-server-standalone-2.42.2.jar:na]
	at org.apache.http.impl.execchain.MainClientExec.execute(MainClientExec.java:254) ~[selenium-server-standalone-2.42.2.jar:na]
	at org.apache.http.impl.execchain.ProtocolExec.execute(ProtocolExec.java:195) ~[selenium-server-standalone-2.42.2.jar:na]
	at org.apache.http.impl.execchain.RetryExec.execute(RetryExec.java:85) ~[selenium-server-standalone-2.42.2.jar:na]
	at org.apache.http.impl.execchain.RedirectExec.execute(RedirectExec.java:108) ~[selenium-server-standalone-2.42.2.jar:na]
	at org.apache.http.impl.client.InternalHttpClient.doExecute(InternalHttpClient.java:186) ~[selenium-server-standalone-2.42.2.jar:na]
	at org.apache.http.impl.client.CloseableHttpClient.execute(CloseableHttpClient.java:72) ~[selenium-server-standalone-2.42.2.jar:na]
	at org.apache.http.impl.client.CloseableHttpClient.execute(CloseableHttpClient.java:57) ~[selenium-server-standalone-2.42.2.jar:na]
	at org.openqa.selenium.remote.HttpCommandExecutor.fallBackExecute(HttpCommandExecutor.java:222) ~[selenium-server-standalone-2.42.2.jar:na]
	at org.openqa.selenium.remote.HttpCommandExecutor.execute(HttpCommandExecutor.java:173) ~[selenium-server-standalone-2.42.2.jar:na]
	at org.openqa.selenium.firefox.internal.NewProfileExtensionConnection.execute(NewProfileExtensionConnection.java:165) ~[selenium-server-standalone-2.42.2.jar:na]
	at org.openqa.selenium.firefox.FirefoxDriver$LazyCommandExecutor.execute(FirefoxDriver.java:362) ~[selenium-server-standalone-2.42.2.jar:na]
	at org.openqa.selenium.remote.RemoteWebDriver.execute(RemoteWebDriver.java:572) ~[selenium-server-standalone-2.42.2.jar:na]
	... 11 common frames omitted
34657 [Thread-0] ERROR m.Driver.MyWebDriverEventListener - ________________________________________________________________________________________________________________
34658 [Thread-0] WARN  main.Driver.WebDriverFactory - Driver killing error
org.openqa.selenium.remote.SessionNotFoundException: The FirefoxDriver cannot be used after quit() was called.
Build info: version: '2.42.2', revision: '6a6995d', time: '2014-06-03 17:42:03'
System info: host: 'alexandra-System-Product-Name', ip: '127.0.1.1', os.name: 'Linux', os.arch: 'amd64', os.version: '3.2.0-23-generic', java.version: '1.7.0_60'
Driver info: driver.version: EventFiringWebDriver
	at org.openqa.selenium.firefox.FirefoxDriver$LazyCommandExecutor.execute(FirefoxDriver.java:359) ~[selenium-server-standalone-2.42.2.jar:na]
	at org.openqa.selenium.remote.RemoteWebDriver.execute(RemoteWebDriver.java:572) ~[selenium-server-standalone-2.42.2.jar:na]
	at org.openqa.selenium.remote.RemoteWebDriver.executeScript(RemoteWebDriver.java:508) ~[selenium-server-standalone-2.42.2.jar:na]
	at main.Driver.MyWebDriverEventListener.onException(MyWebDriverEventListener.java:65) ~[classes/:na]
	at sun.reflect.NativeMethodAccessorImpl.invoke0(Native Method) ~[na:1.7.0_60]
	at sun.reflect.NativeMethodAccessorImpl.invoke(NativeMethodAccessorImpl.java:57) ~[na:1.7.0_60]
	at sun.reflect.DelegatingMethodAccessorImpl.invoke(DelegatingMethodAccessorImpl.java:43) ~[na:1.7.0_60]
	at java.lang.reflect.Method.invoke(Method.java:606) ~[na:1.7.0_60]
	at org.openqa.selenium.support.events.EventFiringWebDriver$1.invoke(EventFiringWebDriver.java:78) ~[selenium-server-standalone-2.42.2.jar:na]
	at com.sun.proxy.$Proxy9.onException(Unknown Source) ~[na:na]
	at org.openqa.selenium.support.events.EventFiringWebDriver$2.invoke(EventFiringWebDriver.java:103) ~[selenium-server-standalone-2.42.2.jar:na]
	at com.sun.proxy.$Proxy10.quit(Unknown Source) ~[na:na]
	at org.openqa.selenium.support.events.EventFiringWebDriver.quit(EventFiringWebDriver.java:198) ~[selenium-server-standalone-2.42.2.jar:na]
	at main.Driver.WebDriverFactory.dismissDriver(WebDriverFactory.java:98) ~[classes/:na]
	at main.Driver.WebDriverFactory$1.run(WebDriverFactory.java:164) [classes/:na]
306  [main] INFO  test.java.LogTest - ______________________________________class test.java.LogTest______________________________________
324  [main] DEBUG main.Driver.WebDriverFactory - Requested driver: Capabilities [{browserName=firefox}]:null. Driver uses count = 1
3544 [main] INFO  m.Driver.MyWebDriverEventListener - WebDriver navigating to:'https://testun.com.ua/sys/sys/test_cookie_key'
4481 [main] INFO  m.Driver.MyWebDriverEventListener - WebDriver navigating to:'https://testun.com.ua/'
8778 [main] DEBUG m.Driver.MyWebDriverEventListener - Webdriver will click on element tag:a |id:  |text: ('English')
11010 [main] DEBUG m.Driver.MyWebDriverEventListener - hope Webdriver clicked on element tag:a |id:  |text: ('English')
11119 [main] INFO  test.java.LogTest - ------------------------waitForPageLoaded true
11240 [main] DEBUG m.Driver.MyWebDriverEventListener - Webdriver will click on element tag:a |id:  |text: ('Русский')
11462 [main] DEBUG m.Driver.MyWebDriverEventListener - hope Webdriver clicked on element tag:a |id:  |text: ('Русский')
12039 [main] INFO  test.java.LogTest - ------------------------waitForPageLoaded true
12053 [main] INFO  test.java.LogTest - _______________________________Test = googleValidLogin()_______________________________
15073 [main] INFO  m.Driver.MyWebDriverEventListener - WebDriver navigating to:'https://accounts.google.com'
15447 [main] INFO  m.Driver.MyWebDriverEventListener - WebDriver navigating to:'https://accounts.google.com'
18801 [main] DEBUG m.Driver.MyWebDriverEventListener - WebDriver changing value in element found By.id: Passwd from 'tag:input |id: Passwd |text: ('')
19354 [main] DEBUG m.Driver.MyWebDriverEventListener - WebDriver changing value in element found By.id: Passwd from 'tag:input |id: Passwd |text: ('')
19408 [main] DEBUG m.Driver.MyWebDriverEventListener - WebDriver changing value in element found By.id: Email from 'tag:input |id: Email |text: ('')
20552 [main] DEBUG m.Driver.MyWebDriverEventListener - WebDriver changing value in element found By.id: Email from 'tag:input |id: Email |text: ('')
20592 [main] DEBUG m.Driver.MyWebDriverEventListener - Webdriver will click on element tag:input |id: signIn |text: ('')
21757 [main] DEBUG m.Driver.MyWebDriverEventListener - hope Webdriver clicked on element tag:input |id: signIn |text: ('')
22257 [main] INFO  m.Driver.MyWebDriverEventListener - WebDriver navigating to:'https://testun.com.ua/'
23092 [main] DEBUG m.Driver.MyWebDriverEventListener - Webdriver will click on element tag:a |id: js_header_signin |text: ('Войти')
24770 [main] DEBUG m.Driver.MyWebDriverEventListener - hope Webdriver clicked on element tag:a |id: js_header_signin |text: ('Войти')
24881 [main] INFO  test.java.LogTest - ------------------------waitForPageLoaded true
24954 [main] DEBUG m.Driver.MyWebDriverEventListener - Webdriver will click on element tag:a |id:  |text: ('Вход через Google')
26250 [main] DEBUG m.Driver.MyWebDriverEventListener - hope Webdriver clicked on element tag:a |id:  |text: ('Вход через Google')
29384 [main] INFO  test.java.LogTest - ------------------------waitForPageLoaded true
31118 [main] DEBUG m.Driver.MyWebDriverEventListener - Webdriver will click on element tag:a |id: logout |text: ('Exit')
31589 [main] DEBUG m.Driver.MyWebDriverEventListener - hope Webdriver clicked on element tag:a |id: logout |text: ('Exit')
31597 [main] INFO  test.java.LogTest - ------------------------waitForPageLoaded false
32576 [main] INFO  test.java.LogTest - ------------------------waitForPageLoaded true
32584 [main] INFO  m.Driver.MyWebDriverEventListener - WebDriver navigating to:'https://accounts.google.com'
34355 [main] INFO  test.java.LogTest - >>>>>>>>>>@AfterMethod<<<<<<<<<
37368 [main] ERROR test.java.LogTest - ----------------------------------------------------------------------js error----------------------------------------------------------------------
37368 [main] ERROR test.java.LogTest - javascript error 1.SyntaxError: Using //@ to indicate sourceURL pragmas is deprecated. Use //# instead [https://www.google.com/settings/_/scs/ac-static/_/js/k=ac.s2.ru.Wxp-0ULavEk.O/m=b2,s2_p/am=CAAQ/rt=j/d=1/rs=AD6RtdOj4NMoiB1x8yB11sl3D6gCCoO9tg:119]
37368 [main] ERROR test.java.LogTest - ----------------------------------------------------------------------js error----------------------------------------------------------------------
37405 [main] INFO  test.java.LogTest - ______________________________________class test.java.LogTest______________________________________
37405 [main] DEBUG main.Driver.WebDriverFactory - Requested driver: Capabilities [{browserName=firefox}]:null. Driver uses count = 2
37413 [main] DEBUG main.Driver.WebDriverFactory - getDriver: Current url: https://accounts.google.com/ServiceLogin?passive=1209600&continue=https://www.google.com/settings/personalinfo&followup=https://www.google.com/settings/personalinfo
37418 [main] INFO  m.Driver.MyWebDriverEventListener - WebDriver navigating to:'https://testun.com.ua/sys/sys/test_cookie_key'
37583 [main] INFO  m.Driver.MyWebDriverEventListener - WebDriver navigating to:'https://testun.com.ua/'
38526 [main] DEBUG m.Driver.MyWebDriverEventListener - Webdriver will click on element tag:a |id:  |text: ('English')
39187 [main] DEBUG m.Driver.MyWebDriverEventListener - hope Webdriver clicked on element tag:a |id:  |text: ('English')
39192 [main] INFO  test.java.LogTest - ------------------------waitForPageLoaded true
39266 [main] DEBUG m.Driver.MyWebDriverEventListener - Webdriver will click on element tag:a |id:  |text: ('Русский')
39489 [main] DEBUG m.Driver.MyWebDriverEventListener - hope Webdriver clicked on element tag:a |id:  |text: ('Русский')
40136 [main] INFO  test.java.LogTest - ------------------------waitForPageLoaded true
40144 [main] INFO  test.java.LogTest - _______________________Test = googleValidLoginPopup_______________________
43219 [main] DEBUG m.Driver.MyWebDriverEventListener - Webdriver will click on element tag:a |id: js_header_signin |text: ('Войти')
43921 [main] DEBUG m.Driver.MyWebDriverEventListener - hope Webdriver clicked on element tag:a |id: js_header_signin |text: ('Войти')
43928 [main] INFO  test.java.LogTest - ------------------------waitForPageLoaded true
44013 [main] DEBUG m.Driver.MyWebDriverEventListener - Webdriver will click on element tag:a |id:  |text: ('Вход через Google')
45599 [main] DEBUG m.Driver.MyWebDriverEventListener - hope Webdriver clicked on element tag:a |id:  |text: ('Вход через Google')
46249 [main] DEBUG m.Driver.MyWebDriverEventListener - WebDriver changing value in element found By.id: Passwd from 'tag:input |id: Passwd |text: ('')
46782 [main] DEBUG m.Driver.MyWebDriverEventListener - WebDriver changing value in element found By.id: Passwd from 'tag:input |id: Passwd |text: ('')
46823 [main] DEBUG m.Driver.MyWebDriverEventListener - WebDriver changing value in element found By.id: Email from 'tag:input |id: Email |text: ('')
47516 [main] DEBUG m.Driver.MyWebDriverEventListener - WebDriver changing value in element found By.id: Email from 'tag:input |id: Email |text: ('')
47575 [main] DEBUG m.Driver.MyWebDriverEventListener - Webdriver will click on element tag:input |id: signIn |text: ('')
49304 [main] DEBUG m.Driver.MyWebDriverEventListener - hope Webdriver clicked on element tag:input |id: signIn |text: ('')
51493 [main] INFO  test.java.LogTest - ------------------------waitForPageLoaded true
54446 [main] DEBUG m.Driver.MyWebDriverEventListener - Webdriver will click on element tag:a |id: logout |text: ('Exit')
54927 [main] DEBUG m.Driver.MyWebDriverEventListener - hope Webdriver clicked on element tag:a |id: logout |text: ('Exit')
54933 [main] INFO  test.java.LogTest - ------------------------waitForPageLoaded false
55833 [main] INFO  test.java.LogTest - ------------------------waitForPageLoaded true
55852 [main] INFO  m.Driver.MyWebDriverEventListener - WebDriver navigating to:'https://accounts.google.com'
57432 [main] INFO  test.java.LogTest - >>>>>>>>>>@AfterMethod<<<<<<<<<
60444 [main] ERROR test.java.LogTest - ----------------------------------------------------------------------js error----------------------------------------------------------------------
60444 [main] ERROR test.java.LogTest - javascript error 1.SyntaxError: Using //@ to indicate sourceURL pragmas is deprecated. Use //# instead [https://www.google.com/settings/_/scs/ac-static/_/js/k=ac.s2.ru.Llpiqh7lenc.O/m=b2,s2_p/am=EQCw/rt=j/d=1/rs=AD6RtdOs2QWO7Ob8paAS471coCi95NeCJQ:119]
60444 [main] ERROR test.java.LogTest - ----------------------------------------------------------------------js error----------------------------------------------------------------------
60476 [main] INFO  test.java.LogTest - ______________________________________class test.java.LogTest______________________________________
60476 [main] DEBUG main.Driver.WebDriverFactory - Requested driver: Capabilities [{browserName=firefox}]:null. Driver uses count = 3
60484 [main] DEBUG main.Driver.WebDriverFactory - getDriver: Current url: https://accounts.google.com/ServiceLogin?passive=1209600&continue=https://www.google.com/settings/personalinfo&followup=https://www.google.com/settings/personalinfo
60491 [main] INFO  m.Driver.MyWebDriverEventListener - WebDriver navigating to:'https://testun.com.ua/sys/sys/test_cookie_key'
60663 [main] INFO  m.Driver.MyWebDriverEventListener - WebDriver navigating to:'https://testun.com.ua/'
61745 [main] DEBUG m.Driver.MyWebDriverEventListener - Webdriver will click on element tag:a |id:  |text: ('English')
62391 [main] DEBUG m.Driver.MyWebDriverEventListener - hope Webdriver clicked on element tag:a |id:  |text: ('English')
62407 [main] INFO  test.java.LogTest - ------------------------waitForPageLoaded true
62465 [main] DEBUG m.Driver.MyWebDriverEventListener - Webdriver will click on element tag:a |id:  |text: ('Русский')
62696 [main] DEBUG m.Driver.MyWebDriverEventListener - hope Webdriver clicked on element tag:a |id:  |text: ('Русский')
63294 [main] ERROR m.Driver.MyWebDriverEventListener - ________________________________________________________________________________________________________________
63299 [main] ERROR m.Driver.MyWebDriverEventListener - WebDriver error:
org.openqa.selenium.WebDriverException: window.jQuery is undefined
Command duration or timeout: 588 milliseconds
Build info: version: '2.42.2', revision: '6a6995d', time: '2014-06-03 17:42:03'
System info: host: 'alexandra-System-Product-Name', ip: '127.0.1.1', os.name: 'Linux', os.arch: 'amd64', os.version: '3.2.0-23-generic', java.version: '1.7.0_60'
Session ID: b1365c8c-f569-4511-aad1-b5857ad4d607
Driver info: org.openqa.selenium.firefox.FirefoxDriver
Capabilities [{platform=LINUX, acceptSslCerts=true, javascriptEnabled=true, cssSelectorsEnabled=true, databaseEnabled=true, browserName=firefox, handlesAlerts=true, browserConnectionEnabled=true, webStorageEnabled=true, nativeEvents=true, rotatable=false, locationContextEnabled=true, applicationCacheEnabled=true, takesScreenshot=true, version=29.0}]
	at sun.reflect.NativeConstructorAccessorImpl.newInstance0(Native Method) ~[na:1.7.0_60]
	at sun.reflect.NativeConstructorAccessorImpl.newInstance(NativeConstructorAccessorImpl.java:57) ~[na:1.7.0_60]
	at sun.reflect.DelegatingConstructorAccessorImpl.newInstance(DelegatingConstructorAccessorImpl.java:45) ~[na:1.7.0_60]
	at java.lang.reflect.Constructor.newInstance(Constructor.java:526) ~[na:1.7.0_60]
	at org.openqa.selenium.remote.ErrorHandler.createThrowable(ErrorHandler.java:204) ~[selenium-server-standalone-2.42.2.jar:na]
	at org.openqa.selenium.remote.ErrorHandler.throwIfResponseFailed(ErrorHandler.java:156) ~[selenium-server-standalone-2.42.2.jar:na]
	at org.openqa.selenium.remote.RemoteWebDriver.execute(RemoteWebDriver.java:599) ~[selenium-server-standalone-2.42.2.jar:na]
	at org.openqa.selenium.remote.RemoteWebDriver.executeScript(RemoteWebDriver.java:508) ~[selenium-server-standalone-2.42.2.jar:na]
	at sun.reflect.GeneratedMethodAccessor23.invoke(Unknown Source) ~[na:na]
	at sun.reflect.DelegatingMethodAccessorImpl.invoke(DelegatingMethodAccessorImpl.java:43) ~[na:1.7.0_60]
	at java.lang.reflect.Method.invoke(Method.java:606) ~[na:1.7.0_60]
	at org.openqa.selenium.support.events.EventFiringWebDriver$2.invoke(EventFiringWebDriver.java:101) ~[selenium-server-standalone-2.42.2.jar:na]
	at com.sun.proxy.$Proxy10.executeScript(Unknown Source) ~[na:na]
	at org.openqa.selenium.support.events.EventFiringWebDriver.executeScript(EventFiringWebDriver.java:213) ~[selenium-server-standalone-2.42.2.jar:na]
	at main.pages.BaseClass$1.apply(BaseClass.java:90) ~[classes/:na]
	at main.pages.BaseClass$1.apply(BaseClass.java:1) ~[classes/:na]
	at org.openqa.selenium.support.ui.FluentWait.until(FluentWait.java:208) [selenium-server-standalone-2.42.2.jar:na]
	at main.pages.BaseClass.waitForPageLoaded(BaseClass.java:96) [classes/:na]
	at main.pages.BaseClass.selectLang(BaseClass.java:110) [classes/:na]
	at test.java.LogTest.setup(LogTest.java:47) [classes/:na]
	at sun.reflect.NativeMethodAccessorImpl.invoke0(Native Method) ~[na:1.7.0_60]
	at sun.reflect.NativeMethodAccessorImpl.invoke(NativeMethodAccessorImpl.java:57) ~[na:1.7.0_60]
	at sun.reflect.DelegatingMethodAccessorImpl.invoke(DelegatingMethodAccessorImpl.java:43) ~[na:1.7.0_60]
	at java.lang.reflect.Method.invoke(Method.java:606) ~[na:1.7.0_60]
	at org.testng.internal.MethodInvocationHelper.invokeMethod(MethodInvocationHelper.java:80) [testng.jar:6.9beta-201211201815]
	at org.testng.internal.Invoker.invokeConfigurationMethod(Invoker.java:564) [testng.jar:6.9beta-201211201815]
	at org.testng.internal.Invoker.invokeConfigurations(Invoker.java:213) [testng.jar:6.9beta-201211201815]
	at org.testng.internal.Invoker.invokeMethod(Invoker.java:653) [testng.jar:6.9beta-201211201815]
	at org.testng.internal.Invoker.invokeTestMethod(Invoker.java:901) [testng.jar:6.9beta-201211201815]
	at org.testng.internal.Invoker.invokeTestMethods(Invoker.java:1231) [testng.jar:6.9beta-201211201815]
	at org.testng.internal.TestMethodWorker.invokeTestMethods(TestMethodWorker.java:128) [testng.jar:6.9beta-201211201815]
	at org.testng.internal.TestMethodWorker.run(TestMethodWorker.java:111) [testng.jar:6.9beta-201211201815]
	at org.testng.TestRunner.privateRun(TestRunner.java:767) [testng.jar:6.9beta-201211201815]
	at org.testng.TestRunner.run(TestRunner.java:617) [testng.jar:6.9beta-201211201815]
	at org.testng.SuiteRunner.runTest(SuiteRunner.java:334) [testng.jar:6.9beta-201211201815]
	at org.testng.SuiteRunner.runSequentially(SuiteRunner.java:329) [testng.jar:6.9beta-201211201815]
	at org.testng.SuiteRunner.privateRun(SuiteRunner.java:291) [testng.jar:6.9beta-201211201815]
	at org.testng.SuiteRunner.run(SuiteRunner.java:240) [testng.jar:6.9beta-201211201815]
	at org.testng.SuiteRunnerWorker.runSuite(SuiteRunnerWorker.java:52) [testng.jar:6.9beta-201211201815]
	at org.testng.SuiteRunnerWorker.run(SuiteRunnerWorker.java:86) [testng.jar:6.9beta-201211201815]
	at org.testng.TestNG.runSuitesSequentially(TestNG.java:1203) [testng.jar:6.9beta-201211201815]
	at org.testng.TestNG.runSuitesLocally(TestNG.java:1128) [testng.jar:6.9beta-201211201815]
	at org.testng.TestNG.run(TestNG.java:1036) [testng.jar:6.9beta-201211201815]
	at org.testng.remote.RemoteTestNG.run(RemoteTestNG.java:111) [testng.jar:6.9beta-201211201815]
	at org.testng.remote.RemoteTestNG.initAndRun(RemoteTestNG.java:204) [testng.jar:6.9beta-201211201815]
	at org.testng.remote.RemoteTestNG.main(RemoteTestNG.java:175) [testng.jar:6.9beta-201211201815]
org.openqa.selenium.remote.ErrorHandler$UnknownServerException: window.jQuery is undefined
Build info: version: '2.42.2', revision: '6a6995d', time: '2014-06-03 17:42:03'
System info: host: 'alexandra-System-Product-Name', ip: '127.0.1.1', os.name: 'Linux', os.arch: 'amd64', os.version: '3.2.0-23-generic', java.version: '1.7.0_60'
Driver info: driver.version: unknown
	at <anonymous class>.anonymous(https://testun.com.ua/:68) ~[na:na]
	at <anonymous class>.handleEvaluateEvent(https://testun.com.ua/:68) ~[na:na]
63299 [main] ERROR m.Driver.MyWebDriverEventListener - ________________________________________________________________________________________________________________
63501 [main] INFO  test.java.LogTest - window.jQuery is undefined
Command duration or timeout: 588 milliseconds
Build info: version: '2.42.2', revision: '6a6995d', time: '2014-06-03 17:42:03'
System info: host: 'alexandra-System-Product-Name', ip: '127.0.1.1', os.name: 'Linux', os.arch: 'amd64', os.version: '3.2.0-23-generic', java.version: '1.7.0_60'
Session ID: b1365c8c-f569-4511-aad1-b5857ad4d607
Driver info: org.openqa.selenium.firefox.FirefoxDriver
Capabilities [{platform=LINUX, acceptSslCerts=true, javascriptEnabled=true, cssSelectorsEnabled=true, databaseEnabled=true, browserName=firefox, handlesAlerts=true, browserConnectionEnabled=true, webStorageEnabled=true, nativeEvents=true, rotatable=false, locationContextEnabled=true, applicationCacheEnabled=true, takesScreenshot=true, version=29.0}]
63505 [main] INFO  test.java.LogTest - _______________________Test = invalidLoginNoEmail_______________________
63566 [main] DEBUG m.Driver.MyWebDriverEventListener - Webdriver will click on element tag:a |id: js_header_signin |text: ('Войти')
64583 [main] DEBUG m.Driver.MyWebDriverEventListener - hope Webdriver clicked on element tag:a |id: js_header_signin |text: ('Войти')
64593 [main] INFO  test.java.LogTest - ------------------------waitForPageLoaded true
64674 [main] DEBUG m.Driver.MyWebDriverEventListener - WebDriver changing value in element found By.id: login_email from 'tag:input |id: login_email |text: ('')
64729 [main] DEBUG m.Driver.MyWebDriverEventListener - WebDriver changing value in element found By.id: login_email from 'tag:input |id: login_email |text: ('')
64788 [main] DEBUG m.Driver.MyWebDriverEventListener - WebDriver changing value in element found By.id: login_password from 'tag:input |id: login_password |text: ('')
65427 [main] DEBUG m.Driver.MyWebDriverEventListener - WebDriver changing value in element found By.id: login_password from 'tag:input |id: login_password |text: ('')
65577 [main] DEBUG m.Driver.MyWebDriverEventListener - Webdriver will click on element tag:input |id: login_button |text: ('')
67694 [main] DEBUG m.Driver.MyWebDriverEventListener - hope Webdriver clicked on element tag:input |id: login_button |text: ('')
67844 [main] ERROR test.java.LogTest - ------------------------> Ошибка на странице:"Tutorsband".Текст переменной:cebook_Message ***not defined***"
67925 [main] INFO  test.java.LogTest - >>>>>>>>>>@AfterMethod<<<<<<<<<
70993 [main] ERROR test.java.LogTest - ------------------------> Ошибка на странице:"Tutorsband".Текст переменной:cebook_Message ***not defined***"
70993 [main] INFO  test.java.LogTest - ______________________________________class test.java.LogTest______________________________________
70993 [main] DEBUG main.Driver.WebDriverFactory - Requested driver: Capabilities [{browserName=firefox}]:null. Driver uses count = 4
71006 [main] DEBUG main.Driver.WebDriverFactory - getDriver: Current url: https://testun.com.ua/#signin
71012 [main] INFO  m.Driver.MyWebDriverEventListener - WebDriver navigating to:'https://testun.com.ua/sys/sys/test_cookie_key'
71117 [main] INFO  m.Driver.MyWebDriverEventListener - WebDriver navigating to:'https://testun.com.ua/'
71843 [main] INFO  test.java.LogTest - _______________________Test = invalidLoginNoPass_______________________
71889 [main] DEBUG m.Driver.MyWebDriverEventListener - Webdriver will click on element tag:a |id: js_header_signin |text: ('Войти')
74348 [main] DEBUG m.Driver.MyWebDriverEventListener - hope Webdriver clicked on element tag:a |id: js_header_signin |text: ('Войти')
74358 [main] INFO  test.java.LogTest - ------------------------waitForPageLoaded true
74416 [main] DEBUG m.Driver.MyWebDriverEventListener - WebDriver changing value in element found By.id: login_email from 'tag:input |id: login_email |text: ('')
75019 [main] DEBUG m.Driver.MyWebDriverEventListener - WebDriver changing value in element found By.id: login_email from 'tag:input |id: login_email |text: ('')
75065 [main] DEBUG m.Driver.MyWebDriverEventListener - WebDriver changing value in element found By.id: login_password from 'tag:input |id: login_password |text: ('')
75131 [main] DEBUG m.Driver.MyWebDriverEventListener - WebDriver changing value in element found By.id: login_password from 'tag:input |id: login_password |text: ('')
75197 [main] DEBUG m.Driver.MyWebDriverEventListener - Webdriver will click on element tag:input |id: login_button |text: ('')
77311 [main] DEBUG m.Driver.MyWebDriverEventListener - hope Webdriver clicked on element tag:input |id: login_button |text: ('')
77848 [main] INFO  test.java.LogTest - >>>>>>>>>>@AfterMethod<<<<<<<<<
80919 [main] ERROR test.java.LogTest - ------------------------> Ошибка на странице:"Tutorsband".Текст переменной:cebook_Message ***not defined***"
80920 [main] INFO  test.java.LogTest - ______________________________________class test.java.LogTest______________________________________
80920 [main] DEBUG main.Driver.WebDriverFactory - Requested driver: Capabilities [{browserName=firefox}]:null. Driver uses count = 5
80925 [main] DEBUG main.Driver.WebDriverFactory - getDriver: Current url: https://testun.com.ua/#signin
80929 [main] INFO  m.Driver.MyWebDriverEventListener - WebDriver navigating to:'https://testun.com.ua/sys/sys/test_cookie_key'
81031 [main] INFO  m.Driver.MyWebDriverEventListener - WebDriver navigating to:'https://testun.com.ua/'
81847 [main] INFO  test.java.LogTest - _______________________Test = invalidLoginWrongEmail_______________________
81896 [main] DEBUG m.Driver.MyWebDriverEventListener - Webdriver will click on element tag:a |id: js_header_signin |text: ('Войти')
84344 [main] DEBUG m.Driver.MyWebDriverEventListener - hope Webdriver clicked on element tag:a |id: js_header_signin |text: ('Войти')
84361 [main] INFO  test.java.LogTest - ------------------------waitForPageLoaded true
84412 [main] DEBUG m.Driver.MyWebDriverEventListener - WebDriver changing value in element found By.id: login_email from 'tag:input |id: login_email |text: ('')
84656 [main] DEBUG m.Driver.MyWebDriverEventListener - WebDriver changing value in element found By.id: login_email from 'tag:input |id: login_email |text: ('')
84706 [main] DEBUG m.Driver.MyWebDriverEventListener - WebDriver changing value in element found By.id: login_password from 'tag:input |id: login_password |text: ('')
85305 [main] DEBUG m.Driver.MyWebDriverEventListener - WebDriver changing value in element found By.id: login_password from 'tag:input |id: login_password |text: ('')
85353 [main] DEBUG m.Driver.MyWebDriverEventListener - Webdriver will click on element tag:input |id: login_button |text: ('')
87483 [main] DEBUG m.Driver.MyWebDriverEventListener - hope Webdriver clicked on element tag:input |id: login_button |text: ('')
88024 [main] INFO  test.java.LogTest - >>>>>>>>>>@AfterMethod<<<<<<<<<
91095 [main] ERROR test.java.LogTest - ------------------------> Ошибка на странице:"Tutorsband".Текст переменной:cebook_Message ***not defined***"
91095 [main] INFO  test.java.LogTest - ______________________________________class test.java.LogTest______________________________________
91095 [main] DEBUG main.Driver.WebDriverFactory - Requested driver: Capabilities [{browserName=firefox}]:null. Driver uses count = 6
91099 [main] DEBUG main.Driver.WebDriverFactory - getDriver: Current url: https://testun.com.ua/#signin
91103 [main] INFO  m.Driver.MyWebDriverEventListener - WebDriver navigating to:'https://testun.com.ua/sys/sys/test_cookie_key'
91194 [main] INFO  m.Driver.MyWebDriverEventListener - WebDriver navigating to:'https://testun.com.ua/'
91910 [main] INFO  test.java.LogTest - _______________________Test = invalidLoginWrongPass_______________________
91963 [main] DEBUG m.Driver.MyWebDriverEventListener - Webdriver will click on element tag:a |id: js_header_signin |text: ('Войти')
94392 [main] DEBUG m.Driver.MyWebDriverEventListener - hope Webdriver clicked on element tag:a |id: js_header_signin |text: ('Войти')
94398 [main] INFO  test.java.LogTest - ------------------------waitForPageLoaded true
94446 [main] DEBUG m.Driver.MyWebDriverEventListener - WebDriver changing value in element found By.id: login_email from 'tag:input |id: login_email |text: ('')
95034 [main] DEBUG m.Driver.MyWebDriverEventListener - WebDriver changing value in element found By.id: login_email from 'tag:input |id: login_email |text: ('')
95088 [main] DEBUG m.Driver.MyWebDriverEventListener - WebDriver changing value in element found By.id: login_password from 'tag:input |id: login_password |text: ('')
95408 [main] DEBUG m.Driver.MyWebDriverEventListener - WebDriver changing value in element found By.id: login_password from 'tag:input |id: login_password |text: ('')
95458 [main] DEBUG m.Driver.MyWebDriverEventListener - Webdriver will click on element tag:input |id: login_button |text: ('')
97573 [main] DEBUG m.Driver.MyWebDriverEventListener - hope Webdriver clicked on element tag:input |id: login_button |text: ('')
98104 [main] INFO  test.java.LogTest - >>>>>>>>>>@AfterMethod<<<<<<<<<
101175 [main] ERROR test.java.LogTest - ------------------------> Ошибка на странице:"Tutorsband".Текст переменной:cebook_Message ***not defined***"
101176 [main] INFO  test.java.LogTest - ______________________________________class test.java.LogTest______________________________________
101176 [main] DEBUG main.Driver.WebDriverFactory - Requested driver: Capabilities [{browserName=firefox}]:null. Driver uses count = 7
101180 [main] DEBUG main.Driver.WebDriverFactory - getDriver: Current url: https://testun.com.ua/#signin
101184 [main] INFO  m.Driver.MyWebDriverEventListener - WebDriver navigating to:'https://testun.com.ua/sys/sys/test_cookie_key'
101276 [main] INFO  m.Driver.MyWebDriverEventListener - WebDriver navigating to:'https://testun.com.ua/'
102070 [main] INFO  test.java.LogTest - _______________________Test = loginFBHangoutPopup_______________________
105078 [main] INFO  m.Driver.MyWebDriverEventListener - WebDriver navigating to:'https://testun.com.ua//search'
106048 [main] DEBUG m.Driver.MyWebDriverEventListener - Webdriver will click on element tag:a |id:  |text: ('Проходит сейчас
Сегодня в 12:58
sd
Евгений Степанец
Бесплатно')
107258 [main] DEBUG m.Driver.MyWebDriverEventListener - hope Webdriver clicked on element tag:a |id:  |text: ('Проходит сейчас
Сегодня в 12:58
sd
Евгений Степанец
Бесплатно')
107760 [main] ERROR test.java.LogTest - ------------------------> Ошибка на странице:"Видеовстреча "sd"".Текст переменной:cebook_Message ***not defined***"
107822 [main] DEBUG m.Driver.MyWebDriverEventListener - Webdriver will click on element tag:a |id: original_subscribe |text: ('Принять участие')
108592 [main] DEBUG m.Driver.MyWebDriverEventListener - hope Webdriver clicked on element tag:a |id: original_subscribe |text: ('Принять участие')
108672 [main] DEBUG m.Driver.MyWebDriverEventListener - Webdriver will click on element tag:a |id:  |text: ('войдите')
110108 [main] DEBUG m.Driver.MyWebDriverEventListener - hope Webdriver clicked on element tag:a |id:  |text: ('войдите')
110202 [main] DEBUG m.Driver.MyWebDriverEventListener - Webdriver will click on element tag:a |id:  |text: ('Вход через Facebook')
110841 [main] DEBUG m.Driver.MyWebDriverEventListener - hope Webdriver clicked on element tag:a |id:  |text: ('Вход через Facebook')
112687 [main] DEBUG m.Driver.MyWebDriverEventListener - WebDriver changing value in element found By.id: email from 'tag:input |id: email |text: ('')
113334 [main] DEBUG m.Driver.MyWebDriverEventListener - WebDriver changing value in element found By.id: email from 'tag:input |id: email |text: ('')
113388 [main] DEBUG m.Driver.MyWebDriverEventListener - WebDriver changing value in element found By.id: pass from 'tag:input |id: pass |text: ('')
113820 [main] DEBUG m.Driver.MyWebDriverEventListener - WebDriver changing value in element found By.id: pass from 'tag:input |id: pass |text: ('')
113881 [main] DEBUG m.Driver.MyWebDriverEventListener - Webdriver will click on element tag:input |id: u_0_1 |text: ('')
115541 [main] DEBUG m.Driver.MyWebDriverEventListener - hope Webdriver clicked on element tag:input |id: u_0_1 |text: ('')
117801 [main] INFO  test.java.LogTest - ------------------------waitForPageLoaded true
117814 [main] INFO  test.java.LogTest - Assert that user Vaska Ivanov takes part in conference
117853 [main] INFO  test.java.LogTest - ------------------------waitForPageLoaded true
120631 [main] DEBUG m.Driver.MyWebDriverEventListener - Webdriver will click on element tag:a |id: logout |text: ('Exit')
121120 [main] DEBUG m.Driver.MyWebDriverEventListener - hope Webdriver clicked on element tag:a |id: logout |text: ('Exit')
121126 [main] INFO  test.java.LogTest - ------------------------waitForPageLoaded false
121821 [main] ERROR m.Driver.MyWebDriverEventListener - ________________________________________________________________________________________________________________
121823 [main] ERROR m.Driver.MyWebDriverEventListener - WebDriver error:
org.openqa.selenium.WebDriverException: window.jQuery is undefined
Command duration or timeout: 695 milliseconds
Build info: version: '2.42.2', revision: '6a6995d', time: '2014-06-03 17:42:03'
System info: host: 'alexandra-System-Product-Name', ip: '127.0.1.1', os.name: 'Linux', os.arch: 'amd64', os.version: '3.2.0-23-generic', java.version: '1.7.0_60'
Session ID: b1365c8c-f569-4511-aad1-b5857ad4d607
Driver info: org.openqa.selenium.firefox.FirefoxDriver
Capabilities [{platform=LINUX, acceptSslCerts=true, javascriptEnabled=true, cssSelectorsEnabled=true, databaseEnabled=true, browserName=firefox, handlesAlerts=true, browserConnectionEnabled=true, webStorageEnabled=true, nativeEvents=true, rotatable=false, locationContextEnabled=true, applicationCacheEnabled=true, takesScreenshot=true, version=29.0}]
	at sun.reflect.NativeConstructorAccessorImpl.newInstance0(Native Method) ~[na:1.7.0_60]
	at sun.reflect.NativeConstructorAccessorImpl.newInstance(NativeConstructorAccessorImpl.java:57) ~[na:1.7.0_60]
	at sun.reflect.DelegatingConstructorAccessorImpl.newInstance(DelegatingConstructorAccessorImpl.java:45) ~[na:1.7.0_60]
	at java.lang.reflect.Constructor.newInstance(Constructor.java:526) ~[na:1.7.0_60]
	at org.openqa.selenium.remote.ErrorHandler.createThrowable(ErrorHandler.java:204) ~[selenium-server-standalone-2.42.2.jar:na]
	at org.openqa.selenium.remote.ErrorHandler.throwIfResponseFailed(ErrorHandler.java:156) ~[selenium-server-standalone-2.42.2.jar:na]
	at org.openqa.selenium.remote.RemoteWebDriver.execute(RemoteWebDriver.java:599) ~[selenium-server-standalone-2.42.2.jar:na]
	at org.openqa.selenium.remote.RemoteWebDriver.executeScript(RemoteWebDriver.java:508) ~[selenium-server-standalone-2.42.2.jar:na]
	at sun.reflect.GeneratedMethodAccessor23.invoke(Unknown Source) ~[na:na]
	at sun.reflect.DelegatingMethodAccessorImpl.invoke(DelegatingMethodAccessorImpl.java:43) ~[na:1.7.0_60]
	at java.lang.reflect.Method.invoke(Method.java:606) ~[na:1.7.0_60]
	at org.openqa.selenium.support.events.EventFiringWebDriver$2.invoke(EventFiringWebDriver.java:101) ~[selenium-server-standalone-2.42.2.jar:na]
	at com.sun.proxy.$Proxy10.executeScript(Unknown Source) ~[na:na]
	at org.openqa.selenium.support.events.EventFiringWebDriver.executeScript(EventFiringWebDriver.java:213) ~[selenium-server-standalone-2.42.2.jar:na]
	at main.pages.BaseClass$1.apply(BaseClass.java:91) ~[classes/:na]
	at main.pages.BaseClass$1.apply(BaseClass.java:1) ~[classes/:na]
	at org.openqa.selenium.support.ui.FluentWait.until(FluentWait.java:208) [selenium-server-standalone-2.42.2.jar:na]
	at main.pages.BaseClass.waitForPageLoaded(BaseClass.java:96) [classes/:na]
	at main.pages.MyPage.exit(MyPage.java:234) [classes/:na]
	at test.java.LogTest.loginFBHangoutPopup(LogTest.java:289) [classes/:na]
	at sun.reflect.NativeMethodAccessorImpl.invoke0(Native Method) ~[na:1.7.0_60]
	at sun.reflect.NativeMethodAccessorImpl.invoke(NativeMethodAccessorImpl.java:57) ~[na:1.7.0_60]
	at sun.reflect.DelegatingMethodAccessorImpl.invoke(DelegatingMethodAccessorImpl.java:43) ~[na:1.7.0_60]
	at java.lang.reflect.Method.invoke(Method.java:606) ~[na:1.7.0_60]
	at org.testng.internal.MethodInvocationHelper.invokeMethod(MethodInvocationHelper.java:80) [testng.jar:6.9beta-201211201815]
	at org.testng.internal.Invoker.invokeMethod(Invoker.java:714) [testng.jar:6.9beta-201211201815]
	at org.testng.internal.Invoker.invokeTestMethod(Invoker.java:901) [testng.jar:6.9beta-201211201815]
	at org.testng.internal.Invoker.invokeTestMethods(Invoker.java:1231) [testng.jar:6.9beta-201211201815]
	at org.testng.internal.TestMethodWorker.invokeTestMethods(TestMethodWorker.java:128) [testng.jar:6.9beta-201211201815]
	at org.testng.internal.TestMethodWorker.run(TestMethodWorker.java:111) [testng.jar:6.9beta-201211201815]
	at org.testng.TestRunner.privateRun(TestRunner.java:767) [testng.jar:6.9beta-201211201815]
	at org.testng.TestRunner.run(TestRunner.java:617) [testng.jar:6.9beta-201211201815]
	at org.testng.SuiteRunner.runTest(SuiteRunner.java:334) [testng.jar:6.9beta-201211201815]
	at org.testng.SuiteRunner.runSequentially(SuiteRunner.java:329) [testng.jar:6.9beta-201211201815]
	at org.testng.SuiteRunner.privateRun(SuiteRunner.java:291) [testng.jar:6.9beta-201211201815]
	at org.testng.SuiteRunner.run(SuiteRunner.java:240) [testng.jar:6.9beta-201211201815]
	at org.testng.SuiteRunnerWorker.runSuite(SuiteRunnerWorker.java:52) [testng.jar:6.9beta-201211201815]
	at org.testng.SuiteRunnerWorker.run(SuiteRunnerWorker.java:86) [testng.jar:6.9beta-201211201815]
	at org.testng.TestNG.runSuitesSequentially(TestNG.java:1203) [testng.jar:6.9beta-201211201815]
	at org.testng.TestNG.runSuitesLocally(TestNG.java:1128) [testng.jar:6.9beta-201211201815]
	at org.testng.TestNG.run(TestNG.java:1036) [testng.jar:6.9beta-201211201815]
	at org.testng.remote.RemoteTestNG.run(RemoteTestNG.java:111) [testng.jar:6.9beta-201211201815]
	at org.testng.remote.RemoteTestNG.initAndRun(RemoteTestNG.java:204) [testng.jar:6.9beta-201211201815]
	at org.testng.remote.RemoteTestNG.main(RemoteTestNG.java:175) [testng.jar:6.9beta-201211201815]
org.openqa.selenium.remote.ErrorHandler$UnknownServerException: window.jQuery is undefined
Build info: version: '2.42.2', revision: '6a6995d', time: '2014-06-03 17:42:03'
System info: host: 'alexandra-System-Product-Name', ip: '127.0.1.1', os.name: 'Linux', os.arch: 'amd64', os.version: '3.2.0-23-generic', java.version: '1.7.0_60'
Driver info: driver.version: unknown
	at <anonymous class>.anonymous(https://testun.com.ua/:68) ~[na:na]
	at <anonymous class>.handleEvaluateEvent(https://testun.com.ua/:68) ~[na:na]
121823 [main] ERROR m.Driver.MyWebDriverEventListener - ________________________________________________________________________________________________________________
122072 [main] INFO  test.java.LogTest - window.jQuery is undefined
Command duration or timeout: 695 milliseconds
Build info: version: '2.42.2', revision: '6a6995d', time: '2014-06-03 17:42:03'
System info: host: 'alexandra-System-Product-Name', ip: '127.0.1.1', os.name: 'Linux', os.arch: 'amd64', os.version: '3.2.0-23-generic', java.version: '1.7.0_60'
Session ID: b1365c8c-f569-4511-aad1-b5857ad4d607
Driver info: org.openqa.selenium.firefox.FirefoxDriver
Capabilities [{platform=LINUX, acceptSslCerts=true, javascriptEnabled=true, cssSelectorsEnabled=true, databaseEnabled=true, browserName=firefox, handlesAlerts=true, browserConnectionEnabled=true, webStorageEnabled=true, nativeEvents=true, rotatable=false, locationContextEnabled=true, applicationCacheEnabled=true, takesScreenshot=true, version=29.0}]
122076 [main] INFO  m.Driver.MyWebDriverEventListener - WebDriver navigating to:'https://www.facebook.com/'
126692 [main] INFO  test.java.LogTest - >>>>>>>>>>@AfterMethod<<<<<<<<<
129736 [main] INFO  test.java.LogTest - ______________________________________class test.java.LogTest______________________________________
129737 [main] DEBUG main.Driver.WebDriverFactory - Requested driver: Capabilities [{browserName=firefox}]:null. Driver uses count = 8
129741 [main] DEBUG main.Driver.WebDriverFactory - getDriver: Current url: https://www.facebook.com/
129747 [main] INFO  m.Driver.MyWebDriverEventListener - WebDriver navigating to:'https://testun.com.ua/sys/sys/test_cookie_key'
129918 [main] INFO  m.Driver.MyWebDriverEventListener - WebDriver navigating to:'https://testun.com.ua/'
130654 [main] DEBUG m.Driver.MyWebDriverEventListener - Webdriver will click on element tag:a |id:  |text: ('English')
131305 [main] DEBUG m.Driver.MyWebDriverEventListener - hope Webdriver clicked on element tag:a |id:  |text: ('English')
131309 [main] INFO  test.java.LogTest - ------------------------waitForPageLoaded true
131383 [main] DEBUG m.Driver.MyWebDriverEventListener - Webdriver will click on element tag:a |id:  |text: ('Русский')
131650 [main] DEBUG m.Driver.MyWebDriverEventListener - hope Webdriver clicked on element tag:a |id:  |text: ('Русский')
132339 [main] INFO  test.java.LogTest - ------------------------waitForPageLoaded true
132354 [main] INFO  test.java.LogTest - _______________________Test = loginFromHeaderHangCreate_______________________
135423 [main] DEBUG m.Driver.MyWebDriverEventListener - Webdriver will click on element tag:a |id: js_header_singcreate |text: ('Создать видеовстречу')
135907 [main] DEBUG m.Driver.MyWebDriverEventListener - hope Webdriver clicked on element tag:a |id: js_header_singcreate |text: ('Создать видеовстречу')
135924 [main] INFO  test.java.LogTest - ------------------------waitForPageLoaded true
136007 [main] DEBUG m.Driver.MyWebDriverEventListener - Webdriver will click on element tag:a |id:  |text: ('войдите')
137673 [main] DEBUG m.Driver.MyWebDriverEventListener - hope Webdriver clicked on element tag:a |id:  |text: ('войдите')
137756 [main] DEBUG m.Driver.MyWebDriverEventListener - Webdriver will click on element tag:a |id:  |text: ('Вход через Facebook')
138468 [main] DEBUG m.Driver.MyWebDriverEventListener - hope Webdriver clicked on element tag:a |id:  |text: ('Вход через Facebook')
139404 [main] DEBUG m.Driver.MyWebDriverEventListener - WebDriver changing value in element found By.id: email from 'tag:input |id: email |text: ('')
140059 [main] DEBUG m.Driver.MyWebDriverEventListener - WebDriver changing value in element found By.id: email from 'tag:input |id: email |text: ('')
140160 [main] DEBUG m.Driver.MyWebDriverEventListener - WebDriver changing value in element found By.id: pass from 'tag:input |id: pass |text: ('')
140583 [main] DEBUG m.Driver.MyWebDriverEventListener - WebDriver changing value in element found By.id: pass from 'tag:input |id: pass |text: ('')
140628 [main] DEBUG m.Driver.MyWebDriverEventListener - Webdriver will click on element tag:input |id: u_0_1 |text: ('')
142276 [main] DEBUG m.Driver.MyWebDriverEventListener - hope Webdriver clicked on element tag:input |id: u_0_1 |text: ('')
142874 [main] ERROR test.java.LogTest - ------------------------> Ошибка на странице:"Tutorsband".Текст переменной:cebook_Message ***not defined***"
145892 [main] INFO  test.java.LogTest - ------------------------waitForPageLoaded true
148707 [main] DEBUG m.Driver.MyWebDriverEventListener - Webdriver will click on element tag:a |id: logout |text: ('Exit')
149184 [main] DEBUG m.Driver.MyWebDriverEventListener - hope Webdriver clicked on element tag:a |id: logout |text: ('Exit')
149193 [main] INFO  test.java.LogTest - ------------------------waitForPageLoaded false
150207 [main] INFO  test.java.LogTest - ------------------------waitForPageLoaded true
150217 [main] INFO  m.Driver.MyWebDriverEventListener - WebDriver navigating to:'https://www.facebook.com/'
153883 [main] INFO  test.java.LogTest - >>>>>>>>>>@AfterMethod<<<<<<<<<
156931 [main] INFO  test.java.LogTest - ______________________________________class test.java.LogTest______________________________________
156931 [main] DEBUG main.Driver.WebDriverFactory - Requested driver: Capabilities [{browserName=firefox}]:null. Driver uses count = 9
156935 [main] DEBUG main.Driver.WebDriverFactory - getDriver: Current url: https://www.facebook.com/
156939 [main] INFO  m.Driver.MyWebDriverEventListener - WebDriver navigating to:'https://testun.com.ua/sys/sys/test_cookie_key'
157107 [main] INFO  m.Driver.MyWebDriverEventListener - WebDriver navigating to:'https://testun.com.ua/'
157887 [main] DEBUG m.Driver.MyWebDriverEventListener - Webdriver will click on element tag:a |id:  |text: ('English')
158539 [main] DEBUG m.Driver.MyWebDriverEventListener - hope Webdriver clicked on element tag:a |id:  |text: ('English')
158544 [main] INFO  test.java.LogTest - ------------------------waitForPageLoaded true
158620 [main] DEBUG m.Driver.MyWebDriverEventListener - Webdriver will click on element tag:a |id:  |text: ('Русский')
158844 [main] DEBUG m.Driver.MyWebDriverEventListener - hope Webdriver clicked on element tag:a |id:  |text: ('Русский')
159525 [main] INFO  test.java.LogTest - ------------------------waitForPageLoaded true
159547 [main] INFO  test.java.LogTest - _______________________Test = loginFromChat_______________________
162557 [main] INFO  m.Driver.MyWebDriverEventListener - WebDriver navigating to:'https://testun.com.ua//chat'
163530 [main] DEBUG m.Driver.MyWebDriverEventListener - WebDriver changing value in element found By.id: login_email from 'tag:input |id: login_email |text: ('')
164142 [main] DEBUG m.Driver.MyWebDriverEventListener - WebDriver changing value in element found By.id: login_email from 'tag:input |id: login_email |text: ('')
164199 [main] DEBUG m.Driver.MyWebDriverEventListener - WebDriver changing value in element found By.id: login_password from 'tag:input |id: login_password |text: ('')
164849 [main] DEBUG m.Driver.MyWebDriverEventListener - WebDriver changing value in element found By.id: login_password from 'tag:input |id: login_password |text: ('')
165035 [main] DEBUG m.Driver.MyWebDriverEventListener - Webdriver will click on element tag:input |id: login_button |text: ('')
166737 [main] DEBUG m.Driver.MyWebDriverEventListener - hope Webdriver clicked on element tag:input |id: login_button |text: ('')
167861 [main] ERROR test.java.LogTest - ------------------------> Ошибка на странице:"Support - Chat".Текст переменной:cebook_Message ***not defined***"
167874 [main] INFO  test.java.LogTest - ------------------------waitForPageLoaded true
170231 [main] DEBUG m.Driver.MyWebDriverEventListener - Webdriver will click on element tag:a |id: logout |text: ('Exit')
170719 [main] DEBUG m.Driver.MyWebDriverEventListener - hope Webdriver clicked on element tag:a |id: logout |text: ('Exit')
170727 [main] INFO  test.java.LogTest - ------------------------waitForPageLoaded false
171245 [main] INFO  test.java.LogTest - ------------------------waitForPageLoaded true
181423 [main] INFO  test.java.LogTest - >>>>>>>>>>@AfterMethod<<<<<<<<<
184522 [main] ERROR test.java.LogTest - ------------------------> Ошибка на странице:"Pricing".Текст переменной:cebook_Message ***not defined***"
184523 [main] INFO  test.java.LogTest - ______________________________________class test.java.LogTest______________________________________
184523 [main] DEBUG main.Driver.WebDriverFactory - Requested driver: Capabilities [{browserName=firefox}]:null. Driver uses count = 10
184530 [main] DEBUG main.Driver.WebDriverFactory - getDriver: Current url: https://testun.com.ua/pricing
184537 [main] INFO  m.Driver.MyWebDriverEventListener - WebDriver navigating to:'https://testun.com.ua/sys/sys/test_cookie_key'
184756 [main] INFO  m.Driver.MyWebDriverEventListener - WebDriver navigating to:'https://testun.com.ua/'
188877 [main] ERROR m.Driver.MyWebDriverEventListener - ________________________________________________________________________________________________________________
188877 [main] ERROR m.Driver.MyWebDriverEventListener - WebDriver error: Element not found By.selector: .button.js_main_lang
188877 [main] ERROR m.Driver.MyWebDriverEventListener - ________________________________________________________________________________________________________________
188880 [main] INFO  test.java.LogTest - >>>>>>>>>>@AfterMethod<<<<<<<<<
191974 [main] ERROR test.java.LogTest - ------------------------> Ошибка на странице:"Petrikov Vasilii Ivanovich - Braincasts".Текст переменной:cebook_Message ***not defined***"
191975 [main] INFO  test.java.LogTest - >>>>>>>>>>@AfterMethod<<<<<<<<<
195079 [main] ERROR test.java.LogTest - ------------------------> Ошибка на странице:"Petrikov Vasilii Ivanovich - Braincasts".Текст переменной:cebook_Message ***not defined***"
195081 [main] INFO  test.java.LogTest - >>>>>>>>>>@AfterMethod<<<<<<<<<
198167 [main] ERROR test.java.LogTest - ------------------------> Ошибка на странице:"Petrikov Vasilii Ivanovich - Braincasts".Текст переменной:cebook_Message ***not defined***"
198169 [main] INFO  test.java.LogTest - >>>>>>>>>>@AfterMethod<<<<<<<<<
201269 [main] ERROR test.java.LogTest - ------------------------> Ошибка на странице:"Petrikov Vasilii Ivanovich - Braincasts".Текст переменной:cebook_Message ***not defined***"
201271 [main] INFO  test.java.LogTest - >>>>>>>>>>@AfterMethod<<<<<<<<<
204367 [main] ERROR test.java.LogTest - ------------------------> Ошибка на странице:"Petrikov Vasilii Ivanovich - Braincasts".Текст переменной:cebook_Message ***not defined***"
204370 [main] INFO  test.java.LogTest - >>>>>>>>>>@AfterMethod<<<<<<<<<
207552 [main] ERROR test.java.LogTest - ------------------------> Ошибка на странице:"Petrikov Vasilii Ivanovich - Braincasts".Текст переменной:cebook_Message ***not defined***"
207555 [main] INFO  test.java.LogTest - >>>>>>>>>>@AfterMethod<<<<<<<<<
210616 [main] ERROR test.java.LogTest - ------------------------> Ошибка на странице:"Tutorsband".Текст переменной:cebook_Message ***not defined***"
210617 [main] INFO  test.java.LogTest - >>>>>>>>>>@AfterMethod<<<<<<<<<
213690 [main] ERROR test.java.LogTest - ------------------------> Ошибка на странице:"Tutorsband".Текст переменной:cebook_Message ***not defined***"
213692 [main] INFO  test.java.LogTest - >>>>>>>>>>@AfterMethod<<<<<<<<<
216764 [main] ERROR test.java.LogTest - ------------------------> Ошибка на странице:"Tutorsband".Текст переменной:cebook_Message ***not defined***"
216765 [main] INFO  test.java.LogTest - >>>>>>>>>>@AfterMethod<<<<<<<<<
219842 [main] ERROR test.java.LogTest - ------------------------> Ошибка на странице:"Tutorsband".Текст переменной:cebook_Message ***not defined***"
219843 [main] INFO  test.java.LogTest - >>>>>>>>>>@AfterMethod<<<<<<<<<
222904 [main] ERROR test.java.LogTest - ------------------------> Ошибка на странице:"Tutorsband".Текст переменной:cebook_Message ***not defined***"
222905 [main] INFO  test.java.LogTest - >>>>>>>>>>@AfterMethod<<<<<<<<<
225975 [main] ERROR test.java.LogTest - ------------------------> Ошибка на странице:"Tutorsband".Текст переменной:cebook_Message ***not defined***"
225977 [main] INFO  test.java.LogTest - >>>>>>>>>>@AfterMethod<<<<<<<<<
229036 [main] ERROR test.java.LogTest - ------------------------> Ошибка на странице:"Tutorsband".Текст переменной:cebook_Message ***not defined***"
229038 [main] INFO  test.java.LogTest - >>>>>>>>>>@AfterMethod<<<<<<<<<
232113 [main] ERROR test.java.LogTest - ------------------------> Ошибка на странице:"Tutorsband".Текст переменной:cebook_Message ***not defined***"
232114 [main] INFO  test.java.LogTest - >>>>>>>>>>@AfterMethod<<<<<<<<<
235219 [main] ERROR test.java.LogTest - ------------------------> Ошибка на странице:"Tutorsband".Текст переменной:cebook_Message ***not defined***"
235221 [main] INFO  test.java.LogTest - >>>>>>>>>>@AfterMethod<<<<<<<<<
238270 [main] ERROR test.java.LogTest - ------------------------> Ошибка на странице:"Tutorsband".Текст переменной:cebook_Message ***not defined***"
238271 [main] INFO  test.java.LogTest - >>>>>>>>>>@AfterMethod<<<<<<<<<
241319 [main] ERROR test.java.LogTest - ------------------------> Ошибка на странице:"Tutorsband".Текст переменной:cebook_Message ***not defined***"
241320 [main] INFO  test.java.LogTest - >>>>>>>>>>@AfterMethod<<<<<<<<<
244374 [main] ERROR test.java.LogTest - ------------------------> Ошибка на странице:"Tutorsband".Текст переменной:cebook_Message ***not defined***"
244375 [main] INFO  test.java.LogTest - >>>>>>>>>>@AfterMethod<<<<<<<<<
247449 [main] ERROR test.java.LogTest - ------------------------> Ошибка на странице:"Tutorsband".Текст переменной:cebook_Message ***not defined***"
247564 [Thread-0] DEBUG main.Driver.WebDriverFactory - Killing driver 
345  [main] INFO  test.java.LogTest - ______________________________________class test.java.LogTest______________________________________
354  [main] DEBUG main.Driver.WebDriverFactory - Requested driver: Capabilities [{browserName=firefox}]:null. Driver uses count = 1
3376 [main] INFO  m.Driver.MyWebDriverEventListener - WebDriver navigating to:'https://testun.com.ua/sys/sys/test_cookie_key'
4045 [main] INFO  m.Driver.MyWebDriverEventListener - WebDriver navigating to:'https://testun.com.ua/'
5975 [main] DEBUG m.Driver.MyWebDriverEventListener - Webdriver will click on element tag:a |id:  |text: ('English')
8384 [main] DEBUG m.Driver.MyWebDriverEventListener - hope Webdriver clicked on element tag:a |id:  |text: ('English')
8512 [main] INFO  test.java.LogTest - ------------------------waitForPageLoaded true
8572 [main] DEBUG m.Driver.MyWebDriverEventListener - Webdriver will click on element tag:a |id:  |text: ('Русский')
8801 [main] DEBUG m.Driver.MyWebDriverEventListener - hope Webdriver clicked on element tag:a |id:  |text: ('Русский')
9374 [main] INFO  test.java.LogTest - ------------------------waitForPageLoaded true
9388 [main] INFO  test.java.LogTest - _______________________Test = loginFromChat_______________________
12398 [main] INFO  m.Driver.MyWebDriverEventListener - WebDriver navigating to:'https://testun.com.ua//chat'
13129 [main] DEBUG m.Driver.MyWebDriverEventListener - WebDriver changing value in element found By.id: login_email from 'tag:input |id: login_email |text: ('')
14366 [main] DEBUG m.Driver.MyWebDriverEventListener - WebDriver changing value in element found By.id: login_email from 'tag:input |id: login_email |text: ('')
14446 [main] DEBUG m.Driver.MyWebDriverEventListener - WebDriver changing value in element found By.id: login_password from 'tag:input |id: login_password |text: ('')
15071 [main] DEBUG m.Driver.MyWebDriverEventListener - WebDriver changing value in element found By.id: login_password from 'tag:input |id: login_password |text: ('')
15149 [main] DEBUG m.Driver.MyWebDriverEventListener - Webdriver will click on element tag:input |id: login_button |text: ('')
16638 [main] DEBUG m.Driver.MyWebDriverEventListener - hope Webdriver clicked on element tag:input |id: login_button |text: ('')
17654 [main] ERROR test.java.LogTest - ------------------------> Ошибка на странице:"Support - Chat".Текст переменной:cebook_Message ***not defined***"
17672 [main] INFO  test.java.LogTest - ------------------------waitForPageLoaded true
20684 [main] DEBUG m.Driver.MyWebDriverEventListener - Webdriver will click on element tag:a |id: logout |text: ('Exit')
21277 [main] DEBUG m.Driver.MyWebDriverEventListener - hope Webdriver clicked on element tag:a |id: logout |text: ('Exit')
22016 [main] INFO  test.java.LogTest - ------------------------waitForPageLoaded true
22033 [main] INFO  test.java.LogTest - >>>>>>>>>>@AfterMethod<<<<<<<<<
25092 [main] ERROR test.java.LogTest - ------------------------> Ошибка на странице:"Tutorsband".Текст переменной:cebook_Message ***not defined***"
25136 [Thread-0] DEBUG main.Driver.WebDriverFactory - Killing driver 
27225 [Thread-0] ERROR m.Driver.MyWebDriverEventListener - ________________________________________________________________________________________________________________
27235 [Thread-0] ERROR m.Driver.MyWebDriverEventListener - WebDriver error:
org.openqa.selenium.remote.UnreachableBrowserException: Error communicating with the remote browser. It may have died.
Build info: version: '2.42.2', revision: '6a6995d', time: '2014-06-03 17:42:03'
System info: host: 'alexandra-System-Product-Name', ip: '127.0.1.1', os.name: 'Linux', os.arch: 'amd64', os.version: '3.2.0-23-generic', java.version: '1.7.0_60'
Driver info: driver.version: EventFiringWebDriver
	at org.openqa.selenium.remote.RemoteWebDriver.execute(RemoteWebDriver.java:593) ~[selenium-server-standalone-2.42.2.jar:na]
	at org.openqa.selenium.remote.RemoteWebDriver.execute(RemoteWebDriver.java:614) ~[selenium-server-standalone-2.42.2.jar:na]
	at org.openqa.selenium.remote.RemoteWebDriver.quit(RemoteWebDriver.java:468) ~[selenium-server-standalone-2.42.2.jar:na]
	at sun.reflect.NativeMethodAccessorImpl.invoke0(Native Method) ~[na:1.7.0_60]
	at sun.reflect.NativeMethodAccessorImpl.invoke(NativeMethodAccessorImpl.java:57) ~[na:1.7.0_60]
	at sun.reflect.DelegatingMethodAccessorImpl.invoke(DelegatingMethodAccessorImpl.java:43) ~[na:1.7.0_60]
	at java.lang.reflect.Method.invoke(Method.java:606) ~[na:1.7.0_60]
	at org.openqa.selenium.support.events.EventFiringWebDriver$2.invoke(EventFiringWebDriver.java:101) ~[selenium-server-standalone-2.42.2.jar:na]
	at com.sun.proxy.$Proxy10.quit(Unknown Source) ~[na:na]
	at org.openqa.selenium.support.events.EventFiringWebDriver.quit(EventFiringWebDriver.java:198) ~[selenium-server-standalone-2.42.2.jar:na]
	at main.Driver.WebDriverFactory.dismissDriver(WebDriverFactory.java:98) ~[classes/:na]
	at main.Driver.WebDriverFactory$1.run(WebDriverFactory.java:164) ~[classes/:na]
Caused by: org.apache.http.NoHttpResponseException: The target server failed to respond
	at org.apache.http.impl.conn.DefaultHttpResponseParser.parseHead(DefaultHttpResponseParser.java:143) ~[selenium-server-standalone-2.42.2.jar:na]
	at org.apache.http.impl.conn.DefaultHttpResponseParser.parseHead(DefaultHttpResponseParser.java:57) ~[selenium-server-standalone-2.42.2.jar:na]
	at org.apache.http.impl.io.AbstractMessageParser.parse(AbstractMessageParser.java:260) ~[selenium-server-standalone-2.42.2.jar:na]
	at org.apache.http.impl.DefaultBHttpClientConnection.receiveResponseHeader(DefaultBHttpClientConnection.java:161) ~[selenium-server-standalone-2.42.2.jar:na]
	at sun.reflect.GeneratedMethodAccessor7.invoke(Unknown Source) ~[na:na]
	at sun.reflect.DelegatingMethodAccessorImpl.invoke(DelegatingMethodAccessorImpl.java:43) ~[na:1.7.0_60]
	at java.lang.reflect.Method.invoke(Method.java:606) ~[na:1.7.0_60]
	at org.apache.http.impl.conn.CPoolProxy.invoke(CPoolProxy.java:138) ~[selenium-server-standalone-2.42.2.jar:na]
	at com.sun.proxy.$Proxy7.receiveResponseHeader(Unknown Source) ~[na:na]
	at org.apache.http.protocol.HttpRequestExecutor.doReceiveResponse(HttpRequestExecutor.java:271) ~[selenium-server-standalone-2.42.2.jar:na]
	at org.apache.http.protocol.HttpRequestExecutor.execute(HttpRequestExecutor.java:123) ~[selenium-server-standalone-2.42.2.jar:na]
	at org.apache.http.impl.execchain.MainClientExec.execute(MainClientExec.java:254) ~[selenium-server-standalone-2.42.2.jar:na]
	at org.apache.http.impl.execchain.ProtocolExec.execute(ProtocolExec.java:195) ~[selenium-server-standalone-2.42.2.jar:na]
	at org.apache.http.impl.execchain.RetryExec.execute(RetryExec.java:85) ~[selenium-server-standalone-2.42.2.jar:na]
	at org.apache.http.impl.execchain.RedirectExec.execute(RedirectExec.java:108) ~[selenium-server-standalone-2.42.2.jar:na]
	at org.apache.http.impl.client.InternalHttpClient.doExecute(InternalHttpClient.java:186) ~[selenium-server-standalone-2.42.2.jar:na]
	at org.apache.http.impl.client.CloseableHttpClient.execute(CloseableHttpClient.java:72) ~[selenium-server-standalone-2.42.2.jar:na]
	at org.apache.http.impl.client.CloseableHttpClient.execute(CloseableHttpClient.java:57) ~[selenium-server-standalone-2.42.2.jar:na]
	at org.openqa.selenium.remote.HttpCommandExecutor.fallBackExecute(HttpCommandExecutor.java:222) ~[selenium-server-standalone-2.42.2.jar:na]
	at org.openqa.selenium.remote.HttpCommandExecutor.execute(HttpCommandExecutor.java:173) ~[selenium-server-standalone-2.42.2.jar:na]
	at org.openqa.selenium.firefox.internal.NewProfileExtensionConnection.execute(NewProfileExtensionConnection.java:165) ~[selenium-server-standalone-2.42.2.jar:na]
	at org.openqa.selenium.firefox.FirefoxDriver$LazyCommandExecutor.execute(FirefoxDriver.java:362) ~[selenium-server-standalone-2.42.2.jar:na]
	at org.openqa.selenium.remote.RemoteWebDriver.execute(RemoteWebDriver.java:572) ~[selenium-server-standalone-2.42.2.jar:na]
	... 11 common frames omitted
27236 [Thread-0] ERROR m.Driver.MyWebDriverEventListener - ________________________________________________________________________________________________________________
27237 [Thread-0] WARN  main.Driver.WebDriverFactory - Driver killing error
org.openqa.selenium.remote.SessionNotFoundException: The FirefoxDriver cannot be used after quit() was called.
Build info: version: '2.42.2', revision: '6a6995d', time: '2014-06-03 17:42:03'
System info: host: 'alexandra-System-Product-Name', ip: '127.0.1.1', os.name: 'Linux', os.arch: 'amd64', os.version: '3.2.0-23-generic', java.version: '1.7.0_60'
Driver info: driver.version: EventFiringWebDriver
	at org.openqa.selenium.firefox.FirefoxDriver$LazyCommandExecutor.execute(FirefoxDriver.java:359) ~[selenium-server-standalone-2.42.2.jar:na]
	at org.openqa.selenium.remote.RemoteWebDriver.execute(RemoteWebDriver.java:572) ~[selenium-server-standalone-2.42.2.jar:na]
	at org.openqa.selenium.remote.RemoteWebDriver.executeScript(RemoteWebDriver.java:508) ~[selenium-server-standalone-2.42.2.jar:na]
	at main.Driver.MyWebDriverEventListener.onException(MyWebDriverEventListener.java:65) ~[classes/:na]
	at sun.reflect.NativeMethodAccessorImpl.invoke0(Native Method) ~[na:1.7.0_60]
	at sun.reflect.NativeMethodAccessorImpl.invoke(NativeMethodAccessorImpl.java:57) ~[na:1.7.0_60]
	at sun.reflect.DelegatingMethodAccessorImpl.invoke(DelegatingMethodAccessorImpl.java:43) ~[na:1.7.0_60]
	at java.lang.reflect.Method.invoke(Method.java:606) ~[na:1.7.0_60]
	at org.openqa.selenium.support.events.EventFiringWebDriver$1.invoke(EventFiringWebDriver.java:78) ~[selenium-server-standalone-2.42.2.jar:na]
	at com.sun.proxy.$Proxy9.onException(Unknown Source) ~[na:na]
	at org.openqa.selenium.support.events.EventFiringWebDriver$2.invoke(EventFiringWebDriver.java:103) ~[selenium-server-standalone-2.42.2.jar:na]
	at com.sun.proxy.$Proxy10.quit(Unknown Source) ~[na:na]
	at org.openqa.selenium.support.events.EventFiringWebDriver.quit(EventFiringWebDriver.java:198) ~[selenium-server-standalone-2.42.2.jar:na]
	at main.Driver.WebDriverFactory.dismissDriver(WebDriverFactory.java:98) ~[classes/:na]
	at main.Driver.WebDriverFactory$1.run(WebDriverFactory.java:164) [classes/:na]
325  [main] INFO  test.java.LogTest - ______________________________________class test.java.LogTest______________________________________
341  [main] DEBUG main.Driver.WebDriverFactory - Requested driver: Capabilities [{browserName=firefox}]:null. Driver uses count = 1
3627 [main] INFO  m.Driver.MyWebDriverEventListener - WebDriver navigating to:'https://testun.com.ua/sys/sys/test_cookie_key'
4382 [main] INFO  m.Driver.MyWebDriverEventListener - WebDriver navigating to:'https://testun.com.ua/'
7839 [main] DEBUG m.Driver.MyWebDriverEventListener - Webdriver will click on element tag:a |id:  |text: ('English')
10224 [main] DEBUG m.Driver.MyWebDriverEventListener - hope Webdriver clicked on element tag:a |id:  |text: ('English')
10230 [main] INFO  test.java.LogTest - ------------------------waitForPageLoaded true
10298 [main] DEBUG m.Driver.MyWebDriverEventListener - Webdriver will click on element tag:a |id:  |text: ('Русский')
10524 [main] DEBUG m.Driver.MyWebDriverEventListener - hope Webdriver clicked on element tag:a |id:  |text: ('Русский')
11102 [main] INFO  test.java.LogTest - ------------------------waitForPageLoaded true
11115 [main] INFO  test.java.LogTest - _______________________________Test = googleValidLogin()_______________________________
14124 [main] INFO  m.Driver.MyWebDriverEventListener - WebDriver navigating to:'https://accounts.google.com'
14487 [main] INFO  m.Driver.MyWebDriverEventListener - WebDriver navigating to:'https://accounts.google.com'
17821 [main] DEBUG m.Driver.MyWebDriverEventListener - WebDriver changing value in element found By.id: Passwd from 'tag:input |id: Passwd |text: ('')
18382 [main] DEBUG m.Driver.MyWebDriverEventListener - WebDriver changing value in element found By.id: Passwd from 'tag:input |id: Passwd |text: ('')
18430 [main] DEBUG m.Driver.MyWebDriverEventListener - WebDriver changing value in element found By.id: Email from 'tag:input |id: Email |text: ('')
19548 [main] DEBUG m.Driver.MyWebDriverEventListener - WebDriver changing value in element found By.id: Email from 'tag:input |id: Email |text: ('')
19621 [main] DEBUG m.Driver.MyWebDriverEventListener - Webdriver will click on element tag:input |id: signIn |text: ('')
20784 [main] DEBUG m.Driver.MyWebDriverEventListener - hope Webdriver clicked on element tag:input |id: signIn |text: ('')
21284 [main] INFO  m.Driver.MyWebDriverEventListener - WebDriver navigating to:'https://testun.com.ua/'
22029 [main] DEBUG m.Driver.MyWebDriverEventListener - Webdriver will click on element tag:a |id: js_header_signin |text: ('Войти')
23862 [main] DEBUG m.Driver.MyWebDriverEventListener - hope Webdriver clicked on element tag:a |id: js_header_signin |text: ('Войти')
23869 [main] INFO  test.java.LogTest - ------------------------waitForPageLoaded true
23929 [main] DEBUG m.Driver.MyWebDriverEventListener - Webdriver will click on element tag:a |id:  |text: ('Вход через Google')
25236 [main] DEBUG m.Driver.MyWebDriverEventListener - hope Webdriver clicked on element tag:a |id:  |text: ('Вход через Google')
28352 [main] INFO  test.java.LogTest - ------------------------waitForPageLoaded true
30047 [main] DEBUG m.Driver.MyWebDriverEventListener - Webdriver will click on element tag:a |id: logout |text: ('Exit')
30524 [main] DEBUG m.Driver.MyWebDriverEventListener - hope Webdriver clicked on element tag:a |id: logout |text: ('Exit')
30533 [main] INFO  test.java.LogTest - ------------------------waitForPageLoaded false
31347 [main] INFO  test.java.LogTest - ------------------------waitForPageLoaded true
31356 [main] INFO  m.Driver.MyWebDriverEventListener - WebDriver navigating to:'https://accounts.google.com'
32892 [main] INFO  test.java.LogTest - >>>>>>>>>>@AfterMethod<<<<<<<<<
35906 [main] ERROR test.java.LogTest - ----------------------------------------------------------------------js error----------------------------------------------------------------------
35906 [main] ERROR test.java.LogTest - javascript error 1.SyntaxError: Using //@ to indicate sourceURL pragmas is deprecated. Use //# instead [https://www.google.com/settings/_/scs/ac-static/_/js/k=ac.s2.ru.Wxp-0ULavEk.O/m=b2,s2_p/am=CAAQ/rt=j/d=1/rs=AD6RtdOj4NMoiB1x8yB11sl3D6gCCoO9tg:119]
35906 [main] ERROR test.java.LogTest - ----------------------------------------------------------------------js error----------------------------------------------------------------------
35929 [main] INFO  test.java.LogTest - ______________________________________class test.java.LogTest______________________________________
35929 [main] DEBUG main.Driver.WebDriverFactory - Requested driver: Capabilities [{browserName=firefox}]:null. Driver uses count = 2
35933 [main] DEBUG main.Driver.WebDriverFactory - getDriver: Current url: https://accounts.google.com/ServiceLogin?passive=1209600&continue=https://www.google.com/settings/personalinfo&followup=https://www.google.com/settings/personalinfo
35937 [main] INFO  m.Driver.MyWebDriverEventListener - WebDriver navigating to:'https://testun.com.ua/sys/sys/test_cookie_key'
36106 [main] INFO  m.Driver.MyWebDriverEventListener - WebDriver navigating to:'https://testun.com.ua/'
37008 [main] DEBUG m.Driver.MyWebDriverEventListener - Webdriver will click on element tag:a |id:  |text: ('English')
37655 [main] DEBUG m.Driver.MyWebDriverEventListener - hope Webdriver clicked on element tag:a |id:  |text: ('English')
37671 [main] INFO  test.java.LogTest - ------------------------waitForPageLoaded true
37793 [main] DEBUG m.Driver.MyWebDriverEventListener - Webdriver will click on element tag:a |id:  |text: ('Русский')
38016 [main] DEBUG m.Driver.MyWebDriverEventListener - hope Webdriver clicked on element tag:a |id:  |text: ('Русский')
38689 [main] INFO  test.java.LogTest - ------------------------waitForPageLoaded true
38706 [main] INFO  test.java.LogTest - _______________________Test = googleValidLoginPopup_______________________
41760 [main] DEBUG m.Driver.MyWebDriverEventListener - Webdriver will click on element tag:a |id: js_header_signin |text: ('Войти')
42470 [main] DEBUG m.Driver.MyWebDriverEventListener - hope Webdriver clicked on element tag:a |id: js_header_signin |text: ('Войти')
42475 [main] INFO  test.java.LogTest - ------------------------waitForPageLoaded true
42568 [main] DEBUG m.Driver.MyWebDriverEventListener - Webdriver will click on element tag:a |id:  |text: ('Вход через Google')
44154 [main] DEBUG m.Driver.MyWebDriverEventListener - hope Webdriver clicked on element tag:a |id:  |text: ('Вход через Google')
45034 [main] DEBUG m.Driver.MyWebDriverEventListener - WebDriver changing value in element found By.id: Passwd from 'tag:input |id: Passwd |text: ('')
45570 [main] DEBUG m.Driver.MyWebDriverEventListener - WebDriver changing value in element found By.id: Passwd from 'tag:input |id: Passwd |text: ('')
45609 [main] DEBUG m.Driver.MyWebDriverEventListener - WebDriver changing value in element found By.id: Email from 'tag:input |id: Email |text: ('')
46231 [main] DEBUG m.Driver.MyWebDriverEventListener - WebDriver changing value in element found By.id: Email from 'tag:input |id: Email |text: ('')
46280 [main] DEBUG m.Driver.MyWebDriverEventListener - Webdriver will click on element tag:input |id: signIn |text: ('')
48010 [main] DEBUG m.Driver.MyWebDriverEventListener - hope Webdriver clicked on element tag:input |id: signIn |text: ('')
50236 [main] INFO  test.java.LogTest - ------------------------waitForPageLoaded true
53192 [main] DEBUG m.Driver.MyWebDriverEventListener - Webdriver will click on element tag:a |id: logout |text: ('Exit')
53669 [main] DEBUG m.Driver.MyWebDriverEventListener - hope Webdriver clicked on element tag:a |id: logout |text: ('Exit')
53678 [main] INFO  test.java.LogTest - ------------------------waitForPageLoaded false
54523 [main] INFO  test.java.LogTest - ------------------------waitForPageLoaded true
54530 [main] INFO  m.Driver.MyWebDriverEventListener - WebDriver navigating to:'https://accounts.google.com'
56006 [main] INFO  test.java.LogTest - >>>>>>>>>>@AfterMethod<<<<<<<<<
59018 [main] ERROR test.java.LogTest - ----------------------------------------------------------------------js error----------------------------------------------------------------------
59018 [main] ERROR test.java.LogTest - javascript error 1.SyntaxError: Using //@ to indicate sourceURL pragmas is deprecated. Use //# instead [https://www.google.com/settings/_/scs/ac-static/_/js/k=ac.s2.ru.Wxp-0ULavEk.O/m=b2,s2_p/am=CAAQ/rt=j/d=1/rs=AD6RtdOj4NMoiB1x8yB11sl3D6gCCoO9tg:119]
59018 [main] ERROR test.java.LogTest - ----------------------------------------------------------------------js error----------------------------------------------------------------------
59052 [main] INFO  test.java.LogTest - ______________________________________class test.java.LogTest______________________________________
59053 [main] DEBUG main.Driver.WebDriverFactory - Requested driver: Capabilities [{browserName=firefox}]:null. Driver uses count = 3
59057 [main] DEBUG main.Driver.WebDriverFactory - getDriver: Current url: https://accounts.google.com/ServiceLogin?passive=1209600&continue=https://www.google.com/settings/personalinfo&followup=https://www.google.com/settings/personalinfo
59061 [main] INFO  m.Driver.MyWebDriverEventListener - WebDriver navigating to:'https://testun.com.ua/sys/sys/test_cookie_key'
59224 [main] INFO  m.Driver.MyWebDriverEventListener - WebDriver navigating to:'https://testun.com.ua/'
60128 [main] DEBUG m.Driver.MyWebDriverEventListener - Webdriver will click on element tag:a |id:  |text: ('English')
60778 [main] DEBUG m.Driver.MyWebDriverEventListener - hope Webdriver clicked on element tag:a |id:  |text: ('English')
60792 [main] INFO  test.java.LogTest - ------------------------waitForPageLoaded true
60867 [main] DEBUG m.Driver.MyWebDriverEventListener - Webdriver will click on element tag:a |id:  |text: ('Русский')
61099 [main] DEBUG m.Driver.MyWebDriverEventListener - hope Webdriver clicked on element tag:a |id:  |text: ('Русский')
61778 [main] INFO  test.java.LogTest - ------------------------waitForPageLoaded true
61788 [main] INFO  test.java.LogTest - _______________________Test = invalidLoginNoEmail_______________________
61851 [main] DEBUG m.Driver.MyWebDriverEventListener - Webdriver will click on element tag:a |id: js_header_signin |text: ('Войти')
62662 [main] DEBUG m.Driver.MyWebDriverEventListener - hope Webdriver clicked on element tag:a |id: js_header_signin |text: ('Войти')
62667 [main] INFO  test.java.LogTest - ------------------------waitForPageLoaded true
62852 [main] DEBUG m.Driver.MyWebDriverEventListener - WebDriver changing value in element found By.id: login_email from 'tag:input |id: login_email |text: ('')
62916 [main] DEBUG m.Driver.MyWebDriverEventListener - WebDriver changing value in element found By.id: login_email from 'tag:input |id: login_email |text: ('')
62965 [main] DEBUG m.Driver.MyWebDriverEventListener - WebDriver changing value in element found By.id: login_password from 'tag:input |id: login_password |text: ('')
63595 [main] DEBUG m.Driver.MyWebDriverEventListener - WebDriver changing value in element found By.id: login_password from 'tag:input |id: login_password |text: ('')
63750 [main] DEBUG m.Driver.MyWebDriverEventListener - Webdriver will click on element tag:input |id: login_button |text: ('')
65888 [main] DEBUG m.Driver.MyWebDriverEventListener - hope Webdriver clicked on element tag:input |id: login_button |text: ('')
66046 [main] ERROR test.java.LogTest - ------------------------> Ошибка на странице:"Tutorsband".Текст переменной:cebook_Message ***not defined***"
66082 [main] INFO  test.java.LogTest - >>>>>>>>>>@AfterMethod<<<<<<<<<
69155 [main] ERROR test.java.LogTest - ------------------------> Ошибка на странице:"Tutorsband".Текст переменной:cebook_Message ***not defined***"
69156 [main] INFO  test.java.LogTest - ______________________________________class test.java.LogTest______________________________________
69156 [main] DEBUG main.Driver.WebDriverFactory - Requested driver: Capabilities [{browserName=firefox}]:null. Driver uses count = 4
69160 [main] DEBUG main.Driver.WebDriverFactory - getDriver: Current url: https://testun.com.ua/#signin
69163 [main] INFO  m.Driver.MyWebDriverEventListener - WebDriver navigating to:'https://testun.com.ua/sys/sys/test_cookie_key'
69285 [main] INFO  m.Driver.MyWebDriverEventListener - WebDriver navigating to:'https://testun.com.ua/'
70019 [main] INFO  test.java.LogTest - _______________________Test = invalidLoginNoPass_______________________
70067 [main] DEBUG m.Driver.MyWebDriverEventListener - Webdriver will click on element tag:a |id: js_header_signin |text: ('Войти')
72302 [main] DEBUG m.Driver.MyWebDriverEventListener - hope Webdriver clicked on element tag:a |id: js_header_signin |text: ('Войти')
72363 [main] INFO  test.java.LogTest - ------------------------waitForPageLoaded true
72419 [main] DEBUG m.Driver.MyWebDriverEventListener - WebDriver changing value in element found By.id: login_email from 'tag:input |id: login_email |text: ('')
73104 [main] DEBUG m.Driver.MyWebDriverEventListener - WebDriver changing value in element found By.id: login_email from 'tag:input |id: login_email |text: ('')
73222 [main] DEBUG m.Driver.MyWebDriverEventListener - WebDriver changing value in element found By.id: login_password from 'tag:input |id: login_password |text: ('')
73276 [main] DEBUG m.Driver.MyWebDriverEventListener - WebDriver changing value in element found By.id: login_password from 'tag:input |id: login_password |text: ('')
73343 [main] DEBUG m.Driver.MyWebDriverEventListener - Webdriver will click on element tag:input |id: login_button |text: ('')
75475 [main] DEBUG m.Driver.MyWebDriverEventListener - hope Webdriver clicked on element tag:input |id: login_button |text: ('')
76018 [main] INFO  test.java.LogTest - >>>>>>>>>>@AfterMethod<<<<<<<<<
79096 [main] ERROR test.java.LogTest - ------------------------> Ошибка на странице:"Tutorsband".Текст переменной:cebook_Message ***not defined***"
79097 [main] INFO  test.java.LogTest - ______________________________________class test.java.LogTest______________________________________
79097 [main] DEBUG main.Driver.WebDriverFactory - Requested driver: Capabilities [{browserName=firefox}]:null. Driver uses count = 5
79101 [main] DEBUG main.Driver.WebDriverFactory - getDriver: Current url: https://testun.com.ua/#signin
79105 [main] INFO  m.Driver.MyWebDriverEventListener - WebDriver navigating to:'https://testun.com.ua/sys/sys/test_cookie_key'
79206 [main] INFO  m.Driver.MyWebDriverEventListener - WebDriver navigating to:'https://testun.com.ua/'
79995 [main] INFO  test.java.LogTest - _______________________Test = invalidLoginWrongEmail_______________________
80041 [main] DEBUG m.Driver.MyWebDriverEventListener - Webdriver will click on element tag:a |id: js_header_signin |text: ('Войти')
82238 [main] DEBUG m.Driver.MyWebDriverEventListener - hope Webdriver clicked on element tag:a |id: js_header_signin |text: ('Войти')
82245 [main] INFO  test.java.LogTest - ------------------------waitForPageLoaded true
82303 [main] DEBUG m.Driver.MyWebDriverEventListener - WebDriver changing value in element found By.id: login_email from 'tag:input |id: login_email |text: ('')
82602 [main] DEBUG m.Driver.MyWebDriverEventListener - WebDriver changing value in element found By.id: login_email from 'tag:input |id: login_email |text: ('')
82648 [main] DEBUG m.Driver.MyWebDriverEventListener - WebDriver changing value in element found By.id: login_password from 'tag:input |id: login_password |text: ('')
83265 [main] DEBUG m.Driver.MyWebDriverEventListener - WebDriver changing value in element found By.id: login_password from 'tag:input |id: login_password |text: ('')
83370 [main] DEBUG m.Driver.MyWebDriverEventListener - Webdriver will click on element tag:input |id: login_button |text: ('')
85573 [main] DEBUG m.Driver.MyWebDriverEventListener - hope Webdriver clicked on element tag:input |id: login_button |text: ('')
85627 [main] INFO  test.java.LogTest - >>>>>>>>>>@AfterMethod<<<<<<<<<
88701 [main] ERROR test.java.LogTest - ------------------------> Ошибка на странице:"Tutorsband".Текст переменной:cebook_Message ***not defined***"
88702 [main] INFO  test.java.LogTest - ______________________________________class test.java.LogTest______________________________________
88702 [main] DEBUG main.Driver.WebDriverFactory - Requested driver: Capabilities [{browserName=firefox}]:null. Driver uses count = 6
88705 [main] DEBUG main.Driver.WebDriverFactory - getDriver: Current url: https://testun.com.ua/#signin
88709 [main] INFO  m.Driver.MyWebDriverEventListener - WebDriver navigating to:'https://testun.com.ua/sys/sys/test_cookie_key'
88824 [main] INFO  m.Driver.MyWebDriverEventListener - WebDriver navigating to:'https://testun.com.ua/'
89589 [main] INFO  test.java.LogTest - _______________________Test = invalidLoginWrongPass_______________________
89649 [main] DEBUG m.Driver.MyWebDriverEventListener - Webdriver will click on element tag:a |id: js_header_signin |text: ('Войти')
91850 [main] DEBUG m.Driver.MyWebDriverEventListener - hope Webdriver clicked on element tag:a |id: js_header_signin |text: ('Войти')
91854 [main] INFO  test.java.LogTest - ------------------------waitForPageLoaded true
91985 [main] DEBUG m.Driver.MyWebDriverEventListener - WebDriver changing value in element found By.id: login_email from 'tag:input |id: login_email |text: ('')
92582 [main] DEBUG m.Driver.MyWebDriverEventListener - WebDriver changing value in element found By.id: login_email from 'tag:input |id: login_email |text: ('')
92625 [main] DEBUG m.Driver.MyWebDriverEventListener - WebDriver changing value in element found By.id: login_password from 'tag:input |id: login_password |text: ('')
92937 [main] DEBUG m.Driver.MyWebDriverEventListener - WebDriver changing value in element found By.id: login_password from 'tag:input |id: login_password |text: ('')
92988 [main] DEBUG m.Driver.MyWebDriverEventListener - Webdriver will click on element tag:input |id: login_button |text: ('')
95222 [main] DEBUG m.Driver.MyWebDriverEventListener - hope Webdriver clicked on element tag:input |id: login_button |text: ('')
95368 [main] INFO  test.java.LogTest - >>>>>>>>>>@AfterMethod<<<<<<<<<
98431 [main] ERROR test.java.LogTest - ------------------------> Ошибка на странице:"Tutorsband".Текст переменной:cebook_Message ***not defined***"
98431 [main] INFO  test.java.LogTest - ______________________________________class test.java.LogTest______________________________________
98431 [main] DEBUG main.Driver.WebDriverFactory - Requested driver: Capabilities [{browserName=firefox}]:null. Driver uses count = 7
98443 [main] DEBUG main.Driver.WebDriverFactory - getDriver: Current url: https://testun.com.ua/#signin
98448 [main] INFO  m.Driver.MyWebDriverEventListener - WebDriver navigating to:'https://testun.com.ua/sys/sys/test_cookie_key'
98558 [main] INFO  m.Driver.MyWebDriverEventListener - WebDriver navigating to:'https://testun.com.ua/'
99361 [main] INFO  test.java.LogTest - _______________________Test = loginFBHangoutPopup_______________________
102368 [main] INFO  m.Driver.MyWebDriverEventListener - WebDriver navigating to:'https://testun.com.ua//search'
103530 [main] DEBUG m.Driver.MyWebDriverEventListener - Webdriver will click on element tag:a |id:  |text: ('Проходит сейчас
Сегодня в 12:58
sd
Евгений Степанец
1
Бесплатно')
104686 [main] DEBUG m.Driver.MyWebDriverEventListener - hope Webdriver clicked on element tag:a |id:  |text: ('Проходит сейчас
Сегодня в 12:58
sd
Евгений Степанец
1
Бесплатно')
105111 [main] ERROR test.java.LogTest - ------------------------> Ошибка на странице:"Видеовстреча "sd"".Текст переменной:cebook_Message ***not defined***"
105169 [main] DEBUG m.Driver.MyWebDriverEventListener - Webdriver will click on element tag:a |id: original_subscribe |text: ('Принять участие')
105930 [main] DEBUG m.Driver.MyWebDriverEventListener - hope Webdriver clicked on element tag:a |id: original_subscribe |text: ('Принять участие')
106020 [main] DEBUG m.Driver.MyWebDriverEventListener - Webdriver will click on element tag:a |id:  |text: ('войдите')
107332 [main] DEBUG m.Driver.MyWebDriverEventListener - hope Webdriver clicked on element tag:a |id:  |text: ('войдите')
107459 [main] DEBUG m.Driver.MyWebDriverEventListener - Webdriver will click on element tag:a |id:  |text: ('Вход через Facebook')
108216 [main] DEBUG m.Driver.MyWebDriverEventListener - hope Webdriver clicked on element tag:a |id:  |text: ('Вход через Facebook')
109992 [main] DEBUG m.Driver.MyWebDriverEventListener - WebDriver changing value in element found By.id: email from 'tag:input |id: email |text: ('')
110657 [main] DEBUG m.Driver.MyWebDriverEventListener - WebDriver changing value in element found By.id: email from 'tag:input |id: email |text: ('')
110715 [main] DEBUG m.Driver.MyWebDriverEventListener - WebDriver changing value in element found By.id: pass from 'tag:input |id: pass |text: ('')
111154 [main] DEBUG m.Driver.MyWebDriverEventListener - WebDriver changing value in element found By.id: pass from 'tag:input |id: pass |text: ('')
111228 [main] DEBUG m.Driver.MyWebDriverEventListener - Webdriver will click on element tag:input |id: u_0_1 |text: ('')
112912 [main] DEBUG m.Driver.MyWebDriverEventListener - hope Webdriver clicked on element tag:input |id: u_0_1 |text: ('')
115220 [main] INFO  test.java.LogTest - ------------------------waitForPageLoaded true
115227 [main] INFO  test.java.LogTest - Assert that user Vaska Ivanov takes part in conference
115246 [main] INFO  test.java.LogTest - ------------------------waitForPageLoaded true
118091 [main] DEBUG m.Driver.MyWebDriverEventListener - Webdriver will click on element tag:a |id: logout |text: ('Exit')
118565 [main] DEBUG m.Driver.MyWebDriverEventListener - hope Webdriver clicked on element tag:a |id: logout |text: ('Exit')
118570 [main] INFO  test.java.LogTest - ------------------------waitForPageLoaded false
119404 [main] INFO  test.java.LogTest - ------------------------waitForPageLoaded true
119424 [main] INFO  m.Driver.MyWebDriverEventListener - WebDriver navigating to:'https://www.facebook.com/'
124579 [main] INFO  test.java.LogTest - >>>>>>>>>>@AfterMethod<<<<<<<<<
127621 [main] INFO  test.java.LogTest - ______________________________________class test.java.LogTest______________________________________
127621 [main] DEBUG main.Driver.WebDriverFactory - Requested driver: Capabilities [{browserName=firefox}]:null. Driver uses count = 8
127629 [main] DEBUG main.Driver.WebDriverFactory - getDriver: Current url: https://www.facebook.com/
127635 [main] INFO  m.Driver.MyWebDriverEventListener - WebDriver navigating to:'https://testun.com.ua/sys/sys/test_cookie_key'
127817 [main] INFO  m.Driver.MyWebDriverEventListener - WebDriver navigating to:'https://testun.com.ua/'
128516 [main] DEBUG m.Driver.MyWebDriverEventListener - Webdriver will click on element tag:a |id:  |text: ('English')
129163 [main] DEBUG m.Driver.MyWebDriverEventListener - hope Webdriver clicked on element tag:a |id:  |text: ('English')
129179 [main] INFO  test.java.LogTest - ------------------------waitForPageLoaded true
129330 [main] DEBUG m.Driver.MyWebDriverEventListener - Webdriver will click on element tag:a |id:  |text: ('Русский')
129561 [main] DEBUG m.Driver.MyWebDriverEventListener - hope Webdriver clicked on element tag:a |id:  |text: ('Русский')
130268 [main] INFO  test.java.LogTest - ------------------------waitForPageLoaded true
130278 [main] INFO  test.java.LogTest - _______________________Test = loginFromHeaderHangCreate_______________________
133355 [main] DEBUG m.Driver.MyWebDriverEventListener - Webdriver will click on element tag:a |id: js_header_singcreate |text: ('Создать видеовстречу')
133839 [main] DEBUG m.Driver.MyWebDriverEventListener - hope Webdriver clicked on element tag:a |id: js_header_singcreate |text: ('Создать видеовстречу')
133866 [main] INFO  test.java.LogTest - ------------------------waitForPageLoaded true
133951 [main] DEBUG m.Driver.MyWebDriverEventListener - Webdriver will click on element tag:a |id:  |text: ('войдите')
135605 [main] DEBUG m.Driver.MyWebDriverEventListener - hope Webdriver clicked on element tag:a |id:  |text: ('войдите')
135679 [main] DEBUG m.Driver.MyWebDriverEventListener - Webdriver will click on element tag:a |id:  |text: ('Вход через Facebook')
136366 [main] DEBUG m.Driver.MyWebDriverEventListener - hope Webdriver clicked on element tag:a |id:  |text: ('Вход через Facebook')
137596 [main] DEBUG m.Driver.MyWebDriverEventListener - WebDriver changing value in element found By.id: email from 'tag:input |id: email |text: ('')
138255 [main] DEBUG m.Driver.MyWebDriverEventListener - WebDriver changing value in element found By.id: email from 'tag:input |id: email |text: ('')
138365 [main] DEBUG m.Driver.MyWebDriverEventListener - WebDriver changing value in element found By.id: pass from 'tag:input |id: pass |text: ('')
138770 [main] DEBUG m.Driver.MyWebDriverEventListener - WebDriver changing value in element found By.id: pass from 'tag:input |id: pass |text: ('')
138817 [main] DEBUG m.Driver.MyWebDriverEventListener - Webdriver will click on element tag:input |id: u_0_1 |text: ('')
140464 [main] DEBUG m.Driver.MyWebDriverEventListener - hope Webdriver clicked on element tag:input |id: u_0_1 |text: ('')
141100 [main] ERROR test.java.LogTest - ------------------------> Ошибка на странице:"Tutorsband".Текст переменной:cebook_Message ***not defined***"
142725 [main] INFO  test.java.LogTest - ------------------------waitForPageLoaded true
145525 [main] DEBUG m.Driver.MyWebDriverEventListener - Webdriver will click on element tag:a |id: logout |text: ('Exit')
146147 [main] DEBUG m.Driver.MyWebDriverEventListener - hope Webdriver clicked on element tag:a |id: logout |text: ('Exit')
146885 [main] INFO  test.java.LogTest - ------------------------waitForPageLoaded true
146905 [main] INFO  m.Driver.MyWebDriverEventListener - WebDriver navigating to:'https://www.facebook.com/'
147643 [main] INFO  test.java.LogTest - >>>>>>>>>>@AfterMethod<<<<<<<<<
150689 [main] INFO  test.java.LogTest - ______________________________________class test.java.LogTest______________________________________
150690 [main] DEBUG main.Driver.WebDriverFactory - Requested driver: Capabilities [{browserName=firefox}]:null. Driver uses count = 9
150697 [main] DEBUG main.Driver.WebDriverFactory - getDriver: Current url: https://www.facebook.com/
150704 [main] INFO  m.Driver.MyWebDriverEventListener - WebDriver navigating to:'https://testun.com.ua/sys/sys/test_cookie_key'
150878 [main] INFO  m.Driver.MyWebDriverEventListener - WebDriver navigating to:'https://testun.com.ua/'
151790 [main] DEBUG m.Driver.MyWebDriverEventListener - Webdriver will click on element tag:a |id:  |text: ('English')
152438 [main] DEBUG m.Driver.MyWebDriverEventListener - hope Webdriver clicked on element tag:a |id:  |text: ('English')
152442 [main] INFO  test.java.LogTest - ------------------------waitForPageLoaded true
152534 [main] DEBUG m.Driver.MyWebDriverEventListener - Webdriver will click on element tag:a |id:  |text: ('Русский')
152758 [main] DEBUG m.Driver.MyWebDriverEventListener - hope Webdriver clicked on element tag:a |id:  |text: ('Русский')
153463 [main] INFO  test.java.LogTest - ------------------------waitForPageLoaded true
153473 [main] INFO  test.java.LogTest - _______________________Test = loginFromComments_______________________
156478 [main] INFO  m.Driver.MyWebDriverEventListener - WebDriver navigating to:'https://testun.com.ua//search'
157386 [main] DEBUG m.Driver.MyWebDriverEventListener - Webdriver will click on element tag:a |id:  |text: ('Проходит сейчас
Сегодня в 12:58
sd
Евгений Степанец
1
Бесплатно')
158215 [main] DEBUG m.Driver.MyWebDriverEventListener - hope Webdriver clicked on element tag:a |id:  |text: ('Проходит сейчас
Сегодня в 12:58
sd
Евгений Степанец
1
Бесплатно')
158424 [main] ERROR test.java.LogTest - ------------------------> Ошибка на странице:"Видеовстреча "sd"".Текст переменной:cebook_Message ***not defined***"
158469 [main] DEBUG m.Driver.MyWebDriverEventListener - Webdriver will click on element tag:a |id:  |text: ('Войти')
160160 [main] DEBUG m.Driver.MyWebDriverEventListener - hope Webdriver clicked on element tag:a |id:  |text: ('Войти')
160873 [main] DEBUG m.Driver.MyWebDriverEventListener - WebDriver changing value in element found By.id: login_email from 'tag:input |id: login_email |text: ('')
161512 [main] DEBUG m.Driver.MyWebDriverEventListener - WebDriver changing value in element found By.id: login_email from 'tag:input |id: login_email |text: ('')
161636 [main] DEBUG m.Driver.MyWebDriverEventListener - WebDriver changing value in element found By.id: login_password from 'tag:input |id: login_password |text: ('')
162339 [main] DEBUG m.Driver.MyWebDriverEventListener - WebDriver changing value in element found By.id: login_password from 'tag:input |id: login_password |text: ('')
162382 [main] DEBUG m.Driver.MyWebDriverEventListener - Webdriver will click on element tag:input |id: login_button |text: ('')
163627 [main] DEBUG m.Driver.MyWebDriverEventListener - hope Webdriver clicked on element tag:input |id: login_button |text: ('')
164436 [main] INFO  test.java.LogTest - ------------------------waitForPageLoaded true
166787 [main] DEBUG m.Driver.MyWebDriverEventListener - Webdriver will click on element tag:a |id: logout |text: ('Exit')
167362 [main] DEBUG m.Driver.MyWebDriverEventListener - hope Webdriver clicked on element tag:a |id: logout |text: ('Exit')
167367 [main] INFO  test.java.LogTest - ------------------------waitForPageLoaded true
177570 [main] INFO  test.java.LogTest - >>>>>>>>>>@AfterMethod<<<<<<<<<
180663 [main] ERROR test.java.LogTest - ------------------------> Ошибка на странице:"Braincasts"sd"".Текст переменной:cebook_Message ***not defined***"
180664 [main] INFO  test.java.LogTest - ______________________________________class test.java.LogTest______________________________________
180664 [main] DEBUG main.Driver.WebDriverFactory - Requested driver: Capabilities [{browserName=firefox}]:null. Driver uses count = 10
180671 [main] DEBUG main.Driver.WebDriverFactory - getDriver: Current url: https://testun.com.ua/conference/41266
180678 [main] INFO  m.Driver.MyWebDriverEventListener - WebDriver navigating to:'https://testun.com.ua/sys/sys/test_cookie_key'
180908 [main] INFO  m.Driver.MyWebDriverEventListener - WebDriver navigating to:'https://testun.com.ua/'
185420 [main] ERROR m.Driver.MyWebDriverEventListener - ________________________________________________________________________________________________________________
185420 [main] ERROR m.Driver.MyWebDriverEventListener - WebDriver error: Element not found By.selector: .button.js_main_lang
185420 [main] ERROR m.Driver.MyWebDriverEventListener - ________________________________________________________________________________________________________________
185425 [main] INFO  test.java.LogTest - >>>>>>>>>>@AfterMethod<<<<<<<<<
188543 [main] ERROR test.java.LogTest - ------------------------> Ошибка на странице:"Petrikov Vasilii Ivanovich - Braincasts".Текст переменной:cebook_Message ***not defined***"
188546 [main] INFO  test.java.LogTest - >>>>>>>>>>@AfterMethod<<<<<<<<<
191676 [main] ERROR test.java.LogTest - ------------------------> Ошибка на странице:"Petrikov Vasilii Ivanovich - Braincasts".Текст переменной:cebook_Message ***not defined***"
191678 [main] INFO  test.java.LogTest - >>>>>>>>>>@AfterMethod<<<<<<<<<
194784 [main] ERROR test.java.LogTest - ------------------------> Ошибка на странице:"Petrikov Vasilii Ivanovich - Braincasts".Текст переменной:cebook_Message ***not defined***"
194787 [main] INFO  test.java.LogTest - >>>>>>>>>>@AfterMethod<<<<<<<<<
197879 [main] ERROR test.java.LogTest - ------------------------> Ошибка на странице:"Petrikov Vasilii Ivanovich - Braincasts".Текст переменной:cebook_Message ***not defined***"
197881 [main] INFO  test.java.LogTest - >>>>>>>>>>@AfterMethod<<<<<<<<<
200971 [main] ERROR test.java.LogTest - ------------------------> Ошибка на странице:"Petrikov Vasilii Ivanovich - Braincasts".Текст переменной:cebook_Message ***not defined***"
200974 [main] INFO  test.java.LogTest - >>>>>>>>>>@AfterMethod<<<<<<<<<
204066 [main] ERROR test.java.LogTest - ------------------------> Ошибка на странице:"Petrikov Vasilii Ivanovich - Braincasts".Текст переменной:cebook_Message ***not defined***"
204069 [main] INFO  test.java.LogTest - >>>>>>>>>>@AfterMethod<<<<<<<<<
207170 [main] ERROR test.java.LogTest - ------------------------> Ошибка на странице:"Petrikov Vasilii Ivanovich - Braincasts".Текст переменной:cebook_Message ***not defined***"
207173 [main] INFO  test.java.LogTest - >>>>>>>>>>@AfterMethod<<<<<<<<<
210252 [main] ERROR test.java.LogTest - ------------------------> Ошибка на странице:"Petrikov Vasilii Ivanovich - Braincasts".Текст переменной:cebook_Message ***not defined***"
210254 [main] INFO  test.java.LogTest - >>>>>>>>>>@AfterMethod<<<<<<<<<
213338 [main] ERROR test.java.LogTest - ------------------------> Ошибка на странице:"Petrikov Vasilii Ivanovich - Braincasts".Текст переменной:cebook_Message ***not defined***"
213340 [main] INFO  test.java.LogTest - >>>>>>>>>>@AfterMethod<<<<<<<<<
216484 [main] ERROR test.java.LogTest - ------------------------> Ошибка на странице:"Petrikov Vasilii Ivanovich - Braincasts".Текст переменной:cebook_Message ***not defined***"
216485 [main] INFO  test.java.LogTest - >>>>>>>>>>@AfterMethod<<<<<<<<<
219568 [main] ERROR test.java.LogTest - ------------------------> Ошибка на странице:"Petrikov Vasilii Ivanovich - Braincasts".Текст переменной:cebook_Message ***not defined***"
219570 [main] INFO  test.java.LogTest - >>>>>>>>>>@AfterMethod<<<<<<<<<
222662 [main] ERROR test.java.LogTest - ------------------------> Ошибка на странице:"Petrikov Vasilii Ivanovich - Braincasts".Текст переменной:cebook_Message ***not defined***"
222664 [main] INFO  test.java.LogTest - >>>>>>>>>>@AfterMethod<<<<<<<<<
225742 [main] ERROR test.java.LogTest - ------------------------> Ошибка на странице:"Petrikov Vasilii Ivanovich - Braincasts".Текст переменной:cebook_Message ***not defined***"
225745 [main] INFO  test.java.LogTest - >>>>>>>>>>@AfterMethod<<<<<<<<<
228831 [main] ERROR test.java.LogTest - ------------------------> Ошибка на странице:"Petrikov Vasilii Ivanovich - Braincasts".Текст переменной:cebook_Message ***not defined***"
228832 [main] INFO  test.java.LogTest - >>>>>>>>>>@AfterMethod<<<<<<<<<
231927 [main] ERROR test.java.LogTest - ------------------------> Ошибка на странице:"Petrikov Vasilii Ivanovich - Braincasts".Текст переменной:cebook_Message ***not defined***"
231928 [main] INFO  test.java.LogTest - >>>>>>>>>>@AfterMethod<<<<<<<<<
235016 [main] ERROR test.java.LogTest - ------------------------> Ошибка на странице:"Petrikov Vasilii Ivanovich - Braincasts".Текст переменной:cebook_Message ***not defined***"
235018 [main] INFO  test.java.LogTest - >>>>>>>>>>@AfterMethod<<<<<<<<<
238109 [main] ERROR test.java.LogTest - ------------------------> Ошибка на странице:"Petrikov Vasilii Ivanovich - Braincasts".Текст переменной:cebook_Message ***not defined***"
238111 [main] INFO  test.java.LogTest - >>>>>>>>>>@AfterMethod<<<<<<<<<
241208 [main] ERROR test.java.LogTest - ------------------------> Ошибка на странице:"Petrikov Vasilii Ivanovich - Braincasts".Текст переменной:cebook_Message ***not defined***"
241319 [Thread-0] DEBUG main.Driver.WebDriverFactory - Killing driver 
243398 [Thread-0] ERROR m.Driver.MyWebDriverEventListener - ________________________________________________________________________________________________________________
243401 [Thread-0] ERROR m.Driver.MyWebDriverEventListener - WebDriver error:
org.openqa.selenium.remote.UnreachableBrowserException: Error communicating with the remote browser. It may have died.
Build info: version: '2.42.2', revision: '6a6995d', time: '2014-06-03 17:42:03'
System info: host: 'alexandra-System-Product-Name', ip: '127.0.1.1', os.name: 'Linux', os.arch: 'amd64', os.version: '3.2.0-23-generic', java.version: '1.7.0_60'
Driver info: driver.version: EventFiringWebDriver
	at org.openqa.selenium.remote.RemoteWebDriver.execute(RemoteWebDriver.java:593) ~[selenium-server-standalone-2.42.2.jar:na]
	at org.openqa.selenium.remote.RemoteWebDriver.execute(RemoteWebDriver.java:614) ~[selenium-server-standalone-2.42.2.jar:na]
	at org.openqa.selenium.remote.RemoteWebDriver.quit(RemoteWebDriver.java:468) ~[selenium-server-standalone-2.42.2.jar:na]
	at sun.reflect.NativeMethodAccessorImpl.invoke0(Native Method) ~[na:1.7.0_60]
	at sun.reflect.NativeMethodAccessorImpl.invoke(NativeMethodAccessorImpl.java:57) ~[na:1.7.0_60]
	at sun.reflect.DelegatingMethodAccessorImpl.invoke(DelegatingMethodAccessorImpl.java:43) ~[na:1.7.0_60]
	at java.lang.reflect.Method.invoke(Method.java:606) ~[na:1.7.0_60]
	at org.openqa.selenium.support.events.EventFiringWebDriver$2.invoke(EventFiringWebDriver.java:101) ~[selenium-server-standalone-2.42.2.jar:na]
	at com.sun.proxy.$Proxy10.quit(Unknown Source) ~[na:na]
	at org.openqa.selenium.support.events.EventFiringWebDriver.quit(EventFiringWebDriver.java:198) ~[selenium-server-standalone-2.42.2.jar:na]
	at main.Driver.WebDriverFactory.dismissDriver(WebDriverFactory.java:98) ~[classes/:na]
	at main.Driver.WebDriverFactory$1.run(WebDriverFactory.java:164) ~[classes/:na]
Caused by: org.apache.http.NoHttpResponseException: The target server failed to respond
	at org.apache.http.impl.conn.DefaultHttpResponseParser.parseHead(DefaultHttpResponseParser.java:143) ~[selenium-server-standalone-2.42.2.jar:na]
	at org.apache.http.impl.conn.DefaultHttpResponseParser.parseHead(DefaultHttpResponseParser.java:57) ~[selenium-server-standalone-2.42.2.jar:na]
	at org.apache.http.impl.io.AbstractMessageParser.parse(AbstractMessageParser.java:260) ~[selenium-server-standalone-2.42.2.jar:na]
	at org.apache.http.impl.DefaultBHttpClientConnection.receiveResponseHeader(DefaultBHttpClientConnection.java:161) ~[selenium-server-standalone-2.42.2.jar:na]
	at sun.reflect.GeneratedMethodAccessor7.invoke(Unknown Source) ~[na:na]
	at sun.reflect.DelegatingMethodAccessorImpl.invoke(DelegatingMethodAccessorImpl.java:43) ~[na:1.7.0_60]
	at java.lang.reflect.Method.invoke(Method.java:606) ~[na:1.7.0_60]
	at org.apache.http.impl.conn.CPoolProxy.invoke(CPoolProxy.java:138) ~[selenium-server-standalone-2.42.2.jar:na]
	at com.sun.proxy.$Proxy7.receiveResponseHeader(Unknown Source) ~[na:na]
	at org.apache.http.protocol.HttpRequestExecutor.doReceiveResponse(HttpRequestExecutor.java:271) ~[selenium-server-standalone-2.42.2.jar:na]
	at org.apache.http.protocol.HttpRequestExecutor.execute(HttpRequestExecutor.java:123) ~[selenium-server-standalone-2.42.2.jar:na]
	at org.apache.http.impl.execchain.MainClientExec.execute(MainClientExec.java:254) ~[selenium-server-standalone-2.42.2.jar:na]
	at org.apache.http.impl.execchain.ProtocolExec.execute(ProtocolExec.java:195) ~[selenium-server-standalone-2.42.2.jar:na]
	at org.apache.http.impl.execchain.RetryExec.execute(RetryExec.java:85) ~[selenium-server-standalone-2.42.2.jar:na]
	at org.apache.http.impl.execchain.RedirectExec.execute(RedirectExec.java:108) ~[selenium-server-standalone-2.42.2.jar:na]
	at org.apache.http.impl.client.InternalHttpClient.doExecute(InternalHttpClient.java:186) ~[selenium-server-standalone-2.42.2.jar:na]
	at org.apache.http.impl.client.CloseableHttpClient.execute(CloseableHttpClient.java:72) ~[selenium-server-standalone-2.42.2.jar:na]
	at org.apache.http.impl.client.CloseableHttpClient.execute(CloseableHttpClient.java:57) ~[selenium-server-standalone-2.42.2.jar:na]
	at org.openqa.selenium.remote.HttpCommandExecutor.fallBackExecute(HttpCommandExecutor.java:222) ~[selenium-server-standalone-2.42.2.jar:na]
	at org.openqa.selenium.remote.HttpCommandExecutor.execute(HttpCommandExecutor.java:173) ~[selenium-server-standalone-2.42.2.jar:na]
	at org.openqa.selenium.firefox.internal.NewProfileExtensionConnection.execute(NewProfileExtensionConnection.java:165) ~[selenium-server-standalone-2.42.2.jar:na]
	at org.openqa.selenium.firefox.FirefoxDriver$LazyCommandExecutor.execute(FirefoxDriver.java:362) ~[selenium-server-standalone-2.42.2.jar:na]
	at org.openqa.selenium.remote.RemoteWebDriver.execute(RemoteWebDriver.java:572) ~[selenium-server-standalone-2.42.2.jar:na]
	... 11 common frames omitted
243402 [Thread-0] ERROR m.Driver.MyWebDriverEventListener - ________________________________________________________________________________________________________________
243402 [Thread-0] WARN  main.Driver.WebDriverFactory - Driver killing error
org.openqa.selenium.remote.SessionNotFoundException: The FirefoxDriver cannot be used after quit() was called.
Build info: version: '2.42.2', revision: '6a6995d', time: '2014-06-03 17:42:03'
System info: host: 'alexandra-System-Product-Name', ip: '127.0.1.1', os.name: 'Linux', os.arch: 'amd64', os.version: '3.2.0-23-generic', java.version: '1.7.0_60'
Driver info: driver.version: EventFiringWebDriver
	at org.openqa.selenium.firefox.FirefoxDriver$LazyCommandExecutor.execute(FirefoxDriver.java:359) ~[selenium-server-standalone-2.42.2.jar:na]
	at org.openqa.selenium.remote.RemoteWebDriver.execute(RemoteWebDriver.java:572) ~[selenium-server-standalone-2.42.2.jar:na]
	at org.openqa.selenium.remote.RemoteWebDriver.executeScript(RemoteWebDriver.java:508) ~[selenium-server-standalone-2.42.2.jar:na]
	at main.Driver.MyWebDriverEventListener.onException(MyWebDriverEventListener.java:65) ~[classes/:na]
	at sun.reflect.NativeMethodAccessorImpl.invoke0(Native Method) ~[na:1.7.0_60]
	at sun.reflect.NativeMethodAccessorImpl.invoke(NativeMethodAccessorImpl.java:57) ~[na:1.7.0_60]
	at sun.reflect.DelegatingMethodAccessorImpl.invoke(DelegatingMethodAccessorImpl.java:43) ~[na:1.7.0_60]
	at java.lang.reflect.Method.invoke(Method.java:606) ~[na:1.7.0_60]
	at org.openqa.selenium.support.events.EventFiringWebDriver$1.invoke(EventFiringWebDriver.java:78) ~[selenium-server-standalone-2.42.2.jar:na]
	at com.sun.proxy.$Proxy9.onException(Unknown Source) ~[na:na]
	at org.openqa.selenium.support.events.EventFiringWebDriver$2.invoke(EventFiringWebDriver.java:103) ~[selenium-server-standalone-2.42.2.jar:na]
	at com.sun.proxy.$Proxy10.quit(Unknown Source) ~[na:na]
	at org.openqa.selenium.support.events.EventFiringWebDriver.quit(EventFiringWebDriver.java:198) ~[selenium-server-standalone-2.42.2.jar:na]
	at main.Driver.WebDriverFactory.dismissDriver(WebDriverFactory.java:98) ~[classes/:na]
	at main.Driver.WebDriverFactory$1.run(WebDriverFactory.java:164) [classes/:na]
