380  [main] INFO  test.java.LogTest - ________________________________________________________class test.java.MoneyTest________________________________________________________
385  [main] DEBUG main.Driver.WebDriverFactory - Requested driver: Capabilities [{browserName=firefox}]:null
8759 [main] INFO  m.Driver.MyWebDriverEventListener - WebDriver navigating to:'https://plush.com.ua/'
12327 [main] DEBUG m.Driver.MyWebDriverEventListener - Webdriver will click on element tag:li /id: /text: ('English▼')
15290 [main] DEBUG m.Driver.MyWebDriverEventListener - hope Webdriver clicked on element tag:li /id: /text: ('English▼')
15321 [main] INFO  test.java.LogTest - ------------------------ true
15404 [main] DEBUG m.Driver.MyWebDriverEventListener - Webdriver will click on element tag:a /id: lang_ru/text: ('Русский')
15664 [main] DEBUG m.Driver.MyWebDriverEventListener - hope Webdriver clicked on element tag:a /id: lang_ru/text: ('Русский')
15682 [main] INFO  test.java.LogTest - ------------------------ false
16249 [main] INFO  test.java.LogTest - _________________________________________Test = payForHangout()_________________________________________
16331 [main] DEBUG m.Driver.MyWebDriverEventListener - Webdriver will click on element tag:a /id: js_header_signin/text: ('Войти')
18342 [main] DEBUG m.Driver.MyWebDriverEventListener - hope Webdriver clicked on element tag:a /id: js_header_signin/text: ('Войти')
18363 [main] INFO  test.java.LogTest - ------------------------ true
18452 [main] DEBUG m.Driver.MyWebDriverEventListener - WebDriver changing value in element found By.id: login_email from 'tag:input /id: login_email/text: ('')
20090 [main] DEBUG m.Driver.MyWebDriverEventListener - WebDriver changing value in element found By.id: login_email from 'tag:input /id: login_email/text: ('')
20190 [main] DEBUG m.Driver.MyWebDriverEventListener - WebDriver changing value in element found By.id: login_password from 'tag:input /id: login_password/text: ('')
20786 [main] DEBUG m.Driver.MyWebDriverEventListener - WebDriver changing value in element found By.id: login_password from 'tag:input /id: login_password/text: ('')
20839 [main] DEBUG m.Driver.MyWebDriverEventListener - Webdriver will click on element tag:input /id: login_button/text: ('')
22742 [main] DEBUG m.Driver.MyWebDriverEventListener - hope Webdriver clicked on element tag:input /id: login_button/text: ('')
24125 [main] DEBUG m.Driver.MyWebDriverEventListener - Webdriver will click on element tag:a /id: /text: ('0 TBM')
25938 [main] DEBUG m.Driver.MyWebDriverEventListener - hope Webdriver clicked on element tag:a /id: /text: ('0 TBM')
26380 [main] DEBUG m.Driver.MyWebDriverEventListener - Webdriver will click on element tag:a /id: /text: ('')
28101 [main] DEBUG m.Driver.MyWebDriverEventListener - hope Webdriver clicked on element tag:a /id: /text: ('')
28107 [main] INFO  test.java.LogTest - ------------------------ false
28938 [main] INFO  test.java.LogTest - ------------------------ true
29050 [main] DEBUG m.Driver.MyWebDriverEventListener - Webdriver will click on element tag:a /id: notify_show/text: ('')
29377 [main] DEBUG m.Driver.MyWebDriverEventListener - hope Webdriver clicked on element tag:a /id: notify_show/text: ('')
29461 [main] DEBUG m.Driver.MyWebDriverEventListener - Webdriver will click on element tag:a /id: notify_show/text: ('')
29614 [main] DEBUG m.Driver.MyWebDriverEventListener - hope Webdriver clicked on element tag:a /id: notify_show/text: ('')
29702 [main] DEBUG m.Driver.MyWebDriverEventListener - Webdriver will click on element tag:a /id: /text: ('Рекомендации')
30421 [main] DEBUG m.Driver.MyWebDriverEventListener - hope Webdriver clicked on element tag:a /id: /text: ('Рекомендации')
30433 [main] INFO  test.java.LogTest - ------------------------ false
30944 [main] INFO  test.java.LogTest - ------------------------ true
31099 [main] DEBUG m.Driver.MyWebDriverEventListener - Webdriver will click on element tag:a /id: /text: ('Видеовстреча платная')
31879 [main] DEBUG m.Driver.MyWebDriverEventListener - hope Webdriver clicked on element tag:a /id: /text: ('Видеовстреча платная')
31887 [main] INFO  test.java.LogTest - ------------------------ false
32406 [main] INFO  test.java.LogTest - ------------------------ true
32490 [main] DEBUG m.Driver.MyWebDriverEventListener - Webdriver will click on element tag:a /id: /text: ('Принять участие 30 TBM')
33498 [main] DEBUG m.Driver.MyWebDriverEventListener - hope Webdriver clicked on element tag:a /id: /text: ('Принять участие 30 TBM')
33506 [main] INFO  test.java.LogTest - ------------------------ false
34023 [main] INFO  test.java.LogTest - ------------------------ true
34323 [main] DEBUG m.Driver.MyWebDriverEventListener - WebDriver changing value in element found By.selector: .pay-select from 'tag:div /id: /text: ('Способы пополнения счёта
Выберите удобный для вас способ пополнения счёта.
Банковские карты
VISA и MasterCard
Платежные системы
WebMoney, Visa QIWI Wallet, Яндекс.Деньги, PayPal, Деньги@mail.ru, EasyPay, ...')
34529 [main] DEBUG m.Driver.MyWebDriverEventListener - Webdriver will click on element tag:a /id: /text: ('0 TBM')
36450 [main] DEBUG m.Driver.MyWebDriverEventListener - hope Webdriver clicked on element tag:a /id: /text: ('0 TBM')
36823 [main] DEBUG m.Driver.MyWebDriverEventListener - Webdriver will click on element tag:a /id: /text: ('')
37692 [main] DEBUG m.Driver.MyWebDriverEventListener - hope Webdriver clicked on element tag:a /id: /text: ('')
37706 [main] INFO  test.java.LogTest - ------------------------ false
38231 [main] INFO  test.java.LogTest - ------------------------ true
38247 [main] INFO  test.java.LogTest - _________________________________________@AfterMethod_________________________________________
41303 [main] INFO  test.java.LogTest - ________________________________________________________class test.java.MoneyTest________________________________________________________
41303 [main] DEBUG main.Driver.WebDriverFactory - Requested driver: Capabilities [{browserName=firefox}]:null
41311 [main] INFO  m.Driver.MyWebDriverEventListener - WebDriver navigating to:'https://plush.com.ua/'
42182 [main] DEBUG m.Driver.MyWebDriverEventListener - Webdriver will click on element tag:li /id: /text: ('English▼')
43565 [main] DEBUG m.Driver.MyWebDriverEventListener - hope Webdriver clicked on element tag:li /id: /text: ('English▼')
43570 [main] INFO  test.java.LogTest - ------------------------ true
43632 [main] DEBUG m.Driver.MyWebDriverEventListener - Webdriver will click on element tag:a /id: lang_ru/text: ('Русский')
43889 [main] DEBUG m.Driver.MyWebDriverEventListener - hope Webdriver clicked on element tag:a /id: lang_ru/text: ('Русский')
43894 [main] INFO  test.java.LogTest - ------------------------ false
44561 [main] INFO  test.java.LogTest - ------------------------ true
44575 [main] INFO  test.java.LogTest - _________________________________________Test = typesOfPayment()_________________________________________
44677 [main] DEBUG m.Driver.MyWebDriverEventListener - Webdriver will click on element tag:a /id: js_header_signin/text: ('Войти')
46680 [main] DEBUG m.Driver.MyWebDriverEventListener - hope Webdriver clicked on element tag:a /id: js_header_signin/text: ('Войти')
46684 [main] INFO  test.java.LogTest - ------------------------ true
46745 [main] DEBUG m.Driver.MyWebDriverEventListener - WebDriver changing value in element found By.id: login_email from 'tag:input /id: login_email/text: ('')
47412 [main] DEBUG m.Driver.MyWebDriverEventListener - WebDriver changing value in element found By.id: login_email from 'tag:input /id: login_email/text: ('')
47595 [main] DEBUG m.Driver.MyWebDriverEventListener - WebDriver changing value in element found By.id: login_password from 'tag:input /id: login_password/text: ('')
48270 [main] DEBUG m.Driver.MyWebDriverEventListener - WebDriver changing value in element found By.id: login_password from 'tag:input /id: login_password/text: ('')
48372 [main] DEBUG m.Driver.MyWebDriverEventListener - Webdriver will click on element tag:input /id: login_button/text: ('')
50632 [main] DEBUG m.Driver.MyWebDriverEventListener - hope Webdriver clicked on element tag:input /id: login_button/text: ('')
51656 [main] DEBUG m.Driver.MyWebDriverEventListener - Webdriver will click on element tag:a /id: /text: ('0 TBM')
53965 [main] DEBUG m.Driver.MyWebDriverEventListener - hope Webdriver clicked on element tag:a /id: /text: ('0 TBM')
54268 [main] DEBUG m.Driver.MyWebDriverEventListener - Webdriver will click on element tag:a /id: /text: ('Пополнить счет')
56175 [main] DEBUG m.Driver.MyWebDriverEventListener - hope Webdriver clicked on element tag:a /id: /text: ('Пополнить счет')
56449 [main] DEBUG m.Driver.MyWebDriverEventListener - Webdriver will click on element tag:a /id: /text: ('Банковские карты
VISA и MasterCard')
57441 [main] DEBUG m.Driver.MyWebDriverEventListener - hope Webdriver clicked on element tag:a /id: /text: ('Банковские карты
VISA и MasterCard')
57441 [main] INFO  test.java.LogTest - The type of payment system is - card
57761 [main] DEBUG m.Driver.MyWebDriverEventListener - WebDriver changing value in element found By.xpath: //div[@class='money-wrap']//input from 'tag:input /id: fake_amount/text: ('')
57976 [main] DEBUG m.Driver.MyWebDriverEventListener - WebDriver changing value in element found By.xpath: //div[@class='money-wrap']//input from 'tag:input /id: fake_amount/text: ('')
58193 [main] DEBUG m.Driver.MyWebDriverEventListener - WebDriver changing value in element found By.xpath: //div[@class='money-wrap']//input from 'tag:input /id: fake_amount/text: ('')
58296 [main] DEBUG m.Driver.MyWebDriverEventListener - Webdriver will click on element tag:a /id: payform_submit/text: ('Пополнить')
59257 [main] DEBUG m.Driver.MyWebDriverEventListener - hope Webdriver clicked on element tag:a /id: payform_submit/text: ('Пополнить')
141551 [main] ERROR m.Driver.MyWebDriverEventListener - ________________________________________________________________________________________________________________
141555 [main] ERROR m.Driver.MyWebDriverEventListener - WebDriver error:
org.openqa.selenium.WebDriverException: window.jQuery is undefined
Command duration or timeout: 82.25 seconds
Build info: version: '2.33.0', revision: '4e90c97', time: '2013-05-22 15:32:38'
System info: os.name: 'Linux', os.arch: 'amd64', os.version: '3.2.0-23-generic', java.version: '1.7.0_25'
Session ID: 9f4c5df5-996d-473d-99e0-c0385fe16d8b
Driver info: org.openqa.selenium.firefox.FirefoxDriver
Capabilities [{platform=LINUX, databaseEnabled=true, cssSelectorsEnabled=true, javascriptEnabled=true, acceptSslCerts=true, handlesAlerts=true, browserName=firefox, browserConnectionEnabled=true, nativeEvents=true, webStorageEnabled=true, rotatable=false, locationContextEnabled=true, applicationCacheEnabled=true, takesScreenshot=true, version=21.0}]
	at sun.reflect.NativeConstructorAccessorImpl.newInstance0(Native Method) ~[na:1.7.0_25]
	at sun.reflect.NativeConstructorAccessorImpl.newInstance(NativeConstructorAccessorImpl.java:57) ~[na:1.7.0_25]
	at sun.reflect.DelegatingConstructorAccessorImpl.newInstance(DelegatingConstructorAccessorImpl.java:45) ~[na:1.7.0_25]
	at java.lang.reflect.Constructor.newInstance(Constructor.java:526) ~[na:1.7.0_25]
	at org.openqa.selenium.remote.ErrorHandler.createThrowable(ErrorHandler.java:191) ~[selenium-server-standalone-2.33.0.jar:na]
	at org.openqa.selenium.remote.ErrorHandler.throwIfResponseFailed(ErrorHandler.java:145) ~[selenium-server-standalone-2.33.0.jar:na]
	at org.openqa.selenium.remote.RemoteWebDriver.execute(RemoteWebDriver.java:554) ~[selenium-server-standalone-2.33.0.jar:na]
	at org.openqa.selenium.remote.RemoteWebDriver.executeScript(RemoteWebDriver.java:463) ~[selenium-server-standalone-2.33.0.jar:na]
	at sun.reflect.GeneratedMethodAccessor12.invoke(Unknown Source) ~[na:na]
	at sun.reflect.DelegatingMethodAccessorImpl.invoke(DelegatingMethodAccessorImpl.java:43) ~[na:1.7.0_25]
	at java.lang.reflect.Method.invoke(Method.java:606) ~[na:1.7.0_25]
	at org.openqa.selenium.support.events.EventFiringWebDriver$2.invoke(EventFiringWebDriver.java:101) ~[selenium-server-standalone-2.33.0.jar:na]
	at com.sun.proxy.$Proxy8.executeScript(Unknown Source) ~[na:na]
	at org.openqa.selenium.support.events.EventFiringWebDriver.executeScript(EventFiringWebDriver.java:209) ~[selenium-server-standalone-2.33.0.jar:na]
	at test.java.BaseClass$1.apply(BaseClass.java:77) [classes/:na]
	at test.java.BaseClass$1.apply(BaseClass.java:1) [classes/:na]
	at org.openqa.selenium.support.ui.FluentWait.until(FluentWait.java:208) [selenium-server-standalone-2.33.0.jar:na]
	at test.java.BaseClass.waitForPageLoaded(BaseClass.java:83) [classes/:na]
	at main.pages.HomePage.switchToNewWindow(HomePage.java:281) [classes/:na]
	at main.pages.MoneyPage.selectPayType(MoneyPage.java:112) [classes/:na]
	at test.java.MoneyTest.typesOfPayment(MoneyTest.java:97) [classes/:na]
	at sun.reflect.NativeMethodAccessorImpl.invoke0(Native Method) ~[na:1.7.0_25]
	at sun.reflect.NativeMethodAccessorImpl.invoke(NativeMethodAccessorImpl.java:57) ~[na:1.7.0_25]
	at sun.reflect.DelegatingMethodAccessorImpl.invoke(DelegatingMethodAccessorImpl.java:43) ~[na:1.7.0_25]
	at java.lang.reflect.Method.invoke(Method.java:606) ~[na:1.7.0_25]
	at org.testng.internal.MethodInvocationHelper.invokeMethod(MethodInvocationHelper.java:80) [testng.jar:6.9beta-201211201815]
	at org.testng.internal.Invoker.invokeMethod(Invoker.java:714) [testng.jar:6.9beta-201211201815]
	at org.testng.internal.Invoker.invokeTestMethod(Invoker.java:901) [testng.jar:6.9beta-201211201815]
	at org.testng.internal.Invoker.invokeTestMethods(Invoker.java:1231) [testng.jar:6.9beta-201211201815]
	at org.testng.internal.TestMethodWorker.invokeTestMethods(TestMethodWorker.java:128) [testng.jar:6.9beta-201211201815]
	at org.testng.internal.TestMethodWorker.run(TestMethodWorker.java:111) [testng.jar:6.9beta-201211201815]
	at org.testng.TestRunner.privateRun(TestRunner.java:767) [testng.jar:6.9beta-201211201815]
	at org.testng.TestRunner.run(TestRunner.java:617) [testng.jar:6.9beta-201211201815]
	at org.testng.SuiteRunner.runTest(SuiteRunner.java:334) [testng.jar:6.9beta-201211201815]
	at org.testng.SuiteRunner.runSequentially(SuiteRunner.java:329) [testng.jar:6.9beta-201211201815]
	at org.testng.SuiteRunner.privateRun(SuiteRunner.java:291) [testng.jar:6.9beta-201211201815]
	at org.testng.SuiteRunner.run(SuiteRunner.java:240) [testng.jar:6.9beta-201211201815]
	at org.testng.SuiteRunnerWorker.runSuite(SuiteRunnerWorker.java:52) [testng.jar:6.9beta-201211201815]
	at org.testng.SuiteRunnerWorker.run(SuiteRunnerWorker.java:86) [testng.jar:6.9beta-201211201815]
	at org.testng.TestNG.runSuitesSequentially(TestNG.java:1203) [testng.jar:6.9beta-201211201815]
	at org.testng.TestNG.runSuitesLocally(TestNG.java:1128) [testng.jar:6.9beta-201211201815]
	at org.testng.TestNG.run(TestNG.java:1036) [testng.jar:6.9beta-201211201815]
	at org.testng.remote.RemoteTestNG.run(RemoteTestNG.java:111) [testng.jar:6.9beta-201211201815]
	at org.testng.remote.RemoteTestNG.initAndRun(RemoteTestNG.java:204) [testng.jar:6.9beta-201211201815]
	at org.testng.remote.RemoteTestNG.main(RemoteTestNG.java:175) [testng.jar:6.9beta-201211201815]
org.openqa.selenium.remote.ErrorHandler$UnknownServerException: window.jQuery is undefined
Build info: version: '2.33.0', revision: '4e90c97', time: '2013-05-22 15:32:38'
System info: os.name: 'Linux', os.arch: 'amd64', os.version: '3.2.0-23-generic', java.version: '1.7.0_25'
Driver info: driver.version: unknown
	at <anonymous class>.anonymous(https://www.onlinedengi.ru/wmpaycheck.php:60) ~[na:na]
	at <anonymous class>.handleEvaluateEvent(https://www.onlinedengi.ru/wmpaycheck.php:60) ~[na:na]
141555 [main] ERROR m.Driver.MyWebDriverEventListener - ________________________________________________________________________________________________________________
141564 [main] INFO  test.java.LogTest - window.jQuery is undefined
Command duration or timeout: 82.25 seconds
Build info: version: '2.33.0', revision: '4e90c97', time: '2013-05-22 15:32:38'
System info: os.name: 'Linux', os.arch: 'amd64', os.version: '3.2.0-23-generic', java.version: '1.7.0_25'
Session ID: 9f4c5df5-996d-473d-99e0-c0385fe16d8b
Driver info: org.openqa.selenium.firefox.FirefoxDriver
Capabilities [{platform=LINUX, databaseEnabled=true, cssSelectorsEnabled=true, javascriptEnabled=true, acceptSslCerts=true, handlesAlerts=true, browserName=firefox, browserConnectionEnabled=true, nativeEvents=true, webStorageEnabled=true, rotatable=false, locationContextEnabled=true, applicationCacheEnabled=true, takesScreenshot=true, version=21.0}]
161894 [main] ERROR m.Driver.MyWebDriverEventListener - ________________________________________________________________________________________________________________
161894 [main] ERROR m.Driver.MyWebDriverEventListener - WebDriver error: Element not found By.selector: .popup__wrap
161894 [main] ERROR m.Driver.MyWebDriverEventListener - ________________________________________________________________________________________________________________
161901 [main] INFO  test.java.LogTest - _________________________________________@AfterMethod_________________________________________
165033 [Thread-0] DEBUG main.Driver.WebDriverFactory - Killing driver 
284  [main] INFO  test.java.LogTest - ________________________________________________________class test.java.MoneyTest________________________________________________________
289  [main] DEBUG main.Driver.WebDriverFactory - Requested driver: Capabilities [{browserName=firefox}]:null
3688 [main] INFO  m.Driver.MyWebDriverEventListener - WebDriver navigating to:'https://plush.com.ua/'
6370 [main] DEBUG m.Driver.MyWebDriverEventListener - Webdriver will click on element tag:li /id: /text: ('English▼')
9229 [main] DEBUG m.Driver.MyWebDriverEventListener - hope Webdriver clicked on element tag:li /id: /text: ('English▼')
9259 [main] INFO  test.java.LogTest - ------------------------ true
9389 [main] DEBUG m.Driver.MyWebDriverEventListener - Webdriver will click on element tag:a /id: lang_ru/text: ('Русский')
9646 [main] DEBUG m.Driver.MyWebDriverEventListener - hope Webdriver clicked on element tag:a /id: lang_ru/text: ('Русский')
9990 [main] ERROR m.Driver.MyWebDriverEventListener - ________________________________________________________________________________________________________________
9995 [main] ERROR m.Driver.MyWebDriverEventListener - WebDriver error:
org.openqa.selenium.WebDriverException: window.jQuery is undefined
Command duration or timeout: 340 milliseconds
Build info: version: '2.33.0', revision: '4e90c97', time: '2013-05-22 15:32:38'
System info: os.name: 'Linux', os.arch: 'amd64', os.version: '3.2.0-23-generic', java.version: '1.7.0_25'
Session ID: 24fb3f8f-3f93-4053-8cf9-d25ef1bc20ad
Driver info: org.openqa.selenium.firefox.FirefoxDriver
Capabilities [{platform=LINUX, databaseEnabled=true, cssSelectorsEnabled=true, javascriptEnabled=true, acceptSslCerts=true, handlesAlerts=true, browserName=firefox, browserConnectionEnabled=true, nativeEvents=true, webStorageEnabled=true, rotatable=false, locationContextEnabled=true, applicationCacheEnabled=true, takesScreenshot=true, version=21.0}]
	at sun.reflect.NativeConstructorAccessorImpl.newInstance0(Native Method) ~[na:1.7.0_25]
	at sun.reflect.NativeConstructorAccessorImpl.newInstance(NativeConstructorAccessorImpl.java:57) ~[na:1.7.0_25]
	at sun.reflect.DelegatingConstructorAccessorImpl.newInstance(DelegatingConstructorAccessorImpl.java:45) ~[na:1.7.0_25]
	at java.lang.reflect.Constructor.newInstance(Constructor.java:526) ~[na:1.7.0_25]
	at org.openqa.selenium.remote.ErrorHandler.createThrowable(ErrorHandler.java:191) ~[selenium-server-standalone-2.33.0.jar:na]
	at org.openqa.selenium.remote.ErrorHandler.throwIfResponseFailed(ErrorHandler.java:145) ~[selenium-server-standalone-2.33.0.jar:na]
	at org.openqa.selenium.remote.RemoteWebDriver.execute(RemoteWebDriver.java:554) ~[selenium-server-standalone-2.33.0.jar:na]
	at org.openqa.selenium.remote.RemoteWebDriver.executeScript(RemoteWebDriver.java:463) ~[selenium-server-standalone-2.33.0.jar:na]
	at sun.reflect.NativeMethodAccessorImpl.invoke0(Native Method) ~[na:1.7.0_25]
	at sun.reflect.NativeMethodAccessorImpl.invoke(NativeMethodAccessorImpl.java:57) ~[na:1.7.0_25]
	at sun.reflect.DelegatingMethodAccessorImpl.invoke(DelegatingMethodAccessorImpl.java:43) ~[na:1.7.0_25]
	at java.lang.reflect.Method.invoke(Method.java:606) ~[na:1.7.0_25]
	at org.openqa.selenium.support.events.EventFiringWebDriver$2.invoke(EventFiringWebDriver.java:101) ~[selenium-server-standalone-2.33.0.jar:na]
	at com.sun.proxy.$Proxy8.executeScript(Unknown Source) ~[na:na]
	at org.openqa.selenium.support.events.EventFiringWebDriver.executeScript(EventFiringWebDriver.java:209) ~[selenium-server-standalone-2.33.0.jar:na]
	at test.java.BaseClass$1.apply(BaseClass.java:77) [classes/:na]
	at test.java.BaseClass$1.apply(BaseClass.java:1) [classes/:na]
	at org.openqa.selenium.support.ui.FluentWait.until(FluentWait.java:208) [selenium-server-standalone-2.33.0.jar:na]
	at test.java.BaseClass.waitForPageLoaded(BaseClass.java:83) [classes/:na]
	at test.java.BaseClass.selectLang(BaseClass.java:95) [classes/:na]
	at test.java.MoneyTest.setup(MoneyTest.java:41) [classes/:na]
	at sun.reflect.NativeMethodAccessorImpl.invoke0(Native Method) ~[na:1.7.0_25]
	at sun.reflect.NativeMethodAccessorImpl.invoke(NativeMethodAccessorImpl.java:57) ~[na:1.7.0_25]
	at sun.reflect.DelegatingMethodAccessorImpl.invoke(DelegatingMethodAccessorImpl.java:43) ~[na:1.7.0_25]
	at java.lang.reflect.Method.invoke(Method.java:606) ~[na:1.7.0_25]
	at org.testng.internal.MethodInvocationHelper.invokeMethod(MethodInvocationHelper.java:80) [testng.jar:6.9beta-201211201815]
	at org.testng.internal.Invoker.invokeConfigurationMethod(Invoker.java:564) [testng.jar:6.9beta-201211201815]
	at org.testng.internal.Invoker.invokeConfigurations(Invoker.java:213) [testng.jar:6.9beta-201211201815]
	at org.testng.internal.Invoker.invokeMethod(Invoker.java:653) [testng.jar:6.9beta-201211201815]
	at org.testng.internal.Invoker.invokeTestMethod(Invoker.java:901) [testng.jar:6.9beta-201211201815]
	at org.testng.internal.Invoker.invokeTestMethods(Invoker.java:1231) [testng.jar:6.9beta-201211201815]
	at org.testng.internal.TestMethodWorker.invokeTestMethods(TestMethodWorker.java:128) [testng.jar:6.9beta-201211201815]
	at org.testng.internal.TestMethodWorker.run(TestMethodWorker.java:111) [testng.jar:6.9beta-201211201815]
	at org.testng.TestRunner.privateRun(TestRunner.java:767) [testng.jar:6.9beta-201211201815]
	at org.testng.TestRunner.run(TestRunner.java:617) [testng.jar:6.9beta-201211201815]
	at org.testng.SuiteRunner.runTest(SuiteRunner.java:334) [testng.jar:6.9beta-201211201815]
	at org.testng.SuiteRunner.runSequentially(SuiteRunner.java:329) [testng.jar:6.9beta-201211201815]
	at org.testng.SuiteRunner.privateRun(SuiteRunner.java:291) [testng.jar:6.9beta-201211201815]
	at org.testng.SuiteRunner.run(SuiteRunner.java:240) [testng.jar:6.9beta-201211201815]
	at org.testng.SuiteRunnerWorker.runSuite(SuiteRunnerWorker.java:52) [testng.jar:6.9beta-201211201815]
	at org.testng.SuiteRunnerWorker.run(SuiteRunnerWorker.java:86) [testng.jar:6.9beta-201211201815]
	at org.testng.TestNG.runSuitesSequentially(TestNG.java:1203) [testng.jar:6.9beta-201211201815]
	at org.testng.TestNG.runSuitesLocally(TestNG.java:1128) [testng.jar:6.9beta-201211201815]
	at org.testng.TestNG.run(TestNG.java:1036) [testng.jar:6.9beta-201211201815]
	at org.testng.remote.RemoteTestNG.run(RemoteTestNG.java:111) [testng.jar:6.9beta-201211201815]
	at org.testng.remote.RemoteTestNG.initAndRun(RemoteTestNG.java:204) [testng.jar:6.9beta-201211201815]
	at org.testng.remote.RemoteTestNG.main(RemoteTestNG.java:175) [testng.jar:6.9beta-201211201815]
org.openqa.selenium.remote.ErrorHandler$UnknownServerException: window.jQuery is undefined
Build info: version: '2.33.0', revision: '4e90c97', time: '2013-05-22 15:32:38'
System info: os.name: 'Linux', os.arch: 'amd64', os.version: '3.2.0-23-generic', java.version: '1.7.0_25'
Driver info: driver.version: unknown
	at <anonymous class>.anonymous(https://plush.com.ua/:60) ~[na:na]
	at <anonymous class>.handleEvaluateEvent(https://plush.com.ua/:60) ~[na:na]
9995 [main] ERROR m.Driver.MyWebDriverEventListener - ________________________________________________________________________________________________________________
10267 [main] INFO  test.java.LogTest - window.jQuery is undefined
Command duration or timeout: 340 milliseconds
Build info: version: '2.33.0', revision: '4e90c97', time: '2013-05-22 15:32:38'
System info: os.name: 'Linux', os.arch: 'amd64', os.version: '3.2.0-23-generic', java.version: '1.7.0_25'
Session ID: 24fb3f8f-3f93-4053-8cf9-d25ef1bc20ad
Driver info: org.openqa.selenium.firefox.FirefoxDriver
Capabilities [{platform=LINUX, databaseEnabled=true, cssSelectorsEnabled=true, javascriptEnabled=true, acceptSslCerts=true, handlesAlerts=true, browserName=firefox, browserConnectionEnabled=true, nativeEvents=true, webStorageEnabled=true, rotatable=false, locationContextEnabled=true, applicationCacheEnabled=true, takesScreenshot=true, version=21.0}]
10281 [main] INFO  test.java.LogTest - _________________________________________Test = typesOfPayment()_________________________________________
10375 [main] DEBUG m.Driver.MyWebDriverEventListener - Webdriver will click on element tag:a /id: js_header_signin/text: ('Войти')
12373 [main] DEBUG m.Driver.MyWebDriverEventListener - hope Webdriver clicked on element tag:a /id: js_header_signin/text: ('Войти')
12377 [main] INFO  test.java.LogTest - ------------------------ true
12431 [main] DEBUG m.Driver.MyWebDriverEventListener - WebDriver changing value in element found By.id: login_email from 'tag:input /id: login_email/text: ('')
14065 [main] DEBUG m.Driver.MyWebDriverEventListener - WebDriver changing value in element found By.id: login_email from 'tag:input /id: login_email/text: ('')
14199 [main] DEBUG m.Driver.MyWebDriverEventListener - WebDriver changing value in element found By.id: login_password from 'tag:input /id: login_password/text: ('')
14810 [main] DEBUG m.Driver.MyWebDriverEventListener - WebDriver changing value in element found By.id: login_password from 'tag:input /id: login_password/text: ('')
14882 [main] DEBUG m.Driver.MyWebDriverEventListener - Webdriver will click on element tag:input /id: login_button/text: ('')
16794 [main] DEBUG m.Driver.MyWebDriverEventListener - hope Webdriver clicked on element tag:input /id: login_button/text: ('')
17891 [main] DEBUG m.Driver.MyWebDriverEventListener - Webdriver will click on element tag:a /id: /text: ('0 TBM')
19782 [main] DEBUG m.Driver.MyWebDriverEventListener - hope Webdriver clicked on element tag:a /id: /text: ('0 TBM')
20097 [main] DEBUG m.Driver.MyWebDriverEventListener - Webdriver will click on element tag:a /id: /text: ('Пополнить счет')
21411 [main] DEBUG m.Driver.MyWebDriverEventListener - hope Webdriver clicked on element tag:a /id: /text: ('Пополнить счет')
21634 [main] DEBUG m.Driver.MyWebDriverEventListener - Webdriver will click on element tag:a /id: /text: ('Банковские карты
VISA и MasterCard')
22375 [main] DEBUG m.Driver.MyWebDriverEventListener - hope Webdriver clicked on element tag:a /id: /text: ('Банковские карты
VISA и MasterCard')
22375 [main] INFO  test.java.LogTest - The type of payment system is - card
22661 [main] DEBUG m.Driver.MyWebDriverEventListener - WebDriver changing value in element found By.xpath: //div[@class='money-wrap']//input from 'tag:input /id: fake_amount/text: ('')
22872 [main] DEBUG m.Driver.MyWebDriverEventListener - WebDriver changing value in element found By.xpath: //div[@class='money-wrap']//input from 'tag:input /id: fake_amount/text: ('')
23072 [main] DEBUG m.Driver.MyWebDriverEventListener - WebDriver changing value in element found By.xpath: //div[@class='money-wrap']//input from 'tag:input /id: fake_amount/text: ('')
23171 [main] DEBUG m.Driver.MyWebDriverEventListener - Webdriver will click on element tag:a /id: payform_submit/text: ('Пополнить')
24074 [main] DEBUG m.Driver.MyWebDriverEventListener - hope Webdriver clicked on element tag:a /id: payform_submit/text: ('Пополнить')
27135 [main] INFO  test.java.LogTest - ------------------------ true
27822 [main] DEBUG m.Driver.MyWebDriverEventListener - Webdriver will click on element tag:a /id: /text: ('Платежные системы
WebMoney, Visa QIWI Wallet, Яндекс.Деньги, PayPal, Деньги@mail.ru, EasyPay, ...')
28496 [main] DEBUG m.Driver.MyWebDriverEventListener - hope Webdriver clicked on element tag:a /id: /text: ('Платежные системы
WebMoney, Visa QIWI Wallet, Яндекс.Деньги, PayPal, Деньги@mail.ru, EasyPay, ...')
28496 [main] INFO  test.java.LogTest - The type of payment system is - WebMoney (Дол)
28899 [main] DEBUG m.Driver.MyWebDriverEventListener - Webdriver will click on element tag:a /id: /text: ('')
29656 [main] DEBUG m.Driver.MyWebDriverEventListener - hope Webdriver clicked on element tag:a /id: /text: ('')
29815 [main] DEBUG m.Driver.MyWebDriverEventListener - WebDriver changing value in element found By.xpath: //div[@class='money-wrap']//input from 'tag:input /id: fake_amount/text: ('')
30054 [main] DEBUG m.Driver.MyWebDriverEventListener - WebDriver changing value in element found By.xpath: //div[@class='money-wrap']//input from 'tag:input /id: fake_amount/text: ('')
30290 [main] DEBUG m.Driver.MyWebDriverEventListener - WebDriver changing value in element found By.xpath: //div[@class='money-wrap']//input from 'tag:input /id: fake_amount/text: ('')
30415 [main] DEBUG m.Driver.MyWebDriverEventListener - Webdriver will click on element tag:a /id: payform_submit/text: ('Пополнить')
31424 [main] DEBUG m.Driver.MyWebDriverEventListener - hope Webdriver clicked on element tag:a /id: payform_submit/text: ('Пополнить')
32475 [main] ERROR m.Driver.MyWebDriverEventListener - ________________________________________________________________________________________________________________
32476 [main] ERROR m.Driver.MyWebDriverEventListener - WebDriver error:
org.openqa.selenium.WebDriverException: window.jQuery is undefined
Command duration or timeout: 1.03 seconds
Build info: version: '2.33.0', revision: '4e90c97', time: '2013-05-22 15:32:38'
System info: os.name: 'Linux', os.arch: 'amd64', os.version: '3.2.0-23-generic', java.version: '1.7.0_25'
Session ID: 24fb3f8f-3f93-4053-8cf9-d25ef1bc20ad
Driver info: org.openqa.selenium.firefox.FirefoxDriver
Capabilities [{platform=LINUX, databaseEnabled=true, cssSelectorsEnabled=true, javascriptEnabled=true, acceptSslCerts=true, handlesAlerts=true, browserName=firefox, browserConnectionEnabled=true, nativeEvents=true, webStorageEnabled=true, rotatable=false, locationContextEnabled=true, applicationCacheEnabled=true, takesScreenshot=true, version=21.0}]
	at sun.reflect.NativeConstructorAccessorImpl.newInstance0(Native Method) ~[na:1.7.0_25]
	at sun.reflect.NativeConstructorAccessorImpl.newInstance(NativeConstructorAccessorImpl.java:57) ~[na:1.7.0_25]
	at sun.reflect.DelegatingConstructorAccessorImpl.newInstance(DelegatingConstructorAccessorImpl.java:45) ~[na:1.7.0_25]
	at java.lang.reflect.Constructor.newInstance(Constructor.java:526) ~[na:1.7.0_25]
	at org.openqa.selenium.remote.ErrorHandler.createThrowable(ErrorHandler.java:191) ~[selenium-server-standalone-2.33.0.jar:na]
	at org.openqa.selenium.remote.ErrorHandler.throwIfResponseFailed(ErrorHandler.java:145) ~[selenium-server-standalone-2.33.0.jar:na]
	at org.openqa.selenium.remote.RemoteWebDriver.execute(RemoteWebDriver.java:554) ~[selenium-server-standalone-2.33.0.jar:na]
	at org.openqa.selenium.remote.RemoteWebDriver.executeScript(RemoteWebDriver.java:463) ~[selenium-server-standalone-2.33.0.jar:na]
	at sun.reflect.NativeMethodAccessorImpl.invoke0(Native Method) ~[na:1.7.0_25]
	at sun.reflect.NativeMethodAccessorImpl.invoke(NativeMethodAccessorImpl.java:57) ~[na:1.7.0_25]
	at sun.reflect.DelegatingMethodAccessorImpl.invoke(DelegatingMethodAccessorImpl.java:43) ~[na:1.7.0_25]
	at java.lang.reflect.Method.invoke(Method.java:606) ~[na:1.7.0_25]
	at org.openqa.selenium.support.events.EventFiringWebDriver$2.invoke(EventFiringWebDriver.java:101) ~[selenium-server-standalone-2.33.0.jar:na]
	at com.sun.proxy.$Proxy8.executeScript(Unknown Source) ~[na:na]
	at org.openqa.selenium.support.events.EventFiringWebDriver.executeScript(EventFiringWebDriver.java:209) ~[selenium-server-standalone-2.33.0.jar:na]
	at test.java.BaseClass$1.apply(BaseClass.java:77) [classes/:na]
	at test.java.BaseClass$1.apply(BaseClass.java:1) [classes/:na]
	at org.openqa.selenium.support.ui.FluentWait.until(FluentWait.java:208) [selenium-server-standalone-2.33.0.jar:na]
	at test.java.BaseClass.waitForPageLoaded(BaseClass.java:83) [classes/:na]
	at main.pages.HomePage.switchToNewWindow(HomePage.java:281) [classes/:na]
	at main.pages.MoneyPage.selectPayType(MoneyPage.java:112) [classes/:na]
	at test.java.MoneyTest.typesOfPayment(MoneyTest.java:100) [classes/:na]
	at sun.reflect.NativeMethodAccessorImpl.invoke0(Native Method) ~[na:1.7.0_25]
	at sun.reflect.NativeMethodAccessorImpl.invoke(NativeMethodAccessorImpl.java:57) ~[na:1.7.0_25]
	at sun.reflect.DelegatingMethodAccessorImpl.invoke(DelegatingMethodAccessorImpl.java:43) ~[na:1.7.0_25]
	at java.lang.reflect.Method.invoke(Method.java:606) ~[na:1.7.0_25]
	at org.testng.internal.MethodInvocationHelper.invokeMethod(MethodInvocationHelper.java:80) [testng.jar:6.9beta-201211201815]
	at org.testng.internal.Invoker.invokeMethod(Invoker.java:714) [testng.jar:6.9beta-201211201815]
	at org.testng.internal.Invoker.invokeTestMethod(Invoker.java:901) [testng.jar:6.9beta-201211201815]
	at org.testng.internal.Invoker.invokeTestMethods(Invoker.java:1231) [testng.jar:6.9beta-201211201815]
	at org.testng.internal.TestMethodWorker.invokeTestMethods(TestMethodWorker.java:128) [testng.jar:6.9beta-201211201815]
	at org.testng.internal.TestMethodWorker.run(TestMethodWorker.java:111) [testng.jar:6.9beta-201211201815]
	at org.testng.TestRunner.privateRun(TestRunner.java:767) [testng.jar:6.9beta-201211201815]
	at org.testng.TestRunner.run(TestRunner.java:617) [testng.jar:6.9beta-201211201815]
	at org.testng.SuiteRunner.runTest(SuiteRunner.java:334) [testng.jar:6.9beta-201211201815]
	at org.testng.SuiteRunner.runSequentially(SuiteRunner.java:329) [testng.jar:6.9beta-201211201815]
	at org.testng.SuiteRunner.privateRun(SuiteRunner.java:291) [testng.jar:6.9beta-201211201815]
	at org.testng.SuiteRunner.run(SuiteRunner.java:240) [testng.jar:6.9beta-201211201815]
	at org.testng.SuiteRunnerWorker.runSuite(SuiteRunnerWorker.java:52) [testng.jar:6.9beta-201211201815]
	at org.testng.SuiteRunnerWorker.run(SuiteRunnerWorker.java:86) [testng.jar:6.9beta-201211201815]
	at org.testng.TestNG.runSuitesSequentially(TestNG.java:1203) [testng.jar:6.9beta-201211201815]
	at org.testng.TestNG.runSuitesLocally(TestNG.java:1128) [testng.jar:6.9beta-201211201815]
	at org.testng.TestNG.run(TestNG.java:1036) [testng.jar:6.9beta-201211201815]
	at org.testng.remote.RemoteTestNG.run(RemoteTestNG.java:111) [testng.jar:6.9beta-201211201815]
	at org.testng.remote.RemoteTestNG.initAndRun(RemoteTestNG.java:204) [testng.jar:6.9beta-201211201815]
	at org.testng.remote.RemoteTestNG.main(RemoteTestNG.java:175) [testng.jar:6.9beta-201211201815]
org.openqa.selenium.remote.ErrorHandler$UnknownServerException: window.jQuery is undefined
Build info: version: '2.33.0', revision: '4e90c97', time: '2013-05-22 15:32:38'
System info: os.name: 'Linux', os.arch: 'amd64', os.version: '3.2.0-23-generic', java.version: '1.7.0_25'
Driver info: driver.version: unknown
	at <anonymous class>.anonymous(https://www.onlinedengi.ru/wmpaycheck.php:60) ~[na:na]
	at <anonymous class>.handleEvaluateEvent(https://www.onlinedengi.ru/wmpaycheck.php:60) ~[na:na]
32476 [main] ERROR m.Driver.MyWebDriverEventListener - ________________________________________________________________________________________________________________
33716 [main] INFO  test.java.LogTest - window.jQuery is undefined
Command duration or timeout: 1.03 seconds
Build info: version: '2.33.0', revision: '4e90c97', time: '2013-05-22 15:32:38'
System info: os.name: 'Linux', os.arch: 'amd64', os.version: '3.2.0-23-generic', java.version: '1.7.0_25'
Session ID: 24fb3f8f-3f93-4053-8cf9-d25ef1bc20ad
Driver info: org.openqa.selenium.firefox.FirefoxDriver
Capabilities [{platform=LINUX, databaseEnabled=true, cssSelectorsEnabled=true, javascriptEnabled=true, acceptSslCerts=true, handlesAlerts=true, browserName=firefox, browserConnectionEnabled=true, nativeEvents=true, webStorageEnabled=true, rotatable=false, locationContextEnabled=true, applicationCacheEnabled=true, takesScreenshot=true, version=21.0}]
34098 [main] DEBUG m.Driver.MyWebDriverEventListener - Webdriver will click on element tag:a /id: /text: ('Платежные системы
WebMoney, Visa QIWI Wallet, Яндекс.Деньги, PayPal, Деньги@mail.ru, EasyPay, ...')
34902 [main] DEBUG m.Driver.MyWebDriverEventListener - hope Webdriver clicked on element tag:a /id: /text: ('Платежные системы
WebMoney, Visa QIWI Wallet, Яндекс.Деньги, PayPal, Деньги@mail.ru, EasyPay, ...')
34902 [main] INFO  test.java.LogTest - The type of payment system is - WebMoney (РУБ)
35186 [main] DEBUG m.Driver.MyWebDriverEventListener - Webdriver will click on element tag:a /id: /text: ('')
35743 [main] DEBUG m.Driver.MyWebDriverEventListener - hope Webdriver clicked on element tag:a /id: /text: ('')
35822 [main] DEBUG m.Driver.MyWebDriverEventListener - WebDriver changing value in element found By.xpath: //div[@class='money-wrap']//input from 'tag:input /id: fake_amount/text: ('')
36066 [main] DEBUG m.Driver.MyWebDriverEventListener - WebDriver changing value in element found By.xpath: //div[@class='money-wrap']//input from 'tag:input /id: fake_amount/text: ('')
36277 [main] DEBUG m.Driver.MyWebDriverEventListener - WebDriver changing value in element found By.xpath: //div[@class='money-wrap']//input from 'tag:input /id: fake_amount/text: ('')
36371 [main] DEBUG m.Driver.MyWebDriverEventListener - Webdriver will click on element tag:a /id: payform_submit/text: ('Пополнить')
37443 [main] DEBUG m.Driver.MyWebDriverEventListener - hope Webdriver clicked on element tag:a /id: payform_submit/text: ('Пополнить')
38574 [main] ERROR m.Driver.MyWebDriverEventListener - ________________________________________________________________________________________________________________
38576 [main] ERROR m.Driver.MyWebDriverEventListener - WebDriver error:
org.openqa.selenium.WebDriverException: window.jQuery is undefined
Command duration or timeout: 1.12 seconds
Build info: version: '2.33.0', revision: '4e90c97', time: '2013-05-22 15:32:38'
System info: os.name: 'Linux', os.arch: 'amd64', os.version: '3.2.0-23-generic', java.version: '1.7.0_25'
Session ID: 24fb3f8f-3f93-4053-8cf9-d25ef1bc20ad
Driver info: org.openqa.selenium.firefox.FirefoxDriver
Capabilities [{platform=LINUX, databaseEnabled=true, cssSelectorsEnabled=true, javascriptEnabled=true, acceptSslCerts=true, handlesAlerts=true, browserName=firefox, browserConnectionEnabled=true, nativeEvents=true, webStorageEnabled=true, rotatable=false, locationContextEnabled=true, applicationCacheEnabled=true, takesScreenshot=true, version=21.0}]
	at sun.reflect.NativeConstructorAccessorImpl.newInstance0(Native Method) ~[na:1.7.0_25]
	at sun.reflect.NativeConstructorAccessorImpl.newInstance(NativeConstructorAccessorImpl.java:57) ~[na:1.7.0_25]
	at sun.reflect.DelegatingConstructorAccessorImpl.newInstance(DelegatingConstructorAccessorImpl.java:45) ~[na:1.7.0_25]
	at java.lang.reflect.Constructor.newInstance(Constructor.java:526) ~[na:1.7.0_25]
	at org.openqa.selenium.remote.ErrorHandler.createThrowable(ErrorHandler.java:191) ~[selenium-server-standalone-2.33.0.jar:na]
	at org.openqa.selenium.remote.ErrorHandler.throwIfResponseFailed(ErrorHandler.java:145) ~[selenium-server-standalone-2.33.0.jar:na]
	at org.openqa.selenium.remote.RemoteWebDriver.execute(RemoteWebDriver.java:554) ~[selenium-server-standalone-2.33.0.jar:na]
	at org.openqa.selenium.remote.RemoteWebDriver.executeScript(RemoteWebDriver.java:463) ~[selenium-server-standalone-2.33.0.jar:na]
	at sun.reflect.NativeMethodAccessorImpl.invoke0(Native Method) ~[na:1.7.0_25]
	at sun.reflect.NativeMethodAccessorImpl.invoke(NativeMethodAccessorImpl.java:57) ~[na:1.7.0_25]
	at sun.reflect.DelegatingMethodAccessorImpl.invoke(DelegatingMethodAccessorImpl.java:43) ~[na:1.7.0_25]
	at java.lang.reflect.Method.invoke(Method.java:606) ~[na:1.7.0_25]
	at org.openqa.selenium.support.events.EventFiringWebDriver$2.invoke(EventFiringWebDriver.java:101) ~[selenium-server-standalone-2.33.0.jar:na]
	at com.sun.proxy.$Proxy8.executeScript(Unknown Source) ~[na:na]
	at org.openqa.selenium.support.events.EventFiringWebDriver.executeScript(EventFiringWebDriver.java:209) ~[selenium-server-standalone-2.33.0.jar:na]
	at test.java.BaseClass$1.apply(BaseClass.java:77) [classes/:na]
	at test.java.BaseClass$1.apply(BaseClass.java:1) [classes/:na]
	at org.openqa.selenium.support.ui.FluentWait.until(FluentWait.java:208) [selenium-server-standalone-2.33.0.jar:na]
	at test.java.BaseClass.waitForPageLoaded(BaseClass.java:83) [classes/:na]
	at main.pages.HomePage.switchToNewWindow(HomePage.java:281) [classes/:na]
	at main.pages.MoneyPage.selectPayType(MoneyPage.java:112) [classes/:na]
	at test.java.MoneyTest.typesOfPayment(MoneyTest.java:100) [classes/:na]
	at sun.reflect.NativeMethodAccessorImpl.invoke0(Native Method) ~[na:1.7.0_25]
	at sun.reflect.NativeMethodAccessorImpl.invoke(NativeMethodAccessorImpl.java:57) ~[na:1.7.0_25]
	at sun.reflect.DelegatingMethodAccessorImpl.invoke(DelegatingMethodAccessorImpl.java:43) ~[na:1.7.0_25]
	at java.lang.reflect.Method.invoke(Method.java:606) ~[na:1.7.0_25]
	at org.testng.internal.MethodInvocationHelper.invokeMethod(MethodInvocationHelper.java:80) [testng.jar:6.9beta-201211201815]
	at org.testng.internal.Invoker.invokeMethod(Invoker.java:714) [testng.jar:6.9beta-201211201815]
	at org.testng.internal.Invoker.invokeTestMethod(Invoker.java:901) [testng.jar:6.9beta-201211201815]
	at org.testng.internal.Invoker.invokeTestMethods(Invoker.java:1231) [testng.jar:6.9beta-201211201815]
	at org.testng.internal.TestMethodWorker.invokeTestMethods(TestMethodWorker.java:128) [testng.jar:6.9beta-201211201815]
	at org.testng.internal.TestMethodWorker.run(TestMethodWorker.java:111) [testng.jar:6.9beta-201211201815]
	at org.testng.TestRunner.privateRun(TestRunner.java:767) [testng.jar:6.9beta-201211201815]
	at org.testng.TestRunner.run(TestRunner.java:617) [testng.jar:6.9beta-201211201815]
	at org.testng.SuiteRunner.runTest(SuiteRunner.java:334) [testng.jar:6.9beta-201211201815]
	at org.testng.SuiteRunner.runSequentially(SuiteRunner.java:329) [testng.jar:6.9beta-201211201815]
	at org.testng.SuiteRunner.privateRun(SuiteRunner.java:291) [testng.jar:6.9beta-201211201815]
	at org.testng.SuiteRunner.run(SuiteRunner.java:240) [testng.jar:6.9beta-201211201815]
	at org.testng.SuiteRunnerWorker.runSuite(SuiteRunnerWorker.java:52) [testng.jar:6.9beta-201211201815]
	at org.testng.SuiteRunnerWorker.run(SuiteRunnerWorker.java:86) [testng.jar:6.9beta-201211201815]
	at org.testng.TestNG.runSuitesSequentially(TestNG.java:1203) [testng.jar:6.9beta-201211201815]
	at org.testng.TestNG.runSuitesLocally(TestNG.java:1128) [testng.jar:6.9beta-201211201815]
	at org.testng.TestNG.run(TestNG.java:1036) [testng.jar:6.9beta-201211201815]
	at org.testng.remote.RemoteTestNG.run(RemoteTestNG.java:111) [testng.jar:6.9beta-201211201815]
	at org.testng.remote.RemoteTestNG.initAndRun(RemoteTestNG.java:204) [testng.jar:6.9beta-201211201815]
	at org.testng.remote.RemoteTestNG.main(RemoteTestNG.java:175) [testng.jar:6.9beta-201211201815]
org.openqa.selenium.remote.ErrorHandler$UnknownServerException: window.jQuery is undefined
Build info: version: '2.33.0', revision: '4e90c97', time: '2013-05-22 15:32:38'
System info: os.name: 'Linux', os.arch: 'amd64', os.version: '3.2.0-23-generic', java.version: '1.7.0_25'
Driver info: driver.version: unknown
	at <anonymous class>.anonymous(https://www.onlinedengi.ru/wmpaycheck.php:60) ~[na:na]
	at <anonymous class>.handleEvaluateEvent(https://www.onlinedengi.ru/wmpaycheck.php:60) ~[na:na]
38576 [main] ERROR m.Driver.MyWebDriverEventListener - ________________________________________________________________________________________________________________
38683 [main] INFO  test.java.LogTest - window.jQuery is undefined
Command duration or timeout: 1.12 seconds
Build info: version: '2.33.0', revision: '4e90c97', time: '2013-05-22 15:32:38'
System info: os.name: 'Linux', os.arch: 'amd64', os.version: '3.2.0-23-generic', java.version: '1.7.0_25'
Session ID: 24fb3f8f-3f93-4053-8cf9-d25ef1bc20ad
Driver info: org.openqa.selenium.firefox.FirefoxDriver
Capabilities [{platform=LINUX, databaseEnabled=true, cssSelectorsEnabled=true, javascriptEnabled=true, acceptSslCerts=true, handlesAlerts=true, browserName=firefox, browserConnectionEnabled=true, nativeEvents=true, webStorageEnabled=true, rotatable=false, locationContextEnabled=true, applicationCacheEnabled=true, takesScreenshot=true, version=21.0}]
39149 [main] DEBUG m.Driver.MyWebDriverEventListener - Webdriver will click on element tag:a /id: /text: ('Платежные системы
WebMoney, Visa QIWI Wallet, Яндекс.Деньги, PayPal, Деньги@mail.ru, EasyPay, ...')
39909 [main] DEBUG m.Driver.MyWebDriverEventListener - hope Webdriver clicked on element tag:a /id: /text: ('Платежные системы
WebMoney, Visa QIWI Wallet, Яндекс.Деньги, PayPal, Деньги@mail.ru, EasyPay, ...')
39909 [main] INFO  test.java.LogTest - The type of payment system is - WebMoney (ЕВР)
40150 [main] DEBUG m.Driver.MyWebDriverEventListener - Webdriver will click on element tag:a /id: /text: ('')
40574 [main] DEBUG m.Driver.MyWebDriverEventListener - hope Webdriver clicked on element tag:a /id: /text: ('')
40680 [main] DEBUG m.Driver.MyWebDriverEventListener - WebDriver changing value in element found By.xpath: //div[@class='money-wrap']//input from 'tag:input /id: fake_amount/text: ('')
40939 [main] DEBUG m.Driver.MyWebDriverEventListener - WebDriver changing value in element found By.xpath: //div[@class='money-wrap']//input from 'tag:input /id: fake_amount/text: ('')
41164 [main] DEBUG m.Driver.MyWebDriverEventListener - WebDriver changing value in element found By.xpath: //div[@class='money-wrap']//input from 'tag:input /id: fake_amount/text: ('')
41276 [main] DEBUG m.Driver.MyWebDriverEventListener - Webdriver will click on element tag:a /id: payform_submit/text: ('Пополнить')
42469 [main] DEBUG m.Driver.MyWebDriverEventListener - hope Webdriver clicked on element tag:a /id: payform_submit/text: ('Пополнить')
43838 [main] ERROR m.Driver.MyWebDriverEventListener - ________________________________________________________________________________________________________________
43841 [main] ERROR m.Driver.MyWebDriverEventListener - WebDriver error:
org.openqa.selenium.WebDriverException: window.jQuery is undefined
Command duration or timeout: 1.36 seconds
Build info: version: '2.33.0', revision: '4e90c97', time: '2013-05-22 15:32:38'
System info: os.name: 'Linux', os.arch: 'amd64', os.version: '3.2.0-23-generic', java.version: '1.7.0_25'
Session ID: 24fb3f8f-3f93-4053-8cf9-d25ef1bc20ad
Driver info: org.openqa.selenium.firefox.FirefoxDriver
Capabilities [{platform=LINUX, databaseEnabled=true, cssSelectorsEnabled=true, javascriptEnabled=true, acceptSslCerts=true, handlesAlerts=true, browserName=firefox, browserConnectionEnabled=true, nativeEvents=true, webStorageEnabled=true, rotatable=false, locationContextEnabled=true, applicationCacheEnabled=true, takesScreenshot=true, version=21.0}]
	at sun.reflect.NativeConstructorAccessorImpl.newInstance0(Native Method) ~[na:1.7.0_25]
	at sun.reflect.NativeConstructorAccessorImpl.newInstance(NativeConstructorAccessorImpl.java:57) ~[na:1.7.0_25]
	at sun.reflect.DelegatingConstructorAccessorImpl.newInstance(DelegatingConstructorAccessorImpl.java:45) ~[na:1.7.0_25]
	at java.lang.reflect.Constructor.newInstance(Constructor.java:526) ~[na:1.7.0_25]
	at org.openqa.selenium.remote.ErrorHandler.createThrowable(ErrorHandler.java:191) ~[selenium-server-standalone-2.33.0.jar:na]
	at org.openqa.selenium.remote.ErrorHandler.throwIfResponseFailed(ErrorHandler.java:145) ~[selenium-server-standalone-2.33.0.jar:na]
	at org.openqa.selenium.remote.RemoteWebDriver.execute(RemoteWebDriver.java:554) ~[selenium-server-standalone-2.33.0.jar:na]
	at org.openqa.selenium.remote.RemoteWebDriver.executeScript(RemoteWebDriver.java:463) ~[selenium-server-standalone-2.33.0.jar:na]
	at sun.reflect.NativeMethodAccessorImpl.invoke0(Native Method) ~[na:1.7.0_25]
	at sun.reflect.NativeMethodAccessorImpl.invoke(NativeMethodAccessorImpl.java:57) ~[na:1.7.0_25]
	at sun.reflect.DelegatingMethodAccessorImpl.invoke(DelegatingMethodAccessorImpl.java:43) ~[na:1.7.0_25]
	at java.lang.reflect.Method.invoke(Method.java:606) ~[na:1.7.0_25]
	at org.openqa.selenium.support.events.EventFiringWebDriver$2.invoke(EventFiringWebDriver.java:101) ~[selenium-server-standalone-2.33.0.jar:na]
	at com.sun.proxy.$Proxy8.executeScript(Unknown Source) ~[na:na]
	at org.openqa.selenium.support.events.EventFiringWebDriver.executeScript(EventFiringWebDriver.java:209) ~[selenium-server-standalone-2.33.0.jar:na]
	at test.java.BaseClass$1.apply(BaseClass.java:77) [classes/:na]
	at test.java.BaseClass$1.apply(BaseClass.java:1) [classes/:na]
	at org.openqa.selenium.support.ui.FluentWait.until(FluentWait.java:208) [selenium-server-standalone-2.33.0.jar:na]
	at test.java.BaseClass.waitForPageLoaded(BaseClass.java:83) [classes/:na]
	at main.pages.HomePage.switchToNewWindow(HomePage.java:281) [classes/:na]
	at main.pages.MoneyPage.selectPayType(MoneyPage.java:112) [classes/:na]
	at test.java.MoneyTest.typesOfPayment(MoneyTest.java:100) [classes/:na]
	at sun.reflect.NativeMethodAccessorImpl.invoke0(Native Method) ~[na:1.7.0_25]
	at sun.reflect.NativeMethodAccessorImpl.invoke(NativeMethodAccessorImpl.java:57) ~[na:1.7.0_25]
	at sun.reflect.DelegatingMethodAccessorImpl.invoke(DelegatingMethodAccessorImpl.java:43) ~[na:1.7.0_25]
	at java.lang.reflect.Method.invoke(Method.java:606) ~[na:1.7.0_25]
	at org.testng.internal.MethodInvocationHelper.invokeMethod(MethodInvocationHelper.java:80) [testng.jar:6.9beta-201211201815]
	at org.testng.internal.Invoker.invokeMethod(Invoker.java:714) [testng.jar:6.9beta-201211201815]
	at org.testng.internal.Invoker.invokeTestMethod(Invoker.java:901) [testng.jar:6.9beta-201211201815]
	at org.testng.internal.Invoker.invokeTestMethods(Invoker.java:1231) [testng.jar:6.9beta-201211201815]
	at org.testng.internal.TestMethodWorker.invokeTestMethods(TestMethodWorker.java:128) [testng.jar:6.9beta-201211201815]
	at org.testng.internal.TestMethodWorker.run(TestMethodWorker.java:111) [testng.jar:6.9beta-201211201815]
	at org.testng.TestRunner.privateRun(TestRunner.java:767) [testng.jar:6.9beta-201211201815]
	at org.testng.TestRunner.run(TestRunner.java:617) [testng.jar:6.9beta-201211201815]
	at org.testng.SuiteRunner.runTest(SuiteRunner.java:334) [testng.jar:6.9beta-201211201815]
	at org.testng.SuiteRunner.runSequentially(SuiteRunner.java:329) [testng.jar:6.9beta-201211201815]
	at org.testng.SuiteRunner.privateRun(SuiteRunner.java:291) [testng.jar:6.9beta-201211201815]
	at org.testng.SuiteRunner.run(SuiteRunner.java:240) [testng.jar:6.9beta-201211201815]
	at org.testng.SuiteRunnerWorker.runSuite(SuiteRunnerWorker.java:52) [testng.jar:6.9beta-201211201815]
	at org.testng.SuiteRunnerWorker.run(SuiteRunnerWorker.java:86) [testng.jar:6.9beta-201211201815]
	at org.testng.TestNG.runSuitesSequentially(TestNG.java:1203) [testng.jar:6.9beta-201211201815]
	at org.testng.TestNG.runSuitesLocally(TestNG.java:1128) [testng.jar:6.9beta-201211201815]
	at org.testng.TestNG.run(TestNG.java:1036) [testng.jar:6.9beta-201211201815]
	at org.testng.remote.RemoteTestNG.run(RemoteTestNG.java:111) [testng.jar:6.9beta-201211201815]
	at org.testng.remote.RemoteTestNG.initAndRun(RemoteTestNG.java:204) [testng.jar:6.9beta-201211201815]
	at org.testng.remote.RemoteTestNG.main(RemoteTestNG.java:175) [testng.jar:6.9beta-201211201815]
org.openqa.selenium.remote.ErrorHandler$UnknownServerException: window.jQuery is undefined
Build info: version: '2.33.0', revision: '4e90c97', time: '2013-05-22 15:32:38'
System info: os.name: 'Linux', os.arch: 'amd64', os.version: '3.2.0-23-generic', java.version: '1.7.0_25'
Driver info: driver.version: unknown
	at <anonymous class>.anonymous(https://merchant.webmoney.ru/lmi/SignedLoginFormNewWC.asp?at=authtype_8:60) ~[na:na]
	at <anonymous class>.handleEvaluateEvent(https://merchant.webmoney.ru/lmi/SignedLoginFormNewWC.asp?at=authtype_8:60) ~[na:na]
43841 [main] ERROR m.Driver.MyWebDriverEventListener - ________________________________________________________________________________________________________________
43854 [main] INFO  test.java.LogTest - window.jQuery is undefined
Command duration or timeout: 1.36 seconds
Build info: version: '2.33.0', revision: '4e90c97', time: '2013-05-22 15:32:38'
System info: os.name: 'Linux', os.arch: 'amd64', os.version: '3.2.0-23-generic', java.version: '1.7.0_25'
Session ID: 24fb3f8f-3f93-4053-8cf9-d25ef1bc20ad
Driver info: org.openqa.selenium.firefox.FirefoxDriver
Capabilities [{platform=LINUX, databaseEnabled=true, cssSelectorsEnabled=true, javascriptEnabled=true, acceptSslCerts=true, handlesAlerts=true, browserName=firefox, browserConnectionEnabled=true, nativeEvents=true, webStorageEnabled=true, rotatable=false, locationContextEnabled=true, applicationCacheEnabled=true, takesScreenshot=true, version=21.0}]
44103 [main] DEBUG m.Driver.MyWebDriverEventListener - Webdriver will click on element tag:a /id: /text: ('Платежные системы
WebMoney, Visa QIWI Wallet, Яндекс.Деньги, PayPal, Деньги@mail.ru, EasyPay, ...')
44880 [main] DEBUG m.Driver.MyWebDriverEventListener - hope Webdriver clicked on element tag:a /id: /text: ('Платежные системы
WebMoney, Visa QIWI Wallet, Яндекс.Деньги, PayPal, Деньги@mail.ru, EasyPay, ...')
44881 [main] INFO  test.java.LogTest - The type of payment system is - Visa Qiwi Wallet (Россия)
45127 [main] DEBUG m.Driver.MyWebDriverEventListener - Webdriver will click on element tag:a /id: /text: ('')
45832 [main] DEBUG m.Driver.MyWebDriverEventListener - hope Webdriver clicked on element tag:a /id: /text: ('')
45950 [main] DEBUG m.Driver.MyWebDriverEventListener - WebDriver changing value in element found By.xpath: //div[@class='money-wrap']//input from 'tag:input /id: fake_amount/text: ('')
46211 [main] DEBUG m.Driver.MyWebDriverEventListener - WebDriver changing value in element found By.xpath: //div[@class='money-wrap']//input from 'tag:input /id: fake_amount/text: ('')
46441 [main] DEBUG m.Driver.MyWebDriverEventListener - WebDriver changing value in element found By.xpath: //div[@class='money-wrap']//input from 'tag:input /id: fake_amount/text: ('')
46536 [main] DEBUG m.Driver.MyWebDriverEventListener - Webdriver will click on element tag:a /id: payform_submit/text: ('Пополнить')
48024 [main] DEBUG m.Driver.MyWebDriverEventListener - hope Webdriver clicked on element tag:a /id: payform_submit/text: ('Пополнить')
51124 [main] INFO  test.java.LogTest - ------------------------ true
51780 [main] DEBUG m.Driver.MyWebDriverEventListener - Webdriver will click on element tag:a /id: /text: ('Платежные системы
WebMoney, Visa QIWI Wallet, Яндекс.Деньги, PayPal, Деньги@mail.ru, EasyPay, ...')
52570 [main] DEBUG m.Driver.MyWebDriverEventListener - hope Webdriver clicked on element tag:a /id: /text: ('Платежные системы
WebMoney, Visa QIWI Wallet, Яндекс.Деньги, PayPal, Деньги@mail.ru, EasyPay, ...')
52570 [main] INFO  test.java.LogTest - The type of payment system is - Деньги@Mail.Ru
52771 [main] DEBUG m.Driver.MyWebDriverEventListener - Webdriver will click on element tag:a /id: /text: ('')
53025 [main] DEBUG m.Driver.MyWebDriverEventListener - hope Webdriver clicked on element tag:a /id: /text: ('')
53091 [main] DEBUG m.Driver.MyWebDriverEventListener - WebDriver changing value in element found By.xpath: //div[@class='money-wrap']//input from 'tag:input /id: fake_amount/text: ('')
53330 [main] DEBUG m.Driver.MyWebDriverEventListener - WebDriver changing value in element found By.xpath: //div[@class='money-wrap']//input from 'tag:input /id: fake_amount/text: ('')
53557 [main] DEBUG m.Driver.MyWebDriverEventListener - WebDriver changing value in element found By.xpath: //div[@class='money-wrap']//input from 'tag:input /id: fake_amount/text: ('')
53658 [main] DEBUG m.Driver.MyWebDriverEventListener - Webdriver will click on element tag:a /id: payform_submit/text: ('Пополнить')
54642 [main] DEBUG m.Driver.MyWebDriverEventListener - hope Webdriver clicked on element tag:a /id: payform_submit/text: ('Пополнить')
109265 [main] INFO  test.java.LogTest - ------------------------ true
109867 [main] DEBUG m.Driver.MyWebDriverEventListener - Webdriver will click on element tag:a /id: /text: ('Платежные системы
WebMoney, Visa QIWI Wallet, Яндекс.Деньги, PayPal, Деньги@mail.ru, EasyPay, ...')
110659 [main] DEBUG m.Driver.MyWebDriverEventListener - hope Webdriver clicked on element tag:a /id: /text: ('Платежные системы
WebMoney, Visa QIWI Wallet, Яндекс.Деньги, PayPal, Деньги@mail.ru, EasyPay, ...')
110659 [main] INFO  test.java.LogTest - The type of payment system is - MoneXy
110894 [main] DEBUG m.Driver.MyWebDriverEventListener - Webdriver will click on element tag:a /id: /text: ('')
111370 [main] DEBUG m.Driver.MyWebDriverEventListener - hope Webdriver clicked on element tag:a /id: /text: ('')
111520 [main] DEBUG m.Driver.MyWebDriverEventListener - WebDriver changing value in element found By.xpath: //div[@class='money-wrap']//input from 'tag:input /id: fake_amount/text: ('')
111770 [main] DEBUG m.Driver.MyWebDriverEventListener - WebDriver changing value in element found By.xpath: //div[@class='money-wrap']//input from 'tag:input /id: fake_amount/text: ('')
111953 [main] DEBUG m.Driver.MyWebDriverEventListener - WebDriver changing value in element found By.xpath: //div[@class='money-wrap']//input from 'tag:input /id: fake_amount/text: ('')
112098 [main] DEBUG m.Driver.MyWebDriverEventListener - Webdriver will click on element tag:a /id: payform_submit/text: ('Пополнить')
113250 [main] DEBUG m.Driver.MyWebDriverEventListener - hope Webdriver clicked on element tag:a /id: payform_submit/text: ('Пополнить')
117230 [main] INFO  test.java.LogTest - ------------------------ true
117903 [main] DEBUG m.Driver.MyWebDriverEventListener - Webdriver will click on element tag:a /id: /text: ('Платежные системы
WebMoney, Visa QIWI Wallet, Яндекс.Деньги, PayPal, Деньги@mail.ru, EasyPay, ...')
118699 [main] DEBUG m.Driver.MyWebDriverEventListener - hope Webdriver clicked on element tag:a /id: /text: ('Платежные системы
WebMoney, Visa QIWI Wallet, Яндекс.Деньги, PayPal, Деньги@mail.ru, EasyPay, ...')
118699 [main] INFO  test.java.LogTest - The type of payment system is - Веб-кошелёк ПСКБ Россия
118944 [main] DEBUG m.Driver.MyWebDriverEventListener - Webdriver will click on element tag:a /id: /text: ('')
119515 [main] DEBUG m.Driver.MyWebDriverEventListener - hope Webdriver clicked on element tag:a /id: /text: ('')
119586 [main] DEBUG m.Driver.MyWebDriverEventListener - WebDriver changing value in element found By.xpath: //div[@class='money-wrap']//input from 'tag:input /id: fake_amount/text: ('')
119830 [main] DEBUG m.Driver.MyWebDriverEventListener - WebDriver changing value in element found By.xpath: //div[@class='money-wrap']//input from 'tag:input /id: fake_amount/text: ('')
120014 [main] DEBUG m.Driver.MyWebDriverEventListener - WebDriver changing value in element found By.xpath: //div[@class='money-wrap']//input from 'tag:input /id: fake_amount/text: ('')
120084 [main] DEBUG m.Driver.MyWebDriverEventListener - Webdriver will click on element tag:a /id: payform_submit/text: ('Пополнить')
121382 [main] DEBUG m.Driver.MyWebDriverEventListener - hope Webdriver clicked on element tag:a /id: payform_submit/text: ('Пополнить')
122434 [main] INFO  test.java.LogTest - ------------------------ true
123085 [main] DEBUG m.Driver.MyWebDriverEventListener - Webdriver will click on element tag:a /id: /text: ('Платежные системы
WebMoney, Visa QIWI Wallet, Яндекс.Деньги, PayPal, Деньги@mail.ru, EasyPay, ...')
123859 [main] DEBUG m.Driver.MyWebDriverEventListener - hope Webdriver clicked on element tag:a /id: /text: ('Платежные системы
WebMoney, Visa QIWI Wallet, Яндекс.Деньги, PayPal, Деньги@mail.ru, EasyPay, ...')
123859 [main] INFO  test.java.LogTest - The type of payment system is - EasyPay
124076 [main] DEBUG m.Driver.MyWebDriverEventListener - Webdriver will click on element tag:a /id: /text: ('')
124707 [main] DEBUG m.Driver.MyWebDriverEventListener - hope Webdriver clicked on element tag:a /id: /text: ('')
124784 [main] DEBUG m.Driver.MyWebDriverEventListener - WebDriver changing value in element found By.xpath: //div[@class='money-wrap']//input from 'tag:input /id: fake_amount/text: ('')
125017 [main] DEBUG m.Driver.MyWebDriverEventListener - WebDriver changing value in element found By.xpath: //div[@class='money-wrap']//input from 'tag:input /id: fake_amount/text: ('')
125226 [main] DEBUG m.Driver.MyWebDriverEventListener - WebDriver changing value in element found By.xpath: //div[@class='money-wrap']//input from 'tag:input /id: fake_amount/text: ('')
125301 [main] DEBUG m.Driver.MyWebDriverEventListener - Webdriver will click on element tag:a /id: payform_submit/text: ('Пополнить')
125928 [main] DEBUG m.Driver.MyWebDriverEventListener - hope Webdriver clicked on element tag:a /id: payform_submit/text: ('Пополнить')
127146 [main] INFO  test.java.LogTest - ------------------------ true
127557 [main] DEBUG m.Driver.MyWebDriverEventListener - Webdriver will click on element tag:a /id: /text: ('Платежные системы
WebMoney, Visa QIWI Wallet, Яндекс.Деньги, PayPal, Деньги@mail.ru, EasyPay, ...')
128319 [main] DEBUG m.Driver.MyWebDriverEventListener - hope Webdriver clicked on element tag:a /id: /text: ('Платежные системы
WebMoney, Visa QIWI Wallet, Яндекс.Деньги, PayPal, Деньги@mail.ru, EasyPay, ...')
128319 [main] INFO  test.java.LogTest - The type of payment system is - ECO
128590 [main] DEBUG m.Driver.MyWebDriverEventListener - Webdriver will click on element tag:a /id: /text: ('')
128978 [main] DEBUG m.Driver.MyWebDriverEventListener - hope Webdriver clicked on element tag:a /id: /text: ('')
129034 [main] DEBUG m.Driver.MyWebDriverEventListener - WebDriver changing value in element found By.xpath: //div[@class='money-wrap']//input from 'tag:input /id: fake_amount/text: ('')
129244 [main] DEBUG m.Driver.MyWebDriverEventListener - WebDriver changing value in element found By.xpath: //div[@class='money-wrap']//input from 'tag:input /id: fake_amount/text: ('')
129466 [main] DEBUG m.Driver.MyWebDriverEventListener - WebDriver changing value in element found By.xpath: //div[@class='money-wrap']//input from 'tag:input /id: fake_amount/text: ('')
129523 [main] DEBUG m.Driver.MyWebDriverEventListener - Webdriver will click on element tag:a /id: payform_submit/text: ('Пополнить')
130181 [main] DEBUG m.Driver.MyWebDriverEventListener - hope Webdriver clicked on element tag:a /id: payform_submit/text: ('Пополнить')
136289 [main] INFO  test.java.LogTest - ------------------------ true
136532 [main] DEBUG m.Driver.MyWebDriverEventListener - WebDriver changing value in element found By.selector: .popup__wrap from 'tag:div /id: /text: ('Пополнение вашего счёта')
136534 [main] INFO  test.java.LogTest - _________________________________________@AfterMethod_________________________________________
139546 [main] ERROR test.java.LogTest - ----------------------------------------------------------------------js error----------------------------------------------------------------------
139546 [main] ERROR test.java.LogTest - javascript error 1.SyntaxError: invalid range in character class [https://www.onlinedengi.ru/assets/default/base/js/script-un.js:73]
139546 [main] ERROR test.java.LogTest - ----------------------------------------------------------------------js error----------------------------------------------------------------------
139546 [main] ERROR test.java.LogTest - ----------------------------------------------------------------------js error----------------------------------------------------------------------
139546 [main] ERROR test.java.LogTest - javascript error 2.SyntaxError: invalid range in character class [https://www.onlinedengi.ru/assets/default/base/js/script-un.js:73]
139546 [main] ERROR test.java.LogTest - ----------------------------------------------------------------------js error----------------------------------------------------------------------
139647 [Thread-0] DEBUG main.Driver.WebDriverFactory - Killing driver 
262  [main] INFO  test.java.LogTest - ______________________________________class test.java.NewsTest______________________________________
267  [main] DEBUG main.Driver.WebDriverFactory - Requested driver: Capabilities [{browserName=firefox}]:null
3550 [main] INFO  m.Driver.MyWebDriverEventListener - WebDriver navigating to:'https://testun.com.ua/sys/sys/test_cookie_key'
4249 [main] INFO  m.Driver.MyWebDriverEventListener - WebDriver navigating to:'https://plush.com.ua/'
7127 [main] DEBUG m.Driver.MyWebDriverEventListener - Webdriver will click on element tag:li /id: /text: ('English▼')
9899 [main] DEBUG m.Driver.MyWebDriverEventListener - hope Webdriver clicked on element tag:li /id: /text: ('English▼')
10030 [main] INFO  test.java.LogTest - ------------------------ true
10151 [main] DEBUG m.Driver.MyWebDriverEventListener - Webdriver will click on element tag:a /id: lang_ru/text: ('Русский')
10408 [main] DEBUG m.Driver.MyWebDriverEventListener - hope Webdriver clicked on element tag:a /id: lang_ru/text: ('Русский')
10970 [main] INFO  test.java.LogTest - ------------------------ true
10998 [main] INFO  test.java.LogTest - >>>>>>>>>>>>>>>Test = participateHangout()<<<<<<<<<<<<<<<
11046 [main] DEBUG m.Driver.MyWebDriverEventListener - Webdriver will click on element tag:a /id: js_header_signin/text: ('Войти')
13005 [main] DEBUG m.Driver.MyWebDriverEventListener - hope Webdriver clicked on element tag:a /id: js_header_signin/text: ('Войти')
13019 [main] INFO  test.java.LogTest - ------------------------ true
13081 [main] DEBUG m.Driver.MyWebDriverEventListener - WebDriver changing value in element found By.id: login_email from 'tag:input /id: login_email/text: ('')
14599 [main] DEBUG m.Driver.MyWebDriverEventListener - WebDriver changing value in element found By.id: login_email from 'tag:input /id: login_email/text: ('')
14698 [main] DEBUG m.Driver.MyWebDriverEventListener - WebDriver changing value in element found By.id: login_password from 'tag:input /id: login_password/text: ('')
15314 [main] DEBUG m.Driver.MyWebDriverEventListener - WebDriver changing value in element found By.id: login_password from 'tag:input /id: login_password/text: ('')
15392 [main] DEBUG m.Driver.MyWebDriverEventListener - Webdriver will click on element tag:input /id: login_button/text: ('')
17453 [main] DEBUG m.Driver.MyWebDriverEventListener - hope Webdriver clicked on element tag:input /id: login_button/text: ('')
18202 [main] INFO  m.Driver.MyWebDriverEventListener - WebDriver navigating to:'https://plush.com.ua//user/15577'
19251 [main] DEBUG m.Driver.MyWebDriverEventListener - Webdriver will click on element tag:a /id: /text: ('Подписаться')
19886 [main] DEBUG m.Driver.MyWebDriverEventListener - hope Webdriver clicked on element tag:a /id: /text: ('Подписаться')
30011 [main] ERROR m.Driver.MyWebDriverEventListener - ________________________________________________________________________________________________________________
30011 [main] ERROR m.Driver.MyWebDriverEventListener - WebDriver error: Element not found By.id: js_header_signin
30011 [main] ERROR m.Driver.MyWebDriverEventListener - ________________________________________________________________________________________________________________
30018 [main] INFO  test.java.LogTest - >>>>>>>>>>@AfterMethod<<<<<<<<<
33141 [Thread-0] DEBUG main.Driver.WebDriverFactory - Killing driver 
279  [main] INFO  test.java.LogTest - ______________________________________class test.java.NewsTest______________________________________
284  [main] DEBUG main.Driver.WebDriverFactory - Requested driver: Capabilities [{browserName=firefox}]:null
3711 [main] INFO  m.Driver.MyWebDriverEventListener - WebDriver navigating to:'https://testun.com.ua/sys/sys/test_cookie_key'
4483 [main] INFO  m.Driver.MyWebDriverEventListener - WebDriver navigating to:'https://plush.com.ua/'
6818 [main] DEBUG m.Driver.MyWebDriverEventListener - Webdriver will click on element tag:li /id: /text: ('English▼')
9779 [main] DEBUG m.Driver.MyWebDriverEventListener - hope Webdriver clicked on element tag:li /id: /text: ('English▼')
9795 [main] INFO  test.java.LogTest - ------------------------ true
9881 [main] DEBUG m.Driver.MyWebDriverEventListener - Webdriver will click on element tag:a /id: lang_ru/text: ('Русский')
10133 [main] DEBUG m.Driver.MyWebDriverEventListener - hope Webdriver clicked on element tag:a /id: lang_ru/text: ('Русский')
10141 [main] INFO  test.java.LogTest - ------------------------ false
10764 [main] INFO  test.java.LogTest - ------------------------ true
10790 [main] INFO  test.java.LogTest - >>>>>>>>>>>>>>>Test = participateHangout()<<<<<<<<<<<<<<<
10917 [main] DEBUG m.Driver.MyWebDriverEventListener - Webdriver will click on element tag:a /id: js_header_signin/text: ('Войти')
12867 [main] DEBUG m.Driver.MyWebDriverEventListener - hope Webdriver clicked on element tag:a /id: js_header_signin/text: ('Войти')
12894 [main] INFO  test.java.LogTest - ------------------------ true
13018 [main] DEBUG m.Driver.MyWebDriverEventListener - WebDriver changing value in element found By.id: login_email from 'tag:input /id: login_email/text: ('')
14567 [main] DEBUG m.Driver.MyWebDriverEventListener - WebDriver changing value in element found By.id: login_email from 'tag:input /id: login_email/text: ('')
14619 [main] DEBUG m.Driver.MyWebDriverEventListener - WebDriver changing value in element found By.id: login_password from 'tag:input /id: login_password/text: ('')
15262 [main] DEBUG m.Driver.MyWebDriverEventListener - WebDriver changing value in element found By.id: login_password from 'tag:input /id: login_password/text: ('')
15330 [main] DEBUG m.Driver.MyWebDriverEventListener - Webdriver will click on element tag:input /id: login_button/text: ('')
17225 [main] DEBUG m.Driver.MyWebDriverEventListener - hope Webdriver clicked on element tag:input /id: login_button/text: ('')
17999 [main] INFO  m.Driver.MyWebDriverEventListener - WebDriver navigating to:'https://plush.com.ua//user/15577'
29934 [main] ERROR m.Driver.MyWebDriverEventListener - ________________________________________________________________________________________________________________
29934 [main] ERROR m.Driver.MyWebDriverEventListener - WebDriver error: Element not found By.id: js_header_signin
29934 [main] ERROR m.Driver.MyWebDriverEventListener - ________________________________________________________________________________________________________________
29938 [main] INFO  test.java.LogTest - >>>>>>>>>>@AfterMethod<<<<<<<<<
33060 [Thread-0] DEBUG main.Driver.WebDriverFactory - Killing driver 
283  [main] INFO  test.java.LogTest - ______________________________________class test.java.NewsTest______________________________________
287  [main] DEBUG main.Driver.WebDriverFactory - Requested driver: Capabilities [{browserName=firefox}]:null
3710 [main] INFO  m.Driver.MyWebDriverEventListener - WebDriver navigating to:'https://testun.com.ua/sys/sys/test_cookie_key'
4525 [main] INFO  m.Driver.MyWebDriverEventListener - WebDriver navigating to:'https://plush.com.ua/'
7663 [main] DEBUG m.Driver.MyWebDriverEventListener - Webdriver will click on element tag:li /id: /text: ('English▼')
10493 [main] DEBUG m.Driver.MyWebDriverEventListener - hope Webdriver clicked on element tag:li /id: /text: ('English▼')
10512 [main] INFO  test.java.LogTest - ------------------------ true
10588 [main] DEBUG m.Driver.MyWebDriverEventListener - Webdriver will click on element tag:a /id: lang_ru/text: ('Русский')
10832 [main] DEBUG m.Driver.MyWebDriverEventListener - hope Webdriver clicked on element tag:a /id: lang_ru/text: ('Русский')
11163 [main] INFO  test.java.LogTest - ------------------------ true
11336 [main] INFO  test.java.LogTest - >>>>>>>>>>>>>>>Test = participateHangout()<<<<<<<<<<<<<<<
11407 [main] DEBUG m.Driver.MyWebDriverEventListener - Webdriver will click on element tag:a /id: js_header_signin/text: ('Войти')
13413 [main] DEBUG m.Driver.MyWebDriverEventListener - hope Webdriver clicked on element tag:a /id: js_header_signin/text: ('Войти')
13437 [main] INFO  test.java.LogTest - ------------------------ true
13566 [main] DEBUG m.Driver.MyWebDriverEventListener - WebDriver changing value in element found By.id: login_email from 'tag:input /id: login_email/text: ('')
15140 [main] DEBUG m.Driver.MyWebDriverEventListener - WebDriver changing value in element found By.id: login_email from 'tag:input /id: login_email/text: ('')
15246 [main] DEBUG m.Driver.MyWebDriverEventListener - WebDriver changing value in element found By.id: login_password from 'tag:input /id: login_password/text: ('')
15849 [main] DEBUG m.Driver.MyWebDriverEventListener - WebDriver changing value in element found By.id: login_password from 'tag:input /id: login_password/text: ('')
15909 [main] DEBUG m.Driver.MyWebDriverEventListener - Webdriver will click on element tag:input /id: login_button/text: ('')
17869 [main] DEBUG m.Driver.MyWebDriverEventListener - hope Webdriver clicked on element tag:input /id: login_button/text: ('')
18328 [main] INFO  m.Driver.MyWebDriverEventListener - WebDriver navigating to:'https://plush.com.ua//user/15577'
30315 [main] ERROR m.Driver.MyWebDriverEventListener - ________________________________________________________________________________________________________________
30315 [main] ERROR m.Driver.MyWebDriverEventListener - WebDriver error: Element not found By.id: js_header_signin
30315 [main] ERROR m.Driver.MyWebDriverEventListener - ________________________________________________________________________________________________________________
30325 [main] INFO  test.java.LogTest - >>>>>>>>>>@AfterMethod<<<<<<<<<
33439 [Thread-0] DEBUG main.Driver.WebDriverFactory - Killing driver 
35612 [Thread-0] ERROR m.Driver.MyWebDriverEventListener - ________________________________________________________________________________________________________________
35620 [Thread-0] ERROR m.Driver.MyWebDriverEventListener - WebDriver error:
org.openqa.selenium.remote.UnreachableBrowserException: Error communicating with the remote browser. It may have died.
Build info: version: '2.33.0', revision: '4e90c97', time: '2013-05-22 15:32:38'
System info: os.name: 'Linux', os.arch: 'amd64', os.version: '3.2.0-23-generic', java.version: '1.7.0_25'
Driver info: driver.version: EventFiringWebDriver
	at org.openqa.selenium.remote.RemoteWebDriver.execute(RemoteWebDriver.java:548) ~[selenium-server-standalone-2.33.0.jar:na]
	at org.openqa.selenium.remote.RemoteWebDriver.execute(RemoteWebDriver.java:569) ~[selenium-server-standalone-2.33.0.jar:na]
	at org.openqa.selenium.remote.RemoteWebDriver.quit(RemoteWebDriver.java:423) ~[selenium-server-standalone-2.33.0.jar:na]
	at sun.reflect.NativeMethodAccessorImpl.invoke0(Native Method) ~[na:1.7.0_25]
	at sun.reflect.NativeMethodAccessorImpl.invoke(NativeMethodAccessorImpl.java:57) ~[na:1.7.0_25]
	at sun.reflect.DelegatingMethodAccessorImpl.invoke(DelegatingMethodAccessorImpl.java:43) ~[na:1.7.0_25]
	at java.lang.reflect.Method.invoke(Method.java:606) ~[na:1.7.0_25]
	at org.openqa.selenium.support.events.EventFiringWebDriver$2.invoke(EventFiringWebDriver.java:101) ~[selenium-server-standalone-2.33.0.jar:na]
	at com.sun.proxy.$Proxy8.quit(Unknown Source) ~[na:na]
	at org.openqa.selenium.support.events.EventFiringWebDriver.quit(EventFiringWebDriver.java:194) ~[selenium-server-standalone-2.33.0.jar:na]
	at main.Driver.WebDriverFactory.dismissDriver(WebDriverFactory.java:99) ~[classes/:na]
	at main.Driver.WebDriverFactory$1.run(WebDriverFactory.java:163) [classes/:na]
Caused by: org.apache.http.NoHttpResponseException: The target server failed to respond
	at org.apache.http.impl.conn.DefaultHttpResponseParser.parseHead(DefaultHttpResponseParser.java:95) ~[selenium-server-standalone-2.33.0.jar:na]
	at org.apache.http.impl.conn.DefaultHttpResponseParser.parseHead(DefaultHttpResponseParser.java:62) ~[selenium-server-standalone-2.33.0.jar:na]
	at org.apache.http.impl.io.AbstractMessageParser.parse(AbstractMessageParser.java:254) ~[selenium-server-standalone-2.33.0.jar:na]
	at org.apache.http.impl.AbstractHttpClientConnection.receiveResponseHeader(AbstractHttpClientConnection.java:289) ~[selenium-server-standalone-2.33.0.jar:na]
	at org.apache.http.impl.conn.DefaultClientConnection.receiveResponseHeader(DefaultClientConnection.java:252) ~[selenium-server-standalone-2.33.0.jar:na]
	at org.apache.http.impl.conn.AbstractClientConnAdapter.receiveResponseHeader(AbstractClientConnAdapter.java:219) ~[selenium-server-standalone-2.33.0.jar:na]
	at org.apache.http.protocol.HttpRequestExecutor.doReceiveResponse(HttpRequestExecutor.java:300) ~[selenium-server-standalone-2.33.0.jar:na]
	at org.apache.http.protocol.HttpRequestExecutor.execute(HttpRequestExecutor.java:127) ~[selenium-server-standalone-2.33.0.jar:na]
	at org.apache.http.impl.client.DefaultRequestDirector.tryExecute(DefaultRequestDirector.java:712) ~[selenium-server-standalone-2.33.0.jar:na]
	at org.apache.http.impl.client.DefaultRequestDirector.execute(DefaultRequestDirector.java:517) ~[selenium-server-standalone-2.33.0.jar:na]
	at org.apache.http.impl.client.AbstractHttpClient.execute(AbstractHttpClient.java:906) ~[selenium-server-standalone-2.33.0.jar:na]
	at org.openqa.selenium.remote.HttpCommandExecutor.fallBackExecute(HttpCommandExecutor.java:334) ~[selenium-server-standalone-2.33.0.jar:na]
	at org.openqa.selenium.remote.HttpCommandExecutor.execute(HttpCommandExecutor.java:295) ~[selenium-server-standalone-2.33.0.jar:na]
	at org.openqa.selenium.firefox.internal.NewProfileExtensionConnection.execute(NewProfileExtensionConnection.java:133) ~[selenium-server-standalone-2.33.0.jar:na]
	at org.openqa.selenium.firefox.FirefoxDriver$LazyCommandExecutor.execute(FirefoxDriver.java:355) ~[selenium-server-standalone-2.33.0.jar:na]
	at org.openqa.selenium.remote.RemoteWebDriver.execute(RemoteWebDriver.java:527) ~[selenium-server-standalone-2.33.0.jar:na]
	... 11 common frames omitted
35621 [Thread-0] ERROR m.Driver.MyWebDriverEventListener - ________________________________________________________________________________________________________________
35622 [Thread-0] WARN  main.Driver.WebDriverFactory - Driver killing error
org.openqa.selenium.remote.SessionNotFoundException: The FirefoxDriver cannot be used after quit() was called.
Build info: version: '2.33.0', revision: '4e90c97', time: '2013-05-22 15:32:38'
System info: os.name: 'Linux', os.arch: 'amd64', os.version: '3.2.0-23-generic', java.version: '1.7.0_25'
Driver info: driver.version: EventFiringWebDriver
	at org.openqa.selenium.firefox.FirefoxDriver$LazyCommandExecutor.execute(FirefoxDriver.java:352) ~[selenium-server-standalone-2.33.0.jar:na]
	at org.openqa.selenium.remote.RemoteWebDriver.execute(RemoteWebDriver.java:527) ~[selenium-server-standalone-2.33.0.jar:na]
	at org.openqa.selenium.remote.RemoteWebDriver.executeScript(RemoteWebDriver.java:463) ~[selenium-server-standalone-2.33.0.jar:na]
	at main.Driver.MyWebDriverEventListener.onException(MyWebDriverEventListener.java:66) ~[classes/:na]
	at sun.reflect.NativeMethodAccessorImpl.invoke0(Native Method) ~[na:1.7.0_25]
	at sun.reflect.NativeMethodAccessorImpl.invoke(NativeMethodAccessorImpl.java:57) ~[na:1.7.0_25]
	at sun.reflect.DelegatingMethodAccessorImpl.invoke(DelegatingMethodAccessorImpl.java:43) ~[na:1.7.0_25]
	at java.lang.reflect.Method.invoke(Method.java:606) ~[na:1.7.0_25]
	at org.openqa.selenium.support.events.EventFiringWebDriver$1.invoke(EventFiringWebDriver.java:78) ~[selenium-server-standalone-2.33.0.jar:na]
	at com.sun.proxy.$Proxy7.onException(Unknown Source) ~[na:na]
	at org.openqa.selenium.support.events.EventFiringWebDriver$2.invoke(EventFiringWebDriver.java:103) ~[selenium-server-standalone-2.33.0.jar:na]
	at com.sun.proxy.$Proxy8.quit(Unknown Source) ~[na:na]
	at org.openqa.selenium.support.events.EventFiringWebDriver.quit(EventFiringWebDriver.java:194) ~[selenium-server-standalone-2.33.0.jar:na]
	at main.Driver.WebDriverFactory.dismissDriver(WebDriverFactory.java:99) ~[classes/:na]
	at main.Driver.WebDriverFactory$1.run(WebDriverFactory.java:163) ~[classes/:na]
281  [main] INFO  test.java.LogTest - ______________________________________class test.java.NewsTest______________________________________
286  [main] DEBUG main.Driver.WebDriverFactory - Requested driver: Capabilities [{browserName=firefox}]:null
3684 [main] INFO  m.Driver.MyWebDriverEventListener - WebDriver navigating to:'https://testun.com.ua/sys/sys/test_cookie_key'
4379 [main] INFO  m.Driver.MyWebDriverEventListener - WebDriver navigating to:'https://plush.com.ua/'
7410 [main] DEBUG m.Driver.MyWebDriverEventListener - Webdriver will click on element tag:li /id: /text: ('English▼')
10381 [main] DEBUG m.Driver.MyWebDriverEventListener - hope Webdriver clicked on element tag:li /id: /text: ('English▼')
10399 [main] INFO  test.java.LogTest - ------------------------ true
10487 [main] DEBUG m.Driver.MyWebDriverEventListener - Webdriver will click on element tag:a /id: lang_ru/text: ('Русский')
10736 [main] DEBUG m.Driver.MyWebDriverEventListener - hope Webdriver clicked on element tag:a /id: lang_ru/text: ('Русский')
11257 [main] INFO  test.java.LogTest - ------------------------ true
11275 [main] INFO  test.java.LogTest - >>>>>>>>>>>>>>>Test = participateHangout()<<<<<<<<<<<<<<<
11331 [main] DEBUG m.Driver.MyWebDriverEventListener - Webdriver will click on element tag:a /id: js_header_signin/text: ('Войти')
13385 [main] DEBUG m.Driver.MyWebDriverEventListener - hope Webdriver clicked on element tag:a /id: js_header_signin/text: ('Войти')
13391 [main] INFO  test.java.LogTest - ------------------------ true
13458 [main] DEBUG m.Driver.MyWebDriverEventListener - WebDriver changing value in element found By.id: login_email from 'tag:input /id: login_email/text: ('')
15069 [main] DEBUG m.Driver.MyWebDriverEventListener - WebDriver changing value in element found By.id: login_email from 'tag:input /id: login_email/text: ('')
15137 [main] DEBUG m.Driver.MyWebDriverEventListener - WebDriver changing value in element found By.id: login_password from 'tag:input /id: login_password/text: ('')
15712 [main] DEBUG m.Driver.MyWebDriverEventListener - WebDriver changing value in element found By.id: login_password from 'tag:input /id: login_password/text: ('')
15760 [main] DEBUG m.Driver.MyWebDriverEventListener - Webdriver will click on element tag:input /id: login_button/text: ('')
17661 [main] DEBUG m.Driver.MyWebDriverEventListener - hope Webdriver clicked on element tag:input /id: login_button/text: ('')
18230 [main] INFO  m.Driver.MyWebDriverEventListener - WebDriver navigating to:'https://plush.com.ua//user/15577'
23252 [main] DEBUG m.Driver.MyWebDriverEventListener - Webdriver will click on element tag:a /id: js_header_signin/text: ('Log in')
25406 [main] DEBUG m.Driver.MyWebDriverEventListener - hope Webdriver clicked on element tag:a /id: js_header_signin/text: ('Log in')
25550 [main] INFO  test.java.LogTest - ------------------------ true
25666 [main] DEBUG m.Driver.MyWebDriverEventListener - WebDriver changing value in element found By.id: login_email from 'tag:input /id: login_email/text: ('')
26329 [main] DEBUG m.Driver.MyWebDriverEventListener - WebDriver changing value in element found By.id: login_email from 'tag:input /id: login_email/text: ('')
26423 [main] DEBUG m.Driver.MyWebDriverEventListener - WebDriver changing value in element found By.id: login_password from 'tag:input /id: login_password/text: ('')
27105 [main] DEBUG m.Driver.MyWebDriverEventListener - WebDriver changing value in element found By.id: login_password from 'tag:input /id: login_password/text: ('')
27166 [main] DEBUG m.Driver.MyWebDriverEventListener - Webdriver will click on element tag:input /id: login_button/text: ('')
29085 [main] DEBUG m.Driver.MyWebDriverEventListener - hope Webdriver clicked on element tag:input /id: login_button/text: ('')
30042 [main] DEBUG m.Driver.MyWebDriverEventListener - Webdriver will click on element tag:a /id: /text: ('Create a videoconference')
31492 [main] DEBUG m.Driver.MyWebDriverEventListener - hope Webdriver clicked on element tag:a /id: /text: ('Create a videoconference')
31894 [main] DEBUG m.Driver.MyWebDriverEventListener - WebDriver changing value in element found By.id: hangout_title from 'tag:input /id: hangout_title/text: ('')
32524 [main] DEBUG m.Driver.MyWebDriverEventListener - WebDriver changing value in element found By.id: hangout_title from 'tag:input /id: hangout_title/text: ('')
32617 [main] DEBUG m.Driver.MyWebDriverEventListener - WebDriver changing value in element found By.id: hangout_date from 'tag:input /id: hangout_date/text: ('')
32996 [main] DEBUG m.Driver.MyWebDriverEventListener - WebDriver changing value in element found By.id: hangout_date from 'tag:input /id: hangout_date/text: ('')
33059 [main] DEBUG m.Driver.MyWebDriverEventListener - WebDriver changing value in element found By.id: hangout_time from 'tag:input /id: hangout_time/text: ('')
33368 [main] DEBUG m.Driver.MyWebDriverEventListener - WebDriver changing value in element found By.id: hangout_time from 'tag:input /id: hangout_time/text: ('')
33485 [main] DEBUG m.Driver.MyWebDriverEventListener - WebDriver changing value in element found By.id: hangout_text from 'tag:textarea /id: hangout_text/text: ('')
34219 [main] DEBUG m.Driver.MyWebDriverEventListener - WebDriver changing value in element found By.id: hangout_text from 'tag:textarea /id: hangout_text/text: ('')
34300 [main] DEBUG m.Driver.MyWebDriverEventListener - WebDriver changing value in element found By.id: hangout_image from 'tag:input /id: hangout_image/text: ('')
35058 [main] DEBUG m.Driver.MyWebDriverEventListener - Webdriver will click on element tag:a /id: preview_create/text: ('Save')
37021 [main] DEBUG m.Driver.MyWebDriverEventListener - hope Webdriver clicked on element tag:a /id: preview_create/text: ('Save')
37264 [main] DEBUG m.Driver.MyWebDriverEventListener - WebDriver changing value in element found By.id: tags-input from 'tag:textarea /id: tags-input/text: ('')
37774 [main] DEBUG m.Driver.MyWebDriverEventListener - WebDriver changing value in element found By.id: tags-input from 'tag:textarea /id: tags-input/text: ('')
37863 [main] DEBUG m.Driver.MyWebDriverEventListener - Webdriver will click on element tag:a /id: hangout_money_free/text: ('Free The videoconference will be available to all users.')
38919 [main] DEBUG m.Driver.MyWebDriverEventListener - hope Webdriver clicked on element tag:a /id: hangout_money_free/text: ('Free The videoconference will be available to all users.')
39037 [main] DEBUG m.Driver.MyWebDriverEventListener - Webdriver will click on element tag:input /id: create_hangout/text: ('')
40064 [main] DEBUG m.Driver.MyWebDriverEventListener - hope Webdriver clicked on element tag:input /id: create_hangout/text: ('')
42495 [main] DEBUG m.Driver.MyWebDriverEventListener - Webdriver will click on element tag:a /id: js_header_signin/text: ('Log in')
44681 [main] DEBUG m.Driver.MyWebDriverEventListener - hope Webdriver clicked on element tag:a /id: js_header_signin/text: ('Log in')
44810 [main] INFO  test.java.LogTest - ------------------------ true
44907 [main] DEBUG m.Driver.MyWebDriverEventListener - WebDriver changing value in element found By.id: login_email from 'tag:input /id: login_email/text: ('')
45606 [main] DEBUG m.Driver.MyWebDriverEventListener - WebDriver changing value in element found By.id: login_email from 'tag:input /id: login_email/text: ('')
45717 [main] DEBUG m.Driver.MyWebDriverEventListener - WebDriver changing value in element found By.id: login_password from 'tag:input /id: login_password/text: ('')
46370 [main] DEBUG m.Driver.MyWebDriverEventListener - WebDriver changing value in element found By.id: login_password from 'tag:input /id: login_password/text: ('')
46419 [main] DEBUG m.Driver.MyWebDriverEventListener - Webdriver will click on element tag:input /id: login_button/text: ('')
48330 [main] DEBUG m.Driver.MyWebDriverEventListener - hope Webdriver clicked on element tag:input /id: login_button/text: ('')
49307 [main] DEBUG m.Driver.MyWebDriverEventListener - Webdriver will click on element tag:a /id: /text: ('News
7')
49692 [main] DEBUG m.Driver.MyWebDriverEventListener - hope Webdriver clicked on element tag:a /id: /text: ('News
7')
50089 [main] INFO  test.java.LogTest - >>>>>>>>>>@AfterMethod<<<<<<<<<
55143 [Thread-0] DEBUG main.Driver.WebDriverFactory - Killing driver 
57377 [Thread-0] ERROR m.Driver.MyWebDriverEventListener - ________________________________________________________________________________________________________________
57386 [Thread-0] ERROR m.Driver.MyWebDriverEventListener - WebDriver error:
org.openqa.selenium.remote.UnreachableBrowserException: Error communicating with the remote browser. It may have died.
Build info: version: '2.33.0', revision: '4e90c97', time: '2013-05-22 15:32:38'
System info: os.name: 'Linux', os.arch: 'amd64', os.version: '3.2.0-23-generic', java.version: '1.7.0_25'
Driver info: driver.version: EventFiringWebDriver
	at org.openqa.selenium.remote.RemoteWebDriver.execute(RemoteWebDriver.java:548) ~[selenium-server-standalone-2.33.0.jar:na]
	at org.openqa.selenium.remote.RemoteWebDriver.execute(RemoteWebDriver.java:569) ~[selenium-server-standalone-2.33.0.jar:na]
	at org.openqa.selenium.remote.RemoteWebDriver.quit(RemoteWebDriver.java:423) ~[selenium-server-standalone-2.33.0.jar:na]
	at sun.reflect.NativeMethodAccessorImpl.invoke0(Native Method) ~[na:1.7.0_25]
	at sun.reflect.NativeMethodAccessorImpl.invoke(NativeMethodAccessorImpl.java:57) ~[na:1.7.0_25]
	at sun.reflect.DelegatingMethodAccessorImpl.invoke(DelegatingMethodAccessorImpl.java:43) ~[na:1.7.0_25]
	at java.lang.reflect.Method.invoke(Method.java:606) ~[na:1.7.0_25]
	at org.openqa.selenium.support.events.EventFiringWebDriver$2.invoke(EventFiringWebDriver.java:101) ~[selenium-server-standalone-2.33.0.jar:na]
	at com.sun.proxy.$Proxy8.quit(Unknown Source) ~[na:na]
	at org.openqa.selenium.support.events.EventFiringWebDriver.quit(EventFiringWebDriver.java:194) ~[selenium-server-standalone-2.33.0.jar:na]
	at main.Driver.WebDriverFactory.dismissDriver(WebDriverFactory.java:99) ~[classes/:na]
	at main.Driver.WebDriverFactory$1.run(WebDriverFactory.java:163) [classes/:na]
Caused by: org.apache.http.NoHttpResponseException: The target server failed to respond
	at org.apache.http.impl.conn.DefaultHttpResponseParser.parseHead(DefaultHttpResponseParser.java:95) ~[selenium-server-standalone-2.33.0.jar:na]
	at org.apache.http.impl.conn.DefaultHttpResponseParser.parseHead(DefaultHttpResponseParser.java:62) ~[selenium-server-standalone-2.33.0.jar:na]
	at org.apache.http.impl.io.AbstractMessageParser.parse(AbstractMessageParser.java:254) ~[selenium-server-standalone-2.33.0.jar:na]
	at org.apache.http.impl.AbstractHttpClientConnection.receiveResponseHeader(AbstractHttpClientConnection.java:289) ~[selenium-server-standalone-2.33.0.jar:na]
	at org.apache.http.impl.conn.DefaultClientConnection.receiveResponseHeader(DefaultClientConnection.java:252) ~[selenium-server-standalone-2.33.0.jar:na]
	at org.apache.http.impl.conn.AbstractClientConnAdapter.receiveResponseHeader(AbstractClientConnAdapter.java:219) ~[selenium-server-standalone-2.33.0.jar:na]
	at org.apache.http.protocol.HttpRequestExecutor.doReceiveResponse(HttpRequestExecutor.java:300) ~[selenium-server-standalone-2.33.0.jar:na]
	at org.apache.http.protocol.HttpRequestExecutor.execute(HttpRequestExecutor.java:127) ~[selenium-server-standalone-2.33.0.jar:na]
	at org.apache.http.impl.client.DefaultRequestDirector.tryExecute(DefaultRequestDirector.java:712) ~[selenium-server-standalone-2.33.0.jar:na]
	at org.apache.http.impl.client.DefaultRequestDirector.execute(DefaultRequestDirector.java:517) ~[selenium-server-standalone-2.33.0.jar:na]
	at org.apache.http.impl.client.AbstractHttpClient.execute(AbstractHttpClient.java:906) ~[selenium-server-standalone-2.33.0.jar:na]
	at org.openqa.selenium.remote.HttpCommandExecutor.fallBackExecute(HttpCommandExecutor.java:334) ~[selenium-server-standalone-2.33.0.jar:na]
	at org.openqa.selenium.remote.HttpCommandExecutor.execute(HttpCommandExecutor.java:295) ~[selenium-server-standalone-2.33.0.jar:na]
	at org.openqa.selenium.firefox.internal.NewProfileExtensionConnection.execute(NewProfileExtensionConnection.java:133) ~[selenium-server-standalone-2.33.0.jar:na]
	at org.openqa.selenium.firefox.FirefoxDriver$LazyCommandExecutor.execute(FirefoxDriver.java:355) ~[selenium-server-standalone-2.33.0.jar:na]
	at org.openqa.selenium.remote.RemoteWebDriver.execute(RemoteWebDriver.java:527) ~[selenium-server-standalone-2.33.0.jar:na]
	... 11 common frames omitted
57387 [Thread-0] ERROR m.Driver.MyWebDriverEventListener - ________________________________________________________________________________________________________________
57388 [Thread-0] WARN  main.Driver.WebDriverFactory - Driver killing error
org.openqa.selenium.remote.SessionNotFoundException: The FirefoxDriver cannot be used after quit() was called.
Build info: version: '2.33.0', revision: '4e90c97', time: '2013-05-22 15:32:38'
System info: os.name: 'Linux', os.arch: 'amd64', os.version: '3.2.0-23-generic', java.version: '1.7.0_25'
Driver info: driver.version: EventFiringWebDriver
	at org.openqa.selenium.firefox.FirefoxDriver$LazyCommandExecutor.execute(FirefoxDriver.java:352) ~[selenium-server-standalone-2.33.0.jar:na]
	at org.openqa.selenium.remote.RemoteWebDriver.execute(RemoteWebDriver.java:527) ~[selenium-server-standalone-2.33.0.jar:na]
	at org.openqa.selenium.remote.RemoteWebDriver.executeScript(RemoteWebDriver.java:463) ~[selenium-server-standalone-2.33.0.jar:na]
	at main.Driver.MyWebDriverEventListener.onException(MyWebDriverEventListener.java:66) ~[classes/:na]
	at sun.reflect.NativeMethodAccessorImpl.invoke0(Native Method) ~[na:1.7.0_25]
	at sun.reflect.NativeMethodAccessorImpl.invoke(NativeMethodAccessorImpl.java:57) ~[na:1.7.0_25]
	at sun.reflect.DelegatingMethodAccessorImpl.invoke(DelegatingMethodAccessorImpl.java:43) ~[na:1.7.0_25]
	at java.lang.reflect.Method.invoke(Method.java:606) ~[na:1.7.0_25]
	at org.openqa.selenium.support.events.EventFiringWebDriver$1.invoke(EventFiringWebDriver.java:78) ~[selenium-server-standalone-2.33.0.jar:na]
	at com.sun.proxy.$Proxy7.onException(Unknown Source) ~[na:na]
	at org.openqa.selenium.support.events.EventFiringWebDriver$2.invoke(EventFiringWebDriver.java:103) ~[selenium-server-standalone-2.33.0.jar:na]
	at com.sun.proxy.$Proxy8.quit(Unknown Source) ~[na:na]
	at org.openqa.selenium.support.events.EventFiringWebDriver.quit(EventFiringWebDriver.java:194) ~[selenium-server-standalone-2.33.0.jar:na]
	at main.Driver.WebDriverFactory.dismissDriver(WebDriverFactory.java:99) ~[classes/:na]
	at main.Driver.WebDriverFactory$1.run(WebDriverFactory.java:163) ~[classes/:na]
282  [main] INFO  test.java.LogTest - ______________________________________class test.java.NewsTest______________________________________
286  [main] DEBUG main.Driver.WebDriverFactory - Requested driver: Capabilities [{browserName=firefox}]:null
3661 [main] INFO  m.Driver.MyWebDriverEventListener - WebDriver navigating to:'https://testun.com.ua/sys/sys/test_cookie_key'
4341 [main] INFO  m.Driver.MyWebDriverEventListener - WebDriver navigating to:'https://plush.com.ua/'
7381 [main] DEBUG m.Driver.MyWebDriverEventListener - Webdriver will click on element tag:li /id: /text: ('English▼')
10344 [main] DEBUG m.Driver.MyWebDriverEventListener - hope Webdriver clicked on element tag:li /id: /text: ('English▼')
10359 [main] INFO  test.java.LogTest - ------------------------ true
10412 [main] DEBUG m.Driver.MyWebDriverEventListener - Webdriver will click on element tag:a /id: lang_ru/text: ('Русский')
10658 [main] DEBUG m.Driver.MyWebDriverEventListener - hope Webdriver clicked on element tag:a /id: lang_ru/text: ('Русский')
10666 [main] INFO  test.java.LogTest - ------------------------ false
11679 [main] INFO  test.java.LogTest - ------------------------ true
11709 [main] INFO  test.java.LogTest - >>>>>>>>>>>>>>>Test = participateHangout()<<<<<<<<<<<<<<<
11794 [main] DEBUG m.Driver.MyWebDriverEventListener - Webdriver will click on element tag:a /id: js_header_signin/text: ('Войти')
14130 [main] DEBUG m.Driver.MyWebDriverEventListener - hope Webdriver clicked on element tag:a /id: js_header_signin/text: ('Войти')
14143 [main] INFO  test.java.LogTest - ------------------------ true
14279 [main] DEBUG m.Driver.MyWebDriverEventListener - WebDriver changing value in element found By.id: login_email from 'tag:input /id: login_email/text: ('')
15531 [main] DEBUG m.Driver.MyWebDriverEventListener - WebDriver changing value in element found By.id: login_email from 'tag:input /id: login_email/text: ('')
15577 [main] DEBUG m.Driver.MyWebDriverEventListener - WebDriver changing value in element found By.id: login_password from 'tag:input /id: login_password/text: ('')
16156 [main] DEBUG m.Driver.MyWebDriverEventListener - WebDriver changing value in element found By.id: login_password from 'tag:input /id: login_password/text: ('')
16223 [main] DEBUG m.Driver.MyWebDriverEventListener - Webdriver will click on element tag:input /id: login_button/text: ('')
18074 [main] DEBUG m.Driver.MyWebDriverEventListener - hope Webdriver clicked on element tag:input /id: login_button/text: ('')
18597 [main] INFO  m.Driver.MyWebDriverEventListener - WebDriver navigating to:'https://plush.com.ua//user/15577'
22853 [main] DEBUG m.Driver.MyWebDriverEventListener - Webdriver will click on element tag:a /id: js_header_signin/text: ('Log in')
24881 [main] DEBUG m.Driver.MyWebDriverEventListener - hope Webdriver clicked on element tag:a /id: js_header_signin/text: ('Log in')
25021 [main] INFO  test.java.LogTest - ------------------------ true
25123 [main] DEBUG m.Driver.MyWebDriverEventListener - WebDriver changing value in element found By.id: login_email from 'tag:input /id: login_email/text: ('')
25743 [main] DEBUG m.Driver.MyWebDriverEventListener - WebDriver changing value in element found By.id: login_email from 'tag:input /id: login_email/text: ('')
25811 [main] DEBUG m.Driver.MyWebDriverEventListener - WebDriver changing value in element found By.id: login_password from 'tag:input /id: login_password/text: ('')
26442 [main] DEBUG m.Driver.MyWebDriverEventListener - WebDriver changing value in element found By.id: login_password from 'tag:input /id: login_password/text: ('')
26532 [main] DEBUG m.Driver.MyWebDriverEventListener - Webdriver will click on element tag:input /id: login_button/text: ('')
28635 [main] DEBUG m.Driver.MyWebDriverEventListener - hope Webdriver clicked on element tag:input /id: login_button/text: ('')
29446 [main] DEBUG m.Driver.MyWebDriverEventListener - Webdriver will click on element tag:a /id: /text: ('Create a videoconference')
30904 [main] DEBUG m.Driver.MyWebDriverEventListener - hope Webdriver clicked on element tag:a /id: /text: ('Create a videoconference')
31280 [main] DEBUG m.Driver.MyWebDriverEventListener - WebDriver changing value in element found By.id: hangout_title from 'tag:input /id: hangout_title/text: ('')
31864 [main] DEBUG m.Driver.MyWebDriverEventListener - WebDriver changing value in element found By.id: hangout_title from 'tag:input /id: hangout_title/text: ('')
31994 [main] DEBUG m.Driver.MyWebDriverEventListener - WebDriver changing value in element found By.id: hangout_date from 'tag:input /id: hangout_date/text: ('')
32387 [main] DEBUG m.Driver.MyWebDriverEventListener - WebDriver changing value in element found By.id: hangout_date from 'tag:input /id: hangout_date/text: ('')
32454 [main] DEBUG m.Driver.MyWebDriverEventListener - WebDriver changing value in element found By.id: hangout_time from 'tag:input /id: hangout_time/text: ('')
32780 [main] DEBUG m.Driver.MyWebDriverEventListener - WebDriver changing value in element found By.id: hangout_time from 'tag:input /id: hangout_time/text: ('')
32877 [main] DEBUG m.Driver.MyWebDriverEventListener - WebDriver changing value in element found By.id: hangout_text from 'tag:textarea /id: hangout_text/text: ('')
33654 [main] DEBUG m.Driver.MyWebDriverEventListener - WebDriver changing value in element found By.id: hangout_text from 'tag:textarea /id: hangout_text/text: ('')
33756 [main] DEBUG m.Driver.MyWebDriverEventListener - WebDriver changing value in element found By.id: hangout_image from 'tag:input /id: hangout_image/text: ('')
35374 [main] DEBUG m.Driver.MyWebDriverEventListener - Webdriver will click on element tag:a /id: preview_create/text: ('Save')
37420 [main] DEBUG m.Driver.MyWebDriverEventListener - hope Webdriver clicked on element tag:a /id: preview_create/text: ('Save')
37752 [main] DEBUG m.Driver.MyWebDriverEventListener - WebDriver changing value in element found By.id: tags-input from 'tag:textarea /id: tags-input/text: ('')
38262 [main] DEBUG m.Driver.MyWebDriverEventListener - WebDriver changing value in element found By.id: tags-input from 'tag:textarea /id: tags-input/text: ('')
38374 [main] DEBUG m.Driver.MyWebDriverEventListener - Webdriver will click on element tag:a /id: hangout_money_free/text: ('Free The videoconference will be available to all users.')
39428 [main] DEBUG m.Driver.MyWebDriverEventListener - hope Webdriver clicked on element tag:a /id: hangout_money_free/text: ('Free The videoconference will be available to all users.')
39529 [main] DEBUG m.Driver.MyWebDriverEventListener - Webdriver will click on element tag:input /id: create_hangout/text: ('')
40414 [main] DEBUG m.Driver.MyWebDriverEventListener - hope Webdriver clicked on element tag:input /id: create_hangout/text: ('')
40436 [main] INFO  test.java.LogTest - ------------------------ false
40956 [main] INFO  test.java.LogTest - ------------------------ false
41476 [main] INFO  test.java.LogTest - ------------------------ false
41995 [main] INFO  test.java.LogTest - ------------------------ false
42510 [main] INFO  test.java.LogTest - ------------------------ false
43030 [main] INFO  test.java.LogTest - ------------------------ false
43551 [main] INFO  test.java.LogTest - ------------------------ false
44067 [main] INFO  test.java.LogTest - ------------------------ false
44582 [main] INFO  test.java.LogTest - ------------------------ false
45093 [main] INFO  test.java.LogTest - ------------------------ false
45609 [main] INFO  test.java.LogTest - ------------------------ false
45620 [main] INFO  test.java.LogTest - Timed out after 5 seconds waiting for test.java.BaseClass$1@12a133b2
Build info: version: '2.33.0', revision: '4e90c97', time: '2013-05-22 15:32:38'
System info: os.name: 'Linux', os.arch: 'amd64', os.version: '3.2.0-23-generic', java.version: '1.7.0_25'
Driver info: driver.version: unknown
47812 [main] DEBUG m.Driver.MyWebDriverEventListener - Webdriver will click on element tag:a /id: js_header_signin/text: ('Log in')
50010 [main] DEBUG m.Driver.MyWebDriverEventListener - hope Webdriver clicked on element tag:a /id: js_header_signin/text: ('Log in')
50158 [main] INFO  test.java.LogTest - ------------------------ true
50302 [main] DEBUG m.Driver.MyWebDriverEventListener - WebDriver changing value in element found By.id: login_email from 'tag:input /id: login_email/text: ('')
50883 [main] DEBUG m.Driver.MyWebDriverEventListener - WebDriver changing value in element found By.id: login_email from 'tag:input /id: login_email/text: ('')
50947 [main] DEBUG m.Driver.MyWebDriverEventListener - WebDriver changing value in element found By.id: login_password from 'tag:input /id: login_password/text: ('')
51563 [main] DEBUG m.Driver.MyWebDriverEventListener - WebDriver changing value in element found By.id: login_password from 'tag:input /id: login_password/text: ('')
51613 [main] DEBUG m.Driver.MyWebDriverEventListener - Webdriver will click on element tag:input /id: login_button/text: ('')
53537 [main] DEBUG m.Driver.MyWebDriverEventListener - hope Webdriver clicked on element tag:input /id: login_button/text: ('')
74471 [main] ERROR m.Driver.MyWebDriverEventListener - ________________________________________________________________________________________________________________
74471 [main] ERROR m.Driver.MyWebDriverEventListener - WebDriver error: Element not found By.id: news_block
74471 [main] ERROR m.Driver.MyWebDriverEventListener - ________________________________________________________________________________________________________________
74480 [main] INFO  test.java.LogTest - >>>>>>>>>>@AfterMethod<<<<<<<<<
77873 [Thread-0] DEBUG main.Driver.WebDriverFactory - Killing driver 
80046 [Thread-0] ERROR m.Driver.MyWebDriverEventListener - ________________________________________________________________________________________________________________
80054 [Thread-0] ERROR m.Driver.MyWebDriverEventListener - WebDriver error:
org.openqa.selenium.remote.UnreachableBrowserException: Error communicating with the remote browser. It may have died.
Build info: version: '2.33.0', revision: '4e90c97', time: '2013-05-22 15:32:38'
System info: os.name: 'Linux', os.arch: 'amd64', os.version: '3.2.0-23-generic', java.version: '1.7.0_25'
Driver info: driver.version: EventFiringWebDriver
	at org.openqa.selenium.remote.RemoteWebDriver.execute(RemoteWebDriver.java:548) ~[selenium-server-standalone-2.33.0.jar:na]
	at org.openqa.selenium.remote.RemoteWebDriver.execute(RemoteWebDriver.java:569) ~[selenium-server-standalone-2.33.0.jar:na]
	at org.openqa.selenium.remote.RemoteWebDriver.quit(RemoteWebDriver.java:423) ~[selenium-server-standalone-2.33.0.jar:na]
	at sun.reflect.NativeMethodAccessorImpl.invoke0(Native Method) ~[na:1.7.0_25]
	at sun.reflect.NativeMethodAccessorImpl.invoke(NativeMethodAccessorImpl.java:57) ~[na:1.7.0_25]
	at sun.reflect.DelegatingMethodAccessorImpl.invoke(DelegatingMethodAccessorImpl.java:43) ~[na:1.7.0_25]
	at java.lang.reflect.Method.invoke(Method.java:606) ~[na:1.7.0_25]
	at org.openqa.selenium.support.events.EventFiringWebDriver$2.invoke(EventFiringWebDriver.java:101) ~[selenium-server-standalone-2.33.0.jar:na]
	at com.sun.proxy.$Proxy8.quit(Unknown Source) ~[na:na]
	at org.openqa.selenium.support.events.EventFiringWebDriver.quit(EventFiringWebDriver.java:194) ~[selenium-server-standalone-2.33.0.jar:na]
	at main.Driver.WebDriverFactory.dismissDriver(WebDriverFactory.java:99) ~[classes/:na]
	at main.Driver.WebDriverFactory$1.run(WebDriverFactory.java:163) [classes/:na]
Caused by: org.apache.http.NoHttpResponseException: The target server failed to respond
	at org.apache.http.impl.conn.DefaultHttpResponseParser.parseHead(DefaultHttpResponseParser.java:95) ~[selenium-server-standalone-2.33.0.jar:na]
	at org.apache.http.impl.conn.DefaultHttpResponseParser.parseHead(DefaultHttpResponseParser.java:62) ~[selenium-server-standalone-2.33.0.jar:na]
	at org.apache.http.impl.io.AbstractMessageParser.parse(AbstractMessageParser.java:254) ~[selenium-server-standalone-2.33.0.jar:na]
	at org.apache.http.impl.AbstractHttpClientConnection.receiveResponseHeader(AbstractHttpClientConnection.java:289) ~[selenium-server-standalone-2.33.0.jar:na]
	at org.apache.http.impl.conn.DefaultClientConnection.receiveResponseHeader(DefaultClientConnection.java:252) ~[selenium-server-standalone-2.33.0.jar:na]
	at org.apache.http.impl.conn.AbstractClientConnAdapter.receiveResponseHeader(AbstractClientConnAdapter.java:219) ~[selenium-server-standalone-2.33.0.jar:na]
	at org.apache.http.protocol.HttpRequestExecutor.doReceiveResponse(HttpRequestExecutor.java:300) ~[selenium-server-standalone-2.33.0.jar:na]
	at org.apache.http.protocol.HttpRequestExecutor.execute(HttpRequestExecutor.java:127) ~[selenium-server-standalone-2.33.0.jar:na]
	at org.apache.http.impl.client.DefaultRequestDirector.tryExecute(DefaultRequestDirector.java:712) ~[selenium-server-standalone-2.33.0.jar:na]
	at org.apache.http.impl.client.DefaultRequestDirector.execute(DefaultRequestDirector.java:517) ~[selenium-server-standalone-2.33.0.jar:na]
	at org.apache.http.impl.client.AbstractHttpClient.execute(AbstractHttpClient.java:906) ~[selenium-server-standalone-2.33.0.jar:na]
	at org.openqa.selenium.remote.HttpCommandExecutor.fallBackExecute(HttpCommandExecutor.java:334) ~[selenium-server-standalone-2.33.0.jar:na]
	at org.openqa.selenium.remote.HttpCommandExecutor.execute(HttpCommandExecutor.java:295) ~[selenium-server-standalone-2.33.0.jar:na]
	at org.openqa.selenium.firefox.internal.NewProfileExtensionConnection.execute(NewProfileExtensionConnection.java:133) ~[selenium-server-standalone-2.33.0.jar:na]
	at org.openqa.selenium.firefox.FirefoxDriver$LazyCommandExecutor.execute(FirefoxDriver.java:355) ~[selenium-server-standalone-2.33.0.jar:na]
	at org.openqa.selenium.remote.RemoteWebDriver.execute(RemoteWebDriver.java:527) ~[selenium-server-standalone-2.33.0.jar:na]
	... 11 common frames omitted
80054 [Thread-0] ERROR m.Driver.MyWebDriverEventListener - ________________________________________________________________________________________________________________
80056 [Thread-0] WARN  main.Driver.WebDriverFactory - Driver killing error
org.openqa.selenium.remote.SessionNotFoundException: The FirefoxDriver cannot be used after quit() was called.
Build info: version: '2.33.0', revision: '4e90c97', time: '2013-05-22 15:32:38'
System info: os.name: 'Linux', os.arch: 'amd64', os.version: '3.2.0-23-generic', java.version: '1.7.0_25'
Driver info: driver.version: EventFiringWebDriver
	at org.openqa.selenium.firefox.FirefoxDriver$LazyCommandExecutor.execute(FirefoxDriver.java:352) ~[selenium-server-standalone-2.33.0.jar:na]
	at org.openqa.selenium.remote.RemoteWebDriver.execute(RemoteWebDriver.java:527) ~[selenium-server-standalone-2.33.0.jar:na]
	at org.openqa.selenium.remote.RemoteWebDriver.executeScript(RemoteWebDriver.java:463) ~[selenium-server-standalone-2.33.0.jar:na]
	at main.Driver.MyWebDriverEventListener.onException(MyWebDriverEventListener.java:66) ~[classes/:na]
	at sun.reflect.NativeMethodAccessorImpl.invoke0(Native Method) ~[na:1.7.0_25]
	at sun.reflect.NativeMethodAccessorImpl.invoke(NativeMethodAccessorImpl.java:57) ~[na:1.7.0_25]
	at sun.reflect.DelegatingMethodAccessorImpl.invoke(DelegatingMethodAccessorImpl.java:43) ~[na:1.7.0_25]
	at java.lang.reflect.Method.invoke(Method.java:606) ~[na:1.7.0_25]
	at org.openqa.selenium.support.events.EventFiringWebDriver$1.invoke(EventFiringWebDriver.java:78) ~[selenium-server-standalone-2.33.0.jar:na]
	at com.sun.proxy.$Proxy7.onException(Unknown Source) ~[na:na]
	at org.openqa.selenium.support.events.EventFiringWebDriver$2.invoke(EventFiringWebDriver.java:103) ~[selenium-server-standalone-2.33.0.jar:na]
	at com.sun.proxy.$Proxy8.quit(Unknown Source) ~[na:na]
	at org.openqa.selenium.support.events.EventFiringWebDriver.quit(EventFiringWebDriver.java:194) ~[selenium-server-standalone-2.33.0.jar:na]
	at main.Driver.WebDriverFactory.dismissDriver(WebDriverFactory.java:99) ~[classes/:na]
	at main.Driver.WebDriverFactory$1.run(WebDriverFactory.java:163) ~[classes/:na]
280  [main] INFO  test.java.LogTest - ______________________________________class test.java.NewsTest______________________________________
285  [main] DEBUG main.Driver.WebDriverFactory - Requested driver: Capabilities [{browserName=firefox}]:null
3784 [main] INFO  m.Driver.MyWebDriverEventListener - WebDriver navigating to:'https://testun.com.ua/sys/sys/test_cookie_key'
4507 [main] INFO  m.Driver.MyWebDriverEventListener - WebDriver navigating to:'https://plush.com.ua/'
6896 [main] DEBUG m.Driver.MyWebDriverEventListener - Webdriver will click on element tag:li /id: /text: ('English▼')
9753 [main] DEBUG m.Driver.MyWebDriverEventListener - hope Webdriver clicked on element tag:li /id: /text: ('English▼')
9784 [main] INFO  test.java.LogTest - ------------------------ true
9867 [main] DEBUG m.Driver.MyWebDriverEventListener - Webdriver will click on element tag:a /id: lang_ru/text: ('Русский')
10117 [main] DEBUG m.Driver.MyWebDriverEventListener - hope Webdriver clicked on element tag:a /id: lang_ru/text: ('Русский')
10764 [main] INFO  test.java.LogTest - ------------------------ true
10784 [main] INFO  test.java.LogTest - >>>>>>>>>>>>>>>Test = participateHangout()<<<<<<<<<<<<<<<
10844 [main] DEBUG m.Driver.MyWebDriverEventListener - Webdriver will click on element tag:a /id: js_header_signin/text: ('Войти')
12786 [main] DEBUG m.Driver.MyWebDriverEventListener - hope Webdriver clicked on element tag:a /id: js_header_signin/text: ('Войти')
12805 [main] INFO  test.java.LogTest - ------------------------ true
12878 [main] DEBUG m.Driver.MyWebDriverEventListener - WebDriver changing value in element found By.id: login_email from 'tag:input /id: login_email/text: ('')
13496 [main] DEBUG m.Driver.MyWebDriverEventListener - WebDriver changing value in element found By.id: login_email from 'tag:input /id: login_email/text: ('')
14435 [main] DEBUG m.Driver.MyWebDriverEventListener - WebDriver changing value in element found By.id: login_password from 'tag:input /id: login_password/text: ('')
15051 [main] DEBUG m.Driver.MyWebDriverEventListener - WebDriver changing value in element found By.id: login_password from 'tag:input /id: login_password/text: ('')
15112 [main] DEBUG m.Driver.MyWebDriverEventListener - Webdriver will click on element tag:input /id: login_button/text: ('')
16998 [main] DEBUG m.Driver.MyWebDriverEventListener - hope Webdriver clicked on element tag:input /id: login_button/text: ('')
17535 [main] INFO  m.Driver.MyWebDriverEventListener - WebDriver navigating to:'https://plush.com.ua//user/15577'
20907 [main] DEBUG m.Driver.MyWebDriverEventListener - Webdriver will click on element tag:a /id: js_header_signin/text: ('Log in')
22880 [main] DEBUG m.Driver.MyWebDriverEventListener - hope Webdriver clicked on element tag:a /id: js_header_signin/text: ('Log in')
23007 [main] INFO  test.java.LogTest - ------------------------ true
23161 [main] DEBUG m.Driver.MyWebDriverEventListener - WebDriver changing value in element found By.id: login_email from 'tag:input /id: login_email/text: ('')
23772 [main] DEBUG m.Driver.MyWebDriverEventListener - WebDriver changing value in element found By.id: login_email from 'tag:input /id: login_email/text: ('')
23827 [main] DEBUG m.Driver.MyWebDriverEventListener - WebDriver changing value in element found By.id: login_password from 'tag:input /id: login_password/text: ('')
24440 [main] DEBUG m.Driver.MyWebDriverEventListener - WebDriver changing value in element found By.id: login_password from 'tag:input /id: login_password/text: ('')
24490 [main] DEBUG m.Driver.MyWebDriverEventListener - Webdriver will click on element tag:input /id: login_button/text: ('')
26572 [main] DEBUG m.Driver.MyWebDriverEventListener - hope Webdriver clicked on element tag:input /id: login_button/text: ('')
27306 [main] DEBUG m.Driver.MyWebDriverEventListener - Webdriver will click on element tag:a /id: /text: ('Create a videoconference')
28763 [main] DEBUG m.Driver.MyWebDriverEventListener - hope Webdriver clicked on element tag:a /id: /text: ('Create a videoconference')
29306 [main] DEBUG m.Driver.MyWebDriverEventListener - WebDriver changing value in element found By.id: hangout_title from 'tag:input /id: hangout_title/text: ('')
29929 [main] DEBUG m.Driver.MyWebDriverEventListener - WebDriver changing value in element found By.id: hangout_title from 'tag:input /id: hangout_title/text: ('')
30018 [main] DEBUG m.Driver.MyWebDriverEventListener - WebDriver changing value in element found By.id: hangout_date from 'tag:input /id: hangout_date/text: ('')
30412 [main] DEBUG m.Driver.MyWebDriverEventListener - WebDriver changing value in element found By.id: hangout_date from 'tag:input /id: hangout_date/text: ('')
30474 [main] DEBUG m.Driver.MyWebDriverEventListener - WebDriver changing value in element found By.id: hangout_time from 'tag:input /id: hangout_time/text: ('')
30771 [main] DEBUG m.Driver.MyWebDriverEventListener - WebDriver changing value in element found By.id: hangout_time from 'tag:input /id: hangout_time/text: ('')
30875 [main] DEBUG m.Driver.MyWebDriverEventListener - WebDriver changing value in element found By.id: hangout_text from 'tag:textarea /id: hangout_text/text: ('')
31590 [main] DEBUG m.Driver.MyWebDriverEventListener - WebDriver changing value in element found By.id: hangout_text from 'tag:textarea /id: hangout_text/text: ('')
31680 [main] DEBUG m.Driver.MyWebDriverEventListener - WebDriver changing value in element found By.id: hangout_image from 'tag:input /id: hangout_image/text: ('')
32619 [main] DEBUG m.Driver.MyWebDriverEventListener - Webdriver will click on element tag:a /id: preview_create/text: ('Save')
34809 [main] DEBUG m.Driver.MyWebDriverEventListener - hope Webdriver clicked on element tag:a /id: preview_create/text: ('Save')
35530 [main] DEBUG m.Driver.MyWebDriverEventListener - WebDriver changing value in element found By.id: tags-input from 'tag:textarea /id: tags-input/text: ('')
35915 [main] DEBUG m.Driver.MyWebDriverEventListener - WebDriver changing value in element found By.id: tags-input from 'tag:textarea /id: tags-input/text: ('')
35997 [main] DEBUG m.Driver.MyWebDriverEventListener - Webdriver will click on element tag:a /id: hangout_money_free/text: ('Free The videoconference will be available to all users.')
37020 [main] DEBUG m.Driver.MyWebDriverEventListener - hope Webdriver clicked on element tag:a /id: hangout_money_free/text: ('Free The videoconference will be available to all users.')
37096 [main] DEBUG m.Driver.MyWebDriverEventListener - Webdriver will click on element tag:input /id: create_hangout/text: ('')
38015 [main] DEBUG m.Driver.MyWebDriverEventListener - hope Webdriver clicked on element tag:input /id: create_hangout/text: ('')
38034 [main] INFO  test.java.LogTest - ------------------------ false
38549 [main] INFO  test.java.LogTest - ------------------------ false
39063 [main] INFO  test.java.LogTest - ------------------------ false
39583 [main] INFO  test.java.LogTest - ------------------------ false
40104 [main] INFO  test.java.LogTest - ------------------------ false
40622 [main] INFO  test.java.LogTest - ------------------------ false
41139 [main] INFO  test.java.LogTest - ------------------------ false
41657 [main] INFO  test.java.LogTest - ------------------------ false
42173 [main] INFO  test.java.LogTest - ------------------------ false
42718 [main] INFO  test.java.LogTest - ------------------------ false
43233 [main] INFO  test.java.LogTest - ------------------------ false
43244 [main] INFO  test.java.LogTest - Timed out after 5 seconds waiting for test.java.BaseClass$1@478b7093
Build info: version: '2.33.0', revision: '4e90c97', time: '2013-05-22 15:32:38'
System info: os.name: 'Linux', os.arch: 'amd64', os.version: '3.2.0-23-generic', java.version: '1.7.0_25'
Driver info: driver.version: unknown
45512 [main] DEBUG m.Driver.MyWebDriverEventListener - Webdriver will click on element tag:a /id: js_header_signin/text: ('Log in')
47731 [main] DEBUG m.Driver.MyWebDriverEventListener - hope Webdriver clicked on element tag:a /id: js_header_signin/text: ('Log in')
47849 [main] INFO  test.java.LogTest - ------------------------ true
48006 [main] DEBUG m.Driver.MyWebDriverEventListener - WebDriver changing value in element found By.id: login_email from 'tag:input /id: login_email/text: ('')
48584 [main] DEBUG m.Driver.MyWebDriverEventListener - WebDriver changing value in element found By.id: login_email from 'tag:input /id: login_email/text: ('')
48645 [main] DEBUG m.Driver.MyWebDriverEventListener - WebDriver changing value in element found By.id: login_password from 'tag:input /id: login_password/text: ('')
49242 [main] DEBUG m.Driver.MyWebDriverEventListener - WebDriver changing value in element found By.id: login_password from 'tag:input /id: login_password/text: ('')
49299 [main] DEBUG m.Driver.MyWebDriverEventListener - Webdriver will click on element tag:input /id: login_button/text: ('')
51148 [main] DEBUG m.Driver.MyWebDriverEventListener - hope Webdriver clicked on element tag:input /id: login_button/text: ('')
52080 [main] DEBUG m.Driver.MyWebDriverEventListener - Webdriver will click on element tag:a /id: /text: ('')
53319 [main] DEBUG m.Driver.MyWebDriverEventListener - hope Webdriver clicked on element tag:a /id: /text: ('')
53329 [main] INFO  test.java.LogTest - ------------------------ false
53847 [main] INFO  test.java.LogTest - ------------------------ true
53978 [main] DEBUG m.Driver.MyWebDriverEventListener - Webdriver will click on element tag:a /id: /text: ('News
9')
55019 [main] DEBUG m.Driver.MyWebDriverEventListener - hope Webdriver clicked on element tag:a /id: /text: ('News
9')
55492 [main] INFO  test.java.LogTest - >>>>>>>>>>@AfterMethod<<<<<<<<<
60717 [Thread-0] DEBUG main.Driver.WebDriverFactory - Killing driver 
275  [main] INFO  test.java.LogTest - ______________________________________class test.java.SearchTest______________________________________
279  [main] DEBUG main.Driver.WebDriverFactory - Requested driver: Capabilities [{browserName=firefox}]:null
3714 [main] INFO  m.Driver.MyWebDriverEventListener - WebDriver navigating to:'https://plush.com.ua/'
7036 [main] DEBUG m.Driver.MyWebDriverEventListener - Webdriver will click on element tag:li /id: /text: ('English▼')
9917 [main] DEBUG m.Driver.MyWebDriverEventListener - hope Webdriver clicked on element tag:li /id: /text: ('English▼')
9940 [main] INFO  test.java.LogTest - ------------------------ true
10049 [main] DEBUG m.Driver.MyWebDriverEventListener - Webdriver will click on element tag:a /id: lang_ru/text: ('Русский')
10303 [main] DEBUG m.Driver.MyWebDriverEventListener - hope Webdriver clicked on element tag:a /id: lang_ru/text: ('Русский')
10313 [main] INFO  test.java.LogTest - ------------------------ false
10957 [main] INFO  test.java.LogTest - ------------------------ true
10983 [main] INFO  test.java.LogTest - >>>>>>>>>>>>>>>Test = hangoutSearch<<<<<<<<<<<<<<<
11088 [main] DEBUG m.Driver.MyWebDriverEventListener - Webdriver will click on element tag:a /id: js_header_signin/text: ('Войти')
13063 [main] DEBUG m.Driver.MyWebDriverEventListener - hope Webdriver clicked on element tag:a /id: js_header_signin/text: ('Войти')
13069 [main] INFO  test.java.LogTest - ------------------------ true
13177 [main] DEBUG m.Driver.MyWebDriverEventListener - WebDriver changing value in element found By.id: login_email from 'tag:input /id: login_email/text: ('')
14739 [main] DEBUG m.Driver.MyWebDriverEventListener - WebDriver changing value in element found By.id: login_email from 'tag:input /id: login_email/text: ('')
14786 [main] DEBUG m.Driver.MyWebDriverEventListener - WebDriver changing value in element found By.id: login_password from 'tag:input /id: login_password/text: ('')
15437 [main] DEBUG m.Driver.MyWebDriverEventListener - WebDriver changing value in element found By.id: login_password from 'tag:input /id: login_password/text: ('')
15507 [main] DEBUG m.Driver.MyWebDriverEventListener - Webdriver will click on element tag:input /id: login_button/text: ('')
17636 [main] DEBUG m.Driver.MyWebDriverEventListener - hope Webdriver clicked on element tag:input /id: login_button/text: ('')
18606 [main] INFO  test.java.LogTest - ------------------------ true
18687 [main] DEBUG m.Driver.MyWebDriverEventListener - WebDriver changing value in element found By.id: main_search_js from 'tag:input /id: main_search_js/text: ('')
18750 [main] DEBUG m.Driver.MyWebDriverEventListener - WebDriver changing value in element found By.id: main_search_js from 'tag:input /id: main_search_js/text: ('')
18960 [main] DEBUG m.Driver.MyWebDriverEventListener - WebDriver changing value in element found By.id: main_search_js from 'tag:input /id: main_search_js/text: ('')
19605 [main] INFO  test.java.LogTest - ------------------------ true
19657 [main] DEBUG m.Driver.MyWebDriverEventListener - WebDriver changing value in element found By.id: main_search_js from 'tag:input /id: main_search_js/text: ('')
19871 [main] DEBUG m.Driver.MyWebDriverEventListener - WebDriver changing value in element found By.id: main_search_js from 'tag:input /id: main_search_js/text: ('')
20120 [main] DEBUG m.Driver.MyWebDriverEventListener - WebDriver changing value in element found By.id: main_search_js from 'tag:input /id: main_search_js/text: ('')
20379 [main] INFO  test.java.LogTest - >>>>>>>>>>@AfterMethod<<<<<<<<<
25335 [Thread-0] DEBUG main.Driver.WebDriverFactory - Killing driver 
271  [main] INFO  test.java.LogTest - >>>>>>>>>>>>>>>>>>>>>>>>>>>>>>>>>>>>>class test.java.PasswordRecoverTest<<<<<<<<<<<<<<<<<<<<<<<<<<<<<<<<<<<<<<<
892  [main] DEBUG main.Driver.WebDriverFactory - Requested driver: Capabilities [{firefox_profile=org.openqa.selenium.firefox.FirefoxProfile@44e03e45, browserName=firefox, proxy=org.openqa.selenium.Proxy@5e184756}]:null
2800 [main] INFO  m.Driver.MyWebDriverEventListener - WebDriver navigating to:'https://plush.com.ua/'
11294 [main] INFO  m.Driver.MyWebDriverEventListener - WebDriver navigating to:'https://testun.com.ua/sys/sys/test_cookie_key'
11315 [main] INFO  m.Driver.MyWebDriverEventListener - WebDriver navigating to:'https://plush.com.ua/'
12315 [main] ERROR m.Driver.MyWebDriverEventListener - ________________________________________________________________________________________________________________
12315 [main] ERROR m.Driver.MyWebDriverEventListener - WebDriver error: Element not found By.selector: .select-lang .selected
12315 [main] ERROR m.Driver.MyWebDriverEventListener - ________________________________________________________________________________________________________________
14731 [main] DEBUG m.Driver.MyWebDriverEventListener - Webdriver will click on element tag:li /id: /text: ('English▼')
18648 [main] DEBUG m.Driver.MyWebDriverEventListener - hope Webdriver clicked on element tag:li /id: /text: ('English▼')
18776 [main] INFO  test.java.LogTest - ------------------------ true
19058 [main] DEBUG m.Driver.MyWebDriverEventListener - Webdriver will click on element tag:a /id: lang_ru/text: ('Русский')
19331 [main] DEBUG m.Driver.MyWebDriverEventListener - hope Webdriver clicked on element tag:a /id: lang_ru/text: ('Русский')
19341 [main] INFO  test.java.LogTest - ------------------------ false
20934 [main] INFO  test.java.LogTest - ------------------------ true
20976 [main] INFO  test.java.LogTest - _______________________Test = captchaDoubleRecover_______________________
21153 [main] DEBUG m.Driver.MyWebDriverEventListener - Webdriver will click on element tag:a /id: js_header_signin/text: ('Войти')
22931 [main] DEBUG m.Driver.MyWebDriverEventListener - hope Webdriver clicked on element tag:a /id: js_header_signin/text: ('Войти')
22939 [main] INFO  test.java.LogTest - ------------------------ true
23117 [main] DEBUG m.Driver.MyWebDriverEventListener - Webdriver will click on element tag:a /id: /text: ('Забыли пароль?')
25257 [main] DEBUG m.Driver.MyWebDriverEventListener - hope Webdriver clicked on element tag:a /id: /text: ('Забыли пароль?')
25411 [main] DEBUG m.Driver.MyWebDriverEventListener - WebDriver changing value in element found By.id: recover_email from 'tag:input /id: recover_email/text: ('')
26305 [main] DEBUG m.Driver.MyWebDriverEventListener - WebDriver changing value in element found By.id: recover_email from 'tag:input /id: recover_email/text: ('')
26489 [main] DEBUG m.Driver.MyWebDriverEventListener - Webdriver will click on element tag:input /id: /text: ('')
26836 [main] DEBUG m.Driver.MyWebDriverEventListener - hope Webdriver clicked on element tag:input /id: /text: ('')
27085 [main] DEBUG m.Driver.MyWebDriverEventListener - WebDriver changing value in element found By.id: recover_email from 'tag:input /id: recover_email/text: ('')
27955 [main] DEBUG m.Driver.MyWebDriverEventListener - WebDriver changing value in element found By.id: recover_email from 'tag:input /id: recover_email/text: ('')
28179 [main] DEBUG m.Driver.MyWebDriverEventListener - Webdriver will click on element tag:input /id: /text: ('')
28478 [main] DEBUG m.Driver.MyWebDriverEventListener - hope Webdriver clicked on element tag:input /id: /text: ('')
28501 [main] INFO  test.java.LogTest - >>>>>>>>>>@AfterMethod<<<<<<<<<
31569 [main] INFO  test.java.LogTest - >>>>>>>>>>>>>>>Test = invalidNoRecover()<<<<<<<<<<<<<<<
31678 [main] DEBUG m.Driver.MyWebDriverEventListener - Webdriver will click on element tag:a /id: js_header_signin/text: ('Войти')
33954 [main] DEBUG m.Driver.MyWebDriverEventListener - hope Webdriver clicked on element tag:a /id: js_header_signin/text: ('Войти')
33976 [main] INFO  test.java.LogTest - ------------------------ true
34207 [main] DEBUG m.Driver.MyWebDriverEventListener - Webdriver will click on element tag:a /id: /text: ('')
44311 [main] ERROR m.Driver.MyWebDriverEventListener - ________________________________________________________________________________________________________________
44319 [main] ERROR m.Driver.MyWebDriverEventListener - WebDriver error:
org.openqa.selenium.ElementNotVisibleException: Element is not currently visible and so may not be interacted with
Command duration or timeout: 10.10 seconds
Build info: version: '2.33.0', revision: '4e90c97', time: '2013-05-22 15:32:38'
System info: os.name: 'Linux', os.arch: 'amd64', os.version: '3.2.0-23-generic', java.version: '1.7.0_25'
Session ID: 69d9acf7-fa28-459d-acc1-36428b01dbea
Driver info: org.openqa.selenium.firefox.FirefoxDriver
Capabilities [{platform=LINUX, databaseEnabled=true, cssSelectorsEnabled=true, javascriptEnabled=true, acceptSslCerts=true, handlesAlerts=true, browserName=firefox, browserConnectionEnabled=true, nativeEvents=true, webStorageEnabled=true, rotatable=false, locationContextEnabled=true, applicationCacheEnabled=true, takesScreenshot=true, version=21.0}]
	at sun.reflect.NativeConstructorAccessorImpl.newInstance0(Native Method) ~[na:1.7.0_25]
	at sun.reflect.NativeConstructorAccessorImpl.newInstance(NativeConstructorAccessorImpl.java:57) ~[na:1.7.0_25]
	at sun.reflect.DelegatingConstructorAccessorImpl.newInstance(DelegatingConstructorAccessorImpl.java:45) ~[na:1.7.0_25]
	at java.lang.reflect.Constructor.newInstance(Constructor.java:526) ~[na:1.7.0_25]
	at org.openqa.selenium.remote.ErrorHandler.createThrowable(ErrorHandler.java:191) ~[selenium-server-standalone-2.33.0.jar:na]
	at org.openqa.selenium.remote.ErrorHandler.throwIfResponseFailed(ErrorHandler.java:145) ~[selenium-server-standalone-2.33.0.jar:na]
	at org.openqa.selenium.remote.RemoteWebDriver.execute(RemoteWebDriver.java:554) ~[selenium-server-standalone-2.33.0.jar:na]
	at org.openqa.selenium.remote.RemoteWebElement.execute(RemoteWebElement.java:268) ~[selenium-server-standalone-2.33.0.jar:na]
	at org.openqa.selenium.remote.RemoteWebElement.click(RemoteWebElement.java:79) ~[selenium-server-standalone-2.33.0.jar:na]
	at sun.reflect.NativeMethodAccessorImpl.invoke0(Native Method) ~[na:1.7.0_25]
	at sun.reflect.NativeMethodAccessorImpl.invoke(NativeMethodAccessorImpl.java:57) ~[na:1.7.0_25]
	at sun.reflect.DelegatingMethodAccessorImpl.invoke(DelegatingMethodAccessorImpl.java:43) ~[na:1.7.0_25]
	at java.lang.reflect.Method.invoke(Method.java:606) ~[na:1.7.0_25]
	at org.openqa.selenium.support.events.EventFiringWebDriver$EventFiringWebElement$1.invoke(EventFiringWebDriver.java:327) ~[selenium-server-standalone-2.33.0.jar:na]
	at com.sun.proxy.$Proxy9.click(Unknown Source) ~[na:na]
	at org.openqa.selenium.support.events.EventFiringWebDriver$EventFiringWebElement.click(EventFiringWebDriver.java:340) ~[selenium-server-standalone-2.33.0.jar:na]
	at main.pages.LoginPage.resetPass(LoginPage.java:133) ~[classes/:na]
	at test.java.PasswordRecoverTest.invalidNoRecover(PasswordRecoverTest.java:168) [classes/:na]
	at sun.reflect.NativeMethodAccessorImpl.invoke0(Native Method) ~[na:1.7.0_25]
	at sun.reflect.NativeMethodAccessorImpl.invoke(NativeMethodAccessorImpl.java:57) ~[na:1.7.0_25]
	at sun.reflect.DelegatingMethodAccessorImpl.invoke(DelegatingMethodAccessorImpl.java:43) ~[na:1.7.0_25]
	at java.lang.reflect.Method.invoke(Method.java:606) ~[na:1.7.0_25]
	at org.testng.internal.MethodInvocationHelper.invokeMethod(MethodInvocationHelper.java:80) [testng.jar:6.9beta-201211201815]
	at org.testng.internal.Invoker.invokeMethod(Invoker.java:714) [testng.jar:6.9beta-201211201815]
	at org.testng.internal.Invoker.invokeTestMethod(Invoker.java:901) [testng.jar:6.9beta-201211201815]
	at org.testng.internal.Invoker.invokeTestMethods(Invoker.java:1231) [testng.jar:6.9beta-201211201815]
	at org.testng.internal.TestMethodWorker.invokeTestMethods(TestMethodWorker.java:128) [testng.jar:6.9beta-201211201815]
	at org.testng.internal.TestMethodWorker.run(TestMethodWorker.java:111) [testng.jar:6.9beta-201211201815]
	at org.testng.TestRunner.privateRun(TestRunner.java:767) [testng.jar:6.9beta-201211201815]
	at org.testng.TestRunner.run(TestRunner.java:617) [testng.jar:6.9beta-201211201815]
	at org.testng.SuiteRunner.runTest(SuiteRunner.java:334) [testng.jar:6.9beta-201211201815]
	at org.testng.SuiteRunner.runSequentially(SuiteRunner.java:329) [testng.jar:6.9beta-201211201815]
	at org.testng.SuiteRunner.privateRun(SuiteRunner.java:291) [testng.jar:6.9beta-201211201815]
	at org.testng.SuiteRunner.run(SuiteRunner.java:240) [testng.jar:6.9beta-201211201815]
	at org.testng.SuiteRunnerWorker.runSuite(SuiteRunnerWorker.java:52) [testng.jar:6.9beta-201211201815]
	at org.testng.SuiteRunnerWorker.run(SuiteRunnerWorker.java:86) [testng.jar:6.9beta-201211201815]
	at org.testng.TestNG.runSuitesSequentially(TestNG.java:1203) [testng.jar:6.9beta-201211201815]
	at org.testng.TestNG.runSuitesLocally(TestNG.java:1128) [testng.jar:6.9beta-201211201815]
	at org.testng.TestNG.run(TestNG.java:1036) [testng.jar:6.9beta-201211201815]
	at org.testng.remote.RemoteTestNG.run(RemoteTestNG.java:111) [testng.jar:6.9beta-201211201815]
	at org.testng.remote.RemoteTestNG.initAndRun(RemoteTestNG.java:204) [testng.jar:6.9beta-201211201815]
	at org.testng.remote.RemoteTestNG.main(RemoteTestNG.java:175) [testng.jar:6.9beta-201211201815]
org.openqa.selenium.remote.ErrorHandler$UnknownServerException: Element is not currently visible and so may not be interacted with
Build info: version: '2.33.0', revision: '4e90c97', time: '2013-05-22 15:32:38'
System info: os.name: 'Linux', os.arch: 'amd64', os.version: '3.2.0-23-generic', java.version: '1.7.0_25'
Driver info: driver.version: unknown
	at <anonymous class>.fxdriver.preconditions.visible(file:///tmp/anonymous8700127248322670184webdriver-profile/extensions/fxdriver@googlecode.com/components/command_processor.js:7736) ~[na:na]
	at <anonymous class>.DelayedCommand.prototype.checkPreconditions_(file:///tmp/anonymous8700127248322670184webdriver-profile/extensions/fxdriver@googlecode.com/components/command_processor.js:10437) ~[na:na]
	at <anonymous class>.DelayedCommand.prototype.executeInternal_/h(file:///tmp/anonymous8700127248322670184webdriver-profile/extensions/fxdriver@googlecode.com/components/command_processor.js:10456) ~[na:na]
	at <anonymous class>.fxdriver.Timer.prototype.setTimeout/<.notify(file:///tmp/anonymous8700127248322670184webdriver-profile/extensions/fxdriver@googlecode.com/components/command_processor.js:386) ~[na:na]
44320 [main] ERROR m.Driver.MyWebDriverEventListener - ________________________________________________________________________________________________________________
44331 [main] INFO  test.java.LogTest - >>>>>>>>>>@AfterMethod<<<<<<<<<
47397 [main] INFO  test.java.LogTest - >>>>>>>>>>>>>>>Test = invalidRecover()<<<<<<<<<<<<<<<
47496 [main] DEBUG m.Driver.MyWebDriverEventListener - Webdriver will click on element tag:a /id: js_header_signin/text: ('Войти')
47674 [main] DEBUG m.Driver.MyWebDriverEventListener - hope Webdriver clicked on element tag:a /id: js_header_signin/text: ('Войти')
47681 [main] INFO  test.java.LogTest - ------------------------ true
47845 [main] DEBUG m.Driver.MyWebDriverEventListener - Webdriver will click on element tag:a /id: /text: ('Забыли пароль?')
49921 [main] DEBUG m.Driver.MyWebDriverEventListener - hope Webdriver clicked on element tag:a /id: /text: ('Забыли пароль?')
50034 [main] DEBUG m.Driver.MyWebDriverEventListener - WebDriver changing value in element found By.id: recover_email from 'tag:input /id: recover_email/text: ('')
50320 [main] DEBUG m.Driver.MyWebDriverEventListener - WebDriver changing value in element found By.id: recover_email from 'tag:input /id: recover_email/text: ('')
50478 [main] DEBUG m.Driver.MyWebDriverEventListener - Webdriver will click on element tag:input /id: /text: ('')
50819 [main] DEBUG m.Driver.MyWebDriverEventListener - hope Webdriver clicked on element tag:input /id: /text: ('')
51411 [main] INFO  test.java.LogTest - >>>>>>>>>>@AfterMethod<<<<<<<<<
54479 [main] INFO  test.java.LogTest - >>>>>>>>>>>>>>>Test = validRecover()<<<<<<<<<<<<<<<
54610 [main] DEBUG m.Driver.MyWebDriverEventListener - Webdriver will click on element tag:a /id: js_header_signin/text: ('Войти')
56828 [main] DEBUG m.Driver.MyWebDriverEventListener - hope Webdriver clicked on element tag:a /id: js_header_signin/text: ('Войти')
56837 [main] INFO  test.java.LogTest - ------------------------ true
56993 [main] DEBUG m.Driver.MyWebDriverEventListener - Webdriver will click on element tag:a /id: /text: ('')
67090 [main] ERROR m.Driver.MyWebDriverEventListener - ________________________________________________________________________________________________________________
67093 [main] ERROR m.Driver.MyWebDriverEventListener - WebDriver error:
org.openqa.selenium.ElementNotVisibleException: Element is not currently visible and so may not be interacted with
Command duration or timeout: 10.10 seconds
Build info: version: '2.33.0', revision: '4e90c97', time: '2013-05-22 15:32:38'
System info: os.name: 'Linux', os.arch: 'amd64', os.version: '3.2.0-23-generic', java.version: '1.7.0_25'
Session ID: 69d9acf7-fa28-459d-acc1-36428b01dbea
Driver info: org.openqa.selenium.firefox.FirefoxDriver
Capabilities [{platform=LINUX, databaseEnabled=true, cssSelectorsEnabled=true, javascriptEnabled=true, acceptSslCerts=true, handlesAlerts=true, browserName=firefox, browserConnectionEnabled=true, nativeEvents=true, webStorageEnabled=true, rotatable=false, locationContextEnabled=true, applicationCacheEnabled=true, takesScreenshot=true, version=21.0}]
	at sun.reflect.NativeConstructorAccessorImpl.newInstance0(Native Method) ~[na:1.7.0_25]
	at sun.reflect.NativeConstructorAccessorImpl.newInstance(NativeConstructorAccessorImpl.java:57) ~[na:1.7.0_25]
	at sun.reflect.DelegatingConstructorAccessorImpl.newInstance(DelegatingConstructorAccessorImpl.java:45) ~[na:1.7.0_25]
	at java.lang.reflect.Constructor.newInstance(Constructor.java:526) ~[na:1.7.0_25]
	at org.openqa.selenium.remote.ErrorHandler.createThrowable(ErrorHandler.java:191) ~[selenium-server-standalone-2.33.0.jar:na]
	at org.openqa.selenium.remote.ErrorHandler.throwIfResponseFailed(ErrorHandler.java:145) ~[selenium-server-standalone-2.33.0.jar:na]
	at org.openqa.selenium.remote.RemoteWebDriver.execute(RemoteWebDriver.java:554) ~[selenium-server-standalone-2.33.0.jar:na]
	at org.openqa.selenium.remote.RemoteWebElement.execute(RemoteWebElement.java:268) ~[selenium-server-standalone-2.33.0.jar:na]
	at org.openqa.selenium.remote.RemoteWebElement.click(RemoteWebElement.java:79) ~[selenium-server-standalone-2.33.0.jar:na]
	at sun.reflect.NativeMethodAccessorImpl.invoke0(Native Method) ~[na:1.7.0_25]
	at sun.reflect.NativeMethodAccessorImpl.invoke(NativeMethodAccessorImpl.java:57) ~[na:1.7.0_25]
	at sun.reflect.DelegatingMethodAccessorImpl.invoke(DelegatingMethodAccessorImpl.java:43) ~[na:1.7.0_25]
	at java.lang.reflect.Method.invoke(Method.java:606) ~[na:1.7.0_25]
	at org.openqa.selenium.support.events.EventFiringWebDriver$EventFiringWebElement$1.invoke(EventFiringWebDriver.java:327) ~[selenium-server-standalone-2.33.0.jar:na]
	at com.sun.proxy.$Proxy9.click(Unknown Source) ~[na:na]
	at org.openqa.selenium.support.events.EventFiringWebDriver$EventFiringWebElement.click(EventFiringWebDriver.java:340) ~[selenium-server-standalone-2.33.0.jar:na]
	at main.pages.LoginPage.resetPass(LoginPage.java:133) ~[classes/:na]
	at test.java.PasswordRecoverTest.recoverLinkExpired(PasswordRecoverTest.java:96) [classes/:na]
	at sun.reflect.NativeMethodAccessorImpl.invoke0(Native Method) ~[na:1.7.0_25]
	at sun.reflect.NativeMethodAccessorImpl.invoke(NativeMethodAccessorImpl.java:57) ~[na:1.7.0_25]
	at sun.reflect.DelegatingMethodAccessorImpl.invoke(DelegatingMethodAccessorImpl.java:43) ~[na:1.7.0_25]
	at java.lang.reflect.Method.invoke(Method.java:606) ~[na:1.7.0_25]
	at org.testng.internal.MethodInvocationHelper.invokeMethod(MethodInvocationHelper.java:80) [testng.jar:6.9beta-201211201815]
	at org.testng.internal.Invoker.invokeMethod(Invoker.java:714) [testng.jar:6.9beta-201211201815]
	at org.testng.internal.Invoker.invokeTestMethod(Invoker.java:901) [testng.jar:6.9beta-201211201815]
	at org.testng.internal.Invoker.invokeTestMethods(Invoker.java:1231) [testng.jar:6.9beta-201211201815]
	at org.testng.internal.TestMethodWorker.invokeTestMethods(TestMethodWorker.java:128) [testng.jar:6.9beta-201211201815]
	at org.testng.internal.TestMethodWorker.run(TestMethodWorker.java:111) [testng.jar:6.9beta-201211201815]
	at org.testng.TestRunner.privateRun(TestRunner.java:767) [testng.jar:6.9beta-201211201815]
	at org.testng.TestRunner.run(TestRunner.java:617) [testng.jar:6.9beta-201211201815]
	at org.testng.SuiteRunner.runTest(SuiteRunner.java:334) [testng.jar:6.9beta-201211201815]
	at org.testng.SuiteRunner.runSequentially(SuiteRunner.java:329) [testng.jar:6.9beta-201211201815]
	at org.testng.SuiteRunner.privateRun(SuiteRunner.java:291) [testng.jar:6.9beta-201211201815]
	at org.testng.SuiteRunner.run(SuiteRunner.java:240) [testng.jar:6.9beta-201211201815]
	at org.testng.SuiteRunnerWorker.runSuite(SuiteRunnerWorker.java:52) [testng.jar:6.9beta-201211201815]
	at org.testng.SuiteRunnerWorker.run(SuiteRunnerWorker.java:86) [testng.jar:6.9beta-201211201815]
	at org.testng.TestNG.runSuitesSequentially(TestNG.java:1203) [testng.jar:6.9beta-201211201815]
	at org.testng.TestNG.runSuitesLocally(TestNG.java:1128) [testng.jar:6.9beta-201211201815]
	at org.testng.TestNG.run(TestNG.java:1036) [testng.jar:6.9beta-201211201815]
	at org.testng.remote.RemoteTestNG.run(RemoteTestNG.java:111) [testng.jar:6.9beta-201211201815]
	at org.testng.remote.RemoteTestNG.initAndRun(RemoteTestNG.java:204) [testng.jar:6.9beta-201211201815]
	at org.testng.remote.RemoteTestNG.main(RemoteTestNG.java:175) [testng.jar:6.9beta-201211201815]
org.openqa.selenium.remote.ErrorHandler$UnknownServerException: Element is not currently visible and so may not be interacted with
Build info: version: '2.33.0', revision: '4e90c97', time: '2013-05-22 15:32:38'
System info: os.name: 'Linux', os.arch: 'amd64', os.version: '3.2.0-23-generic', java.version: '1.7.0_25'
Driver info: driver.version: unknown
	at <anonymous class>.fxdriver.preconditions.visible(file:///tmp/anonymous8700127248322670184webdriver-profile/extensions/fxdriver@googlecode.com/components/command_processor.js:7736) ~[na:na]
	at <anonymous class>.DelayedCommand.prototype.checkPreconditions_(file:///tmp/anonymous8700127248322670184webdriver-profile/extensions/fxdriver@googlecode.com/components/command_processor.js:10437) ~[na:na]
	at <anonymous class>.DelayedCommand.prototype.executeInternal_/h(file:///tmp/anonymous8700127248322670184webdriver-profile/extensions/fxdriver@googlecode.com/components/command_processor.js:10456) ~[na:na]
	at <anonymous class>.fxdriver.Timer.prototype.setTimeout/<.notify(file:///tmp/anonymous8700127248322670184webdriver-profile/extensions/fxdriver@googlecode.com/components/command_processor.js:386) ~[na:na]
67093 [main] ERROR m.Driver.MyWebDriverEventListener - ________________________________________________________________________________________________________________
67122 [main] INFO  test.java.LogTest - >>>>>>>>>>@AfterMethod<<<<<<<<<
70185 [main] INFO  test.java.LogTest - >>>>>>>>>>>>>>>Test = validRecover()<<<<<<<<<<<<<<<
70311 [main] DEBUG m.Driver.MyWebDriverEventListener - Webdriver will click on element tag:a /id: js_header_signin/text: ('Войти')
70505 [main] DEBUG m.Driver.MyWebDriverEventListener - hope Webdriver clicked on element tag:a /id: js_header_signin/text: ('Войти')
70519 [main] INFO  test.java.LogTest - ------------------------ true
70684 [main] DEBUG m.Driver.MyWebDriverEventListener - Webdriver will click on element tag:a /id: /text: ('Забыли пароль?')
72778 [main] DEBUG m.Driver.MyWebDriverEventListener - hope Webdriver clicked on element tag:a /id: /text: ('Забыли пароль?')
72934 [main] DEBUG m.Driver.MyWebDriverEventListener - WebDriver changing value in element found By.id: recover_email from 'tag:input /id: recover_email/text: ('')
73767 [main] DEBUG m.Driver.MyWebDriverEventListener - WebDriver changing value in element found By.id: recover_email from 'tag:input /id: recover_email/text: ('')
73979 [main] DEBUG m.Driver.MyWebDriverEventListener - Webdriver will click on element tag:input /id: /text: ('')
74362 [main] DEBUG m.Driver.MyWebDriverEventListener - hope Webdriver clicked on element tag:input /id: /text: ('')
90030 [main] INFO  test.java.LogTest - >>>>>>>>>>@AfterMethod<<<<<<<<<
93130 [main] INFO  test.java.LogTest - >>>>>>>>>>>>>>>Test = validRecover()<<<<<<<<<<<<<<<
93338 [main] DEBUG m.Driver.MyWebDriverEventListener - Webdriver will click on element tag:a /id: js_header_signin/text: ('Log in')
95382 [main] DEBUG m.Driver.MyWebDriverEventListener - hope Webdriver clicked on element tag:a /id: js_header_signin/text: ('Log in')
95449 [main] INFO  test.java.LogTest - ------------------------ true
95649 [main] DEBUG m.Driver.MyWebDriverEventListener - Webdriver will click on element tag:a /id: /text: ('')
105710 [main] ERROR m.Driver.MyWebDriverEventListener - ________________________________________________________________________________________________________________
105713 [main] ERROR m.Driver.MyWebDriverEventListener - WebDriver error:
org.openqa.selenium.ElementNotVisibleException: Element is not currently visible and so may not be interacted with
Command duration or timeout: 10.06 seconds
Build info: version: '2.33.0', revision: '4e90c97', time: '2013-05-22 15:32:38'
System info: os.name: 'Linux', os.arch: 'amd64', os.version: '3.2.0-23-generic', java.version: '1.7.0_25'
Session ID: 69d9acf7-fa28-459d-acc1-36428b01dbea
Driver info: org.openqa.selenium.firefox.FirefoxDriver
Capabilities [{platform=LINUX, databaseEnabled=true, cssSelectorsEnabled=true, javascriptEnabled=true, acceptSslCerts=true, handlesAlerts=true, browserName=firefox, browserConnectionEnabled=true, nativeEvents=true, webStorageEnabled=true, rotatable=false, locationContextEnabled=true, applicationCacheEnabled=true, takesScreenshot=true, version=21.0}]
	at sun.reflect.NativeConstructorAccessorImpl.newInstance0(Native Method) ~[na:1.7.0_25]
	at sun.reflect.NativeConstructorAccessorImpl.newInstance(NativeConstructorAccessorImpl.java:57) ~[na:1.7.0_25]
	at sun.reflect.DelegatingConstructorAccessorImpl.newInstance(DelegatingConstructorAccessorImpl.java:45) ~[na:1.7.0_25]
	at java.lang.reflect.Constructor.newInstance(Constructor.java:526) ~[na:1.7.0_25]
	at org.openqa.selenium.remote.ErrorHandler.createThrowable(ErrorHandler.java:191) ~[selenium-server-standalone-2.33.0.jar:na]
	at org.openqa.selenium.remote.ErrorHandler.throwIfResponseFailed(ErrorHandler.java:145) ~[selenium-server-standalone-2.33.0.jar:na]
	at org.openqa.selenium.remote.RemoteWebDriver.execute(RemoteWebDriver.java:554) ~[selenium-server-standalone-2.33.0.jar:na]
	at org.openqa.selenium.remote.RemoteWebElement.execute(RemoteWebElement.java:268) ~[selenium-server-standalone-2.33.0.jar:na]
	at org.openqa.selenium.remote.RemoteWebElement.click(RemoteWebElement.java:79) ~[selenium-server-standalone-2.33.0.jar:na]
	at sun.reflect.GeneratedMethodAccessor15.invoke(Unknown Source) ~[na:na]
	at sun.reflect.DelegatingMethodAccessorImpl.invoke(DelegatingMethodAccessorImpl.java:43) ~[na:1.7.0_25]
	at java.lang.reflect.Method.invoke(Method.java:606) ~[na:1.7.0_25]
	at org.openqa.selenium.support.events.EventFiringWebDriver$EventFiringWebElement$1.invoke(EventFiringWebDriver.java:327) ~[selenium-server-standalone-2.33.0.jar:na]
	at com.sun.proxy.$Proxy9.click(Unknown Source) ~[na:na]
	at org.openqa.selenium.support.events.EventFiringWebDriver$EventFiringWebElement.click(EventFiringWebDriver.java:340) ~[selenium-server-standalone-2.33.0.jar:na]
	at main.pages.LoginPage.resetPass(LoginPage.java:133) ~[classes/:na]
	at test.java.PasswordRecoverTest.validRecoverStandartPass(PasswordRecoverTest.java:64) [classes/:na]
	at sun.reflect.NativeMethodAccessorImpl.invoke0(Native Method) ~[na:1.7.0_25]
	at sun.reflect.NativeMethodAccessorImpl.invoke(NativeMethodAccessorImpl.java:57) ~[na:1.7.0_25]
	at sun.reflect.DelegatingMethodAccessorImpl.invoke(DelegatingMethodAccessorImpl.java:43) ~[na:1.7.0_25]
	at java.lang.reflect.Method.invoke(Method.java:606) ~[na:1.7.0_25]
	at org.testng.internal.MethodInvocationHelper.invokeMethod(MethodInvocationHelper.java:80) [testng.jar:6.9beta-201211201815]
	at org.testng.internal.Invoker.invokeMethod(Invoker.java:714) [testng.jar:6.9beta-201211201815]
	at org.testng.internal.Invoker.invokeTestMethod(Invoker.java:901) [testng.jar:6.9beta-201211201815]
	at org.testng.internal.Invoker.invokeTestMethods(Invoker.java:1231) [testng.jar:6.9beta-201211201815]
	at org.testng.internal.TestMethodWorker.invokeTestMethods(TestMethodWorker.java:128) [testng.jar:6.9beta-201211201815]
	at org.testng.internal.TestMethodWorker.run(TestMethodWorker.java:111) [testng.jar:6.9beta-201211201815]
	at org.testng.TestRunner.privateRun(TestRunner.java:767) [testng.jar:6.9beta-201211201815]
	at org.testng.TestRunner.run(TestRunner.java:617) [testng.jar:6.9beta-201211201815]
	at org.testng.SuiteRunner.runTest(SuiteRunner.java:334) [testng.jar:6.9beta-201211201815]
	at org.testng.SuiteRunner.runSequentially(SuiteRunner.java:329) [testng.jar:6.9beta-201211201815]
	at org.testng.SuiteRunner.privateRun(SuiteRunner.java:291) [testng.jar:6.9beta-201211201815]
	at org.testng.SuiteRunner.run(SuiteRunner.java:240) [testng.jar:6.9beta-201211201815]
	at org.testng.SuiteRunnerWorker.runSuite(SuiteRunnerWorker.java:52) [testng.jar:6.9beta-201211201815]
	at org.testng.SuiteRunnerWorker.run(SuiteRunnerWorker.java:86) [testng.jar:6.9beta-201211201815]
	at org.testng.TestNG.runSuitesSequentially(TestNG.java:1203) [testng.jar:6.9beta-201211201815]
	at org.testng.TestNG.runSuitesLocally(TestNG.java:1128) [testng.jar:6.9beta-201211201815]
	at org.testng.TestNG.run(TestNG.java:1036) [testng.jar:6.9beta-201211201815]
	at org.testng.remote.RemoteTestNG.run(RemoteTestNG.java:111) [testng.jar:6.9beta-201211201815]
	at org.testng.remote.RemoteTestNG.initAndRun(RemoteTestNG.java:204) [testng.jar:6.9beta-201211201815]
	at org.testng.remote.RemoteTestNG.main(RemoteTestNG.java:175) [testng.jar:6.9beta-201211201815]
org.openqa.selenium.remote.ErrorHandler$UnknownServerException: Element is not currently visible and so may not be interacted with
Build info: version: '2.33.0', revision: '4e90c97', time: '2013-05-22 15:32:38'
System info: os.name: 'Linux', os.arch: 'amd64', os.version: '3.2.0-23-generic', java.version: '1.7.0_25'
Driver info: driver.version: unknown
	at <anonymous class>.fxdriver.preconditions.visible(file:///tmp/anonymous8700127248322670184webdriver-profile/extensions/fxdriver@googlecode.com/components/command_processor.js:7736) ~[na:na]
	at <anonymous class>.DelayedCommand.prototype.checkPreconditions_(file:///tmp/anonymous8700127248322670184webdriver-profile/extensions/fxdriver@googlecode.com/components/command_processor.js:10437) ~[na:na]
	at <anonymous class>.DelayedCommand.prototype.executeInternal_/h(file:///tmp/anonymous8700127248322670184webdriver-profile/extensions/fxdriver@googlecode.com/components/command_processor.js:10456) ~[na:na]
	at <anonymous class>.fxdriver.Timer.prototype.setTimeout/<.notify(file:///tmp/anonymous8700127248322670184webdriver-profile/extensions/fxdriver@googlecode.com/components/command_processor.js:386) ~[na:na]
105713 [main] ERROR m.Driver.MyWebDriverEventListener - ________________________________________________________________________________________________________________
111191 [main] INFO  test.java.LogTest - >>>>>>>>>>@AfterMethod<<<<<<<<<
114363 [Thread-2] DEBUG main.Driver.WebDriverFactory - Killing driver 
116631 [Thread-2] ERROR m.Driver.MyWebDriverEventListener - ________________________________________________________________________________________________________________
116633 [Thread-2] ERROR m.Driver.MyWebDriverEventListener - WebDriver error:
org.openqa.selenium.remote.UnreachableBrowserException: Error communicating with the remote browser. It may have died.
Build info: version: '2.33.0', revision: '4e90c97', time: '2013-05-22 15:32:38'
System info: os.name: 'Linux', os.arch: 'amd64', os.version: '3.2.0-23-generic', java.version: '1.7.0_25'
Driver info: driver.version: EventFiringWebDriver
	at org.openqa.selenium.remote.RemoteWebDriver.execute(RemoteWebDriver.java:548) ~[selenium-server-standalone-2.33.0.jar:na]
	at org.openqa.selenium.remote.RemoteWebDriver.execute(RemoteWebDriver.java:569) ~[selenium-server-standalone-2.33.0.jar:na]
	at org.openqa.selenium.remote.RemoteWebDriver.quit(RemoteWebDriver.java:423) ~[selenium-server-standalone-2.33.0.jar:na]
	at sun.reflect.NativeMethodAccessorImpl.invoke0(Native Method) ~[na:1.7.0_25]
	at sun.reflect.NativeMethodAccessorImpl.invoke(NativeMethodAccessorImpl.java:57) ~[na:1.7.0_25]
	at sun.reflect.DelegatingMethodAccessorImpl.invoke(DelegatingMethodAccessorImpl.java:43) ~[na:1.7.0_25]
	at java.lang.reflect.Method.invoke(Method.java:606) ~[na:1.7.0_25]
	at org.openqa.selenium.support.events.EventFiringWebDriver$2.invoke(EventFiringWebDriver.java:101) ~[selenium-server-standalone-2.33.0.jar:na]
	at com.sun.proxy.$Proxy8.quit(Unknown Source) ~[na:na]
	at org.openqa.selenium.support.events.EventFiringWebDriver.quit(EventFiringWebDriver.java:194) ~[selenium-server-standalone-2.33.0.jar:na]
	at main.Driver.WebDriverFactory.dismissDriver(WebDriverFactory.java:99) ~[classes/:na]
	at main.Driver.WebDriverFactory$1.run(WebDriverFactory.java:163) [classes/:na]
Caused by: org.apache.http.NoHttpResponseException: The target server failed to respond
	at org.apache.http.impl.conn.DefaultHttpResponseParser.parseHead(DefaultHttpResponseParser.java:95) ~[selenium-server-standalone-2.33.0.jar:na]
	at org.apache.http.impl.conn.DefaultHttpResponseParser.parseHead(DefaultHttpResponseParser.java:62) ~[selenium-server-standalone-2.33.0.jar:na]
	at org.apache.http.impl.io.AbstractMessageParser.parse(AbstractMessageParser.java:254) ~[selenium-server-standalone-2.33.0.jar:na]
	at org.apache.http.impl.AbstractHttpClientConnection.receiveResponseHeader(AbstractHttpClientConnection.java:289) ~[selenium-server-standalone-2.33.0.jar:na]
	at org.apache.http.impl.conn.DefaultClientConnection.receiveResponseHeader(DefaultClientConnection.java:252) ~[selenium-server-standalone-2.33.0.jar:na]
	at org.apache.http.impl.conn.AbstractClientConnAdapter.receiveResponseHeader(AbstractClientConnAdapter.java:219) ~[selenium-server-standalone-2.33.0.jar:na]
	at org.apache.http.protocol.HttpRequestExecutor.doReceiveResponse(HttpRequestExecutor.java:300) ~[selenium-server-standalone-2.33.0.jar:na]
	at org.apache.http.protocol.HttpRequestExecutor.execute(HttpRequestExecutor.java:127) ~[selenium-server-standalone-2.33.0.jar:na]
	at org.apache.http.impl.client.DefaultRequestDirector.tryExecute(DefaultRequestDirector.java:712) ~[selenium-server-standalone-2.33.0.jar:na]
	at org.apache.http.impl.client.DefaultRequestDirector.execute(DefaultRequestDirector.java:517) ~[selenium-server-standalone-2.33.0.jar:na]
	at org.apache.http.impl.client.AbstractHttpClient.execute(AbstractHttpClient.java:906) ~[selenium-server-standalone-2.33.0.jar:na]
	at org.openqa.selenium.remote.HttpCommandExecutor.fallBackExecute(HttpCommandExecutor.java:334) ~[selenium-server-standalone-2.33.0.jar:na]
	at org.openqa.selenium.remote.HttpCommandExecutor.execute(HttpCommandExecutor.java:295) ~[selenium-server-standalone-2.33.0.jar:na]
	at org.openqa.selenium.firefox.internal.NewProfileExtensionConnection.execute(NewProfileExtensionConnection.java:133) ~[selenium-server-standalone-2.33.0.jar:na]
	at org.openqa.selenium.firefox.FirefoxDriver$LazyCommandExecutor.execute(FirefoxDriver.java:355) ~[selenium-server-standalone-2.33.0.jar:na]
	at org.openqa.selenium.remote.RemoteWebDriver.execute(RemoteWebDriver.java:527) ~[selenium-server-standalone-2.33.0.jar:na]
	... 11 common frames omitted
116633 [Thread-2] ERROR m.Driver.MyWebDriverEventListener - ________________________________________________________________________________________________________________
116634 [Thread-2] WARN  main.Driver.WebDriverFactory - Driver killing error
org.openqa.selenium.remote.SessionNotFoundException: The FirefoxDriver cannot be used after quit() was called.
Build info: version: '2.33.0', revision: '4e90c97', time: '2013-05-22 15:32:38'
System info: os.name: 'Linux', os.arch: 'amd64', os.version: '3.2.0-23-generic', java.version: '1.7.0_25'
Driver info: driver.version: EventFiringWebDriver
	at org.openqa.selenium.firefox.FirefoxDriver$LazyCommandExecutor.execute(FirefoxDriver.java:352) ~[selenium-server-standalone-2.33.0.jar:na]
	at org.openqa.selenium.remote.RemoteWebDriver.execute(RemoteWebDriver.java:527) ~[selenium-server-standalone-2.33.0.jar:na]
	at org.openqa.selenium.remote.RemoteWebDriver.executeScript(RemoteWebDriver.java:463) ~[selenium-server-standalone-2.33.0.jar:na]
	at main.Driver.MyWebDriverEventListener.onException(MyWebDriverEventListener.java:66) ~[classes/:na]
	at sun.reflect.NativeMethodAccessorImpl.invoke0(Native Method) ~[na:1.7.0_25]
	at sun.reflect.NativeMethodAccessorImpl.invoke(NativeMethodAccessorImpl.java:57) ~[na:1.7.0_25]
	at sun.reflect.DelegatingMethodAccessorImpl.invoke(DelegatingMethodAccessorImpl.java:43) ~[na:1.7.0_25]
	at java.lang.reflect.Method.invoke(Method.java:606) ~[na:1.7.0_25]
	at org.openqa.selenium.support.events.EventFiringWebDriver$1.invoke(EventFiringWebDriver.java:78) ~[selenium-server-standalone-2.33.0.jar:na]
	at com.sun.proxy.$Proxy7.onException(Unknown Source) ~[na:na]
	at org.openqa.selenium.support.events.EventFiringWebDriver$2.invoke(EventFiringWebDriver.java:103) ~[selenium-server-standalone-2.33.0.jar:na]
	at com.sun.proxy.$Proxy8.quit(Unknown Source) ~[na:na]
	at org.openqa.selenium.support.events.EventFiringWebDriver.quit(EventFiringWebDriver.java:194) ~[selenium-server-standalone-2.33.0.jar:na]
	at main.Driver.WebDriverFactory.dismissDriver(WebDriverFactory.java:99) ~[classes/:na]
	at main.Driver.WebDriverFactory$1.run(WebDriverFactory.java:163) ~[classes/:na]
292  [main] INFO  test.java.LogTest - >>>>>>>>>>>>>>>>>>>>>>>>>>>>>>>>>>>>>class test.java.PasswordRecoverTest<<<<<<<<<<<<<<<<<<<<<<<<<<<<<<<<<<<<<<<
349  [main] DEBUG main.Driver.WebDriverFactory - Requested driver: Capabilities [{firefox_profile=org.openqa.selenium.firefox.FirefoxProfile@49fe5446, browserName=firefox, proxy=org.openqa.selenium.Proxy@584ee59d}]:null
2519 [main] INFO  m.Driver.MyWebDriverEventListener - WebDriver navigating to:'https://plush.com.ua/'
10822 [main] INFO  m.Driver.MyWebDriverEventListener - WebDriver navigating to:'https://testun.com.ua/sys/sys/test_cookie_key'
10845 [main] INFO  m.Driver.MyWebDriverEventListener - WebDriver navigating to:'https://plush.com.ua/'
11916 [main] ERROR m.Driver.MyWebDriverEventListener - ________________________________________________________________________________________________________________
11916 [main] ERROR m.Driver.MyWebDriverEventListener - WebDriver error: Element not found By.selector: .select-lang .selected
11916 [main] ERROR m.Driver.MyWebDriverEventListener - ________________________________________________________________________________________________________________
14417 [main] DEBUG m.Driver.MyWebDriverEventListener - Webdriver will click on element tag:li /id: /text: ('English▼')
18471 [main] DEBUG m.Driver.MyWebDriverEventListener - hope Webdriver clicked on element tag:li /id: /text: ('English▼')
18481 [main] INFO  test.java.LogTest - ------------------------ true
18737 [main] DEBUG m.Driver.MyWebDriverEventListener - Webdriver will click on element tag:a /id: lang_ru/text: ('Русский')
18999 [main] DEBUG m.Driver.MyWebDriverEventListener - hope Webdriver clicked on element tag:a /id: lang_ru/text: ('Русский')
19013 [main] INFO  test.java.LogTest - ------------------------ false
20804 [main] INFO  test.java.LogTest - ------------------------ true
20829 [main] INFO  test.java.LogTest - >>>>>>>>>>>>>>>Test = invalidNoRecover()<<<<<<<<<<<<<<<
21012 [main] DEBUG m.Driver.MyWebDriverEventListener - Webdriver will click on element tag:a /id: js_header_signin/text: ('Войти')
22658 [main] DEBUG m.Driver.MyWebDriverEventListener - hope Webdriver clicked on element tag:a /id: js_header_signin/text: ('Войти')
22667 [main] INFO  test.java.LogTest - ------------------------ true
22864 [main] DEBUG m.Driver.MyWebDriverEventListener - Webdriver will click on element tag:a /id: /text: ('Забыли пароль?')
25127 [main] DEBUG m.Driver.MyWebDriverEventListener - hope Webdriver clicked on element tag:a /id: /text: ('Забыли пароль?')
25343 [main] DEBUG m.Driver.MyWebDriverEventListener - WebDriver changing value in element found By.id: recover_email from 'tag:input /id: recover_email/text: ('')
25453 [main] DEBUG m.Driver.MyWebDriverEventListener - WebDriver changing value in element found By.id: recover_email from 'tag:input /id: recover_email/text: ('')
25608 [main] DEBUG m.Driver.MyWebDriverEventListener - Webdriver will click on element tag:input /id: /text: ('')
25851 [main] DEBUG m.Driver.MyWebDriverEventListener - hope Webdriver clicked on element tag:input /id: /text: ('')
26440 [main] INFO  test.java.LogTest - >>>>>>>>>>@AfterMethod<<<<<<<<<
29557 [Thread-2] DEBUG main.Driver.WebDriverFactory - Killing driver 
289  [main] INFO  test.java.LogTest - >>>>>>>>>>>>>>>>>>>>>>>>>>>>>>>>>>>>>class test.java.PasswordRecoverTest<<<<<<<<<<<<<<<<<<<<<<<<<<<<<<<<<<<<<<<
346  [main] DEBUG main.Driver.WebDriverFactory - Requested driver: Capabilities [{firefox_profile=org.openqa.selenium.firefox.FirefoxProfile@7eb99561, browserName=firefox, proxy=org.openqa.selenium.Proxy@49fe5446}]:null
2684 [main] INFO  m.Driver.MyWebDriverEventListener - WebDriver navigating to:'https://plush.com.ua/'
10720 [main] INFO  m.Driver.MyWebDriverEventListener - WebDriver navigating to:'https://testun.com.ua/sys/sys/test_cookie_key'
10752 [main] INFO  m.Driver.MyWebDriverEventListener - WebDriver navigating to:'https://plush.com.ua/'
11556 [main] ERROR m.Driver.MyWebDriverEventListener - ________________________________________________________________________________________________________________
11556 [main] ERROR m.Driver.MyWebDriverEventListener - WebDriver error: Element not found By.selector: .select-lang .selected
11556 [main] ERROR m.Driver.MyWebDriverEventListener - ________________________________________________________________________________________________________________
13785 [main] DEBUG m.Driver.MyWebDriverEventListener - Webdriver will click on element tag:li /id: /text: ('English▼')
18180 [main] DEBUG m.Driver.MyWebDriverEventListener - hope Webdriver clicked on element tag:li /id: /text: ('English▼')
18202 [main] INFO  test.java.LogTest - ------------------------ true
18376 [main] DEBUG m.Driver.MyWebDriverEventListener - Webdriver will click on element tag:a /id: lang_ru/text: ('Русский')
18647 [main] DEBUG m.Driver.MyWebDriverEventListener - hope Webdriver clicked on element tag:a /id: lang_ru/text: ('Русский')
18655 [main] INFO  test.java.LogTest - ------------------------ false
20169 [main] INFO  test.java.LogTest - ------------------------ true
20218 [main] INFO  test.java.LogTest - >>>>>>>>>>>>>>>Test = validRecover()<<<<<<<<<<<<<<<
20477 [main] DEBUG m.Driver.MyWebDriverEventListener - Webdriver will click on element tag:a /id: js_header_signin/text: ('Войти')
22573 [main] DEBUG m.Driver.MyWebDriverEventListener - hope Webdriver clicked on element tag:a /id: js_header_signin/text: ('Войти')
22709 [main] INFO  test.java.LogTest - ------------------------ true
22933 [main] DEBUG m.Driver.MyWebDriverEventListener - Webdriver will click on element tag:a /id: /text: ('Забыли пароль?')
25127 [main] DEBUG m.Driver.MyWebDriverEventListener - hope Webdriver clicked on element tag:a /id: /text: ('Забыли пароль?')
25245 [main] DEBUG m.Driver.MyWebDriverEventListener - WebDriver changing value in element found By.id: recover_email from 'tag:input /id: recover_email/text: ('')
26161 [main] DEBUG m.Driver.MyWebDriverEventListener - WebDriver changing value in element found By.id: recover_email from 'tag:input /id: recover_email/text: ('')
26454 [main] DEBUG m.Driver.MyWebDriverEventListener - Webdriver will click on element tag:input /id: /text: ('')
26780 [main] DEBUG m.Driver.MyWebDriverEventListener - hope Webdriver clicked on element tag:input /id: /text: ('')
46929 [main] INFO  m.Driver.MyWebDriverEventListener - WebDriver navigating to:'https://plush.com.ua/login/recover_finish/15078/a9ade46d8217e55620955bacc115ffd8442d0240/2e3043429bc5331a4628e1dccb262b33ee624361'
48792 [main] DEBUG m.Driver.MyWebDriverEventListener - WebDriver changing value in element found By.id: new_pass_password from 'tag:input /id: new_pass_password/text: ('')
49551 [main] DEBUG m.Driver.MyWebDriverEventListener - WebDriver changing value in element found By.id: new_pass_password from 'tag:input /id: new_pass_password/text: ('')
49772 [main] DEBUG m.Driver.MyWebDriverEventListener - Webdriver will click on element tag:input /id: new_pass_button/text: ('')
49989 [main] DEBUG m.Driver.MyWebDriverEventListener - hope Webdriver clicked on element tag:input /id: new_pass_button/text: ('')
56444 [main] DEBUG m.Driver.MyWebDriverEventListener - Webdriver will click on element tag:a /id: js_header_signin/text: ('Log in')
58859 [main] DEBUG m.Driver.MyWebDriverEventListener - hope Webdriver clicked on element tag:a /id: js_header_signin/text: ('Log in')
58870 [main] INFO  test.java.LogTest - ------------------------ true
59143 [main] DEBUG m.Driver.MyWebDriverEventListener - WebDriver changing value in element found By.id: login_email from 'tag:input /id: login_email/text: ('')
60092 [main] DEBUG m.Driver.MyWebDriverEventListener - WebDriver changing value in element found By.id: login_email from 'tag:input /id: login_email/text: ('')
60381 [main] DEBUG m.Driver.MyWebDriverEventListener - WebDriver changing value in element found By.id: login_password from 'tag:input /id: login_password/text: ('')
61079 [main] DEBUG m.Driver.MyWebDriverEventListener - WebDriver changing value in element found By.id: login_password from 'tag:input /id: login_password/text: ('')
61310 [main] DEBUG m.Driver.MyWebDriverEventListener - Webdriver will click on element tag:input /id: login_button/text: ('')
63637 [main] DEBUG m.Driver.MyWebDriverEventListener - hope Webdriver clicked on element tag:input /id: login_button/text: ('')
66831 [main] INFO  test.java.LogTest - >>>>>>>>>>@AfterMethod<<<<<<<<<
69877 [main] ERROR m.Driver.MyWebDriverEventListener - ________________________________________________________________________________________________________________
69884 [main] ERROR m.Driver.MyWebDriverEventListener - WebDriver error:
org.openqa.selenium.UnhandledAlertException: Modal dialog present: To display this page, Firefox must send information that will repeat any action (such as a search or order confirmation) that was performed earlier.
Build info: version: '2.33.0', revision: '4e90c97', time: '2013-05-22 15:32:38'
System info: os.name: 'Linux', os.arch: 'amd64', os.version: '3.2.0-23-generic', java.version: '1.7.0_25'
Session ID: 632405d1-fe50-45e9-8cce-8ae85847c894
Driver info: org.openqa.selenium.firefox.FirefoxDriver
Capabilities [{platform=LINUX, databaseEnabled=true, cssSelectorsEnabled=true, javascriptEnabled=true, acceptSslCerts=true, handlesAlerts=true, browserName=firefox, browserConnectionEnabled=true, nativeEvents=true, webStorageEnabled=true, rotatable=false, locationContextEnabled=true, applicationCacheEnabled=true, takesScreenshot=true, version=21.0}]
	at sun.reflect.NativeConstructorAccessorImpl.newInstance0(Native Method) ~[na:1.7.0_25]
	at sun.reflect.NativeConstructorAccessorImpl.newInstance(NativeConstructorAccessorImpl.java:57) ~[na:1.7.0_25]
	at sun.reflect.DelegatingConstructorAccessorImpl.newInstance(DelegatingConstructorAccessorImpl.java:45) ~[na:1.7.0_25]
	at java.lang.reflect.Constructor.newInstance(Constructor.java:526) ~[na:1.7.0_25]
	at org.openqa.selenium.remote.ErrorHandler.createThrowable(ErrorHandler.java:191) ~[selenium-server-standalone-2.33.0.jar:na]
	at org.openqa.selenium.remote.ErrorHandler.createUnhandledAlertException(ErrorHandler.java:172) ~[selenium-server-standalone-2.33.0.jar:na]
	at org.openqa.selenium.remote.ErrorHandler.throwIfResponseFailed(ErrorHandler.java:141) ~[selenium-server-standalone-2.33.0.jar:na]
	at org.openqa.selenium.remote.RemoteWebDriver.execute(RemoteWebDriver.java:554) ~[selenium-server-standalone-2.33.0.jar:na]
	at org.openqa.selenium.remote.RemoteWebDriver.executeScript(RemoteWebDriver.java:463) ~[selenium-server-standalone-2.33.0.jar:na]
	at sun.reflect.NativeMethodAccessorImpl.invoke0(Native Method) ~[na:1.7.0_25]
	at sun.reflect.NativeMethodAccessorImpl.invoke(NativeMethodAccessorImpl.java:57) ~[na:1.7.0_25]
	at sun.reflect.DelegatingMethodAccessorImpl.invoke(DelegatingMethodAccessorImpl.java:43) ~[na:1.7.0_25]
	at java.lang.reflect.Method.invoke(Method.java:606) ~[na:1.7.0_25]
	at org.openqa.selenium.support.events.EventFiringWebDriver$2.invoke(EventFiringWebDriver.java:101) ~[selenium-server-standalone-2.33.0.jar:na]
	at com.sun.proxy.$Proxy8.executeScript(Unknown Source) ~[na:na]
	at org.openqa.selenium.support.events.EventFiringWebDriver.executeScript(EventFiringWebDriver.java:209) ~[selenium-server-standalone-2.33.0.jar:na]
	at net.jsourcerer.webdriver.jserrorcollector.JavaScriptError.readErrors(JavaScriptError.java:135) ~[JSErrorCollector-0.5.jar:na]
	at main.pages.HomePage.jsErrorExist(HomePage.java:305) [classes/:na]
	at test.java.PasswordRecoverTest.unLogin(PasswordRecoverTest.java:51) [classes/:na]
	at sun.reflect.NativeMethodAccessorImpl.invoke0(Native Method) ~[na:1.7.0_25]
	at sun.reflect.NativeMethodAccessorImpl.invoke(NativeMethodAccessorImpl.java:57) ~[na:1.7.0_25]
	at sun.reflect.DelegatingMethodAccessorImpl.invoke(DelegatingMethodAccessorImpl.java:43) ~[na:1.7.0_25]
	at java.lang.reflect.Method.invoke(Method.java:606) ~[na:1.7.0_25]
	at org.testng.internal.MethodInvocationHelper.invokeMethod(MethodInvocationHelper.java:80) [testng.jar:6.9beta-201211201815]
	at org.testng.internal.Invoker.invokeConfigurationMethod(Invoker.java:564) [testng.jar:6.9beta-201211201815]
	at org.testng.internal.Invoker.invokeConfigurations(Invoker.java:213) [testng.jar:6.9beta-201211201815]
	at org.testng.internal.Invoker.invokeMethod(Invoker.java:786) [testng.jar:6.9beta-201211201815]
	at org.testng.internal.Invoker.invokeTestMethod(Invoker.java:901) [testng.jar:6.9beta-201211201815]
	at org.testng.internal.Invoker.invokeTestMethods(Invoker.java:1231) [testng.jar:6.9beta-201211201815]
	at org.testng.internal.TestMethodWorker.invokeTestMethods(TestMethodWorker.java:128) [testng.jar:6.9beta-201211201815]
	at org.testng.internal.TestMethodWorker.run(TestMethodWorker.java:111) [testng.jar:6.9beta-201211201815]
	at org.testng.TestRunner.privateRun(TestRunner.java:767) [testng.jar:6.9beta-201211201815]
	at org.testng.TestRunner.run(TestRunner.java:617) [testng.jar:6.9beta-201211201815]
	at org.testng.SuiteRunner.runTest(SuiteRunner.java:334) [testng.jar:6.9beta-201211201815]
	at org.testng.SuiteRunner.runSequentially(SuiteRunner.java:329) [testng.jar:6.9beta-201211201815]
	at org.testng.SuiteRunner.privateRun(SuiteRunner.java:291) [testng.jar:6.9beta-201211201815]
	at org.testng.SuiteRunner.run(SuiteRunner.java:240) [testng.jar:6.9beta-201211201815]
	at org.testng.SuiteRunnerWorker.runSuite(SuiteRunnerWorker.java:52) [testng.jar:6.9beta-201211201815]
	at org.testng.SuiteRunnerWorker.run(SuiteRunnerWorker.java:86) [testng.jar:6.9beta-201211201815]
	at org.testng.TestNG.runSuitesSequentially(TestNG.java:1203) [testng.jar:6.9beta-201211201815]
	at org.testng.TestNG.runSuitesLocally(TestNG.java:1128) [testng.jar:6.9beta-201211201815]
	at org.testng.TestNG.run(TestNG.java:1036) [testng.jar:6.9beta-201211201815]
	at org.testng.remote.RemoteTestNG.run(RemoteTestNG.java:111) [testng.jar:6.9beta-201211201815]
	at org.testng.remote.RemoteTestNG.initAndRun(RemoteTestNG.java:204) [testng.jar:6.9beta-201211201815]
	at org.testng.remote.RemoteTestNG.main(RemoteTestNG.java:175) [testng.jar:6.9beta-201211201815]
69892 [main] ERROR m.Driver.MyWebDriverEventListener - ________________________________________________________________________________________________________________
69952 [Thread-2] DEBUG main.Driver.WebDriverFactory - Killing driver 
293  [main] INFO  test.java.LogTest - >>>>>>>>>>>>>>>>>>>>>>>>>>>>>>>>>>>>>class test.java.PasswordRecoverTest<<<<<<<<<<<<<<<<<<<<<<<<<<<<<<<<<<<<<<<
349  [main] DEBUG main.Driver.WebDriverFactory - Requested driver: Capabilities [{firefox_profile=org.openqa.selenium.firefox.FirefoxProfile@49fe5446, browserName=firefox, proxy=org.openqa.selenium.Proxy@584ee59d}]:null
2649 [main] INFO  m.Driver.MyWebDriverEventListener - WebDriver navigating to:'https://plush.com.ua/'
10402 [main] INFO  m.Driver.MyWebDriverEventListener - WebDriver navigating to:'https://testun.com.ua/sys/sys/test_cookie_key'
10427 [main] INFO  m.Driver.MyWebDriverEventListener - WebDriver navigating to:'https://plush.com.ua/'
11223 [main] ERROR m.Driver.MyWebDriverEventListener - ________________________________________________________________________________________________________________
11223 [main] ERROR m.Driver.MyWebDriverEventListener - WebDriver error: Element not found By.selector: .select-lang .selected
11223 [main] ERROR m.Driver.MyWebDriverEventListener - ________________________________________________________________________________________________________________
13453 [main] DEBUG m.Driver.MyWebDriverEventListener - Webdriver will click on element tag:li /id: /text: ('English▼')
17524 [main] DEBUG m.Driver.MyWebDriverEventListener - hope Webdriver clicked on element tag:li /id: /text: ('English▼')
17593 [main] INFO  test.java.LogTest - ------------------------ true
17779 [main] DEBUG m.Driver.MyWebDriverEventListener - Webdriver will click on element tag:a /id: lang_ru/text: ('Русский')
18039 [main] DEBUG m.Driver.MyWebDriverEventListener - hope Webdriver clicked on element tag:a /id: lang_ru/text: ('Русский')
18046 [main] INFO  test.java.LogTest - ------------------------ false
19695 [main] INFO  test.java.LogTest - ------------------------ true
19721 [main] INFO  test.java.LogTest - >>>>>>>>>>>>>>>Test = validRecover()<<<<<<<<<<<<<<<
19979 [main] DEBUG m.Driver.MyWebDriverEventListener - Webdriver will click on element tag:a /id: js_header_signin/text: ('Войти')
21661 [main] DEBUG m.Driver.MyWebDriverEventListener - hope Webdriver clicked on element tag:a /id: js_header_signin/text: ('Войти')
21669 [main] INFO  test.java.LogTest - ------------------------ true
21845 [main] DEBUG m.Driver.MyWebDriverEventListener - Webdriver will click on element tag:a /id: /text: ('Забыли пароль?')
23992 [main] DEBUG m.Driver.MyWebDriverEventListener - hope Webdriver clicked on element tag:a /id: /text: ('Забыли пароль?')
24145 [main] DEBUG m.Driver.MyWebDriverEventListener - WebDriver changing value in element found By.id: recover_email from 'tag:input /id: recover_email/text: ('')
25010 [main] DEBUG m.Driver.MyWebDriverEventListener - WebDriver changing value in element found By.id: recover_email from 'tag:input /id: recover_email/text: ('')
25248 [main] DEBUG m.Driver.MyWebDriverEventListener - Webdriver will click on element tag:input /id: /text: ('')
25613 [main] DEBUG m.Driver.MyWebDriverEventListener - hope Webdriver clicked on element tag:input /id: /text: ('')
38141 [main] INFO  m.Driver.MyWebDriverEventListener - WebDriver navigating to:'https://plush.com.ua/login/recover_finish/15078/a9ade46d8217e55620955bacc115ffd8442d0240/37e592f258df1d171c56d38fbe8524532ff39373'
44523 [main] INFO  m.Driver.MyWebDriverEventListener - WebDriver navigating to:'https://plush.com.ua/login/recover_finish/15078/a9ade46d8217e55620955bacc115ffd8442d0240/37e592f258df1d171c56d38fbe8524532ff39373'
56129 [main] ERROR m.Driver.MyWebDriverEventListener - ________________________________________________________________________________________________________________
56129 [main] ERROR m.Driver.MyWebDriverEventListener - WebDriver error: Element not found By.xpath: //*[@id='js_recover_popup']//div[@class='popup__title text__h2']
56129 [main] ERROR m.Driver.MyWebDriverEventListener - ________________________________________________________________________________________________________________
56144 [main] INFO  test.java.LogTest - >>>>>>>>>>@AfterMethod<<<<<<<<<
59270 [Thread-2] DEBUG main.Driver.WebDriverFactory - Killing driver 
289  [main] INFO  test.java.LogTest - >>>>>>>>>>>>>>>>>>>>>>>>>>>>>>>>>>>>>class test.java.PasswordRecoverTest<<<<<<<<<<<<<<<<<<<<<<<<<<<<<<<<<<<<<<<
346  [main] DEBUG main.Driver.WebDriverFactory - Requested driver: Capabilities [{firefox_profile=org.openqa.selenium.firefox.FirefoxProfile@49fe5446, browserName=firefox, proxy=org.openqa.selenium.Proxy@584ee59d}]:null
2756 [main] INFO  m.Driver.MyWebDriverEventListener - WebDriver navigating to:'https://plush.com.ua/'
11644 [main] INFO  m.Driver.MyWebDriverEventListener - WebDriver navigating to:'https://testun.com.ua/sys/sys/test_cookie_key'
11667 [main] INFO  m.Driver.MyWebDriverEventListener - WebDriver navigating to:'https://plush.com.ua/'
12441 [main] ERROR m.Driver.MyWebDriverEventListener - ________________________________________________________________________________________________________________
12441 [main] ERROR m.Driver.MyWebDriverEventListener - WebDriver error: Element not found By.selector: .select-lang .selected
12441 [main] ERROR m.Driver.MyWebDriverEventListener - ________________________________________________________________________________________________________________
14043 [main] DEBUG m.Driver.MyWebDriverEventListener - Webdriver will click on element tag:li /id: /text: ('English▼')
18135 [main] DEBUG m.Driver.MyWebDriverEventListener - hope Webdriver clicked on element tag:li /id: /text: ('English▼')
18281 [main] INFO  test.java.LogTest - ------------------------ true
18518 [main] DEBUG m.Driver.MyWebDriverEventListener - Webdriver will click on element tag:a /id: lang_ru/text: ('Русский')
18801 [main] DEBUG m.Driver.MyWebDriverEventListener - hope Webdriver clicked on element tag:a /id: lang_ru/text: ('Русский')
18808 [main] INFO  test.java.LogTest - ------------------------ false
20421 [main] INFO  test.java.LogTest - ------------------------ true
20563 [main] INFO  test.java.LogTest - >>>>>>>>>>>>>>>Test = validRecover()<<<<<<<<<<<<<<<
20852 [main] DEBUG m.Driver.MyWebDriverEventListener - Webdriver will click on element tag:a /id: js_header_signin/text: ('Войти')
22958 [main] DEBUG m.Driver.MyWebDriverEventListener - hope Webdriver clicked on element tag:a /id: js_header_signin/text: ('Войти')
23093 [main] INFO  test.java.LogTest - ------------------------ true
23314 [main] DEBUG m.Driver.MyWebDriverEventListener - Webdriver will click on element tag:a /id: /text: ('Забыли пароль?')
25522 [main] DEBUG m.Driver.MyWebDriverEventListener - hope Webdriver clicked on element tag:a /id: /text: ('Забыли пароль?')
25687 [main] DEBUG m.Driver.MyWebDriverEventListener - WebDriver changing value in element found By.id: recover_email from 'tag:input /id: recover_email/text: ('')
26675 [main] DEBUG m.Driver.MyWebDriverEventListener - WebDriver changing value in element found By.id: recover_email from 'tag:input /id: recover_email/text: ('')
26878 [main] DEBUG m.Driver.MyWebDriverEventListener - Webdriver will click on element tag:input /id: /text: ('')
27227 [main] DEBUG m.Driver.MyWebDriverEventListener - hope Webdriver clicked on element tag:input /id: /text: ('')
43784 [main] INFO  m.Driver.MyWebDriverEventListener - WebDriver navigating to:'https://plush.com.ua/login/recover_finish/15078/a9ade46d8217e55620955bacc115ffd8442d0240/20a9acbd311b41b1e6b9a520822aebde3185e203'
49832 [main] DEBUG m.Driver.MyWebDriverEventListener - Webdriver will click on element tag:a /id: js_header_signin/text: ('Log in')
52550 [main] DEBUG m.Driver.MyWebDriverEventListener - hope Webdriver clicked on element tag:a /id: js_header_signin/text: ('Log in')
52586 [main] INFO  test.java.LogTest - ------------------------ true
52761 [main] DEBUG m.Driver.MyWebDriverEventListener - WebDriver changing value in element found By.id: login_email from 'tag:input /id: login_email/text: ('')
53619 [main] DEBUG m.Driver.MyWebDriverEventListener - WebDriver changing value in element found By.id: login_email from 'tag:input /id: login_email/text: ('')
53810 [main] DEBUG m.Driver.MyWebDriverEventListener - WebDriver changing value in element found By.id: login_password from 'tag:input /id: login_password/text: ('')
54246 [main] DEBUG m.Driver.MyWebDriverEventListener - WebDriver changing value in element found By.id: login_password from 'tag:input /id: login_password/text: ('')
54393 [main] DEBUG m.Driver.MyWebDriverEventListener - Webdriver will click on element tag:input /id: login_button/text: ('')
56675 [main] DEBUG m.Driver.MyWebDriverEventListener - hope Webdriver clicked on element tag:input /id: login_button/text: ('')
68517 [main] ERROR m.Driver.MyWebDriverEventListener - ________________________________________________________________________________________________________________
68517 [main] ERROR m.Driver.MyWebDriverEventListener - WebDriver error: Element not found By.selector: .user-big__name
68517 [main] ERROR m.Driver.MyWebDriverEventListener - ________________________________________________________________________________________________________________
73009 [main] INFO  test.java.LogTest - >>>>>>>>>>@AfterMethod<<<<<<<<<
76138 [Thread-2] DEBUG main.Driver.WebDriverFactory - Killing driver 
290  [main] INFO  test.java.LogTest - >>>>>>>>>>>>>>>>>>>>>>>>>>>>>>>>>>>>>class test.java.PasswordRecoverTest<<<<<<<<<<<<<<<<<<<<<<<<<<<<<<<<<<<<<<<
348  [main] DEBUG main.Driver.WebDriverFactory - Requested driver: Capabilities [{firefox_profile=org.openqa.selenium.firefox.FirefoxProfile@584ee59d, browserName=firefox, proxy=org.openqa.selenium.Proxy@23c4d3b6}]:null
2695 [main] INFO  m.Driver.MyWebDriverEventListener - WebDriver navigating to:'https://plush.com.ua/'
9038 [main] INFO  m.Driver.MyWebDriverEventListener - WebDriver navigating to:'https://testun.com.ua/sys/sys/test_cookie_key'
9074 [main] INFO  m.Driver.MyWebDriverEventListener - WebDriver navigating to:'https://plush.com.ua/'
12137 [main] DEBUG m.Driver.MyWebDriverEventListener - Webdriver will click on element tag:li /id: /text: ('English▼')
16442 [main] DEBUG m.Driver.MyWebDriverEventListener - hope Webdriver clicked on element tag:li /id: /text: ('English▼')
16453 [main] INFO  test.java.LogTest - ------------------------ true
16627 [main] DEBUG m.Driver.MyWebDriverEventListener - Webdriver will click on element tag:a /id: lang_ru/text: ('Русский')
16877 [main] DEBUG m.Driver.MyWebDriverEventListener - hope Webdriver clicked on element tag:a /id: lang_ru/text: ('Русский')
16890 [main] INFO  test.java.LogTest - ------------------------ false
18338 [main] INFO  test.java.LogTest - ------------------------ true
18455 [main] INFO  test.java.LogTest - >>>>>>>>>>>>>>>Test = validRecover()<<<<<<<<<<<<<<<
18730 [main] DEBUG m.Driver.MyWebDriverEventListener - Webdriver will click on element tag:a /id: js_header_signin/text: ('Войти')
20888 [main] DEBUG m.Driver.MyWebDriverEventListener - hope Webdriver clicked on element tag:a /id: js_header_signin/text: ('Войти')
20901 [main] INFO  test.java.LogTest - ------------------------ true
21072 [main] DEBUG m.Driver.MyWebDriverEventListener - Webdriver will click on element tag:a /id: /text: ('Забыли пароль?')
23250 [main] DEBUG m.Driver.MyWebDriverEventListener - hope Webdriver clicked on element tag:a /id: /text: ('Забыли пароль?')
23400 [main] DEBUG m.Driver.MyWebDriverEventListener - WebDriver changing value in element found By.id: recover_email from 'tag:input /id: recover_email/text: ('')
24351 [main] DEBUG m.Driver.MyWebDriverEventListener - WebDriver changing value in element found By.id: recover_email from 'tag:input /id: recover_email/text: ('')
24568 [main] DEBUG m.Driver.MyWebDriverEventListener - Webdriver will click on element tag:input /id: /text: ('')
24926 [main] DEBUG m.Driver.MyWebDriverEventListener - hope Webdriver clicked on element tag:input /id: /text: ('')
37687 [main] INFO  m.Driver.MyWebDriverEventListener - WebDriver navigating to:'https://plush.com.ua/login/recover_finish/15078/a9ade46d8217e55620955bacc115ffd8442d0240/1c580b0a4d521189df372979c9782555534129a9'
43837 [main] DEBUG m.Driver.MyWebDriverEventListener - Webdriver will click on element tag:a /id: js_header_signin/text: ('Log in')
46393 [main] DEBUG m.Driver.MyWebDriverEventListener - hope Webdriver clicked on element tag:a /id: js_header_signin/text: ('Log in')
46426 [main] INFO  test.java.LogTest - ------------------------ true
46568 [main] DEBUG m.Driver.MyWebDriverEventListener - WebDriver changing value in element found By.id: login_email from 'tag:input /id: login_email/text: ('')
47432 [main] DEBUG m.Driver.MyWebDriverEventListener - WebDriver changing value in element found By.id: login_email from 'tag:input /id: login_email/text: ('')
47573 [main] DEBUG m.Driver.MyWebDriverEventListener - WebDriver changing value in element found By.id: login_password from 'tag:input /id: login_password/text: ('')
47989 [main] DEBUG m.Driver.MyWebDriverEventListener - WebDriver changing value in element found By.id: login_password from 'tag:input /id: login_password/text: ('')
48123 [main] DEBUG m.Driver.MyWebDriverEventListener - Webdriver will click on element tag:input /id: login_button/text: ('')
50341 [main] DEBUG m.Driver.MyWebDriverEventListener - hope Webdriver clicked on element tag:input /id: login_button/text: ('')
63054 [main] INFO  test.java.LogTest - >>>>>>>>>>@AfterMethod<<<<<<<<<
66179 [Thread-2] DEBUG main.Driver.WebDriverFactory - Killing driver 
290  [main] INFO  test.java.LogTest - >>>>>>>>>>>>>>>>>>>>>>>>>>>>>>>>>>>>>class test.java.PasswordRecoverTest<<<<<<<<<<<<<<<<<<<<<<<<<<<<<<<<<<<<<<<
349  [main] DEBUG main.Driver.WebDriverFactory - Requested driver: Capabilities [{firefox_profile=org.openqa.selenium.firefox.FirefoxProfile@4f276412, browserName=firefox, proxy=org.openqa.selenium.Proxy@231b0257}]:null
2734 [main] INFO  m.Driver.MyWebDriverEventListener - WebDriver navigating to:'https://tutorsband.com/'
10666 [main] INFO  m.Driver.MyWebDriverEventListener - WebDriver navigating to:'https://testun.com.ua/sys/sys/test_cookie_key'
10755 [main] INFO  m.Driver.MyWebDriverEventListener - WebDriver navigating to:'https://tutorsband.com/'
11524 [main] ERROR m.Driver.MyWebDriverEventListener - ________________________________________________________________________________________________________________
11524 [main] ERROR m.Driver.MyWebDriverEventListener - WebDriver error: Element not found By.selector: .select-lang .selected
11524 [main] ERROR m.Driver.MyWebDriverEventListener - ________________________________________________________________________________________________________________
13284 [main] DEBUG m.Driver.MyWebDriverEventListener - Webdriver will click on element tag:li /id: /text: ('English▼')
17850 [main] DEBUG m.Driver.MyWebDriverEventListener - hope Webdriver clicked on element tag:li /id: /text: ('English▼')
17867 [main] INFO  test.java.LogTest - ------------------------ true
18014 [main] DEBUG m.Driver.MyWebDriverEventListener - Webdriver will click on element tag:a /id: lang_ru/text: ('Русский')
18325 [main] DEBUG m.Driver.MyWebDriverEventListener - hope Webdriver clicked on element tag:a /id: lang_ru/text: ('Русский')
19491 [main] INFO  test.java.LogTest - ------------------------ true
20052 [main] INFO  test.java.LogTest - >>>>>>>>>>>>>>>Test = validRecover()<<<<<<<<<<<<<<<
20379 [main] DEBUG m.Driver.MyWebDriverEventListener - Webdriver will click on element tag:a /id: js_header_signin/text: ('Войти')
22635 [main] DEBUG m.Driver.MyWebDriverEventListener - hope Webdriver clicked on element tag:a /id: js_header_signin/text: ('Войти')
22855 [main] INFO  test.java.LogTest - ------------------------ true
23023 [main] DEBUG m.Driver.MyWebDriverEventListener - Webdriver will click on element tag:a /id: /text: ('Забыли пароль?')
25296 [main] DEBUG m.Driver.MyWebDriverEventListener - hope Webdriver clicked on element tag:a /id: /text: ('Забыли пароль?')
25568 [main] DEBUG m.Driver.MyWebDriverEventListener - WebDriver changing value in element found By.id: recover_email from 'tag:input /id: recover_email/text: ('')
26479 [main] DEBUG m.Driver.MyWebDriverEventListener - WebDriver changing value in element found By.id: recover_email from 'tag:input /id: recover_email/text: ('')
26703 [main] DEBUG m.Driver.MyWebDriverEventListener - Webdriver will click on element tag:input /id: /text: ('')
27056 [main] DEBUG m.Driver.MyWebDriverEventListener - hope Webdriver clicked on element tag:input /id: /text: ('')
40126 [main] INFO  m.Driver.MyWebDriverEventListener - WebDriver navigating to:'https://tutorsband.com/login/recover_finish/15078/a9ade46d8217e55620955bacc115ffd8442d0240/cc7c12dc3e19396654b317b15737f7bba28551d0'
47529 [main] DEBUG m.Driver.MyWebDriverEventListener - Webdriver will click on element tag:a /id: js_header_signin/text: ('Log in')
50304 [main] DEBUG m.Driver.MyWebDriverEventListener - hope Webdriver clicked on element tag:a /id: js_header_signin/text: ('Log in')
50315 [main] INFO  test.java.LogTest - ------------------------ true
50510 [main] DEBUG m.Driver.MyWebDriverEventListener - WebDriver changing value in element found By.id: login_email from 'tag:input /id: login_email/text: ('')
51394 [main] DEBUG m.Driver.MyWebDriverEventListener - WebDriver changing value in element found By.id: login_email from 'tag:input /id: login_email/text: ('')
51572 [main] DEBUG m.Driver.MyWebDriverEventListener - WebDriver changing value in element found By.id: login_password from 'tag:input /id: login_password/text: ('')
51962 [main] DEBUG m.Driver.MyWebDriverEventListener - WebDriver changing value in element found By.id: login_password from 'tag:input /id: login_password/text: ('')
52099 [main] DEBUG m.Driver.MyWebDriverEventListener - Webdriver will click on element tag:input /id: login_button/text: ('')
54463 [main] DEBUG m.Driver.MyWebDriverEventListener - hope Webdriver clicked on element tag:input /id: login_button/text: ('')
65476 [main] INFO  test.java.LogTest - >>>>>>>>>>@AfterMethod<<<<<<<<<
68609 [Thread-2] DEBUG main.Driver.WebDriverFactory - Killing driver 
70752 [Thread-2] ERROR m.Driver.MyWebDriverEventListener - ________________________________________________________________________________________________________________
70757 [Thread-2] ERROR m.Driver.MyWebDriverEventListener - WebDriver error:
org.openqa.selenium.remote.UnreachableBrowserException: Error communicating with the remote browser. It may have died.
Build info: version: '2.33.0', revision: '4e90c97', time: '2013-05-22 15:32:38'
System info: os.name: 'Linux', os.arch: 'amd64', os.version: '3.2.0-23-generic', java.version: '1.7.0_25'
Driver info: driver.version: EventFiringWebDriver
	at org.openqa.selenium.remote.RemoteWebDriver.execute(RemoteWebDriver.java:548) ~[selenium-server-standalone-2.33.0.jar:na]
	at org.openqa.selenium.remote.RemoteWebDriver.execute(RemoteWebDriver.java:569) ~[selenium-server-standalone-2.33.0.jar:na]
	at org.openqa.selenium.remote.RemoteWebDriver.quit(RemoteWebDriver.java:423) ~[selenium-server-standalone-2.33.0.jar:na]
	at sun.reflect.NativeMethodAccessorImpl.invoke0(Native Method) ~[na:1.7.0_25]
	at sun.reflect.NativeMethodAccessorImpl.invoke(NativeMethodAccessorImpl.java:57) ~[na:1.7.0_25]
	at sun.reflect.DelegatingMethodAccessorImpl.invoke(DelegatingMethodAccessorImpl.java:43) ~[na:1.7.0_25]
	at java.lang.reflect.Method.invoke(Method.java:606) ~[na:1.7.0_25]
	at org.openqa.selenium.support.events.EventFiringWebDriver$2.invoke(EventFiringWebDriver.java:101) ~[selenium-server-standalone-2.33.0.jar:na]
	at com.sun.proxy.$Proxy8.quit(Unknown Source) ~[na:na]
	at org.openqa.selenium.support.events.EventFiringWebDriver.quit(EventFiringWebDriver.java:194) ~[selenium-server-standalone-2.33.0.jar:na]
	at main.Driver.WebDriverFactory.dismissDriver(WebDriverFactory.java:99) ~[classes/:na]
	at main.Driver.WebDriverFactory$1.run(WebDriverFactory.java:163) [classes/:na]
Caused by: org.apache.http.NoHttpResponseException: The target server failed to respond
	at org.apache.http.impl.conn.DefaultHttpResponseParser.parseHead(DefaultHttpResponseParser.java:95) ~[selenium-server-standalone-2.33.0.jar:na]
	at org.apache.http.impl.conn.DefaultHttpResponseParser.parseHead(DefaultHttpResponseParser.java:62) ~[selenium-server-standalone-2.33.0.jar:na]
	at org.apache.http.impl.io.AbstractMessageParser.parse(AbstractMessageParser.java:254) ~[selenium-server-standalone-2.33.0.jar:na]
	at org.apache.http.impl.AbstractHttpClientConnection.receiveResponseHeader(AbstractHttpClientConnection.java:289) ~[selenium-server-standalone-2.33.0.jar:na]
	at org.apache.http.impl.conn.DefaultClientConnection.receiveResponseHeader(DefaultClientConnection.java:252) ~[selenium-server-standalone-2.33.0.jar:na]
	at org.apache.http.impl.conn.AbstractClientConnAdapter.receiveResponseHeader(AbstractClientConnAdapter.java:219) ~[selenium-server-standalone-2.33.0.jar:na]
	at org.apache.http.protocol.HttpRequestExecutor.doReceiveResponse(HttpRequestExecutor.java:300) ~[selenium-server-standalone-2.33.0.jar:na]
	at org.apache.http.protocol.HttpRequestExecutor.execute(HttpRequestExecutor.java:127) ~[selenium-server-standalone-2.33.0.jar:na]
	at org.apache.http.impl.client.DefaultRequestDirector.tryExecute(DefaultRequestDirector.java:712) ~[selenium-server-standalone-2.33.0.jar:na]
	at org.apache.http.impl.client.DefaultRequestDirector.execute(DefaultRequestDirector.java:517) ~[selenium-server-standalone-2.33.0.jar:na]
	at org.apache.http.impl.client.AbstractHttpClient.execute(AbstractHttpClient.java:906) ~[selenium-server-standalone-2.33.0.jar:na]
	at org.openqa.selenium.remote.HttpCommandExecutor.fallBackExecute(HttpCommandExecutor.java:334) ~[selenium-server-standalone-2.33.0.jar:na]
	at org.openqa.selenium.remote.HttpCommandExecutor.execute(HttpCommandExecutor.java:295) ~[selenium-server-standalone-2.33.0.jar:na]
	at org.openqa.selenium.firefox.internal.NewProfileExtensionConnection.execute(NewProfileExtensionConnection.java:133) ~[selenium-server-standalone-2.33.0.jar:na]
	at org.openqa.selenium.firefox.FirefoxDriver$LazyCommandExecutor.execute(FirefoxDriver.java:355) ~[selenium-server-standalone-2.33.0.jar:na]
	at org.openqa.selenium.remote.RemoteWebDriver.execute(RemoteWebDriver.java:527) ~[selenium-server-standalone-2.33.0.jar:na]
	... 11 common frames omitted
70757 [Thread-2] ERROR m.Driver.MyWebDriverEventListener - ________________________________________________________________________________________________________________
70758 [Thread-2] WARN  main.Driver.WebDriverFactory - Driver killing error
org.openqa.selenium.remote.SessionNotFoundException: The FirefoxDriver cannot be used after quit() was called.
Build info: version: '2.33.0', revision: '4e90c97', time: '2013-05-22 15:32:38'
System info: os.name: 'Linux', os.arch: 'amd64', os.version: '3.2.0-23-generic', java.version: '1.7.0_25'
Driver info: driver.version: EventFiringWebDriver
	at org.openqa.selenium.firefox.FirefoxDriver$LazyCommandExecutor.execute(FirefoxDriver.java:352) ~[selenium-server-standalone-2.33.0.jar:na]
	at org.openqa.selenium.remote.RemoteWebDriver.execute(RemoteWebDriver.java:527) ~[selenium-server-standalone-2.33.0.jar:na]
	at org.openqa.selenium.remote.RemoteWebDriver.executeScript(RemoteWebDriver.java:463) ~[selenium-server-standalone-2.33.0.jar:na]
	at main.Driver.MyWebDriverEventListener.onException(MyWebDriverEventListener.java:66) ~[classes/:na]
	at sun.reflect.NativeMethodAccessorImpl.invoke0(Native Method) ~[na:1.7.0_25]
	at sun.reflect.NativeMethodAccessorImpl.invoke(NativeMethodAccessorImpl.java:57) ~[na:1.7.0_25]
	at sun.reflect.DelegatingMethodAccessorImpl.invoke(DelegatingMethodAccessorImpl.java:43) ~[na:1.7.0_25]
	at java.lang.reflect.Method.invoke(Method.java:606) ~[na:1.7.0_25]
	at org.openqa.selenium.support.events.EventFiringWebDriver$1.invoke(EventFiringWebDriver.java:78) ~[selenium-server-standalone-2.33.0.jar:na]
	at com.sun.proxy.$Proxy7.onException(Unknown Source) ~[na:na]
	at org.openqa.selenium.support.events.EventFiringWebDriver$2.invoke(EventFiringWebDriver.java:103) ~[selenium-server-standalone-2.33.0.jar:na]
	at com.sun.proxy.$Proxy8.quit(Unknown Source) ~[na:na]
	at org.openqa.selenium.support.events.EventFiringWebDriver.quit(EventFiringWebDriver.java:194) ~[selenium-server-standalone-2.33.0.jar:na]
	at main.Driver.WebDriverFactory.dismissDriver(WebDriverFactory.java:99) ~[classes/:na]
	at main.Driver.WebDriverFactory$1.run(WebDriverFactory.java:163) ~[classes/:na]
